[0.018s] Invoking command in '/home/eeavir/drone_ws/build/tello_driver': CMAKE_PREFIX_PATH=/home/eeavir/drone_ws/install/tello_msgs:/home/eeavir/drone_ws/install/ros2_shared:/home/eeavir/drone_ws/install/tello_gazebo:/home/eeavir/drone_ws/install/tello_driver:/home/eeavir/drone_ws/install/tello_description:/home/eeavir/drone_ws/install/drone_image_viewer:/opt/ros/galactic LD_LIBRARY_PATH=/home/eeavir/drone_ws/install/tello_msgs/lib:/home/eeavir/drone_ws/install/tello_gazebo/lib:/home/eeavir/drone_ws/install/tello_driver/lib:/usr/lib/x86_64-linux-gnu/gazebo-11/plugins:/opt/ros/galactic/opt/yaml_cpp_vendor/lib:/opt/ros/galactic/opt/rviz_ogre_vendor/lib:/opt/ros/galactic/lib/x86_64-linux-gnu:/opt/ros/galactic/lib:/usr/lib/x86_64-linux-gnu/gazebo-11/plugins PYTHONPATH=/home/eeavir/drone_ws/install/tello_msgs/lib/python3.8/site-packages:/home/eeavir/drone_ws/install/drone_image_viewer/lib/python3.8/site-packages:/opt/ros/galactic/lib/python3.8/site-packages /usr/bin/cmake /home/eeavir/drone_ws/src/drone_racing_ros2/tello_ros/tello_driver -DCMAKE_INSTALL_PREFIX=/home/eeavir/drone_ws/install/tello_driver
[0.081s] -- The C compiler identification is GNU 9.4.0
[0.142s] -- The CXX compiler identification is GNU 9.4.0
[0.146s] -- Check for working C compiler: /usr/bin/cc
[0.215s] -- Check for working C compiler: /usr/bin/cc -- works
[0.217s] -- Detecting C compiler ABI info
[0.283s] -- Detecting C compiler ABI info - done
[0.296s] -- Detecting C compile features
[0.296s] -- Detecting C compile features - done
[0.299s] -- Check for working CXX compiler: /usr/bin/c++
[0.379s] -- Check for working CXX compiler: /usr/bin/c++ -- works
[0.380s] -- Detecting CXX compiler ABI info
[0.459s] -- Detecting CXX compiler ABI info - done
[0.467s] -- Detecting CXX compile features
[0.468s] -- Detecting CXX compile features - done
[0.470s] -- Found ament_cmake: 1.1.6 (/opt/ros/galactic/share/ament_cmake/cmake)
[0.495s] -- Found PythonInterp: /usr/bin/python3 (found suitable version "3.8.10", minimum required is "3") 
[0.496s] -- Using PYTHON_EXECUTABLE: /usr/bin/python3
[0.573s] -- Found camera_calibration_parsers: 2.5.1 (/opt/ros/galactic/share/camera_calibration_parsers/cmake)
[0.621s] -- Using all available rosidl_typesupport_c: rosidl_typesupport_fastrtps_c;rosidl_typesupport_introspection_c
[0.626s] -- Found rosidl_adapter: 2.2.3 (/opt/ros/galactic/share/rosidl_adapter/cmake)
[0.713s] -- Found OpenSSL: /usr/lib/x86_64-linux-gnu/libcrypto.so (found version "1.1.1f")  
[0.740s] -- Found FastRTPS: /opt/ros/galactic/include  
[0.813s] -- Using all available rosidl_typesupport_cpp: rosidl_typesupport_fastrtps_cpp;rosidl_typesupport_introspection_cpp
[0.865s] -- Found rmw_implementation_cmake: 3.3.1 (/opt/ros/galactic/share/rmw_implementation_cmake/cmake)
[0.867s] -- Found rmw_cyclonedds_cpp: 0.22.6 (/opt/ros/galactic/share/rmw_cyclonedds_cpp/cmake)
[0.888s] -- Using RMW implementation 'rmw_cyclonedds_cpp' as default
[0.889s] -- Looking for pthread.h
[0.958s] -- Looking for pthread.h - found
[0.958s] -- Performing Test CMAKE_HAVE_LIBC_PTHREAD
[1.030s] -- Performing Test CMAKE_HAVE_LIBC_PTHREAD - Failed
[1.030s] -- Looking for pthread_create in pthreads
[1.089s] -- Looking for pthread_create in pthreads - not found
[1.089s] -- Looking for pthread_create in pthread
[1.158s] -- Looking for pthread_create in pthread - found
[1.159s] -- Found Threads: TRUE  
[1.440s] -- Setting yaml-cpp_DIR to: '/opt/ros/galactic/share/yaml_cpp_vendor/cmake/../../../opt/yaml_cpp_vendor/lib/cmake/yaml-cpp'
[1.445s] -- Found class_loader: 2.1.2 (/opt/ros/galactic/share/class_loader/cmake)
[1.450s] -- Found cv_bridge: 3.1.3 (/opt/ros/galactic/share/cv_bridge/cmake)
[1.480s] -- Found OpenCV: /usr (found version "4.2.0") 
[1.482s] -- Found rclcpp_components: 9.2.2 (/opt/ros/galactic/share/rclcpp_components/cmake)
[1.526s] -- Found ros2_shared: 0.1.0 (/home/eeavir/drone_ws/install/ros2_shared/share/ros2_shared/cmake)
[1.528s] -- Found tello_msgs: 0.1.0 (/home/eeavir/drone_ws/install/tello_msgs/share/tello_msgs/cmake)
[1.726s] -- Configuring done
[1.774s] -- Generating done
[1.810s] -- Build files have been written to: /home/eeavir/drone_ws/build/tello_driver
[1.819s] Invoked command in '/home/eeavir/drone_ws/build/tello_driver' returned '0': CMAKE_PREFIX_PATH=/home/eeavir/drone_ws/install/tello_msgs:/home/eeavir/drone_ws/install/ros2_shared:/home/eeavir/drone_ws/install/tello_gazebo:/home/eeavir/drone_ws/install/tello_driver:/home/eeavir/drone_ws/install/tello_description:/home/eeavir/drone_ws/install/drone_image_viewer:/opt/ros/galactic LD_LIBRARY_PATH=/home/eeavir/drone_ws/install/tello_msgs/lib:/home/eeavir/drone_ws/install/tello_gazebo/lib:/home/eeavir/drone_ws/install/tello_driver/lib:/usr/lib/x86_64-linux-gnu/gazebo-11/plugins:/opt/ros/galactic/opt/yaml_cpp_vendor/lib:/opt/ros/galactic/opt/rviz_ogre_vendor/lib:/opt/ros/galactic/lib/x86_64-linux-gnu:/opt/ros/galactic/lib:/usr/lib/x86_64-linux-gnu/gazebo-11/plugins PYTHONPATH=/home/eeavir/drone_ws/install/tello_msgs/lib/python3.8/site-packages:/home/eeavir/drone_ws/install/drone_image_viewer/lib/python3.8/site-packages:/opt/ros/galactic/lib/python3.8/site-packages /usr/bin/cmake /home/eeavir/drone_ws/src/drone_racing_ros2/tello_ros/tello_driver -DCMAKE_INSTALL_PREFIX=/home/eeavir/drone_ws/install/tello_driver
[1.823s] Invoking command in '/home/eeavir/drone_ws/build/tello_driver': CMAKE_PREFIX_PATH=/home/eeavir/drone_ws/install/tello_msgs:/home/eeavir/drone_ws/install/ros2_shared:/home/eeavir/drone_ws/install/tello_gazebo:/home/eeavir/drone_ws/install/tello_driver:/home/eeavir/drone_ws/install/tello_description:/home/eeavir/drone_ws/install/drone_image_viewer:/opt/ros/galactic LD_LIBRARY_PATH=/home/eeavir/drone_ws/install/tello_msgs/lib:/home/eeavir/drone_ws/install/tello_gazebo/lib:/home/eeavir/drone_ws/install/tello_driver/lib:/usr/lib/x86_64-linux-gnu/gazebo-11/plugins:/opt/ros/galactic/opt/yaml_cpp_vendor/lib:/opt/ros/galactic/opt/rviz_ogre_vendor/lib:/opt/ros/galactic/lib/x86_64-linux-gnu:/opt/ros/galactic/lib:/usr/lib/x86_64-linux-gnu/gazebo-11/plugins PYTHONPATH=/home/eeavir/drone_ws/install/tello_msgs/lib/python3.8/site-packages:/home/eeavir/drone_ws/install/drone_image_viewer/lib/python3.8/site-packages:/opt/ros/galactic/lib/python3.8/site-packages /usr/bin/cmake --build /home/eeavir/drone_ws/build/tello_driver -- -j8 -l8
[1.867s] [35m[1mScanning dependencies of target tello_emulator[0m
[1.867s] [35m[1mScanning dependencies of target tello_driver_main[0m
[1.867s] [35m[1mScanning dependencies of target tello_driver_node[0m
[1.868s] [35m[1mScanning dependencies of target tello_joy_main[0m
[1.869s] [35m[1mScanning dependencies of target tello_joy_node[0m
[1.885s] [  4%] [32mBuilding CXX object CMakeFiles/tello_emulator.dir/src/tello_emulator.cpp.o[0m
[1.927s] [  9%] [32mBuilding CXX object CMakeFiles/tello_joy_main.dir/src/tello_joy_main.cpp.o[0m
[1.928s] [ 13%] [32mBuilding CXX object CMakeFiles/tello_joy_node.dir/src/tello_joy_node.cpp.o[0m
[1.929s] [ 18%] [32mBuilding CXX object CMakeFiles/tello_joy_main.dir/src/tello_joy_node.cpp.o[0m
[1.983s] [ 22%] [32mBuilding CXX object CMakeFiles/tello_driver_node.dir/src/tello_driver_node.cpp.o[0m
[1.985s] [ 27%] [32mBuilding CXX object CMakeFiles/tello_driver_node.dir/src/tello_socket.cpp.o[0m
[1.989s] [ 31%] [32mBuilding CXX object CMakeFiles/tello_driver_main.dir/src/tello_driver_main.cpp.o[0m
[2.000s] [ 36%] [32mBuilding CXX object CMakeFiles/tello_driver_main.dir/src/tello_driver_node.cpp.o[0m
[3.873s] [ 40%] [32m[1mLinking CXX executable tello_emulator[0m
[4.038s] [ 40%] Built target tello_emulator
[4.048s] [ 45%] [32mBuilding CXX object CMakeFiles/tello_driver_main.dir/src/tello_socket.cpp.o[0m
[6.463s] [ 50%] [32mBuilding CXX object CMakeFiles/tello_driver_main.dir/src/command_socket.cpp.o[0m
[7.240s] [ 54%] [32mBuilding CXX object CMakeFiles/tello_driver_main.dir/src/state_socket.cpp.o[0m
[8.791s] [ 59%] [32mBuilding CXX object CMakeFiles/tello_driver_node.dir/src/command_socket.cpp.o[0m
[9.557s] [ 63%] [32mBuilding CXX object CMakeFiles/tello_driver_main.dir/src/video_socket.cpp.o[0m
[13.830s] [ 68%] [32mBuilding CXX object CMakeFiles/tello_driver_main.dir/h264decoder/h264decoder.cpp.o[0m
[14.415s] [ 72%] [32mBuilding CXX object CMakeFiles/tello_driver_node.dir/src/state_socket.cpp.o[0m
[16.069s] [ 77%] [32mBuilding CXX object CMakeFiles/tello_driver_node.dir/src/video_socket.cpp.o[0m
[16.106s] [ 81%] [32m[1mLinking CXX shared library libtello_joy_node.so[0m
[17.046s] [ 86%] [32m[1mLinking CXX executable tello_joy_main[0m
[17.222s] [ 86%] Built target tello_joy_node
[17.273s] [ 90%] [32mBuilding CXX object CMakeFiles/tello_driver_node.dir/h264decoder/h264decoder.cpp.o[0m
[17.899s] [ 90%] Built target tello_joy_main
[19.562s] [ 95%] [32m[1mLinking CXX executable tello_driver_main[0m
[21.847s] [ 95%] Built target tello_driver_main
[23.361s] [100%] [32m[1mLinking CXX shared library libtello_driver_node.so[0m
[24.518s] [100%] Built target tello_driver_node
[24.528s] Invoked command in '/home/eeavir/drone_ws/build/tello_driver' returned '0': CMAKE_PREFIX_PATH=/home/eeavir/drone_ws/install/tello_msgs:/home/eeavir/drone_ws/install/ros2_shared:/home/eeavir/drone_ws/install/tello_gazebo:/home/eeavir/drone_ws/install/tello_driver:/home/eeavir/drone_ws/install/tello_description:/home/eeavir/drone_ws/install/drone_image_viewer:/opt/ros/galactic LD_LIBRARY_PATH=/home/eeavir/drone_ws/install/tello_msgs/lib:/home/eeavir/drone_ws/install/tello_gazebo/lib:/home/eeavir/drone_ws/install/tello_driver/lib:/usr/lib/x86_64-linux-gnu/gazebo-11/plugins:/opt/ros/galactic/opt/yaml_cpp_vendor/lib:/opt/ros/galactic/opt/rviz_ogre_vendor/lib:/opt/ros/galactic/lib/x86_64-linux-gnu:/opt/ros/galactic/lib:/usr/lib/x86_64-linux-gnu/gazebo-11/plugins PYTHONPATH=/home/eeavir/drone_ws/install/tello_msgs/lib/python3.8/site-packages:/home/eeavir/drone_ws/install/drone_image_viewer/lib/python3.8/site-packages:/opt/ros/galactic/lib/python3.8/site-packages /usr/bin/cmake --build /home/eeavir/drone_ws/build/tello_driver -- -j8 -l8
[24.530s] Invoking command in '/home/eeavir/drone_ws/build/tello_driver': CMAKE_PREFIX_PATH=/home/eeavir/drone_ws/install/tello_msgs:/home/eeavir/drone_ws/install/ros2_shared:/home/eeavir/drone_ws/install/tello_gazebo:/home/eeavir/drone_ws/install/tello_driver:/home/eeavir/drone_ws/install/tello_description:/home/eeavir/drone_ws/install/drone_image_viewer:/opt/ros/galactic LD_LIBRARY_PATH=/home/eeavir/drone_ws/install/tello_msgs/lib:/home/eeavir/drone_ws/install/tello_gazebo/lib:/home/eeavir/drone_ws/install/tello_driver/lib:/usr/lib/x86_64-linux-gnu/gazebo-11/plugins:/opt/ros/galactic/opt/yaml_cpp_vendor/lib:/opt/ros/galactic/opt/rviz_ogre_vendor/lib:/opt/ros/galactic/lib/x86_64-linux-gnu:/opt/ros/galactic/lib:/usr/lib/x86_64-linux-gnu/gazebo-11/plugins PYTHONPATH=/home/eeavir/drone_ws/install/tello_msgs/lib/python3.8/site-packages:/home/eeavir/drone_ws/install/drone_image_viewer/lib/python3.8/site-packages:/opt/ros/galactic/lib/python3.8/site-packages /usr/bin/cmake --install /home/eeavir/drone_ws/build/tello_driver
[24.541s] -- Install configuration: ""
[24.541s] -- Installing: /home/eeavir/drone_ws/install/tello_driver/share/tello_driver/environment/library_path.sh
[24.541s] -- Installing: /home/eeavir/drone_ws/install/tello_driver/share/tello_driver/environment/library_path.dsv
[24.541s] -- Installing: /home/eeavir/drone_ws/install/tello_driver/lib/libtello_driver_node.so
[24.547s] -- Set runtime path of "/home/eeavir/drone_ws/install/tello_driver/lib/libtello_driver_node.so" to ""
[24.548s] -- Installing: /home/eeavir/drone_ws/install/tello_driver/lib/libtello_joy_node.so
[24.553s] -- Set runtime path of "/home/eeavir/drone_ws/install/tello_driver/lib/libtello_joy_node.so" to ""
[24.553s] -- Installing: /home/eeavir/drone_ws/install/tello_driver/lib/tello_driver/tello_driver_main
[24.556s] -- Set runtime path of "/home/eeavir/drone_ws/install/tello_driver/lib/tello_driver/tello_driver_main" to ""
[24.556s] -- Installing: /home/eeavir/drone_ws/install/tello_driver/lib/tello_driver/tello_joy_main
[24.558s] -- Set runtime path of "/home/eeavir/drone_ws/install/tello_driver/lib/tello_driver/tello_joy_main" to ""
[24.559s] -- Installing: /home/eeavir/drone_ws/install/tello_driver/lib/tello_driver/tello_emulator
[24.559s] -- Installing: /home/eeavir/drone_ws/install/tello_driver/share/tello_driver/cfg
[24.559s] -- Installing: /home/eeavir/drone_ws/install/tello_driver/share/tello_driver/cfg/camera_info.yaml
[24.559s] -- Installing: /home/eeavir/drone_ws/install/tello_driver/share/tello_driver/launch
[24.559s] -- Installing: /home/eeavir/drone_ws/install/tello_driver/share/tello_driver/launch/emulators_launch.py
[24.559s] -- Installing: /home/eeavir/drone_ws/install/tello_driver/share/tello_driver/launch/emulator_launch.py
[24.559s] -- Installing: /home/eeavir/drone_ws/install/tello_driver/share/tello_driver/launch/teleop_launch.py
[24.559s] -- Installing: /home/eeavir/drone_ws/install/tello_driver/share/ament_index/resource_index/package_run_dependencies/tello_driver
[24.559s] -- Installing: /home/eeavir/drone_ws/install/tello_driver/share/ament_index/resource_index/parent_prefix_path/tello_driver
[24.560s] -- Installing: /home/eeavir/drone_ws/install/tello_driver/share/tello_driver/environment/ament_prefix_path.sh
[24.560s] -- Installing: /home/eeavir/drone_ws/install/tello_driver/share/tello_driver/environment/ament_prefix_path.dsv
[24.560s] -- Installing: /home/eeavir/drone_ws/install/tello_driver/share/tello_driver/environment/path.sh
[24.560s] -- Installing: /home/eeavir/drone_ws/install/tello_driver/share/tello_driver/environment/path.dsv
[24.560s] -- Installing: /home/eeavir/drone_ws/install/tello_driver/share/tello_driver/local_setup.bash
[24.560s] -- Installing: /home/eeavir/drone_ws/install/tello_driver/share/tello_driver/local_setup.sh
[24.560s] -- Installing: /home/eeavir/drone_ws/install/tello_driver/share/tello_driver/local_setup.zsh
[24.561s] -- Installing: /home/eeavir/drone_ws/install/tello_driver/share/tello_driver/local_setup.dsv
[24.561s] -- Installing: /home/eeavir/drone_ws/install/tello_driver/share/tello_driver/package.dsv
[24.561s] -- Installing: /home/eeavir/drone_ws/install/tello_driver/share/ament_index/resource_index/packages/tello_driver
[24.561s] -- Installing: /home/eeavir/drone_ws/install/tello_driver/share/ament_index/resource_index/rclcpp_components/tello_driver
[24.561s] -- Installing: /home/eeavir/drone_ws/install/tello_driver/share/tello_driver/cmake/tello_driverConfig.cmake
[24.561s] -- Installing: /home/eeavir/drone_ws/install/tello_driver/share/tello_driver/cmake/tello_driverConfig-version.cmake
[24.561s] -- Installing: /home/eeavir/drone_ws/install/tello_driver/share/tello_driver/package.xml
[24.565s] Invoked command in '/home/eeavir/drone_ws/build/tello_driver' returned '0': CMAKE_PREFIX_PATH=/home/eeavir/drone_ws/install/tello_msgs:/home/eeavir/drone_ws/install/ros2_shared:/home/eeavir/drone_ws/install/tello_gazebo:/home/eeavir/drone_ws/install/tello_driver:/home/eeavir/drone_ws/install/tello_description:/home/eeavir/drone_ws/install/drone_image_viewer:/opt/ros/galactic LD_LIBRARY_PATH=/home/eeavir/drone_ws/install/tello_msgs/lib:/home/eeavir/drone_ws/install/tello_gazebo/lib:/home/eeavir/drone_ws/install/tello_driver/lib:/usr/lib/x86_64-linux-gnu/gazebo-11/plugins:/opt/ros/galactic/opt/yaml_cpp_vendor/lib:/opt/ros/galactic/opt/rviz_ogre_vendor/lib:/opt/ros/galactic/lib/x86_64-linux-gnu:/opt/ros/galactic/lib:/usr/lib/x86_64-linux-gnu/gazebo-11/plugins PYTHONPATH=/home/eeavir/drone_ws/install/tello_msgs/lib/python3.8/site-packages:/home/eeavir/drone_ws/install/drone_image_viewer/lib/python3.8/site-packages:/opt/ros/galactic/lib/python3.8/site-packages /usr/bin/cmake --install /home/eeavir/drone_ws/build/tello_driver
