[0.035s] Invoking command in '/home/atte/drone_ws/build/tello_msgs': CMAKE_PREFIX_PATH=/opt/ros/galactic /usr/bin/cmake /home/atte/drone_ws/src/drone_racing_ros2/tello_ros/tello_msgs -DCMAKE_INSTALL_PREFIX=/home/atte/drone_ws/install/tello_msgs
[0.133s] -- The C compiler identification is GNU 9.4.0
[0.228s] -- The CXX compiler identification is GNU 9.4.0
[0.236s] -- Check for working C compiler: /usr/bin/cc
[0.353s] -- Check for working C compiler: /usr/bin/cc -- works
[0.355s] -- Detecting C compiler ABI info
[0.474s] -- Detecting C compiler ABI info - done
[0.498s] -- Detecting C compile features
[0.498s] -- Detecting C compile features - done
[0.503s] -- Check for working CXX compiler: /usr/bin/c++
[0.643s] -- Check for working CXX compiler: /usr/bin/c++ -- works
[0.645s] -- Detecting CXX compiler ABI info
[0.790s] -- Detecting CXX compiler ABI info - done
[0.814s] -- Detecting CXX compile features
[0.815s] -- Detecting CXX compile features - done
[0.819s] -- Found ament_cmake: 1.1.6 (/opt/ros/galactic/share/ament_cmake/cmake)
[0.861s] -- Found PythonInterp: /usr/bin/python3 (found suitable version "3.8.10", minimum required is "3") 
[0.861s] -- Using PYTHON_EXECUTABLE: /usr/bin/python3
[0.996s] -- Found rosidl_default_generators: 1.1.1 (/opt/ros/galactic/share/rosidl_default_generators/cmake)
[1.002s] -- Using all available rosidl_typesupport_c: rosidl_typesupport_fastrtps_c;rosidl_typesupport_introspection_c
[1.015s] -- Found rosidl_adapter: 2.2.3 (/opt/ros/galactic/share/rosidl_adapter/cmake)
[1.212s] -- Found OpenSSL: /usr/lib/x86_64-linux-gnu/libcrypto.so (found version "1.1.1f")  
[1.272s] -- Found FastRTPS: /opt/ros/galactic/include  
[1.422s] -- Using all available rosidl_typesupport_cpp: rosidl_typesupport_fastrtps_cpp;rosidl_typesupport_introspection_cpp
[1.469s] -- Found std_msgs: 2.2.4 (/opt/ros/galactic/share/std_msgs/cmake)
[1.555s] -- Found PythonInterp: /usr/bin/python3 (found version "3.8.10") 
[1.814s] -- Found ament_cmake_ros: 0.9.2 (/opt/ros/galactic/share/ament_cmake_ros/cmake)
[2.074s] -- Using all available rosidl_typesupport_c: rosidl_typesupport_fastrtps_c;rosidl_typesupport_introspection_c
[2.165s] -- Using all available rosidl_typesupport_cpp: rosidl_typesupport_fastrtps_cpp;rosidl_typesupport_introspection_cpp
[2.192s] -- Found PythonInterp: /usr/bin/python3 (found suitable version "3.8.10", minimum required is "3.5") 
[2.193s] -- Found python_cmake_module: 0.8.1 (/opt/ros/galactic/share/python_cmake_module/cmake)
[2.223s] -- Found PythonLibs: /usr/lib/x86_64-linux-gnu/libpython3.8.so (found suitable version "3.8.10", minimum required is "3.5") 
[2.223s] -- Using PYTHON_EXECUTABLE: /usr/bin/python3
[2.223s] -- Using PYTHON_INCLUDE_DIRS: /usr/include/python3.8
[2.223s] -- Using PYTHON_LIBRARIES: /usr/lib/x86_64-linux-gnu/libpython3.8.so
[2.248s] -- Found PythonExtra: .so  
[2.325s] -- Configuring done
[2.384s] -- Generating done
[2.402s] -- Build files have been written to: /home/atte/drone_ws/build/tello_msgs
[2.413s] Invoked command in '/home/atte/drone_ws/build/tello_msgs' returned '0': CMAKE_PREFIX_PATH=/opt/ros/galactic /usr/bin/cmake /home/atte/drone_ws/src/drone_racing_ros2/tello_ros/tello_msgs -DCMAKE_INSTALL_PREFIX=/home/atte/drone_ws/install/tello_msgs
[2.417s] Invoking command in '/home/atte/drone_ws/build/tello_msgs': CMAKE_PREFIX_PATH=/opt/ros/galactic /usr/bin/cmake --build /home/atte/drone_ws/build/tello_msgs -- -j4 -l4
[2.468s] [35m[1mScanning dependencies of target tello_msgs__cpp[0m
[2.473s] [  2%] [34m[1mGenerating C code for ROS interfaces[0m
[2.485s] [  4%] [34m[1mGenerating C++ code for ROS interfaces[0m
[3.351s] [  4%] Built target tello_msgs__cpp
[3.364s] [  6%] [34m[1mGenerating C++ type support dispatch for ROS interfaces[0m
[3.819s] [35m[1mScanning dependencies of target tello_msgs__rosidl_generator_c[0m
[3.844s] [  8%] [32mBuilding C object CMakeFiles/tello_msgs__rosidl_generator_c.dir/rosidl_generator_c/tello_msgs/msg/detail/flight_data__functions.c.o[0m
[3.928s] [ 10%] [32mBuilding C object CMakeFiles/tello_msgs__rosidl_generator_c.dir/rosidl_generator_c/tello_msgs/msg/detail/tello_response__functions.c.o[0m
[4.003s] [ 12%] [32mBuilding C object CMakeFiles/tello_msgs__rosidl_generator_c.dir/rosidl_generator_c/tello_msgs/srv/detail/tello_action__functions.c.o[0m
[4.098s] [ 14%] [32m[1mLinking C shared library libtello_msgs__rosidl_generator_c.so[0m
[4.169s] [ 14%] Built target tello_msgs__rosidl_generator_c
[4.187s] [ 17%] [34m[1mGenerating C++ introspection for ROS interfaces[0m
[4.193s] [35m[1mScanning dependencies of target tello_msgs__rosidl_typesupport_cpp[0m
[4.218s] [ 19%] [32mBuilding CXX object CMakeFiles/tello_msgs__rosidl_typesupport_cpp.dir/rosidl_typesupport_cpp/tello_msgs/msg/flight_data__type_support.cpp.o[0m
[4.719s] [ 21%] [32mBuilding CXX object CMakeFiles/tello_msgs__rosidl_typesupport_cpp.dir/rosidl_typesupport_cpp/tello_msgs/msg/tello_response__type_support.cpp.o[0m
[5.210s] [ 23%] [32mBuilding CXX object CMakeFiles/tello_msgs__rosidl_typesupport_cpp.dir/rosidl_typesupport_cpp/tello_msgs/srv/tello_action__type_support.cpp.o[0m
[5.218s] [ 25%] [34m[1mGenerating C introspection for ROS interfaces[0m
[5.429s] [35m[1mScanning dependencies of target tello_msgs__rosidl_typesupport_introspection_cpp[0m
[5.458s] [ 27%] [32mBuilding CXX object CMakeFiles/tello_msgs__rosidl_typesupport_introspection_cpp.dir/rosidl_typesupport_introspection_cpp/tello_msgs/msg/detail/flight_data__type_support.cpp.o[0m
[5.708s] [ 29%] [32m[1mLinking CXX shared library libtello_msgs__rosidl_typesupport_cpp.so[0m
[5.792s] [ 29%] Built target tello_msgs__rosidl_typesupport_cpp
[5.814s] [ 31%] [34m[1mGenerating C++ type support for eProsima Fast-RTPS[0m
[5.833s] [ 34%] [32mBuilding CXX object CMakeFiles/tello_msgs__rosidl_typesupport_introspection_cpp.dir/rosidl_typesupport_introspection_cpp/tello_msgs/msg/detail/tello_response__type_support.cpp.o[0m
[6.188s] [ 36%] [32mBuilding CXX object CMakeFiles/tello_msgs__rosidl_typesupport_introspection_cpp.dir/rosidl_typesupport_introspection_cpp/tello_msgs/srv/detail/tello_action__type_support.cpp.o[0m
[6.727s] [ 38%] [34m[1mGenerating C type support dispatch for ROS interfaces[0m
[7.050s] [35m[1mScanning dependencies of target tello_msgs__rosidl_typesupport_introspection_c[0m
[7.136s] [ 40%] [32mBuilding C object CMakeFiles/tello_msgs__rosidl_typesupport_introspection_c.dir/rosidl_typesupport_introspection_c/tello_msgs/msg/detail/flight_data__type_support.c.o[0m
[7.217s] [ 42%] [32m[1mLinking CXX shared library libtello_msgs__rosidl_typesupport_introspection_cpp.so[0m
[7.304s] [ 44%] [32mBuilding C object CMakeFiles/tello_msgs__rosidl_typesupport_introspection_c.dir/rosidl_typesupport_introspection_c/tello_msgs/msg/detail/tello_response__type_support.c.o[0m
[7.444s] [ 46%] [32mBuilding C object CMakeFiles/tello_msgs__rosidl_typesupport_introspection_c.dir/rosidl_typesupport_introspection_c/tello_msgs/srv/detail/tello_action__type_support.c.o[0m
[7.512s] [ 46%] Built target tello_msgs__rosidl_typesupport_introspection_cpp
[7.521s] [ 48%] [32m[1mLinking C shared library libtello_msgs__rosidl_typesupport_introspection_c.so[0m
[7.585s] [ 48%] Built target tello_msgs__rosidl_typesupport_introspection_c
[7.850s] [35m[1mScanning dependencies of target tello_msgs__rosidl_typesupport_fastrtps_cpp[0m
[7.885s] [ 51%] [32mBuilding CXX object CMakeFiles/tello_msgs__rosidl_typesupport_fastrtps_cpp.dir/rosidl_typesupport_fastrtps_cpp/tello_msgs/msg/detail/dds_fastrtps/flight_data__type_support.cpp.o[0m
[8.230s] [35m[1mScanning dependencies of target tello_msgs__rosidl_typesupport_c[0m
[8.256s] [ 53%] [32mBuilding CXX object CMakeFiles/tello_msgs__rosidl_typesupport_c.dir/rosidl_typesupport_c/tello_msgs/msg/flight_data__type_support.cpp.o[0m
[8.315s] [ 55%] [32mBuilding CXX object CMakeFiles/tello_msgs__rosidl_typesupport_c.dir/rosidl_typesupport_c/tello_msgs/msg/tello_response__type_support.cpp.o[0m
[8.375s] [ 57%] [32mBuilding CXX object CMakeFiles/tello_msgs__rosidl_typesupport_c.dir/rosidl_typesupport_c/tello_msgs/srv/tello_action__type_support.cpp.o[0m
[8.437s] [ 59%] [32m[1mLinking CXX shared library libtello_msgs__rosidl_typesupport_c.so[0m
[8.520s] [ 59%] Built target tello_msgs__rosidl_typesupport_c
[8.597s] [ 61%] [32mBuilding CXX object CMakeFiles/tello_msgs__rosidl_typesupport_fastrtps_cpp.dir/rosidl_typesupport_fastrtps_cpp/tello_msgs/srv/detail/dds_fastrtps/tello_action__type_support.cpp.o[0m
[9.092s] [ 63%] [32mBuilding CXX object CMakeFiles/tello_msgs__rosidl_typesupport_fastrtps_cpp.dir/rosidl_typesupport_fastrtps_cpp/tello_msgs/msg/detail/dds_fastrtps/tello_response__type_support.cpp.o[0m
[9.614s] [ 65%] [32m[1mLinking CXX shared library libtello_msgs__rosidl_typesupport_fastrtps_cpp.so[0m
[9.753s] [ 65%] Built target tello_msgs__rosidl_typesupport_fastrtps_cpp
[9.767s] [ 68%] [34m[1mGenerating C type support for eProsima Fast-RTPS[0m
[10.638s] [35m[1mScanning dependencies of target tello_msgs__rosidl_typesupport_fastrtps_c[0m
[10.665s] [ 70%] [32mBuilding CXX object CMakeFiles/tello_msgs__rosidl_typesupport_fastrtps_c.dir/rosidl_typesupport_fastrtps_c/tello_msgs/msg/detail/flight_data__type_support_c.cpp.o[0m
[11.087s] [ 72%] [32mBuilding CXX object CMakeFiles/tello_msgs__rosidl_typesupport_fastrtps_c.dir/rosidl_typesupport_fastrtps_c/tello_msgs/srv/detail/tello_action__type_support_c.cpp.o[0m
[11.627s] [ 74%] [32mBuilding CXX object CMakeFiles/tello_msgs__rosidl_typesupport_fastrtps_c.dir/rosidl_typesupport_fastrtps_c/tello_msgs/msg/detail/tello_response__type_support_c.cpp.o[0m
[12.318s] [ 76%] [32m[1mLinking CXX shared library libtello_msgs__rosidl_typesupport_fastrtps_c.so[0m
[12.509s] [ 76%] Built target tello_msgs__rosidl_typesupport_fastrtps_c
[12.526s] [35m[1mScanning dependencies of target tello_msgs[0m
[12.546s] [ 76%] Built target tello_msgs
[12.564s] [35m[1mScanning dependencies of target tello_msgs__py[0m
[12.582s] [ 78%] [34m[1mGenerating Python code for ROS interfaces[0m
[15.482s] [ 78%] Built target tello_msgs__py
[15.501s] [35m[1mScanning dependencies of target tello_msgs__python[0m
[15.554s] [ 80%] [32mBuilding C object CMakeFiles/tello_msgs__python.dir/rosidl_generator_py/tello_msgs/msg/_flight_data_s.c.o[0m
[15.782s] [ 82%] [32mBuilding C object CMakeFiles/tello_msgs__python.dir/rosidl_generator_py/tello_msgs/srv/_tello_action_s.c.o[0m
[15.972s] [ 85%] [32mBuilding C object CMakeFiles/tello_msgs__python.dir/rosidl_generator_py/tello_msgs/msg/_tello_response_s.c.o[0m
[16.155s] [ 87%] [32m[1mLinking C shared library rosidl_generator_py/tello_msgs/libtello_msgs__python.so[0m
[16.247s] [ 87%] Built target tello_msgs__python
[16.266s] [35m[1mScanning dependencies of target tello_msgs__rosidl_typesupport_c__pyext[0m
[16.315s] [ 89%] [32mBuilding C object CMakeFiles/tello_msgs__rosidl_typesupport_c__pyext.dir/rosidl_generator_py/tello_msgs/_tello_msgs_s.ep.rosidl_typesupport_c.c.o[0m
[16.506s] [ 91%] [32m[1mLinking C shared library rosidl_generator_py/tello_msgs/tello_msgs_s__rosidl_typesupport_c.cpython-38-x86_64-linux-gnu.so[0m
[16.583s] [ 91%] Built target tello_msgs__rosidl_typesupport_c__pyext
[16.603s] [35m[1mScanning dependencies of target tello_msgs__rosidl_typesupport_introspection_c__pyext[0m
[16.641s] [ 93%] [32mBuilding C object CMakeFiles/tello_msgs__rosidl_typesupport_introspection_c__pyext.dir/rosidl_generator_py/tello_msgs/_tello_msgs_s.ep.rosidl_typesupport_introspection_c.c.o[0m
[16.833s] [ 95%] [32m[1mLinking C shared library rosidl_generator_py/tello_msgs/tello_msgs_s__rosidl_typesupport_introspection_c.cpython-38-x86_64-linux-gnu.so[0m
[16.904s] [ 95%] Built target tello_msgs__rosidl_typesupport_introspection_c__pyext
[16.925s] [35m[1mScanning dependencies of target tello_msgs__rosidl_typesupport_fastrtps_c__pyext[0m
[16.966s] [ 97%] [32mBuilding C object CMakeFiles/tello_msgs__rosidl_typesupport_fastrtps_c__pyext.dir/rosidl_generator_py/tello_msgs/_tello_msgs_s.ep.rosidl_typesupport_fastrtps_c.c.o[0m
[17.167s] [100%] [32m[1mLinking CXX shared library rosidl_generator_py/tello_msgs/tello_msgs_s__rosidl_typesupport_fastrtps_c.cpython-38-x86_64-linux-gnu.so[0m
[17.293s] [100%] Built target tello_msgs__rosidl_typesupport_fastrtps_c__pyext
[17.313s] Invoked command in '/home/atte/drone_ws/build/tello_msgs' returned '0': CMAKE_PREFIX_PATH=/opt/ros/galactic /usr/bin/cmake --build /home/atte/drone_ws/build/tello_msgs -- -j4 -l4
[17.318s] Invoking command in '/home/atte/drone_ws/build/tello_msgs': CMAKE_PREFIX_PATH=/opt/ros/galactic /usr/bin/cmake --install /home/atte/drone_ws/build/tello_msgs
[17.336s] -- Install configuration: ""
[17.336s] -- Installing: /home/atte/drone_ws/install/tello_msgs/share/ament_index/resource_index/rosidl_interfaces/tello_msgs
[17.337s] -- Installing: /home/atte/drone_ws/install/tello_msgs/include/tello_msgs
[17.337s] -- Installing: /home/atte/drone_ws/install/tello_msgs/include/tello_msgs/msg
[17.338s] -- Installing: /home/atte/drone_ws/install/tello_msgs/include/tello_msgs/msg/tello_response.h
[17.338s] -- Installing: /home/atte/drone_ws/install/tello_msgs/include/tello_msgs/msg/flight_data.h
[17.338s] -- Installing: /home/atte/drone_ws/install/tello_msgs/include/tello_msgs/msg/rosidl_generator_c__visibility_control.h
[17.339s] -- Installing: /home/atte/drone_ws/install/tello_msgs/include/tello_msgs/msg/detail
[17.339s] -- Installing: /home/atte/drone_ws/install/tello_msgs/include/tello_msgs/msg/detail/flight_data__type_support.h
[17.339s] -- Installing: /home/atte/drone_ws/install/tello_msgs/include/tello_msgs/msg/detail/flight_data__struct.h
[17.340s] -- Installing: /home/atte/drone_ws/install/tello_msgs/include/tello_msgs/msg/detail/flight_data__functions.h
[17.340s] -- Installing: /home/atte/drone_ws/install/tello_msgs/include/tello_msgs/msg/detail/tello_response__functions.h
[17.341s] -- Installing: /home/atte/drone_ws/install/tello_msgs/include/tello_msgs/msg/detail/tello_response__type_support.h
[17.341s] -- Installing: /home/atte/drone_ws/install/tello_msgs/include/tello_msgs/msg/detail/tello_response__struct.h
[17.342s] -- Installing: /home/atte/drone_ws/install/tello_msgs/include/tello_msgs/msg/detail/tello_response__functions.c
[17.342s] -- Installing: /home/atte/drone_ws/install/tello_msgs/include/tello_msgs/msg/detail/flight_data__functions.c
[17.343s] -- Installing: /home/atte/drone_ws/install/tello_msgs/include/tello_msgs/srv
[17.343s] -- Installing: /home/atte/drone_ws/install/tello_msgs/include/tello_msgs/srv/detail
[17.344s] -- Installing: /home/atte/drone_ws/install/tello_msgs/include/tello_msgs/srv/detail/tello_action__functions.c
[17.344s] -- Installing: /home/atte/drone_ws/install/tello_msgs/include/tello_msgs/srv/detail/tello_action__functions.h
[17.345s] -- Installing: /home/atte/drone_ws/install/tello_msgs/include/tello_msgs/srv/detail/tello_action__struct.h
[17.345s] -- Installing: /home/atte/drone_ws/install/tello_msgs/include/tello_msgs/srv/detail/tello_action__type_support.h
[17.346s] -- Installing: /home/atte/drone_ws/install/tello_msgs/include/tello_msgs/srv/tello_action.h
[17.346s] -- Installing: /home/atte/drone_ws/install/tello_msgs/share/tello_msgs/environment/library_path.sh
[17.347s] -- Installing: /home/atte/drone_ws/install/tello_msgs/share/tello_msgs/environment/library_path.dsv
[17.348s] -- Installing: /home/atte/drone_ws/install/tello_msgs/lib/libtello_msgs__rosidl_generator_c.so
[17.349s] -- Set runtime path of "/home/atte/drone_ws/install/tello_msgs/lib/libtello_msgs__rosidl_generator_c.so" to ""
[17.350s] -- Up-to-date: /home/atte/drone_ws/install/tello_msgs/include/tello_msgs
[17.350s] -- Up-to-date: /home/atte/drone_ws/install/tello_msgs/include/tello_msgs/msg
[17.351s] -- Up-to-date: /home/atte/drone_ws/install/tello_msgs/include/tello_msgs/msg/detail
[17.351s] -- Installing: /home/atte/drone_ws/install/tello_msgs/include/tello_msgs/msg/detail/flight_data__rosidl_typesupport_fastrtps_c.h
[17.351s] -- Installing: /home/atte/drone_ws/install/tello_msgs/include/tello_msgs/msg/detail/tello_response__rosidl_typesupport_fastrtps_c.h
[17.352s] -- Installing: /home/atte/drone_ws/install/tello_msgs/include/tello_msgs/msg/rosidl_typesupport_fastrtps_c__visibility_control.h
[17.352s] -- Up-to-date: /home/atte/drone_ws/install/tello_msgs/include/tello_msgs/srv
[17.353s] -- Up-to-date: /home/atte/drone_ws/install/tello_msgs/include/tello_msgs/srv/detail
[17.353s] -- Installing: /home/atte/drone_ws/install/tello_msgs/include/tello_msgs/srv/detail/tello_action__rosidl_typesupport_fastrtps_c.h
[17.354s] -- Installing: /home/atte/drone_ws/install/tello_msgs/lib/libtello_msgs__rosidl_typesupport_fastrtps_c.so
[17.355s] -- Set runtime path of "/home/atte/drone_ws/install/tello_msgs/lib/libtello_msgs__rosidl_typesupport_fastrtps_c.so" to ""
[17.356s] -- Up-to-date: /home/atte/drone_ws/install/tello_msgs/include/tello_msgs
[17.356s] -- Up-to-date: /home/atte/drone_ws/install/tello_msgs/include/tello_msgs/msg
[17.356s] -- Up-to-date: /home/atte/drone_ws/install/tello_msgs/include/tello_msgs/msg/detail
[17.357s] -- Installing: /home/atte/drone_ws/install/tello_msgs/include/tello_msgs/msg/detail/tello_response__rosidl_typesupport_fastrtps_cpp.hpp
[17.357s] -- Installing: /home/atte/drone_ws/install/tello_msgs/include/tello_msgs/msg/detail/dds_fastrtps
[17.358s] -- Installing: /home/atte/drone_ws/install/tello_msgs/include/tello_msgs/msg/detail/flight_data__rosidl_typesupport_fastrtps_cpp.hpp
[17.358s] -- Installing: /home/atte/drone_ws/install/tello_msgs/include/tello_msgs/msg/rosidl_typesupport_fastrtps_cpp__visibility_control.h
[17.358s] -- Up-to-date: /home/atte/drone_ws/install/tello_msgs/include/tello_msgs/srv
[17.359s] -- Up-to-date: /home/atte/drone_ws/install/tello_msgs/include/tello_msgs/srv/detail
[17.359s] -- Installing: /home/atte/drone_ws/install/tello_msgs/include/tello_msgs/srv/detail/dds_fastrtps
[17.360s] -- Installing: /home/atte/drone_ws/install/tello_msgs/include/tello_msgs/srv/detail/tello_action__rosidl_typesupport_fastrtps_cpp.hpp
[17.360s] -- Installing: /home/atte/drone_ws/install/tello_msgs/lib/libtello_msgs__rosidl_typesupport_fastrtps_cpp.so
[17.362s] -- Set runtime path of "/home/atte/drone_ws/install/tello_msgs/lib/libtello_msgs__rosidl_typesupport_fastrtps_cpp.so" to ""
[17.362s] -- Up-to-date: /home/atte/drone_ws/install/tello_msgs/include/tello_msgs
[17.362s] -- Up-to-date: /home/atte/drone_ws/install/tello_msgs/include/tello_msgs/msg
[17.363s] -- Installing: /home/atte/drone_ws/install/tello_msgs/include/tello_msgs/msg/rosidl_typesupport_introspection_c__visibility_control.h
[17.363s] -- Up-to-date: /home/atte/drone_ws/install/tello_msgs/include/tello_msgs/msg/detail
[17.364s] -- Installing: /home/atte/drone_ws/install/tello_msgs/include/tello_msgs/msg/detail/tello_response__rosidl_typesupport_introspection_c.h
[17.364s] -- Installing: /home/atte/drone_ws/install/tello_msgs/include/tello_msgs/msg/detail/flight_data__rosidl_typesupport_introspection_c.h
[17.365s] -- Installing: /home/atte/drone_ws/install/tello_msgs/include/tello_msgs/msg/detail/tello_response__type_support.c
[17.365s] -- Installing: /home/atte/drone_ws/install/tello_msgs/include/tello_msgs/msg/detail/flight_data__type_support.c
[17.366s] -- Up-to-date: /home/atte/drone_ws/install/tello_msgs/include/tello_msgs/srv
[17.366s] -- Up-to-date: /home/atte/drone_ws/install/tello_msgs/include/tello_msgs/srv/detail
[17.366s] -- Installing: /home/atte/drone_ws/install/tello_msgs/include/tello_msgs/srv/detail/tello_action__type_support.c
[17.367s] -- Installing: /home/atte/drone_ws/install/tello_msgs/include/tello_msgs/srv/detail/tello_action__rosidl_typesupport_introspection_c.h
[17.368s] -- Installing: /home/atte/drone_ws/install/tello_msgs/lib/libtello_msgs__rosidl_typesupport_introspection_c.so
[17.369s] -- Set runtime path of "/home/atte/drone_ws/install/tello_msgs/lib/libtello_msgs__rosidl_typesupport_introspection_c.so" to ""
[17.369s] -- Installing: /home/atte/drone_ws/install/tello_msgs/lib/libtello_msgs__rosidl_typesupport_c.so
[17.370s] -- Set runtime path of "/home/atte/drone_ws/install/tello_msgs/lib/libtello_msgs__rosidl_typesupport_c.so" to ""
[17.371s] -- Up-to-date: /home/atte/drone_ws/install/tello_msgs/include/tello_msgs
[17.371s] -- Up-to-date: /home/atte/drone_ws/install/tello_msgs/include/tello_msgs/msg
[17.371s] -- Installing: /home/atte/drone_ws/install/tello_msgs/include/tello_msgs/msg/tello_response.hpp
[17.372s] -- Installing: /home/atte/drone_ws/install/tello_msgs/include/tello_msgs/msg/flight_data.hpp
[17.372s] -- Up-to-date: /home/atte/drone_ws/install/tello_msgs/include/tello_msgs/msg/detail
[17.373s] -- Installing: /home/atte/drone_ws/install/tello_msgs/include/tello_msgs/msg/detail/tello_response__struct.hpp
[17.373s] -- Installing: /home/atte/drone_ws/install/tello_msgs/include/tello_msgs/msg/detail/flight_data__builder.hpp
[17.374s] -- Installing: /home/atte/drone_ws/install/tello_msgs/include/tello_msgs/msg/detail/tello_response__builder.hpp
[17.375s] -- Installing: /home/atte/drone_ws/install/tello_msgs/include/tello_msgs/msg/detail/flight_data__traits.hpp
[17.375s] -- Installing: /home/atte/drone_ws/install/tello_msgs/include/tello_msgs/msg/detail/flight_data__struct.hpp
[17.376s] -- Installing: /home/atte/drone_ws/install/tello_msgs/include/tello_msgs/msg/detail/tello_response__traits.hpp
[17.376s] -- Up-to-date: /home/atte/drone_ws/install/tello_msgs/include/tello_msgs/srv
[17.376s] -- Installing: /home/atte/drone_ws/install/tello_msgs/include/tello_msgs/srv/tello_action.hpp
[17.377s] -- Up-to-date: /home/atte/drone_ws/install/tello_msgs/include/tello_msgs/srv/detail
[17.377s] -- Installing: /home/atte/drone_ws/install/tello_msgs/include/tello_msgs/srv/detail/tello_action__traits.hpp
[17.378s] -- Installing: /home/atte/drone_ws/install/tello_msgs/include/tello_msgs/srv/detail/tello_action__builder.hpp
[17.378s] -- Installing: /home/atte/drone_ws/install/tello_msgs/include/tello_msgs/srv/detail/tello_action__struct.hpp
[17.379s] -- Up-to-date: /home/atte/drone_ws/install/tello_msgs/include/tello_msgs
[17.379s] -- Up-to-date: /home/atte/drone_ws/install/tello_msgs/include/tello_msgs/msg
[17.380s] -- Up-to-date: /home/atte/drone_ws/install/tello_msgs/include/tello_msgs/msg/detail
[17.380s] -- Installing: /home/atte/drone_ws/install/tello_msgs/include/tello_msgs/msg/detail/flight_data__type_support.cpp
[17.380s] -- Installing: /home/atte/drone_ws/install/tello_msgs/include/tello_msgs/msg/detail/flight_data__rosidl_typesupport_introspection_cpp.hpp
[17.381s] -- Installing: /home/atte/drone_ws/install/tello_msgs/include/tello_msgs/msg/detail/tello_response__rosidl_typesupport_introspection_cpp.hpp
[17.381s] -- Installing: /home/atte/drone_ws/install/tello_msgs/include/tello_msgs/msg/detail/tello_response__type_support.cpp
[17.382s] -- Up-to-date: /home/atte/drone_ws/install/tello_msgs/include/tello_msgs/srv
[17.382s] -- Up-to-date: /home/atte/drone_ws/install/tello_msgs/include/tello_msgs/srv/detail
[17.383s] -- Installing: /home/atte/drone_ws/install/tello_msgs/include/tello_msgs/srv/detail/tello_action__rosidl_typesupport_introspection_cpp.hpp
[17.383s] -- Installing: /home/atte/drone_ws/install/tello_msgs/include/tello_msgs/srv/detail/tello_action__type_support.cpp
[17.384s] -- Installing: /home/atte/drone_ws/install/tello_msgs/lib/libtello_msgs__rosidl_typesupport_introspection_cpp.so
[17.385s] -- Set runtime path of "/home/atte/drone_ws/install/tello_msgs/lib/libtello_msgs__rosidl_typesupport_introspection_cpp.so" to ""
[17.386s] -- Installing: /home/atte/drone_ws/install/tello_msgs/lib/libtello_msgs__rosidl_typesupport_cpp.so
[17.387s] -- Set runtime path of "/home/atte/drone_ws/install/tello_msgs/lib/libtello_msgs__rosidl_typesupport_cpp.so" to ""
[17.388s] -- Installing: /home/atte/drone_ws/install/tello_msgs/share/tello_msgs/environment/pythonpath.sh
[17.388s] -- Installing: /home/atte/drone_ws/install/tello_msgs/share/tello_msgs/environment/pythonpath.dsv
[17.389s] -- Installing: /home/atte/drone_ws/install/tello_msgs/lib/python3.8/site-packages/tello_msgs/__init__.py
[17.457s] Compiling '/home/atte/drone_ws/install/tello_msgs/lib/python3.8/site-packages/tello_msgs/__init__.py'...
[17.467s] -- Installing: /home/atte/drone_ws/install/tello_msgs/lib/python3.8/site-packages/tello_msgs/msg
[17.468s] -- Installing: /home/atte/drone_ws/install/tello_msgs/lib/python3.8/site-packages/tello_msgs/msg/_flight_data_s.c
[17.468s] -- Installing: /home/atte/drone_ws/install/tello_msgs/lib/python3.8/site-packages/tello_msgs/msg/_tello_response.py
[17.468s] -- Installing: /home/atte/drone_ws/install/tello_msgs/lib/python3.8/site-packages/tello_msgs/msg/__init__.py
[17.468s] -- Installing: /home/atte/drone_ws/install/tello_msgs/lib/python3.8/site-packages/tello_msgs/msg/_tello_response_s.c
[17.468s] -- Installing: /home/atte/drone_ws/install/tello_msgs/lib/python3.8/site-packages/tello_msgs/msg/_flight_data.py
[17.469s] -- Installing: /home/atte/drone_ws/install/tello_msgs/lib/python3.8/site-packages/tello_msgs/srv
[17.469s] -- Installing: /home/atte/drone_ws/install/tello_msgs/lib/python3.8/site-packages/tello_msgs/srv/__init__.py
[17.469s] -- Installing: /home/atte/drone_ws/install/tello_msgs/lib/python3.8/site-packages/tello_msgs/srv/_tello_action.py
[17.469s] -- Installing: /home/atte/drone_ws/install/tello_msgs/lib/python3.8/site-packages/tello_msgs/srv/_tello_action_s.c
[17.470s] -- Installing: /home/atte/drone_ws/install/tello_msgs/lib/python3.8/site-packages/tello_msgs/tello_msgs_s__rosidl_typesupport_fastrtps_c.cpython-38-x86_64-linux-gnu.so
[17.470s] -- Set runtime path of "/home/atte/drone_ws/install/tello_msgs/lib/python3.8/site-packages/tello_msgs/tello_msgs_s__rosidl_typesupport_fastrtps_c.cpython-38-x86_64-linux-gnu.so" to ""
[17.471s] -- Installing: /home/atte/drone_ws/install/tello_msgs/lib/python3.8/site-packages/tello_msgs/tello_msgs_s__rosidl_typesupport_introspection_c.cpython-38-x86_64-linux-gnu.so
[17.472s] -- Set runtime path of "/home/atte/drone_ws/install/tello_msgs/lib/python3.8/site-packages/tello_msgs/tello_msgs_s__rosidl_typesupport_introspection_c.cpython-38-x86_64-linux-gnu.so" to ""
[17.472s] -- Installing: /home/atte/drone_ws/install/tello_msgs/lib/python3.8/site-packages/tello_msgs/tello_msgs_s__rosidl_typesupport_c.cpython-38-x86_64-linux-gnu.so
[17.473s] -- Set runtime path of "/home/atte/drone_ws/install/tello_msgs/lib/python3.8/site-packages/tello_msgs/tello_msgs_s__rosidl_typesupport_c.cpython-38-x86_64-linux-gnu.so" to ""
[17.473s] -- Installing: /home/atte/drone_ws/install/tello_msgs/lib/libtello_msgs__python.so
[17.474s] -- Set runtime path of "/home/atte/drone_ws/install/tello_msgs/lib/libtello_msgs__python.so" to ""
[17.474s] -- Installing: /home/atte/drone_ws/install/tello_msgs/share/tello_msgs/msg/FlightData.idl
[17.475s] -- Installing: /home/atte/drone_ws/install/tello_msgs/share/tello_msgs/msg/TelloResponse.idl
[17.476s] -- Installing: /home/atte/drone_ws/install/tello_msgs/share/tello_msgs/srv/TelloAction.idl
[17.476s] -- Installing: /home/atte/drone_ws/install/tello_msgs/share/tello_msgs/msg/FlightData.msg
[17.476s] -- Installing: /home/atte/drone_ws/install/tello_msgs/share/tello_msgs/msg/TelloResponse.msg
[17.477s] -- Installing: /home/atte/drone_ws/install/tello_msgs/share/tello_msgs/srv/TelloAction.srv
[17.477s] -- Installing: /home/atte/drone_ws/install/tello_msgs/share/tello_msgs/srv/TelloAction_Request.msg
[17.477s] -- Installing: /home/atte/drone_ws/install/tello_msgs/share/tello_msgs/srv/TelloAction_Response.msg
[17.477s] -- Installing: /home/atte/drone_ws/install/tello_msgs/share/ament_index/resource_index/package_run_dependencies/tello_msgs
[17.478s] -- Installing: /home/atte/drone_ws/install/tello_msgs/share/ament_index/resource_index/parent_prefix_path/tello_msgs
[17.478s] -- Installing: /home/atte/drone_ws/install/tello_msgs/share/tello_msgs/environment/ament_prefix_path.sh
[17.478s] -- Installing: /home/atte/drone_ws/install/tello_msgs/share/tello_msgs/environment/ament_prefix_path.dsv
[17.478s] -- Installing: /home/atte/drone_ws/install/tello_msgs/share/tello_msgs/environment/path.sh
[17.479s] -- Installing: /home/atte/drone_ws/install/tello_msgs/share/tello_msgs/environment/path.dsv
[17.479s] -- Installing: /home/atte/drone_ws/install/tello_msgs/share/tello_msgs/local_setup.bash
[17.479s] -- Installing: /home/atte/drone_ws/install/tello_msgs/share/tello_msgs/local_setup.sh
[17.479s] -- Installing: /home/atte/drone_ws/install/tello_msgs/share/tello_msgs/local_setup.zsh
[17.479s] -- Installing: /home/atte/drone_ws/install/tello_msgs/share/tello_msgs/local_setup.dsv
[17.480s] -- Installing: /home/atte/drone_ws/install/tello_msgs/share/tello_msgs/package.dsv
[17.480s] -- Installing: /home/atte/drone_ws/install/tello_msgs/share/ament_index/resource_index/packages/tello_msgs
[17.480s] -- Installing: /home/atte/drone_ws/install/tello_msgs/share/tello_msgs/cmake/tello_msgs__rosidl_generator_cExport.cmake
[17.481s] -- Installing: /home/atte/drone_ws/install/tello_msgs/share/tello_msgs/cmake/tello_msgs__rosidl_generator_cExport-noconfig.cmake
[17.481s] -- Installing: /home/atte/drone_ws/install/tello_msgs/share/tello_msgs/cmake/tello_msgs__rosidl_typesupport_introspection_cExport.cmake
[17.482s] -- Installing: /home/atte/drone_ws/install/tello_msgs/share/tello_msgs/cmake/tello_msgs__rosidl_typesupport_introspection_cExport-noconfig.cmake
[17.482s] -- Installing: /home/atte/drone_ws/install/tello_msgs/share/tello_msgs/cmake/tello_msgs__rosidl_typesupport_cExport.cmake
[17.482s] -- Installing: /home/atte/drone_ws/install/tello_msgs/share/tello_msgs/cmake/tello_msgs__rosidl_typesupport_cExport-noconfig.cmake
[17.483s] -- Installing: /home/atte/drone_ws/install/tello_msgs/share/tello_msgs/cmake/tello_msgs__rosidl_generator_cppExport.cmake
[17.483s] -- Installing: /home/atte/drone_ws/install/tello_msgs/share/tello_msgs/cmake/tello_msgs__rosidl_typesupport_introspection_cppExport.cmake
[17.483s] -- Installing: /home/atte/drone_ws/install/tello_msgs/share/tello_msgs/cmake/tello_msgs__rosidl_typesupport_introspection_cppExport-noconfig.cmake
[17.484s] -- Installing: /home/atte/drone_ws/install/tello_msgs/share/tello_msgs/cmake/tello_msgs__rosidl_typesupport_cppExport.cmake
[17.484s] -- Installing: /home/atte/drone_ws/install/tello_msgs/share/tello_msgs/cmake/tello_msgs__rosidl_typesupport_cppExport-noconfig.cmake
[17.485s] -- Installing: /home/atte/drone_ws/install/tello_msgs/share/tello_msgs/cmake/rosidl_cmake-extras.cmake
[17.485s] -- Installing: /home/atte/drone_ws/install/tello_msgs/share/tello_msgs/cmake/ament_cmake_export_dependencies-extras.cmake
[17.485s] -- Installing: /home/atte/drone_ws/install/tello_msgs/share/tello_msgs/cmake/ament_cmake_export_libraries-extras.cmake
[17.485s] -- Installing: /home/atte/drone_ws/install/tello_msgs/share/tello_msgs/cmake/ament_cmake_export_targets-extras.cmake
[17.486s] -- Installing: /home/atte/drone_ws/install/tello_msgs/share/tello_msgs/cmake/ament_cmake_export_include_directories-extras.cmake
[17.486s] -- Installing: /home/atte/drone_ws/install/tello_msgs/share/tello_msgs/cmake/rosidl_cmake_export_typesupport_libraries-extras.cmake
[17.487s] -- Installing: /home/atte/drone_ws/install/tello_msgs/share/tello_msgs/cmake/rosidl_cmake_export_typesupport_targets-extras.cmake
[17.488s] -- Installing: /home/atte/drone_ws/install/tello_msgs/share/tello_msgs/cmake/tello_msgsConfig.cmake
[17.488s] -- Installing: /home/atte/drone_ws/install/tello_msgs/share/tello_msgs/cmake/tello_msgsConfig-version.cmake
[17.489s] -- Installing: /home/atte/drone_ws/install/tello_msgs/share/tello_msgs/package.xml
[17.497s] Invoked command in '/home/atte/drone_ws/build/tello_msgs' returned '0': CMAKE_PREFIX_PATH=/opt/ros/galactic /usr/bin/cmake --install /home/atte/drone_ws/build/tello_msgs
