[0.019s] Invoking command in '/home/eeavir/tellocontrol/build/tello_driver': CMAKE_PREFIX_PATH=/home/eeavir/tellocontrol/install/tello_msgs:/home/eeavir/tellocontrol/install/ros2_shared:/home/eeavir/tellocontrol/install/tello_gazebo:/home/eeavir/tellocontrol/install/tello_driver:/home/eeavir/tellocontrol/install/tello_description:/home/eeavir/tellocontrol/install/own_package:/opt/ros/galactic LD_LIBRARY_PATH=/home/eeavir/tellocontrol/install/tello_msgs/lib:/home/eeavir/tellocontrol/install/tello_gazebo/lib:/home/eeavir/tellocontrol/install/tello_driver/lib:/usr/lib/x86_64-linux-gnu/gazebo-11/plugins:/opt/ros/galactic/opt/yaml_cpp_vendor/lib:/opt/ros/galactic/opt/rviz_ogre_vendor/lib:/opt/ros/galactic/lib/x86_64-linux-gnu:/opt/ros/galactic/lib:/usr/lib/x86_64-linux-gnu/gazebo-11/plugins /usr/bin/cmake --build /home/eeavir/tellocontrol/build/tello_driver -- -j8 -l8
[0.059s] [  9%] Built target tello_emulator
[0.072s] [ 27%] Built target tello_joy_node
[0.072s] [ 31%] Built target tello_joy_main
[0.082s] [ 63%] Built target tello_driver_node
[0.093s] [100%] Built target tello_driver_main
[0.101s] Invoked command in '/home/eeavir/tellocontrol/build/tello_driver' returned '0': CMAKE_PREFIX_PATH=/home/eeavir/tellocontrol/install/tello_msgs:/home/eeavir/tellocontrol/install/ros2_shared:/home/eeavir/tellocontrol/install/tello_gazebo:/home/eeavir/tellocontrol/install/tello_driver:/home/eeavir/tellocontrol/install/tello_description:/home/eeavir/tellocontrol/install/own_package:/opt/ros/galactic LD_LIBRARY_PATH=/home/eeavir/tellocontrol/install/tello_msgs/lib:/home/eeavir/tellocontrol/install/tello_gazebo/lib:/home/eeavir/tellocontrol/install/tello_driver/lib:/usr/lib/x86_64-linux-gnu/gazebo-11/plugins:/opt/ros/galactic/opt/yaml_cpp_vendor/lib:/opt/ros/galactic/opt/rviz_ogre_vendor/lib:/opt/ros/galactic/lib/x86_64-linux-gnu:/opt/ros/galactic/lib:/usr/lib/x86_64-linux-gnu/gazebo-11/plugins /usr/bin/cmake --build /home/eeavir/tellocontrol/build/tello_driver -- -j8 -l8
[0.101s] Invoking command in '/home/eeavir/tellocontrol/build/tello_driver': CMAKE_PREFIX_PATH=/home/eeavir/tellocontrol/install/tello_msgs:/home/eeavir/tellocontrol/install/ros2_shared:/home/eeavir/tellocontrol/install/tello_gazebo:/home/eeavir/tellocontrol/install/tello_driver:/home/eeavir/tellocontrol/install/tello_description:/home/eeavir/tellocontrol/install/own_package:/opt/ros/galactic LD_LIBRARY_PATH=/home/eeavir/tellocontrol/install/tello_msgs/lib:/home/eeavir/tellocontrol/install/tello_gazebo/lib:/home/eeavir/tellocontrol/install/tello_driver/lib:/usr/lib/x86_64-linux-gnu/gazebo-11/plugins:/opt/ros/galactic/opt/yaml_cpp_vendor/lib:/opt/ros/galactic/opt/rviz_ogre_vendor/lib:/opt/ros/galactic/lib/x86_64-linux-gnu:/opt/ros/galactic/lib:/usr/lib/x86_64-linux-gnu/gazebo-11/plugins /usr/bin/cmake --install /home/eeavir/tellocontrol/build/tello_driver
[0.108s] -- Install configuration: ""
[0.109s] -- Up-to-date: /home/eeavir/tellocontrol/install/tello_driver/share/tello_driver/environment/library_path.sh
[0.109s] -- Up-to-date: /home/eeavir/tellocontrol/install/tello_driver/share/tello_driver/environment/library_path.dsv
[0.109s] -- Up-to-date: /home/eeavir/tellocontrol/install/tello_driver/lib/libtello_driver_node.so
[0.109s] -- Up-to-date: /home/eeavir/tellocontrol/install/tello_driver/lib/libtello_joy_node.so
[0.109s] -- Up-to-date: /home/eeavir/tellocontrol/install/tello_driver/lib/tello_driver/tello_driver_main
[0.109s] -- Up-to-date: /home/eeavir/tellocontrol/install/tello_driver/lib/tello_driver/tello_joy_main
[0.109s] -- Up-to-date: /home/eeavir/tellocontrol/install/tello_driver/lib/tello_driver/tello_emulator
[0.109s] -- Up-to-date: /home/eeavir/tellocontrol/install/tello_driver/share/tello_driver/cfg
[0.110s] -- Up-to-date: /home/eeavir/tellocontrol/install/tello_driver/share/tello_driver/cfg/camera_info.yaml
[0.110s] -- Up-to-date: /home/eeavir/tellocontrol/install/tello_driver/share/tello_driver/launch
[0.110s] -- Up-to-date: /home/eeavir/tellocontrol/install/tello_driver/share/tello_driver/launch/emulators_launch.py
[0.110s] -- Up-to-date: /home/eeavir/tellocontrol/install/tello_driver/share/tello_driver/launch/emulator_launch.py
[0.110s] -- Up-to-date: /home/eeavir/tellocontrol/install/tello_driver/share/tello_driver/launch/teleop_launch.py
[0.110s] -- Up-to-date: /home/eeavir/tellocontrol/install/tello_driver/share/ament_index/resource_index/package_run_dependencies/tello_driver
[0.110s] -- Up-to-date: /home/eeavir/tellocontrol/install/tello_driver/share/ament_index/resource_index/parent_prefix_path/tello_driver
[0.110s] -- Up-to-date: /home/eeavir/tellocontrol/install/tello_driver/share/tello_driver/environment/ament_prefix_path.sh
[0.110s] -- Up-to-date: /home/eeavir/tellocontrol/install/tello_driver/share/tello_driver/environment/ament_prefix_path.dsv
[0.110s] -- Up-to-date: /home/eeavir/tellocontrol/install/tello_driver/share/tello_driver/environment/path.sh
[0.110s] -- Up-to-date: /home/eeavir/tellocontrol/install/tello_driver/share/tello_driver/environment/path.dsv
[0.110s] -- Up-to-date: /home/eeavir/tellocontrol/install/tello_driver/share/tello_driver/local_setup.bash
[0.111s] -- Up-to-date: /home/eeavir/tellocontrol/install/tello_driver/share/tello_driver/local_setup.sh
[0.111s] -- Up-to-date: /home/eeavir/tellocontrol/install/tello_driver/share/tello_driver/local_setup.zsh
[0.111s] -- Up-to-date: /home/eeavir/tellocontrol/install/tello_driver/share/tello_driver/local_setup.dsv
[0.111s] -- Installing: /home/eeavir/tellocontrol/install/tello_driver/share/tello_driver/package.dsv
[0.111s] -- Up-to-date: /home/eeavir/tellocontrol/install/tello_driver/share/ament_index/resource_index/packages/tello_driver
[0.111s] -- Up-to-date: /home/eeavir/tellocontrol/install/tello_driver/share/ament_index/resource_index/rclcpp_components/tello_driver
[0.112s] -- Up-to-date: /home/eeavir/tellocontrol/install/tello_driver/share/tello_driver/cmake/tello_driverConfig.cmake
[0.113s] -- Up-to-date: /home/eeavir/tellocontrol/install/tello_driver/share/tello_driver/cmake/tello_driverConfig-version.cmake
[0.113s] -- Up-to-date: /home/eeavir/tellocontrol/install/tello_driver/share/tello_driver/package.xml
[0.113s] Invoked command in '/home/eeavir/tellocontrol/build/tello_driver' returned '0': CMAKE_PREFIX_PATH=/home/eeavir/tellocontrol/install/tello_msgs:/home/eeavir/tellocontrol/install/ros2_shared:/home/eeavir/tellocontrol/install/tello_gazebo:/home/eeavir/tellocontrol/install/tello_driver:/home/eeavir/tellocontrol/install/tello_description:/home/eeavir/tellocontrol/install/own_package:/opt/ros/galactic LD_LIBRARY_PATH=/home/eeavir/tellocontrol/install/tello_msgs/lib:/home/eeavir/tellocontrol/install/tello_gazebo/lib:/home/eeavir/tellocontrol/install/tello_driver/lib:/usr/lib/x86_64-linux-gnu/gazebo-11/plugins:/opt/ros/galactic/opt/yaml_cpp_vendor/lib:/opt/ros/galactic/opt/rviz_ogre_vendor/lib:/opt/ros/galactic/lib/x86_64-linux-gnu:/opt/ros/galactic/lib:/usr/lib/x86_64-linux-gnu/gazebo-11/plugins /usr/bin/cmake --install /home/eeavir/tellocontrol/build/tello_driver
