[0.036s] Invoking command in '/home/eeavir/drone_ws/build/tello_msgs': CMAKE_PREFIX_PATH=${CMAKE_PREFIX_PATH}:/home/eeavir/drone_ws/install/own_package:/home/eeavir/drone_ws/install/drone_image_viewer:/opt/ros/galactic /usr/bin/cmake --build /home/eeavir/drone_ws/build/tello_msgs -- -j8 -l8
[0.294s] [  2%] Built target tello_msgs__cpp
[0.295s] [ 12%] Built target tello_msgs__rosidl_generator_c
[0.295s] [ 23%] Built target tello_msgs__rosidl_typesupport_cpp
[0.295s] [ 34%] Built target tello_msgs__rosidl_typesupport_introspection_c
[0.295s] [ 44%] Built target tello_msgs__rosidl_typesupport_introspection_cpp
[0.295s] [ 55%] Built target tello_msgs__rosidl_typesupport_c
[0.295s] [ 65%] Built target tello_msgs__rosidl_typesupport_fastrtps_cpp
[0.295s] [ 76%] Built target tello_msgs__rosidl_typesupport_fastrtps_c
[0.295s] [ 76%] Built target tello_msgs
[0.295s] [ 78%] Built target tello_msgs__py
[0.295s] [ 87%] Built target tello_msgs__python
[0.295s] [ 91%] Built target tello_msgs__rosidl_typesupport_introspection_c__pyext
[0.295s] [ 97%] Built target tello_msgs__rosidl_typesupport_c__pyext
[0.295s] [100%] Built target tello_msgs__rosidl_typesupport_fastrtps_c__pyext
[0.324s] Invoked command in '/home/eeavir/drone_ws/build/tello_msgs' returned '0': CMAKE_PREFIX_PATH=${CMAKE_PREFIX_PATH}:/home/eeavir/drone_ws/install/own_package:/home/eeavir/drone_ws/install/drone_image_viewer:/opt/ros/galactic /usr/bin/cmake --build /home/eeavir/drone_ws/build/tello_msgs -- -j8 -l8
[0.326s] Invoking command in '/home/eeavir/drone_ws/build/tello_msgs': CMAKE_PREFIX_PATH=${CMAKE_PREFIX_PATH}:/home/eeavir/drone_ws/install/own_package:/home/eeavir/drone_ws/install/drone_image_viewer:/opt/ros/galactic /usr/bin/cmake --install /home/eeavir/drone_ws/build/tello_msgs
[0.339s] -- Install configuration: ""
[0.339s] -- Up-to-date: /home/eeavir/drone_ws/install/tello_msgs/share/ament_index/resource_index/rosidl_interfaces/tello_msgs
[0.339s] -- Up-to-date: /home/eeavir/drone_ws/install/tello_msgs/include/tello_msgs
[0.339s] -- Up-to-date: /home/eeavir/drone_ws/install/tello_msgs/include/tello_msgs/msg
[0.339s] -- Up-to-date: /home/eeavir/drone_ws/install/tello_msgs/include/tello_msgs/msg/detail
[0.340s] -- Up-to-date: /home/eeavir/drone_ws/install/tello_msgs/include/tello_msgs/msg/detail/flight_data__functions.h
[0.340s] -- Up-to-date: /home/eeavir/drone_ws/install/tello_msgs/include/tello_msgs/msg/detail/flight_data__struct.h
[0.341s] -- Up-to-date: /home/eeavir/drone_ws/install/tello_msgs/include/tello_msgs/msg/detail/tello_response__struct.h
[0.342s] -- Up-to-date: /home/eeavir/drone_ws/install/tello_msgs/include/tello_msgs/msg/detail/flight_data__functions.c
[0.342s] -- Up-to-date: /home/eeavir/drone_ws/install/tello_msgs/include/tello_msgs/msg/detail/tello_response__functions.c
[0.342s] -- Up-to-date: /home/eeavir/drone_ws/install/tello_msgs/include/tello_msgs/msg/detail/tello_response__type_support.h
[0.342s] -- Up-to-date: /home/eeavir/drone_ws/install/tello_msgs/include/tello_msgs/msg/detail/flight_data__type_support.h
[0.342s] -- Up-to-date: /home/eeavir/drone_ws/install/tello_msgs/include/tello_msgs/msg/detail/tello_response__functions.h
[0.342s] -- Up-to-date: /home/eeavir/drone_ws/install/tello_msgs/include/tello_msgs/msg/flight_data.h
[0.342s] -- Up-to-date: /home/eeavir/drone_ws/install/tello_msgs/include/tello_msgs/msg/tello_response.h
[0.342s] -- Up-to-date: /home/eeavir/drone_ws/install/tello_msgs/include/tello_msgs/msg/rosidl_generator_c__visibility_control.h
[0.343s] -- Up-to-date: /home/eeavir/drone_ws/install/tello_msgs/include/tello_msgs/srv
[0.343s] -- Up-to-date: /home/eeavir/drone_ws/install/tello_msgs/include/tello_msgs/srv/detail
[0.343s] -- Up-to-date: /home/eeavir/drone_ws/install/tello_msgs/include/tello_msgs/srv/detail/tello_action__functions.c
[0.343s] -- Up-to-date: /home/eeavir/drone_ws/install/tello_msgs/include/tello_msgs/srv/detail/tello_action__struct.h
[0.343s] -- Up-to-date: /home/eeavir/drone_ws/install/tello_msgs/include/tello_msgs/srv/detail/tello_action__functions.h
[0.343s] -- Up-to-date: /home/eeavir/drone_ws/install/tello_msgs/include/tello_msgs/srv/detail/tello_action__type_support.h
[0.343s] -- Up-to-date: /home/eeavir/drone_ws/install/tello_msgs/include/tello_msgs/srv/tello_action.h
[0.350s] -- Up-to-date: /home/eeavir/drone_ws/install/tello_msgs/share/tello_msgs/environment/library_path.sh
[0.350s] -- Up-to-date: /home/eeavir/drone_ws/install/tello_msgs/share/tello_msgs/environment/library_path.dsv
[0.350s] -- Up-to-date: /home/eeavir/drone_ws/install/tello_msgs/lib/libtello_msgs__rosidl_generator_c.so
[0.350s] -- Up-to-date: /home/eeavir/drone_ws/install/tello_msgs/include/tello_msgs
[0.350s] -- Up-to-date: /home/eeavir/drone_ws/install/tello_msgs/include/tello_msgs/msg
[0.350s] -- Up-to-date: /home/eeavir/drone_ws/install/tello_msgs/include/tello_msgs/msg/detail
[0.351s] -- Up-to-date: /home/eeavir/drone_ws/install/tello_msgs/include/tello_msgs/msg/detail/tello_response__rosidl_typesupport_fastrtps_c.h
[0.351s] -- Up-to-date: /home/eeavir/drone_ws/install/tello_msgs/include/tello_msgs/msg/detail/flight_data__rosidl_typesupport_fastrtps_c.h
[0.351s] -- Up-to-date: /home/eeavir/drone_ws/install/tello_msgs/include/tello_msgs/msg/rosidl_typesupport_fastrtps_c__visibility_control.h
[0.351s] -- Up-to-date: /home/eeavir/drone_ws/install/tello_msgs/include/tello_msgs/srv
[0.351s] -- Up-to-date: /home/eeavir/drone_ws/install/tello_msgs/include/tello_msgs/srv/detail
[0.351s] -- Up-to-date: /home/eeavir/drone_ws/install/tello_msgs/include/tello_msgs/srv/detail/tello_action__rosidl_typesupport_fastrtps_c.h
[0.351s] -- Up-to-date: /home/eeavir/drone_ws/install/tello_msgs/lib/libtello_msgs__rosidl_typesupport_fastrtps_c.so
[0.351s] -- Up-to-date: /home/eeavir/drone_ws/install/tello_msgs/include/tello_msgs
[0.351s] -- Up-to-date: /home/eeavir/drone_ws/install/tello_msgs/include/tello_msgs/msg
[0.351s] -- Up-to-date: /home/eeavir/drone_ws/install/tello_msgs/include/tello_msgs/msg/detail
[0.351s] -- Up-to-date: /home/eeavir/drone_ws/install/tello_msgs/include/tello_msgs/msg/detail/flight_data__rosidl_typesupport_fastrtps_cpp.hpp
[0.351s] -- Up-to-date: /home/eeavir/drone_ws/install/tello_msgs/include/tello_msgs/msg/detail/dds_fastrtps
[0.352s] -- Up-to-date: /home/eeavir/drone_ws/install/tello_msgs/include/tello_msgs/msg/detail/tello_response__rosidl_typesupport_fastrtps_cpp.hpp
[0.352s] -- Up-to-date: /home/eeavir/drone_ws/install/tello_msgs/include/tello_msgs/msg/rosidl_typesupport_fastrtps_cpp__visibility_control.h
[0.352s] -- Up-to-date: /home/eeavir/drone_ws/install/tello_msgs/include/tello_msgs/srv
[0.352s] -- Up-to-date: /home/eeavir/drone_ws/install/tello_msgs/include/tello_msgs/srv/detail
[0.352s] -- Up-to-date: /home/eeavir/drone_ws/install/tello_msgs/include/tello_msgs/srv/detail/dds_fastrtps
[0.352s] -- Up-to-date: /home/eeavir/drone_ws/install/tello_msgs/include/tello_msgs/srv/detail/tello_action__rosidl_typesupport_fastrtps_cpp.hpp
[0.352s] -- Up-to-date: /home/eeavir/drone_ws/install/tello_msgs/lib/libtello_msgs__rosidl_typesupport_fastrtps_cpp.so
[0.352s] -- Up-to-date: /home/eeavir/drone_ws/install/tello_msgs/include/tello_msgs
[0.352s] -- Up-to-date: /home/eeavir/drone_ws/install/tello_msgs/include/tello_msgs/msg
[0.352s] -- Up-to-date: /home/eeavir/drone_ws/install/tello_msgs/include/tello_msgs/msg/detail
[0.352s] -- Up-to-date: /home/eeavir/drone_ws/install/tello_msgs/include/tello_msgs/msg/detail/tello_response__rosidl_typesupport_introspection_c.h
[0.353s] -- Up-to-date: /home/eeavir/drone_ws/install/tello_msgs/include/tello_msgs/msg/detail/flight_data__type_support.c
[0.353s] -- Up-to-date: /home/eeavir/drone_ws/install/tello_msgs/include/tello_msgs/msg/detail/flight_data__rosidl_typesupport_introspection_c.h
[0.353s] -- Up-to-date: /home/eeavir/drone_ws/install/tello_msgs/include/tello_msgs/msg/detail/tello_response__type_support.c
[0.353s] -- Up-to-date: /home/eeavir/drone_ws/install/tello_msgs/include/tello_msgs/msg/rosidl_typesupport_introspection_c__visibility_control.h
[0.353s] -- Up-to-date: /home/eeavir/drone_ws/install/tello_msgs/include/tello_msgs/srv
[0.353s] -- Up-to-date: /home/eeavir/drone_ws/install/tello_msgs/include/tello_msgs/srv/detail
[0.353s] -- Up-to-date: /home/eeavir/drone_ws/install/tello_msgs/include/tello_msgs/srv/detail/tello_action__rosidl_typesupport_introspection_c.h
[0.353s] -- Up-to-date: /home/eeavir/drone_ws/install/tello_msgs/include/tello_msgs/srv/detail/tello_action__type_support.c
[0.353s] -- Up-to-date: /home/eeavir/drone_ws/install/tello_msgs/lib/libtello_msgs__rosidl_typesupport_introspection_c.so
[0.353s] -- Up-to-date: /home/eeavir/drone_ws/install/tello_msgs/lib/libtello_msgs__rosidl_typesupport_c.so
[0.354s] -- Up-to-date: /home/eeavir/drone_ws/install/tello_msgs/include/tello_msgs
[0.354s] -- Up-to-date: /home/eeavir/drone_ws/install/tello_msgs/include/tello_msgs/msg
[0.354s] -- Up-to-date: /home/eeavir/drone_ws/install/tello_msgs/include/tello_msgs/msg/tello_response.hpp
[0.354s] -- Up-to-date: /home/eeavir/drone_ws/install/tello_msgs/include/tello_msgs/msg/detail
[0.355s] -- Up-to-date: /home/eeavir/drone_ws/install/tello_msgs/include/tello_msgs/msg/detail/tello_response__struct.hpp
[0.357s] -- Up-to-date: /home/eeavir/drone_ws/install/tello_msgs/include/tello_msgs/msg/detail/tello_response__traits.hpp
[0.358s] -- Up-to-date: /home/eeavir/drone_ws/install/tello_msgs/include/tello_msgs/msg/detail/flight_data__builder.hpp
[0.358s] -- Up-to-date: /home/eeavir/drone_ws/install/tello_msgs/include/tello_msgs/msg/detail/flight_data__struct.hpp
[0.358s] -- Up-to-date: /home/eeavir/drone_ws/install/tello_msgs/include/tello_msgs/msg/detail/tello_response__builder.hpp
[0.359s] -- Up-to-date: /home/eeavir/drone_ws/install/tello_msgs/include/tello_msgs/msg/detail/flight_data__traits.hpp
[0.359s] -- Up-to-date: /home/eeavir/drone_ws/install/tello_msgs/include/tello_msgs/msg/flight_data.hpp
[0.359s] -- Up-to-date: /home/eeavir/drone_ws/install/tello_msgs/include/tello_msgs/srv
[0.359s] -- Up-to-date: /home/eeavir/drone_ws/install/tello_msgs/include/tello_msgs/srv/detail
[0.359s] -- Up-to-date: /home/eeavir/drone_ws/install/tello_msgs/include/tello_msgs/srv/detail/tello_action__struct.hpp
[0.359s] -- Up-to-date: /home/eeavir/drone_ws/install/tello_msgs/include/tello_msgs/srv/detail/tello_action__traits.hpp
[0.360s] -- Up-to-date: /home/eeavir/drone_ws/install/tello_msgs/include/tello_msgs/srv/detail/tello_action__builder.hpp
[0.360s] -- Up-to-date: /home/eeavir/drone_ws/install/tello_msgs/include/tello_msgs/srv/tello_action.hpp
[0.360s] -- Up-to-date: /home/eeavir/drone_ws/install/tello_msgs/include/tello_msgs
[0.360s] -- Up-to-date: /home/eeavir/drone_ws/install/tello_msgs/include/tello_msgs/msg
[0.360s] -- Up-to-date: /home/eeavir/drone_ws/install/tello_msgs/include/tello_msgs/msg/detail
[0.360s] -- Up-to-date: /home/eeavir/drone_ws/install/tello_msgs/include/tello_msgs/msg/detail/flight_data__type_support.cpp
[0.360s] -- Up-to-date: /home/eeavir/drone_ws/install/tello_msgs/include/tello_msgs/msg/detail/flight_data__rosidl_typesupport_introspection_cpp.hpp
[0.361s] -- Up-to-date: /home/eeavir/drone_ws/install/tello_msgs/include/tello_msgs/msg/detail/tello_response__type_support.cpp
[0.361s] -- Up-to-date: /home/eeavir/drone_ws/install/tello_msgs/include/tello_msgs/msg/detail/tello_response__rosidl_typesupport_introspection_cpp.hpp
[0.361s] -- Up-to-date: /home/eeavir/drone_ws/install/tello_msgs/include/tello_msgs/srv
[0.361s] -- Up-to-date: /home/eeavir/drone_ws/install/tello_msgs/include/tello_msgs/srv/detail
[0.361s] -- Up-to-date: /home/eeavir/drone_ws/install/tello_msgs/include/tello_msgs/srv/detail/tello_action__rosidl_typesupport_introspection_cpp.hpp
[0.361s] -- Up-to-date: /home/eeavir/drone_ws/install/tello_msgs/include/tello_msgs/srv/detail/tello_action__type_support.cpp
[0.361s] -- Up-to-date: /home/eeavir/drone_ws/install/tello_msgs/lib/libtello_msgs__rosidl_typesupport_introspection_cpp.so
[0.364s] -- Up-to-date: /home/eeavir/drone_ws/install/tello_msgs/lib/libtello_msgs__rosidl_typesupport_cpp.so
[0.367s] -- Up-to-date: /home/eeavir/drone_ws/install/tello_msgs/share/tello_msgs/environment/pythonpath.sh
[0.368s] -- Up-to-date: /home/eeavir/drone_ws/install/tello_msgs/share/tello_msgs/environment/pythonpath.dsv
[0.368s] -- Up-to-date: /home/eeavir/drone_ws/install/tello_msgs/lib/python3.8/site-packages/tello_msgs/__init__.py
[0.415s] -- Up-to-date: /home/eeavir/drone_ws/install/tello_msgs/lib/python3.8/site-packages/tello_msgs/msg
[0.415s] -- Up-to-date: /home/eeavir/drone_ws/install/tello_msgs/lib/python3.8/site-packages/tello_msgs/msg/__init__.py
[0.415s] -- Up-to-date: /home/eeavir/drone_ws/install/tello_msgs/lib/python3.8/site-packages/tello_msgs/msg/_flight_data_s.c
[0.416s] -- Up-to-date: /home/eeavir/drone_ws/install/tello_msgs/lib/python3.8/site-packages/tello_msgs/msg/_tello_response.py
[0.416s] -- Up-to-date: /home/eeavir/drone_ws/install/tello_msgs/lib/python3.8/site-packages/tello_msgs/msg/_flight_data.py
[0.416s] -- Up-to-date: /home/eeavir/drone_ws/install/tello_msgs/lib/python3.8/site-packages/tello_msgs/msg/_tello_response_s.c
[0.416s] -- Up-to-date: /home/eeavir/drone_ws/install/tello_msgs/lib/python3.8/site-packages/tello_msgs/srv
[0.416s] -- Up-to-date: /home/eeavir/drone_ws/install/tello_msgs/lib/python3.8/site-packages/tello_msgs/srv/__init__.py
[0.416s] -- Up-to-date: /home/eeavir/drone_ws/install/tello_msgs/lib/python3.8/site-packages/tello_msgs/srv/_tello_action_s.c
[0.416s] -- Up-to-date: /home/eeavir/drone_ws/install/tello_msgs/lib/python3.8/site-packages/tello_msgs/srv/_tello_action.py
[0.416s] -- Up-to-date: /home/eeavir/drone_ws/install/tello_msgs/lib/python3.8/site-packages/tello_msgs/tello_msgs_s__rosidl_typesupport_fastrtps_c.cpython-38-x86_64-linux-gnu.so
[0.416s] -- Up-to-date: /home/eeavir/drone_ws/install/tello_msgs/lib/python3.8/site-packages/tello_msgs/tello_msgs_s__rosidl_typesupport_introspection_c.cpython-38-x86_64-linux-gnu.so
[0.417s] -- Up-to-date: /home/eeavir/drone_ws/install/tello_msgs/lib/python3.8/site-packages/tello_msgs/tello_msgs_s__rosidl_typesupport_c.cpython-38-x86_64-linux-gnu.so
[0.417s] -- Up-to-date: /home/eeavir/drone_ws/install/tello_msgs/lib/libtello_msgs__python.so
[0.419s] -- Up-to-date: /home/eeavir/drone_ws/install/tello_msgs/share/tello_msgs/msg/FlightData.idl
[0.419s] -- Up-to-date: /home/eeavir/drone_ws/install/tello_msgs/share/tello_msgs/msg/TelloResponse.idl
[0.420s] -- Up-to-date: /home/eeavir/drone_ws/install/tello_msgs/share/tello_msgs/srv/TelloAction.idl
[0.420s] -- Up-to-date: /home/eeavir/drone_ws/install/tello_msgs/share/tello_msgs/msg/FlightData.msg
[0.420s] -- Up-to-date: /home/eeavir/drone_ws/install/tello_msgs/share/tello_msgs/msg/TelloResponse.msg
[0.420s] -- Up-to-date: /home/eeavir/drone_ws/install/tello_msgs/share/tello_msgs/srv/TelloAction.srv
[0.420s] -- Up-to-date: /home/eeavir/drone_ws/install/tello_msgs/share/tello_msgs/srv/TelloAction_Request.msg
[0.420s] -- Up-to-date: /home/eeavir/drone_ws/install/tello_msgs/share/tello_msgs/srv/TelloAction_Response.msg
[0.420s] -- Up-to-date: /home/eeavir/drone_ws/install/tello_msgs/share/ament_index/resource_index/package_run_dependencies/tello_msgs
[0.420s] -- Up-to-date: /home/eeavir/drone_ws/install/tello_msgs/share/ament_index/resource_index/parent_prefix_path/tello_msgs
[0.421s] -- Up-to-date: /home/eeavir/drone_ws/install/tello_msgs/share/tello_msgs/environment/ament_prefix_path.sh
[0.421s] -- Up-to-date: /home/eeavir/drone_ws/install/tello_msgs/share/tello_msgs/environment/ament_prefix_path.dsv
[0.421s] -- Up-to-date: /home/eeavir/drone_ws/install/tello_msgs/share/tello_msgs/environment/path.sh
[0.421s] -- Up-to-date: /home/eeavir/drone_ws/install/tello_msgs/share/tello_msgs/environment/path.dsv
[0.421s] -- Up-to-date: /home/eeavir/drone_ws/install/tello_msgs/share/tello_msgs/local_setup.bash
[0.421s] -- Up-to-date: /home/eeavir/drone_ws/install/tello_msgs/share/tello_msgs/local_setup.sh
[0.421s] -- Up-to-date: /home/eeavir/drone_ws/install/tello_msgs/share/tello_msgs/local_setup.zsh
[0.421s] -- Up-to-date: /home/eeavir/drone_ws/install/tello_msgs/share/tello_msgs/local_setup.dsv
[0.421s] -- Installing: /home/eeavir/drone_ws/install/tello_msgs/share/tello_msgs/package.dsv
[0.421s] -- Up-to-date: /home/eeavir/drone_ws/install/tello_msgs/share/ament_index/resource_index/packages/tello_msgs
[0.422s] -- Up-to-date: /home/eeavir/drone_ws/install/tello_msgs/share/tello_msgs/cmake/tello_msgs__rosidl_generator_cExport.cmake
[0.422s] -- Up-to-date: /home/eeavir/drone_ws/install/tello_msgs/share/tello_msgs/cmake/tello_msgs__rosidl_generator_cExport-noconfig.cmake
[0.422s] -- Up-to-date: /home/eeavir/drone_ws/install/tello_msgs/share/tello_msgs/cmake/tello_msgs__rosidl_typesupport_introspection_cExport.cmake
[0.422s] -- Up-to-date: /home/eeavir/drone_ws/install/tello_msgs/share/tello_msgs/cmake/tello_msgs__rosidl_typesupport_introspection_cExport-noconfig.cmake
[0.422s] -- Up-to-date: /home/eeavir/drone_ws/install/tello_msgs/share/tello_msgs/cmake/tello_msgs__rosidl_typesupport_cExport.cmake
[0.422s] -- Up-to-date: /home/eeavir/drone_ws/install/tello_msgs/share/tello_msgs/cmake/tello_msgs__rosidl_typesupport_cExport-noconfig.cmake
[0.422s] -- Up-to-date: /home/eeavir/drone_ws/install/tello_msgs/share/tello_msgs/cmake/tello_msgs__rosidl_generator_cppExport.cmake
[0.422s] -- Up-to-date: /home/eeavir/drone_ws/install/tello_msgs/share/tello_msgs/cmake/tello_msgs__rosidl_typesupport_introspection_cppExport.cmake
[0.422s] -- Up-to-date: /home/eeavir/drone_ws/install/tello_msgs/share/tello_msgs/cmake/tello_msgs__rosidl_typesupport_introspection_cppExport-noconfig.cmake
[0.422s] -- Up-to-date: /home/eeavir/drone_ws/install/tello_msgs/share/tello_msgs/cmake/tello_msgs__rosidl_typesupport_cppExport.cmake
[0.422s] -- Up-to-date: /home/eeavir/drone_ws/install/tello_msgs/share/tello_msgs/cmake/tello_msgs__rosidl_typesupport_cppExport-noconfig.cmake
[0.422s] -- Up-to-date: /home/eeavir/drone_ws/install/tello_msgs/share/tello_msgs/cmake/rosidl_cmake-extras.cmake
[0.422s] -- Up-to-date: /home/eeavir/drone_ws/install/tello_msgs/share/tello_msgs/cmake/ament_cmake_export_dependencies-extras.cmake
[0.423s] -- Up-to-date: /home/eeavir/drone_ws/install/tello_msgs/share/tello_msgs/cmake/ament_cmake_export_libraries-extras.cmake
[0.423s] -- Up-to-date: /home/eeavir/drone_ws/install/tello_msgs/share/tello_msgs/cmake/ament_cmake_export_targets-extras.cmake
[0.423s] -- Up-to-date: /home/eeavir/drone_ws/install/tello_msgs/share/tello_msgs/cmake/ament_cmake_export_include_directories-extras.cmake
[0.423s] -- Up-to-date: /home/eeavir/drone_ws/install/tello_msgs/share/tello_msgs/cmake/rosidl_cmake_export_typesupport_libraries-extras.cmake
[0.423s] -- Up-to-date: /home/eeavir/drone_ws/install/tello_msgs/share/tello_msgs/cmake/rosidl_cmake_export_typesupport_targets-extras.cmake
[0.423s] -- Up-to-date: /home/eeavir/drone_ws/install/tello_msgs/share/tello_msgs/cmake/tello_msgsConfig.cmake
[0.423s] -- Up-to-date: /home/eeavir/drone_ws/install/tello_msgs/share/tello_msgs/cmake/tello_msgsConfig-version.cmake
[0.423s] -- Up-to-date: /home/eeavir/drone_ws/install/tello_msgs/share/tello_msgs/package.xml
[0.425s] Invoked command in '/home/eeavir/drone_ws/build/tello_msgs' returned '0': CMAKE_PREFIX_PATH=${CMAKE_PREFIX_PATH}:/home/eeavir/drone_ws/install/own_package:/home/eeavir/drone_ws/install/drone_image_viewer:/opt/ros/galactic /usr/bin/cmake --install /home/eeavir/drone_ws/build/tello_msgs
