-- Found ament_cmake: 1.1.6 (/opt/ros/galactic/share/ament_cmake/cmake)
-- Using PYTHON_EXECUTABLE: /usr/bin/python3
-- Found camera_calibration_parsers: 2.5.1 (/opt/ros/galactic/share/camera_calibration_parsers/cmake)
-- Using all available rosidl_typesupport_c: rosidl_typesupport_fastrtps_c;rosidl_typesupport_introspection_c
-- Found rosidl_adapter: 2.2.3 (/opt/ros/galactic/share/rosidl_adapter/cmake)
-- Using all available rosidl_typesupport_cpp: rosidl_typesupport_fastrtps_cpp;rosidl_typesupport_introspection_cpp
-- Found rmw_implementation_cmake: 3.3.1 (/opt/ros/galactic/share/rmw_implementation_cmake/cmake)
-- Found rmw_cyclonedds_cpp: 0.22.6 (/opt/ros/galactic/share/rmw_cyclonedds_cpp/cmake)
-- Using RMW implementation 'rmw_cyclonedds_cpp' as default
-- Setting yaml-cpp_DIR to: '/opt/ros/galactic/share/yaml_cpp_vendor/cmake/../../../opt/yaml_cpp_vendor/lib/cmake/yaml-cpp'
-- Found class_loader: 2.1.2 (/opt/ros/galactic/share/class_loader/cmake)
-- Found cv_bridge: 3.1.3 (/opt/ros/galactic/share/cv_bridge/cmake)
-- Found rclcpp_components: 9.2.2 (/opt/ros/galactic/share/rclcpp_components/cmake)
-- Found ros2_shared: 0.1.0 (/home/eeavir/tellocontrol/install/ros2_shared/share/ros2_shared/cmake)
-- Found tello_msgs: 0.1.0 (/home/eeavir/tellocontrol/install/tello_msgs/share/tello_msgs/cmake)
-- Configuring done
-- Generating done
-- Build files have been written to: /home/eeavir/tellocontrol/build/tello_driver
[35m[1mScanning dependencies of target tello_emulator[0m
[35m[1mScanning dependencies of target tello_joy_node[0m
[35m[1mScanning dependencies of target tello_joy_main[0m
[35m[1mScanning dependencies of target tello_driver_node[0m
[35m[1mScanning dependencies of target tello_driver_main[0m
[  4%] [32mBuilding CXX object CMakeFiles/tello_emulator.dir/src/tello_emulator.cpp.o[0m
[  9%] [32mBuilding CXX object CMakeFiles/tello_joy_node.dir/src/tello_joy_node.cpp.o[0m
[ 13%] [32mBuilding CXX object CMakeFiles/tello_joy_main.dir/src/tello_joy_node.cpp.o[0m
[ 18%] [32mBuilding CXX object CMakeFiles/tello_joy_main.dir/src/tello_joy_main.cpp.o[0m
[ 22%] [32mBuilding CXX object CMakeFiles/tello_driver_node.dir/src/tello_socket.cpp.o[0m
[ 27%] [32mBuilding CXX object CMakeFiles/tello_driver_node.dir/src/command_socket.cpp.o[0m
[ 31%] [32mBuilding CXX object CMakeFiles/tello_driver_node.dir/src/tello_driver_node.cpp.o[0m
[ 36%] [32mBuilding CXX object CMakeFiles/tello_driver_main.dir/src/tello_driver_main.cpp.o[0m
[ 40%] [32m[1mLinking CXX executable tello_emulator[0m
[ 40%] Built target tello_emulator
[ 45%] [32mBuilding CXX object CMakeFiles/tello_driver_node.dir/src/state_socket.cpp.o[0m
[ 50%] [32mBuilding CXX object CMakeFiles/tello_driver_node.dir/src/video_socket.cpp.o[0m
[ 54%] [32mBuilding CXX object CMakeFiles/tello_driver_main.dir/src/tello_driver_node.cpp.o[0m
[ 59%] [32mBuilding CXX object CMakeFiles/tello_driver_node.dir/h264decoder/h264decoder.cpp.o[0m
[ 63%] [32mBuilding CXX object CMakeFiles/tello_driver_main.dir/src/tello_socket.cpp.o[0m
[ 68%] [32mBuilding CXX object CMakeFiles/tello_driver_main.dir/src/command_socket.cpp.o[0m
[ 72%] [32mBuilding CXX object CMakeFiles/tello_driver_main.dir/src/state_socket.cpp.o[0m
[ 77%] [32m[1mLinking CXX executable tello_joy_main[0m
[ 81%] [32mBuilding CXX object CMakeFiles/tello_driver_main.dir/src/video_socket.cpp.o[0m
[ 86%] [32mBuilding CXX object CMakeFiles/tello_driver_main.dir/h264decoder/h264decoder.cpp.o[0m
[ 90%] [32m[1mLinking CXX shared library libtello_joy_node.so[0m
[ 90%] Built target tello_joy_main
[ 90%] Built target tello_joy_node
[ 95%] [32m[1mLinking CXX shared library libtello_driver_node.so[0m
[ 95%] Built target tello_driver_node
[100%] [32m[1mLinking CXX executable tello_driver_main[0m
[100%] Built target tello_driver_main
-- Install configuration: ""
-- Up-to-date: /home/eeavir/tellocontrol/install/tello_driver/share/tello_driver/environment/library_path.sh
-- Installing: /home/eeavir/tellocontrol/install/tello_driver/share/tello_driver/environment/library_path.dsv
-- Installing: /home/eeavir/tellocontrol/install/tello_driver/lib/libtello_driver_node.so
-- Set runtime path of "/home/eeavir/tellocontrol/install/tello_driver/lib/libtello_driver_node.so" to ""
-- Installing: /home/eeavir/tellocontrol/install/tello_driver/lib/libtello_joy_node.so
-- Set runtime path of "/home/eeavir/tellocontrol/install/tello_driver/lib/libtello_joy_node.so" to ""
-- Installing: /home/eeavir/tellocontrol/install/tello_driver/lib/tello_driver/tello_driver_main
-- Set runtime path of "/home/eeavir/tellocontrol/install/tello_driver/lib/tello_driver/tello_driver_main" to ""
-- Installing: /home/eeavir/tellocontrol/install/tello_driver/lib/tello_driver/tello_joy_main
-- Set runtime path of "/home/eeavir/tellocontrol/install/tello_driver/lib/tello_driver/tello_joy_main" to ""
-- Installing: /home/eeavir/tellocontrol/install/tello_driver/lib/tello_driver/tello_emulator
-- Up-to-date: /home/eeavir/tellocontrol/install/tello_driver/share/tello_driver/cfg
-- Installing: /home/eeavir/tellocontrol/install/tello_driver/share/tello_driver/cfg/camera_info.yaml
-- Up-to-date: /home/eeavir/tellocontrol/install/tello_driver/share/tello_driver/launch
-- Installing: /home/eeavir/tellocontrol/install/tello_driver/share/tello_driver/launch/emulators_launch.py
-- Installing: /home/eeavir/tellocontrol/install/tello_driver/share/tello_driver/launch/emulator_launch.py
-- Installing: /home/eeavir/tellocontrol/install/tello_driver/share/tello_driver/launch/teleop_launch.py
-- Up-to-date: /home/eeavir/tellocontrol/install/tello_driver/share/ament_index/resource_index/package_run_dependencies/tello_driver
-- Up-to-date: /home/eeavir/tellocontrol/install/tello_driver/share/ament_index/resource_index/parent_prefix_path/tello_driver
-- Up-to-date: /home/eeavir/tellocontrol/install/tello_driver/share/tello_driver/environment/ament_prefix_path.sh
-- Installing: /home/eeavir/tellocontrol/install/tello_driver/share/tello_driver/environment/ament_prefix_path.dsv
-- Up-to-date: /home/eeavir/tellocontrol/install/tello_driver/share/tello_driver/environment/path.sh
-- Installing: /home/eeavir/tellocontrol/install/tello_driver/share/tello_driver/environment/path.dsv
-- Up-to-date: /home/eeavir/tellocontrol/install/tello_driver/share/tello_driver/local_setup.bash
-- Up-to-date: /home/eeavir/tellocontrol/install/tello_driver/share/tello_driver/local_setup.sh
-- Up-to-date: /home/eeavir/tellocontrol/install/tello_driver/share/tello_driver/local_setup.zsh
-- Installing: /home/eeavir/tellocontrol/install/tello_driver/share/tello_driver/local_setup.dsv
-- Installing: /home/eeavir/tellocontrol/install/tello_driver/share/tello_driver/package.dsv
-- Up-to-date: /home/eeavir/tellocontrol/install/tello_driver/share/ament_index/resource_index/packages/tello_driver
-- Up-to-date: /home/eeavir/tellocontrol/install/tello_driver/share/ament_index/resource_index/rclcpp_components/tello_driver
-- Up-to-date: /home/eeavir/tellocontrol/install/tello_driver/share/tello_driver/cmake/tello_driverConfig.cmake
-- Up-to-date: /home/eeavir/tellocontrol/install/tello_driver/share/tello_driver/cmake/tello_driverConfig-version.cmake
-- Installing: /home/eeavir/tellocontrol/install/tello_driver/share/tello_driver/package.xml
