[0.012s] Invoking command in '/home/eeavir/tellocontrol/build/tello_driver': CMAKE_PREFIX_PATH=/home/eeavir/tellocontrol/install/tello_msgs:/home/eeavir/tellocontrol/install/ros2_shared:/home/eeavir/tellocontrol/install/tello_gazebo:/home/eeavir/tellocontrol/install/tello_driver:/home/eeavir/tellocontrol/install/tello_description:/home/eeavir/tellocontrol/install/own_package:/opt/ros/galactic LD_LIBRARY_PATH=/home/eeavir/tellocontrol/install/tello_msgs/lib:/home/eeavir/tellocontrol/install/tello_gazebo/lib:/home/eeavir/tellocontrol/install/tello_driver/lib:/usr/lib/x86_64-linux-gnu/gazebo-11/plugins:/opt/ros/galactic/opt/yaml_cpp_vendor/lib:/opt/ros/galactic/opt/rviz_ogre_vendor/lib:/opt/ros/galactic/lib/x86_64-linux-gnu:/opt/ros/galactic/lib:/usr/lib/x86_64-linux-gnu/gazebo-11/plugins /usr/bin/cmake --build /home/eeavir/tellocontrol/build/tello_driver -- -j8 -l8
[0.035s] -- Found ament_cmake: 1.1.6 (/opt/ros/galactic/share/ament_cmake/cmake)
[0.051s] -- Using PYTHON_EXECUTABLE: /usr/bin/python3
[0.095s] -- Found camera_calibration_parsers: 2.5.1 (/opt/ros/galactic/share/camera_calibration_parsers/cmake)
[0.136s] -- Using all available rosidl_typesupport_c: rosidl_typesupport_fastrtps_c;rosidl_typesupport_introspection_c
[0.139s] -- Found rosidl_adapter: 2.2.3 (/opt/ros/galactic/share/rosidl_adapter/cmake)
[0.251s] -- Using all available rosidl_typesupport_cpp: rosidl_typesupport_fastrtps_cpp;rosidl_typesupport_introspection_cpp
[0.312s] -- Found rmw_implementation_cmake: 3.3.1 (/opt/ros/galactic/share/rmw_implementation_cmake/cmake)
[0.315s] -- Found rmw_cyclonedds_cpp: 0.22.6 (/opt/ros/galactic/share/rmw_cyclonedds_cpp/cmake)
[0.339s] -- Using RMW implementation 'rmw_cyclonedds_cpp' as default
[0.634s] -- Setting yaml-cpp_DIR to: '/opt/ros/galactic/share/yaml_cpp_vendor/cmake/../../../opt/yaml_cpp_vendor/lib/cmake/yaml-cpp'
[0.638s] -- Found class_loader: 2.1.2 (/opt/ros/galactic/share/class_loader/cmake)
[0.643s] -- Found cv_bridge: 3.1.3 (/opt/ros/galactic/share/cv_bridge/cmake)
[0.677s] -- Found rclcpp_components: 9.2.2 (/opt/ros/galactic/share/rclcpp_components/cmake)
[0.727s] -- Found ros2_shared: 0.1.0 (/home/eeavir/tellocontrol/install/ros2_shared/share/ros2_shared/cmake)
[0.728s] -- Found tello_msgs: 0.1.0 (/home/eeavir/tellocontrol/install/tello_msgs/share/tello_msgs/cmake)
[0.962s] -- Configuring done
[1.018s] -- Generating done
[1.043s] -- Build files have been written to: /home/eeavir/tellocontrol/build/tello_driver
[1.074s] [35m[1mScanning dependencies of target tello_emulator[0m
[1.078s] [35m[1mScanning dependencies of target tello_joy_node[0m
[1.079s] [35m[1mScanning dependencies of target tello_joy_main[0m
[1.089s] [35m[1mScanning dependencies of target tello_driver_node[0m
[1.089s] [35m[1mScanning dependencies of target tello_driver_main[0m
[1.094s] [  4%] [32mBuilding CXX object CMakeFiles/tello_emulator.dir/src/tello_emulator.cpp.o[0m
[1.130s] [  9%] [32mBuilding CXX object CMakeFiles/tello_joy_node.dir/src/tello_joy_node.cpp.o[0m
[1.139s] [ 13%] [32mBuilding CXX object CMakeFiles/tello_joy_main.dir/src/tello_joy_node.cpp.o[0m
[1.147s] [ 18%] [32mBuilding CXX object CMakeFiles/tello_joy_main.dir/src/tello_joy_main.cpp.o[0m
[1.198s] [ 22%] [32mBuilding CXX object CMakeFiles/tello_driver_node.dir/src/tello_socket.cpp.o[0m
[1.198s] [ 27%] [32mBuilding CXX object CMakeFiles/tello_driver_node.dir/src/command_socket.cpp.o[0m
[1.209s] [ 31%] [32mBuilding CXX object CMakeFiles/tello_driver_node.dir/src/tello_driver_node.cpp.o[0m
[1.231s] [ 36%] [32mBuilding CXX object CMakeFiles/tello_driver_main.dir/src/tello_driver_main.cpp.o[0m
[3.339s] [ 40%] [32m[1mLinking CXX executable tello_emulator[0m
[3.637s] [ 40%] Built target tello_emulator
[3.656s] [ 45%] [32mBuilding CXX object CMakeFiles/tello_driver_node.dir/src/state_socket.cpp.o[0m
[5.122s] [ 50%] [32mBuilding CXX object CMakeFiles/tello_driver_node.dir/src/video_socket.cpp.o[0m
[5.877s] [ 54%] [32mBuilding CXX object CMakeFiles/tello_driver_main.dir/src/tello_driver_node.cpp.o[0m
[6.362s] [ 59%] [32mBuilding CXX object CMakeFiles/tello_driver_node.dir/h264decoder/h264decoder.cpp.o[0m
[6.838s] [ 63%] [32mBuilding CXX object CMakeFiles/tello_driver_main.dir/src/tello_socket.cpp.o[0m
[7.018s] [ 68%] [32mBuilding CXX object CMakeFiles/tello_driver_main.dir/src/command_socket.cpp.o[0m
[10.448s] [ 72%] [32mBuilding CXX object CMakeFiles/tello_driver_main.dir/src/state_socket.cpp.o[0m
[12.642s] [ 77%] [32m[1mLinking CXX executable tello_joy_main[0m
[12.676s] [ 81%] [32mBuilding CXX object CMakeFiles/tello_driver_main.dir/src/video_socket.cpp.o[0m
[12.899s] [ 86%] [32mBuilding CXX object CMakeFiles/tello_driver_main.dir/h264decoder/h264decoder.cpp.o[0m
[13.203s] [ 90%] [32m[1mLinking CXX shared library libtello_joy_node.so[0m
[13.483s] [ 90%] Built target tello_joy_main
[13.758s] [ 90%] Built target tello_joy_node
[15.983s] [ 95%] [32m[1mLinking CXX shared library libtello_driver_node.so[0m
[16.781s] [ 95%] Built target tello_driver_node
[18.673s] [100%] [32m[1mLinking CXX executable tello_driver_main[0m
[19.876s] [100%] Built target tello_driver_main
[19.885s] Invoked command in '/home/eeavir/tellocontrol/build/tello_driver' returned '0': CMAKE_PREFIX_PATH=/home/eeavir/tellocontrol/install/tello_msgs:/home/eeavir/tellocontrol/install/ros2_shared:/home/eeavir/tellocontrol/install/tello_gazebo:/home/eeavir/tellocontrol/install/tello_driver:/home/eeavir/tellocontrol/install/tello_description:/home/eeavir/tellocontrol/install/own_package:/opt/ros/galactic LD_LIBRARY_PATH=/home/eeavir/tellocontrol/install/tello_msgs/lib:/home/eeavir/tellocontrol/install/tello_gazebo/lib:/home/eeavir/tellocontrol/install/tello_driver/lib:/usr/lib/x86_64-linux-gnu/gazebo-11/plugins:/opt/ros/galactic/opt/yaml_cpp_vendor/lib:/opt/ros/galactic/opt/rviz_ogre_vendor/lib:/opt/ros/galactic/lib/x86_64-linux-gnu:/opt/ros/galactic/lib:/usr/lib/x86_64-linux-gnu/gazebo-11/plugins /usr/bin/cmake --build /home/eeavir/tellocontrol/build/tello_driver -- -j8 -l8
[19.887s] Invoking command in '/home/eeavir/tellocontrol/build/tello_driver': CMAKE_PREFIX_PATH=/home/eeavir/tellocontrol/install/tello_msgs:/home/eeavir/tellocontrol/install/ros2_shared:/home/eeavir/tellocontrol/install/tello_gazebo:/home/eeavir/tellocontrol/install/tello_driver:/home/eeavir/tellocontrol/install/tello_description:/home/eeavir/tellocontrol/install/own_package:/opt/ros/galactic LD_LIBRARY_PATH=/home/eeavir/tellocontrol/install/tello_msgs/lib:/home/eeavir/tellocontrol/install/tello_gazebo/lib:/home/eeavir/tellocontrol/install/tello_driver/lib:/usr/lib/x86_64-linux-gnu/gazebo-11/plugins:/opt/ros/galactic/opt/yaml_cpp_vendor/lib:/opt/ros/galactic/opt/rviz_ogre_vendor/lib:/opt/ros/galactic/lib/x86_64-linux-gnu:/opt/ros/galactic/lib:/usr/lib/x86_64-linux-gnu/gazebo-11/plugins /usr/bin/cmake --install /home/eeavir/tellocontrol/build/tello_driver
[19.894s] -- Install configuration: ""
[19.894s] -- Up-to-date: /home/eeavir/tellocontrol/install/tello_driver/share/tello_driver/environment/library_path.sh
[19.894s] -- Installing: /home/eeavir/tellocontrol/install/tello_driver/share/tello_driver/environment/library_path.dsv
[19.894s] -- Installing: /home/eeavir/tellocontrol/install/tello_driver/lib/libtello_driver_node.so
[19.902s] -- Set runtime path of "/home/eeavir/tellocontrol/install/tello_driver/lib/libtello_driver_node.so" to ""
[19.902s] -- Installing: /home/eeavir/tellocontrol/install/tello_driver/lib/libtello_joy_node.so
[19.908s] -- Set runtime path of "/home/eeavir/tellocontrol/install/tello_driver/lib/libtello_joy_node.so" to ""
[19.908s] -- Installing: /home/eeavir/tellocontrol/install/tello_driver/lib/tello_driver/tello_driver_main
[19.912s] -- Set runtime path of "/home/eeavir/tellocontrol/install/tello_driver/lib/tello_driver/tello_driver_main" to ""
[19.913s] -- Installing: /home/eeavir/tellocontrol/install/tello_driver/lib/tello_driver/tello_joy_main
[19.915s] -- Set runtime path of "/home/eeavir/tellocontrol/install/tello_driver/lib/tello_driver/tello_joy_main" to ""
[19.915s] -- Installing: /home/eeavir/tellocontrol/install/tello_driver/lib/tello_driver/tello_emulator
[19.915s] -- Up-to-date: /home/eeavir/tellocontrol/install/tello_driver/share/tello_driver/cfg
[19.915s] -- Installing: /home/eeavir/tellocontrol/install/tello_driver/share/tello_driver/cfg/camera_info.yaml
[19.916s] -- Up-to-date: /home/eeavir/tellocontrol/install/tello_driver/share/tello_driver/launch
[19.916s] -- Installing: /home/eeavir/tellocontrol/install/tello_driver/share/tello_driver/launch/emulators_launch.py
[19.916s] -- Installing: /home/eeavir/tellocontrol/install/tello_driver/share/tello_driver/launch/emulator_launch.py
[19.916s] -- Installing: /home/eeavir/tellocontrol/install/tello_driver/share/tello_driver/launch/teleop_launch.py
[19.916s] -- Up-to-date: /home/eeavir/tellocontrol/install/tello_driver/share/ament_index/resource_index/package_run_dependencies/tello_driver
[19.916s] -- Up-to-date: /home/eeavir/tellocontrol/install/tello_driver/share/ament_index/resource_index/parent_prefix_path/tello_driver
[19.916s] -- Up-to-date: /home/eeavir/tellocontrol/install/tello_driver/share/tello_driver/environment/ament_prefix_path.sh
[19.916s] -- Installing: /home/eeavir/tellocontrol/install/tello_driver/share/tello_driver/environment/ament_prefix_path.dsv
[19.916s] -- Up-to-date: /home/eeavir/tellocontrol/install/tello_driver/share/tello_driver/environment/path.sh
[19.916s] -- Installing: /home/eeavir/tellocontrol/install/tello_driver/share/tello_driver/environment/path.dsv
[19.916s] -- Up-to-date: /home/eeavir/tellocontrol/install/tello_driver/share/tello_driver/local_setup.bash
[19.916s] -- Up-to-date: /home/eeavir/tellocontrol/install/tello_driver/share/tello_driver/local_setup.sh
[19.916s] -- Up-to-date: /home/eeavir/tellocontrol/install/tello_driver/share/tello_driver/local_setup.zsh
[19.916s] -- Installing: /home/eeavir/tellocontrol/install/tello_driver/share/tello_driver/local_setup.dsv
[19.917s] -- Installing: /home/eeavir/tellocontrol/install/tello_driver/share/tello_driver/package.dsv
[19.917s] -- Up-to-date: /home/eeavir/tellocontrol/install/tello_driver/share/ament_index/resource_index/packages/tello_driver
[19.917s] -- Up-to-date: /home/eeavir/tellocontrol/install/tello_driver/share/ament_index/resource_index/rclcpp_components/tello_driver
[19.917s] -- Up-to-date: /home/eeavir/tellocontrol/install/tello_driver/share/tello_driver/cmake/tello_driverConfig.cmake
[19.917s] -- Up-to-date: /home/eeavir/tellocontrol/install/tello_driver/share/tello_driver/cmake/tello_driverConfig-version.cmake
[19.917s] -- Installing: /home/eeavir/tellocontrol/install/tello_driver/share/tello_driver/package.xml
[19.918s] Invoked command in '/home/eeavir/tellocontrol/build/tello_driver' returned '0': CMAKE_PREFIX_PATH=/home/eeavir/tellocontrol/install/tello_msgs:/home/eeavir/tellocontrol/install/ros2_shared:/home/eeavir/tellocontrol/install/tello_gazebo:/home/eeavir/tellocontrol/install/tello_driver:/home/eeavir/tellocontrol/install/tello_description:/home/eeavir/tellocontrol/install/own_package:/opt/ros/galactic LD_LIBRARY_PATH=/home/eeavir/tellocontrol/install/tello_msgs/lib:/home/eeavir/tellocontrol/install/tello_gazebo/lib:/home/eeavir/tellocontrol/install/tello_driver/lib:/usr/lib/x86_64-linux-gnu/gazebo-11/plugins:/opt/ros/galactic/opt/yaml_cpp_vendor/lib:/opt/ros/galactic/opt/rviz_ogre_vendor/lib:/opt/ros/galactic/lib/x86_64-linux-gnu:/opt/ros/galactic/lib:/usr/lib/x86_64-linux-gnu/gazebo-11/plugins /usr/bin/cmake --install /home/eeavir/tellocontrol/build/tello_driver
