[0.185s] Invoking command in '/home/eeavir/tellocontrol/build/tello_description': CMAKE_PREFIX_PATH=${CMAKE_PREFIX_PATH}:/home/eeavir/tellocontrol/install/own_package:/opt/ros/galactic /usr/bin/cmake --build /home/eeavir/tellocontrol/build/tello_description -- -j8 -l8
[0.233s] [ 11%] Built target generate_urdf_3
[0.234s] [ 22%] Built target generate_urdf_8
[0.243s] [ 33%] Built target generate_urdf_7
[0.245s] [ 44%] Built target generate_urdf_1
[0.245s] [ 55%] Built target generate_urdf
[0.250s] [ 77%] Built target generate_urdf_6
[0.251s] [ 77%] Built target generate_urdf_4
[0.256s] [ 88%] Built target generate_urdf_5
[0.262s] [100%] Built target generate_urdf_2
[0.271s] Invoked command in '/home/eeavir/tellocontrol/build/tello_description' returned '0': CMAKE_PREFIX_PATH=${CMAKE_PREFIX_PATH}:/home/eeavir/tellocontrol/install/own_package:/opt/ros/galactic /usr/bin/cmake --build /home/eeavir/tellocontrol/build/tello_description -- -j8 -l8
[0.279s] Invoking command in '/home/eeavir/tellocontrol/build/tello_description': CMAKE_PREFIX_PATH=${CMAKE_PREFIX_PATH}:/home/eeavir/tellocontrol/install/own_package:/opt/ros/galactic /usr/bin/cmake --install /home/eeavir/tellocontrol/build/tello_description
[0.283s] -- Install configuration: ""
[0.283s] -- Up-to-date: /home/eeavir/tellocontrol/install/tello_description/share/tello_description/urdf
[0.283s] -- Up-to-date: /home/eeavir/tellocontrol/install/tello_description/share/tello_description/urdf/tello_8.urdf
[0.284s] -- Up-to-date: /home/eeavir/tellocontrol/install/tello_description/share/tello_description/urdf/tello.urdf
[0.284s] -- Up-to-date: /home/eeavir/tellocontrol/install/tello_description/share/tello_description/urdf/tello_4.urdf
[0.284s] -- Up-to-date: /home/eeavir/tellocontrol/install/tello_description/share/tello_description/urdf/tello_3.urdf
[0.284s] -- Up-to-date: /home/eeavir/tellocontrol/install/tello_description/share/tello_description/urdf/tello_1.urdf
[0.284s] -- Up-to-date: /home/eeavir/tellocontrol/install/tello_description/share/tello_description/urdf/tello_7.urdf
[0.284s] -- Up-to-date: /home/eeavir/tellocontrol/install/tello_description/share/tello_description/urdf/tello_2.urdf
[0.284s] -- Up-to-date: /home/eeavir/tellocontrol/install/tello_description/share/tello_description/urdf/tello_6.urdf
[0.285s] -- Up-to-date: /home/eeavir/tellocontrol/install/tello_description/share/tello_description/urdf/tello_5.urdf
[0.285s] -- Up-to-date: /home/eeavir/tellocontrol/install/tello_description/share/ament_index/resource_index/package_run_dependencies/tello_description
[0.286s] -- Up-to-date: /home/eeavir/tellocontrol/install/tello_description/share/ament_index/resource_index/parent_prefix_path/tello_description
[0.286s] -- Up-to-date: /home/eeavir/tellocontrol/install/tello_description/share/tello_description/environment/ament_prefix_path.sh
[0.286s] -- Up-to-date: /home/eeavir/tellocontrol/install/tello_description/share/tello_description/environment/ament_prefix_path.dsv
[0.287s] -- Up-to-date: /home/eeavir/tellocontrol/install/tello_description/share/tello_description/environment/path.sh
[0.287s] -- Up-to-date: /home/eeavir/tellocontrol/install/tello_description/share/tello_description/environment/path.dsv
[0.287s] -- Up-to-date: /home/eeavir/tellocontrol/install/tello_description/share/tello_description/local_setup.bash
[0.287s] -- Up-to-date: /home/eeavir/tellocontrol/install/tello_description/share/tello_description/local_setup.sh
[0.288s] -- Up-to-date: /home/eeavir/tellocontrol/install/tello_description/share/tello_description/local_setup.zsh
[0.288s] -- Up-to-date: /home/eeavir/tellocontrol/install/tello_description/share/tello_description/local_setup.dsv
[0.288s] -- Installing: /home/eeavir/tellocontrol/install/tello_description/share/tello_description/package.dsv
[0.289s] -- Up-to-date: /home/eeavir/tellocontrol/install/tello_description/share/ament_index/resource_index/packages/tello_description
[0.289s] -- Up-to-date: /home/eeavir/tellocontrol/install/tello_description/share/tello_description/cmake/tello_descriptionConfig.cmake
[0.289s] -- Up-to-date: /home/eeavir/tellocontrol/install/tello_description/share/tello_description/cmake/tello_descriptionConfig-version.cmake
[0.290s] -- Up-to-date: /home/eeavir/tellocontrol/install/tello_description/share/tello_description/package.xml
[0.307s] Invoked command in '/home/eeavir/tellocontrol/build/tello_description' returned '0': CMAKE_PREFIX_PATH=${CMAKE_PREFIX_PATH}:/home/eeavir/tellocontrol/install/own_package:/opt/ros/galactic /usr/bin/cmake --install /home/eeavir/tellocontrol/build/tello_description
