[0.120s] DEBUG:colcon:Command line arguments: ['/usr/bin/colcon', 'build']
[0.120s] DEBUG:colcon:Parsed command line arguments: Namespace(allow_overriding=[], ament_cmake_args=None, base_paths=['.'], build_base='build', catkin_cmake_args=None, catkin_skip_building_tests=False, cmake_args=None, cmake_clean_cache=False, cmake_clean_first=False, cmake_force_configure=False, cmake_target=None, cmake_target_skip_unavailable=False, continue_on_error=False, event_handlers=None, executor='parallel', ignore_user_meta=False, install_base='install', log_base=None, log_level=None, main=<bound method BuildVerb.main of <colcon_core.verb.build.BuildVerb object at 0x7f7474110d60>>, merge_install=False, metas=['./colcon.meta'], mixin=None, mixin_files=None, mixin_verb=('build',), packages_above=None, packages_above_and_dependencies=None, packages_above_depth=None, packages_end=None, packages_ignore=None, packages_ignore_regex=None, packages_select=None, packages_select_build_failed=False, packages_select_by_dep=None, packages_select_regex=None, packages_select_test_failures=False, packages_skip=None, packages_skip_build_finished=False, packages_skip_by_dep=None, packages_skip_regex=None, packages_skip_test_passed=False, packages_skip_up_to=None, packages_start=None, packages_up_to=None, packages_up_to_regex=None, parallel_workers=8, paths=None, symlink_install=False, test_result_base=None, verb_extension=<colcon_core.verb.build.BuildVerb object at 0x7f7474110d60>, verb_name='build', verb_parser=<colcon_mixin.mixin.mixin_argument.MixinArgumentDecorator object at 0x7f7474070d30>)
[0.214s] Level 1:colcon.colcon_core.package_discovery:discover_packages(colcon_meta) check parameters
[0.214s] Level 1:colcon.colcon_core.package_discovery:discover_packages(recursive) check parameters
[0.214s] Level 1:colcon.colcon_core.package_discovery:discover_packages(ignore) check parameters
[0.214s] Level 1:colcon.colcon_core.package_discovery:discover_packages(path) check parameters
[0.214s] Level 1:colcon.colcon_core.package_discovery:discover_packages(colcon_meta) discover
[0.214s] Level 1:colcon.colcon_core.package_discovery:discover_packages(recursive) discover
[0.214s] INFO:colcon.colcon_core.package_discovery:Crawling recursively for packages in '/home/eeavir/tellocontrol'
[0.214s] Level 1:colcon.colcon_core.package_identification:_identify(.) by extensions ['ignore', 'ignore_ament_install']
[0.214s] Level 1:colcon.colcon_core.package_identification:_identify(.) by extension 'ignore'
[0.214s] Level 1:colcon.colcon_core.package_identification:_identify(.) by extension 'ignore_ament_install'
[0.214s] Level 1:colcon.colcon_core.package_identification:_identify(.) by extensions ['colcon_pkg']
[0.214s] Level 1:colcon.colcon_core.package_identification:_identify(.) by extension 'colcon_pkg'
[0.214s] Level 1:colcon.colcon_core.package_identification:_identify(.) by extensions ['colcon_meta']
[0.214s] Level 1:colcon.colcon_core.package_identification:_identify(.) by extension 'colcon_meta'
[0.214s] Level 1:colcon.colcon_core.package_identification:_identify(.) by extensions ['ros']
[0.214s] Level 1:colcon.colcon_core.package_identification:_identify(.) by extension 'ros'
[0.222s] Level 1:colcon.colcon_core.package_identification:_identify(.) by extensions ['cmake', 'python']
[0.222s] Level 1:colcon.colcon_core.package_identification:_identify(.) by extension 'cmake'
[0.222s] Level 1:colcon.colcon_core.package_identification:_identify(.) by extension 'python'
[0.222s] Level 1:colcon.colcon_core.package_identification:_identify(.) by extensions ['python_setup_py']
[0.222s] Level 1:colcon.colcon_core.package_identification:_identify(.) by extension 'python_setup_py'
[0.222s] Level 1:colcon.colcon_core.package_identification:_identify(build) by extensions ['ignore', 'ignore_ament_install']
[0.222s] Level 1:colcon.colcon_core.package_identification:_identify(build) by extension 'ignore'
[0.222s] Level 1:colcon.colcon_core.package_identification:_identify(build) ignored
[0.222s] Level 1:colcon.colcon_core.package_identification:_identify(install) by extensions ['ignore', 'ignore_ament_install']
[0.223s] Level 1:colcon.colcon_core.package_identification:_identify(install) by extension 'ignore'
[0.223s] Level 1:colcon.colcon_core.package_identification:_identify(install) ignored
[0.223s] Level 1:colcon.colcon_core.package_identification:_identify(log) by extensions ['ignore', 'ignore_ament_install']
[0.223s] Level 1:colcon.colcon_core.package_identification:_identify(log) by extension 'ignore'
[0.223s] Level 1:colcon.colcon_core.package_identification:_identify(log) ignored
[0.223s] Level 1:colcon.colcon_core.package_identification:_identify(src) by extensions ['ignore', 'ignore_ament_install']
[0.223s] Level 1:colcon.colcon_core.package_identification:_identify(src) by extension 'ignore'
[0.223s] Level 1:colcon.colcon_core.package_identification:_identify(src) by extension 'ignore_ament_install'
[0.223s] Level 1:colcon.colcon_core.package_identification:_identify(src) by extensions ['colcon_pkg']
[0.223s] Level 1:colcon.colcon_core.package_identification:_identify(src) by extension 'colcon_pkg'
[0.223s] Level 1:colcon.colcon_core.package_identification:_identify(src) by extensions ['colcon_meta']
[0.223s] Level 1:colcon.colcon_core.package_identification:_identify(src) by extension 'colcon_meta'
[0.223s] Level 1:colcon.colcon_core.package_identification:_identify(src) by extensions ['ros']
[0.223s] Level 1:colcon.colcon_core.package_identification:_identify(src) by extension 'ros'
[0.223s] Level 1:colcon.colcon_core.package_identification:_identify(src) by extensions ['cmake', 'python']
[0.223s] Level 1:colcon.colcon_core.package_identification:_identify(src) by extension 'cmake'
[0.223s] Level 1:colcon.colcon_core.package_identification:_identify(src) by extension 'python'
[0.223s] Level 1:colcon.colcon_core.package_identification:_identify(src) by extensions ['python_setup_py']
[0.223s] Level 1:colcon.colcon_core.package_identification:_identify(src) by extension 'python_setup_py'
[0.223s] Level 1:colcon.colcon_core.package_identification:_identify(src/drone_racing_ros2) by extensions ['ignore', 'ignore_ament_install']
[0.224s] Level 1:colcon.colcon_core.package_identification:_identify(src/drone_racing_ros2) by extension 'ignore'
[0.224s] Level 1:colcon.colcon_core.package_identification:_identify(src/drone_racing_ros2) by extension 'ignore_ament_install'
[0.224s] Level 1:colcon.colcon_core.package_identification:_identify(src/drone_racing_ros2) by extensions ['colcon_pkg']
[0.224s] Level 1:colcon.colcon_core.package_identification:_identify(src/drone_racing_ros2) by extension 'colcon_pkg'
[0.224s] Level 1:colcon.colcon_core.package_identification:_identify(src/drone_racing_ros2) by extensions ['colcon_meta']
[0.224s] Level 1:colcon.colcon_core.package_identification:_identify(src/drone_racing_ros2) by extension 'colcon_meta'
[0.224s] Level 1:colcon.colcon_core.package_identification:_identify(src/drone_racing_ros2) by extensions ['ros']
[0.224s] Level 1:colcon.colcon_core.package_identification:_identify(src/drone_racing_ros2) by extension 'ros'
[0.224s] Level 1:colcon.colcon_core.package_identification:_identify(src/drone_racing_ros2) by extensions ['cmake', 'python']
[0.224s] Level 1:colcon.colcon_core.package_identification:_identify(src/drone_racing_ros2) by extension 'cmake'
[0.224s] Level 1:colcon.colcon_core.package_identification:_identify(src/drone_racing_ros2) by extension 'python'
[0.224s] Level 1:colcon.colcon_core.package_identification:_identify(src/drone_racing_ros2) by extensions ['python_setup_py']
[0.224s] Level 1:colcon.colcon_core.package_identification:_identify(src/drone_racing_ros2) by extension 'python_setup_py'
[0.224s] Level 1:colcon.colcon_core.package_identification:_identify(src/drone_racing_ros2/ros2_shared) by extensions ['ignore', 'ignore_ament_install']
[0.224s] Level 1:colcon.colcon_core.package_identification:_identify(src/drone_racing_ros2/ros2_shared) by extension 'ignore'
[0.224s] Level 1:colcon.colcon_core.package_identification:_identify(src/drone_racing_ros2/ros2_shared) by extension 'ignore_ament_install'
[0.224s] Level 1:colcon.colcon_core.package_identification:_identify(src/drone_racing_ros2/ros2_shared) by extensions ['colcon_pkg']
[0.224s] Level 1:colcon.colcon_core.package_identification:_identify(src/drone_racing_ros2/ros2_shared) by extension 'colcon_pkg'
[0.224s] Level 1:colcon.colcon_core.package_identification:_identify(src/drone_racing_ros2/ros2_shared) by extensions ['colcon_meta']
[0.224s] Level 1:colcon.colcon_core.package_identification:_identify(src/drone_racing_ros2/ros2_shared) by extension 'colcon_meta'
[0.224s] Level 1:colcon.colcon_core.package_identification:_identify(src/drone_racing_ros2/ros2_shared) by extensions ['ros']
[0.224s] Level 1:colcon.colcon_core.package_identification:_identify(src/drone_racing_ros2/ros2_shared) by extension 'ros'
[0.227s] DEBUG:colcon.colcon_core.package_identification:Package 'src/drone_racing_ros2/ros2_shared' with type 'ros.ament_cmake' and name 'ros2_shared'
[0.227s] Level 1:colcon.colcon_core.package_identification:_identify(src/drone_racing_ros2/tello_ros) by extensions ['ignore', 'ignore_ament_install']
[0.227s] Level 1:colcon.colcon_core.package_identification:_identify(src/drone_racing_ros2/tello_ros) by extension 'ignore'
[0.227s] Level 1:colcon.colcon_core.package_identification:_identify(src/drone_racing_ros2/tello_ros) by extension 'ignore_ament_install'
[0.227s] Level 1:colcon.colcon_core.package_identification:_identify(src/drone_racing_ros2/tello_ros) by extensions ['colcon_pkg']
[0.227s] Level 1:colcon.colcon_core.package_identification:_identify(src/drone_racing_ros2/tello_ros) by extension 'colcon_pkg'
[0.227s] Level 1:colcon.colcon_core.package_identification:_identify(src/drone_racing_ros2/tello_ros) by extensions ['colcon_meta']
[0.227s] Level 1:colcon.colcon_core.package_identification:_identify(src/drone_racing_ros2/tello_ros) by extension 'colcon_meta'
[0.227s] Level 1:colcon.colcon_core.package_identification:_identify(src/drone_racing_ros2/tello_ros) by extensions ['ros']
[0.228s] Level 1:colcon.colcon_core.package_identification:_identify(src/drone_racing_ros2/tello_ros) by extension 'ros'
[0.228s] Level 1:colcon.colcon_core.package_identification:_identify(src/drone_racing_ros2/tello_ros) by extensions ['cmake', 'python']
[0.228s] Level 1:colcon.colcon_core.package_identification:_identify(src/drone_racing_ros2/tello_ros) by extension 'cmake'
[0.228s] Level 1:colcon.colcon_core.package_identification:_identify(src/drone_racing_ros2/tello_ros) by extension 'python'
[0.228s] Level 1:colcon.colcon_core.package_identification:_identify(src/drone_racing_ros2/tello_ros) by extensions ['python_setup_py']
[0.228s] Level 1:colcon.colcon_core.package_identification:_identify(src/drone_racing_ros2/tello_ros) by extension 'python_setup_py'
[0.228s] Level 1:colcon.colcon_core.package_identification:_identify(src/drone_racing_ros2/tello_ros/docker) by extensions ['ignore', 'ignore_ament_install']
[0.228s] Level 1:colcon.colcon_core.package_identification:_identify(src/drone_racing_ros2/tello_ros/docker) by extension 'ignore'
[0.228s] Level 1:colcon.colcon_core.package_identification:_identify(src/drone_racing_ros2/tello_ros/docker) by extension 'ignore_ament_install'
[0.228s] Level 1:colcon.colcon_core.package_identification:_identify(src/drone_racing_ros2/tello_ros/docker) by extensions ['colcon_pkg']
[0.228s] Level 1:colcon.colcon_core.package_identification:_identify(src/drone_racing_ros2/tello_ros/docker) by extension 'colcon_pkg'
[0.228s] Level 1:colcon.colcon_core.package_identification:_identify(src/drone_racing_ros2/tello_ros/docker) by extensions ['colcon_meta']
[0.228s] Level 1:colcon.colcon_core.package_identification:_identify(src/drone_racing_ros2/tello_ros/docker) by extension 'colcon_meta'
[0.228s] Level 1:colcon.colcon_core.package_identification:_identify(src/drone_racing_ros2/tello_ros/docker) by extensions ['ros']
[0.228s] Level 1:colcon.colcon_core.package_identification:_identify(src/drone_racing_ros2/tello_ros/docker) by extension 'ros'
[0.228s] Level 1:colcon.colcon_core.package_identification:_identify(src/drone_racing_ros2/tello_ros/docker) by extensions ['cmake', 'python']
[0.228s] Level 1:colcon.colcon_core.package_identification:_identify(src/drone_racing_ros2/tello_ros/docker) by extension 'cmake'
[0.228s] Level 1:colcon.colcon_core.package_identification:_identify(src/drone_racing_ros2/tello_ros/docker) by extension 'python'
[0.228s] Level 1:colcon.colcon_core.package_identification:_identify(src/drone_racing_ros2/tello_ros/docker) by extensions ['python_setup_py']
[0.228s] Level 1:colcon.colcon_core.package_identification:_identify(src/drone_racing_ros2/tello_ros/docker) by extension 'python_setup_py'
[0.229s] Level 1:colcon.colcon_core.package_identification:_identify(src/drone_racing_ros2/tello_ros/tello_description) by extensions ['ignore', 'ignore_ament_install']
[0.229s] Level 1:colcon.colcon_core.package_identification:_identify(src/drone_racing_ros2/tello_ros/tello_description) by extension 'ignore'
[0.229s] Level 1:colcon.colcon_core.package_identification:_identify(src/drone_racing_ros2/tello_ros/tello_description) by extension 'ignore_ament_install'
[0.229s] Level 1:colcon.colcon_core.package_identification:_identify(src/drone_racing_ros2/tello_ros/tello_description) by extensions ['colcon_pkg']
[0.229s] Level 1:colcon.colcon_core.package_identification:_identify(src/drone_racing_ros2/tello_ros/tello_description) by extension 'colcon_pkg'
[0.229s] Level 1:colcon.colcon_core.package_identification:_identify(src/drone_racing_ros2/tello_ros/tello_description) by extensions ['colcon_meta']
[0.229s] Level 1:colcon.colcon_core.package_identification:_identify(src/drone_racing_ros2/tello_ros/tello_description) by extension 'colcon_meta'
[0.229s] Level 1:colcon.colcon_core.package_identification:_identify(src/drone_racing_ros2/tello_ros/tello_description) by extensions ['ros']
[0.229s] Level 1:colcon.colcon_core.package_identification:_identify(src/drone_racing_ros2/tello_ros/tello_description) by extension 'ros'
[0.229s] DEBUG:colcon.colcon_core.package_identification:Package 'src/drone_racing_ros2/tello_ros/tello_description' with type 'ros.ament_cmake' and name 'tello_description'
[0.230s] Level 1:colcon.colcon_core.package_identification:_identify(src/drone_racing_ros2/tello_ros/tello_driver) by extensions ['ignore', 'ignore_ament_install']
[0.230s] Level 1:colcon.colcon_core.package_identification:_identify(src/drone_racing_ros2/tello_ros/tello_driver) by extension 'ignore'
[0.230s] Level 1:colcon.colcon_core.package_identification:_identify(src/drone_racing_ros2/tello_ros/tello_driver) by extension 'ignore_ament_install'
[0.230s] Level 1:colcon.colcon_core.package_identification:_identify(src/drone_racing_ros2/tello_ros/tello_driver) by extensions ['colcon_pkg']
[0.230s] Level 1:colcon.colcon_core.package_identification:_identify(src/drone_racing_ros2/tello_ros/tello_driver) by extension 'colcon_pkg'
[0.230s] Level 1:colcon.colcon_core.package_identification:_identify(src/drone_racing_ros2/tello_ros/tello_driver) by extensions ['colcon_meta']
[0.230s] Level 1:colcon.colcon_core.package_identification:_identify(src/drone_racing_ros2/tello_ros/tello_driver) by extension 'colcon_meta'
[0.230s] Level 1:colcon.colcon_core.package_identification:_identify(src/drone_racing_ros2/tello_ros/tello_driver) by extensions ['ros']
[0.230s] Level 1:colcon.colcon_core.package_identification:_identify(src/drone_racing_ros2/tello_ros/tello_driver) by extension 'ros'
[0.231s] DEBUG:colcon.colcon_core.package_identification:Package 'src/drone_racing_ros2/tello_ros/tello_driver' with type 'ros.ament_cmake' and name 'tello_driver'
[0.231s] Level 1:colcon.colcon_core.package_identification:_identify(src/drone_racing_ros2/tello_ros/tello_gazebo) by extensions ['ignore', 'ignore_ament_install']
[0.231s] Level 1:colcon.colcon_core.package_identification:_identify(src/drone_racing_ros2/tello_ros/tello_gazebo) by extension 'ignore'
[0.231s] Level 1:colcon.colcon_core.package_identification:_identify(src/drone_racing_ros2/tello_ros/tello_gazebo) by extension 'ignore_ament_install'
[0.231s] Level 1:colcon.colcon_core.package_identification:_identify(src/drone_racing_ros2/tello_ros/tello_gazebo) by extensions ['colcon_pkg']
[0.231s] Level 1:colcon.colcon_core.package_identification:_identify(src/drone_racing_ros2/tello_ros/tello_gazebo) by extension 'colcon_pkg'
[0.231s] Level 1:colcon.colcon_core.package_identification:_identify(src/drone_racing_ros2/tello_ros/tello_gazebo) by extensions ['colcon_meta']
[0.231s] Level 1:colcon.colcon_core.package_identification:_identify(src/drone_racing_ros2/tello_ros/tello_gazebo) by extension 'colcon_meta'
[0.231s] Level 1:colcon.colcon_core.package_identification:_identify(src/drone_racing_ros2/tello_ros/tello_gazebo) by extensions ['ros']
[0.231s] Level 1:colcon.colcon_core.package_identification:_identify(src/drone_racing_ros2/tello_ros/tello_gazebo) by extension 'ros'
[0.232s] DEBUG:colcon.colcon_core.package_identification:Package 'src/drone_racing_ros2/tello_ros/tello_gazebo' with type 'ros.ament_cmake' and name 'tello_gazebo'
[0.232s] Level 1:colcon.colcon_core.package_identification:_identify(src/drone_racing_ros2/tello_ros/tello_msgs) by extensions ['ignore', 'ignore_ament_install']
[0.232s] Level 1:colcon.colcon_core.package_identification:_identify(src/drone_racing_ros2/tello_ros/tello_msgs) by extension 'ignore'
[0.232s] Level 1:colcon.colcon_core.package_identification:_identify(src/drone_racing_ros2/tello_ros/tello_msgs) by extension 'ignore_ament_install'
[0.232s] Level 1:colcon.colcon_core.package_identification:_identify(src/drone_racing_ros2/tello_ros/tello_msgs) by extensions ['colcon_pkg']
[0.232s] Level 1:colcon.colcon_core.package_identification:_identify(src/drone_racing_ros2/tello_ros/tello_msgs) by extension 'colcon_pkg'
[0.232s] Level 1:colcon.colcon_core.package_identification:_identify(src/drone_racing_ros2/tello_ros/tello_msgs) by extensions ['colcon_meta']
[0.232s] Level 1:colcon.colcon_core.package_identification:_identify(src/drone_racing_ros2/tello_ros/tello_msgs) by extension 'colcon_meta'
[0.232s] Level 1:colcon.colcon_core.package_identification:_identify(src/drone_racing_ros2/tello_ros/tello_msgs) by extensions ['ros']
[0.232s] Level 1:colcon.colcon_core.package_identification:_identify(src/drone_racing_ros2/tello_ros/tello_msgs) by extension 'ros'
[0.233s] DEBUG:colcon.colcon_core.package_identification:Package 'src/drone_racing_ros2/tello_ros/tello_msgs' with type 'ros.ament_cmake' and name 'tello_msgs'
[0.233s] Level 1:colcon.colcon_core.package_identification:_identify(src/own_package) by extensions ['ignore', 'ignore_ament_install']
[0.233s] Level 1:colcon.colcon_core.package_identification:_identify(src/own_package) by extension 'ignore'
[0.233s] Level 1:colcon.colcon_core.package_identification:_identify(src/own_package) by extension 'ignore_ament_install'
[0.233s] Level 1:colcon.colcon_core.package_identification:_identify(src/own_package) by extensions ['colcon_pkg']
[0.233s] Level 1:colcon.colcon_core.package_identification:_identify(src/own_package) by extension 'colcon_pkg'
[0.233s] Level 1:colcon.colcon_core.package_identification:_identify(src/own_package) by extensions ['colcon_meta']
[0.233s] Level 1:colcon.colcon_core.package_identification:_identify(src/own_package) by extension 'colcon_meta'
[0.233s] Level 1:colcon.colcon_core.package_identification:_identify(src/own_package) by extensions ['ros']
[0.233s] Level 1:colcon.colcon_core.package_identification:_identify(src/own_package) by extension 'ros'
[0.233s] DEBUG:colcon.colcon_core.package_identification:Package 'src/own_package' with type 'ros.ament_python' and name 'own_package'
[0.233s] Level 1:colcon.colcon_core.package_discovery:discover_packages(recursive) using defaults
[0.234s] Level 1:colcon.colcon_core.package_discovery:discover_packages(ignore) discover
[0.234s] Level 1:colcon.colcon_core.package_discovery:discover_packages(ignore) using defaults
[0.234s] Level 1:colcon.colcon_core.package_discovery:discover_packages(path) discover
[0.234s] Level 1:colcon.colcon_core.package_discovery:discover_packages(path) using defaults
[0.255s] Level 1:colcon.colcon_core.package_discovery:discover_packages(prefix_path) check parameters
[0.255s] Level 1:colcon.colcon_core.package_discovery:discover_packages(prefix_path) discover
[0.256s] WARNING:colcon.colcon_ros.prefix_path.ament:The path '/home/eeavir/tellocontrol/install/tello_gazebo' in the environment variable AMENT_PREFIX_PATH doesn't exist
[0.258s] WARNING:colcon.colcon_ros.prefix_path.ament:The path '/home/eeavir/tellocontrol/install/tello_driver' in the environment variable AMENT_PREFIX_PATH doesn't exist
[0.258s] WARNING:colcon.colcon_ros.prefix_path.ament:The path '/home/eeavir/tellocontrol/install/tello_msgs' in the environment variable AMENT_PREFIX_PATH doesn't exist
[0.258s] WARNING:colcon.colcon_ros.prefix_path.ament:The path '/home/eeavir/tellocontrol/install/tello_description' in the environment variable AMENT_PREFIX_PATH doesn't exist
[0.258s] WARNING:colcon.colcon_ros.prefix_path.ament:The path '/home/eeavir/tellocontrol/install/ros2_shared' in the environment variable AMENT_PREFIX_PATH doesn't exist
[0.258s] WARNING:colcon.colcon_ros.prefix_path.ament:The path '/home/eeavir/tellocontrol/install/own_package' in the environment variable AMENT_PREFIX_PATH doesn't exist
[0.258s] WARNING:colcon.colcon_ros.prefix_path.catkin:The path '/home/eeavir/tellocontrol/install/tello_gazebo' in the environment variable CMAKE_PREFIX_PATH doesn't exist
[0.258s] WARNING:colcon.colcon_ros.prefix_path.catkin:The path '/home/eeavir/tellocontrol/install/tello_driver' in the environment variable CMAKE_PREFIX_PATH doesn't exist
[0.258s] WARNING:colcon.colcon_ros.prefix_path.catkin:The path '/home/eeavir/tellocontrol/install/tello_msgs' in the environment variable CMAKE_PREFIX_PATH doesn't exist
[0.258s] WARNING:colcon.colcon_ros.prefix_path.catkin:The path '/home/eeavir/tellocontrol/install/tello_description' in the environment variable CMAKE_PREFIX_PATH doesn't exist
[0.258s] WARNING:colcon.colcon_ros.prefix_path.catkin:The path '/home/eeavir/tellocontrol/install/ros2_shared' in the environment variable CMAKE_PREFIX_PATH doesn't exist
[0.259s] DEBUG:colcon.colcon_installed_package_information.package_discovery:Found 0 installed packages in /home/eeavir/tellocontrol/install
[0.260s] DEBUG:colcon.colcon_installed_package_information.package_discovery:Found 275 installed packages in /opt/ros/galactic
[0.261s] Level 1:colcon.colcon_core.package_discovery:discover_packages(prefix_path) using defaults
[0.298s] Level 5:colcon.colcon_core.verb:set package 'own_package' build argument 'cmake_args' from command line to 'None'
[0.298s] Level 5:colcon.colcon_core.verb:set package 'own_package' build argument 'cmake_target' from command line to 'None'
[0.298s] Level 5:colcon.colcon_core.verb:set package 'own_package' build argument 'cmake_target_skip_unavailable' from command line to 'False'
[0.298s] Level 5:colcon.colcon_core.verb:set package 'own_package' build argument 'cmake_clean_cache' from command line to 'False'
[0.298s] Level 5:colcon.colcon_core.verb:set package 'own_package' build argument 'cmake_clean_first' from command line to 'False'
[0.298s] Level 5:colcon.colcon_core.verb:set package 'own_package' build argument 'cmake_force_configure' from command line to 'False'
[0.298s] Level 5:colcon.colcon_core.verb:set package 'own_package' build argument 'ament_cmake_args' from command line to 'None'
[0.298s] Level 5:colcon.colcon_core.verb:set package 'own_package' build argument 'catkin_cmake_args' from command line to 'None'
[0.298s] Level 5:colcon.colcon_core.verb:set package 'own_package' build argument 'catkin_skip_building_tests' from command line to 'False'
[0.298s] DEBUG:colcon.colcon_core.verb:Building package 'own_package' with the following arguments: {'ament_cmake_args': None, 'build_base': '/home/eeavir/tellocontrol/build/own_package', 'catkin_cmake_args': None, 'catkin_skip_building_tests': False, 'cmake_args': None, 'cmake_clean_cache': False, 'cmake_clean_first': False, 'cmake_force_configure': False, 'cmake_target': None, 'cmake_target_skip_unavailable': False, 'install_base': '/home/eeavir/tellocontrol/install/own_package', 'merge_install': False, 'path': '/home/eeavir/tellocontrol/src/own_package', 'symlink_install': False, 'test_result_base': None}
[0.298s] Level 5:colcon.colcon_core.verb:set package 'ros2_shared' build argument 'cmake_args' from command line to 'None'
[0.298s] Level 5:colcon.colcon_core.verb:set package 'ros2_shared' build argument 'cmake_target' from command line to 'None'
[0.298s] Level 5:colcon.colcon_core.verb:set package 'ros2_shared' build argument 'cmake_target_skip_unavailable' from command line to 'False'
[0.298s] Level 5:colcon.colcon_core.verb:set package 'ros2_shared' build argument 'cmake_clean_cache' from command line to 'False'
[0.298s] Level 5:colcon.colcon_core.verb:set package 'ros2_shared' build argument 'cmake_clean_first' from command line to 'False'
[0.298s] Level 5:colcon.colcon_core.verb:set package 'ros2_shared' build argument 'cmake_force_configure' from command line to 'False'
[0.298s] Level 5:colcon.colcon_core.verb:set package 'ros2_shared' build argument 'ament_cmake_args' from command line to 'None'
[0.299s] Level 5:colcon.colcon_core.verb:set package 'ros2_shared' build argument 'catkin_cmake_args' from command line to 'None'
[0.299s] Level 5:colcon.colcon_core.verb:set package 'ros2_shared' build argument 'catkin_skip_building_tests' from command line to 'False'
[0.299s] DEBUG:colcon.colcon_core.verb:Building package 'ros2_shared' with the following arguments: {'ament_cmake_args': None, 'build_base': '/home/eeavir/tellocontrol/build/ros2_shared', 'catkin_cmake_args': None, 'catkin_skip_building_tests': False, 'cmake_args': None, 'cmake_clean_cache': False, 'cmake_clean_first': False, 'cmake_force_configure': False, 'cmake_target': None, 'cmake_target_skip_unavailable': False, 'install_base': '/home/eeavir/tellocontrol/install/ros2_shared', 'merge_install': False, 'path': '/home/eeavir/tellocontrol/src/drone_racing_ros2/ros2_shared', 'symlink_install': False, 'test_result_base': None}
[0.299s] Level 5:colcon.colcon_core.verb:set package 'tello_description' build argument 'cmake_args' from command line to 'None'
[0.299s] Level 5:colcon.colcon_core.verb:set package 'tello_description' build argument 'cmake_target' from command line to 'None'
[0.299s] Level 5:colcon.colcon_core.verb:set package 'tello_description' build argument 'cmake_target_skip_unavailable' from command line to 'False'
[0.299s] Level 5:colcon.colcon_core.verb:set package 'tello_description' build argument 'cmake_clean_cache' from command line to 'False'
[0.299s] Level 5:colcon.colcon_core.verb:set package 'tello_description' build argument 'cmake_clean_first' from command line to 'False'
[0.299s] Level 5:colcon.colcon_core.verb:set package 'tello_description' build argument 'cmake_force_configure' from command line to 'False'
[0.299s] Level 5:colcon.colcon_core.verb:set package 'tello_description' build argument 'ament_cmake_args' from command line to 'None'
[0.299s] Level 5:colcon.colcon_core.verb:set package 'tello_description' build argument 'catkin_cmake_args' from command line to 'None'
[0.299s] Level 5:colcon.colcon_core.verb:set package 'tello_description' build argument 'catkin_skip_building_tests' from command line to 'False'
[0.299s] DEBUG:colcon.colcon_core.verb:Building package 'tello_description' with the following arguments: {'ament_cmake_args': None, 'build_base': '/home/eeavir/tellocontrol/build/tello_description', 'catkin_cmake_args': None, 'catkin_skip_building_tests': False, 'cmake_args': None, 'cmake_clean_cache': False, 'cmake_clean_first': False, 'cmake_force_configure': False, 'cmake_target': None, 'cmake_target_skip_unavailable': False, 'install_base': '/home/eeavir/tellocontrol/install/tello_description', 'merge_install': False, 'path': '/home/eeavir/tellocontrol/src/drone_racing_ros2/tello_ros/tello_description', 'symlink_install': False, 'test_result_base': None}
[0.299s] Level 5:colcon.colcon_core.verb:set package 'tello_msgs' build argument 'cmake_args' from command line to 'None'
[0.299s] Level 5:colcon.colcon_core.verb:set package 'tello_msgs' build argument 'cmake_target' from command line to 'None'
[0.299s] Level 5:colcon.colcon_core.verb:set package 'tello_msgs' build argument 'cmake_target_skip_unavailable' from command line to 'False'
[0.299s] Level 5:colcon.colcon_core.verb:set package 'tello_msgs' build argument 'cmake_clean_cache' from command line to 'False'
[0.299s] Level 5:colcon.colcon_core.verb:set package 'tello_msgs' build argument 'cmake_clean_first' from command line to 'False'
[0.299s] Level 5:colcon.colcon_core.verb:set package 'tello_msgs' build argument 'cmake_force_configure' from command line to 'False'
[0.299s] Level 5:colcon.colcon_core.verb:set package 'tello_msgs' build argument 'ament_cmake_args' from command line to 'None'
[0.299s] Level 5:colcon.colcon_core.verb:set package 'tello_msgs' build argument 'catkin_cmake_args' from command line to 'None'
[0.299s] Level 5:colcon.colcon_core.verb:set package 'tello_msgs' build argument 'catkin_skip_building_tests' from command line to 'False'
[0.299s] DEBUG:colcon.colcon_core.verb:Building package 'tello_msgs' with the following arguments: {'ament_cmake_args': None, 'build_base': '/home/eeavir/tellocontrol/build/tello_msgs', 'catkin_cmake_args': None, 'catkin_skip_building_tests': False, 'cmake_args': None, 'cmake_clean_cache': False, 'cmake_clean_first': False, 'cmake_force_configure': False, 'cmake_target': None, 'cmake_target_skip_unavailable': False, 'install_base': '/home/eeavir/tellocontrol/install/tello_msgs', 'merge_install': False, 'path': '/home/eeavir/tellocontrol/src/drone_racing_ros2/tello_ros/tello_msgs', 'symlink_install': False, 'test_result_base': None}
[0.299s] Level 5:colcon.colcon_core.verb:set package 'tello_driver' build argument 'cmake_args' from command line to 'None'
[0.299s] Level 5:colcon.colcon_core.verb:set package 'tello_driver' build argument 'cmake_target' from command line to 'None'
[0.299s] Level 5:colcon.colcon_core.verb:set package 'tello_driver' build argument 'cmake_target_skip_unavailable' from command line to 'False'
[0.299s] Level 5:colcon.colcon_core.verb:set package 'tello_driver' build argument 'cmake_clean_cache' from command line to 'False'
[0.299s] Level 5:colcon.colcon_core.verb:set package 'tello_driver' build argument 'cmake_clean_first' from command line to 'False'
[0.299s] Level 5:colcon.colcon_core.verb:set package 'tello_driver' build argument 'cmake_force_configure' from command line to 'False'
[0.299s] Level 5:colcon.colcon_core.verb:set package 'tello_driver' build argument 'ament_cmake_args' from command line to 'None'
[0.299s] Level 5:colcon.colcon_core.verb:set package 'tello_driver' build argument 'catkin_cmake_args' from command line to 'None'
[0.300s] Level 5:colcon.colcon_core.verb:set package 'tello_driver' build argument 'catkin_skip_building_tests' from command line to 'False'
[0.300s] DEBUG:colcon.colcon_core.verb:Building package 'tello_driver' with the following arguments: {'ament_cmake_args': None, 'build_base': '/home/eeavir/tellocontrol/build/tello_driver', 'catkin_cmake_args': None, 'catkin_skip_building_tests': False, 'cmake_args': None, 'cmake_clean_cache': False, 'cmake_clean_first': False, 'cmake_force_configure': False, 'cmake_target': None, 'cmake_target_skip_unavailable': False, 'install_base': '/home/eeavir/tellocontrol/install/tello_driver', 'merge_install': False, 'path': '/home/eeavir/tellocontrol/src/drone_racing_ros2/tello_ros/tello_driver', 'symlink_install': False, 'test_result_base': None}
[0.300s] Level 5:colcon.colcon_core.verb:set package 'tello_gazebo' build argument 'cmake_args' from command line to 'None'
[0.300s] Level 5:colcon.colcon_core.verb:set package 'tello_gazebo' build argument 'cmake_target' from command line to 'None'
[0.300s] Level 5:colcon.colcon_core.verb:set package 'tello_gazebo' build argument 'cmake_target_skip_unavailable' from command line to 'False'
[0.300s] Level 5:colcon.colcon_core.verb:set package 'tello_gazebo' build argument 'cmake_clean_cache' from command line to 'False'
[0.300s] Level 5:colcon.colcon_core.verb:set package 'tello_gazebo' build argument 'cmake_clean_first' from command line to 'False'
[0.300s] Level 5:colcon.colcon_core.verb:set package 'tello_gazebo' build argument 'cmake_force_configure' from command line to 'False'
[0.300s] Level 5:colcon.colcon_core.verb:set package 'tello_gazebo' build argument 'ament_cmake_args' from command line to 'None'
[0.300s] Level 5:colcon.colcon_core.verb:set package 'tello_gazebo' build argument 'catkin_cmake_args' from command line to 'None'
[0.300s] Level 5:colcon.colcon_core.verb:set package 'tello_gazebo' build argument 'catkin_skip_building_tests' from command line to 'False'
[0.300s] DEBUG:colcon.colcon_core.verb:Building package 'tello_gazebo' with the following arguments: {'ament_cmake_args': None, 'build_base': '/home/eeavir/tellocontrol/build/tello_gazebo', 'catkin_cmake_args': None, 'catkin_skip_building_tests': False, 'cmake_args': None, 'cmake_clean_cache': False, 'cmake_clean_first': False, 'cmake_force_configure': False, 'cmake_target': None, 'cmake_target_skip_unavailable': False, 'install_base': '/home/eeavir/tellocontrol/install/tello_gazebo', 'merge_install': False, 'path': '/home/eeavir/tellocontrol/src/drone_racing_ros2/tello_ros/tello_gazebo', 'symlink_install': False, 'test_result_base': None}
[0.300s] INFO:colcon.colcon_core.executor:Executing jobs using 'parallel' executor
[0.301s] DEBUG:colcon.colcon_parallel_executor.executor.parallel:run_until_complete
[0.301s] INFO:colcon.colcon_ros.task.ament_cmake.build:Building ROS package in '/home/eeavir/tellocontrol/src/drone_racing_ros2/tello_ros/tello_msgs' with build type 'ament_cmake'
[0.301s] INFO:colcon.colcon_cmake.task.cmake.build:Building CMake package in '/home/eeavir/tellocontrol/src/drone_racing_ros2/tello_ros/tello_msgs'
[0.302s] INFO:colcon.colcon_core.plugin_system:Skipping extension 'colcon_core.shell.bat': Not used on non-Windows systems
[0.302s] INFO:colcon.colcon_core.shell:Skip shell extension 'powershell' for command environment: Not usable outside of PowerShell
[0.302s] DEBUG:colcon.colcon_core.shell:Skip shell extension 'dsv' for command environment
[0.306s] INFO:colcon.colcon_ros.task.ament_cmake.build:Building ROS package in '/home/eeavir/tellocontrol/src/drone_racing_ros2/ros2_shared' with build type 'ament_cmake'
[0.306s] INFO:colcon.colcon_cmake.task.cmake.build:Building CMake package in '/home/eeavir/tellocontrol/src/drone_racing_ros2/ros2_shared'
[0.306s] INFO:colcon.colcon_core.shell:Skip shell extension 'powershell' for command environment: Not usable outside of PowerShell
[0.306s] DEBUG:colcon.colcon_core.shell:Skip shell extension 'dsv' for command environment
[0.310s] INFO:colcon.colcon_ros.task.ament_python.build:Building ROS package in '/home/eeavir/tellocontrol/src/own_package' with build type 'ament_python'
[0.310s] Level 1:colcon.colcon_core.shell:create_environment_hook('own_package', 'ament_prefix_path')
[0.310s] INFO:colcon.colcon_core.shell:Creating environment hook '/home/eeavir/tellocontrol/install/own_package/share/own_package/hook/ament_prefix_path.ps1'
[0.311s] INFO:colcon.colcon_core.shell:Creating environment descriptor '/home/eeavir/tellocontrol/install/own_package/share/own_package/hook/ament_prefix_path.dsv'
[0.311s] INFO:colcon.colcon_core.shell:Creating environment hook '/home/eeavir/tellocontrol/install/own_package/share/own_package/hook/ament_prefix_path.sh'
[0.312s] INFO:colcon.colcon_core.shell:Skip shell extension 'powershell' for command environment: Not usable outside of PowerShell
[0.312s] DEBUG:colcon.colcon_core.shell:Skip shell extension 'dsv' for command environment
[0.315s] INFO:colcon.colcon_ros.task.ament_cmake.build:Building ROS package in '/home/eeavir/tellocontrol/src/drone_racing_ros2/tello_ros/tello_description' with build type 'ament_cmake'
[0.315s] INFO:colcon.colcon_cmake.task.cmake.build:Building CMake package in '/home/eeavir/tellocontrol/src/drone_racing_ros2/tello_ros/tello_description'
[0.316s] INFO:colcon.colcon_core.shell:Skip shell extension 'powershell' for command environment: Not usable outside of PowerShell
[0.316s] DEBUG:colcon.colcon_core.shell:Skip shell extension 'dsv' for command environment
[0.325s] DEBUG:colcon.colcon_core.event_handler.log_command:Invoking command in '/home/eeavir/tellocontrol/build/tello_msgs': CMAKE_PREFIX_PATH=${CMAKE_PREFIX_PATH}:/home/eeavir/tellocontrol/install/own_package:/opt/ros/galactic /usr/bin/cmake /home/eeavir/tellocontrol/src/drone_racing_ros2/tello_ros/tello_msgs -DCMAKE_INSTALL_PREFIX=/home/eeavir/tellocontrol/install/tello_msgs
[0.328s] DEBUG:colcon.colcon_core.event_handler.log_command:Invoking command in '/home/eeavir/tellocontrol/build/ros2_shared': CMAKE_PREFIX_PATH=${CMAKE_PREFIX_PATH}:/home/eeavir/tellocontrol/install/own_package:/opt/ros/galactic /usr/bin/cmake /home/eeavir/tellocontrol/src/drone_racing_ros2/ros2_shared -DCMAKE_INSTALL_PREFIX=/home/eeavir/tellocontrol/install/ros2_shared
[0.485s] INFO:colcon.colcon_core.task.python.build:Building Python package in '/home/eeavir/tellocontrol/src/own_package'
[0.485s] INFO:colcon.colcon_core.shell:Skip shell extension 'powershell' for command environment: Not usable outside of PowerShell
[0.485s] DEBUG:colcon.colcon_core.shell:Skip shell extension 'dsv' for command environment
[0.495s] DEBUG:colcon.colcon_core.event_handler.log_command:Invoking command in '/home/eeavir/tellocontrol/build/tello_description': CMAKE_PREFIX_PATH=${CMAKE_PREFIX_PATH}:/home/eeavir/tellocontrol/install/own_package:/opt/ros/galactic /usr/bin/cmake /home/eeavir/tellocontrol/src/drone_racing_ros2/tello_ros/tello_description -DCMAKE_INSTALL_PREFIX=/home/eeavir/tellocontrol/install/tello_description
[0.809s] DEBUG:colcon.colcon_core.event_handler.log_command:Invoked command in '/home/eeavir/tellocontrol/build/ros2_shared' returned '0': CMAKE_PREFIX_PATH=${CMAKE_PREFIX_PATH}:/home/eeavir/tellocontrol/install/own_package:/opt/ros/galactic /usr/bin/cmake /home/eeavir/tellocontrol/src/drone_racing_ros2/ros2_shared -DCMAKE_INSTALL_PREFIX=/home/eeavir/tellocontrol/install/ros2_shared
[0.812s] DEBUG:colcon.colcon_core.event_handler.log_command:Invoking command in '/home/eeavir/tellocontrol/build/ros2_shared': CMAKE_PREFIX_PATH=${CMAKE_PREFIX_PATH}:/home/eeavir/tellocontrol/install/own_package:/opt/ros/galactic /usr/bin/cmake --build /home/eeavir/tellocontrol/build/ros2_shared -- -j8 -l8
[0.817s] DEBUG:colcon.colcon_core.event_handler.log_command:Invoking command in '/home/eeavir/tellocontrol/src/own_package': PYTHONPATH=/home/eeavir/tellocontrol/build/own_package/prefix_override:/usr/lib/python3/dist-packages/colcon_core/task/python/colcon_distutils_commands:/home/eeavir/tellocontrol/install/own_package/lib/python3.8/site-packages:${PYTHONPATH} /usr/bin/python3 -W ignore:setup.py install is deprecated -W ignore:easy_install command is deprecated setup.py egg_info --egg-base ../../build/own_package build --build-base /home/eeavir/tellocontrol/build/own_package/build install --record /home/eeavir/tellocontrol/build/own_package/install.log --single-version-externally-managed install_data
[0.844s] DEBUG:colcon.colcon_core.event_handler.log_command:Invoked command in '/home/eeavir/tellocontrol/build/ros2_shared' returned '0': CMAKE_PREFIX_PATH=${CMAKE_PREFIX_PATH}:/home/eeavir/tellocontrol/install/own_package:/opt/ros/galactic /usr/bin/cmake --build /home/eeavir/tellocontrol/build/ros2_shared -- -j8 -l8
[0.856s] DEBUG:colcon.colcon_core.event_handler.log_command:Invoking command in '/home/eeavir/tellocontrol/build/ros2_shared': CMAKE_PREFIX_PATH=${CMAKE_PREFIX_PATH}:/home/eeavir/tellocontrol/install/own_package:/opt/ros/galactic /usr/bin/cmake --install /home/eeavir/tellocontrol/build/ros2_shared
[0.865s] Level 1:colcon.colcon_core.environment:create_environment_scripts_only(ros2_shared)
[0.866s] DEBUG:colcon.colcon_core.event_handler.log_command:Invoked command in '/home/eeavir/tellocontrol/build/ros2_shared' returned '0': CMAKE_PREFIX_PATH=${CMAKE_PREFIX_PATH}:/home/eeavir/tellocontrol/install/own_package:/opt/ros/galactic /usr/bin/cmake --install /home/eeavir/tellocontrol/build/ros2_shared
[0.868s] Level 1:colcon.colcon_core.environment:checking '/home/eeavir/tellocontrol/install/ros2_shared' for CMake module files
[0.869s] Level 1:colcon.colcon_core.environment:checking '/home/eeavir/tellocontrol/install/ros2_shared' for CMake config files
[0.869s] Level 1:colcon.colcon_core.shell:create_environment_hook('ros2_shared', 'cmake_prefix_path')
[0.869s] INFO:colcon.colcon_core.shell:Creating environment hook '/home/eeavir/tellocontrol/install/ros2_shared/share/ros2_shared/hook/cmake_prefix_path.ps1'
[0.870s] INFO:colcon.colcon_core.shell:Creating environment descriptor '/home/eeavir/tellocontrol/install/ros2_shared/share/ros2_shared/hook/cmake_prefix_path.dsv'
[0.870s] INFO:colcon.colcon_core.shell:Creating environment hook '/home/eeavir/tellocontrol/install/ros2_shared/share/ros2_shared/hook/cmake_prefix_path.sh'
[0.871s] Level 1:colcon.colcon_core.environment:checking '/home/eeavir/tellocontrol/install/ros2_shared/bin'
[0.871s] Level 1:colcon.colcon_core.environment:checking '/home/eeavir/tellocontrol/install/ros2_shared/lib/pkgconfig/ros2_shared.pc'
[0.871s] Level 1:colcon.colcon_core.environment:checking '/home/eeavir/tellocontrol/install/ros2_shared/lib/python3.8/site-packages'
[0.872s] Level 1:colcon.colcon_core.environment:checking '/home/eeavir/tellocontrol/install/ros2_shared/bin'
[0.872s] INFO:colcon.colcon_core.shell:Creating package script '/home/eeavir/tellocontrol/install/ros2_shared/share/ros2_shared/package.ps1'
[0.873s] INFO:colcon.colcon_core.shell:Creating package descriptor '/home/eeavir/tellocontrol/install/ros2_shared/share/ros2_shared/package.dsv'
[0.873s] INFO:colcon.colcon_core.shell:Creating package script '/home/eeavir/tellocontrol/install/ros2_shared/share/ros2_shared/package.sh'
[0.874s] INFO:colcon.colcon_core.shell:Creating package script '/home/eeavir/tellocontrol/install/ros2_shared/share/ros2_shared/package.bash'
[0.875s] INFO:colcon.colcon_core.shell:Creating package script '/home/eeavir/tellocontrol/install/ros2_shared/share/ros2_shared/package.zsh'
[0.876s] Level 1:colcon.colcon_core.environment:create_file_with_runtime_dependencies(/home/eeavir/tellocontrol/install/ros2_shared/share/colcon-core/packages/ros2_shared)
[0.876s] Level 1:colcon.colcon_core.environment:create_environment_scripts_only(ros2_shared)
[0.877s] Level 1:colcon.colcon_core.environment:checking '/home/eeavir/tellocontrol/install/ros2_shared' for CMake module files
[0.877s] Level 1:colcon.colcon_core.environment:checking '/home/eeavir/tellocontrol/install/ros2_shared' for CMake config files
[0.877s] Level 1:colcon.colcon_core.shell:create_environment_hook('ros2_shared', 'cmake_prefix_path')
[0.878s] INFO:colcon.colcon_core.shell:Creating environment hook '/home/eeavir/tellocontrol/install/ros2_shared/share/ros2_shared/hook/cmake_prefix_path.ps1'
[0.878s] INFO:colcon.colcon_core.shell:Creating environment descriptor '/home/eeavir/tellocontrol/install/ros2_shared/share/ros2_shared/hook/cmake_prefix_path.dsv'
[0.879s] INFO:colcon.colcon_core.shell:Creating environment hook '/home/eeavir/tellocontrol/install/ros2_shared/share/ros2_shared/hook/cmake_prefix_path.sh'
[0.879s] Level 1:colcon.colcon_core.environment:checking '/home/eeavir/tellocontrol/install/ros2_shared/bin'
[0.879s] Level 1:colcon.colcon_core.environment:checking '/home/eeavir/tellocontrol/install/ros2_shared/lib/pkgconfig/ros2_shared.pc'
[0.879s] Level 1:colcon.colcon_core.environment:checking '/home/eeavir/tellocontrol/install/ros2_shared/lib/python3.8/site-packages'
[0.879s] Level 1:colcon.colcon_core.environment:checking '/home/eeavir/tellocontrol/install/ros2_shared/bin'
[0.880s] INFO:colcon.colcon_core.shell:Creating package script '/home/eeavir/tellocontrol/install/ros2_shared/share/ros2_shared/package.ps1'
[0.880s] INFO:colcon.colcon_core.shell:Creating package descriptor '/home/eeavir/tellocontrol/install/ros2_shared/share/ros2_shared/package.dsv'
[0.881s] INFO:colcon.colcon_core.shell:Creating package script '/home/eeavir/tellocontrol/install/ros2_shared/share/ros2_shared/package.sh'
[0.881s] INFO:colcon.colcon_core.shell:Creating package script '/home/eeavir/tellocontrol/install/ros2_shared/share/ros2_shared/package.bash'
[0.881s] INFO:colcon.colcon_core.shell:Creating package script '/home/eeavir/tellocontrol/install/ros2_shared/share/ros2_shared/package.zsh'
[0.882s] Level 1:colcon.colcon_core.environment:create_file_with_runtime_dependencies(/home/eeavir/tellocontrol/install/ros2_shared/share/colcon-core/packages/ros2_shared)
[0.970s] DEBUG:colcon.colcon_core.event_handler.log_command:Invoked command in '/home/eeavir/tellocontrol/build/tello_description' returned '0': CMAKE_PREFIX_PATH=${CMAKE_PREFIX_PATH}:/home/eeavir/tellocontrol/install/own_package:/opt/ros/galactic /usr/bin/cmake /home/eeavir/tellocontrol/src/drone_racing_ros2/tello_ros/tello_description -DCMAKE_INSTALL_PREFIX=/home/eeavir/tellocontrol/install/tello_description
[0.972s] DEBUG:colcon.colcon_core.event_handler.log_command:Invoking command in '/home/eeavir/tellocontrol/build/tello_description': CMAKE_PREFIX_PATH=${CMAKE_PREFIX_PATH}:/home/eeavir/tellocontrol/install/own_package:/opt/ros/galactic /usr/bin/cmake --build /home/eeavir/tellocontrol/build/tello_description -- -j8 -l8
[1.074s] Level 1:colcon.colcon_core.environment:checking '/home/eeavir/tellocontrol/install/own_package' for CMake module files
[1.074s] DEBUG:colcon.colcon_core.event_handler.log_command:Invoked command in '/home/eeavir/tellocontrol/src/own_package' returned '0': PYTHONPATH=/home/eeavir/tellocontrol/build/own_package/prefix_override:/usr/lib/python3/dist-packages/colcon_core/task/python/colcon_distutils_commands:/home/eeavir/tellocontrol/install/own_package/lib/python3.8/site-packages:${PYTHONPATH} /usr/bin/python3 -W ignore:setup.py install is deprecated -W ignore:easy_install command is deprecated setup.py egg_info --egg-base ../../build/own_package build --build-base /home/eeavir/tellocontrol/build/own_package/build install --record /home/eeavir/tellocontrol/build/own_package/install.log --single-version-externally-managed install_data
[1.075s] Level 1:colcon.colcon_core.environment:checking '/home/eeavir/tellocontrol/install/own_package' for CMake config files
[1.075s] Level 1:colcon.colcon_core.environment:checking '/home/eeavir/tellocontrol/install/own_package/lib'
[1.075s] Level 1:colcon.colcon_core.environment:checking '/home/eeavir/tellocontrol/install/own_package/bin'
[1.075s] Level 1:colcon.colcon_core.environment:checking '/home/eeavir/tellocontrol/install/own_package/lib/pkgconfig/own_package.pc'
[1.076s] Level 1:colcon.colcon_core.environment:checking '/home/eeavir/tellocontrol/install/own_package/lib/python3.8/site-packages'
[1.076s] Level 1:colcon.colcon_core.shell:create_environment_hook('own_package', 'pythonpath')
[1.076s] INFO:colcon.colcon_core.shell:Creating environment hook '/home/eeavir/tellocontrol/install/own_package/share/own_package/hook/pythonpath.ps1'
[1.076s] INFO:colcon.colcon_core.shell:Creating environment descriptor '/home/eeavir/tellocontrol/install/own_package/share/own_package/hook/pythonpath.dsv'
[1.076s] INFO:colcon.colcon_core.shell:Creating environment hook '/home/eeavir/tellocontrol/install/own_package/share/own_package/hook/pythonpath.sh'
[1.077s] Level 1:colcon.colcon_core.environment:checking '/home/eeavir/tellocontrol/install/own_package/bin'
[1.077s] Level 1:colcon.colcon_core.environment:create_environment_scripts_only(own_package)
[1.078s] INFO:colcon.colcon_core.shell:Creating package script '/home/eeavir/tellocontrol/install/own_package/share/own_package/package.ps1'
[1.079s] INFO:colcon.colcon_core.shell:Creating package descriptor '/home/eeavir/tellocontrol/install/own_package/share/own_package/package.dsv'
[1.079s] INFO:colcon.colcon_core.shell:Creating package script '/home/eeavir/tellocontrol/install/own_package/share/own_package/package.sh'
[1.079s] INFO:colcon.colcon_core.shell:Creating package script '/home/eeavir/tellocontrol/install/own_package/share/own_package/package.bash'
[1.079s] INFO:colcon.colcon_core.shell:Creating package script '/home/eeavir/tellocontrol/install/own_package/share/own_package/package.zsh'
[1.080s] Level 1:colcon.colcon_core.environment:create_file_with_runtime_dependencies(/home/eeavir/tellocontrol/install/own_package/share/colcon-core/packages/own_package)
[1.121s] DEBUG:colcon.colcon_core.event_handler.log_command:Invoked command in '/home/eeavir/tellocontrol/build/tello_description' returned '0': CMAKE_PREFIX_PATH=${CMAKE_PREFIX_PATH}:/home/eeavir/tellocontrol/install/own_package:/opt/ros/galactic /usr/bin/cmake --build /home/eeavir/tellocontrol/build/tello_description -- -j8 -l8
[1.123s] DEBUG:colcon.colcon_core.event_handler.log_command:Invoking command in '/home/eeavir/tellocontrol/build/tello_description': CMAKE_PREFIX_PATH=${CMAKE_PREFIX_PATH}:/home/eeavir/tellocontrol/install/own_package:/opt/ros/galactic /usr/bin/cmake --install /home/eeavir/tellocontrol/build/tello_description
[1.132s] Level 1:colcon.colcon_core.environment:create_environment_scripts_only(tello_description)
[1.133s] Level 1:colcon.colcon_core.environment:checking '/home/eeavir/tellocontrol/install/tello_description' for CMake module files
[1.133s] DEBUG:colcon.colcon_core.event_handler.log_command:Invoked command in '/home/eeavir/tellocontrol/build/tello_description' returned '0': CMAKE_PREFIX_PATH=${CMAKE_PREFIX_PATH}:/home/eeavir/tellocontrol/install/own_package:/opt/ros/galactic /usr/bin/cmake --install /home/eeavir/tellocontrol/build/tello_description
[1.133s] Level 1:colcon.colcon_core.environment:checking '/home/eeavir/tellocontrol/install/tello_description' for CMake config files
[1.134s] Level 1:colcon.colcon_core.shell:create_environment_hook('tello_description', 'cmake_prefix_path')
[1.134s] INFO:colcon.colcon_core.shell:Creating environment hook '/home/eeavir/tellocontrol/install/tello_description/share/tello_description/hook/cmake_prefix_path.ps1'
[1.134s] INFO:colcon.colcon_core.shell:Creating environment descriptor '/home/eeavir/tellocontrol/install/tello_description/share/tello_description/hook/cmake_prefix_path.dsv'
[1.134s] INFO:colcon.colcon_core.shell:Creating environment hook '/home/eeavir/tellocontrol/install/tello_description/share/tello_description/hook/cmake_prefix_path.sh'
[1.135s] Level 1:colcon.colcon_core.environment:checking '/home/eeavir/tellocontrol/install/tello_description/bin'
[1.135s] Level 1:colcon.colcon_core.environment:checking '/home/eeavir/tellocontrol/install/tello_description/lib/pkgconfig/tello_description.pc'
[1.135s] Level 1:colcon.colcon_core.environment:checking '/home/eeavir/tellocontrol/install/tello_description/lib/python3.8/site-packages'
[1.135s] Level 1:colcon.colcon_core.environment:checking '/home/eeavir/tellocontrol/install/tello_description/bin'
[1.135s] INFO:colcon.colcon_core.shell:Creating package script '/home/eeavir/tellocontrol/install/tello_description/share/tello_description/package.ps1'
[1.136s] INFO:colcon.colcon_core.shell:Creating package descriptor '/home/eeavir/tellocontrol/install/tello_description/share/tello_description/package.dsv'
[1.136s] INFO:colcon.colcon_core.shell:Creating package script '/home/eeavir/tellocontrol/install/tello_description/share/tello_description/package.sh'
[1.136s] INFO:colcon.colcon_core.shell:Creating package script '/home/eeavir/tellocontrol/install/tello_description/share/tello_description/package.bash'
[1.136s] INFO:colcon.colcon_core.shell:Creating package script '/home/eeavir/tellocontrol/install/tello_description/share/tello_description/package.zsh'
[1.136s] Level 1:colcon.colcon_core.environment:create_file_with_runtime_dependencies(/home/eeavir/tellocontrol/install/tello_description/share/colcon-core/packages/tello_description)
[1.137s] Level 1:colcon.colcon_core.environment:create_environment_scripts_only(tello_description)
[1.137s] Level 1:colcon.colcon_core.environment:checking '/home/eeavir/tellocontrol/install/tello_description' for CMake module files
[1.137s] Level 1:colcon.colcon_core.environment:checking '/home/eeavir/tellocontrol/install/tello_description' for CMake config files
[1.137s] Level 1:colcon.colcon_core.shell:create_environment_hook('tello_description', 'cmake_prefix_path')
[1.138s] INFO:colcon.colcon_core.shell:Creating environment hook '/home/eeavir/tellocontrol/install/tello_description/share/tello_description/hook/cmake_prefix_path.ps1'
[1.138s] INFO:colcon.colcon_core.shell:Creating environment descriptor '/home/eeavir/tellocontrol/install/tello_description/share/tello_description/hook/cmake_prefix_path.dsv'
[1.138s] INFO:colcon.colcon_core.shell:Creating environment hook '/home/eeavir/tellocontrol/install/tello_description/share/tello_description/hook/cmake_prefix_path.sh'
[1.138s] Level 1:colcon.colcon_core.environment:checking '/home/eeavir/tellocontrol/install/tello_description/bin'
[1.138s] Level 1:colcon.colcon_core.environment:checking '/home/eeavir/tellocontrol/install/tello_description/lib/pkgconfig/tello_description.pc'
[1.138s] Level 1:colcon.colcon_core.environment:checking '/home/eeavir/tellocontrol/install/tello_description/lib/python3.8/site-packages'
[1.139s] Level 1:colcon.colcon_core.environment:checking '/home/eeavir/tellocontrol/install/tello_description/bin'
[1.139s] INFO:colcon.colcon_core.shell:Creating package script '/home/eeavir/tellocontrol/install/tello_description/share/tello_description/package.ps1'
[1.139s] INFO:colcon.colcon_core.shell:Creating package descriptor '/home/eeavir/tellocontrol/install/tello_description/share/tello_description/package.dsv'
[1.139s] INFO:colcon.colcon_core.shell:Creating package script '/home/eeavir/tellocontrol/install/tello_description/share/tello_description/package.sh'
[1.139s] INFO:colcon.colcon_core.shell:Creating package script '/home/eeavir/tellocontrol/install/tello_description/share/tello_description/package.bash'
[1.140s] INFO:colcon.colcon_core.shell:Creating package script '/home/eeavir/tellocontrol/install/tello_description/share/tello_description/package.zsh'
[1.140s] Level 1:colcon.colcon_core.environment:create_file_with_runtime_dependencies(/home/eeavir/tellocontrol/install/tello_description/share/colcon-core/packages/tello_description)
[1.442s] DEBUG:colcon.colcon_core.event_handler.log_command:Invoked command in '/home/eeavir/tellocontrol/build/tello_msgs' returned '0': CMAKE_PREFIX_PATH=${CMAKE_PREFIX_PATH}:/home/eeavir/tellocontrol/install/own_package:/opt/ros/galactic /usr/bin/cmake /home/eeavir/tellocontrol/src/drone_racing_ros2/tello_ros/tello_msgs -DCMAKE_INSTALL_PREFIX=/home/eeavir/tellocontrol/install/tello_msgs
[1.443s] DEBUG:colcon.colcon_core.event_handler.log_command:Invoking command in '/home/eeavir/tellocontrol/build/tello_msgs': CMAKE_PREFIX_PATH=${CMAKE_PREFIX_PATH}:/home/eeavir/tellocontrol/install/own_package:/opt/ros/galactic /usr/bin/cmake --build /home/eeavir/tellocontrol/build/tello_msgs -- -j8 -l8
[4.820s] DEBUG:colcon.colcon_core.event_handler.log_command:Invoked command in '/home/eeavir/tellocontrol/build/tello_msgs' returned '0': CMAKE_PREFIX_PATH=${CMAKE_PREFIX_PATH}:/home/eeavir/tellocontrol/install/own_package:/opt/ros/galactic /usr/bin/cmake --build /home/eeavir/tellocontrol/build/tello_msgs -- -j8 -l8
[4.822s] DEBUG:colcon.colcon_core.event_handler.log_command:Invoking command in '/home/eeavir/tellocontrol/build/tello_msgs': CMAKE_PREFIX_PATH=${CMAKE_PREFIX_PATH}:/home/eeavir/tellocontrol/install/own_package:/opt/ros/galactic /usr/bin/cmake --install /home/eeavir/tellocontrol/build/tello_msgs
[4.866s] Level 1:colcon.colcon_core.environment:create_environment_scripts_only(tello_msgs)
[4.866s] Level 1:colcon.colcon_core.environment:checking '/home/eeavir/tellocontrol/install/tello_msgs' for CMake module files
[4.867s] DEBUG:colcon.colcon_core.event_handler.log_command:Invoked command in '/home/eeavir/tellocontrol/build/tello_msgs' returned '0': CMAKE_PREFIX_PATH=${CMAKE_PREFIX_PATH}:/home/eeavir/tellocontrol/install/own_package:/opt/ros/galactic /usr/bin/cmake --install /home/eeavir/tellocontrol/build/tello_msgs
[4.867s] Level 1:colcon.colcon_core.environment:checking '/home/eeavir/tellocontrol/install/tello_msgs' for CMake config files
[4.867s] Level 1:colcon.colcon_core.shell:create_environment_hook('tello_msgs', 'cmake_prefix_path')
[4.868s] INFO:colcon.colcon_core.shell:Creating environment hook '/home/eeavir/tellocontrol/install/tello_msgs/share/tello_msgs/hook/cmake_prefix_path.ps1'
[4.868s] INFO:colcon.colcon_core.shell:Creating environment descriptor '/home/eeavir/tellocontrol/install/tello_msgs/share/tello_msgs/hook/cmake_prefix_path.dsv'
[4.868s] INFO:colcon.colcon_core.shell:Creating environment hook '/home/eeavir/tellocontrol/install/tello_msgs/share/tello_msgs/hook/cmake_prefix_path.sh'
[4.869s] Level 1:colcon.colcon_core.environment:checking '/home/eeavir/tellocontrol/install/tello_msgs/lib'
[4.869s] Level 1:colcon.colcon_core.shell:create_environment_hook('tello_msgs', 'ld_library_path_lib')
[4.869s] INFO:colcon.colcon_core.shell:Creating environment hook '/home/eeavir/tellocontrol/install/tello_msgs/share/tello_msgs/hook/ld_library_path_lib.ps1'
[4.869s] INFO:colcon.colcon_core.shell:Creating environment descriptor '/home/eeavir/tellocontrol/install/tello_msgs/share/tello_msgs/hook/ld_library_path_lib.dsv'
[4.869s] INFO:colcon.colcon_core.shell:Creating environment hook '/home/eeavir/tellocontrol/install/tello_msgs/share/tello_msgs/hook/ld_library_path_lib.sh'
[4.869s] Level 1:colcon.colcon_core.environment:checking '/home/eeavir/tellocontrol/install/tello_msgs/bin'
[4.870s] Level 1:colcon.colcon_core.environment:checking '/home/eeavir/tellocontrol/install/tello_msgs/lib/pkgconfig/tello_msgs.pc'
[4.870s] Level 1:colcon.colcon_core.environment:checking '/home/eeavir/tellocontrol/install/tello_msgs/lib/python3.8/site-packages'
[4.870s] Level 1:colcon.colcon_core.shell:create_environment_hook('tello_msgs', 'pythonpath')
[4.870s] INFO:colcon.colcon_core.shell:Creating environment hook '/home/eeavir/tellocontrol/install/tello_msgs/share/tello_msgs/hook/pythonpath.ps1'
[4.871s] INFO:colcon.colcon_core.shell:Creating environment descriptor '/home/eeavir/tellocontrol/install/tello_msgs/share/tello_msgs/hook/pythonpath.dsv'
[4.871s] INFO:colcon.colcon_core.shell:Creating environment hook '/home/eeavir/tellocontrol/install/tello_msgs/share/tello_msgs/hook/pythonpath.sh'
[4.871s] Level 1:colcon.colcon_core.environment:checking '/home/eeavir/tellocontrol/install/tello_msgs/bin'
[4.871s] INFO:colcon.colcon_core.shell:Creating package script '/home/eeavir/tellocontrol/install/tello_msgs/share/tello_msgs/package.ps1'
[4.872s] INFO:colcon.colcon_core.shell:Creating package descriptor '/home/eeavir/tellocontrol/install/tello_msgs/share/tello_msgs/package.dsv'
[4.872s] INFO:colcon.colcon_core.shell:Creating package script '/home/eeavir/tellocontrol/install/tello_msgs/share/tello_msgs/package.sh'
[4.872s] INFO:colcon.colcon_core.shell:Creating package script '/home/eeavir/tellocontrol/install/tello_msgs/share/tello_msgs/package.bash'
[4.872s] INFO:colcon.colcon_core.shell:Creating package script '/home/eeavir/tellocontrol/install/tello_msgs/share/tello_msgs/package.zsh'
[4.873s] Level 1:colcon.colcon_core.environment:create_file_with_runtime_dependencies(/home/eeavir/tellocontrol/install/tello_msgs/share/colcon-core/packages/tello_msgs)
[4.873s] Level 1:colcon.colcon_core.environment:create_environment_scripts_only(tello_msgs)
[4.873s] Level 1:colcon.colcon_core.environment:checking '/home/eeavir/tellocontrol/install/tello_msgs' for CMake module files
[4.873s] Level 1:colcon.colcon_core.environment:checking '/home/eeavir/tellocontrol/install/tello_msgs' for CMake config files
[4.874s] Level 1:colcon.colcon_core.shell:create_environment_hook('tello_msgs', 'cmake_prefix_path')
[4.874s] INFO:colcon.colcon_core.shell:Creating environment hook '/home/eeavir/tellocontrol/install/tello_msgs/share/tello_msgs/hook/cmake_prefix_path.ps1'
[4.874s] INFO:colcon.colcon_core.shell:Creating environment descriptor '/home/eeavir/tellocontrol/install/tello_msgs/share/tello_msgs/hook/cmake_prefix_path.dsv'
[4.874s] INFO:colcon.colcon_core.shell:Creating environment hook '/home/eeavir/tellocontrol/install/tello_msgs/share/tello_msgs/hook/cmake_prefix_path.sh'
[4.875s] Level 1:colcon.colcon_core.environment:checking '/home/eeavir/tellocontrol/install/tello_msgs/lib'
[4.875s] Level 1:colcon.colcon_core.shell:create_environment_hook('tello_msgs', 'ld_library_path_lib')
[4.875s] INFO:colcon.colcon_core.shell:Creating environment hook '/home/eeavir/tellocontrol/install/tello_msgs/share/tello_msgs/hook/ld_library_path_lib.ps1'
[4.875s] INFO:colcon.colcon_core.shell:Creating environment descriptor '/home/eeavir/tellocontrol/install/tello_msgs/share/tello_msgs/hook/ld_library_path_lib.dsv'
[4.875s] INFO:colcon.colcon_core.shell:Creating environment hook '/home/eeavir/tellocontrol/install/tello_msgs/share/tello_msgs/hook/ld_library_path_lib.sh'
[4.875s] Level 1:colcon.colcon_core.environment:checking '/home/eeavir/tellocontrol/install/tello_msgs/bin'
[4.875s] Level 1:colcon.colcon_core.environment:checking '/home/eeavir/tellocontrol/install/tello_msgs/lib/pkgconfig/tello_msgs.pc'
[4.875s] Level 1:colcon.colcon_core.environment:checking '/home/eeavir/tellocontrol/install/tello_msgs/lib/python3.8/site-packages'
[4.875s] Level 1:colcon.colcon_core.shell:create_environment_hook('tello_msgs', 'pythonpath')
[4.876s] INFO:colcon.colcon_core.shell:Creating environment hook '/home/eeavir/tellocontrol/install/tello_msgs/share/tello_msgs/hook/pythonpath.ps1'
[4.876s] INFO:colcon.colcon_core.shell:Creating environment descriptor '/home/eeavir/tellocontrol/install/tello_msgs/share/tello_msgs/hook/pythonpath.dsv'
[4.876s] INFO:colcon.colcon_core.shell:Creating environment hook '/home/eeavir/tellocontrol/install/tello_msgs/share/tello_msgs/hook/pythonpath.sh'
[4.876s] Level 1:colcon.colcon_core.environment:checking '/home/eeavir/tellocontrol/install/tello_msgs/bin'
[4.876s] INFO:colcon.colcon_core.shell:Creating package script '/home/eeavir/tellocontrol/install/tello_msgs/share/tello_msgs/package.ps1'
[4.877s] INFO:colcon.colcon_core.shell:Creating package descriptor '/home/eeavir/tellocontrol/install/tello_msgs/share/tello_msgs/package.dsv'
[4.877s] INFO:colcon.colcon_core.shell:Creating package script '/home/eeavir/tellocontrol/install/tello_msgs/share/tello_msgs/package.sh'
[4.877s] INFO:colcon.colcon_core.shell:Creating package script '/home/eeavir/tellocontrol/install/tello_msgs/share/tello_msgs/package.bash'
[4.878s] INFO:colcon.colcon_core.shell:Creating package script '/home/eeavir/tellocontrol/install/tello_msgs/share/tello_msgs/package.zsh'
[4.878s] Level 1:colcon.colcon_core.environment:create_file_with_runtime_dependencies(/home/eeavir/tellocontrol/install/tello_msgs/share/colcon-core/packages/tello_msgs)
[4.878s] INFO:colcon.colcon_ros.task.ament_cmake.build:Building ROS package in '/home/eeavir/tellocontrol/src/drone_racing_ros2/tello_ros/tello_driver' with build type 'ament_cmake'
[4.878s] INFO:colcon.colcon_cmake.task.cmake.build:Building CMake package in '/home/eeavir/tellocontrol/src/drone_racing_ros2/tello_ros/tello_driver'
[4.878s] INFO:colcon.colcon_core.shell:Skip shell extension 'powershell' for command environment: Not usable outside of PowerShell
[4.878s] DEBUG:colcon.colcon_core.shell:Skip shell extension 'dsv' for command environment
[4.882s] INFO:colcon.colcon_ros.task.ament_cmake.build:Building ROS package in '/home/eeavir/tellocontrol/src/drone_racing_ros2/tello_ros/tello_gazebo' with build type 'ament_cmake'
[4.882s] INFO:colcon.colcon_cmake.task.cmake.build:Building CMake package in '/home/eeavir/tellocontrol/src/drone_racing_ros2/tello_ros/tello_gazebo'
[4.883s] INFO:colcon.colcon_core.shell:Skip shell extension 'powershell' for command environment: Not usable outside of PowerShell
[4.883s] DEBUG:colcon.colcon_core.shell:Skip shell extension 'dsv' for command environment
[4.889s] DEBUG:colcon.colcon_core.event_handler.log_command:Invoking command in '/home/eeavir/tellocontrol/build/tello_driver': CMAKE_PREFIX_PATH=/home/eeavir/tellocontrol/install/tello_msgs:/home/eeavir/tellocontrol/install/ros2_shared:/home/eeavir/tellocontrol/install/tello_gazebo:/home/eeavir/tellocontrol/install/tello_driver:/home/eeavir/tellocontrol/install/tello_description:/home/eeavir/tellocontrol/install/own_package:/opt/ros/galactic LD_LIBRARY_PATH=/home/eeavir/tellocontrol/install/tello_msgs/lib:/home/eeavir/tellocontrol/install/tello_gazebo/lib:/home/eeavir/tellocontrol/install/tello_driver/lib:/usr/lib/x86_64-linux-gnu/gazebo-11/plugins:/opt/ros/galactic/opt/yaml_cpp_vendor/lib:/opt/ros/galactic/opt/rviz_ogre_vendor/lib:/opt/ros/galactic/lib/x86_64-linux-gnu:/opt/ros/galactic/lib:/usr/lib/x86_64-linux-gnu/gazebo-11/plugins /usr/bin/cmake /home/eeavir/tellocontrol/src/drone_racing_ros2/tello_ros/tello_driver -DCMAKE_INSTALL_PREFIX=/home/eeavir/tellocontrol/install/tello_driver
[4.893s] DEBUG:colcon.colcon_core.event_handler.log_command:Invoking command in '/home/eeavir/tellocontrol/build/tello_gazebo': CMAKE_PREFIX_PATH=/home/eeavir/tellocontrol/install/tello_msgs:/home/eeavir/tellocontrol/install/tello_gazebo:/home/eeavir/tellocontrol/install/tello_driver:/home/eeavir/tellocontrol/install/tello_description:/home/eeavir/tellocontrol/install/ros2_shared:/home/eeavir/tellocontrol/install/own_package:/opt/ros/galactic LD_LIBRARY_PATH=/home/eeavir/tellocontrol/install/tello_msgs/lib:/home/eeavir/tellocontrol/install/tello_gazebo/lib:/home/eeavir/tellocontrol/install/tello_driver/lib:/usr/lib/x86_64-linux-gnu/gazebo-11/plugins:/opt/ros/galactic/opt/yaml_cpp_vendor/lib:/opt/ros/galactic/opt/rviz_ogre_vendor/lib:/opt/ros/galactic/lib/x86_64-linux-gnu:/opt/ros/galactic/lib:/usr/lib/x86_64-linux-gnu/gazebo-11/plugins /usr/bin/cmake /home/eeavir/tellocontrol/src/drone_racing_ros2/tello_ros/tello_gazebo -DCMAKE_INSTALL_PREFIX=/home/eeavir/tellocontrol/install/tello_gazebo
[6.165s] DEBUG:colcon.colcon_core.event_handler.log_command:Invoked command in '/home/eeavir/tellocontrol/build/tello_driver' returned '0': CMAKE_PREFIX_PATH=/home/eeavir/tellocontrol/install/tello_msgs:/home/eeavir/tellocontrol/install/ros2_shared:/home/eeavir/tellocontrol/install/tello_gazebo:/home/eeavir/tellocontrol/install/tello_driver:/home/eeavir/tellocontrol/install/tello_description:/home/eeavir/tellocontrol/install/own_package:/opt/ros/galactic LD_LIBRARY_PATH=/home/eeavir/tellocontrol/install/tello_msgs/lib:/home/eeavir/tellocontrol/install/tello_gazebo/lib:/home/eeavir/tellocontrol/install/tello_driver/lib:/usr/lib/x86_64-linux-gnu/gazebo-11/plugins:/opt/ros/galactic/opt/yaml_cpp_vendor/lib:/opt/ros/galactic/opt/rviz_ogre_vendor/lib:/opt/ros/galactic/lib/x86_64-linux-gnu:/opt/ros/galactic/lib:/usr/lib/x86_64-linux-gnu/gazebo-11/plugins /usr/bin/cmake /home/eeavir/tellocontrol/src/drone_racing_ros2/tello_ros/tello_driver -DCMAKE_INSTALL_PREFIX=/home/eeavir/tellocontrol/install/tello_driver
[6.165s] DEBUG:colcon.colcon_core.event_handler.log_command:Invoking command in '/home/eeavir/tellocontrol/build/tello_driver': CMAKE_PREFIX_PATH=/home/eeavir/tellocontrol/install/tello_msgs:/home/eeavir/tellocontrol/install/ros2_shared:/home/eeavir/tellocontrol/install/tello_gazebo:/home/eeavir/tellocontrol/install/tello_driver:/home/eeavir/tellocontrol/install/tello_description:/home/eeavir/tellocontrol/install/own_package:/opt/ros/galactic LD_LIBRARY_PATH=/home/eeavir/tellocontrol/install/tello_msgs/lib:/home/eeavir/tellocontrol/install/tello_gazebo/lib:/home/eeavir/tellocontrol/install/tello_driver/lib:/usr/lib/x86_64-linux-gnu/gazebo-11/plugins:/opt/ros/galactic/opt/yaml_cpp_vendor/lib:/opt/ros/galactic/opt/rviz_ogre_vendor/lib:/opt/ros/galactic/lib/x86_64-linux-gnu:/opt/ros/galactic/lib:/usr/lib/x86_64-linux-gnu/gazebo-11/plugins /usr/bin/cmake --build /home/eeavir/tellocontrol/build/tello_driver -- -j8 -l8
[7.280s] DEBUG:colcon.colcon_core.event_handler.log_command:Invoked command in '/home/eeavir/tellocontrol/build/tello_gazebo' returned '0': CMAKE_PREFIX_PATH=/home/eeavir/tellocontrol/install/tello_msgs:/home/eeavir/tellocontrol/install/tello_gazebo:/home/eeavir/tellocontrol/install/tello_driver:/home/eeavir/tellocontrol/install/tello_description:/home/eeavir/tellocontrol/install/ros2_shared:/home/eeavir/tellocontrol/install/own_package:/opt/ros/galactic LD_LIBRARY_PATH=/home/eeavir/tellocontrol/install/tello_msgs/lib:/home/eeavir/tellocontrol/install/tello_gazebo/lib:/home/eeavir/tellocontrol/install/tello_driver/lib:/usr/lib/x86_64-linux-gnu/gazebo-11/plugins:/opt/ros/galactic/opt/yaml_cpp_vendor/lib:/opt/ros/galactic/opt/rviz_ogre_vendor/lib:/opt/ros/galactic/lib/x86_64-linux-gnu:/opt/ros/galactic/lib:/usr/lib/x86_64-linux-gnu/gazebo-11/plugins /usr/bin/cmake /home/eeavir/tellocontrol/src/drone_racing_ros2/tello_ros/tello_gazebo -DCMAKE_INSTALL_PREFIX=/home/eeavir/tellocontrol/install/tello_gazebo
[7.281s] DEBUG:colcon.colcon_core.event_handler.log_command:Invoking command in '/home/eeavir/tellocontrol/build/tello_gazebo': CMAKE_PREFIX_PATH=/home/eeavir/tellocontrol/install/tello_msgs:/home/eeavir/tellocontrol/install/tello_gazebo:/home/eeavir/tellocontrol/install/tello_driver:/home/eeavir/tellocontrol/install/tello_description:/home/eeavir/tellocontrol/install/ros2_shared:/home/eeavir/tellocontrol/install/own_package:/opt/ros/galactic LD_LIBRARY_PATH=/home/eeavir/tellocontrol/install/tello_msgs/lib:/home/eeavir/tellocontrol/install/tello_gazebo/lib:/home/eeavir/tellocontrol/install/tello_driver/lib:/usr/lib/x86_64-linux-gnu/gazebo-11/plugins:/opt/ros/galactic/opt/yaml_cpp_vendor/lib:/opt/ros/galactic/opt/rviz_ogre_vendor/lib:/opt/ros/galactic/lib/x86_64-linux-gnu:/opt/ros/galactic/lib:/usr/lib/x86_64-linux-gnu/gazebo-11/plugins /usr/bin/cmake --build /home/eeavir/tellocontrol/build/tello_gazebo -- -j8 -l8
[21.275s] DEBUG:colcon.colcon_core.event_handler.log_command:Invoked command in '/home/eeavir/tellocontrol/build/tello_driver' returned '0': CMAKE_PREFIX_PATH=/home/eeavir/tellocontrol/install/tello_msgs:/home/eeavir/tellocontrol/install/ros2_shared:/home/eeavir/tellocontrol/install/tello_gazebo:/home/eeavir/tellocontrol/install/tello_driver:/home/eeavir/tellocontrol/install/tello_description:/home/eeavir/tellocontrol/install/own_package:/opt/ros/galactic LD_LIBRARY_PATH=/home/eeavir/tellocontrol/install/tello_msgs/lib:/home/eeavir/tellocontrol/install/tello_gazebo/lib:/home/eeavir/tellocontrol/install/tello_driver/lib:/usr/lib/x86_64-linux-gnu/gazebo-11/plugins:/opt/ros/galactic/opt/yaml_cpp_vendor/lib:/opt/ros/galactic/opt/rviz_ogre_vendor/lib:/opt/ros/galactic/lib/x86_64-linux-gnu:/opt/ros/galactic/lib:/usr/lib/x86_64-linux-gnu/gazebo-11/plugins /usr/bin/cmake --build /home/eeavir/tellocontrol/build/tello_driver -- -j8 -l8
[21.278s] DEBUG:colcon.colcon_core.event_handler.log_command:Invoking command in '/home/eeavir/tellocontrol/build/tello_driver': CMAKE_PREFIX_PATH=/home/eeavir/tellocontrol/install/tello_msgs:/home/eeavir/tellocontrol/install/ros2_shared:/home/eeavir/tellocontrol/install/tello_gazebo:/home/eeavir/tellocontrol/install/tello_driver:/home/eeavir/tellocontrol/install/tello_description:/home/eeavir/tellocontrol/install/own_package:/opt/ros/galactic LD_LIBRARY_PATH=/home/eeavir/tellocontrol/install/tello_msgs/lib:/home/eeavir/tellocontrol/install/tello_gazebo/lib:/home/eeavir/tellocontrol/install/tello_driver/lib:/usr/lib/x86_64-linux-gnu/gazebo-11/plugins:/opt/ros/galactic/opt/yaml_cpp_vendor/lib:/opt/ros/galactic/opt/rviz_ogre_vendor/lib:/opt/ros/galactic/lib/x86_64-linux-gnu:/opt/ros/galactic/lib:/usr/lib/x86_64-linux-gnu/gazebo-11/plugins /usr/bin/cmake --install /home/eeavir/tellocontrol/build/tello_driver
[21.300s] Level 1:colcon.colcon_core.environment:create_environment_scripts_only(tello_driver)
[21.301s] Level 1:colcon.colcon_core.environment:checking '/home/eeavir/tellocontrol/install/tello_driver' for CMake module files
[21.301s] DEBUG:colcon.colcon_core.event_handler.log_command:Invoked command in '/home/eeavir/tellocontrol/build/tello_driver' returned '0': CMAKE_PREFIX_PATH=/home/eeavir/tellocontrol/install/tello_msgs:/home/eeavir/tellocontrol/install/ros2_shared:/home/eeavir/tellocontrol/install/tello_gazebo:/home/eeavir/tellocontrol/install/tello_driver:/home/eeavir/tellocontrol/install/tello_description:/home/eeavir/tellocontrol/install/own_package:/opt/ros/galactic LD_LIBRARY_PATH=/home/eeavir/tellocontrol/install/tello_msgs/lib:/home/eeavir/tellocontrol/install/tello_gazebo/lib:/home/eeavir/tellocontrol/install/tello_driver/lib:/usr/lib/x86_64-linux-gnu/gazebo-11/plugins:/opt/ros/galactic/opt/yaml_cpp_vendor/lib:/opt/ros/galactic/opt/rviz_ogre_vendor/lib:/opt/ros/galactic/lib/x86_64-linux-gnu:/opt/ros/galactic/lib:/usr/lib/x86_64-linux-gnu/gazebo-11/plugins /usr/bin/cmake --install /home/eeavir/tellocontrol/build/tello_driver
[21.302s] Level 1:colcon.colcon_core.environment:checking '/home/eeavir/tellocontrol/install/tello_driver' for CMake config files
[21.302s] Level 1:colcon.colcon_core.shell:create_environment_hook('tello_driver', 'cmake_prefix_path')
[21.302s] INFO:colcon.colcon_core.shell:Creating environment hook '/home/eeavir/tellocontrol/install/tello_driver/share/tello_driver/hook/cmake_prefix_path.ps1'
[21.303s] INFO:colcon.colcon_core.shell:Creating environment descriptor '/home/eeavir/tellocontrol/install/tello_driver/share/tello_driver/hook/cmake_prefix_path.dsv'
[21.303s] INFO:colcon.colcon_core.shell:Creating environment hook '/home/eeavir/tellocontrol/install/tello_driver/share/tello_driver/hook/cmake_prefix_path.sh'
[21.304s] Level 1:colcon.colcon_core.environment:checking '/home/eeavir/tellocontrol/install/tello_driver/lib'
[21.304s] Level 1:colcon.colcon_core.shell:create_environment_hook('tello_driver', 'ld_library_path_lib')
[21.304s] INFO:colcon.colcon_core.shell:Creating environment hook '/home/eeavir/tellocontrol/install/tello_driver/share/tello_driver/hook/ld_library_path_lib.ps1'
[21.305s] INFO:colcon.colcon_core.shell:Creating environment descriptor '/home/eeavir/tellocontrol/install/tello_driver/share/tello_driver/hook/ld_library_path_lib.dsv'
[21.305s] INFO:colcon.colcon_core.shell:Creating environment hook '/home/eeavir/tellocontrol/install/tello_driver/share/tello_driver/hook/ld_library_path_lib.sh'
[21.305s] Level 1:colcon.colcon_core.environment:checking '/home/eeavir/tellocontrol/install/tello_driver/bin'
[21.305s] Level 1:colcon.colcon_core.environment:checking '/home/eeavir/tellocontrol/install/tello_driver/lib/pkgconfig/tello_driver.pc'
[21.306s] Level 1:colcon.colcon_core.environment:checking '/home/eeavir/tellocontrol/install/tello_driver/lib/python3.8/site-packages'
[21.306s] Level 1:colcon.colcon_core.environment:checking '/home/eeavir/tellocontrol/install/tello_driver/bin'
[21.306s] INFO:colcon.colcon_core.shell:Creating package script '/home/eeavir/tellocontrol/install/tello_driver/share/tello_driver/package.ps1'
[21.307s] INFO:colcon.colcon_core.shell:Creating package descriptor '/home/eeavir/tellocontrol/install/tello_driver/share/tello_driver/package.dsv'
[21.307s] INFO:colcon.colcon_core.shell:Creating package script '/home/eeavir/tellocontrol/install/tello_driver/share/tello_driver/package.sh'
[21.307s] INFO:colcon.colcon_core.shell:Creating package script '/home/eeavir/tellocontrol/install/tello_driver/share/tello_driver/package.bash'
[21.308s] INFO:colcon.colcon_core.shell:Creating package script '/home/eeavir/tellocontrol/install/tello_driver/share/tello_driver/package.zsh'
[21.308s] Level 1:colcon.colcon_core.environment:create_file_with_runtime_dependencies(/home/eeavir/tellocontrol/install/tello_driver/share/colcon-core/packages/tello_driver)
[21.309s] Level 1:colcon.colcon_core.environment:create_environment_scripts_only(tello_driver)
[21.309s] Level 1:colcon.colcon_core.environment:checking '/home/eeavir/tellocontrol/install/tello_driver' for CMake module files
[21.309s] Level 1:colcon.colcon_core.environment:checking '/home/eeavir/tellocontrol/install/tello_driver' for CMake config files
[21.310s] Level 1:colcon.colcon_core.shell:create_environment_hook('tello_driver', 'cmake_prefix_path')
[21.310s] INFO:colcon.colcon_core.shell:Creating environment hook '/home/eeavir/tellocontrol/install/tello_driver/share/tello_driver/hook/cmake_prefix_path.ps1'
[21.310s] INFO:colcon.colcon_core.shell:Creating environment descriptor '/home/eeavir/tellocontrol/install/tello_driver/share/tello_driver/hook/cmake_prefix_path.dsv'
[21.310s] INFO:colcon.colcon_core.shell:Creating environment hook '/home/eeavir/tellocontrol/install/tello_driver/share/tello_driver/hook/cmake_prefix_path.sh'
[21.311s] Level 1:colcon.colcon_core.environment:checking '/home/eeavir/tellocontrol/install/tello_driver/lib'
[21.311s] Level 1:colcon.colcon_core.shell:create_environment_hook('tello_driver', 'ld_library_path_lib')
[21.311s] INFO:colcon.colcon_core.shell:Creating environment hook '/home/eeavir/tellocontrol/install/tello_driver/share/tello_driver/hook/ld_library_path_lib.ps1'
[21.312s] INFO:colcon.colcon_core.shell:Creating environment descriptor '/home/eeavir/tellocontrol/install/tello_driver/share/tello_driver/hook/ld_library_path_lib.dsv'
[21.312s] INFO:colcon.colcon_core.shell:Creating environment hook '/home/eeavir/tellocontrol/install/tello_driver/share/tello_driver/hook/ld_library_path_lib.sh'
[21.312s] Level 1:colcon.colcon_core.environment:checking '/home/eeavir/tellocontrol/install/tello_driver/bin'
[21.312s] Level 1:colcon.colcon_core.environment:checking '/home/eeavir/tellocontrol/install/tello_driver/lib/pkgconfig/tello_driver.pc'
[21.312s] Level 1:colcon.colcon_core.environment:checking '/home/eeavir/tellocontrol/install/tello_driver/lib/python3.8/site-packages'
[21.313s] Level 1:colcon.colcon_core.environment:checking '/home/eeavir/tellocontrol/install/tello_driver/bin'
[21.313s] INFO:colcon.colcon_core.shell:Creating package script '/home/eeavir/tellocontrol/install/tello_driver/share/tello_driver/package.ps1'
[21.314s] INFO:colcon.colcon_core.shell:Creating package descriptor '/home/eeavir/tellocontrol/install/tello_driver/share/tello_driver/package.dsv'
[21.314s] INFO:colcon.colcon_core.shell:Creating package script '/home/eeavir/tellocontrol/install/tello_driver/share/tello_driver/package.sh'
[21.314s] INFO:colcon.colcon_core.shell:Creating package script '/home/eeavir/tellocontrol/install/tello_driver/share/tello_driver/package.bash'
[21.315s] INFO:colcon.colcon_core.shell:Creating package script '/home/eeavir/tellocontrol/install/tello_driver/share/tello_driver/package.zsh'
[21.315s] Level 1:colcon.colcon_core.environment:create_file_with_runtime_dependencies(/home/eeavir/tellocontrol/install/tello_driver/share/colcon-core/packages/tello_driver)
[26.417s] DEBUG:colcon.colcon_core.event_handler.log_command:Invoked command in '/home/eeavir/tellocontrol/build/tello_gazebo' returned '0': CMAKE_PREFIX_PATH=/home/eeavir/tellocontrol/install/tello_msgs:/home/eeavir/tellocontrol/install/tello_gazebo:/home/eeavir/tellocontrol/install/tello_driver:/home/eeavir/tellocontrol/install/tello_description:/home/eeavir/tellocontrol/install/ros2_shared:/home/eeavir/tellocontrol/install/own_package:/opt/ros/galactic LD_LIBRARY_PATH=/home/eeavir/tellocontrol/install/tello_msgs/lib:/home/eeavir/tellocontrol/install/tello_gazebo/lib:/home/eeavir/tellocontrol/install/tello_driver/lib:/usr/lib/x86_64-linux-gnu/gazebo-11/plugins:/opt/ros/galactic/opt/yaml_cpp_vendor/lib:/opt/ros/galactic/opt/rviz_ogre_vendor/lib:/opt/ros/galactic/lib/x86_64-linux-gnu:/opt/ros/galactic/lib:/usr/lib/x86_64-linux-gnu/gazebo-11/plugins /usr/bin/cmake --build /home/eeavir/tellocontrol/build/tello_gazebo -- -j8 -l8
[26.419s] DEBUG:colcon.colcon_core.event_handler.log_command:Invoking command in '/home/eeavir/tellocontrol/build/tello_gazebo': CMAKE_PREFIX_PATH=/home/eeavir/tellocontrol/install/tello_msgs:/home/eeavir/tellocontrol/install/tello_gazebo:/home/eeavir/tellocontrol/install/tello_driver:/home/eeavir/tellocontrol/install/tello_description:/home/eeavir/tellocontrol/install/ros2_shared:/home/eeavir/tellocontrol/install/own_package:/opt/ros/galactic LD_LIBRARY_PATH=/home/eeavir/tellocontrol/install/tello_msgs/lib:/home/eeavir/tellocontrol/install/tello_gazebo/lib:/home/eeavir/tellocontrol/install/tello_driver/lib:/usr/lib/x86_64-linux-gnu/gazebo-11/plugins:/opt/ros/galactic/opt/yaml_cpp_vendor/lib:/opt/ros/galactic/opt/rviz_ogre_vendor/lib:/opt/ros/galactic/lib/x86_64-linux-gnu:/opt/ros/galactic/lib:/usr/lib/x86_64-linux-gnu/gazebo-11/plugins /usr/bin/cmake --install /home/eeavir/tellocontrol/build/tello_gazebo
[26.436s] Level 1:colcon.colcon_core.environment:create_environment_scripts_only(tello_gazebo)
[26.436s] Level 1:colcon.colcon_core.environment:checking '/home/eeavir/tellocontrol/install/tello_gazebo' for CMake module files
[26.437s] DEBUG:colcon.colcon_core.event_handler.log_command:Invoked command in '/home/eeavir/tellocontrol/build/tello_gazebo' returned '0': CMAKE_PREFIX_PATH=/home/eeavir/tellocontrol/install/tello_msgs:/home/eeavir/tellocontrol/install/tello_gazebo:/home/eeavir/tellocontrol/install/tello_driver:/home/eeavir/tellocontrol/install/tello_description:/home/eeavir/tellocontrol/install/ros2_shared:/home/eeavir/tellocontrol/install/own_package:/opt/ros/galactic LD_LIBRARY_PATH=/home/eeavir/tellocontrol/install/tello_msgs/lib:/home/eeavir/tellocontrol/install/tello_gazebo/lib:/home/eeavir/tellocontrol/install/tello_driver/lib:/usr/lib/x86_64-linux-gnu/gazebo-11/plugins:/opt/ros/galactic/opt/yaml_cpp_vendor/lib:/opt/ros/galactic/opt/rviz_ogre_vendor/lib:/opt/ros/galactic/lib/x86_64-linux-gnu:/opt/ros/galactic/lib:/usr/lib/x86_64-linux-gnu/gazebo-11/plugins /usr/bin/cmake --install /home/eeavir/tellocontrol/build/tello_gazebo
[26.437s] Level 1:colcon.colcon_core.environment:checking '/home/eeavir/tellocontrol/install/tello_gazebo' for CMake config files
[26.437s] Level 1:colcon.colcon_core.shell:create_environment_hook('tello_gazebo', 'cmake_prefix_path')
[26.437s] INFO:colcon.colcon_core.shell:Creating environment hook '/home/eeavir/tellocontrol/install/tello_gazebo/share/tello_gazebo/hook/cmake_prefix_path.ps1'
[26.438s] INFO:colcon.colcon_core.shell:Creating environment descriptor '/home/eeavir/tellocontrol/install/tello_gazebo/share/tello_gazebo/hook/cmake_prefix_path.dsv'
[26.438s] INFO:colcon.colcon_core.shell:Creating environment hook '/home/eeavir/tellocontrol/install/tello_gazebo/share/tello_gazebo/hook/cmake_prefix_path.sh'
[26.438s] Level 1:colcon.colcon_core.environment:checking '/home/eeavir/tellocontrol/install/tello_gazebo/lib'
[26.438s] Level 1:colcon.colcon_core.shell:create_environment_hook('tello_gazebo', 'ld_library_path_lib')
[26.439s] INFO:colcon.colcon_core.shell:Creating environment hook '/home/eeavir/tellocontrol/install/tello_gazebo/share/tello_gazebo/hook/ld_library_path_lib.ps1'
[26.439s] INFO:colcon.colcon_core.shell:Creating environment descriptor '/home/eeavir/tellocontrol/install/tello_gazebo/share/tello_gazebo/hook/ld_library_path_lib.dsv'
[26.439s] INFO:colcon.colcon_core.shell:Creating environment hook '/home/eeavir/tellocontrol/install/tello_gazebo/share/tello_gazebo/hook/ld_library_path_lib.sh'
[26.439s] Level 1:colcon.colcon_core.environment:checking '/home/eeavir/tellocontrol/install/tello_gazebo/bin'
[26.439s] Level 1:colcon.colcon_core.environment:checking '/home/eeavir/tellocontrol/install/tello_gazebo/lib/pkgconfig/tello_gazebo.pc'
[26.439s] Level 1:colcon.colcon_core.environment:checking '/home/eeavir/tellocontrol/install/tello_gazebo/lib/python3.8/site-packages'
[26.440s] Level 1:colcon.colcon_core.environment:checking '/home/eeavir/tellocontrol/install/tello_gazebo/bin'
[26.440s] INFO:colcon.colcon_core.shell:Creating package script '/home/eeavir/tellocontrol/install/tello_gazebo/share/tello_gazebo/package.ps1'
[26.440s] INFO:colcon.colcon_core.shell:Creating package descriptor '/home/eeavir/tellocontrol/install/tello_gazebo/share/tello_gazebo/package.dsv'
[26.440s] INFO:colcon.colcon_core.shell:Creating package script '/home/eeavir/tellocontrol/install/tello_gazebo/share/tello_gazebo/package.sh'
[26.441s] INFO:colcon.colcon_core.shell:Creating package script '/home/eeavir/tellocontrol/install/tello_gazebo/share/tello_gazebo/package.bash'
[26.441s] INFO:colcon.colcon_core.shell:Creating package script '/home/eeavir/tellocontrol/install/tello_gazebo/share/tello_gazebo/package.zsh'
[26.441s] Level 1:colcon.colcon_core.environment:create_file_with_runtime_dependencies(/home/eeavir/tellocontrol/install/tello_gazebo/share/colcon-core/packages/tello_gazebo)
[26.441s] Level 1:colcon.colcon_core.environment:create_environment_scripts_only(tello_gazebo)
[26.441s] Level 1:colcon.colcon_core.environment:checking '/home/eeavir/tellocontrol/install/tello_gazebo' for CMake module files
[26.442s] Level 1:colcon.colcon_core.environment:checking '/home/eeavir/tellocontrol/install/tello_gazebo' for CMake config files
[26.442s] Level 1:colcon.colcon_core.shell:create_environment_hook('tello_gazebo', 'cmake_prefix_path')
[26.442s] INFO:colcon.colcon_core.shell:Creating environment hook '/home/eeavir/tellocontrol/install/tello_gazebo/share/tello_gazebo/hook/cmake_prefix_path.ps1'
[26.442s] INFO:colcon.colcon_core.shell:Creating environment descriptor '/home/eeavir/tellocontrol/install/tello_gazebo/share/tello_gazebo/hook/cmake_prefix_path.dsv'
[26.443s] INFO:colcon.colcon_core.shell:Creating environment hook '/home/eeavir/tellocontrol/install/tello_gazebo/share/tello_gazebo/hook/cmake_prefix_path.sh'
[26.443s] Level 1:colcon.colcon_core.environment:checking '/home/eeavir/tellocontrol/install/tello_gazebo/lib'
[26.443s] Level 1:colcon.colcon_core.shell:create_environment_hook('tello_gazebo', 'ld_library_path_lib')
[26.443s] INFO:colcon.colcon_core.shell:Creating environment hook '/home/eeavir/tellocontrol/install/tello_gazebo/share/tello_gazebo/hook/ld_library_path_lib.ps1'
[26.443s] INFO:colcon.colcon_core.shell:Creating environment descriptor '/home/eeavir/tellocontrol/install/tello_gazebo/share/tello_gazebo/hook/ld_library_path_lib.dsv'
[26.443s] INFO:colcon.colcon_core.shell:Creating environment hook '/home/eeavir/tellocontrol/install/tello_gazebo/share/tello_gazebo/hook/ld_library_path_lib.sh'
[26.444s] Level 1:colcon.colcon_core.environment:checking '/home/eeavir/tellocontrol/install/tello_gazebo/bin'
[26.444s] Level 1:colcon.colcon_core.environment:checking '/home/eeavir/tellocontrol/install/tello_gazebo/lib/pkgconfig/tello_gazebo.pc'
[26.444s] Level 1:colcon.colcon_core.environment:checking '/home/eeavir/tellocontrol/install/tello_gazebo/lib/python3.8/site-packages'
[26.444s] Level 1:colcon.colcon_core.environment:checking '/home/eeavir/tellocontrol/install/tello_gazebo/bin'
[26.444s] INFO:colcon.colcon_core.shell:Creating package script '/home/eeavir/tellocontrol/install/tello_gazebo/share/tello_gazebo/package.ps1'
[26.444s] INFO:colcon.colcon_core.shell:Creating package descriptor '/home/eeavir/tellocontrol/install/tello_gazebo/share/tello_gazebo/package.dsv'
[26.445s] INFO:colcon.colcon_core.shell:Creating package script '/home/eeavir/tellocontrol/install/tello_gazebo/share/tello_gazebo/package.sh'
[26.445s] INFO:colcon.colcon_core.shell:Creating package script '/home/eeavir/tellocontrol/install/tello_gazebo/share/tello_gazebo/package.bash'
[26.445s] INFO:colcon.colcon_core.shell:Creating package script '/home/eeavir/tellocontrol/install/tello_gazebo/share/tello_gazebo/package.zsh'
[26.445s] Level 1:colcon.colcon_core.environment:create_file_with_runtime_dependencies(/home/eeavir/tellocontrol/install/tello_gazebo/share/colcon-core/packages/tello_gazebo)
[26.445s] DEBUG:colcon.colcon_parallel_executor.executor.parallel:closing loop
[26.446s] DEBUG:colcon.colcon_parallel_executor.executor.parallel:loop closed
[26.446s] DEBUG:colcon.colcon_parallel_executor.executor.parallel:run_until_complete finished with '0'
[26.446s] DEBUG:colcon.colcon_core.event_reactor:joining thread
[26.450s] INFO:colcon.colcon_core.plugin_system:Skipping extension 'colcon_notification.desktop_notification.terminal_notifier': Not used on non-Darwin systems
[26.450s] INFO:colcon.colcon_core.plugin_system:Skipping extension 'colcon_notification.desktop_notification.win32': Not used on non-Windows systems
[26.450s] INFO:colcon.colcon_notification.desktop_notification:Sending desktop notification using 'notify2'
[26.463s] DEBUG:colcon.colcon_core.event_reactor:joined thread
[26.463s] INFO:colcon.colcon_core.shell:Creating prefix script '/home/eeavir/tellocontrol/install/local_setup.ps1'
[26.464s] INFO:colcon.colcon_core.shell:Creating prefix util module '/home/eeavir/tellocontrol/install/_local_setup_util_ps1.py'
[26.465s] INFO:colcon.colcon_core.shell:Creating prefix chain script '/home/eeavir/tellocontrol/install/setup.ps1'
[26.466s] INFO:colcon.colcon_core.shell:Creating prefix script '/home/eeavir/tellocontrol/install/local_setup.sh'
[26.466s] INFO:colcon.colcon_core.shell:Creating prefix util module '/home/eeavir/tellocontrol/install/_local_setup_util_sh.py'
[26.466s] INFO:colcon.colcon_core.shell:Creating prefix chain script '/home/eeavir/tellocontrol/install/setup.sh'
[26.467s] INFO:colcon.colcon_core.shell:Creating prefix script '/home/eeavir/tellocontrol/install/local_setup.bash'
[26.468s] INFO:colcon.colcon_core.shell:Creating prefix chain script '/home/eeavir/tellocontrol/install/setup.bash'
[26.468s] INFO:colcon.colcon_core.shell:Creating prefix script '/home/eeavir/tellocontrol/install/local_setup.zsh'
[26.468s] INFO:colcon.colcon_core.shell:Creating prefix chain script '/home/eeavir/tellocontrol/install/setup.zsh'
