[0.207s] DEBUG:colcon:Command line arguments: ['/usr/bin/colcon', 'build']
[0.207s] DEBUG:colcon:Parsed command line arguments: Namespace(allow_overriding=[], ament_cmake_args=None, base_paths=['.'], build_base='build', catkin_cmake_args=None, catkin_skip_building_tests=False, cmake_args=None, cmake_clean_cache=False, cmake_clean_first=False, cmake_force_configure=False, cmake_target=None, cmake_target_skip_unavailable=False, continue_on_error=False, event_handlers=None, executor='parallel', ignore_user_meta=False, install_base='install', log_base=None, log_level=None, main=<bound method BuildVerb.main of <colcon_core.verb.build.BuildVerb object at 0x7f6b0476b8b0>>, merge_install=False, metas=['./colcon.meta'], mixin=None, mixin_files=None, mixin_verb=('build',), packages_above=None, packages_above_and_dependencies=None, packages_above_depth=None, packages_end=None, packages_ignore=None, packages_ignore_regex=None, packages_select=None, packages_select_build_failed=False, packages_select_by_dep=None, packages_select_regex=None, packages_select_test_failures=False, packages_skip=None, packages_skip_build_finished=False, packages_skip_by_dep=None, packages_skip_regex=None, packages_skip_test_passed=False, packages_skip_up_to=None, packages_start=None, packages_up_to=None, packages_up_to_regex=None, parallel_workers=4, paths=None, symlink_install=False, test_result_base=None, verb_extension=<colcon_core.verb.build.BuildVerb object at 0x7f6b0476b8b0>, verb_name='build', verb_parser=<colcon_mixin.mixin.mixin_argument.MixinArgumentDecorator object at 0x7f6b0476be50>)
[0.371s] Level 1:colcon.colcon_core.package_discovery:discover_packages(colcon_meta) check parameters
[0.371s] Level 1:colcon.colcon_core.package_discovery:discover_packages(recursive) check parameters
[0.372s] Level 1:colcon.colcon_core.package_discovery:discover_packages(ignore) check parameters
[0.372s] Level 1:colcon.colcon_core.package_discovery:discover_packages(path) check parameters
[0.372s] Level 1:colcon.colcon_core.package_discovery:discover_packages(colcon_meta) discover
[0.372s] Level 1:colcon.colcon_core.package_discovery:discover_packages(recursive) discover
[0.372s] INFO:colcon.colcon_core.package_discovery:Crawling recursively for packages in '/home/atte/drone_ws'
[0.372s] Level 1:colcon.colcon_core.package_identification:_identify(.) by extensions ['ignore', 'ignore_ament_install']
[0.372s] Level 1:colcon.colcon_core.package_identification:_identify(.) by extension 'ignore'
[0.372s] Level 1:colcon.colcon_core.package_identification:_identify(.) by extension 'ignore_ament_install'
[0.372s] Level 1:colcon.colcon_core.package_identification:_identify(.) by extensions ['colcon_pkg']
[0.372s] Level 1:colcon.colcon_core.package_identification:_identify(.) by extension 'colcon_pkg'
[0.372s] Level 1:colcon.colcon_core.package_identification:_identify(.) by extensions ['colcon_meta']
[0.372s] Level 1:colcon.colcon_core.package_identification:_identify(.) by extension 'colcon_meta'
[0.372s] Level 1:colcon.colcon_core.package_identification:_identify(.) by extensions ['ros']
[0.372s] Level 1:colcon.colcon_core.package_identification:_identify(.) by extension 'ros'
[0.384s] Level 1:colcon.colcon_core.package_identification:_identify(.) by extensions ['cmake', 'python']
[0.384s] Level 1:colcon.colcon_core.package_identification:_identify(.) by extension 'cmake'
[0.384s] Level 1:colcon.colcon_core.package_identification:_identify(.) by extension 'python'
[0.384s] Level 1:colcon.colcon_core.package_identification:_identify(.) by extensions ['python_setup_py']
[0.384s] Level 1:colcon.colcon_core.package_identification:_identify(.) by extension 'python_setup_py'
[0.384s] Level 1:colcon.colcon_core.package_identification:_identify(build) by extensions ['ignore', 'ignore_ament_install']
[0.384s] Level 1:colcon.colcon_core.package_identification:_identify(build) by extension 'ignore'
[0.384s] Level 1:colcon.colcon_core.package_identification:_identify(build) ignored
[0.384s] Level 1:colcon.colcon_core.package_identification:_identify(install) by extensions ['ignore', 'ignore_ament_install']
[0.384s] Level 1:colcon.colcon_core.package_identification:_identify(install) by extension 'ignore'
[0.384s] Level 1:colcon.colcon_core.package_identification:_identify(install) ignored
[0.385s] Level 1:colcon.colcon_core.package_identification:_identify(log) by extensions ['ignore', 'ignore_ament_install']
[0.385s] Level 1:colcon.colcon_core.package_identification:_identify(log) by extension 'ignore'
[0.385s] Level 1:colcon.colcon_core.package_identification:_identify(log) ignored
[0.385s] Level 1:colcon.colcon_core.package_identification:_identify(src) by extensions ['ignore', 'ignore_ament_install']
[0.385s] Level 1:colcon.colcon_core.package_identification:_identify(src) by extension 'ignore'
[0.385s] Level 1:colcon.colcon_core.package_identification:_identify(src) by extension 'ignore_ament_install'
[0.385s] Level 1:colcon.colcon_core.package_identification:_identify(src) by extensions ['colcon_pkg']
[0.385s] Level 1:colcon.colcon_core.package_identification:_identify(src) by extension 'colcon_pkg'
[0.385s] Level 1:colcon.colcon_core.package_identification:_identify(src) by extensions ['colcon_meta']
[0.385s] Level 1:colcon.colcon_core.package_identification:_identify(src) by extension 'colcon_meta'
[0.385s] Level 1:colcon.colcon_core.package_identification:_identify(src) by extensions ['ros']
[0.385s] Level 1:colcon.colcon_core.package_identification:_identify(src) by extension 'ros'
[0.385s] Level 1:colcon.colcon_core.package_identification:_identify(src) by extensions ['cmake', 'python']
[0.385s] Level 1:colcon.colcon_core.package_identification:_identify(src) by extension 'cmake'
[0.385s] Level 1:colcon.colcon_core.package_identification:_identify(src) by extension 'python'
[0.385s] Level 1:colcon.colcon_core.package_identification:_identify(src) by extensions ['python_setup_py']
[0.385s] Level 1:colcon.colcon_core.package_identification:_identify(src) by extension 'python_setup_py'
[0.385s] Level 1:colcon.colcon_core.package_identification:_identify(src/drone_racing_ros2) by extensions ['ignore', 'ignore_ament_install']
[0.386s] Level 1:colcon.colcon_core.package_identification:_identify(src/drone_racing_ros2) by extension 'ignore'
[0.386s] Level 1:colcon.colcon_core.package_identification:_identify(src/drone_racing_ros2) by extension 'ignore_ament_install'
[0.386s] Level 1:colcon.colcon_core.package_identification:_identify(src/drone_racing_ros2) by extensions ['colcon_pkg']
[0.386s] Level 1:colcon.colcon_core.package_identification:_identify(src/drone_racing_ros2) by extension 'colcon_pkg'
[0.386s] Level 1:colcon.colcon_core.package_identification:_identify(src/drone_racing_ros2) by extensions ['colcon_meta']
[0.386s] Level 1:colcon.colcon_core.package_identification:_identify(src/drone_racing_ros2) by extension 'colcon_meta'
[0.386s] Level 1:colcon.colcon_core.package_identification:_identify(src/drone_racing_ros2) by extensions ['ros']
[0.386s] Level 1:colcon.colcon_core.package_identification:_identify(src/drone_racing_ros2) by extension 'ros'
[0.386s] Level 1:colcon.colcon_core.package_identification:_identify(src/drone_racing_ros2) by extensions ['cmake', 'python']
[0.386s] Level 1:colcon.colcon_core.package_identification:_identify(src/drone_racing_ros2) by extension 'cmake'
[0.386s] Level 1:colcon.colcon_core.package_identification:_identify(src/drone_racing_ros2) by extension 'python'
[0.386s] Level 1:colcon.colcon_core.package_identification:_identify(src/drone_racing_ros2) by extensions ['python_setup_py']
[0.386s] Level 1:colcon.colcon_core.package_identification:_identify(src/drone_racing_ros2) by extension 'python_setup_py'
[0.386s] Level 1:colcon.colcon_core.package_identification:_identify(src/drone_racing_ros2/ros2_shared) by extensions ['ignore', 'ignore_ament_install']
[0.386s] Level 1:colcon.colcon_core.package_identification:_identify(src/drone_racing_ros2/ros2_shared) by extension 'ignore'
[0.386s] Level 1:colcon.colcon_core.package_identification:_identify(src/drone_racing_ros2/ros2_shared) by extension 'ignore_ament_install'
[0.386s] Level 1:colcon.colcon_core.package_identification:_identify(src/drone_racing_ros2/ros2_shared) by extensions ['colcon_pkg']
[0.386s] Level 1:colcon.colcon_core.package_identification:_identify(src/drone_racing_ros2/ros2_shared) by extension 'colcon_pkg'
[0.386s] Level 1:colcon.colcon_core.package_identification:_identify(src/drone_racing_ros2/ros2_shared) by extensions ['colcon_meta']
[0.386s] Level 1:colcon.colcon_core.package_identification:_identify(src/drone_racing_ros2/ros2_shared) by extension 'colcon_meta'
[0.387s] Level 1:colcon.colcon_core.package_identification:_identify(src/drone_racing_ros2/ros2_shared) by extensions ['ros']
[0.387s] Level 1:colcon.colcon_core.package_identification:_identify(src/drone_racing_ros2/ros2_shared) by extension 'ros'
[0.389s] DEBUG:colcon.colcon_core.package_identification:Package 'src/drone_racing_ros2/ros2_shared' with type 'ros.ament_cmake' and name 'ros2_shared'
[0.389s] Level 1:colcon.colcon_core.package_identification:_identify(src/drone_racing_ros2/tello_ros) by extensions ['ignore', 'ignore_ament_install']
[0.389s] Level 1:colcon.colcon_core.package_identification:_identify(src/drone_racing_ros2/tello_ros) by extension 'ignore'
[0.389s] Level 1:colcon.colcon_core.package_identification:_identify(src/drone_racing_ros2/tello_ros) by extension 'ignore_ament_install'
[0.389s] Level 1:colcon.colcon_core.package_identification:_identify(src/drone_racing_ros2/tello_ros) by extensions ['colcon_pkg']
[0.389s] Level 1:colcon.colcon_core.package_identification:_identify(src/drone_racing_ros2/tello_ros) by extension 'colcon_pkg'
[0.389s] Level 1:colcon.colcon_core.package_identification:_identify(src/drone_racing_ros2/tello_ros) by extensions ['colcon_meta']
[0.389s] Level 1:colcon.colcon_core.package_identification:_identify(src/drone_racing_ros2/tello_ros) by extension 'colcon_meta'
[0.389s] Level 1:colcon.colcon_core.package_identification:_identify(src/drone_racing_ros2/tello_ros) by extensions ['ros']
[0.389s] Level 1:colcon.colcon_core.package_identification:_identify(src/drone_racing_ros2/tello_ros) by extension 'ros'
[0.389s] Level 1:colcon.colcon_core.package_identification:_identify(src/drone_racing_ros2/tello_ros) by extensions ['cmake', 'python']
[0.390s] Level 1:colcon.colcon_core.package_identification:_identify(src/drone_racing_ros2/tello_ros) by extension 'cmake'
[0.390s] Level 1:colcon.colcon_core.package_identification:_identify(src/drone_racing_ros2/tello_ros) by extension 'python'
[0.390s] Level 1:colcon.colcon_core.package_identification:_identify(src/drone_racing_ros2/tello_ros) by extensions ['python_setup_py']
[0.390s] Level 1:colcon.colcon_core.package_identification:_identify(src/drone_racing_ros2/tello_ros) by extension 'python_setup_py'
[0.390s] Level 1:colcon.colcon_core.package_identification:_identify(src/drone_racing_ros2/tello_ros/docker) by extensions ['ignore', 'ignore_ament_install']
[0.390s] Level 1:colcon.colcon_core.package_identification:_identify(src/drone_racing_ros2/tello_ros/docker) by extension 'ignore'
[0.390s] Level 1:colcon.colcon_core.package_identification:_identify(src/drone_racing_ros2/tello_ros/docker) by extension 'ignore_ament_install'
[0.390s] Level 1:colcon.colcon_core.package_identification:_identify(src/drone_racing_ros2/tello_ros/docker) by extensions ['colcon_pkg']
[0.390s] Level 1:colcon.colcon_core.package_identification:_identify(src/drone_racing_ros2/tello_ros/docker) by extension 'colcon_pkg'
[0.390s] Level 1:colcon.colcon_core.package_identification:_identify(src/drone_racing_ros2/tello_ros/docker) by extensions ['colcon_meta']
[0.390s] Level 1:colcon.colcon_core.package_identification:_identify(src/drone_racing_ros2/tello_ros/docker) by extension 'colcon_meta'
[0.390s] Level 1:colcon.colcon_core.package_identification:_identify(src/drone_racing_ros2/tello_ros/docker) by extensions ['ros']
[0.390s] Level 1:colcon.colcon_core.package_identification:_identify(src/drone_racing_ros2/tello_ros/docker) by extension 'ros'
[0.390s] Level 1:colcon.colcon_core.package_identification:_identify(src/drone_racing_ros2/tello_ros/docker) by extensions ['cmake', 'python']
[0.390s] Level 1:colcon.colcon_core.package_identification:_identify(src/drone_racing_ros2/tello_ros/docker) by extension 'cmake'
[0.390s] Level 1:colcon.colcon_core.package_identification:_identify(src/drone_racing_ros2/tello_ros/docker) by extension 'python'
[0.390s] Level 1:colcon.colcon_core.package_identification:_identify(src/drone_racing_ros2/tello_ros/docker) by extensions ['python_setup_py']
[0.390s] Level 1:colcon.colcon_core.package_identification:_identify(src/drone_racing_ros2/tello_ros/docker) by extension 'python_setup_py'
[0.390s] Level 1:colcon.colcon_core.package_identification:_identify(src/drone_racing_ros2/tello_ros/tello_description) by extensions ['ignore', 'ignore_ament_install']
[0.391s] Level 1:colcon.colcon_core.package_identification:_identify(src/drone_racing_ros2/tello_ros/tello_description) by extension 'ignore'
[0.391s] Level 1:colcon.colcon_core.package_identification:_identify(src/drone_racing_ros2/tello_ros/tello_description) by extension 'ignore_ament_install'
[0.391s] Level 1:colcon.colcon_core.package_identification:_identify(src/drone_racing_ros2/tello_ros/tello_description) by extensions ['colcon_pkg']
[0.391s] Level 1:colcon.colcon_core.package_identification:_identify(src/drone_racing_ros2/tello_ros/tello_description) by extension 'colcon_pkg'
[0.391s] Level 1:colcon.colcon_core.package_identification:_identify(src/drone_racing_ros2/tello_ros/tello_description) by extensions ['colcon_meta']
[0.391s] Level 1:colcon.colcon_core.package_identification:_identify(src/drone_racing_ros2/tello_ros/tello_description) by extension 'colcon_meta'
[0.391s] Level 1:colcon.colcon_core.package_identification:_identify(src/drone_racing_ros2/tello_ros/tello_description) by extensions ['ros']
[0.391s] Level 1:colcon.colcon_core.package_identification:_identify(src/drone_racing_ros2/tello_ros/tello_description) by extension 'ros'
[0.391s] DEBUG:colcon.colcon_core.package_identification:Package 'src/drone_racing_ros2/tello_ros/tello_description' with type 'ros.ament_cmake' and name 'tello_description'
[0.392s] Level 1:colcon.colcon_core.package_identification:_identify(src/drone_racing_ros2/tello_ros/tello_driver) by extensions ['ignore', 'ignore_ament_install']
[0.392s] Level 1:colcon.colcon_core.package_identification:_identify(src/drone_racing_ros2/tello_ros/tello_driver) by extension 'ignore'
[0.392s] Level 1:colcon.colcon_core.package_identification:_identify(src/drone_racing_ros2/tello_ros/tello_driver) by extension 'ignore_ament_install'
[0.392s] Level 1:colcon.colcon_core.package_identification:_identify(src/drone_racing_ros2/tello_ros/tello_driver) by extensions ['colcon_pkg']
[0.392s] Level 1:colcon.colcon_core.package_identification:_identify(src/drone_racing_ros2/tello_ros/tello_driver) by extension 'colcon_pkg'
[0.392s] Level 1:colcon.colcon_core.package_identification:_identify(src/drone_racing_ros2/tello_ros/tello_driver) by extensions ['colcon_meta']
[0.392s] Level 1:colcon.colcon_core.package_identification:_identify(src/drone_racing_ros2/tello_ros/tello_driver) by extension 'colcon_meta'
[0.392s] Level 1:colcon.colcon_core.package_identification:_identify(src/drone_racing_ros2/tello_ros/tello_driver) by extensions ['ros']
[0.392s] Level 1:colcon.colcon_core.package_identification:_identify(src/drone_racing_ros2/tello_ros/tello_driver) by extension 'ros'
[0.393s] DEBUG:colcon.colcon_core.package_identification:Package 'src/drone_racing_ros2/tello_ros/tello_driver' with type 'ros.ament_cmake' and name 'tello_driver'
[0.393s] Level 1:colcon.colcon_core.package_identification:_identify(src/drone_racing_ros2/tello_ros/tello_gazebo) by extensions ['ignore', 'ignore_ament_install']
[0.393s] Level 1:colcon.colcon_core.package_identification:_identify(src/drone_racing_ros2/tello_ros/tello_gazebo) by extension 'ignore'
[0.393s] Level 1:colcon.colcon_core.package_identification:_identify(src/drone_racing_ros2/tello_ros/tello_gazebo) by extension 'ignore_ament_install'
[0.393s] Level 1:colcon.colcon_core.package_identification:_identify(src/drone_racing_ros2/tello_ros/tello_gazebo) by extensions ['colcon_pkg']
[0.394s] Level 1:colcon.colcon_core.package_identification:_identify(src/drone_racing_ros2/tello_ros/tello_gazebo) by extension 'colcon_pkg'
[0.394s] Level 1:colcon.colcon_core.package_identification:_identify(src/drone_racing_ros2/tello_ros/tello_gazebo) by extensions ['colcon_meta']
[0.394s] Level 1:colcon.colcon_core.package_identification:_identify(src/drone_racing_ros2/tello_ros/tello_gazebo) by extension 'colcon_meta'
[0.394s] Level 1:colcon.colcon_core.package_identification:_identify(src/drone_racing_ros2/tello_ros/tello_gazebo) by extensions ['ros']
[0.394s] Level 1:colcon.colcon_core.package_identification:_identify(src/drone_racing_ros2/tello_ros/tello_gazebo) by extension 'ros'
[0.395s] DEBUG:colcon.colcon_core.package_identification:Package 'src/drone_racing_ros2/tello_ros/tello_gazebo' with type 'ros.ament_cmake' and name 'tello_gazebo'
[0.395s] Level 1:colcon.colcon_core.package_identification:_identify(src/drone_racing_ros2/tello_ros/tello_msgs) by extensions ['ignore', 'ignore_ament_install']
[0.395s] Level 1:colcon.colcon_core.package_identification:_identify(src/drone_racing_ros2/tello_ros/tello_msgs) by extension 'ignore'
[0.395s] Level 1:colcon.colcon_core.package_identification:_identify(src/drone_racing_ros2/tello_ros/tello_msgs) by extension 'ignore_ament_install'
[0.395s] Level 1:colcon.colcon_core.package_identification:_identify(src/drone_racing_ros2/tello_ros/tello_msgs) by extensions ['colcon_pkg']
[0.395s] Level 1:colcon.colcon_core.package_identification:_identify(src/drone_racing_ros2/tello_ros/tello_msgs) by extension 'colcon_pkg'
[0.395s] Level 1:colcon.colcon_core.package_identification:_identify(src/drone_racing_ros2/tello_ros/tello_msgs) by extensions ['colcon_meta']
[0.395s] Level 1:colcon.colcon_core.package_identification:_identify(src/drone_racing_ros2/tello_ros/tello_msgs) by extension 'colcon_meta'
[0.395s] Level 1:colcon.colcon_core.package_identification:_identify(src/drone_racing_ros2/tello_ros/tello_msgs) by extensions ['ros']
[0.395s] Level 1:colcon.colcon_core.package_identification:_identify(src/drone_racing_ros2/tello_ros/tello_msgs) by extension 'ros'
[0.396s] DEBUG:colcon.colcon_core.package_identification:Package 'src/drone_racing_ros2/tello_ros/tello_msgs' with type 'ros.ament_cmake' and name 'tello_msgs'
[0.396s] Level 1:colcon.colcon_core.package_identification:_identify(src/image_subscriber_pkg) by extensions ['ignore', 'ignore_ament_install']
[0.396s] Level 1:colcon.colcon_core.package_identification:_identify(src/image_subscriber_pkg) by extension 'ignore'
[0.396s] Level 1:colcon.colcon_core.package_identification:_identify(src/image_subscriber_pkg) by extension 'ignore_ament_install'
[0.396s] Level 1:colcon.colcon_core.package_identification:_identify(src/image_subscriber_pkg) by extensions ['colcon_pkg']
[0.396s] Level 1:colcon.colcon_core.package_identification:_identify(src/image_subscriber_pkg) by extension 'colcon_pkg'
[0.396s] Level 1:colcon.colcon_core.package_identification:_identify(src/image_subscriber_pkg) by extensions ['colcon_meta']
[0.396s] Level 1:colcon.colcon_core.package_identification:_identify(src/image_subscriber_pkg) by extension 'colcon_meta'
[0.396s] Level 1:colcon.colcon_core.package_identification:_identify(src/image_subscriber_pkg) by extensions ['ros']
[0.396s] Level 1:colcon.colcon_core.package_identification:_identify(src/image_subscriber_pkg) by extension 'ros'
[0.397s] DEBUG:colcon.colcon_core.package_identification:Package 'src/image_subscriber_pkg' with type 'ros.ament_cmake' and name 'image_subscriber_pkg'
[0.397s] Level 1:colcon.colcon_core.package_discovery:discover_packages(recursive) using defaults
[0.397s] Level 1:colcon.colcon_core.package_discovery:discover_packages(ignore) discover
[0.397s] Level 1:colcon.colcon_core.package_discovery:discover_packages(ignore) using defaults
[0.397s] Level 1:colcon.colcon_core.package_discovery:discover_packages(path) discover
[0.397s] Level 1:colcon.colcon_core.package_discovery:discover_packages(path) using defaults
[0.425s] Level 1:colcon.colcon_core.package_discovery:discover_packages(prefix_path) check parameters
[0.425s] Level 1:colcon.colcon_core.package_discovery:discover_packages(prefix_path) discover
[0.428s] DEBUG:colcon.colcon_installed_package_information.package_discovery:Found 275 installed packages in /opt/ros/galactic
[0.429s] Level 1:colcon.colcon_core.package_discovery:discover_packages(prefix_path) using defaults
[0.494s] Level 5:colcon.colcon_core.verb:set package 'image_subscriber_pkg' build argument 'cmake_args' from command line to 'None'
[0.495s] Level 5:colcon.colcon_core.verb:set package 'image_subscriber_pkg' build argument 'cmake_target' from command line to 'None'
[0.495s] Level 5:colcon.colcon_core.verb:set package 'image_subscriber_pkg' build argument 'cmake_target_skip_unavailable' from command line to 'False'
[0.495s] Level 5:colcon.colcon_core.verb:set package 'image_subscriber_pkg' build argument 'cmake_clean_cache' from command line to 'False'
[0.495s] Level 5:colcon.colcon_core.verb:set package 'image_subscriber_pkg' build argument 'cmake_clean_first' from command line to 'False'
[0.495s] Level 5:colcon.colcon_core.verb:set package 'image_subscriber_pkg' build argument 'cmake_force_configure' from command line to 'False'
[0.495s] Level 5:colcon.colcon_core.verb:set package 'image_subscriber_pkg' build argument 'ament_cmake_args' from command line to 'None'
[0.495s] Level 5:colcon.colcon_core.verb:set package 'image_subscriber_pkg' build argument 'catkin_cmake_args' from command line to 'None'
[0.495s] Level 5:colcon.colcon_core.verb:set package 'image_subscriber_pkg' build argument 'catkin_skip_building_tests' from command line to 'False'
[0.495s] DEBUG:colcon.colcon_core.verb:Building package 'image_subscriber_pkg' with the following arguments: {'ament_cmake_args': None, 'build_base': '/home/atte/drone_ws/build/image_subscriber_pkg', 'catkin_cmake_args': None, 'catkin_skip_building_tests': False, 'cmake_args': None, 'cmake_clean_cache': False, 'cmake_clean_first': False, 'cmake_force_configure': False, 'cmake_target': None, 'cmake_target_skip_unavailable': False, 'install_base': '/home/atte/drone_ws/install/image_subscriber_pkg', 'merge_install': False, 'path': '/home/atte/drone_ws/src/image_subscriber_pkg', 'symlink_install': False, 'test_result_base': None}
[0.495s] Level 5:colcon.colcon_core.verb:set package 'ros2_shared' build argument 'cmake_args' from command line to 'None'
[0.495s] Level 5:colcon.colcon_core.verb:set package 'ros2_shared' build argument 'cmake_target' from command line to 'None'
[0.495s] Level 5:colcon.colcon_core.verb:set package 'ros2_shared' build argument 'cmake_target_skip_unavailable' from command line to 'False'
[0.495s] Level 5:colcon.colcon_core.verb:set package 'ros2_shared' build argument 'cmake_clean_cache' from command line to 'False'
[0.495s] Level 5:colcon.colcon_core.verb:set package 'ros2_shared' build argument 'cmake_clean_first' from command line to 'False'
[0.495s] Level 5:colcon.colcon_core.verb:set package 'ros2_shared' build argument 'cmake_force_configure' from command line to 'False'
[0.495s] Level 5:colcon.colcon_core.verb:set package 'ros2_shared' build argument 'ament_cmake_args' from command line to 'None'
[0.495s] Level 5:colcon.colcon_core.verb:set package 'ros2_shared' build argument 'catkin_cmake_args' from command line to 'None'
[0.495s] Level 5:colcon.colcon_core.verb:set package 'ros2_shared' build argument 'catkin_skip_building_tests' from command line to 'False'
[0.495s] DEBUG:colcon.colcon_core.verb:Building package 'ros2_shared' with the following arguments: {'ament_cmake_args': None, 'build_base': '/home/atte/drone_ws/build/ros2_shared', 'catkin_cmake_args': None, 'catkin_skip_building_tests': False, 'cmake_args': None, 'cmake_clean_cache': False, 'cmake_clean_first': False, 'cmake_force_configure': False, 'cmake_target': None, 'cmake_target_skip_unavailable': False, 'install_base': '/home/atte/drone_ws/install/ros2_shared', 'merge_install': False, 'path': '/home/atte/drone_ws/src/drone_racing_ros2/ros2_shared', 'symlink_install': False, 'test_result_base': None}
[0.496s] Level 5:colcon.colcon_core.verb:set package 'tello_description' build argument 'cmake_args' from command line to 'None'
[0.496s] Level 5:colcon.colcon_core.verb:set package 'tello_description' build argument 'cmake_target' from command line to 'None'
[0.496s] Level 5:colcon.colcon_core.verb:set package 'tello_description' build argument 'cmake_target_skip_unavailable' from command line to 'False'
[0.496s] Level 5:colcon.colcon_core.verb:set package 'tello_description' build argument 'cmake_clean_cache' from command line to 'False'
[0.496s] Level 5:colcon.colcon_core.verb:set package 'tello_description' build argument 'cmake_clean_first' from command line to 'False'
[0.496s] Level 5:colcon.colcon_core.verb:set package 'tello_description' build argument 'cmake_force_configure' from command line to 'False'
[0.496s] Level 5:colcon.colcon_core.verb:set package 'tello_description' build argument 'ament_cmake_args' from command line to 'None'
[0.496s] Level 5:colcon.colcon_core.verb:set package 'tello_description' build argument 'catkin_cmake_args' from command line to 'None'
[0.496s] Level 5:colcon.colcon_core.verb:set package 'tello_description' build argument 'catkin_skip_building_tests' from command line to 'False'
[0.496s] DEBUG:colcon.colcon_core.verb:Building package 'tello_description' with the following arguments: {'ament_cmake_args': None, 'build_base': '/home/atte/drone_ws/build/tello_description', 'catkin_cmake_args': None, 'catkin_skip_building_tests': False, 'cmake_args': None, 'cmake_clean_cache': False, 'cmake_clean_first': False, 'cmake_force_configure': False, 'cmake_target': None, 'cmake_target_skip_unavailable': False, 'install_base': '/home/atte/drone_ws/install/tello_description', 'merge_install': False, 'path': '/home/atte/drone_ws/src/drone_racing_ros2/tello_ros/tello_description', 'symlink_install': False, 'test_result_base': None}
[0.496s] Level 5:colcon.colcon_core.verb:set package 'tello_msgs' build argument 'cmake_args' from command line to 'None'
[0.496s] Level 5:colcon.colcon_core.verb:set package 'tello_msgs' build argument 'cmake_target' from command line to 'None'
[0.496s] Level 5:colcon.colcon_core.verb:set package 'tello_msgs' build argument 'cmake_target_skip_unavailable' from command line to 'False'
[0.496s] Level 5:colcon.colcon_core.verb:set package 'tello_msgs' build argument 'cmake_clean_cache' from command line to 'False'
[0.497s] Level 5:colcon.colcon_core.verb:set package 'tello_msgs' build argument 'cmake_clean_first' from command line to 'False'
[0.497s] Level 5:colcon.colcon_core.verb:set package 'tello_msgs' build argument 'cmake_force_configure' from command line to 'False'
[0.497s] Level 5:colcon.colcon_core.verb:set package 'tello_msgs' build argument 'ament_cmake_args' from command line to 'None'
[0.497s] Level 5:colcon.colcon_core.verb:set package 'tello_msgs' build argument 'catkin_cmake_args' from command line to 'None'
[0.497s] Level 5:colcon.colcon_core.verb:set package 'tello_msgs' build argument 'catkin_skip_building_tests' from command line to 'False'
[0.497s] DEBUG:colcon.colcon_core.verb:Building package 'tello_msgs' with the following arguments: {'ament_cmake_args': None, 'build_base': '/home/atte/drone_ws/build/tello_msgs', 'catkin_cmake_args': None, 'catkin_skip_building_tests': False, 'cmake_args': None, 'cmake_clean_cache': False, 'cmake_clean_first': False, 'cmake_force_configure': False, 'cmake_target': None, 'cmake_target_skip_unavailable': False, 'install_base': '/home/atte/drone_ws/install/tello_msgs', 'merge_install': False, 'path': '/home/atte/drone_ws/src/drone_racing_ros2/tello_ros/tello_msgs', 'symlink_install': False, 'test_result_base': None}
[0.497s] Level 5:colcon.colcon_core.verb:set package 'tello_driver' build argument 'cmake_args' from command line to 'None'
[0.497s] Level 5:colcon.colcon_core.verb:set package 'tello_driver' build argument 'cmake_target' from command line to 'None'
[0.497s] Level 5:colcon.colcon_core.verb:set package 'tello_driver' build argument 'cmake_target_skip_unavailable' from command line to 'False'
[0.497s] Level 5:colcon.colcon_core.verb:set package 'tello_driver' build argument 'cmake_clean_cache' from command line to 'False'
[0.497s] Level 5:colcon.colcon_core.verb:set package 'tello_driver' build argument 'cmake_clean_first' from command line to 'False'
[0.497s] Level 5:colcon.colcon_core.verb:set package 'tello_driver' build argument 'cmake_force_configure' from command line to 'False'
[0.497s] Level 5:colcon.colcon_core.verb:set package 'tello_driver' build argument 'ament_cmake_args' from command line to 'None'
[0.497s] Level 5:colcon.colcon_core.verb:set package 'tello_driver' build argument 'catkin_cmake_args' from command line to 'None'
[0.497s] Level 5:colcon.colcon_core.verb:set package 'tello_driver' build argument 'catkin_skip_building_tests' from command line to 'False'
[0.497s] DEBUG:colcon.colcon_core.verb:Building package 'tello_driver' with the following arguments: {'ament_cmake_args': None, 'build_base': '/home/atte/drone_ws/build/tello_driver', 'catkin_cmake_args': None, 'catkin_skip_building_tests': False, 'cmake_args': None, 'cmake_clean_cache': False, 'cmake_clean_first': False, 'cmake_force_configure': False, 'cmake_target': None, 'cmake_target_skip_unavailable': False, 'install_base': '/home/atte/drone_ws/install/tello_driver', 'merge_install': False, 'path': '/home/atte/drone_ws/src/drone_racing_ros2/tello_ros/tello_driver', 'symlink_install': False, 'test_result_base': None}
[0.498s] Level 5:colcon.colcon_core.verb:set package 'tello_gazebo' build argument 'cmake_args' from command line to 'None'
[0.498s] Level 5:colcon.colcon_core.verb:set package 'tello_gazebo' build argument 'cmake_target' from command line to 'None'
[0.498s] Level 5:colcon.colcon_core.verb:set package 'tello_gazebo' build argument 'cmake_target_skip_unavailable' from command line to 'False'
[0.498s] Level 5:colcon.colcon_core.verb:set package 'tello_gazebo' build argument 'cmake_clean_cache' from command line to 'False'
[0.498s] Level 5:colcon.colcon_core.verb:set package 'tello_gazebo' build argument 'cmake_clean_first' from command line to 'False'
[0.498s] Level 5:colcon.colcon_core.verb:set package 'tello_gazebo' build argument 'cmake_force_configure' from command line to 'False'
[0.498s] Level 5:colcon.colcon_core.verb:set package 'tello_gazebo' build argument 'ament_cmake_args' from command line to 'None'
[0.498s] Level 5:colcon.colcon_core.verb:set package 'tello_gazebo' build argument 'catkin_cmake_args' from command line to 'None'
[0.498s] Level 5:colcon.colcon_core.verb:set package 'tello_gazebo' build argument 'catkin_skip_building_tests' from command line to 'False'
[0.498s] DEBUG:colcon.colcon_core.verb:Building package 'tello_gazebo' with the following arguments: {'ament_cmake_args': None, 'build_base': '/home/atte/drone_ws/build/tello_gazebo', 'catkin_cmake_args': None, 'catkin_skip_building_tests': False, 'cmake_args': None, 'cmake_clean_cache': False, 'cmake_clean_first': False, 'cmake_force_configure': False, 'cmake_target': None, 'cmake_target_skip_unavailable': False, 'install_base': '/home/atte/drone_ws/install/tello_gazebo', 'merge_install': False, 'path': '/home/atte/drone_ws/src/drone_racing_ros2/tello_ros/tello_gazebo', 'symlink_install': False, 'test_result_base': None}
[0.498s] INFO:colcon.colcon_core.executor:Executing jobs using 'parallel' executor
[0.499s] DEBUG:colcon.colcon_parallel_executor.executor.parallel:run_until_complete
[0.500s] INFO:colcon.colcon_ros.task.ament_cmake.build:Building ROS package in '/home/atte/drone_ws/src/drone_racing_ros2/tello_ros/tello_msgs' with build type 'ament_cmake'
[0.500s] INFO:colcon.colcon_cmake.task.cmake.build:Building CMake package in '/home/atte/drone_ws/src/drone_racing_ros2/tello_ros/tello_msgs'
[0.502s] INFO:colcon.colcon_core.plugin_system:Skipping extension 'colcon_core.shell.bat': Not used on non-Windows systems
[0.502s] INFO:colcon.colcon_core.shell:Skip shell extension 'powershell' for command environment: Not usable outside of PowerShell
[0.502s] DEBUG:colcon.colcon_core.shell:Skip shell extension 'dsv' for command environment
[0.507s] INFO:colcon.colcon_ros.task.ament_cmake.build:Building ROS package in '/home/atte/drone_ws/src/drone_racing_ros2/ros2_shared' with build type 'ament_cmake'
[0.507s] INFO:colcon.colcon_cmake.task.cmake.build:Building CMake package in '/home/atte/drone_ws/src/drone_racing_ros2/ros2_shared'
[0.508s] INFO:colcon.colcon_core.shell:Skip shell extension 'powershell' for command environment: Not usable outside of PowerShell
[0.508s] DEBUG:colcon.colcon_core.shell:Skip shell extension 'dsv' for command environment
[0.514s] INFO:colcon.colcon_ros.task.ament_cmake.build:Building ROS package in '/home/atte/drone_ws/src/image_subscriber_pkg' with build type 'ament_cmake'
[0.514s] INFO:colcon.colcon_cmake.task.cmake.build:Building CMake package in '/home/atte/drone_ws/src/image_subscriber_pkg'
[0.516s] INFO:colcon.colcon_core.shell:Skip shell extension 'powershell' for command environment: Not usable outside of PowerShell
[0.516s] DEBUG:colcon.colcon_core.shell:Skip shell extension 'dsv' for command environment
[0.521s] INFO:colcon.colcon_ros.task.ament_cmake.build:Building ROS package in '/home/atte/drone_ws/src/drone_racing_ros2/tello_ros/tello_description' with build type 'ament_cmake'
[0.522s] INFO:colcon.colcon_cmake.task.cmake.build:Building CMake package in '/home/atte/drone_ws/src/drone_racing_ros2/tello_ros/tello_description'
[0.523s] INFO:colcon.colcon_core.shell:Skip shell extension 'powershell' for command environment: Not usable outside of PowerShell
[0.523s] DEBUG:colcon.colcon_core.shell:Skip shell extension 'dsv' for command environment
[0.535s] DEBUG:colcon.colcon_core.event_handler.log_command:Invoking command in '/home/atte/drone_ws/build/tello_msgs': CMAKE_PREFIX_PATH=/opt/ros/galactic /usr/bin/cmake /home/atte/drone_ws/src/drone_racing_ros2/tello_ros/tello_msgs -DCMAKE_INSTALL_PREFIX=/home/atte/drone_ws/install/tello_msgs
[0.543s] DEBUG:colcon.colcon_core.event_handler.log_command:Invoking command in '/home/atte/drone_ws/build/ros2_shared': CMAKE_PREFIX_PATH=/opt/ros/galactic /usr/bin/cmake /home/atte/drone_ws/src/drone_racing_ros2/ros2_shared -DCMAKE_INSTALL_PREFIX=/home/atte/drone_ws/install/ros2_shared
[0.548s] DEBUG:colcon.colcon_core.event_handler.log_command:Invoking command in '/home/atte/drone_ws/build/image_subscriber_pkg': CMAKE_PREFIX_PATH=/opt/ros/galactic /usr/bin/cmake /home/atte/drone_ws/src/image_subscriber_pkg -DCMAKE_INSTALL_PREFIX=/home/atte/drone_ws/install/image_subscriber_pkg
[0.565s] DEBUG:colcon.colcon_core.event_handler.log_command:Invoking command in '/home/atte/drone_ws/build/tello_description': CMAKE_PREFIX_PATH=/opt/ros/galactic /usr/bin/cmake /home/atte/drone_ws/src/drone_racing_ros2/tello_ros/tello_description -DCMAKE_INSTALL_PREFIX=/home/atte/drone_ws/install/tello_description
[1.636s] DEBUG:colcon.colcon_core.event_handler.log_command:Invoked command in '/home/atte/drone_ws/build/ros2_shared' returned '0': CMAKE_PREFIX_PATH=/opt/ros/galactic /usr/bin/cmake /home/atte/drone_ws/src/drone_racing_ros2/ros2_shared -DCMAKE_INSTALL_PREFIX=/home/atte/drone_ws/install/ros2_shared
[1.637s] DEBUG:colcon.colcon_core.event_handler.log_command:Invoking command in '/home/atte/drone_ws/build/ros2_shared': CMAKE_PREFIX_PATH=/opt/ros/galactic /usr/bin/cmake --build /home/atte/drone_ws/build/ros2_shared -- -j4 -l4
[1.707s] DEBUG:colcon.colcon_core.event_handler.log_command:Invoked command in '/home/atte/drone_ws/build/tello_description' returned '0': CMAKE_PREFIX_PATH=/opt/ros/galactic /usr/bin/cmake /home/atte/drone_ws/src/drone_racing_ros2/tello_ros/tello_description -DCMAKE_INSTALL_PREFIX=/home/atte/drone_ws/install/tello_description
[1.712s] DEBUG:colcon.colcon_core.event_handler.log_command:Invoking command in '/home/atte/drone_ws/build/tello_description': CMAKE_PREFIX_PATH=/opt/ros/galactic /usr/bin/cmake --build /home/atte/drone_ws/build/tello_description -- -j4 -l4
[1.716s] DEBUG:colcon.colcon_core.event_handler.log_command:Invoked command in '/home/atte/drone_ws/build/ros2_shared' returned '0': CMAKE_PREFIX_PATH=/opt/ros/galactic /usr/bin/cmake --build /home/atte/drone_ws/build/ros2_shared -- -j4 -l4
[1.741s] DEBUG:colcon.colcon_core.event_handler.log_command:Invoking command in '/home/atte/drone_ws/build/ros2_shared': CMAKE_PREFIX_PATH=/opt/ros/galactic /usr/bin/cmake --install /home/atte/drone_ws/build/ros2_shared
[1.763s] Level 1:colcon.colcon_core.environment:create_environment_scripts_only(ros2_shared)
[1.768s] Level 1:colcon.colcon_core.environment:checking '/home/atte/drone_ws/install/ros2_shared' for CMake module files
[1.769s] Level 1:colcon.colcon_core.environment:checking '/home/atte/drone_ws/install/ros2_shared' for CMake config files
[1.770s] DEBUG:colcon.colcon_core.event_handler.log_command:Invoked command in '/home/atte/drone_ws/build/ros2_shared' returned '0': CMAKE_PREFIX_PATH=/opt/ros/galactic /usr/bin/cmake --install /home/atte/drone_ws/build/ros2_shared
[1.770s] Level 1:colcon.colcon_core.shell:create_environment_hook('ros2_shared', 'cmake_prefix_path')
[1.771s] INFO:colcon.colcon_core.shell:Creating environment hook '/home/atte/drone_ws/install/ros2_shared/share/ros2_shared/hook/cmake_prefix_path.ps1'
[1.773s] INFO:colcon.colcon_core.shell:Creating environment descriptor '/home/atte/drone_ws/install/ros2_shared/share/ros2_shared/hook/cmake_prefix_path.dsv'
[1.774s] INFO:colcon.colcon_core.shell:Creating environment hook '/home/atte/drone_ws/install/ros2_shared/share/ros2_shared/hook/cmake_prefix_path.sh'
[1.776s] Level 1:colcon.colcon_core.environment:checking '/home/atte/drone_ws/install/ros2_shared/bin'
[1.776s] Level 1:colcon.colcon_core.environment:checking '/home/atte/drone_ws/install/ros2_shared/lib/pkgconfig/ros2_shared.pc'
[1.776s] Level 1:colcon.colcon_core.environment:checking '/home/atte/drone_ws/install/ros2_shared/lib/python3.8/site-packages'
[1.777s] Level 1:colcon.colcon_core.environment:checking '/home/atte/drone_ws/install/ros2_shared/bin'
[1.778s] INFO:colcon.colcon_core.shell:Creating package script '/home/atte/drone_ws/install/ros2_shared/share/ros2_shared/package.ps1'
[1.780s] INFO:colcon.colcon_core.shell:Creating package descriptor '/home/atte/drone_ws/install/ros2_shared/share/ros2_shared/package.dsv'
[1.782s] INFO:colcon.colcon_core.shell:Creating package script '/home/atte/drone_ws/install/ros2_shared/share/ros2_shared/package.sh'
[1.783s] INFO:colcon.colcon_core.shell:Creating package script '/home/atte/drone_ws/install/ros2_shared/share/ros2_shared/package.bash'
[1.785s] INFO:colcon.colcon_core.shell:Creating package script '/home/atte/drone_ws/install/ros2_shared/share/ros2_shared/package.zsh'
[1.787s] Level 1:colcon.colcon_core.environment:create_file_with_runtime_dependencies(/home/atte/drone_ws/install/ros2_shared/share/colcon-core/packages/ros2_shared)
[1.788s] Level 1:colcon.colcon_core.environment:create_environment_scripts_only(ros2_shared)
[1.789s] Level 1:colcon.colcon_core.environment:checking '/home/atte/drone_ws/install/ros2_shared' for CMake module files
[1.790s] Level 1:colcon.colcon_core.environment:checking '/home/atte/drone_ws/install/ros2_shared' for CMake config files
[1.790s] Level 1:colcon.colcon_core.shell:create_environment_hook('ros2_shared', 'cmake_prefix_path')
[1.791s] INFO:colcon.colcon_core.shell:Creating environment hook '/home/atte/drone_ws/install/ros2_shared/share/ros2_shared/hook/cmake_prefix_path.ps1'
[1.791s] INFO:colcon.colcon_core.shell:Creating environment descriptor '/home/atte/drone_ws/install/ros2_shared/share/ros2_shared/hook/cmake_prefix_path.dsv'
[1.792s] INFO:colcon.colcon_core.shell:Creating environment hook '/home/atte/drone_ws/install/ros2_shared/share/ros2_shared/hook/cmake_prefix_path.sh'
[1.792s] Level 1:colcon.colcon_core.environment:checking '/home/atte/drone_ws/install/ros2_shared/bin'
[1.793s] Level 1:colcon.colcon_core.environment:checking '/home/atte/drone_ws/install/ros2_shared/lib/pkgconfig/ros2_shared.pc'
[1.793s] Level 1:colcon.colcon_core.environment:checking '/home/atte/drone_ws/install/ros2_shared/lib/python3.8/site-packages'
[1.793s] Level 1:colcon.colcon_core.environment:checking '/home/atte/drone_ws/install/ros2_shared/bin'
[1.794s] INFO:colcon.colcon_core.shell:Creating package script '/home/atte/drone_ws/install/ros2_shared/share/ros2_shared/package.ps1'
[1.795s] INFO:colcon.colcon_core.shell:Creating package descriptor '/home/atte/drone_ws/install/ros2_shared/share/ros2_shared/package.dsv'
[1.795s] INFO:colcon.colcon_core.shell:Creating package script '/home/atte/drone_ws/install/ros2_shared/share/ros2_shared/package.sh'
[1.796s] INFO:colcon.colcon_core.shell:Creating package script '/home/atte/drone_ws/install/ros2_shared/share/ros2_shared/package.bash'
[1.797s] INFO:colcon.colcon_core.shell:Creating package script '/home/atte/drone_ws/install/ros2_shared/share/ros2_shared/package.zsh'
[1.797s] Level 1:colcon.colcon_core.environment:create_file_with_runtime_dependencies(/home/atte/drone_ws/install/ros2_shared/share/colcon-core/packages/ros2_shared)
[2.557s] DEBUG:colcon.colcon_core.event_handler.log_command:Invoked command in '/home/atte/drone_ws/build/tello_description' returned '0': CMAKE_PREFIX_PATH=/opt/ros/galactic /usr/bin/cmake --build /home/atte/drone_ws/build/tello_description -- -j4 -l4
[2.561s] DEBUG:colcon.colcon_core.event_handler.log_command:Invoking command in '/home/atte/drone_ws/build/tello_description': CMAKE_PREFIX_PATH=/opt/ros/galactic /usr/bin/cmake --install /home/atte/drone_ws/build/tello_description
[2.583s] Level 1:colcon.colcon_core.environment:create_environment_scripts_only(tello_description)
[2.584s] Level 1:colcon.colcon_core.environment:checking '/home/atte/drone_ws/install/tello_description' for CMake module files
[2.585s] DEBUG:colcon.colcon_core.event_handler.log_command:Invoked command in '/home/atte/drone_ws/build/tello_description' returned '0': CMAKE_PREFIX_PATH=/opt/ros/galactic /usr/bin/cmake --install /home/atte/drone_ws/build/tello_description
[2.585s] Level 1:colcon.colcon_core.environment:checking '/home/atte/drone_ws/install/tello_description' for CMake config files
[2.586s] Level 1:colcon.colcon_core.shell:create_environment_hook('tello_description', 'cmake_prefix_path')
[2.586s] INFO:colcon.colcon_core.shell:Creating environment hook '/home/atte/drone_ws/install/tello_description/share/tello_description/hook/cmake_prefix_path.ps1'
[2.587s] INFO:colcon.colcon_core.shell:Creating environment descriptor '/home/atte/drone_ws/install/tello_description/share/tello_description/hook/cmake_prefix_path.dsv'
[2.587s] INFO:colcon.colcon_core.shell:Creating environment hook '/home/atte/drone_ws/install/tello_description/share/tello_description/hook/cmake_prefix_path.sh'
[2.588s] Level 1:colcon.colcon_core.environment:checking '/home/atte/drone_ws/install/tello_description/bin'
[2.588s] Level 1:colcon.colcon_core.environment:checking '/home/atte/drone_ws/install/tello_description/lib/pkgconfig/tello_description.pc'
[2.589s] Level 1:colcon.colcon_core.environment:checking '/home/atte/drone_ws/install/tello_description/lib/python3.8/site-packages'
[2.589s] Level 1:colcon.colcon_core.environment:checking '/home/atte/drone_ws/install/tello_description/bin'
[2.589s] INFO:colcon.colcon_core.shell:Creating package script '/home/atte/drone_ws/install/tello_description/share/tello_description/package.ps1'
[2.590s] INFO:colcon.colcon_core.shell:Creating package descriptor '/home/atte/drone_ws/install/tello_description/share/tello_description/package.dsv'
[2.591s] INFO:colcon.colcon_core.shell:Creating package script '/home/atte/drone_ws/install/tello_description/share/tello_description/package.sh'
[2.591s] INFO:colcon.colcon_core.shell:Creating package script '/home/atte/drone_ws/install/tello_description/share/tello_description/package.bash'
[2.592s] INFO:colcon.colcon_core.shell:Creating package script '/home/atte/drone_ws/install/tello_description/share/tello_description/package.zsh'
[2.592s] Level 1:colcon.colcon_core.environment:create_file_with_runtime_dependencies(/home/atte/drone_ws/install/tello_description/share/colcon-core/packages/tello_description)
[2.594s] Level 1:colcon.colcon_core.environment:create_environment_scripts_only(tello_description)
[2.594s] Level 1:colcon.colcon_core.environment:checking '/home/atte/drone_ws/install/tello_description' for CMake module files
[2.595s] Level 1:colcon.colcon_core.environment:checking '/home/atte/drone_ws/install/tello_description' for CMake config files
[2.595s] Level 1:colcon.colcon_core.shell:create_environment_hook('tello_description', 'cmake_prefix_path')
[2.596s] INFO:colcon.colcon_core.shell:Creating environment hook '/home/atte/drone_ws/install/tello_description/share/tello_description/hook/cmake_prefix_path.ps1'
[2.596s] INFO:colcon.colcon_core.shell:Creating environment descriptor '/home/atte/drone_ws/install/tello_description/share/tello_description/hook/cmake_prefix_path.dsv'
[2.597s] INFO:colcon.colcon_core.shell:Creating environment hook '/home/atte/drone_ws/install/tello_description/share/tello_description/hook/cmake_prefix_path.sh'
[2.598s] Level 1:colcon.colcon_core.environment:checking '/home/atte/drone_ws/install/tello_description/bin'
[2.598s] Level 1:colcon.colcon_core.environment:checking '/home/atte/drone_ws/install/tello_description/lib/pkgconfig/tello_description.pc'
[2.599s] Level 1:colcon.colcon_core.environment:checking '/home/atte/drone_ws/install/tello_description/lib/python3.8/site-packages'
[2.599s] Level 1:colcon.colcon_core.environment:checking '/home/atte/drone_ws/install/tello_description/bin'
[2.599s] INFO:colcon.colcon_core.shell:Creating package script '/home/atte/drone_ws/install/tello_description/share/tello_description/package.ps1'
[2.600s] INFO:colcon.colcon_core.shell:Creating package descriptor '/home/atte/drone_ws/install/tello_description/share/tello_description/package.dsv'
[2.601s] INFO:colcon.colcon_core.shell:Creating package script '/home/atte/drone_ws/install/tello_description/share/tello_description/package.sh'
[2.602s] INFO:colcon.colcon_core.shell:Creating package script '/home/atte/drone_ws/install/tello_description/share/tello_description/package.bash'
[2.602s] INFO:colcon.colcon_core.shell:Creating package script '/home/atte/drone_ws/install/tello_description/share/tello_description/package.zsh'
[2.603s] Level 1:colcon.colcon_core.environment:create_file_with_runtime_dependencies(/home/atte/drone_ws/install/tello_description/share/colcon-core/packages/tello_description)
[2.916s] DEBUG:colcon.colcon_core.event_handler.log_command:Invoked command in '/home/atte/drone_ws/build/tello_msgs' returned '0': CMAKE_PREFIX_PATH=/opt/ros/galactic /usr/bin/cmake /home/atte/drone_ws/src/drone_racing_ros2/tello_ros/tello_msgs -DCMAKE_INSTALL_PREFIX=/home/atte/drone_ws/install/tello_msgs
[2.918s] DEBUG:colcon.colcon_core.event_handler.log_command:Invoking command in '/home/atte/drone_ws/build/tello_msgs': CMAKE_PREFIX_PATH=/opt/ros/galactic /usr/bin/cmake --build /home/atte/drone_ws/build/tello_msgs -- -j4 -l4
[3.114s] DEBUG:colcon.colcon_core.event_handler.log_command:Invoked command in '/home/atte/drone_ws/build/image_subscriber_pkg' returned '0': CMAKE_PREFIX_PATH=/opt/ros/galactic /usr/bin/cmake /home/atte/drone_ws/src/image_subscriber_pkg -DCMAKE_INSTALL_PREFIX=/home/atte/drone_ws/install/image_subscriber_pkg
[3.119s] DEBUG:colcon.colcon_core.event_handler.log_command:Invoking command in '/home/atte/drone_ws/build/image_subscriber_pkg': CMAKE_PREFIX_PATH=/opt/ros/galactic /usr/bin/cmake --build /home/atte/drone_ws/build/image_subscriber_pkg -- -j4 -l4
[17.814s] DEBUG:colcon.colcon_core.event_handler.log_command:Invoked command in '/home/atte/drone_ws/build/tello_msgs' returned '0': CMAKE_PREFIX_PATH=/opt/ros/galactic /usr/bin/cmake --build /home/atte/drone_ws/build/tello_msgs -- -j4 -l4
[17.819s] DEBUG:colcon.colcon_core.event_handler.log_command:Invoking command in '/home/atte/drone_ws/build/tello_msgs': CMAKE_PREFIX_PATH=/opt/ros/galactic /usr/bin/cmake --install /home/atte/drone_ws/build/tello_msgs
[17.991s] Level 1:colcon.colcon_core.environment:create_environment_scripts_only(tello_msgs)
[17.992s] Level 1:colcon.colcon_core.environment:checking '/home/atte/drone_ws/install/tello_msgs' for CMake module files
[17.993s] Level 1:colcon.colcon_core.environment:checking '/home/atte/drone_ws/install/tello_msgs' for CMake config files
[17.994s] Level 1:colcon.colcon_core.shell:create_environment_hook('tello_msgs', 'cmake_prefix_path')
[17.995s] INFO:colcon.colcon_core.shell:Creating environment hook '/home/atte/drone_ws/install/tello_msgs/share/tello_msgs/hook/cmake_prefix_path.ps1'
[17.996s] INFO:colcon.colcon_core.shell:Creating environment descriptor '/home/atte/drone_ws/install/tello_msgs/share/tello_msgs/hook/cmake_prefix_path.dsv'
[17.998s] INFO:colcon.colcon_core.shell:Creating environment hook '/home/atte/drone_ws/install/tello_msgs/share/tello_msgs/hook/cmake_prefix_path.sh'
[17.998s] DEBUG:colcon.colcon_core.event_handler.log_command:Invoked command in '/home/atte/drone_ws/build/tello_msgs' returned '0': CMAKE_PREFIX_PATH=/opt/ros/galactic /usr/bin/cmake --install /home/atte/drone_ws/build/tello_msgs
[17.999s] Level 1:colcon.colcon_core.environment:checking '/home/atte/drone_ws/install/tello_msgs/lib'
[18.000s] Level 1:colcon.colcon_core.shell:create_environment_hook('tello_msgs', 'ld_library_path_lib')
[18.000s] INFO:colcon.colcon_core.shell:Creating environment hook '/home/atte/drone_ws/install/tello_msgs/share/tello_msgs/hook/ld_library_path_lib.ps1'
[18.001s] INFO:colcon.colcon_core.shell:Creating environment descriptor '/home/atte/drone_ws/install/tello_msgs/share/tello_msgs/hook/ld_library_path_lib.dsv'
[18.002s] INFO:colcon.colcon_core.shell:Creating environment hook '/home/atte/drone_ws/install/tello_msgs/share/tello_msgs/hook/ld_library_path_lib.sh'
[18.003s] Level 1:colcon.colcon_core.environment:checking '/home/atte/drone_ws/install/tello_msgs/bin'
[18.003s] Level 1:colcon.colcon_core.environment:checking '/home/atte/drone_ws/install/tello_msgs/lib/pkgconfig/tello_msgs.pc'
[18.004s] Level 1:colcon.colcon_core.environment:checking '/home/atte/drone_ws/install/tello_msgs/lib/python3.8/site-packages'
[18.004s] Level 1:colcon.colcon_core.shell:create_environment_hook('tello_msgs', 'pythonpath')
[18.004s] INFO:colcon.colcon_core.shell:Creating environment hook '/home/atte/drone_ws/install/tello_msgs/share/tello_msgs/hook/pythonpath.ps1'
[18.005s] INFO:colcon.colcon_core.shell:Creating environment descriptor '/home/atte/drone_ws/install/tello_msgs/share/tello_msgs/hook/pythonpath.dsv'
[18.006s] INFO:colcon.colcon_core.shell:Creating environment hook '/home/atte/drone_ws/install/tello_msgs/share/tello_msgs/hook/pythonpath.sh'
[18.007s] Level 1:colcon.colcon_core.environment:checking '/home/atte/drone_ws/install/tello_msgs/bin'
[18.008s] INFO:colcon.colcon_core.shell:Creating package script '/home/atte/drone_ws/install/tello_msgs/share/tello_msgs/package.ps1'
[18.009s] INFO:colcon.colcon_core.shell:Creating package descriptor '/home/atte/drone_ws/install/tello_msgs/share/tello_msgs/package.dsv'
[18.010s] INFO:colcon.colcon_core.shell:Creating package script '/home/atte/drone_ws/install/tello_msgs/share/tello_msgs/package.sh'
[18.011s] INFO:colcon.colcon_core.shell:Creating package script '/home/atte/drone_ws/install/tello_msgs/share/tello_msgs/package.bash'
[18.012s] INFO:colcon.colcon_core.shell:Creating package script '/home/atte/drone_ws/install/tello_msgs/share/tello_msgs/package.zsh'
[18.013s] Level 1:colcon.colcon_core.environment:create_file_with_runtime_dependencies(/home/atte/drone_ws/install/tello_msgs/share/colcon-core/packages/tello_msgs)
[18.014s] Level 1:colcon.colcon_core.environment:create_environment_scripts_only(tello_msgs)
[18.015s] Level 1:colcon.colcon_core.environment:checking '/home/atte/drone_ws/install/tello_msgs' for CMake module files
[18.016s] Level 1:colcon.colcon_core.environment:checking '/home/atte/drone_ws/install/tello_msgs' for CMake config files
[18.017s] Level 1:colcon.colcon_core.shell:create_environment_hook('tello_msgs', 'cmake_prefix_path')
[18.018s] INFO:colcon.colcon_core.shell:Creating environment hook '/home/atte/drone_ws/install/tello_msgs/share/tello_msgs/hook/cmake_prefix_path.ps1'
[18.019s] INFO:colcon.colcon_core.shell:Creating environment descriptor '/home/atte/drone_ws/install/tello_msgs/share/tello_msgs/hook/cmake_prefix_path.dsv'
[18.019s] INFO:colcon.colcon_core.shell:Creating environment hook '/home/atte/drone_ws/install/tello_msgs/share/tello_msgs/hook/cmake_prefix_path.sh'
[18.021s] Level 1:colcon.colcon_core.environment:checking '/home/atte/drone_ws/install/tello_msgs/lib'
[18.021s] Level 1:colcon.colcon_core.shell:create_environment_hook('tello_msgs', 'ld_library_path_lib')
[18.021s] INFO:colcon.colcon_core.shell:Creating environment hook '/home/atte/drone_ws/install/tello_msgs/share/tello_msgs/hook/ld_library_path_lib.ps1'
[18.023s] INFO:colcon.colcon_core.shell:Creating environment descriptor '/home/atte/drone_ws/install/tello_msgs/share/tello_msgs/hook/ld_library_path_lib.dsv'
[18.024s] INFO:colcon.colcon_core.shell:Creating environment hook '/home/atte/drone_ws/install/tello_msgs/share/tello_msgs/hook/ld_library_path_lib.sh'
[18.025s] Level 1:colcon.colcon_core.environment:checking '/home/atte/drone_ws/install/tello_msgs/bin'
[18.025s] Level 1:colcon.colcon_core.environment:checking '/home/atte/drone_ws/install/tello_msgs/lib/pkgconfig/tello_msgs.pc'
[18.025s] Level 1:colcon.colcon_core.environment:checking '/home/atte/drone_ws/install/tello_msgs/lib/python3.8/site-packages'
[18.025s] Level 1:colcon.colcon_core.shell:create_environment_hook('tello_msgs', 'pythonpath')
[18.026s] INFO:colcon.colcon_core.shell:Creating environment hook '/home/atte/drone_ws/install/tello_msgs/share/tello_msgs/hook/pythonpath.ps1'
[18.029s] INFO:colcon.colcon_core.shell:Creating environment descriptor '/home/atte/drone_ws/install/tello_msgs/share/tello_msgs/hook/pythonpath.dsv'
[18.029s] INFO:colcon.colcon_core.shell:Creating environment hook '/home/atte/drone_ws/install/tello_msgs/share/tello_msgs/hook/pythonpath.sh'
[18.031s] Level 1:colcon.colcon_core.environment:checking '/home/atte/drone_ws/install/tello_msgs/bin'
[18.031s] INFO:colcon.colcon_core.shell:Creating package script '/home/atte/drone_ws/install/tello_msgs/share/tello_msgs/package.ps1'
[18.033s] INFO:colcon.colcon_core.shell:Creating package descriptor '/home/atte/drone_ws/install/tello_msgs/share/tello_msgs/package.dsv'
[18.034s] INFO:colcon.colcon_core.shell:Creating package script '/home/atte/drone_ws/install/tello_msgs/share/tello_msgs/package.sh'
[18.035s] INFO:colcon.colcon_core.shell:Creating package script '/home/atte/drone_ws/install/tello_msgs/share/tello_msgs/package.bash'
[18.036s] INFO:colcon.colcon_core.shell:Creating package script '/home/atte/drone_ws/install/tello_msgs/share/tello_msgs/package.zsh'
[18.037s] Level 1:colcon.colcon_core.environment:create_file_with_runtime_dependencies(/home/atte/drone_ws/install/tello_msgs/share/colcon-core/packages/tello_msgs)
[18.038s] INFO:colcon.colcon_ros.task.ament_cmake.build:Building ROS package in '/home/atte/drone_ws/src/drone_racing_ros2/tello_ros/tello_driver' with build type 'ament_cmake'
[18.038s] INFO:colcon.colcon_cmake.task.cmake.build:Building CMake package in '/home/atte/drone_ws/src/drone_racing_ros2/tello_ros/tello_driver'
[18.039s] INFO:colcon.colcon_core.shell:Skip shell extension 'powershell' for command environment: Not usable outside of PowerShell
[18.039s] DEBUG:colcon.colcon_core.shell:Skip shell extension 'dsv' for command environment
[18.049s] INFO:colcon.colcon_ros.task.ament_cmake.build:Building ROS package in '/home/atte/drone_ws/src/drone_racing_ros2/tello_ros/tello_gazebo' with build type 'ament_cmake'
[18.050s] INFO:colcon.colcon_cmake.task.cmake.build:Building CMake package in '/home/atte/drone_ws/src/drone_racing_ros2/tello_ros/tello_gazebo'
[18.051s] INFO:colcon.colcon_core.shell:Skip shell extension 'powershell' for command environment: Not usable outside of PowerShell
[18.051s] DEBUG:colcon.colcon_core.shell:Skip shell extension 'dsv' for command environment
[18.077s] DEBUG:colcon.colcon_core.event_handler.log_command:Invoking command in '/home/atte/drone_ws/build/tello_driver': AMENT_PREFIX_PATH=/home/atte/drone_ws/install/tello_msgs:/home/atte/drone_ws/install/ros2_shared:${AMENT_PREFIX_PATH} CMAKE_PREFIX_PATH=/home/atte/drone_ws/install/tello_msgs:/home/atte/drone_ws/install/ros2_shared:/opt/ros/galactic LD_LIBRARY_PATH=/home/atte/drone_ws/install/tello_msgs/lib:/usr/lib/x86_64-linux-gnu/gazebo-11/plugins:/opt/ros/galactic/opt/yaml_cpp_vendor/lib:/opt/ros/galactic/opt/rviz_ogre_vendor/lib:/opt/ros/galactic/lib/x86_64-linux-gnu:/opt/ros/galactic/lib:/usr/lib/x86_64-linux-gnu/gazebo-11/plugins PYTHONPATH=/home/atte/drone_ws/install/tello_msgs/lib/python3.8/site-packages:${PYTHONPATH} /usr/bin/cmake /home/atte/drone_ws/src/drone_racing_ros2/tello_ros/tello_driver -DCMAKE_INSTALL_PREFIX=/home/atte/drone_ws/install/tello_driver
[18.098s] DEBUG:colcon.colcon_core.event_handler.log_command:Invoking command in '/home/atte/drone_ws/build/tello_gazebo': AMENT_PREFIX_PATH=/home/atte/drone_ws/install/tello_msgs:${AMENT_PREFIX_PATH} CMAKE_PREFIX_PATH=/home/atte/drone_ws/install/tello_msgs:/opt/ros/galactic LD_LIBRARY_PATH=/home/atte/drone_ws/install/tello_msgs/lib:/usr/lib/x86_64-linux-gnu/gazebo-11/plugins:/opt/ros/galactic/opt/yaml_cpp_vendor/lib:/opt/ros/galactic/opt/rviz_ogre_vendor/lib:/opt/ros/galactic/lib/x86_64-linux-gnu:/opt/ros/galactic/lib:/usr/lib/x86_64-linux-gnu/gazebo-11/plugins PYTHONPATH=/home/atte/drone_ws/install/tello_msgs/lib/python3.8/site-packages:${PYTHONPATH} /usr/bin/cmake /home/atte/drone_ws/src/drone_racing_ros2/tello_ros/tello_gazebo -DCMAKE_INSTALL_PREFIX=/home/atte/drone_ws/install/tello_gazebo
[19.347s] DEBUG:colcon.colcon_core.event_handler.log_command:Invoked command in '/home/atte/drone_ws/build/image_subscriber_pkg' returned '0': CMAKE_PREFIX_PATH=/opt/ros/galactic /usr/bin/cmake --build /home/atte/drone_ws/build/image_subscriber_pkg -- -j4 -l4
[19.352s] DEBUG:colcon.colcon_core.event_handler.log_command:Invoking command in '/home/atte/drone_ws/build/image_subscriber_pkg': CMAKE_PREFIX_PATH=/opt/ros/galactic /usr/bin/cmake --install /home/atte/drone_ws/build/image_subscriber_pkg
[19.396s] Level 1:colcon.colcon_core.environment:create_environment_scripts_only(image_subscriber_pkg)
[19.397s] Level 1:colcon.colcon_core.environment:checking '/home/atte/drone_ws/install/image_subscriber_pkg' for CMake module files
[19.398s] Level 1:colcon.colcon_core.environment:checking '/home/atte/drone_ws/install/image_subscriber_pkg' for CMake config files
[19.398s] Level 1:colcon.colcon_core.shell:create_environment_hook('image_subscriber_pkg', 'cmake_prefix_path')
[19.399s] INFO:colcon.colcon_core.shell:Creating environment hook '/home/atte/drone_ws/install/image_subscriber_pkg/share/image_subscriber_pkg/hook/cmake_prefix_path.ps1'
[19.400s] INFO:colcon.colcon_core.shell:Creating environment descriptor '/home/atte/drone_ws/install/image_subscriber_pkg/share/image_subscriber_pkg/hook/cmake_prefix_path.dsv'
[19.401s] DEBUG:colcon.colcon_core.event_handler.log_command:Invoked command in '/home/atte/drone_ws/build/image_subscriber_pkg' returned '0': CMAKE_PREFIX_PATH=/opt/ros/galactic /usr/bin/cmake --install /home/atte/drone_ws/build/image_subscriber_pkg
[19.402s] INFO:colcon.colcon_core.shell:Creating environment hook '/home/atte/drone_ws/install/image_subscriber_pkg/share/image_subscriber_pkg/hook/cmake_prefix_path.sh'
[19.403s] Level 1:colcon.colcon_core.environment:checking '/home/atte/drone_ws/install/image_subscriber_pkg/lib'
[19.403s] Level 1:colcon.colcon_core.environment:checking '/home/atte/drone_ws/install/image_subscriber_pkg/bin'
[19.403s] Level 1:colcon.colcon_core.environment:checking '/home/atte/drone_ws/install/image_subscriber_pkg/lib/pkgconfig/image_subscriber_pkg.pc'
[19.404s] Level 1:colcon.colcon_core.environment:checking '/home/atte/drone_ws/install/image_subscriber_pkg/lib/python3.8/site-packages'
[19.404s] Level 1:colcon.colcon_core.environment:checking '/home/atte/drone_ws/install/image_subscriber_pkg/bin'
[19.405s] INFO:colcon.colcon_core.shell:Creating package script '/home/atte/drone_ws/install/image_subscriber_pkg/share/image_subscriber_pkg/package.ps1'
[19.406s] INFO:colcon.colcon_core.shell:Creating package descriptor '/home/atte/drone_ws/install/image_subscriber_pkg/share/image_subscriber_pkg/package.dsv'
[19.407s] INFO:colcon.colcon_core.shell:Creating package script '/home/atte/drone_ws/install/image_subscriber_pkg/share/image_subscriber_pkg/package.sh'
[19.408s] INFO:colcon.colcon_core.shell:Creating package script '/home/atte/drone_ws/install/image_subscriber_pkg/share/image_subscriber_pkg/package.bash'
[19.408s] INFO:colcon.colcon_core.shell:Creating package script '/home/atte/drone_ws/install/image_subscriber_pkg/share/image_subscriber_pkg/package.zsh'
[19.409s] Level 1:colcon.colcon_core.environment:create_file_with_runtime_dependencies(/home/atte/drone_ws/install/image_subscriber_pkg/share/colcon-core/packages/image_subscriber_pkg)
[19.410s] Level 1:colcon.colcon_core.environment:create_environment_scripts_only(image_subscriber_pkg)
[19.411s] Level 1:colcon.colcon_core.environment:checking '/home/atte/drone_ws/install/image_subscriber_pkg' for CMake module files
[19.411s] Level 1:colcon.colcon_core.environment:checking '/home/atte/drone_ws/install/image_subscriber_pkg' for CMake config files
[19.412s] Level 1:colcon.colcon_core.shell:create_environment_hook('image_subscriber_pkg', 'cmake_prefix_path')
[19.412s] INFO:colcon.colcon_core.shell:Creating environment hook '/home/atte/drone_ws/install/image_subscriber_pkg/share/image_subscriber_pkg/hook/cmake_prefix_path.ps1'
[19.413s] INFO:colcon.colcon_core.shell:Creating environment descriptor '/home/atte/drone_ws/install/image_subscriber_pkg/share/image_subscriber_pkg/hook/cmake_prefix_path.dsv'
[19.414s] INFO:colcon.colcon_core.shell:Creating environment hook '/home/atte/drone_ws/install/image_subscriber_pkg/share/image_subscriber_pkg/hook/cmake_prefix_path.sh'
[19.415s] Level 1:colcon.colcon_core.environment:checking '/home/atte/drone_ws/install/image_subscriber_pkg/lib'
[19.415s] Level 1:colcon.colcon_core.environment:checking '/home/atte/drone_ws/install/image_subscriber_pkg/bin'
[19.415s] Level 1:colcon.colcon_core.environment:checking '/home/atte/drone_ws/install/image_subscriber_pkg/lib/pkgconfig/image_subscriber_pkg.pc'
[19.416s] Level 1:colcon.colcon_core.environment:checking '/home/atte/drone_ws/install/image_subscriber_pkg/lib/python3.8/site-packages'
[19.416s] Level 1:colcon.colcon_core.environment:checking '/home/atte/drone_ws/install/image_subscriber_pkg/bin'
[19.417s] INFO:colcon.colcon_core.shell:Creating package script '/home/atte/drone_ws/install/image_subscriber_pkg/share/image_subscriber_pkg/package.ps1'
[19.418s] INFO:colcon.colcon_core.shell:Creating package descriptor '/home/atte/drone_ws/install/image_subscriber_pkg/share/image_subscriber_pkg/package.dsv'
[19.419s] INFO:colcon.colcon_core.shell:Creating package script '/home/atte/drone_ws/install/image_subscriber_pkg/share/image_subscriber_pkg/package.sh'
[19.420s] INFO:colcon.colcon_core.shell:Creating package script '/home/atte/drone_ws/install/image_subscriber_pkg/share/image_subscriber_pkg/package.bash'
[19.421s] INFO:colcon.colcon_core.shell:Creating package script '/home/atte/drone_ws/install/image_subscriber_pkg/share/image_subscriber_pkg/package.zsh'
[19.422s] Level 1:colcon.colcon_core.environment:create_file_with_runtime_dependencies(/home/atte/drone_ws/install/image_subscriber_pkg/share/colcon-core/packages/image_subscriber_pkg)
[21.417s] DEBUG:colcon.colcon_core.event_handler.log_command:Invoked command in '/home/atte/drone_ws/build/tello_driver' returned '0': AMENT_PREFIX_PATH=/home/atte/drone_ws/install/tello_msgs:/home/atte/drone_ws/install/ros2_shared:${AMENT_PREFIX_PATH} CMAKE_PREFIX_PATH=/home/atte/drone_ws/install/tello_msgs:/home/atte/drone_ws/install/ros2_shared:/opt/ros/galactic LD_LIBRARY_PATH=/home/atte/drone_ws/install/tello_msgs/lib:/usr/lib/x86_64-linux-gnu/gazebo-11/plugins:/opt/ros/galactic/opt/yaml_cpp_vendor/lib:/opt/ros/galactic/opt/rviz_ogre_vendor/lib:/opt/ros/galactic/lib/x86_64-linux-gnu:/opt/ros/galactic/lib:/usr/lib/x86_64-linux-gnu/gazebo-11/plugins PYTHONPATH=/home/atte/drone_ws/install/tello_msgs/lib/python3.8/site-packages:${PYTHONPATH} /usr/bin/cmake /home/atte/drone_ws/src/drone_racing_ros2/tello_ros/tello_driver -DCMAKE_INSTALL_PREFIX=/home/atte/drone_ws/install/tello_driver
[21.420s] DEBUG:colcon.colcon_core.event_handler.log_command:Invoking command in '/home/atte/drone_ws/build/tello_driver': AMENT_PREFIX_PATH=/home/atte/drone_ws/install/tello_msgs:/home/atte/drone_ws/install/ros2_shared:${AMENT_PREFIX_PATH} CMAKE_PREFIX_PATH=/home/atte/drone_ws/install/tello_msgs:/home/atte/drone_ws/install/ros2_shared:/opt/ros/galactic LD_LIBRARY_PATH=/home/atte/drone_ws/install/tello_msgs/lib:/usr/lib/x86_64-linux-gnu/gazebo-11/plugins:/opt/ros/galactic/opt/yaml_cpp_vendor/lib:/opt/ros/galactic/opt/rviz_ogre_vendor/lib:/opt/ros/galactic/lib/x86_64-linux-gnu:/opt/ros/galactic/lib:/usr/lib/x86_64-linux-gnu/gazebo-11/plugins PYTHONPATH=/home/atte/drone_ws/install/tello_msgs/lib/python3.8/site-packages:${PYTHONPATH} /usr/bin/cmake --build /home/atte/drone_ws/build/tello_driver -- -j4 -l4
[22.480s] DEBUG:colcon.colcon_core.event_handler.log_command:Invoked command in '/home/atte/drone_ws/build/tello_gazebo' returned '0': AMENT_PREFIX_PATH=/home/atte/drone_ws/install/tello_msgs:${AMENT_PREFIX_PATH} CMAKE_PREFIX_PATH=/home/atte/drone_ws/install/tello_msgs:/opt/ros/galactic LD_LIBRARY_PATH=/home/atte/drone_ws/install/tello_msgs/lib:/usr/lib/x86_64-linux-gnu/gazebo-11/plugins:/opt/ros/galactic/opt/yaml_cpp_vendor/lib:/opt/ros/galactic/opt/rviz_ogre_vendor/lib:/opt/ros/galactic/lib/x86_64-linux-gnu:/opt/ros/galactic/lib:/usr/lib/x86_64-linux-gnu/gazebo-11/plugins PYTHONPATH=/home/atte/drone_ws/install/tello_msgs/lib/python3.8/site-packages:${PYTHONPATH} /usr/bin/cmake /home/atte/drone_ws/src/drone_racing_ros2/tello_ros/tello_gazebo -DCMAKE_INSTALL_PREFIX=/home/atte/drone_ws/install/tello_gazebo
[22.485s] DEBUG:colcon.colcon_core.event_handler.log_command:Invoking command in '/home/atte/drone_ws/build/tello_gazebo': AMENT_PREFIX_PATH=/home/atte/drone_ws/install/tello_msgs:${AMENT_PREFIX_PATH} CMAKE_PREFIX_PATH=/home/atte/drone_ws/install/tello_msgs:/opt/ros/galactic LD_LIBRARY_PATH=/home/atte/drone_ws/install/tello_msgs/lib:/usr/lib/x86_64-linux-gnu/gazebo-11/plugins:/opt/ros/galactic/opt/yaml_cpp_vendor/lib:/opt/ros/galactic/opt/rviz_ogre_vendor/lib:/opt/ros/galactic/lib/x86_64-linux-gnu:/opt/ros/galactic/lib:/usr/lib/x86_64-linux-gnu/gazebo-11/plugins PYTHONPATH=/home/atte/drone_ws/install/tello_msgs/lib/python3.8/site-packages:${PYTHONPATH} /usr/bin/cmake --build /home/atte/drone_ws/build/tello_gazebo -- -j4 -l4
[52.817s] DEBUG:colcon.colcon_core.event_handler.log_command:Invoked command in '/home/atte/drone_ws/build/tello_gazebo' returned '0': AMENT_PREFIX_PATH=/home/atte/drone_ws/install/tello_msgs:${AMENT_PREFIX_PATH} CMAKE_PREFIX_PATH=/home/atte/drone_ws/install/tello_msgs:/opt/ros/galactic LD_LIBRARY_PATH=/home/atte/drone_ws/install/tello_msgs/lib:/usr/lib/x86_64-linux-gnu/gazebo-11/plugins:/opt/ros/galactic/opt/yaml_cpp_vendor/lib:/opt/ros/galactic/opt/rviz_ogre_vendor/lib:/opt/ros/galactic/lib/x86_64-linux-gnu:/opt/ros/galactic/lib:/usr/lib/x86_64-linux-gnu/gazebo-11/plugins PYTHONPATH=/home/atte/drone_ws/install/tello_msgs/lib/python3.8/site-packages:${PYTHONPATH} /usr/bin/cmake --build /home/atte/drone_ws/build/tello_gazebo -- -j4 -l4
[52.822s] DEBUG:colcon.colcon_core.event_handler.log_command:Invoking command in '/home/atte/drone_ws/build/tello_gazebo': AMENT_PREFIX_PATH=/home/atte/drone_ws/install/tello_msgs:${AMENT_PREFIX_PATH} CMAKE_PREFIX_PATH=/home/atte/drone_ws/install/tello_msgs:/opt/ros/galactic LD_LIBRARY_PATH=/home/atte/drone_ws/install/tello_msgs/lib:/usr/lib/x86_64-linux-gnu/gazebo-11/plugins:/opt/ros/galactic/opt/yaml_cpp_vendor/lib:/opt/ros/galactic/opt/rviz_ogre_vendor/lib:/opt/ros/galactic/lib/x86_64-linux-gnu:/opt/ros/galactic/lib:/usr/lib/x86_64-linux-gnu/gazebo-11/plugins PYTHONPATH=/home/atte/drone_ws/install/tello_msgs/lib/python3.8/site-packages:${PYTHONPATH} /usr/bin/cmake --install /home/atte/drone_ws/build/tello_gazebo
[52.866s] Level 1:colcon.colcon_core.environment:create_environment_scripts_only(tello_gazebo)
[52.867s] Level 1:colcon.colcon_core.environment:checking '/home/atte/drone_ws/install/tello_gazebo' for CMake module files
[52.868s] DEBUG:colcon.colcon_core.event_handler.log_command:Invoked command in '/home/atte/drone_ws/build/tello_gazebo' returned '0': AMENT_PREFIX_PATH=/home/atte/drone_ws/install/tello_msgs:${AMENT_PREFIX_PATH} CMAKE_PREFIX_PATH=/home/atte/drone_ws/install/tello_msgs:/opt/ros/galactic LD_LIBRARY_PATH=/home/atte/drone_ws/install/tello_msgs/lib:/usr/lib/x86_64-linux-gnu/gazebo-11/plugins:/opt/ros/galactic/opt/yaml_cpp_vendor/lib:/opt/ros/galactic/opt/rviz_ogre_vendor/lib:/opt/ros/galactic/lib/x86_64-linux-gnu:/opt/ros/galactic/lib:/usr/lib/x86_64-linux-gnu/gazebo-11/plugins PYTHONPATH=/home/atte/drone_ws/install/tello_msgs/lib/python3.8/site-packages:${PYTHONPATH} /usr/bin/cmake --install /home/atte/drone_ws/build/tello_gazebo
[52.868s] Level 1:colcon.colcon_core.environment:checking '/home/atte/drone_ws/install/tello_gazebo' for CMake config files
[52.870s] Level 1:colcon.colcon_core.shell:create_environment_hook('tello_gazebo', 'cmake_prefix_path')
[52.871s] INFO:colcon.colcon_core.shell:Creating environment hook '/home/atte/drone_ws/install/tello_gazebo/share/tello_gazebo/hook/cmake_prefix_path.ps1'
[52.871s] INFO:colcon.colcon_core.shell:Creating environment descriptor '/home/atte/drone_ws/install/tello_gazebo/share/tello_gazebo/hook/cmake_prefix_path.dsv'
[52.872s] INFO:colcon.colcon_core.shell:Creating environment hook '/home/atte/drone_ws/install/tello_gazebo/share/tello_gazebo/hook/cmake_prefix_path.sh'
[52.873s] Level 1:colcon.colcon_core.environment:checking '/home/atte/drone_ws/install/tello_gazebo/lib'
[52.873s] Level 1:colcon.colcon_core.shell:create_environment_hook('tello_gazebo', 'ld_library_path_lib')
[52.873s] INFO:colcon.colcon_core.shell:Creating environment hook '/home/atte/drone_ws/install/tello_gazebo/share/tello_gazebo/hook/ld_library_path_lib.ps1'
[52.874s] INFO:colcon.colcon_core.shell:Creating environment descriptor '/home/atte/drone_ws/install/tello_gazebo/share/tello_gazebo/hook/ld_library_path_lib.dsv'
[52.874s] INFO:colcon.colcon_core.shell:Creating environment hook '/home/atte/drone_ws/install/tello_gazebo/share/tello_gazebo/hook/ld_library_path_lib.sh'
[52.874s] Level 1:colcon.colcon_core.environment:checking '/home/atte/drone_ws/install/tello_gazebo/bin'
[52.874s] Level 1:colcon.colcon_core.environment:checking '/home/atte/drone_ws/install/tello_gazebo/lib/pkgconfig/tello_gazebo.pc'
[52.875s] Level 1:colcon.colcon_core.environment:checking '/home/atte/drone_ws/install/tello_gazebo/lib/python3.8/site-packages'
[52.875s] Level 1:colcon.colcon_core.environment:checking '/home/atte/drone_ws/install/tello_gazebo/bin'
[52.875s] INFO:colcon.colcon_core.shell:Creating package script '/home/atte/drone_ws/install/tello_gazebo/share/tello_gazebo/package.ps1'
[52.876s] INFO:colcon.colcon_core.shell:Creating package descriptor '/home/atte/drone_ws/install/tello_gazebo/share/tello_gazebo/package.dsv'
[52.876s] INFO:colcon.colcon_core.shell:Creating package script '/home/atte/drone_ws/install/tello_gazebo/share/tello_gazebo/package.sh'
[52.877s] INFO:colcon.colcon_core.shell:Creating package script '/home/atte/drone_ws/install/tello_gazebo/share/tello_gazebo/package.bash'
[52.877s] INFO:colcon.colcon_core.shell:Creating package script '/home/atte/drone_ws/install/tello_gazebo/share/tello_gazebo/package.zsh'
[52.878s] Level 1:colcon.colcon_core.environment:create_file_with_runtime_dependencies(/home/atte/drone_ws/install/tello_gazebo/share/colcon-core/packages/tello_gazebo)
[52.879s] Level 1:colcon.colcon_core.environment:create_environment_scripts_only(tello_gazebo)
[52.879s] Level 1:colcon.colcon_core.environment:checking '/home/atte/drone_ws/install/tello_gazebo' for CMake module files
[52.879s] Level 1:colcon.colcon_core.environment:checking '/home/atte/drone_ws/install/tello_gazebo' for CMake config files
[52.880s] Level 1:colcon.colcon_core.shell:create_environment_hook('tello_gazebo', 'cmake_prefix_path')
[52.880s] INFO:colcon.colcon_core.shell:Creating environment hook '/home/atte/drone_ws/install/tello_gazebo/share/tello_gazebo/hook/cmake_prefix_path.ps1'
[52.881s] INFO:colcon.colcon_core.shell:Creating environment descriptor '/home/atte/drone_ws/install/tello_gazebo/share/tello_gazebo/hook/cmake_prefix_path.dsv'
[52.881s] INFO:colcon.colcon_core.shell:Creating environment hook '/home/atte/drone_ws/install/tello_gazebo/share/tello_gazebo/hook/cmake_prefix_path.sh'
[52.882s] Level 1:colcon.colcon_core.environment:checking '/home/atte/drone_ws/install/tello_gazebo/lib'
[52.883s] Level 1:colcon.colcon_core.shell:create_environment_hook('tello_gazebo', 'ld_library_path_lib')
[52.883s] INFO:colcon.colcon_core.shell:Creating environment hook '/home/atte/drone_ws/install/tello_gazebo/share/tello_gazebo/hook/ld_library_path_lib.ps1'
[52.884s] INFO:colcon.colcon_core.shell:Creating environment descriptor '/home/atte/drone_ws/install/tello_gazebo/share/tello_gazebo/hook/ld_library_path_lib.dsv'
[52.884s] INFO:colcon.colcon_core.shell:Creating environment hook '/home/atte/drone_ws/install/tello_gazebo/share/tello_gazebo/hook/ld_library_path_lib.sh'
[52.885s] Level 1:colcon.colcon_core.environment:checking '/home/atte/drone_ws/install/tello_gazebo/bin'
[52.885s] Level 1:colcon.colcon_core.environment:checking '/home/atte/drone_ws/install/tello_gazebo/lib/pkgconfig/tello_gazebo.pc'
[52.885s] Level 1:colcon.colcon_core.environment:checking '/home/atte/drone_ws/install/tello_gazebo/lib/python3.8/site-packages'
[52.886s] Level 1:colcon.colcon_core.environment:checking '/home/atte/drone_ws/install/tello_gazebo/bin'
[52.886s] INFO:colcon.colcon_core.shell:Creating package script '/home/atte/drone_ws/install/tello_gazebo/share/tello_gazebo/package.ps1'
[52.887s] INFO:colcon.colcon_core.shell:Creating package descriptor '/home/atte/drone_ws/install/tello_gazebo/share/tello_gazebo/package.dsv'
[52.887s] INFO:colcon.colcon_core.shell:Creating package script '/home/atte/drone_ws/install/tello_gazebo/share/tello_gazebo/package.sh'
[52.888s] INFO:colcon.colcon_core.shell:Creating package script '/home/atte/drone_ws/install/tello_gazebo/share/tello_gazebo/package.bash'
[52.889s] INFO:colcon.colcon_core.shell:Creating package script '/home/atte/drone_ws/install/tello_gazebo/share/tello_gazebo/package.zsh'
[52.889s] Level 1:colcon.colcon_core.environment:create_file_with_runtime_dependencies(/home/atte/drone_ws/install/tello_gazebo/share/colcon-core/packages/tello_gazebo)
[79.111s] DEBUG:colcon.colcon_core.event_handler.log_command:Invoked command in '/home/atte/drone_ws/build/tello_driver' returned '0': AMENT_PREFIX_PATH=/home/atte/drone_ws/install/tello_msgs:/home/atte/drone_ws/install/ros2_shared:${AMENT_PREFIX_PATH} CMAKE_PREFIX_PATH=/home/atte/drone_ws/install/tello_msgs:/home/atte/drone_ws/install/ros2_shared:/opt/ros/galactic LD_LIBRARY_PATH=/home/atte/drone_ws/install/tello_msgs/lib:/usr/lib/x86_64-linux-gnu/gazebo-11/plugins:/opt/ros/galactic/opt/yaml_cpp_vendor/lib:/opt/ros/galactic/opt/rviz_ogre_vendor/lib:/opt/ros/galactic/lib/x86_64-linux-gnu:/opt/ros/galactic/lib:/usr/lib/x86_64-linux-gnu/gazebo-11/plugins PYTHONPATH=/home/atte/drone_ws/install/tello_msgs/lib/python3.8/site-packages:${PYTHONPATH} /usr/bin/cmake --build /home/atte/drone_ws/build/tello_driver -- -j4 -l4
[79.115s] DEBUG:colcon.colcon_core.event_handler.log_command:Invoking command in '/home/atte/drone_ws/build/tello_driver': AMENT_PREFIX_PATH=/home/atte/drone_ws/install/tello_msgs:/home/atte/drone_ws/install/ros2_shared:${AMENT_PREFIX_PATH} CMAKE_PREFIX_PATH=/home/atte/drone_ws/install/tello_msgs:/home/atte/drone_ws/install/ros2_shared:/opt/ros/galactic LD_LIBRARY_PATH=/home/atte/drone_ws/install/tello_msgs/lib:/usr/lib/x86_64-linux-gnu/gazebo-11/plugins:/opt/ros/galactic/opt/yaml_cpp_vendor/lib:/opt/ros/galactic/opt/rviz_ogre_vendor/lib:/opt/ros/galactic/lib/x86_64-linux-gnu:/opt/ros/galactic/lib:/usr/lib/x86_64-linux-gnu/gazebo-11/plugins PYTHONPATH=/home/atte/drone_ws/install/tello_msgs/lib/python3.8/site-packages:${PYTHONPATH} /usr/bin/cmake --install /home/atte/drone_ws/build/tello_driver
[79.155s] Level 1:colcon.colcon_core.environment:create_environment_scripts_only(tello_driver)
[79.155s] Level 1:colcon.colcon_core.environment:checking '/home/atte/drone_ws/install/tello_driver' for CMake module files
[79.156s] DEBUG:colcon.colcon_core.event_handler.log_command:Invoked command in '/home/atte/drone_ws/build/tello_driver' returned '0': AMENT_PREFIX_PATH=/home/atte/drone_ws/install/tello_msgs:/home/atte/drone_ws/install/ros2_shared:${AMENT_PREFIX_PATH} CMAKE_PREFIX_PATH=/home/atte/drone_ws/install/tello_msgs:/home/atte/drone_ws/install/ros2_shared:/opt/ros/galactic LD_LIBRARY_PATH=/home/atte/drone_ws/install/tello_msgs/lib:/usr/lib/x86_64-linux-gnu/gazebo-11/plugins:/opt/ros/galactic/opt/yaml_cpp_vendor/lib:/opt/ros/galactic/opt/rviz_ogre_vendor/lib:/opt/ros/galactic/lib/x86_64-linux-gnu:/opt/ros/galactic/lib:/usr/lib/x86_64-linux-gnu/gazebo-11/plugins PYTHONPATH=/home/atte/drone_ws/install/tello_msgs/lib/python3.8/site-packages:${PYTHONPATH} /usr/bin/cmake --install /home/atte/drone_ws/build/tello_driver
[79.157s] Level 1:colcon.colcon_core.environment:checking '/home/atte/drone_ws/install/tello_driver' for CMake config files
[79.157s] Level 1:colcon.colcon_core.shell:create_environment_hook('tello_driver', 'cmake_prefix_path')
[79.157s] INFO:colcon.colcon_core.shell:Creating environment hook '/home/atte/drone_ws/install/tello_driver/share/tello_driver/hook/cmake_prefix_path.ps1'
[79.158s] INFO:colcon.colcon_core.shell:Creating environment descriptor '/home/atte/drone_ws/install/tello_driver/share/tello_driver/hook/cmake_prefix_path.dsv'
[79.158s] INFO:colcon.colcon_core.shell:Creating environment hook '/home/atte/drone_ws/install/tello_driver/share/tello_driver/hook/cmake_prefix_path.sh'
[79.159s] Level 1:colcon.colcon_core.environment:checking '/home/atte/drone_ws/install/tello_driver/lib'
[79.159s] Level 1:colcon.colcon_core.shell:create_environment_hook('tello_driver', 'ld_library_path_lib')
[79.159s] INFO:colcon.colcon_core.shell:Creating environment hook '/home/atte/drone_ws/install/tello_driver/share/tello_driver/hook/ld_library_path_lib.ps1'
[79.159s] INFO:colcon.colcon_core.shell:Creating environment descriptor '/home/atte/drone_ws/install/tello_driver/share/tello_driver/hook/ld_library_path_lib.dsv'
[79.160s] INFO:colcon.colcon_core.shell:Creating environment hook '/home/atte/drone_ws/install/tello_driver/share/tello_driver/hook/ld_library_path_lib.sh'
[79.160s] Level 1:colcon.colcon_core.environment:checking '/home/atte/drone_ws/install/tello_driver/bin'
[79.160s] Level 1:colcon.colcon_core.environment:checking '/home/atte/drone_ws/install/tello_driver/lib/pkgconfig/tello_driver.pc'
[79.160s] Level 1:colcon.colcon_core.environment:checking '/home/atte/drone_ws/install/tello_driver/lib/python3.8/site-packages'
[79.161s] Level 1:colcon.colcon_core.environment:checking '/home/atte/drone_ws/install/tello_driver/bin'
[79.161s] INFO:colcon.colcon_core.shell:Creating package script '/home/atte/drone_ws/install/tello_driver/share/tello_driver/package.ps1'
[79.161s] INFO:colcon.colcon_core.shell:Creating package descriptor '/home/atte/drone_ws/install/tello_driver/share/tello_driver/package.dsv'
[79.162s] INFO:colcon.colcon_core.shell:Creating package script '/home/atte/drone_ws/install/tello_driver/share/tello_driver/package.sh'
[79.162s] INFO:colcon.colcon_core.shell:Creating package script '/home/atte/drone_ws/install/tello_driver/share/tello_driver/package.bash'
[79.162s] INFO:colcon.colcon_core.shell:Creating package script '/home/atte/drone_ws/install/tello_driver/share/tello_driver/package.zsh'
[79.163s] Level 1:colcon.colcon_core.environment:create_file_with_runtime_dependencies(/home/atte/drone_ws/install/tello_driver/share/colcon-core/packages/tello_driver)
[79.163s] Level 1:colcon.colcon_core.environment:create_environment_scripts_only(tello_driver)
[79.164s] Level 1:colcon.colcon_core.environment:checking '/home/atte/drone_ws/install/tello_driver' for CMake module files
[79.164s] Level 1:colcon.colcon_core.environment:checking '/home/atte/drone_ws/install/tello_driver' for CMake config files
[79.164s] Level 1:colcon.colcon_core.shell:create_environment_hook('tello_driver', 'cmake_prefix_path')
[79.165s] INFO:colcon.colcon_core.shell:Creating environment hook '/home/atte/drone_ws/install/tello_driver/share/tello_driver/hook/cmake_prefix_path.ps1'
[79.165s] INFO:colcon.colcon_core.shell:Creating environment descriptor '/home/atte/drone_ws/install/tello_driver/share/tello_driver/hook/cmake_prefix_path.dsv'
[79.165s] INFO:colcon.colcon_core.shell:Creating environment hook '/home/atte/drone_ws/install/tello_driver/share/tello_driver/hook/cmake_prefix_path.sh'
[79.166s] Level 1:colcon.colcon_core.environment:checking '/home/atte/drone_ws/install/tello_driver/lib'
[79.166s] Level 1:colcon.colcon_core.shell:create_environment_hook('tello_driver', 'ld_library_path_lib')
[79.166s] INFO:colcon.colcon_core.shell:Creating environment hook '/home/atte/drone_ws/install/tello_driver/share/tello_driver/hook/ld_library_path_lib.ps1'
[79.166s] INFO:colcon.colcon_core.shell:Creating environment descriptor '/home/atte/drone_ws/install/tello_driver/share/tello_driver/hook/ld_library_path_lib.dsv'
[79.167s] INFO:colcon.colcon_core.shell:Creating environment hook '/home/atte/drone_ws/install/tello_driver/share/tello_driver/hook/ld_library_path_lib.sh'
[79.167s] Level 1:colcon.colcon_core.environment:checking '/home/atte/drone_ws/install/tello_driver/bin'
[79.167s] Level 1:colcon.colcon_core.environment:checking '/home/atte/drone_ws/install/tello_driver/lib/pkgconfig/tello_driver.pc'
[79.167s] Level 1:colcon.colcon_core.environment:checking '/home/atte/drone_ws/install/tello_driver/lib/python3.8/site-packages'
[79.168s] Level 1:colcon.colcon_core.environment:checking '/home/atte/drone_ws/install/tello_driver/bin'
[79.168s] INFO:colcon.colcon_core.shell:Creating package script '/home/atte/drone_ws/install/tello_driver/share/tello_driver/package.ps1'
[79.168s] INFO:colcon.colcon_core.shell:Creating package descriptor '/home/atte/drone_ws/install/tello_driver/share/tello_driver/package.dsv'
[79.169s] INFO:colcon.colcon_core.shell:Creating package script '/home/atte/drone_ws/install/tello_driver/share/tello_driver/package.sh'
[79.169s] INFO:colcon.colcon_core.shell:Creating package script '/home/atte/drone_ws/install/tello_driver/share/tello_driver/package.bash'
[79.170s] INFO:colcon.colcon_core.shell:Creating package script '/home/atte/drone_ws/install/tello_driver/share/tello_driver/package.zsh'
[79.170s] Level 1:colcon.colcon_core.environment:create_file_with_runtime_dependencies(/home/atte/drone_ws/install/tello_driver/share/colcon-core/packages/tello_driver)
[79.170s] DEBUG:colcon.colcon_parallel_executor.executor.parallel:closing loop
[79.171s] DEBUG:colcon.colcon_parallel_executor.executor.parallel:loop closed
[79.171s] DEBUG:colcon.colcon_parallel_executor.executor.parallel:run_until_complete finished with '0'
[79.171s] DEBUG:colcon.colcon_core.event_reactor:joining thread
[79.177s] INFO:colcon.colcon_core.plugin_system:Skipping extension 'colcon_notification.desktop_notification.terminal_notifier': Not used on non-Darwin systems
[79.177s] INFO:colcon.colcon_core.plugin_system:Skipping extension 'colcon_notification.desktop_notification.win32': Not used on non-Windows systems
[79.177s] INFO:colcon.colcon_notification.desktop_notification:Sending desktop notification using 'notify2'
[79.198s] DEBUG:colcon.colcon_core.event_reactor:joined thread
[79.198s] INFO:colcon.colcon_core.shell:Creating prefix script '/home/atte/drone_ws/install/local_setup.ps1'
[79.199s] INFO:colcon.colcon_core.shell:Creating prefix util module '/home/atte/drone_ws/install/_local_setup_util_ps1.py'
[79.201s] INFO:colcon.colcon_core.shell:Creating prefix chain script '/home/atte/drone_ws/install/setup.ps1'
[79.202s] INFO:colcon.colcon_core.shell:Creating prefix script '/home/atte/drone_ws/install/local_setup.sh'
[79.203s] INFO:colcon.colcon_core.shell:Creating prefix util module '/home/atte/drone_ws/install/_local_setup_util_sh.py'
[79.204s] INFO:colcon.colcon_core.shell:Creating prefix chain script '/home/atte/drone_ws/install/setup.sh'
[79.205s] INFO:colcon.colcon_core.shell:Creating prefix script '/home/atte/drone_ws/install/local_setup.bash'
[79.206s] INFO:colcon.colcon_core.shell:Creating prefix chain script '/home/atte/drone_ws/install/setup.bash'
[79.207s] INFO:colcon.colcon_core.shell:Creating prefix script '/home/atte/drone_ws/install/local_setup.zsh'
[79.208s] INFO:colcon.colcon_core.shell:Creating prefix chain script '/home/atte/drone_ws/install/setup.zsh'
