[0.026s] Invoking command in '/home/eeavir/tellocontrol/build/tello_msgs': CMAKE_PREFIX_PATH=${CMAKE_PREFIX_PATH}:/home/eeavir/tellocontrol/install/own_package:/opt/ros/galactic /usr/bin/cmake --build /home/eeavir/tellocontrol/build/tello_msgs -- -j8 -l8
[0.199s] -- Found ament_cmake: 1.1.6 (/opt/ros/galactic/share/ament_cmake/cmake)
[0.199s] -- Found PythonInterp: /usr/bin/python3 (found suitable version "3.8.10", minimum required is "3") 
[0.199s] -- Using PYTHON_EXECUTABLE: /usr/bin/python3
[0.199s] -- Found rosidl_default_generators: 1.1.1 (/opt/ros/galactic/share/rosidl_default_generators/cmake)
[0.199s] -- Using all available rosidl_typesupport_c: rosidl_typesupport_fastrtps_c;rosidl_typesupport_introspection_c
[0.199s] -- Found rosidl_adapter: 2.2.3 (/opt/ros/galactic/share/rosidl_adapter/cmake)
[0.250s] -- Using all available rosidl_typesupport_cpp: rosidl_typesupport_fastrtps_cpp;rosidl_typesupport_introspection_cpp
[0.269s] -- Found std_msgs: 2.2.4 (/opt/ros/galactic/share/std_msgs/cmake)
[0.312s] -- Found PythonInterp: /usr/bin/python3 (found version "3.8.10") 
[0.513s] -- Found ament_cmake_ros: 0.9.2 (/opt/ros/galactic/share/ament_cmake_ros/cmake)
[0.641s] -- Using all available rosidl_typesupport_c: rosidl_typesupport_fastrtps_c;rosidl_typesupport_introspection_c
[0.681s] -- Using all available rosidl_typesupport_cpp: rosidl_typesupport_fastrtps_cpp;rosidl_typesupport_introspection_cpp
[0.698s] -- Found PythonInterp: /usr/bin/python3 (found suitable version "3.8.10", minimum required is "3.5") 
[0.698s] -- Found python_cmake_module: 0.8.1 (/opt/ros/galactic/share/python_cmake_module/cmake)
[0.715s] -- Using PYTHON_EXECUTABLE: /usr/bin/python3
[0.715s] -- Using PYTHON_INCLUDE_DIRS: /usr/include/python3.8
[0.715s] -- Using PYTHON_LIBRARIES: /usr/lib/x86_64-linux-gnu/libpython3.8.so
[0.745s] -- Configuring done
[0.791s] -- Generating done
[0.811s] -- Build files have been written to: /home/eeavir/tellocontrol/build/tello_msgs
[0.861s] [  2%] Built target tello_msgs__cpp
[0.871s] [ 12%] Built target tello_msgs__rosidl_generator_c
[0.889s] [ 23%] Built target tello_msgs__rosidl_typesupport_cpp
[0.893s] [ 34%] Built target tello_msgs__rosidl_typesupport_introspection_cpp
[0.895s] [ 44%] Built target tello_msgs__rosidl_typesupport_introspection_c
[0.895s] [ 55%] Built target tello_msgs__rosidl_typesupport_c
[0.897s] [ 65%] Built target tello_msgs__rosidl_typesupport_fastrtps_cpp
[0.920s] [ 76%] Built target tello_msgs__rosidl_typesupport_fastrtps_c
[0.937s] [ 76%] Built target tello_msgs
[0.953s] [ 78%] Built target tello_msgs__py
[0.974s] [ 87%] Built target tello_msgs__python
[0.995s] [100%] Built target tello_msgs__rosidl_typesupport_c__pyext
[0.995s] [100%] Built target tello_msgs__rosidl_typesupport_fastrtps_c__pyext
[0.995s] [100%] Built target tello_msgs__rosidl_typesupport_introspection_c__pyext
[1.003s] Invoked command in '/home/eeavir/tellocontrol/build/tello_msgs' returned '0': CMAKE_PREFIX_PATH=${CMAKE_PREFIX_PATH}:/home/eeavir/tellocontrol/install/own_package:/opt/ros/galactic /usr/bin/cmake --build /home/eeavir/tellocontrol/build/tello_msgs -- -j8 -l8
[1.004s] Invoking command in '/home/eeavir/tellocontrol/build/tello_msgs': CMAKE_PREFIX_PATH=${CMAKE_PREFIX_PATH}:/home/eeavir/tellocontrol/install/own_package:/opt/ros/galactic /usr/bin/cmake --install /home/eeavir/tellocontrol/build/tello_msgs
[1.012s] -- Install configuration: ""
[1.012s] -- Up-to-date: /home/eeavir/tellocontrol/install/tello_msgs/share/ament_index/resource_index/rosidl_interfaces/tello_msgs
[1.012s] -- Up-to-date: /home/eeavir/tellocontrol/install/tello_msgs/include/tello_msgs
[1.013s] -- Up-to-date: /home/eeavir/tellocontrol/install/tello_msgs/include/tello_msgs/msg
[1.013s] -- Up-to-date: /home/eeavir/tellocontrol/install/tello_msgs/include/tello_msgs/msg/detail
[1.013s] -- Up-to-date: /home/eeavir/tellocontrol/install/tello_msgs/include/tello_msgs/msg/detail/flight_data__functions.h
[1.013s] -- Up-to-date: /home/eeavir/tellocontrol/install/tello_msgs/include/tello_msgs/msg/detail/flight_data__struct.h
[1.013s] -- Up-to-date: /home/eeavir/tellocontrol/install/tello_msgs/include/tello_msgs/msg/detail/tello_response__struct.h
[1.013s] -- Up-to-date: /home/eeavir/tellocontrol/install/tello_msgs/include/tello_msgs/msg/detail/flight_data__functions.c
[1.013s] -- Up-to-date: /home/eeavir/tellocontrol/install/tello_msgs/include/tello_msgs/msg/detail/tello_response__functions.c
[1.013s] -- Up-to-date: /home/eeavir/tellocontrol/install/tello_msgs/include/tello_msgs/msg/detail/tello_response__type_support.h
[1.013s] -- Up-to-date: /home/eeavir/tellocontrol/install/tello_msgs/include/tello_msgs/msg/detail/flight_data__type_support.h
[1.013s] -- Up-to-date: /home/eeavir/tellocontrol/install/tello_msgs/include/tello_msgs/msg/detail/tello_response__functions.h
[1.013s] -- Up-to-date: /home/eeavir/tellocontrol/install/tello_msgs/include/tello_msgs/msg/flight_data.h
[1.013s] -- Up-to-date: /home/eeavir/tellocontrol/install/tello_msgs/include/tello_msgs/msg/tello_response.h
[1.013s] -- Up-to-date: /home/eeavir/tellocontrol/install/tello_msgs/include/tello_msgs/msg/rosidl_generator_c__visibility_control.h
[1.013s] -- Up-to-date: /home/eeavir/tellocontrol/install/tello_msgs/include/tello_msgs/srv
[1.013s] -- Up-to-date: /home/eeavir/tellocontrol/install/tello_msgs/include/tello_msgs/srv/detail
[1.013s] -- Up-to-date: /home/eeavir/tellocontrol/install/tello_msgs/include/tello_msgs/srv/detail/tello_action__functions.c
[1.013s] -- Up-to-date: /home/eeavir/tellocontrol/install/tello_msgs/include/tello_msgs/srv/detail/tello_action__struct.h
[1.013s] -- Up-to-date: /home/eeavir/tellocontrol/install/tello_msgs/include/tello_msgs/srv/detail/tello_action__functions.h
[1.014s] -- Up-to-date: /home/eeavir/tellocontrol/install/tello_msgs/include/tello_msgs/srv/detail/tello_action__type_support.h
[1.014s] -- Up-to-date: /home/eeavir/tellocontrol/install/tello_msgs/include/tello_msgs/srv/tello_action.h
[1.014s] -- Up-to-date: /home/eeavir/tellocontrol/install/tello_msgs/share/tello_msgs/environment/library_path.sh
[1.014s] -- Installing: /home/eeavir/tellocontrol/install/tello_msgs/share/tello_msgs/environment/library_path.dsv
[1.014s] -- Up-to-date: /home/eeavir/tellocontrol/install/tello_msgs/lib/libtello_msgs__rosidl_generator_c.so
[1.014s] -- Up-to-date: /home/eeavir/tellocontrol/install/tello_msgs/include/tello_msgs
[1.014s] -- Up-to-date: /home/eeavir/tellocontrol/install/tello_msgs/include/tello_msgs/msg
[1.014s] -- Up-to-date: /home/eeavir/tellocontrol/install/tello_msgs/include/tello_msgs/msg/detail
[1.014s] -- Up-to-date: /home/eeavir/tellocontrol/install/tello_msgs/include/tello_msgs/msg/detail/tello_response__rosidl_typesupport_fastrtps_c.h
[1.014s] -- Up-to-date: /home/eeavir/tellocontrol/install/tello_msgs/include/tello_msgs/msg/detail/flight_data__rosidl_typesupport_fastrtps_c.h
[1.014s] -- Up-to-date: /home/eeavir/tellocontrol/install/tello_msgs/include/tello_msgs/msg/rosidl_typesupport_fastrtps_c__visibility_control.h
[1.014s] -- Up-to-date: /home/eeavir/tellocontrol/install/tello_msgs/include/tello_msgs/srv
[1.014s] -- Up-to-date: /home/eeavir/tellocontrol/install/tello_msgs/include/tello_msgs/srv/detail
[1.014s] -- Up-to-date: /home/eeavir/tellocontrol/install/tello_msgs/include/tello_msgs/srv/detail/tello_action__rosidl_typesupport_fastrtps_c.h
[1.014s] -- Up-to-date: /home/eeavir/tellocontrol/install/tello_msgs/lib/libtello_msgs__rosidl_typesupport_fastrtps_c.so
[1.014s] -- Up-to-date: /home/eeavir/tellocontrol/install/tello_msgs/include/tello_msgs
[1.014s] -- Up-to-date: /home/eeavir/tellocontrol/install/tello_msgs/include/tello_msgs/msg
[1.014s] -- Up-to-date: /home/eeavir/tellocontrol/install/tello_msgs/include/tello_msgs/msg/detail
[1.014s] -- Up-to-date: /home/eeavir/tellocontrol/install/tello_msgs/include/tello_msgs/msg/detail/flight_data__rosidl_typesupport_fastrtps_cpp.hpp
[1.014s] -- Up-to-date: /home/eeavir/tellocontrol/install/tello_msgs/include/tello_msgs/msg/detail/dds_fastrtps
[1.014s] -- Up-to-date: /home/eeavir/tellocontrol/install/tello_msgs/include/tello_msgs/msg/detail/tello_response__rosidl_typesupport_fastrtps_cpp.hpp
[1.014s] -- Up-to-date: /home/eeavir/tellocontrol/install/tello_msgs/include/tello_msgs/msg/rosidl_typesupport_fastrtps_cpp__visibility_control.h
[1.014s] -- Up-to-date: /home/eeavir/tellocontrol/install/tello_msgs/include/tello_msgs/srv
[1.015s] -- Up-to-date: /home/eeavir/tellocontrol/install/tello_msgs/include/tello_msgs/srv/detail
[1.015s] -- Up-to-date: /home/eeavir/tellocontrol/install/tello_msgs/include/tello_msgs/srv/detail/dds_fastrtps
[1.015s] -- Up-to-date: /home/eeavir/tellocontrol/install/tello_msgs/include/tello_msgs/srv/detail/tello_action__rosidl_typesupport_fastrtps_cpp.hpp
[1.015s] -- Up-to-date: /home/eeavir/tellocontrol/install/tello_msgs/lib/libtello_msgs__rosidl_typesupport_fastrtps_cpp.so
[1.015s] -- Up-to-date: /home/eeavir/tellocontrol/install/tello_msgs/include/tello_msgs
[1.015s] -- Up-to-date: /home/eeavir/tellocontrol/install/tello_msgs/include/tello_msgs/msg
[1.015s] -- Up-to-date: /home/eeavir/tellocontrol/install/tello_msgs/include/tello_msgs/msg/detail
[1.015s] -- Up-to-date: /home/eeavir/tellocontrol/install/tello_msgs/include/tello_msgs/msg/detail/tello_response__rosidl_typesupport_introspection_c.h
[1.015s] -- Up-to-date: /home/eeavir/tellocontrol/install/tello_msgs/include/tello_msgs/msg/detail/flight_data__type_support.c
[1.015s] -- Up-to-date: /home/eeavir/tellocontrol/install/tello_msgs/include/tello_msgs/msg/detail/flight_data__rosidl_typesupport_introspection_c.h
[1.015s] -- Up-to-date: /home/eeavir/tellocontrol/install/tello_msgs/include/tello_msgs/msg/detail/tello_response__type_support.c
[1.015s] -- Up-to-date: /home/eeavir/tellocontrol/install/tello_msgs/include/tello_msgs/msg/rosidl_typesupport_introspection_c__visibility_control.h
[1.015s] -- Up-to-date: /home/eeavir/tellocontrol/install/tello_msgs/include/tello_msgs/srv
[1.015s] -- Up-to-date: /home/eeavir/tellocontrol/install/tello_msgs/include/tello_msgs/srv/detail
[1.015s] -- Up-to-date: /home/eeavir/tellocontrol/install/tello_msgs/include/tello_msgs/srv/detail/tello_action__rosidl_typesupport_introspection_c.h
[1.015s] -- Up-to-date: /home/eeavir/tellocontrol/install/tello_msgs/include/tello_msgs/srv/detail/tello_action__type_support.c
[1.015s] -- Up-to-date: /home/eeavir/tellocontrol/install/tello_msgs/lib/libtello_msgs__rosidl_typesupport_introspection_c.so
[1.015s] -- Up-to-date: /home/eeavir/tellocontrol/install/tello_msgs/lib/libtello_msgs__rosidl_typesupport_c.so
[1.015s] -- Up-to-date: /home/eeavir/tellocontrol/install/tello_msgs/include/tello_msgs
[1.015s] -- Up-to-date: /home/eeavir/tellocontrol/install/tello_msgs/include/tello_msgs/msg
[1.015s] -- Up-to-date: /home/eeavir/tellocontrol/install/tello_msgs/include/tello_msgs/msg/tello_response.hpp
[1.015s] -- Up-to-date: /home/eeavir/tellocontrol/install/tello_msgs/include/tello_msgs/msg/detail
[1.016s] -- Up-to-date: /home/eeavir/tellocontrol/install/tello_msgs/include/tello_msgs/msg/detail/tello_response__struct.hpp
[1.016s] -- Up-to-date: /home/eeavir/tellocontrol/install/tello_msgs/include/tello_msgs/msg/detail/tello_response__traits.hpp
[1.016s] -- Up-to-date: /home/eeavir/tellocontrol/install/tello_msgs/include/tello_msgs/msg/detail/flight_data__builder.hpp
[1.016s] -- Up-to-date: /home/eeavir/tellocontrol/install/tello_msgs/include/tello_msgs/msg/detail/flight_data__struct.hpp
[1.016s] -- Up-to-date: /home/eeavir/tellocontrol/install/tello_msgs/include/tello_msgs/msg/detail/tello_response__builder.hpp
[1.016s] -- Up-to-date: /home/eeavir/tellocontrol/install/tello_msgs/include/tello_msgs/msg/detail/flight_data__traits.hpp
[1.016s] -- Up-to-date: /home/eeavir/tellocontrol/install/tello_msgs/include/tello_msgs/msg/flight_data.hpp
[1.016s] -- Up-to-date: /home/eeavir/tellocontrol/install/tello_msgs/include/tello_msgs/srv
[1.016s] -- Up-to-date: /home/eeavir/tellocontrol/install/tello_msgs/include/tello_msgs/srv/detail
[1.016s] -- Up-to-date: /home/eeavir/tellocontrol/install/tello_msgs/include/tello_msgs/srv/detail/tello_action__struct.hpp
[1.016s] -- Up-to-date: /home/eeavir/tellocontrol/install/tello_msgs/include/tello_msgs/srv/detail/tello_action__traits.hpp
[1.016s] -- Up-to-date: /home/eeavir/tellocontrol/install/tello_msgs/include/tello_msgs/srv/detail/tello_action__builder.hpp
[1.016s] -- Up-to-date: /home/eeavir/tellocontrol/install/tello_msgs/include/tello_msgs/srv/tello_action.hpp
[1.016s] -- Up-to-date: /home/eeavir/tellocontrol/install/tello_msgs/include/tello_msgs
[1.016s] -- Up-to-date: /home/eeavir/tellocontrol/install/tello_msgs/include/tello_msgs/msg
[1.016s] -- Up-to-date: /home/eeavir/tellocontrol/install/tello_msgs/include/tello_msgs/msg/detail
[1.016s] -- Up-to-date: /home/eeavir/tellocontrol/install/tello_msgs/include/tello_msgs/msg/detail/flight_data__type_support.cpp
[1.016s] -- Up-to-date: /home/eeavir/tellocontrol/install/tello_msgs/include/tello_msgs/msg/detail/flight_data__rosidl_typesupport_introspection_cpp.hpp
[1.016s] -- Up-to-date: /home/eeavir/tellocontrol/install/tello_msgs/include/tello_msgs/msg/detail/tello_response__type_support.cpp
[1.016s] -- Up-to-date: /home/eeavir/tellocontrol/install/tello_msgs/include/tello_msgs/msg/detail/tello_response__rosidl_typesupport_introspection_cpp.hpp
[1.016s] -- Up-to-date: /home/eeavir/tellocontrol/install/tello_msgs/include/tello_msgs/srv
[1.016s] -- Up-to-date: /home/eeavir/tellocontrol/install/tello_msgs/include/tello_msgs/srv/detail
[1.016s] -- Up-to-date: /home/eeavir/tellocontrol/install/tello_msgs/include/tello_msgs/srv/detail/tello_action__rosidl_typesupport_introspection_cpp.hpp
[1.016s] -- Up-to-date: /home/eeavir/tellocontrol/install/tello_msgs/include/tello_msgs/srv/detail/tello_action__type_support.cpp
[1.016s] -- Up-to-date: /home/eeavir/tellocontrol/install/tello_msgs/lib/libtello_msgs__rosidl_typesupport_introspection_cpp.so
[1.016s] -- Up-to-date: /home/eeavir/tellocontrol/install/tello_msgs/lib/libtello_msgs__rosidl_typesupport_cpp.so
[1.017s] -- Up-to-date: /home/eeavir/tellocontrol/install/tello_msgs/share/tello_msgs/environment/pythonpath.sh
[1.017s] -- Installing: /home/eeavir/tellocontrol/install/tello_msgs/share/tello_msgs/environment/pythonpath.dsv
[1.017s] -- Installing: /home/eeavir/tellocontrol/install/tello_msgs/lib/python3.8/site-packages/tello_msgs/__init__.py
[1.037s] Compiling '/home/eeavir/tellocontrol/install/tello_msgs/lib/python3.8/site-packages/tello_msgs/__init__.py'...
[1.040s] -- Up-to-date: /home/eeavir/tellocontrol/install/tello_msgs/lib/python3.8/site-packages/tello_msgs/msg
[1.040s] -- Up-to-date: /home/eeavir/tellocontrol/install/tello_msgs/lib/python3.8/site-packages/tello_msgs/msg/__init__.py
[1.040s] -- Up-to-date: /home/eeavir/tellocontrol/install/tello_msgs/lib/python3.8/site-packages/tello_msgs/msg/_flight_data_s.c
[1.040s] -- Up-to-date: /home/eeavir/tellocontrol/install/tello_msgs/lib/python3.8/site-packages/tello_msgs/msg/_tello_response.py
[1.041s] -- Up-to-date: /home/eeavir/tellocontrol/install/tello_msgs/lib/python3.8/site-packages/tello_msgs/msg/_flight_data.py
[1.041s] -- Up-to-date: /home/eeavir/tellocontrol/install/tello_msgs/lib/python3.8/site-packages/tello_msgs/msg/_tello_response_s.c
[1.041s] -- Up-to-date: /home/eeavir/tellocontrol/install/tello_msgs/lib/python3.8/site-packages/tello_msgs/srv
[1.041s] -- Up-to-date: /home/eeavir/tellocontrol/install/tello_msgs/lib/python3.8/site-packages/tello_msgs/srv/__init__.py
[1.041s] -- Up-to-date: /home/eeavir/tellocontrol/install/tello_msgs/lib/python3.8/site-packages/tello_msgs/srv/_tello_action_s.c
[1.041s] -- Up-to-date: /home/eeavir/tellocontrol/install/tello_msgs/lib/python3.8/site-packages/tello_msgs/srv/_tello_action.py
[1.041s] -- Up-to-date: /home/eeavir/tellocontrol/install/tello_msgs/lib/python3.8/site-packages/tello_msgs/tello_msgs_s__rosidl_typesupport_fastrtps_c.cpython-38-x86_64-linux-gnu.so
[1.042s] -- Up-to-date: /home/eeavir/tellocontrol/install/tello_msgs/lib/python3.8/site-packages/tello_msgs/tello_msgs_s__rosidl_typesupport_introspection_c.cpython-38-x86_64-linux-gnu.so
[1.042s] -- Up-to-date: /home/eeavir/tellocontrol/install/tello_msgs/lib/python3.8/site-packages/tello_msgs/tello_msgs_s__rosidl_typesupport_c.cpython-38-x86_64-linux-gnu.so
[1.042s] -- Up-to-date: /home/eeavir/tellocontrol/install/tello_msgs/lib/libtello_msgs__python.so
[1.043s] -- Up-to-date: /home/eeavir/tellocontrol/install/tello_msgs/share/tello_msgs/msg/FlightData.idl
[1.043s] -- Up-to-date: /home/eeavir/tellocontrol/install/tello_msgs/share/tello_msgs/msg/TelloResponse.idl
[1.043s] -- Up-to-date: /home/eeavir/tellocontrol/install/tello_msgs/share/tello_msgs/srv/TelloAction.idl
[1.043s] -- Installing: /home/eeavir/tellocontrol/install/tello_msgs/share/tello_msgs/msg/FlightData.msg
[1.043s] -- Installing: /home/eeavir/tellocontrol/install/tello_msgs/share/tello_msgs/msg/TelloResponse.msg
[1.043s] -- Installing: /home/eeavir/tellocontrol/install/tello_msgs/share/tello_msgs/srv/TelloAction.srv
[1.043s] -- Up-to-date: /home/eeavir/tellocontrol/install/tello_msgs/share/tello_msgs/srv/TelloAction_Request.msg
[1.043s] -- Up-to-date: /home/eeavir/tellocontrol/install/tello_msgs/share/tello_msgs/srv/TelloAction_Response.msg
[1.043s] -- Up-to-date: /home/eeavir/tellocontrol/install/tello_msgs/share/ament_index/resource_index/package_run_dependencies/tello_msgs
[1.043s] -- Up-to-date: /home/eeavir/tellocontrol/install/tello_msgs/share/ament_index/resource_index/parent_prefix_path/tello_msgs
[1.043s] -- Up-to-date: /home/eeavir/tellocontrol/install/tello_msgs/share/tello_msgs/environment/ament_prefix_path.sh
[1.043s] -- Installing: /home/eeavir/tellocontrol/install/tello_msgs/share/tello_msgs/environment/ament_prefix_path.dsv
[1.043s] -- Up-to-date: /home/eeavir/tellocontrol/install/tello_msgs/share/tello_msgs/environment/path.sh
[1.043s] -- Installing: /home/eeavir/tellocontrol/install/tello_msgs/share/tello_msgs/environment/path.dsv
[1.043s] -- Up-to-date: /home/eeavir/tellocontrol/install/tello_msgs/share/tello_msgs/local_setup.bash
[1.043s] -- Up-to-date: /home/eeavir/tellocontrol/install/tello_msgs/share/tello_msgs/local_setup.sh
[1.043s] -- Up-to-date: /home/eeavir/tellocontrol/install/tello_msgs/share/tello_msgs/local_setup.zsh
[1.044s] -- Installing: /home/eeavir/tellocontrol/install/tello_msgs/share/tello_msgs/local_setup.dsv
[1.044s] -- Installing: /home/eeavir/tellocontrol/install/tello_msgs/share/tello_msgs/package.dsv
[1.044s] -- Up-to-date: /home/eeavir/tellocontrol/install/tello_msgs/share/ament_index/resource_index/packages/tello_msgs
[1.044s] -- Up-to-date: /home/eeavir/tellocontrol/install/tello_msgs/share/tello_msgs/cmake/tello_msgs__rosidl_generator_cExport.cmake
[1.044s] -- Installing: /home/eeavir/tellocontrol/install/tello_msgs/share/tello_msgs/cmake/tello_msgs__rosidl_generator_cExport-noconfig.cmake
[1.044s] -- Up-to-date: /home/eeavir/tellocontrol/install/tello_msgs/share/tello_msgs/cmake/tello_msgs__rosidl_typesupport_introspection_cExport.cmake
[1.044s] -- Installing: /home/eeavir/tellocontrol/install/tello_msgs/share/tello_msgs/cmake/tello_msgs__rosidl_typesupport_introspection_cExport-noconfig.cmake
[1.044s] -- Up-to-date: /home/eeavir/tellocontrol/install/tello_msgs/share/tello_msgs/cmake/tello_msgs__rosidl_typesupport_cExport.cmake
[1.044s] -- Installing: /home/eeavir/tellocontrol/install/tello_msgs/share/tello_msgs/cmake/tello_msgs__rosidl_typesupport_cExport-noconfig.cmake
[1.044s] -- Up-to-date: /home/eeavir/tellocontrol/install/tello_msgs/share/tello_msgs/cmake/tello_msgs__rosidl_generator_cppExport.cmake
[1.044s] -- Up-to-date: /home/eeavir/tellocontrol/install/tello_msgs/share/tello_msgs/cmake/tello_msgs__rosidl_typesupport_introspection_cppExport.cmake
[1.044s] -- Installing: /home/eeavir/tellocontrol/install/tello_msgs/share/tello_msgs/cmake/tello_msgs__rosidl_typesupport_introspection_cppExport-noconfig.cmake
[1.044s] -- Up-to-date: /home/eeavir/tellocontrol/install/tello_msgs/share/tello_msgs/cmake/tello_msgs__rosidl_typesupport_cppExport.cmake
[1.044s] -- Installing: /home/eeavir/tellocontrol/install/tello_msgs/share/tello_msgs/cmake/tello_msgs__rosidl_typesupport_cppExport-noconfig.cmake
[1.044s] -- Up-to-date: /home/eeavir/tellocontrol/install/tello_msgs/share/tello_msgs/cmake/rosidl_cmake-extras.cmake
[1.044s] -- Up-to-date: /home/eeavir/tellocontrol/install/tello_msgs/share/tello_msgs/cmake/ament_cmake_export_dependencies-extras.cmake
[1.044s] -- Up-to-date: /home/eeavir/tellocontrol/install/tello_msgs/share/tello_msgs/cmake/ament_cmake_export_libraries-extras.cmake
[1.044s] -- Up-to-date: /home/eeavir/tellocontrol/install/tello_msgs/share/tello_msgs/cmake/ament_cmake_export_targets-extras.cmake
[1.045s] -- Up-to-date: /home/eeavir/tellocontrol/install/tello_msgs/share/tello_msgs/cmake/ament_cmake_export_include_directories-extras.cmake
[1.045s] -- Up-to-date: /home/eeavir/tellocontrol/install/tello_msgs/share/tello_msgs/cmake/rosidl_cmake_export_typesupport_libraries-extras.cmake
[1.045s] -- Up-to-date: /home/eeavir/tellocontrol/install/tello_msgs/share/tello_msgs/cmake/rosidl_cmake_export_typesupport_targets-extras.cmake
[1.045s] -- Up-to-date: /home/eeavir/tellocontrol/install/tello_msgs/share/tello_msgs/cmake/tello_msgsConfig.cmake
[1.045s] -- Up-to-date: /home/eeavir/tellocontrol/install/tello_msgs/share/tello_msgs/cmake/tello_msgsConfig-version.cmake
[1.045s] -- Installing: /home/eeavir/tellocontrol/install/tello_msgs/share/tello_msgs/package.xml
[1.047s] Invoked command in '/home/eeavir/tellocontrol/build/tello_msgs' returned '0': CMAKE_PREFIX_PATH=${CMAKE_PREFIX_PATH}:/home/eeavir/tellocontrol/install/own_package:/opt/ros/galactic /usr/bin/cmake --install /home/eeavir/tellocontrol/build/tello_msgs
