[0.135s] DEBUG:colcon:Command line arguments: ['/usr/bin/colcon', 'build']
[0.135s] DEBUG:colcon:Parsed command line arguments: Namespace(allow_overriding=[], ament_cmake_args=None, base_paths=['.'], build_base='build', catkin_cmake_args=None, catkin_skip_building_tests=False, cmake_args=None, cmake_clean_cache=False, cmake_clean_first=False, cmake_force_configure=False, cmake_target=None, cmake_target_skip_unavailable=False, continue_on_error=False, event_handlers=None, executor='parallel', ignore_user_meta=False, install_base='install', log_base=None, log_level=None, main=<bound method BuildVerb.main of <colcon_core.verb.build.BuildVerb object at 0x7fad39881f10>>, merge_install=False, metas=['./colcon.meta'], mixin=None, mixin_files=None, mixin_verb=('build',), packages_above=None, packages_above_and_dependencies=None, packages_above_depth=None, packages_end=None, packages_ignore=None, packages_ignore_regex=None, packages_select=None, packages_select_build_failed=False, packages_select_by_dep=None, packages_select_regex=None, packages_select_test_failures=False, packages_skip=None, packages_skip_build_finished=False, packages_skip_by_dep=None, packages_skip_regex=None, packages_skip_test_passed=False, packages_skip_up_to=None, packages_start=None, packages_up_to=None, packages_up_to_regex=None, parallel_workers=8, paths=None, symlink_install=False, test_result_base=None, verb_extension=<colcon_core.verb.build.BuildVerb object at 0x7fad39881f10>, verb_name='build', verb_parser=<colcon_mixin.mixin.mixin_argument.MixinArgumentDecorator object at 0x7fad39836ee0>)
[0.235s] Level 1:colcon.colcon_core.package_discovery:discover_packages(colcon_meta) check parameters
[0.235s] Level 1:colcon.colcon_core.package_discovery:discover_packages(recursive) check parameters
[0.235s] Level 1:colcon.colcon_core.package_discovery:discover_packages(ignore) check parameters
[0.235s] Level 1:colcon.colcon_core.package_discovery:discover_packages(path) check parameters
[0.235s] Level 1:colcon.colcon_core.package_discovery:discover_packages(colcon_meta) discover
[0.235s] Level 1:colcon.colcon_core.package_discovery:discover_packages(recursive) discover
[0.235s] INFO:colcon.colcon_core.package_discovery:Crawling recursively for packages in '/home/eeavir/tellocontrol'
[0.235s] Level 1:colcon.colcon_core.package_identification:_identify(.) by extensions ['ignore', 'ignore_ament_install']
[0.235s] Level 1:colcon.colcon_core.package_identification:_identify(.) by extension 'ignore'
[0.235s] Level 1:colcon.colcon_core.package_identification:_identify(.) by extension 'ignore_ament_install'
[0.235s] Level 1:colcon.colcon_core.package_identification:_identify(.) by extensions ['colcon_pkg']
[0.235s] Level 1:colcon.colcon_core.package_identification:_identify(.) by extension 'colcon_pkg'
[0.235s] Level 1:colcon.colcon_core.package_identification:_identify(.) by extensions ['colcon_meta']
[0.235s] Level 1:colcon.colcon_core.package_identification:_identify(.) by extension 'colcon_meta'
[0.235s] Level 1:colcon.colcon_core.package_identification:_identify(.) by extensions ['ros']
[0.235s] Level 1:colcon.colcon_core.package_identification:_identify(.) by extension 'ros'
[0.243s] Level 1:colcon.colcon_core.package_identification:_identify(.) by extensions ['cmake', 'python']
[0.243s] Level 1:colcon.colcon_core.package_identification:_identify(.) by extension 'cmake'
[0.244s] Level 1:colcon.colcon_core.package_identification:_identify(.) by extension 'python'
[0.244s] Level 1:colcon.colcon_core.package_identification:_identify(.) by extensions ['python_setup_py']
[0.244s] Level 1:colcon.colcon_core.package_identification:_identify(.) by extension 'python_setup_py'
[0.244s] Level 1:colcon.colcon_core.package_identification:_identify(build) by extensions ['ignore', 'ignore_ament_install']
[0.244s] Level 1:colcon.colcon_core.package_identification:_identify(build) by extension 'ignore'
[0.244s] Level 1:colcon.colcon_core.package_identification:_identify(build) ignored
[0.244s] Level 1:colcon.colcon_core.package_identification:_identify(install) by extensions ['ignore', 'ignore_ament_install']
[0.244s] Level 1:colcon.colcon_core.package_identification:_identify(install) by extension 'ignore'
[0.244s] Level 1:colcon.colcon_core.package_identification:_identify(install) ignored
[0.244s] Level 1:colcon.colcon_core.package_identification:_identify(log) by extensions ['ignore', 'ignore_ament_install']
[0.244s] Level 1:colcon.colcon_core.package_identification:_identify(log) by extension 'ignore'
[0.244s] Level 1:colcon.colcon_core.package_identification:_identify(log) ignored
[0.244s] Level 1:colcon.colcon_core.package_identification:_identify(src) by extensions ['ignore', 'ignore_ament_install']
[0.244s] Level 1:colcon.colcon_core.package_identification:_identify(src) by extension 'ignore'
[0.244s] Level 1:colcon.colcon_core.package_identification:_identify(src) by extension 'ignore_ament_install'
[0.244s] Level 1:colcon.colcon_core.package_identification:_identify(src) by extensions ['colcon_pkg']
[0.244s] Level 1:colcon.colcon_core.package_identification:_identify(src) by extension 'colcon_pkg'
[0.244s] Level 1:colcon.colcon_core.package_identification:_identify(src) by extensions ['colcon_meta']
[0.244s] Level 1:colcon.colcon_core.package_identification:_identify(src) by extension 'colcon_meta'
[0.244s] Level 1:colcon.colcon_core.package_identification:_identify(src) by extensions ['ros']
[0.244s] Level 1:colcon.colcon_core.package_identification:_identify(src) by extension 'ros'
[0.244s] Level 1:colcon.colcon_core.package_identification:_identify(src) by extensions ['cmake', 'python']
[0.244s] Level 1:colcon.colcon_core.package_identification:_identify(src) by extension 'cmake'
[0.244s] Level 1:colcon.colcon_core.package_identification:_identify(src) by extension 'python'
[0.244s] Level 1:colcon.colcon_core.package_identification:_identify(src) by extensions ['python_setup_py']
[0.244s] Level 1:colcon.colcon_core.package_identification:_identify(src) by extension 'python_setup_py'
[0.244s] Level 1:colcon.colcon_core.package_identification:_identify(src/drone_racing_ros2) by extensions ['ignore', 'ignore_ament_install']
[0.245s] Level 1:colcon.colcon_core.package_identification:_identify(src/drone_racing_ros2) by extension 'ignore'
[0.245s] Level 1:colcon.colcon_core.package_identification:_identify(src/drone_racing_ros2) by extension 'ignore_ament_install'
[0.245s] Level 1:colcon.colcon_core.package_identification:_identify(src/drone_racing_ros2) by extensions ['colcon_pkg']
[0.245s] Level 1:colcon.colcon_core.package_identification:_identify(src/drone_racing_ros2) by extension 'colcon_pkg'
[0.245s] Level 1:colcon.colcon_core.package_identification:_identify(src/drone_racing_ros2) by extensions ['colcon_meta']
[0.245s] Level 1:colcon.colcon_core.package_identification:_identify(src/drone_racing_ros2) by extension 'colcon_meta'
[0.245s] Level 1:colcon.colcon_core.package_identification:_identify(src/drone_racing_ros2) by extensions ['ros']
[0.245s] Level 1:colcon.colcon_core.package_identification:_identify(src/drone_racing_ros2) by extension 'ros'
[0.245s] Level 1:colcon.colcon_core.package_identification:_identify(src/drone_racing_ros2) by extensions ['cmake', 'python']
[0.245s] Level 1:colcon.colcon_core.package_identification:_identify(src/drone_racing_ros2) by extension 'cmake'
[0.245s] Level 1:colcon.colcon_core.package_identification:_identify(src/drone_racing_ros2) by extension 'python'
[0.245s] Level 1:colcon.colcon_core.package_identification:_identify(src/drone_racing_ros2) by extensions ['python_setup_py']
[0.245s] Level 1:colcon.colcon_core.package_identification:_identify(src/drone_racing_ros2) by extension 'python_setup_py'
[0.245s] Level 1:colcon.colcon_core.package_identification:_identify(src/drone_racing_ros2/ros2_shared) by extensions ['ignore', 'ignore_ament_install']
[0.245s] Level 1:colcon.colcon_core.package_identification:_identify(src/drone_racing_ros2/ros2_shared) by extension 'ignore'
[0.245s] Level 1:colcon.colcon_core.package_identification:_identify(src/drone_racing_ros2/ros2_shared) by extension 'ignore_ament_install'
[0.245s] Level 1:colcon.colcon_core.package_identification:_identify(src/drone_racing_ros2/ros2_shared) by extensions ['colcon_pkg']
[0.245s] Level 1:colcon.colcon_core.package_identification:_identify(src/drone_racing_ros2/ros2_shared) by extension 'colcon_pkg'
[0.245s] Level 1:colcon.colcon_core.package_identification:_identify(src/drone_racing_ros2/ros2_shared) by extensions ['colcon_meta']
[0.245s] Level 1:colcon.colcon_core.package_identification:_identify(src/drone_racing_ros2/ros2_shared) by extension 'colcon_meta'
[0.245s] Level 1:colcon.colcon_core.package_identification:_identify(src/drone_racing_ros2/ros2_shared) by extensions ['ros']
[0.245s] Level 1:colcon.colcon_core.package_identification:_identify(src/drone_racing_ros2/ros2_shared) by extension 'ros'
[0.247s] DEBUG:colcon.colcon_core.package_identification:Package 'src/drone_racing_ros2/ros2_shared' with type 'ros.ament_cmake' and name 'ros2_shared'
[0.247s] Level 1:colcon.colcon_core.package_identification:_identify(src/drone_racing_ros2/tello_ros) by extensions ['ignore', 'ignore_ament_install']
[0.247s] Level 1:colcon.colcon_core.package_identification:_identify(src/drone_racing_ros2/tello_ros) by extension 'ignore'
[0.247s] Level 1:colcon.colcon_core.package_identification:_identify(src/drone_racing_ros2/tello_ros) by extension 'ignore_ament_install'
[0.247s] Level 1:colcon.colcon_core.package_identification:_identify(src/drone_racing_ros2/tello_ros) by extensions ['colcon_pkg']
[0.247s] Level 1:colcon.colcon_core.package_identification:_identify(src/drone_racing_ros2/tello_ros) by extension 'colcon_pkg'
[0.247s] Level 1:colcon.colcon_core.package_identification:_identify(src/drone_racing_ros2/tello_ros) by extensions ['colcon_meta']
[0.247s] Level 1:colcon.colcon_core.package_identification:_identify(src/drone_racing_ros2/tello_ros) by extension 'colcon_meta'
[0.247s] Level 1:colcon.colcon_core.package_identification:_identify(src/drone_racing_ros2/tello_ros) by extensions ['ros']
[0.247s] Level 1:colcon.colcon_core.package_identification:_identify(src/drone_racing_ros2/tello_ros) by extension 'ros'
[0.247s] Level 1:colcon.colcon_core.package_identification:_identify(src/drone_racing_ros2/tello_ros) by extensions ['cmake', 'python']
[0.248s] Level 1:colcon.colcon_core.package_identification:_identify(src/drone_racing_ros2/tello_ros) by extension 'cmake'
[0.248s] Level 1:colcon.colcon_core.package_identification:_identify(src/drone_racing_ros2/tello_ros) by extension 'python'
[0.248s] Level 1:colcon.colcon_core.package_identification:_identify(src/drone_racing_ros2/tello_ros) by extensions ['python_setup_py']
[0.248s] Level 1:colcon.colcon_core.package_identification:_identify(src/drone_racing_ros2/tello_ros) by extension 'python_setup_py'
[0.248s] Level 1:colcon.colcon_core.package_identification:_identify(src/drone_racing_ros2/tello_ros/docker) by extensions ['ignore', 'ignore_ament_install']
[0.248s] Level 1:colcon.colcon_core.package_identification:_identify(src/drone_racing_ros2/tello_ros/docker) by extension 'ignore'
[0.248s] Level 1:colcon.colcon_core.package_identification:_identify(src/drone_racing_ros2/tello_ros/docker) by extension 'ignore_ament_install'
[0.248s] Level 1:colcon.colcon_core.package_identification:_identify(src/drone_racing_ros2/tello_ros/docker) by extensions ['colcon_pkg']
[0.248s] Level 1:colcon.colcon_core.package_identification:_identify(src/drone_racing_ros2/tello_ros/docker) by extension 'colcon_pkg'
[0.248s] Level 1:colcon.colcon_core.package_identification:_identify(src/drone_racing_ros2/tello_ros/docker) by extensions ['colcon_meta']
[0.248s] Level 1:colcon.colcon_core.package_identification:_identify(src/drone_racing_ros2/tello_ros/docker) by extension 'colcon_meta'
[0.248s] Level 1:colcon.colcon_core.package_identification:_identify(src/drone_racing_ros2/tello_ros/docker) by extensions ['ros']
[0.248s] Level 1:colcon.colcon_core.package_identification:_identify(src/drone_racing_ros2/tello_ros/docker) by extension 'ros'
[0.248s] Level 1:colcon.colcon_core.package_identification:_identify(src/drone_racing_ros2/tello_ros/docker) by extensions ['cmake', 'python']
[0.248s] Level 1:colcon.colcon_core.package_identification:_identify(src/drone_racing_ros2/tello_ros/docker) by extension 'cmake'
[0.248s] Level 1:colcon.colcon_core.package_identification:_identify(src/drone_racing_ros2/tello_ros/docker) by extension 'python'
[0.248s] Level 1:colcon.colcon_core.package_identification:_identify(src/drone_racing_ros2/tello_ros/docker) by extensions ['python_setup_py']
[0.248s] Level 1:colcon.colcon_core.package_identification:_identify(src/drone_racing_ros2/tello_ros/docker) by extension 'python_setup_py'
[0.248s] Level 1:colcon.colcon_core.package_identification:_identify(src/drone_racing_ros2/tello_ros/tello_description) by extensions ['ignore', 'ignore_ament_install']
[0.248s] Level 1:colcon.colcon_core.package_identification:_identify(src/drone_racing_ros2/tello_ros/tello_description) by extension 'ignore'
[0.248s] Level 1:colcon.colcon_core.package_identification:_identify(src/drone_racing_ros2/tello_ros/tello_description) by extension 'ignore_ament_install'
[0.248s] Level 1:colcon.colcon_core.package_identification:_identify(src/drone_racing_ros2/tello_ros/tello_description) by extensions ['colcon_pkg']
[0.248s] Level 1:colcon.colcon_core.package_identification:_identify(src/drone_racing_ros2/tello_ros/tello_description) by extension 'colcon_pkg'
[0.248s] Level 1:colcon.colcon_core.package_identification:_identify(src/drone_racing_ros2/tello_ros/tello_description) by extensions ['colcon_meta']
[0.248s] Level 1:colcon.colcon_core.package_identification:_identify(src/drone_racing_ros2/tello_ros/tello_description) by extension 'colcon_meta'
[0.248s] Level 1:colcon.colcon_core.package_identification:_identify(src/drone_racing_ros2/tello_ros/tello_description) by extensions ['ros']
[0.248s] Level 1:colcon.colcon_core.package_identification:_identify(src/drone_racing_ros2/tello_ros/tello_description) by extension 'ros'
[0.249s] DEBUG:colcon.colcon_core.package_identification:Package 'src/drone_racing_ros2/tello_ros/tello_description' with type 'ros.ament_cmake' and name 'tello_description'
[0.249s] Level 1:colcon.colcon_core.package_identification:_identify(src/drone_racing_ros2/tello_ros/tello_driver) by extensions ['ignore', 'ignore_ament_install']
[0.249s] Level 1:colcon.colcon_core.package_identification:_identify(src/drone_racing_ros2/tello_ros/tello_driver) by extension 'ignore'
[0.249s] Level 1:colcon.colcon_core.package_identification:_identify(src/drone_racing_ros2/tello_ros/tello_driver) by extension 'ignore_ament_install'
[0.249s] Level 1:colcon.colcon_core.package_identification:_identify(src/drone_racing_ros2/tello_ros/tello_driver) by extensions ['colcon_pkg']
[0.249s] Level 1:colcon.colcon_core.package_identification:_identify(src/drone_racing_ros2/tello_ros/tello_driver) by extension 'colcon_pkg'
[0.249s] Level 1:colcon.colcon_core.package_identification:_identify(src/drone_racing_ros2/tello_ros/tello_driver) by extensions ['colcon_meta']
[0.249s] Level 1:colcon.colcon_core.package_identification:_identify(src/drone_racing_ros2/tello_ros/tello_driver) by extension 'colcon_meta'
[0.249s] Level 1:colcon.colcon_core.package_identification:_identify(src/drone_racing_ros2/tello_ros/tello_driver) by extensions ['ros']
[0.249s] Level 1:colcon.colcon_core.package_identification:_identify(src/drone_racing_ros2/tello_ros/tello_driver) by extension 'ros'
[0.250s] DEBUG:colcon.colcon_core.package_identification:Package 'src/drone_racing_ros2/tello_ros/tello_driver' with type 'ros.ament_cmake' and name 'tello_driver'
[0.250s] Level 1:colcon.colcon_core.package_identification:_identify(src/drone_racing_ros2/tello_ros/tello_gazebo) by extensions ['ignore', 'ignore_ament_install']
[0.250s] Level 1:colcon.colcon_core.package_identification:_identify(src/drone_racing_ros2/tello_ros/tello_gazebo) by extension 'ignore'
[0.250s] Level 1:colcon.colcon_core.package_identification:_identify(src/drone_racing_ros2/tello_ros/tello_gazebo) by extension 'ignore_ament_install'
[0.250s] Level 1:colcon.colcon_core.package_identification:_identify(src/drone_racing_ros2/tello_ros/tello_gazebo) by extensions ['colcon_pkg']
[0.250s] Level 1:colcon.colcon_core.package_identification:_identify(src/drone_racing_ros2/tello_ros/tello_gazebo) by extension 'colcon_pkg'
[0.250s] Level 1:colcon.colcon_core.package_identification:_identify(src/drone_racing_ros2/tello_ros/tello_gazebo) by extensions ['colcon_meta']
[0.250s] Level 1:colcon.colcon_core.package_identification:_identify(src/drone_racing_ros2/tello_ros/tello_gazebo) by extension 'colcon_meta'
[0.250s] Level 1:colcon.colcon_core.package_identification:_identify(src/drone_racing_ros2/tello_ros/tello_gazebo) by extensions ['ros']
[0.250s] Level 1:colcon.colcon_core.package_identification:_identify(src/drone_racing_ros2/tello_ros/tello_gazebo) by extension 'ros'
[0.251s] DEBUG:colcon.colcon_core.package_identification:Package 'src/drone_racing_ros2/tello_ros/tello_gazebo' with type 'ros.ament_cmake' and name 'tello_gazebo'
[0.251s] Level 1:colcon.colcon_core.package_identification:_identify(src/drone_racing_ros2/tello_ros/tello_msgs) by extensions ['ignore', 'ignore_ament_install']
[0.251s] Level 1:colcon.colcon_core.package_identification:_identify(src/drone_racing_ros2/tello_ros/tello_msgs) by extension 'ignore'
[0.251s] Level 1:colcon.colcon_core.package_identification:_identify(src/drone_racing_ros2/tello_ros/tello_msgs) by extension 'ignore_ament_install'
[0.251s] Level 1:colcon.colcon_core.package_identification:_identify(src/drone_racing_ros2/tello_ros/tello_msgs) by extensions ['colcon_pkg']
[0.251s] Level 1:colcon.colcon_core.package_identification:_identify(src/drone_racing_ros2/tello_ros/tello_msgs) by extension 'colcon_pkg'
[0.251s] Level 1:colcon.colcon_core.package_identification:_identify(src/drone_racing_ros2/tello_ros/tello_msgs) by extensions ['colcon_meta']
[0.251s] Level 1:colcon.colcon_core.package_identification:_identify(src/drone_racing_ros2/tello_ros/tello_msgs) by extension 'colcon_meta'
[0.251s] Level 1:colcon.colcon_core.package_identification:_identify(src/drone_racing_ros2/tello_ros/tello_msgs) by extensions ['ros']
[0.251s] Level 1:colcon.colcon_core.package_identification:_identify(src/drone_racing_ros2/tello_ros/tello_msgs) by extension 'ros'
[0.251s] DEBUG:colcon.colcon_core.package_identification:Package 'src/drone_racing_ros2/tello_ros/tello_msgs' with type 'ros.ament_cmake' and name 'tello_msgs'
[0.252s] Level 1:colcon.colcon_core.package_identification:_identify(src/own_package) by extensions ['ignore', 'ignore_ament_install']
[0.252s] Level 1:colcon.colcon_core.package_identification:_identify(src/own_package) by extension 'ignore'
[0.252s] Level 1:colcon.colcon_core.package_identification:_identify(src/own_package) by extension 'ignore_ament_install'
[0.252s] Level 1:colcon.colcon_core.package_identification:_identify(src/own_package) by extensions ['colcon_pkg']
[0.252s] Level 1:colcon.colcon_core.package_identification:_identify(src/own_package) by extension 'colcon_pkg'
[0.252s] Level 1:colcon.colcon_core.package_identification:_identify(src/own_package) by extensions ['colcon_meta']
[0.252s] Level 1:colcon.colcon_core.package_identification:_identify(src/own_package) by extension 'colcon_meta'
[0.252s] Level 1:colcon.colcon_core.package_identification:_identify(src/own_package) by extensions ['ros']
[0.252s] Level 1:colcon.colcon_core.package_identification:_identify(src/own_package) by extension 'ros'
[0.252s] DEBUG:colcon.colcon_core.package_identification:Package 'src/own_package' with type 'ros.ament_python' and name 'own_package'
[0.252s] Level 1:colcon.colcon_core.package_discovery:discover_packages(recursive) using defaults
[0.252s] Level 1:colcon.colcon_core.package_discovery:discover_packages(ignore) discover
[0.252s] Level 1:colcon.colcon_core.package_discovery:discover_packages(ignore) using defaults
[0.252s] Level 1:colcon.colcon_core.package_discovery:discover_packages(path) discover
[0.252s] Level 1:colcon.colcon_core.package_discovery:discover_packages(path) using defaults
[0.273s] Level 1:colcon.colcon_core.package_discovery:discover_packages(prefix_path) check parameters
[0.273s] Level 1:colcon.colcon_core.package_discovery:discover_packages(prefix_path) discover
[0.275s] DEBUG:colcon.colcon_installed_package_information.package_discovery:Found 6 installed packages in /home/eeavir/tellocontrol/install
[0.276s] DEBUG:colcon.colcon_installed_package_information.package_discovery:Found 275 installed packages in /opt/ros/galactic
[0.277s] Level 1:colcon.colcon_core.package_discovery:discover_packages(prefix_path) using defaults
[0.314s] Level 5:colcon.colcon_core.verb:set package 'own_package' build argument 'cmake_args' from command line to 'None'
[0.314s] Level 5:colcon.colcon_core.verb:set package 'own_package' build argument 'cmake_target' from command line to 'None'
[0.314s] Level 5:colcon.colcon_core.verb:set package 'own_package' build argument 'cmake_target_skip_unavailable' from command line to 'False'
[0.314s] Level 5:colcon.colcon_core.verb:set package 'own_package' build argument 'cmake_clean_cache' from command line to 'False'
[0.314s] Level 5:colcon.colcon_core.verb:set package 'own_package' build argument 'cmake_clean_first' from command line to 'False'
[0.314s] Level 5:colcon.colcon_core.verb:set package 'own_package' build argument 'cmake_force_configure' from command line to 'False'
[0.314s] Level 5:colcon.colcon_core.verb:set package 'own_package' build argument 'ament_cmake_args' from command line to 'None'
[0.314s] Level 5:colcon.colcon_core.verb:set package 'own_package' build argument 'catkin_cmake_args' from command line to 'None'
[0.314s] Level 5:colcon.colcon_core.verb:set package 'own_package' build argument 'catkin_skip_building_tests' from command line to 'False'
[0.314s] DEBUG:colcon.colcon_core.verb:Building package 'own_package' with the following arguments: {'ament_cmake_args': None, 'build_base': '/home/eeavir/tellocontrol/build/own_package', 'catkin_cmake_args': None, 'catkin_skip_building_tests': False, 'cmake_args': None, 'cmake_clean_cache': False, 'cmake_clean_first': False, 'cmake_force_configure': False, 'cmake_target': None, 'cmake_target_skip_unavailable': False, 'install_base': '/home/eeavir/tellocontrol/install/own_package', 'merge_install': False, 'path': '/home/eeavir/tellocontrol/src/own_package', 'symlink_install': False, 'test_result_base': None}
[0.314s] Level 5:colcon.colcon_core.verb:set package 'ros2_shared' build argument 'cmake_args' from command line to 'None'
[0.314s] Level 5:colcon.colcon_core.verb:set package 'ros2_shared' build argument 'cmake_target' from command line to 'None'
[0.314s] Level 5:colcon.colcon_core.verb:set package 'ros2_shared' build argument 'cmake_target_skip_unavailable' from command line to 'False'
[0.314s] Level 5:colcon.colcon_core.verb:set package 'ros2_shared' build argument 'cmake_clean_cache' from command line to 'False'
[0.314s] Level 5:colcon.colcon_core.verb:set package 'ros2_shared' build argument 'cmake_clean_first' from command line to 'False'
[0.314s] Level 5:colcon.colcon_core.verb:set package 'ros2_shared' build argument 'cmake_force_configure' from command line to 'False'
[0.314s] Level 5:colcon.colcon_core.verb:set package 'ros2_shared' build argument 'ament_cmake_args' from command line to 'None'
[0.314s] Level 5:colcon.colcon_core.verb:set package 'ros2_shared' build argument 'catkin_cmake_args' from command line to 'None'
[0.314s] Level 5:colcon.colcon_core.verb:set package 'ros2_shared' build argument 'catkin_skip_building_tests' from command line to 'False'
[0.314s] DEBUG:colcon.colcon_core.verb:Building package 'ros2_shared' with the following arguments: {'ament_cmake_args': None, 'build_base': '/home/eeavir/tellocontrol/build/ros2_shared', 'catkin_cmake_args': None, 'catkin_skip_building_tests': False, 'cmake_args': None, 'cmake_clean_cache': False, 'cmake_clean_first': False, 'cmake_force_configure': False, 'cmake_target': None, 'cmake_target_skip_unavailable': False, 'install_base': '/home/eeavir/tellocontrol/install/ros2_shared', 'merge_install': False, 'path': '/home/eeavir/tellocontrol/src/drone_racing_ros2/ros2_shared', 'symlink_install': False, 'test_result_base': None}
[0.315s] Level 5:colcon.colcon_core.verb:set package 'tello_description' build argument 'cmake_args' from command line to 'None'
[0.315s] Level 5:colcon.colcon_core.verb:set package 'tello_description' build argument 'cmake_target' from command line to 'None'
[0.315s] Level 5:colcon.colcon_core.verb:set package 'tello_description' build argument 'cmake_target_skip_unavailable' from command line to 'False'
[0.315s] Level 5:colcon.colcon_core.verb:set package 'tello_description' build argument 'cmake_clean_cache' from command line to 'False'
[0.315s] Level 5:colcon.colcon_core.verb:set package 'tello_description' build argument 'cmake_clean_first' from command line to 'False'
[0.315s] Level 5:colcon.colcon_core.verb:set package 'tello_description' build argument 'cmake_force_configure' from command line to 'False'
[0.315s] Level 5:colcon.colcon_core.verb:set package 'tello_description' build argument 'ament_cmake_args' from command line to 'None'
[0.315s] Level 5:colcon.colcon_core.verb:set package 'tello_description' build argument 'catkin_cmake_args' from command line to 'None'
[0.315s] Level 5:colcon.colcon_core.verb:set package 'tello_description' build argument 'catkin_skip_building_tests' from command line to 'False'
[0.315s] DEBUG:colcon.colcon_core.verb:Building package 'tello_description' with the following arguments: {'ament_cmake_args': None, 'build_base': '/home/eeavir/tellocontrol/build/tello_description', 'catkin_cmake_args': None, 'catkin_skip_building_tests': False, 'cmake_args': None, 'cmake_clean_cache': False, 'cmake_clean_first': False, 'cmake_force_configure': False, 'cmake_target': None, 'cmake_target_skip_unavailable': False, 'install_base': '/home/eeavir/tellocontrol/install/tello_description', 'merge_install': False, 'path': '/home/eeavir/tellocontrol/src/drone_racing_ros2/tello_ros/tello_description', 'symlink_install': False, 'test_result_base': None}
[0.315s] Level 5:colcon.colcon_core.verb:set package 'tello_msgs' build argument 'cmake_args' from command line to 'None'
[0.315s] Level 5:colcon.colcon_core.verb:set package 'tello_msgs' build argument 'cmake_target' from command line to 'None'
[0.315s] Level 5:colcon.colcon_core.verb:set package 'tello_msgs' build argument 'cmake_target_skip_unavailable' from command line to 'False'
[0.315s] Level 5:colcon.colcon_core.verb:set package 'tello_msgs' build argument 'cmake_clean_cache' from command line to 'False'
[0.315s] Level 5:colcon.colcon_core.verb:set package 'tello_msgs' build argument 'cmake_clean_first' from command line to 'False'
[0.315s] Level 5:colcon.colcon_core.verb:set package 'tello_msgs' build argument 'cmake_force_configure' from command line to 'False'
[0.315s] Level 5:colcon.colcon_core.verb:set package 'tello_msgs' build argument 'ament_cmake_args' from command line to 'None'
[0.315s] Level 5:colcon.colcon_core.verb:set package 'tello_msgs' build argument 'catkin_cmake_args' from command line to 'None'
[0.315s] Level 5:colcon.colcon_core.verb:set package 'tello_msgs' build argument 'catkin_skip_building_tests' from command line to 'False'
[0.315s] DEBUG:colcon.colcon_core.verb:Building package 'tello_msgs' with the following arguments: {'ament_cmake_args': None, 'build_base': '/home/eeavir/tellocontrol/build/tello_msgs', 'catkin_cmake_args': None, 'catkin_skip_building_tests': False, 'cmake_args': None, 'cmake_clean_cache': False, 'cmake_clean_first': False, 'cmake_force_configure': False, 'cmake_target': None, 'cmake_target_skip_unavailable': False, 'install_base': '/home/eeavir/tellocontrol/install/tello_msgs', 'merge_install': False, 'path': '/home/eeavir/tellocontrol/src/drone_racing_ros2/tello_ros/tello_msgs', 'symlink_install': False, 'test_result_base': None}
[0.315s] Level 5:colcon.colcon_core.verb:set package 'tello_driver' build argument 'cmake_args' from command line to 'None'
[0.315s] Level 5:colcon.colcon_core.verb:set package 'tello_driver' build argument 'cmake_target' from command line to 'None'
[0.315s] Level 5:colcon.colcon_core.verb:set package 'tello_driver' build argument 'cmake_target_skip_unavailable' from command line to 'False'
[0.315s] Level 5:colcon.colcon_core.verb:set package 'tello_driver' build argument 'cmake_clean_cache' from command line to 'False'
[0.315s] Level 5:colcon.colcon_core.verb:set package 'tello_driver' build argument 'cmake_clean_first' from command line to 'False'
[0.315s] Level 5:colcon.colcon_core.verb:set package 'tello_driver' build argument 'cmake_force_configure' from command line to 'False'
[0.315s] Level 5:colcon.colcon_core.verb:set package 'tello_driver' build argument 'ament_cmake_args' from command line to 'None'
[0.315s] Level 5:colcon.colcon_core.verb:set package 'tello_driver' build argument 'catkin_cmake_args' from command line to 'None'
[0.315s] Level 5:colcon.colcon_core.verb:set package 'tello_driver' build argument 'catkin_skip_building_tests' from command line to 'False'
[0.315s] DEBUG:colcon.colcon_core.verb:Building package 'tello_driver' with the following arguments: {'ament_cmake_args': None, 'build_base': '/home/eeavir/tellocontrol/build/tello_driver', 'catkin_cmake_args': None, 'catkin_skip_building_tests': False, 'cmake_args': None, 'cmake_clean_cache': False, 'cmake_clean_first': False, 'cmake_force_configure': False, 'cmake_target': None, 'cmake_target_skip_unavailable': False, 'install_base': '/home/eeavir/tellocontrol/install/tello_driver', 'merge_install': False, 'path': '/home/eeavir/tellocontrol/src/drone_racing_ros2/tello_ros/tello_driver', 'symlink_install': False, 'test_result_base': None}
[0.316s] Level 5:colcon.colcon_core.verb:set package 'tello_gazebo' build argument 'cmake_args' from command line to 'None'
[0.316s] Level 5:colcon.colcon_core.verb:set package 'tello_gazebo' build argument 'cmake_target' from command line to 'None'
[0.316s] Level 5:colcon.colcon_core.verb:set package 'tello_gazebo' build argument 'cmake_target_skip_unavailable' from command line to 'False'
[0.316s] Level 5:colcon.colcon_core.verb:set package 'tello_gazebo' build argument 'cmake_clean_cache' from command line to 'False'
[0.316s] Level 5:colcon.colcon_core.verb:set package 'tello_gazebo' build argument 'cmake_clean_first' from command line to 'False'
[0.316s] Level 5:colcon.colcon_core.verb:set package 'tello_gazebo' build argument 'cmake_force_configure' from command line to 'False'
[0.316s] Level 5:colcon.colcon_core.verb:set package 'tello_gazebo' build argument 'ament_cmake_args' from command line to 'None'
[0.316s] Level 5:colcon.colcon_core.verb:set package 'tello_gazebo' build argument 'catkin_cmake_args' from command line to 'None'
[0.316s] Level 5:colcon.colcon_core.verb:set package 'tello_gazebo' build argument 'catkin_skip_building_tests' from command line to 'False'
[0.316s] DEBUG:colcon.colcon_core.verb:Building package 'tello_gazebo' with the following arguments: {'ament_cmake_args': None, 'build_base': '/home/eeavir/tellocontrol/build/tello_gazebo', 'catkin_cmake_args': None, 'catkin_skip_building_tests': False, 'cmake_args': None, 'cmake_clean_cache': False, 'cmake_clean_first': False, 'cmake_force_configure': False, 'cmake_target': None, 'cmake_target_skip_unavailable': False, 'install_base': '/home/eeavir/tellocontrol/install/tello_gazebo', 'merge_install': False, 'path': '/home/eeavir/tellocontrol/src/drone_racing_ros2/tello_ros/tello_gazebo', 'symlink_install': False, 'test_result_base': None}
[0.316s] INFO:colcon.colcon_core.executor:Executing jobs using 'parallel' executor
[0.317s] DEBUG:colcon.colcon_parallel_executor.executor.parallel:run_until_complete
[0.317s] INFO:colcon.colcon_ros.task.ament_cmake.build:Building ROS package in '/home/eeavir/tellocontrol/src/drone_racing_ros2/tello_ros/tello_msgs' with build type 'ament_cmake'
[0.317s] INFO:colcon.colcon_cmake.task.cmake.build:Building CMake package in '/home/eeavir/tellocontrol/src/drone_racing_ros2/tello_ros/tello_msgs'
[0.319s] INFO:colcon.colcon_core.plugin_system:Skipping extension 'colcon_core.shell.bat': Not used on non-Windows systems
[0.319s] INFO:colcon.colcon_core.shell:Skip shell extension 'powershell' for command environment: Not usable outside of PowerShell
[0.319s] DEBUG:colcon.colcon_core.shell:Skip shell extension 'dsv' for command environment
[0.323s] INFO:colcon.colcon_ros.task.ament_cmake.build:Building ROS package in '/home/eeavir/tellocontrol/src/drone_racing_ros2/ros2_shared' with build type 'ament_cmake'
[0.323s] INFO:colcon.colcon_cmake.task.cmake.build:Building CMake package in '/home/eeavir/tellocontrol/src/drone_racing_ros2/ros2_shared'
[0.323s] INFO:colcon.colcon_core.shell:Skip shell extension 'powershell' for command environment: Not usable outside of PowerShell
[0.323s] DEBUG:colcon.colcon_core.shell:Skip shell extension 'dsv' for command environment
[0.327s] INFO:colcon.colcon_ros.task.ament_python.build:Building ROS package in '/home/eeavir/tellocontrol/src/own_package' with build type 'ament_python'
[0.327s] Level 1:colcon.colcon_core.shell:create_environment_hook('own_package', 'ament_prefix_path')
[0.328s] INFO:colcon.colcon_core.shell:Creating environment hook '/home/eeavir/tellocontrol/install/own_package/share/own_package/hook/ament_prefix_path.ps1'
[0.329s] INFO:colcon.colcon_core.shell:Creating environment descriptor '/home/eeavir/tellocontrol/install/own_package/share/own_package/hook/ament_prefix_path.dsv'
[0.329s] INFO:colcon.colcon_core.shell:Creating environment hook '/home/eeavir/tellocontrol/install/own_package/share/own_package/hook/ament_prefix_path.sh'
[0.330s] INFO:colcon.colcon_core.shell:Skip shell extension 'powershell' for command environment: Not usable outside of PowerShell
[0.330s] DEBUG:colcon.colcon_core.shell:Skip shell extension 'dsv' for command environment
[0.334s] INFO:colcon.colcon_ros.task.ament_cmake.build:Building ROS package in '/home/eeavir/tellocontrol/src/drone_racing_ros2/tello_ros/tello_description' with build type 'ament_cmake'
[0.334s] INFO:colcon.colcon_cmake.task.cmake.build:Building CMake package in '/home/eeavir/tellocontrol/src/drone_racing_ros2/tello_ros/tello_description'
[0.335s] INFO:colcon.colcon_core.shell:Skip shell extension 'powershell' for command environment: Not usable outside of PowerShell
[0.335s] DEBUG:colcon.colcon_core.shell:Skip shell extension 'dsv' for command environment
[0.344s] DEBUG:colcon.colcon_core.event_handler.log_command:Invoking command in '/home/eeavir/tellocontrol/build/tello_msgs': CMAKE_PREFIX_PATH=${CMAKE_PREFIX_PATH}:/home/eeavir/tellocontrol/install/own_package:/opt/ros/galactic /usr/bin/cmake --build /home/eeavir/tellocontrol/build/tello_msgs -- -j8 -l8
[0.347s] DEBUG:colcon.colcon_core.event_handler.log_command:Invoking command in '/home/eeavir/tellocontrol/build/ros2_shared': CMAKE_PREFIX_PATH=${CMAKE_PREFIX_PATH}:/home/eeavir/tellocontrol/install/own_package:/opt/ros/galactic /usr/bin/cmake --build /home/eeavir/tellocontrol/build/ros2_shared -- -j8 -l8
[0.509s] INFO:colcon.colcon_core.task.python.build:Building Python package in '/home/eeavir/tellocontrol/src/own_package'
[0.510s] INFO:colcon.colcon_core.shell:Skip shell extension 'powershell' for command environment: Not usable outside of PowerShell
[0.510s] DEBUG:colcon.colcon_core.shell:Skip shell extension 'dsv' for command environment
[0.520s] DEBUG:colcon.colcon_core.event_handler.log_command:Invoking command in '/home/eeavir/tellocontrol/build/tello_description': CMAKE_PREFIX_PATH=${CMAKE_PREFIX_PATH}:/home/eeavir/tellocontrol/install/own_package:/opt/ros/galactic /usr/bin/cmake --build /home/eeavir/tellocontrol/build/tello_description -- -j8 -l8
[0.522s] DEBUG:colcon.colcon_core.event_handler.log_command:Invoked command in '/home/eeavir/tellocontrol/build/ros2_shared' returned '0': CMAKE_PREFIX_PATH=${CMAKE_PREFIX_PATH}:/home/eeavir/tellocontrol/install/own_package:/opt/ros/galactic /usr/bin/cmake --build /home/eeavir/tellocontrol/build/ros2_shared -- -j8 -l8
[0.531s] DEBUG:colcon.colcon_core.event_handler.log_command:Invoking command in '/home/eeavir/tellocontrol/build/ros2_shared': CMAKE_PREFIX_PATH=${CMAKE_PREFIX_PATH}:/home/eeavir/tellocontrol/install/own_package:/opt/ros/galactic /usr/bin/cmake --install /home/eeavir/tellocontrol/build/ros2_shared
[0.541s] Level 1:colcon.colcon_core.environment:create_environment_scripts_only(ros2_shared)
[0.542s] DEBUG:colcon.colcon_core.event_handler.log_command:Invoked command in '/home/eeavir/tellocontrol/build/ros2_shared' returned '0': CMAKE_PREFIX_PATH=${CMAKE_PREFIX_PATH}:/home/eeavir/tellocontrol/install/own_package:/opt/ros/galactic /usr/bin/cmake --install /home/eeavir/tellocontrol/build/ros2_shared
[0.545s] Level 1:colcon.colcon_core.environment:checking '/home/eeavir/tellocontrol/install/ros2_shared' for CMake module files
[0.545s] Level 1:colcon.colcon_core.environment:checking '/home/eeavir/tellocontrol/install/ros2_shared' for CMake config files
[0.545s] Level 1:colcon.colcon_core.shell:create_environment_hook('ros2_shared', 'cmake_prefix_path')
[0.545s] INFO:colcon.colcon_core.shell:Creating environment hook '/home/eeavir/tellocontrol/install/ros2_shared/share/ros2_shared/hook/cmake_prefix_path.ps1'
[0.546s] INFO:colcon.colcon_core.shell:Creating environment descriptor '/home/eeavir/tellocontrol/install/ros2_shared/share/ros2_shared/hook/cmake_prefix_path.dsv'
[0.546s] INFO:colcon.colcon_core.shell:Creating environment hook '/home/eeavir/tellocontrol/install/ros2_shared/share/ros2_shared/hook/cmake_prefix_path.sh'
[0.547s] Level 1:colcon.colcon_core.environment:checking '/home/eeavir/tellocontrol/install/ros2_shared/bin'
[0.547s] Level 1:colcon.colcon_core.environment:checking '/home/eeavir/tellocontrol/install/ros2_shared/lib/pkgconfig/ros2_shared.pc'
[0.547s] Level 1:colcon.colcon_core.environment:checking '/home/eeavir/tellocontrol/install/ros2_shared/lib/python3.8/site-packages'
[0.547s] Level 1:colcon.colcon_core.environment:checking '/home/eeavir/tellocontrol/install/ros2_shared/bin'
[0.547s] INFO:colcon.colcon_core.shell:Creating package script '/home/eeavir/tellocontrol/install/ros2_shared/share/ros2_shared/package.ps1'
[0.548s] INFO:colcon.colcon_core.shell:Creating package descriptor '/home/eeavir/tellocontrol/install/ros2_shared/share/ros2_shared/package.dsv'
[0.549s] INFO:colcon.colcon_core.shell:Creating package script '/home/eeavir/tellocontrol/install/ros2_shared/share/ros2_shared/package.sh'
[0.549s] INFO:colcon.colcon_core.shell:Creating package script '/home/eeavir/tellocontrol/install/ros2_shared/share/ros2_shared/package.bash'
[0.550s] INFO:colcon.colcon_core.shell:Creating package script '/home/eeavir/tellocontrol/install/ros2_shared/share/ros2_shared/package.zsh'
[0.551s] Level 1:colcon.colcon_core.environment:create_file_with_runtime_dependencies(/home/eeavir/tellocontrol/install/ros2_shared/share/colcon-core/packages/ros2_shared)
[0.552s] Level 1:colcon.colcon_core.environment:create_environment_scripts_only(ros2_shared)
[0.552s] Level 1:colcon.colcon_core.environment:checking '/home/eeavir/tellocontrol/install/ros2_shared' for CMake module files
[0.553s] Level 1:colcon.colcon_core.environment:checking '/home/eeavir/tellocontrol/install/ros2_shared' for CMake config files
[0.553s] Level 1:colcon.colcon_core.shell:create_environment_hook('ros2_shared', 'cmake_prefix_path')
[0.553s] INFO:colcon.colcon_core.shell:Creating environment hook '/home/eeavir/tellocontrol/install/ros2_shared/share/ros2_shared/hook/cmake_prefix_path.ps1'
[0.554s] INFO:colcon.colcon_core.shell:Creating environment descriptor '/home/eeavir/tellocontrol/install/ros2_shared/share/ros2_shared/hook/cmake_prefix_path.dsv'
[0.554s] INFO:colcon.colcon_core.shell:Creating environment hook '/home/eeavir/tellocontrol/install/ros2_shared/share/ros2_shared/hook/cmake_prefix_path.sh'
[0.554s] Level 1:colcon.colcon_core.environment:checking '/home/eeavir/tellocontrol/install/ros2_shared/bin'
[0.554s] Level 1:colcon.colcon_core.environment:checking '/home/eeavir/tellocontrol/install/ros2_shared/lib/pkgconfig/ros2_shared.pc'
[0.555s] Level 1:colcon.colcon_core.environment:checking '/home/eeavir/tellocontrol/install/ros2_shared/lib/python3.8/site-packages'
[0.555s] Level 1:colcon.colcon_core.environment:checking '/home/eeavir/tellocontrol/install/ros2_shared/bin'
[0.555s] INFO:colcon.colcon_core.shell:Creating package script '/home/eeavir/tellocontrol/install/ros2_shared/share/ros2_shared/package.ps1'
[0.556s] INFO:colcon.colcon_core.shell:Creating package descriptor '/home/eeavir/tellocontrol/install/ros2_shared/share/ros2_shared/package.dsv'
[0.556s] INFO:colcon.colcon_core.shell:Creating package script '/home/eeavir/tellocontrol/install/ros2_shared/share/ros2_shared/package.sh'
[0.556s] INFO:colcon.colcon_core.shell:Creating package script '/home/eeavir/tellocontrol/install/ros2_shared/share/ros2_shared/package.bash'
[0.557s] INFO:colcon.colcon_core.shell:Creating package script '/home/eeavir/tellocontrol/install/ros2_shared/share/ros2_shared/package.zsh'
[0.557s] Level 1:colcon.colcon_core.environment:create_file_with_runtime_dependencies(/home/eeavir/tellocontrol/install/ros2_shared/share/colcon-core/packages/ros2_shared)
[0.835s] DEBUG:colcon.colcon_core.event_handler.log_command:Invoked command in '/home/eeavir/tellocontrol/build/tello_description' returned '0': CMAKE_PREFIX_PATH=${CMAKE_PREFIX_PATH}:/home/eeavir/tellocontrol/install/own_package:/opt/ros/galactic /usr/bin/cmake --build /home/eeavir/tellocontrol/build/tello_description -- -j8 -l8
[0.837s] DEBUG:colcon.colcon_core.event_handler.log_command:Invoking command in '/home/eeavir/tellocontrol/build/tello_description': CMAKE_PREFIX_PATH=${CMAKE_PREFIX_PATH}:/home/eeavir/tellocontrol/install/own_package:/opt/ros/galactic /usr/bin/cmake --install /home/eeavir/tellocontrol/build/tello_description
[0.849s] Level 1:colcon.colcon_core.environment:create_environment_scripts_only(tello_description)
[0.850s] Level 1:colcon.colcon_core.environment:checking '/home/eeavir/tellocontrol/install/tello_description' for CMake module files
[0.850s] DEBUG:colcon.colcon_core.event_handler.log_command:Invoked command in '/home/eeavir/tellocontrol/build/tello_description' returned '0': CMAKE_PREFIX_PATH=${CMAKE_PREFIX_PATH}:/home/eeavir/tellocontrol/install/own_package:/opt/ros/galactic /usr/bin/cmake --install /home/eeavir/tellocontrol/build/tello_description
[0.851s] Level 1:colcon.colcon_core.environment:checking '/home/eeavir/tellocontrol/install/tello_description' for CMake config files
[0.851s] Level 1:colcon.colcon_core.shell:create_environment_hook('tello_description', 'cmake_prefix_path')
[0.851s] INFO:colcon.colcon_core.shell:Creating environment hook '/home/eeavir/tellocontrol/install/tello_description/share/tello_description/hook/cmake_prefix_path.ps1'
[0.852s] INFO:colcon.colcon_core.shell:Creating environment descriptor '/home/eeavir/tellocontrol/install/tello_description/share/tello_description/hook/cmake_prefix_path.dsv'
[0.852s] INFO:colcon.colcon_core.shell:Creating environment hook '/home/eeavir/tellocontrol/install/tello_description/share/tello_description/hook/cmake_prefix_path.sh'
[0.852s] Level 1:colcon.colcon_core.environment:checking '/home/eeavir/tellocontrol/install/tello_description/bin'
[0.852s] Level 1:colcon.colcon_core.environment:checking '/home/eeavir/tellocontrol/install/tello_description/lib/pkgconfig/tello_description.pc'
[0.853s] Level 1:colcon.colcon_core.environment:checking '/home/eeavir/tellocontrol/install/tello_description/lib/python3.8/site-packages'
[0.853s] Level 1:colcon.colcon_core.environment:checking '/home/eeavir/tellocontrol/install/tello_description/bin'
[0.853s] INFO:colcon.colcon_core.shell:Creating package script '/home/eeavir/tellocontrol/install/tello_description/share/tello_description/package.ps1'
[0.854s] INFO:colcon.colcon_core.shell:Creating package descriptor '/home/eeavir/tellocontrol/install/tello_description/share/tello_description/package.dsv'
[0.854s] INFO:colcon.colcon_core.shell:Creating package script '/home/eeavir/tellocontrol/install/tello_description/share/tello_description/package.sh'
[0.855s] INFO:colcon.colcon_core.shell:Creating package script '/home/eeavir/tellocontrol/install/tello_description/share/tello_description/package.bash'
[0.855s] INFO:colcon.colcon_core.shell:Creating package script '/home/eeavir/tellocontrol/install/tello_description/share/tello_description/package.zsh'
[0.855s] Level 1:colcon.colcon_core.environment:create_file_with_runtime_dependencies(/home/eeavir/tellocontrol/install/tello_description/share/colcon-core/packages/tello_description)
[0.856s] Level 1:colcon.colcon_core.environment:create_environment_scripts_only(tello_description)
[0.856s] Level 1:colcon.colcon_core.environment:checking '/home/eeavir/tellocontrol/install/tello_description' for CMake module files
[0.856s] Level 1:colcon.colcon_core.environment:checking '/home/eeavir/tellocontrol/install/tello_description' for CMake config files
[0.856s] Level 1:colcon.colcon_core.shell:create_environment_hook('tello_description', 'cmake_prefix_path')
[0.857s] INFO:colcon.colcon_core.shell:Creating environment hook '/home/eeavir/tellocontrol/install/tello_description/share/tello_description/hook/cmake_prefix_path.ps1'
[0.857s] INFO:colcon.colcon_core.shell:Creating environment descriptor '/home/eeavir/tellocontrol/install/tello_description/share/tello_description/hook/cmake_prefix_path.dsv'
[0.857s] INFO:colcon.colcon_core.shell:Creating environment hook '/home/eeavir/tellocontrol/install/tello_description/share/tello_description/hook/cmake_prefix_path.sh'
[0.858s] Level 1:colcon.colcon_core.environment:checking '/home/eeavir/tellocontrol/install/tello_description/bin'
[0.858s] Level 1:colcon.colcon_core.environment:checking '/home/eeavir/tellocontrol/install/tello_description/lib/pkgconfig/tello_description.pc'
[0.858s] Level 1:colcon.colcon_core.environment:checking '/home/eeavir/tellocontrol/install/tello_description/lib/python3.8/site-packages'
[0.858s] Level 1:colcon.colcon_core.environment:checking '/home/eeavir/tellocontrol/install/tello_description/bin'
[0.858s] INFO:colcon.colcon_core.shell:Creating package script '/home/eeavir/tellocontrol/install/tello_description/share/tello_description/package.ps1'
[0.858s] INFO:colcon.colcon_core.shell:Creating package descriptor '/home/eeavir/tellocontrol/install/tello_description/share/tello_description/package.dsv'
[0.859s] INFO:colcon.colcon_core.shell:Creating package script '/home/eeavir/tellocontrol/install/tello_description/share/tello_description/package.sh'
[0.859s] INFO:colcon.colcon_core.shell:Creating package script '/home/eeavir/tellocontrol/install/tello_description/share/tello_description/package.bash'
[0.859s] INFO:colcon.colcon_core.shell:Creating package script '/home/eeavir/tellocontrol/install/tello_description/share/tello_description/package.zsh'
[0.860s] Level 1:colcon.colcon_core.environment:create_file_with_runtime_dependencies(/home/eeavir/tellocontrol/install/tello_description/share/colcon-core/packages/tello_description)
[0.933s] DEBUG:colcon.colcon_core.event_handler.log_command:Invoking command in '/home/eeavir/tellocontrol/src/own_package': PYTHONPATH=/home/eeavir/tellocontrol/build/own_package/prefix_override:/usr/lib/python3/dist-packages/colcon_core/task/python/colcon_distutils_commands:/home/eeavir/tellocontrol/install/own_package/lib/python3.8/site-packages:${PYTHONPATH} /usr/bin/python3 -W ignore:setup.py install is deprecated -W ignore:easy_install command is deprecated setup.py egg_info --egg-base ../../build/own_package build --build-base /home/eeavir/tellocontrol/build/own_package/build install --record /home/eeavir/tellocontrol/build/own_package/install.log --single-version-externally-managed install_data
[1.168s] Level 1:colcon.colcon_core.environment:checking '/home/eeavir/tellocontrol/install/own_package' for CMake module files
[1.168s] Level 1:colcon.colcon_core.environment:checking '/home/eeavir/tellocontrol/install/own_package' for CMake config files
[1.169s] Level 1:colcon.colcon_core.environment:checking '/home/eeavir/tellocontrol/install/own_package/lib'
[1.169s] Level 1:colcon.colcon_core.environment:checking '/home/eeavir/tellocontrol/install/own_package/bin'
[1.169s] Level 1:colcon.colcon_core.environment:checking '/home/eeavir/tellocontrol/install/own_package/lib/pkgconfig/own_package.pc'
[1.170s] Level 1:colcon.colcon_core.environment:checking '/home/eeavir/tellocontrol/install/own_package/lib/python3.8/site-packages'
[1.170s] Level 1:colcon.colcon_core.shell:create_environment_hook('own_package', 'pythonpath')
[1.170s] INFO:colcon.colcon_core.shell:Creating environment hook '/home/eeavir/tellocontrol/install/own_package/share/own_package/hook/pythonpath.ps1'
[1.171s] INFO:colcon.colcon_core.shell:Creating environment descriptor '/home/eeavir/tellocontrol/install/own_package/share/own_package/hook/pythonpath.dsv'
[1.171s] INFO:colcon.colcon_core.shell:Creating environment hook '/home/eeavir/tellocontrol/install/own_package/share/own_package/hook/pythonpath.sh'
[1.172s] Level 1:colcon.colcon_core.environment:checking '/home/eeavir/tellocontrol/install/own_package/bin'
[1.172s] Level 1:colcon.colcon_core.environment:create_environment_scripts_only(own_package)
[1.172s] INFO:colcon.colcon_core.shell:Creating package script '/home/eeavir/tellocontrol/install/own_package/share/own_package/package.ps1'
[1.173s] DEBUG:colcon.colcon_core.event_handler.log_command:Invoked command in '/home/eeavir/tellocontrol/src/own_package' returned '0': PYTHONPATH=/home/eeavir/tellocontrol/build/own_package/prefix_override:/usr/lib/python3/dist-packages/colcon_core/task/python/colcon_distutils_commands:/home/eeavir/tellocontrol/install/own_package/lib/python3.8/site-packages:${PYTHONPATH} /usr/bin/python3 -W ignore:setup.py install is deprecated -W ignore:easy_install command is deprecated setup.py egg_info --egg-base ../../build/own_package build --build-base /home/eeavir/tellocontrol/build/own_package/build install --record /home/eeavir/tellocontrol/build/own_package/install.log --single-version-externally-managed install_data
[1.173s] INFO:colcon.colcon_core.shell:Creating package descriptor '/home/eeavir/tellocontrol/install/own_package/share/own_package/package.dsv'
[1.174s] INFO:colcon.colcon_core.shell:Creating package script '/home/eeavir/tellocontrol/install/own_package/share/own_package/package.sh'
[1.174s] INFO:colcon.colcon_core.shell:Creating package script '/home/eeavir/tellocontrol/install/own_package/share/own_package/package.bash'
[1.175s] INFO:colcon.colcon_core.shell:Creating package script '/home/eeavir/tellocontrol/install/own_package/share/own_package/package.zsh'
[1.175s] Level 1:colcon.colcon_core.environment:create_file_with_runtime_dependencies(/home/eeavir/tellocontrol/install/own_package/share/colcon-core/packages/own_package)
[1.321s] DEBUG:colcon.colcon_core.event_handler.log_command:Invoked command in '/home/eeavir/tellocontrol/build/tello_msgs' returned '0': CMAKE_PREFIX_PATH=${CMAKE_PREFIX_PATH}:/home/eeavir/tellocontrol/install/own_package:/opt/ros/galactic /usr/bin/cmake --build /home/eeavir/tellocontrol/build/tello_msgs -- -j8 -l8
[1.321s] DEBUG:colcon.colcon_core.event_handler.log_command:Invoking command in '/home/eeavir/tellocontrol/build/tello_msgs': CMAKE_PREFIX_PATH=${CMAKE_PREFIX_PATH}:/home/eeavir/tellocontrol/install/own_package:/opt/ros/galactic /usr/bin/cmake --install /home/eeavir/tellocontrol/build/tello_msgs
[1.364s] Level 1:colcon.colcon_core.environment:create_environment_scripts_only(tello_msgs)
[1.364s] Level 1:colcon.colcon_core.environment:checking '/home/eeavir/tellocontrol/install/tello_msgs' for CMake module files
[1.364s] DEBUG:colcon.colcon_core.event_handler.log_command:Invoked command in '/home/eeavir/tellocontrol/build/tello_msgs' returned '0': CMAKE_PREFIX_PATH=${CMAKE_PREFIX_PATH}:/home/eeavir/tellocontrol/install/own_package:/opt/ros/galactic /usr/bin/cmake --install /home/eeavir/tellocontrol/build/tello_msgs
[1.365s] Level 1:colcon.colcon_core.environment:checking '/home/eeavir/tellocontrol/install/tello_msgs' for CMake config files
[1.365s] Level 1:colcon.colcon_core.shell:create_environment_hook('tello_msgs', 'cmake_prefix_path')
[1.365s] INFO:colcon.colcon_core.shell:Creating environment hook '/home/eeavir/tellocontrol/install/tello_msgs/share/tello_msgs/hook/cmake_prefix_path.ps1'
[1.366s] INFO:colcon.colcon_core.shell:Creating environment descriptor '/home/eeavir/tellocontrol/install/tello_msgs/share/tello_msgs/hook/cmake_prefix_path.dsv'
[1.366s] INFO:colcon.colcon_core.shell:Creating environment hook '/home/eeavir/tellocontrol/install/tello_msgs/share/tello_msgs/hook/cmake_prefix_path.sh'
[1.366s] Level 1:colcon.colcon_core.environment:checking '/home/eeavir/tellocontrol/install/tello_msgs/lib'
[1.366s] Level 1:colcon.colcon_core.shell:create_environment_hook('tello_msgs', 'ld_library_path_lib')
[1.366s] INFO:colcon.colcon_core.shell:Creating environment hook '/home/eeavir/tellocontrol/install/tello_msgs/share/tello_msgs/hook/ld_library_path_lib.ps1'
[1.367s] INFO:colcon.colcon_core.shell:Creating environment descriptor '/home/eeavir/tellocontrol/install/tello_msgs/share/tello_msgs/hook/ld_library_path_lib.dsv'
[1.367s] INFO:colcon.colcon_core.shell:Creating environment hook '/home/eeavir/tellocontrol/install/tello_msgs/share/tello_msgs/hook/ld_library_path_lib.sh'
[1.367s] Level 1:colcon.colcon_core.environment:checking '/home/eeavir/tellocontrol/install/tello_msgs/bin'
[1.367s] Level 1:colcon.colcon_core.environment:checking '/home/eeavir/tellocontrol/install/tello_msgs/lib/pkgconfig/tello_msgs.pc'
[1.367s] Level 1:colcon.colcon_core.environment:checking '/home/eeavir/tellocontrol/install/tello_msgs/lib/python3.8/site-packages'
[1.367s] Level 1:colcon.colcon_core.shell:create_environment_hook('tello_msgs', 'pythonpath')
[1.368s] INFO:colcon.colcon_core.shell:Creating environment hook '/home/eeavir/tellocontrol/install/tello_msgs/share/tello_msgs/hook/pythonpath.ps1'
[1.368s] INFO:colcon.colcon_core.shell:Creating environment descriptor '/home/eeavir/tellocontrol/install/tello_msgs/share/tello_msgs/hook/pythonpath.dsv'
[1.369s] INFO:colcon.colcon_core.shell:Creating environment hook '/home/eeavir/tellocontrol/install/tello_msgs/share/tello_msgs/hook/pythonpath.sh'
[1.369s] Level 1:colcon.colcon_core.environment:checking '/home/eeavir/tellocontrol/install/tello_msgs/bin'
[1.369s] INFO:colcon.colcon_core.shell:Creating package script '/home/eeavir/tellocontrol/install/tello_msgs/share/tello_msgs/package.ps1'
[1.370s] INFO:colcon.colcon_core.shell:Creating package descriptor '/home/eeavir/tellocontrol/install/tello_msgs/share/tello_msgs/package.dsv'
[1.370s] INFO:colcon.colcon_core.shell:Creating package script '/home/eeavir/tellocontrol/install/tello_msgs/share/tello_msgs/package.sh'
[1.370s] INFO:colcon.colcon_core.shell:Creating package script '/home/eeavir/tellocontrol/install/tello_msgs/share/tello_msgs/package.bash'
[1.371s] INFO:colcon.colcon_core.shell:Creating package script '/home/eeavir/tellocontrol/install/tello_msgs/share/tello_msgs/package.zsh'
[1.371s] Level 1:colcon.colcon_core.environment:create_file_with_runtime_dependencies(/home/eeavir/tellocontrol/install/tello_msgs/share/colcon-core/packages/tello_msgs)
[1.371s] Level 1:colcon.colcon_core.environment:create_environment_scripts_only(tello_msgs)
[1.371s] Level 1:colcon.colcon_core.environment:checking '/home/eeavir/tellocontrol/install/tello_msgs' for CMake module files
[1.372s] Level 1:colcon.colcon_core.environment:checking '/home/eeavir/tellocontrol/install/tello_msgs' for CMake config files
[1.372s] Level 1:colcon.colcon_core.shell:create_environment_hook('tello_msgs', 'cmake_prefix_path')
[1.372s] INFO:colcon.colcon_core.shell:Creating environment hook '/home/eeavir/tellocontrol/install/tello_msgs/share/tello_msgs/hook/cmake_prefix_path.ps1'
[1.372s] INFO:colcon.colcon_core.shell:Creating environment descriptor '/home/eeavir/tellocontrol/install/tello_msgs/share/tello_msgs/hook/cmake_prefix_path.dsv'
[1.373s] INFO:colcon.colcon_core.shell:Creating environment hook '/home/eeavir/tellocontrol/install/tello_msgs/share/tello_msgs/hook/cmake_prefix_path.sh'
[1.373s] Level 1:colcon.colcon_core.environment:checking '/home/eeavir/tellocontrol/install/tello_msgs/lib'
[1.373s] Level 1:colcon.colcon_core.shell:create_environment_hook('tello_msgs', 'ld_library_path_lib')
[1.373s] INFO:colcon.colcon_core.shell:Creating environment hook '/home/eeavir/tellocontrol/install/tello_msgs/share/tello_msgs/hook/ld_library_path_lib.ps1'
[1.373s] INFO:colcon.colcon_core.shell:Creating environment descriptor '/home/eeavir/tellocontrol/install/tello_msgs/share/tello_msgs/hook/ld_library_path_lib.dsv'
[1.374s] INFO:colcon.colcon_core.shell:Creating environment hook '/home/eeavir/tellocontrol/install/tello_msgs/share/tello_msgs/hook/ld_library_path_lib.sh'
[1.374s] Level 1:colcon.colcon_core.environment:checking '/home/eeavir/tellocontrol/install/tello_msgs/bin'
[1.374s] Level 1:colcon.colcon_core.environment:checking '/home/eeavir/tellocontrol/install/tello_msgs/lib/pkgconfig/tello_msgs.pc'
[1.374s] Level 1:colcon.colcon_core.environment:checking '/home/eeavir/tellocontrol/install/tello_msgs/lib/python3.8/site-packages'
[1.374s] Level 1:colcon.colcon_core.shell:create_environment_hook('tello_msgs', 'pythonpath')
[1.374s] INFO:colcon.colcon_core.shell:Creating environment hook '/home/eeavir/tellocontrol/install/tello_msgs/share/tello_msgs/hook/pythonpath.ps1'
[1.374s] INFO:colcon.colcon_core.shell:Creating environment descriptor '/home/eeavir/tellocontrol/install/tello_msgs/share/tello_msgs/hook/pythonpath.dsv'
[1.375s] INFO:colcon.colcon_core.shell:Creating environment hook '/home/eeavir/tellocontrol/install/tello_msgs/share/tello_msgs/hook/pythonpath.sh'
[1.375s] Level 1:colcon.colcon_core.environment:checking '/home/eeavir/tellocontrol/install/tello_msgs/bin'
[1.375s] INFO:colcon.colcon_core.shell:Creating package script '/home/eeavir/tellocontrol/install/tello_msgs/share/tello_msgs/package.ps1'
[1.375s] INFO:colcon.colcon_core.shell:Creating package descriptor '/home/eeavir/tellocontrol/install/tello_msgs/share/tello_msgs/package.dsv'
[1.376s] INFO:colcon.colcon_core.shell:Creating package script '/home/eeavir/tellocontrol/install/tello_msgs/share/tello_msgs/package.sh'
[1.376s] INFO:colcon.colcon_core.shell:Creating package script '/home/eeavir/tellocontrol/install/tello_msgs/share/tello_msgs/package.bash'
[1.376s] INFO:colcon.colcon_core.shell:Creating package script '/home/eeavir/tellocontrol/install/tello_msgs/share/tello_msgs/package.zsh'
[1.376s] Level 1:colcon.colcon_core.environment:create_file_with_runtime_dependencies(/home/eeavir/tellocontrol/install/tello_msgs/share/colcon-core/packages/tello_msgs)
[1.377s] INFO:colcon.colcon_ros.task.ament_cmake.build:Building ROS package in '/home/eeavir/tellocontrol/src/drone_racing_ros2/tello_ros/tello_driver' with build type 'ament_cmake'
[1.377s] INFO:colcon.colcon_cmake.task.cmake.build:Building CMake package in '/home/eeavir/tellocontrol/src/drone_racing_ros2/tello_ros/tello_driver'
[1.377s] INFO:colcon.colcon_core.shell:Skip shell extension 'powershell' for command environment: Not usable outside of PowerShell
[1.377s] DEBUG:colcon.colcon_core.shell:Skip shell extension 'dsv' for command environment
[1.381s] INFO:colcon.colcon_ros.task.ament_cmake.build:Building ROS package in '/home/eeavir/tellocontrol/src/drone_racing_ros2/tello_ros/tello_gazebo' with build type 'ament_cmake'
[1.381s] INFO:colcon.colcon_cmake.task.cmake.build:Building CMake package in '/home/eeavir/tellocontrol/src/drone_racing_ros2/tello_ros/tello_gazebo'
[1.381s] INFO:colcon.colcon_core.shell:Skip shell extension 'powershell' for command environment: Not usable outside of PowerShell
[1.382s] DEBUG:colcon.colcon_core.shell:Skip shell extension 'dsv' for command environment
[1.390s] DEBUG:colcon.colcon_core.event_handler.log_command:Invoking command in '/home/eeavir/tellocontrol/build/tello_driver': CMAKE_PREFIX_PATH=/home/eeavir/tellocontrol/install/tello_msgs:/home/eeavir/tellocontrol/install/ros2_shared:/home/eeavir/tellocontrol/install/tello_gazebo:/home/eeavir/tellocontrol/install/tello_driver:/home/eeavir/tellocontrol/install/tello_description:/home/eeavir/tellocontrol/install/own_package:/opt/ros/galactic LD_LIBRARY_PATH=/home/eeavir/tellocontrol/install/tello_msgs/lib:/home/eeavir/tellocontrol/install/tello_gazebo/lib:/home/eeavir/tellocontrol/install/tello_driver/lib:/usr/lib/x86_64-linux-gnu/gazebo-11/plugins:/opt/ros/galactic/opt/yaml_cpp_vendor/lib:/opt/ros/galactic/opt/rviz_ogre_vendor/lib:/opt/ros/galactic/lib/x86_64-linux-gnu:/opt/ros/galactic/lib:/usr/lib/x86_64-linux-gnu/gazebo-11/plugins /usr/bin/cmake --build /home/eeavir/tellocontrol/build/tello_driver -- -j8 -l8
[1.394s] DEBUG:colcon.colcon_core.event_handler.log_command:Invoking command in '/home/eeavir/tellocontrol/build/tello_gazebo': CMAKE_PREFIX_PATH=/home/eeavir/tellocontrol/install/tello_msgs:/home/eeavir/tellocontrol/install/tello_gazebo:/home/eeavir/tellocontrol/install/tello_driver:/home/eeavir/tellocontrol/install/tello_description:/home/eeavir/tellocontrol/install/ros2_shared:/home/eeavir/tellocontrol/install/own_package:/opt/ros/galactic LD_LIBRARY_PATH=/home/eeavir/tellocontrol/install/tello_msgs/lib:/home/eeavir/tellocontrol/install/tello_gazebo/lib:/home/eeavir/tellocontrol/install/tello_driver/lib:/usr/lib/x86_64-linux-gnu/gazebo-11/plugins:/opt/ros/galactic/opt/yaml_cpp_vendor/lib:/opt/ros/galactic/opt/rviz_ogre_vendor/lib:/opt/ros/galactic/lib/x86_64-linux-gnu:/opt/ros/galactic/lib:/usr/lib/x86_64-linux-gnu/gazebo-11/plugins /usr/bin/cmake --build /home/eeavir/tellocontrol/build/tello_gazebo -- -j8 -l8
[21.262s] DEBUG:colcon.colcon_core.event_handler.log_command:Invoked command in '/home/eeavir/tellocontrol/build/tello_driver' returned '0': CMAKE_PREFIX_PATH=/home/eeavir/tellocontrol/install/tello_msgs:/home/eeavir/tellocontrol/install/ros2_shared:/home/eeavir/tellocontrol/install/tello_gazebo:/home/eeavir/tellocontrol/install/tello_driver:/home/eeavir/tellocontrol/install/tello_description:/home/eeavir/tellocontrol/install/own_package:/opt/ros/galactic LD_LIBRARY_PATH=/home/eeavir/tellocontrol/install/tello_msgs/lib:/home/eeavir/tellocontrol/install/tello_gazebo/lib:/home/eeavir/tellocontrol/install/tello_driver/lib:/usr/lib/x86_64-linux-gnu/gazebo-11/plugins:/opt/ros/galactic/opt/yaml_cpp_vendor/lib:/opt/ros/galactic/opt/rviz_ogre_vendor/lib:/opt/ros/galactic/lib/x86_64-linux-gnu:/opt/ros/galactic/lib:/usr/lib/x86_64-linux-gnu/gazebo-11/plugins /usr/bin/cmake --build /home/eeavir/tellocontrol/build/tello_driver -- -j8 -l8
[21.264s] DEBUG:colcon.colcon_core.event_handler.log_command:Invoking command in '/home/eeavir/tellocontrol/build/tello_driver': CMAKE_PREFIX_PATH=/home/eeavir/tellocontrol/install/tello_msgs:/home/eeavir/tellocontrol/install/ros2_shared:/home/eeavir/tellocontrol/install/tello_gazebo:/home/eeavir/tellocontrol/install/tello_driver:/home/eeavir/tellocontrol/install/tello_description:/home/eeavir/tellocontrol/install/own_package:/opt/ros/galactic LD_LIBRARY_PATH=/home/eeavir/tellocontrol/install/tello_msgs/lib:/home/eeavir/tellocontrol/install/tello_gazebo/lib:/home/eeavir/tellocontrol/install/tello_driver/lib:/usr/lib/x86_64-linux-gnu/gazebo-11/plugins:/opt/ros/galactic/opt/yaml_cpp_vendor/lib:/opt/ros/galactic/opt/rviz_ogre_vendor/lib:/opt/ros/galactic/lib/x86_64-linux-gnu:/opt/ros/galactic/lib:/usr/lib/x86_64-linux-gnu/gazebo-11/plugins /usr/bin/cmake --install /home/eeavir/tellocontrol/build/tello_driver
[21.295s] Level 1:colcon.colcon_core.environment:create_environment_scripts_only(tello_driver)
[21.295s] Level 1:colcon.colcon_core.environment:checking '/home/eeavir/tellocontrol/install/tello_driver' for CMake module files
[21.296s] DEBUG:colcon.colcon_core.event_handler.log_command:Invoked command in '/home/eeavir/tellocontrol/build/tello_driver' returned '0': CMAKE_PREFIX_PATH=/home/eeavir/tellocontrol/install/tello_msgs:/home/eeavir/tellocontrol/install/ros2_shared:/home/eeavir/tellocontrol/install/tello_gazebo:/home/eeavir/tellocontrol/install/tello_driver:/home/eeavir/tellocontrol/install/tello_description:/home/eeavir/tellocontrol/install/own_package:/opt/ros/galactic LD_LIBRARY_PATH=/home/eeavir/tellocontrol/install/tello_msgs/lib:/home/eeavir/tellocontrol/install/tello_gazebo/lib:/home/eeavir/tellocontrol/install/tello_driver/lib:/usr/lib/x86_64-linux-gnu/gazebo-11/plugins:/opt/ros/galactic/opt/yaml_cpp_vendor/lib:/opt/ros/galactic/opt/rviz_ogre_vendor/lib:/opt/ros/galactic/lib/x86_64-linux-gnu:/opt/ros/galactic/lib:/usr/lib/x86_64-linux-gnu/gazebo-11/plugins /usr/bin/cmake --install /home/eeavir/tellocontrol/build/tello_driver
[21.296s] Level 1:colcon.colcon_core.environment:checking '/home/eeavir/tellocontrol/install/tello_driver' for CMake config files
[21.296s] Level 1:colcon.colcon_core.shell:create_environment_hook('tello_driver', 'cmake_prefix_path')
[21.296s] INFO:colcon.colcon_core.shell:Creating environment hook '/home/eeavir/tellocontrol/install/tello_driver/share/tello_driver/hook/cmake_prefix_path.ps1'
[21.297s] INFO:colcon.colcon_core.shell:Creating environment descriptor '/home/eeavir/tellocontrol/install/tello_driver/share/tello_driver/hook/cmake_prefix_path.dsv'
[21.297s] INFO:colcon.colcon_core.shell:Creating environment hook '/home/eeavir/tellocontrol/install/tello_driver/share/tello_driver/hook/cmake_prefix_path.sh'
[21.297s] Level 1:colcon.colcon_core.environment:checking '/home/eeavir/tellocontrol/install/tello_driver/lib'
[21.297s] Level 1:colcon.colcon_core.shell:create_environment_hook('tello_driver', 'ld_library_path_lib')
[21.298s] INFO:colcon.colcon_core.shell:Creating environment hook '/home/eeavir/tellocontrol/install/tello_driver/share/tello_driver/hook/ld_library_path_lib.ps1'
[21.298s] INFO:colcon.colcon_core.shell:Creating environment descriptor '/home/eeavir/tellocontrol/install/tello_driver/share/tello_driver/hook/ld_library_path_lib.dsv'
[21.298s] INFO:colcon.colcon_core.shell:Creating environment hook '/home/eeavir/tellocontrol/install/tello_driver/share/tello_driver/hook/ld_library_path_lib.sh'
[21.298s] Level 1:colcon.colcon_core.environment:checking '/home/eeavir/tellocontrol/install/tello_driver/bin'
[21.298s] Level 1:colcon.colcon_core.environment:checking '/home/eeavir/tellocontrol/install/tello_driver/lib/pkgconfig/tello_driver.pc'
[21.299s] Level 1:colcon.colcon_core.environment:checking '/home/eeavir/tellocontrol/install/tello_driver/lib/python3.8/site-packages'
[21.299s] Level 1:colcon.colcon_core.environment:checking '/home/eeavir/tellocontrol/install/tello_driver/bin'
[21.299s] INFO:colcon.colcon_core.shell:Creating package script '/home/eeavir/tellocontrol/install/tello_driver/share/tello_driver/package.ps1'
[21.299s] INFO:colcon.colcon_core.shell:Creating package descriptor '/home/eeavir/tellocontrol/install/tello_driver/share/tello_driver/package.dsv'
[21.300s] INFO:colcon.colcon_core.shell:Creating package script '/home/eeavir/tellocontrol/install/tello_driver/share/tello_driver/package.sh'
[21.300s] INFO:colcon.colcon_core.shell:Creating package script '/home/eeavir/tellocontrol/install/tello_driver/share/tello_driver/package.bash'
[21.300s] INFO:colcon.colcon_core.shell:Creating package script '/home/eeavir/tellocontrol/install/tello_driver/share/tello_driver/package.zsh'
[21.300s] Level 1:colcon.colcon_core.environment:create_file_with_runtime_dependencies(/home/eeavir/tellocontrol/install/tello_driver/share/colcon-core/packages/tello_driver)
[21.301s] Level 1:colcon.colcon_core.environment:create_environment_scripts_only(tello_driver)
[21.301s] Level 1:colcon.colcon_core.environment:checking '/home/eeavir/tellocontrol/install/tello_driver' for CMake module files
[21.301s] Level 1:colcon.colcon_core.environment:checking '/home/eeavir/tellocontrol/install/tello_driver' for CMake config files
[21.301s] Level 1:colcon.colcon_core.shell:create_environment_hook('tello_driver', 'cmake_prefix_path')
[21.301s] INFO:colcon.colcon_core.shell:Creating environment hook '/home/eeavir/tellocontrol/install/tello_driver/share/tello_driver/hook/cmake_prefix_path.ps1'
[21.302s] INFO:colcon.colcon_core.shell:Creating environment descriptor '/home/eeavir/tellocontrol/install/tello_driver/share/tello_driver/hook/cmake_prefix_path.dsv'
[21.302s] INFO:colcon.colcon_core.shell:Creating environment hook '/home/eeavir/tellocontrol/install/tello_driver/share/tello_driver/hook/cmake_prefix_path.sh'
[21.302s] Level 1:colcon.colcon_core.environment:checking '/home/eeavir/tellocontrol/install/tello_driver/lib'
[21.302s] Level 1:colcon.colcon_core.shell:create_environment_hook('tello_driver', 'ld_library_path_lib')
[21.303s] INFO:colcon.colcon_core.shell:Creating environment hook '/home/eeavir/tellocontrol/install/tello_driver/share/tello_driver/hook/ld_library_path_lib.ps1'
[21.303s] INFO:colcon.colcon_core.shell:Creating environment descriptor '/home/eeavir/tellocontrol/install/tello_driver/share/tello_driver/hook/ld_library_path_lib.dsv'
[21.303s] INFO:colcon.colcon_core.shell:Creating environment hook '/home/eeavir/tellocontrol/install/tello_driver/share/tello_driver/hook/ld_library_path_lib.sh'
[21.303s] Level 1:colcon.colcon_core.environment:checking '/home/eeavir/tellocontrol/install/tello_driver/bin'
[21.303s] Level 1:colcon.colcon_core.environment:checking '/home/eeavir/tellocontrol/install/tello_driver/lib/pkgconfig/tello_driver.pc'
[21.303s] Level 1:colcon.colcon_core.environment:checking '/home/eeavir/tellocontrol/install/tello_driver/lib/python3.8/site-packages'
[21.304s] Level 1:colcon.colcon_core.environment:checking '/home/eeavir/tellocontrol/install/tello_driver/bin'
[21.304s] INFO:colcon.colcon_core.shell:Creating package script '/home/eeavir/tellocontrol/install/tello_driver/share/tello_driver/package.ps1'
[21.304s] INFO:colcon.colcon_core.shell:Creating package descriptor '/home/eeavir/tellocontrol/install/tello_driver/share/tello_driver/package.dsv'
[21.304s] INFO:colcon.colcon_core.shell:Creating package script '/home/eeavir/tellocontrol/install/tello_driver/share/tello_driver/package.sh'
[21.305s] INFO:colcon.colcon_core.shell:Creating package script '/home/eeavir/tellocontrol/install/tello_driver/share/tello_driver/package.bash'
[21.305s] INFO:colcon.colcon_core.shell:Creating package script '/home/eeavir/tellocontrol/install/tello_driver/share/tello_driver/package.zsh'
[21.305s] Level 1:colcon.colcon_core.environment:create_file_with_runtime_dependencies(/home/eeavir/tellocontrol/install/tello_driver/share/colcon-core/packages/tello_driver)
[25.789s] DEBUG:colcon.colcon_core.event_handler.log_command:Invoked command in '/home/eeavir/tellocontrol/build/tello_gazebo' returned '0': CMAKE_PREFIX_PATH=/home/eeavir/tellocontrol/install/tello_msgs:/home/eeavir/tellocontrol/install/tello_gazebo:/home/eeavir/tellocontrol/install/tello_driver:/home/eeavir/tellocontrol/install/tello_description:/home/eeavir/tellocontrol/install/ros2_shared:/home/eeavir/tellocontrol/install/own_package:/opt/ros/galactic LD_LIBRARY_PATH=/home/eeavir/tellocontrol/install/tello_msgs/lib:/home/eeavir/tellocontrol/install/tello_gazebo/lib:/home/eeavir/tellocontrol/install/tello_driver/lib:/usr/lib/x86_64-linux-gnu/gazebo-11/plugins:/opt/ros/galactic/opt/yaml_cpp_vendor/lib:/opt/ros/galactic/opt/rviz_ogre_vendor/lib:/opt/ros/galactic/lib/x86_64-linux-gnu:/opt/ros/galactic/lib:/usr/lib/x86_64-linux-gnu/gazebo-11/plugins /usr/bin/cmake --build /home/eeavir/tellocontrol/build/tello_gazebo -- -j8 -l8
[25.791s] DEBUG:colcon.colcon_core.event_handler.log_command:Invoking command in '/home/eeavir/tellocontrol/build/tello_gazebo': CMAKE_PREFIX_PATH=/home/eeavir/tellocontrol/install/tello_msgs:/home/eeavir/tellocontrol/install/tello_gazebo:/home/eeavir/tellocontrol/install/tello_driver:/home/eeavir/tellocontrol/install/tello_description:/home/eeavir/tellocontrol/install/ros2_shared:/home/eeavir/tellocontrol/install/own_package:/opt/ros/galactic LD_LIBRARY_PATH=/home/eeavir/tellocontrol/install/tello_msgs/lib:/home/eeavir/tellocontrol/install/tello_gazebo/lib:/home/eeavir/tellocontrol/install/tello_driver/lib:/usr/lib/x86_64-linux-gnu/gazebo-11/plugins:/opt/ros/galactic/opt/yaml_cpp_vendor/lib:/opt/ros/galactic/opt/rviz_ogre_vendor/lib:/opt/ros/galactic/lib/x86_64-linux-gnu:/opt/ros/galactic/lib:/usr/lib/x86_64-linux-gnu/gazebo-11/plugins /usr/bin/cmake --install /home/eeavir/tellocontrol/build/tello_gazebo
[25.809s] Level 1:colcon.colcon_core.environment:create_environment_scripts_only(tello_gazebo)
[25.810s] Level 1:colcon.colcon_core.environment:checking '/home/eeavir/tellocontrol/install/tello_gazebo' for CMake module files
[25.810s] DEBUG:colcon.colcon_core.event_handler.log_command:Invoked command in '/home/eeavir/tellocontrol/build/tello_gazebo' returned '0': CMAKE_PREFIX_PATH=/home/eeavir/tellocontrol/install/tello_msgs:/home/eeavir/tellocontrol/install/tello_gazebo:/home/eeavir/tellocontrol/install/tello_driver:/home/eeavir/tellocontrol/install/tello_description:/home/eeavir/tellocontrol/install/ros2_shared:/home/eeavir/tellocontrol/install/own_package:/opt/ros/galactic LD_LIBRARY_PATH=/home/eeavir/tellocontrol/install/tello_msgs/lib:/home/eeavir/tellocontrol/install/tello_gazebo/lib:/home/eeavir/tellocontrol/install/tello_driver/lib:/usr/lib/x86_64-linux-gnu/gazebo-11/plugins:/opt/ros/galactic/opt/yaml_cpp_vendor/lib:/opt/ros/galactic/opt/rviz_ogre_vendor/lib:/opt/ros/galactic/lib/x86_64-linux-gnu:/opt/ros/galactic/lib:/usr/lib/x86_64-linux-gnu/gazebo-11/plugins /usr/bin/cmake --install /home/eeavir/tellocontrol/build/tello_gazebo
[25.810s] Level 1:colcon.colcon_core.environment:checking '/home/eeavir/tellocontrol/install/tello_gazebo' for CMake config files
[25.811s] Level 1:colcon.colcon_core.shell:create_environment_hook('tello_gazebo', 'cmake_prefix_path')
[25.811s] INFO:colcon.colcon_core.shell:Creating environment hook '/home/eeavir/tellocontrol/install/tello_gazebo/share/tello_gazebo/hook/cmake_prefix_path.ps1'
[25.811s] INFO:colcon.colcon_core.shell:Creating environment descriptor '/home/eeavir/tellocontrol/install/tello_gazebo/share/tello_gazebo/hook/cmake_prefix_path.dsv'
[25.812s] INFO:colcon.colcon_core.shell:Creating environment hook '/home/eeavir/tellocontrol/install/tello_gazebo/share/tello_gazebo/hook/cmake_prefix_path.sh'
[25.812s] Level 1:colcon.colcon_core.environment:checking '/home/eeavir/tellocontrol/install/tello_gazebo/lib'
[25.812s] Level 1:colcon.colcon_core.shell:create_environment_hook('tello_gazebo', 'ld_library_path_lib')
[25.812s] INFO:colcon.colcon_core.shell:Creating environment hook '/home/eeavir/tellocontrol/install/tello_gazebo/share/tello_gazebo/hook/ld_library_path_lib.ps1'
[25.813s] INFO:colcon.colcon_core.shell:Creating environment descriptor '/home/eeavir/tellocontrol/install/tello_gazebo/share/tello_gazebo/hook/ld_library_path_lib.dsv'
[25.813s] INFO:colcon.colcon_core.shell:Creating environment hook '/home/eeavir/tellocontrol/install/tello_gazebo/share/tello_gazebo/hook/ld_library_path_lib.sh'
[25.813s] Level 1:colcon.colcon_core.environment:checking '/home/eeavir/tellocontrol/install/tello_gazebo/bin'
[25.813s] Level 1:colcon.colcon_core.environment:checking '/home/eeavir/tellocontrol/install/tello_gazebo/lib/pkgconfig/tello_gazebo.pc'
[25.813s] Level 1:colcon.colcon_core.environment:checking '/home/eeavir/tellocontrol/install/tello_gazebo/lib/python3.8/site-packages'
[25.813s] Level 1:colcon.colcon_core.environment:checking '/home/eeavir/tellocontrol/install/tello_gazebo/bin'
[25.814s] INFO:colcon.colcon_core.shell:Creating package script '/home/eeavir/tellocontrol/install/tello_gazebo/share/tello_gazebo/package.ps1'
[25.814s] INFO:colcon.colcon_core.shell:Creating package descriptor '/home/eeavir/tellocontrol/install/tello_gazebo/share/tello_gazebo/package.dsv'
[25.814s] INFO:colcon.colcon_core.shell:Creating package script '/home/eeavir/tellocontrol/install/tello_gazebo/share/tello_gazebo/package.sh'
[25.814s] INFO:colcon.colcon_core.shell:Creating package script '/home/eeavir/tellocontrol/install/tello_gazebo/share/tello_gazebo/package.bash'
[25.815s] INFO:colcon.colcon_core.shell:Creating package script '/home/eeavir/tellocontrol/install/tello_gazebo/share/tello_gazebo/package.zsh'
[25.815s] Level 1:colcon.colcon_core.environment:create_file_with_runtime_dependencies(/home/eeavir/tellocontrol/install/tello_gazebo/share/colcon-core/packages/tello_gazebo)
[25.815s] Level 1:colcon.colcon_core.environment:create_environment_scripts_only(tello_gazebo)
[25.815s] Level 1:colcon.colcon_core.environment:checking '/home/eeavir/tellocontrol/install/tello_gazebo' for CMake module files
[25.816s] Level 1:colcon.colcon_core.environment:checking '/home/eeavir/tellocontrol/install/tello_gazebo' for CMake config files
[25.816s] Level 1:colcon.colcon_core.shell:create_environment_hook('tello_gazebo', 'cmake_prefix_path')
[25.816s] INFO:colcon.colcon_core.shell:Creating environment hook '/home/eeavir/tellocontrol/install/tello_gazebo/share/tello_gazebo/hook/cmake_prefix_path.ps1'
[25.816s] INFO:colcon.colcon_core.shell:Creating environment descriptor '/home/eeavir/tellocontrol/install/tello_gazebo/share/tello_gazebo/hook/cmake_prefix_path.dsv'
[25.817s] INFO:colcon.colcon_core.shell:Creating environment hook '/home/eeavir/tellocontrol/install/tello_gazebo/share/tello_gazebo/hook/cmake_prefix_path.sh'
[25.817s] Level 1:colcon.colcon_core.environment:checking '/home/eeavir/tellocontrol/install/tello_gazebo/lib'
[25.817s] Level 1:colcon.colcon_core.shell:create_environment_hook('tello_gazebo', 'ld_library_path_lib')
[25.817s] INFO:colcon.colcon_core.shell:Creating environment hook '/home/eeavir/tellocontrol/install/tello_gazebo/share/tello_gazebo/hook/ld_library_path_lib.ps1'
[25.817s] INFO:colcon.colcon_core.shell:Creating environment descriptor '/home/eeavir/tellocontrol/install/tello_gazebo/share/tello_gazebo/hook/ld_library_path_lib.dsv'
[25.818s] INFO:colcon.colcon_core.shell:Creating environment hook '/home/eeavir/tellocontrol/install/tello_gazebo/share/tello_gazebo/hook/ld_library_path_lib.sh'
[25.818s] Level 1:colcon.colcon_core.environment:checking '/home/eeavir/tellocontrol/install/tello_gazebo/bin'
[25.818s] Level 1:colcon.colcon_core.environment:checking '/home/eeavir/tellocontrol/install/tello_gazebo/lib/pkgconfig/tello_gazebo.pc'
[25.818s] Level 1:colcon.colcon_core.environment:checking '/home/eeavir/tellocontrol/install/tello_gazebo/lib/python3.8/site-packages'
[25.818s] Level 1:colcon.colcon_core.environment:checking '/home/eeavir/tellocontrol/install/tello_gazebo/bin'
[25.818s] INFO:colcon.colcon_core.shell:Creating package script '/home/eeavir/tellocontrol/install/tello_gazebo/share/tello_gazebo/package.ps1'
[25.819s] INFO:colcon.colcon_core.shell:Creating package descriptor '/home/eeavir/tellocontrol/install/tello_gazebo/share/tello_gazebo/package.dsv'
[25.819s] INFO:colcon.colcon_core.shell:Creating package script '/home/eeavir/tellocontrol/install/tello_gazebo/share/tello_gazebo/package.sh'
[25.819s] INFO:colcon.colcon_core.shell:Creating package script '/home/eeavir/tellocontrol/install/tello_gazebo/share/tello_gazebo/package.bash'
[25.819s] INFO:colcon.colcon_core.shell:Creating package script '/home/eeavir/tellocontrol/install/tello_gazebo/share/tello_gazebo/package.zsh'
[25.820s] Level 1:colcon.colcon_core.environment:create_file_with_runtime_dependencies(/home/eeavir/tellocontrol/install/tello_gazebo/share/colcon-core/packages/tello_gazebo)
[25.820s] DEBUG:colcon.colcon_parallel_executor.executor.parallel:closing loop
[25.820s] DEBUG:colcon.colcon_parallel_executor.executor.parallel:loop closed
[25.820s] DEBUG:colcon.colcon_parallel_executor.executor.parallel:run_until_complete finished with '0'
[25.820s] DEBUG:colcon.colcon_core.event_reactor:joining thread
[25.825s] INFO:colcon.colcon_core.plugin_system:Skipping extension 'colcon_notification.desktop_notification.terminal_notifier': Not used on non-Darwin systems
[25.826s] INFO:colcon.colcon_core.plugin_system:Skipping extension 'colcon_notification.desktop_notification.win32': Not used on non-Windows systems
[25.826s] INFO:colcon.colcon_notification.desktop_notification:Sending desktop notification using 'notify2'
[25.840s] DEBUG:colcon.colcon_core.event_reactor:joined thread
[25.841s] INFO:colcon.colcon_core.shell:Creating prefix script '/home/eeavir/tellocontrol/install/local_setup.ps1'
[25.842s] INFO:colcon.colcon_core.shell:Creating prefix util module '/home/eeavir/tellocontrol/install/_local_setup_util_ps1.py'
[25.843s] INFO:colcon.colcon_core.shell:Creating prefix chain script '/home/eeavir/tellocontrol/install/setup.ps1'
[25.844s] INFO:colcon.colcon_core.shell:Creating prefix script '/home/eeavir/tellocontrol/install/local_setup.sh'
[25.844s] INFO:colcon.colcon_core.shell:Creating prefix util module '/home/eeavir/tellocontrol/install/_local_setup_util_sh.py'
[25.845s] INFO:colcon.colcon_core.shell:Creating prefix chain script '/home/eeavir/tellocontrol/install/setup.sh'
[25.846s] INFO:colcon.colcon_core.shell:Creating prefix script '/home/eeavir/tellocontrol/install/local_setup.bash'
[25.847s] INFO:colcon.colcon_core.shell:Creating prefix chain script '/home/eeavir/tellocontrol/install/setup.bash'
[25.847s] INFO:colcon.colcon_core.shell:Creating prefix script '/home/eeavir/tellocontrol/install/local_setup.zsh'
[25.848s] INFO:colcon.colcon_core.shell:Creating prefix chain script '/home/eeavir/tellocontrol/install/setup.zsh'
