[0.948s] Invoking command in '/home/eeavir/drone_ws/src/own_package': PYTHONPATH=/home/eeavir/drone_ws/build/own_package/prefix_override:/usr/lib/python3/dist-packages/colcon_core/task/python/colcon_distutils_commands:/home/eeavir/drone_ws/install/own_package/lib/python3.8/site-packages:${PYTHONPATH} /usr/bin/python3 -W ignore:setup.py install is deprecated -W ignore:easy_install command is deprecated setup.py egg_info --egg-base ../../build/own_package build --build-base /home/eeavir/drone_ws/build/own_package/build install --record /home/eeavir/drone_ws/build/own_package/install.log --single-version-externally-managed install_data
[1.237s] running egg_info
[1.237s] writing ../../build/own_package/own_package.egg-info/PKG-INFO
[1.238s] writing dependency_links to ../../build/own_package/own_package.egg-info/dependency_links.txt
[1.239s] writing entry points to ../../build/own_package/own_package.egg-info/entry_points.txt
[1.239s] writing requirements to ../../build/own_package/own_package.egg-info/requires.txt
[1.239s] writing top-level names to ../../build/own_package/own_package.egg-info/top_level.txt
[1.284s] reading manifest file '../../build/own_package/own_package.egg-info/SOURCES.txt'
[1.286s] writing manifest file '../../build/own_package/own_package.egg-info/SOURCES.txt'
[1.286s] running build
[1.286s] running build_py
[1.286s] copying own_package/image_subscriber.py -> /home/eeavir/drone_ws/build/own_package/build/lib/own_package
[1.287s] running install
[1.289s] running install_lib
[1.293s] copying /home/eeavir/drone_ws/build/own_package/build/lib/own_package/image_subscriber.py -> /home/eeavir/drone_ws/install/own_package/lib/python3.8/site-packages/own_package
[1.296s] byte-compiling /home/eeavir/drone_ws/install/own_package/lib/python3.8/site-packages/own_package/image_subscriber.py to image_subscriber.cpython-38.pyc
[1.299s] running install_data
[1.299s] copying package.xml -> /home/eeavir/drone_ws/install/own_package/share/own_package
[1.299s] running install_egg_info
[1.303s] removing '/home/eeavir/drone_ws/install/own_package/lib/python3.8/site-packages/own_package-0.0.0-py3.8.egg-info' (and everything under it)
[1.303s] Copying ../../build/own_package/own_package.egg-info to /home/eeavir/drone_ws/install/own_package/lib/python3.8/site-packages/own_package-0.0.0-py3.8.egg-info
[1.306s] running install_scripts
[1.330s] Installing image_subscriber script to /home/eeavir/drone_ws/install/own_package/lib/own_package
[1.330s] writing list of installed files to '/home/eeavir/drone_ws/build/own_package/install.log'
[1.399s] Invoked command in '/home/eeavir/drone_ws/src/own_package' returned '0': PYTHONPATH=/home/eeavir/drone_ws/build/own_package/prefix_override:/usr/lib/python3/dist-packages/colcon_core/task/python/colcon_distutils_commands:/home/eeavir/drone_ws/install/own_package/lib/python3.8/site-packages:${PYTHONPATH} /usr/bin/python3 -W ignore:setup.py install is deprecated -W ignore:easy_install command is deprecated setup.py egg_info --egg-base ../../build/own_package build --build-base /home/eeavir/drone_ws/build/own_package/build install --record /home/eeavir/drone_ws/build/own_package/install.log --single-version-externally-managed install_data
