[0.630s] DEBUG:colcon:Command line arguments: ['/usr/bin/colcon', 'list', '-p', '--base-paths', '/home/atte/drone_ws']
[0.631s] DEBUG:colcon:Parsed command line arguments: Namespace(allow_overriding=[], base_paths=['/home/atte/drone_ws'], build_base='build', ignore_user_meta=False, log_base=None, log_level=None, main=<bound method ListVerb.main of <colcon_package_information.verb.list.ListVerb object at 0x7f6fede431f0>>, metas=['./colcon.meta'], mixin=None, mixin_files=None, mixin_verb=('list',), names_only=False, packages_above=None, packages_above_and_dependencies=None, packages_above_depth=None, packages_end=None, packages_ignore=None, packages_ignore_regex=None, packages_select=None, packages_select_build_failed=False, packages_select_by_dep=None, packages_select_regex=None, packages_select_test_failures=False, packages_skip=None, packages_skip_build_finished=False, packages_skip_by_dep=None, packages_skip_regex=None, packages_skip_test_passed=False, packages_skip_up_to=None, packages_start=None, packages_up_to=None, packages_up_to_regex=None, paths=None, paths_only=True, topological_graph=False, topological_graph_density=False, topological_graph_dot=False, topological_graph_dot_cluster=False, topological_graph_dot_include_skipped=False, topological_graph_legend=False, topological_order=False, verb_extension=<colcon_package_information.verb.list.ListVerb object at 0x7f6fede431f0>, verb_name='list', verb_parser=<colcon_mixin.mixin.mixin_argument.MixinArgumentDecorator object at 0x7f6feddae070>)
[0.979s] Level 1:colcon.colcon_core.package_discovery:discover_packages(colcon_meta) check parameters
[0.979s] Level 1:colcon.colcon_core.package_discovery:discover_packages(recursive) check parameters
[0.979s] Level 1:colcon.colcon_core.package_discovery:discover_packages(ignore) check parameters
[0.979s] Level 1:colcon.colcon_core.package_discovery:discover_packages(path) check parameters
[0.979s] Level 1:colcon.colcon_core.package_discovery:discover_packages(recursive) discover
[0.979s] INFO:colcon.colcon_core.package_discovery:Crawling recursively for packages in '/home/atte/drone_ws'
[0.980s] Level 1:colcon.colcon_core.package_identification:_identify(/home/atte/drone_ws) by extensions ['ignore', 'ignore_ament_install']
[0.980s] Level 1:colcon.colcon_core.package_identification:_identify(/home/atte/drone_ws) by extension 'ignore'
[0.980s] Level 1:colcon.colcon_core.package_identification:_identify(/home/atte/drone_ws) by extension 'ignore_ament_install'
[0.980s] Level 1:colcon.colcon_core.package_identification:_identify(/home/atte/drone_ws) by extensions ['colcon_pkg']
[0.980s] Level 1:colcon.colcon_core.package_identification:_identify(/home/atte/drone_ws) by extension 'colcon_pkg'
[0.981s] Level 1:colcon.colcon_core.package_identification:_identify(/home/atte/drone_ws) by extensions ['colcon_meta']
[0.981s] Level 1:colcon.colcon_core.package_identification:_identify(/home/atte/drone_ws) by extension 'colcon_meta'
[0.981s] Level 1:colcon.colcon_core.package_identification:_identify(/home/atte/drone_ws) by extensions ['ros']
[0.981s] Level 1:colcon.colcon_core.package_identification:_identify(/home/atte/drone_ws) by extension 'ros'
[1.008s] Level 1:colcon.colcon_core.package_identification:_identify(/home/atte/drone_ws) by extensions ['cmake', 'python']
[1.008s] Level 1:colcon.colcon_core.package_identification:_identify(/home/atte/drone_ws) by extension 'cmake'
[1.008s] Level 1:colcon.colcon_core.package_identification:_identify(/home/atte/drone_ws) by extension 'python'
[1.008s] Level 1:colcon.colcon_core.package_identification:_identify(/home/atte/drone_ws) by extensions ['python_setup_py']
[1.008s] Level 1:colcon.colcon_core.package_identification:_identify(/home/atte/drone_ws) by extension 'python_setup_py'
[1.008s] Level 1:colcon.colcon_core.package_identification:_identify(/home/atte/drone_ws/build) by extensions ['ignore', 'ignore_ament_install']
[1.009s] Level 1:colcon.colcon_core.package_identification:_identify(/home/atte/drone_ws/build) by extension 'ignore'
[1.009s] Level 1:colcon.colcon_core.package_identification:_identify(/home/atte/drone_ws/build) ignored
[1.009s] Level 1:colcon.colcon_core.package_identification:_identify(/home/atte/drone_ws/install) by extensions ['ignore', 'ignore_ament_install']
[1.009s] Level 1:colcon.colcon_core.package_identification:_identify(/home/atte/drone_ws/install) by extension 'ignore'
[1.009s] Level 1:colcon.colcon_core.package_identification:_identify(/home/atte/drone_ws/install) ignored
[1.010s] Level 1:colcon.colcon_core.package_identification:_identify(/home/atte/drone_ws/log) by extensions ['ignore', 'ignore_ament_install']
[1.011s] Level 1:colcon.colcon_core.package_identification:_identify(/home/atte/drone_ws/log) by extension 'ignore'
[1.011s] Level 1:colcon.colcon_core.package_identification:_identify(/home/atte/drone_ws/log) ignored
[1.011s] Level 1:colcon.colcon_core.package_identification:_identify(/home/atte/drone_ws/src) by extensions ['ignore', 'ignore_ament_install']
[1.011s] Level 1:colcon.colcon_core.package_identification:_identify(/home/atte/drone_ws/src) by extension 'ignore'
[1.011s] Level 1:colcon.colcon_core.package_identification:_identify(/home/atte/drone_ws/src) by extension 'ignore_ament_install'
[1.011s] Level 1:colcon.colcon_core.package_identification:_identify(/home/atte/drone_ws/src) by extensions ['colcon_pkg']
[1.011s] Level 1:colcon.colcon_core.package_identification:_identify(/home/atte/drone_ws/src) by extension 'colcon_pkg'
[1.012s] Level 1:colcon.colcon_core.package_identification:_identify(/home/atte/drone_ws/src) by extensions ['colcon_meta']
[1.012s] Level 1:colcon.colcon_core.package_identification:_identify(/home/atte/drone_ws/src) by extension 'colcon_meta'
[1.012s] Level 1:colcon.colcon_core.package_identification:_identify(/home/atte/drone_ws/src) by extensions ['ros']
[1.012s] Level 1:colcon.colcon_core.package_identification:_identify(/home/atte/drone_ws/src) by extension 'ros'
[1.012s] Level 1:colcon.colcon_core.package_identification:_identify(/home/atte/drone_ws/src) by extensions ['cmake', 'python']
[1.012s] Level 1:colcon.colcon_core.package_identification:_identify(/home/atte/drone_ws/src) by extension 'cmake'
[1.012s] Level 1:colcon.colcon_core.package_identification:_identify(/home/atte/drone_ws/src) by extension 'python'
[1.012s] Level 1:colcon.colcon_core.package_identification:_identify(/home/atte/drone_ws/src) by extensions ['python_setup_py']
[1.012s] Level 1:colcon.colcon_core.package_identification:_identify(/home/atte/drone_ws/src) by extension 'python_setup_py'
[1.012s] Level 1:colcon.colcon_core.package_identification:_identify(/home/atte/drone_ws/src/drone_racing_ros2) by extensions ['ignore', 'ignore_ament_install']
[1.013s] Level 1:colcon.colcon_core.package_identification:_identify(/home/atte/drone_ws/src/drone_racing_ros2) by extension 'ignore'
[1.013s] Level 1:colcon.colcon_core.package_identification:_identify(/home/atte/drone_ws/src/drone_racing_ros2) by extension 'ignore_ament_install'
[1.013s] Level 1:colcon.colcon_core.package_identification:_identify(/home/atte/drone_ws/src/drone_racing_ros2) by extensions ['colcon_pkg']
[1.013s] Level 1:colcon.colcon_core.package_identification:_identify(/home/atte/drone_ws/src/drone_racing_ros2) by extension 'colcon_pkg'
[1.013s] Level 1:colcon.colcon_core.package_identification:_identify(/home/atte/drone_ws/src/drone_racing_ros2) by extensions ['colcon_meta']
[1.013s] Level 1:colcon.colcon_core.package_identification:_identify(/home/atte/drone_ws/src/drone_racing_ros2) by extension 'colcon_meta'
[1.013s] Level 1:colcon.colcon_core.package_identification:_identify(/home/atte/drone_ws/src/drone_racing_ros2) by extensions ['ros']
[1.013s] Level 1:colcon.colcon_core.package_identification:_identify(/home/atte/drone_ws/src/drone_racing_ros2) by extension 'ros'
[1.013s] Level 1:colcon.colcon_core.package_identification:_identify(/home/atte/drone_ws/src/drone_racing_ros2) by extensions ['cmake', 'python']
[1.013s] Level 1:colcon.colcon_core.package_identification:_identify(/home/atte/drone_ws/src/drone_racing_ros2) by extension 'cmake'
[1.013s] Level 1:colcon.colcon_core.package_identification:_identify(/home/atte/drone_ws/src/drone_racing_ros2) by extension 'python'
[1.014s] Level 1:colcon.colcon_core.package_identification:_identify(/home/atte/drone_ws/src/drone_racing_ros2) by extensions ['python_setup_py']
[1.014s] Level 1:colcon.colcon_core.package_identification:_identify(/home/atte/drone_ws/src/drone_racing_ros2) by extension 'python_setup_py'
[1.014s] Level 1:colcon.colcon_core.package_identification:_identify(/home/atte/drone_ws/src/drone_racing_ros2/ros2_shared) by extensions ['ignore', 'ignore_ament_install']
[1.014s] Level 1:colcon.colcon_core.package_identification:_identify(/home/atte/drone_ws/src/drone_racing_ros2/ros2_shared) by extension 'ignore'
[1.014s] Level 1:colcon.colcon_core.package_identification:_identify(/home/atte/drone_ws/src/drone_racing_ros2/ros2_shared) by extension 'ignore_ament_install'
[1.014s] Level 1:colcon.colcon_core.package_identification:_identify(/home/atte/drone_ws/src/drone_racing_ros2/ros2_shared) by extensions ['colcon_pkg']
[1.014s] Level 1:colcon.colcon_core.package_identification:_identify(/home/atte/drone_ws/src/drone_racing_ros2/ros2_shared) by extension 'colcon_pkg'
[1.014s] Level 1:colcon.colcon_core.package_identification:_identify(/home/atte/drone_ws/src/drone_racing_ros2/ros2_shared) by extensions ['colcon_meta']
[1.014s] Level 1:colcon.colcon_core.package_identification:_identify(/home/atte/drone_ws/src/drone_racing_ros2/ros2_shared) by extension 'colcon_meta'
[1.015s] Level 1:colcon.colcon_core.package_identification:_identify(/home/atte/drone_ws/src/drone_racing_ros2/ros2_shared) by extensions ['ros']
[1.015s] Level 1:colcon.colcon_core.package_identification:_identify(/home/atte/drone_ws/src/drone_racing_ros2/ros2_shared) by extension 'ros'
[1.034s] DEBUG:colcon.colcon_core.package_identification:Package '/home/atte/drone_ws/src/drone_racing_ros2/ros2_shared' with type 'ros.ament_cmake' and name 'ros2_shared'
[1.035s] Level 1:colcon.colcon_core.package_identification:_identify(/home/atte/drone_ws/src/drone_racing_ros2/tello_ros) by extensions ['ignore', 'ignore_ament_install']
[1.035s] Level 1:colcon.colcon_core.package_identification:_identify(/home/atte/drone_ws/src/drone_racing_ros2/tello_ros) by extension 'ignore'
[1.035s] Level 1:colcon.colcon_core.package_identification:_identify(/home/atte/drone_ws/src/drone_racing_ros2/tello_ros) by extension 'ignore_ament_install'
[1.035s] Level 1:colcon.colcon_core.package_identification:_identify(/home/atte/drone_ws/src/drone_racing_ros2/tello_ros) by extensions ['colcon_pkg']
[1.035s] Level 1:colcon.colcon_core.package_identification:_identify(/home/atte/drone_ws/src/drone_racing_ros2/tello_ros) by extension 'colcon_pkg'
[1.035s] Level 1:colcon.colcon_core.package_identification:_identify(/home/atte/drone_ws/src/drone_racing_ros2/tello_ros) by extensions ['colcon_meta']
[1.035s] Level 1:colcon.colcon_core.package_identification:_identify(/home/atte/drone_ws/src/drone_racing_ros2/tello_ros) by extension 'colcon_meta'
[1.035s] Level 1:colcon.colcon_core.package_identification:_identify(/home/atte/drone_ws/src/drone_racing_ros2/tello_ros) by extensions ['ros']
[1.036s] Level 1:colcon.colcon_core.package_identification:_identify(/home/atte/drone_ws/src/drone_racing_ros2/tello_ros) by extension 'ros'
[1.036s] Level 1:colcon.colcon_core.package_identification:_identify(/home/atte/drone_ws/src/drone_racing_ros2/tello_ros) by extensions ['cmake', 'python']
[1.036s] Level 1:colcon.colcon_core.package_identification:_identify(/home/atte/drone_ws/src/drone_racing_ros2/tello_ros) by extension 'cmake'
[1.036s] Level 1:colcon.colcon_core.package_identification:_identify(/home/atte/drone_ws/src/drone_racing_ros2/tello_ros) by extension 'python'
[1.036s] Level 1:colcon.colcon_core.package_identification:_identify(/home/atte/drone_ws/src/drone_racing_ros2/tello_ros) by extensions ['python_setup_py']
[1.036s] Level 1:colcon.colcon_core.package_identification:_identify(/home/atte/drone_ws/src/drone_racing_ros2/tello_ros) by extension 'python_setup_py'
[1.036s] Level 1:colcon.colcon_core.package_identification:_identify(/home/atte/drone_ws/src/drone_racing_ros2/tello_ros/docker) by extensions ['ignore', 'ignore_ament_install']
[1.039s] Level 1:colcon.colcon_core.package_identification:_identify(/home/atte/drone_ws/src/drone_racing_ros2/tello_ros/docker) by extension 'ignore'
[1.039s] Level 1:colcon.colcon_core.package_identification:_identify(/home/atte/drone_ws/src/drone_racing_ros2/tello_ros/docker) by extension 'ignore_ament_install'
[1.039s] Level 1:colcon.colcon_core.package_identification:_identify(/home/atte/drone_ws/src/drone_racing_ros2/tello_ros/docker) by extensions ['colcon_pkg']
[1.039s] Level 1:colcon.colcon_core.package_identification:_identify(/home/atte/drone_ws/src/drone_racing_ros2/tello_ros/docker) by extension 'colcon_pkg'
[1.039s] Level 1:colcon.colcon_core.package_identification:_identify(/home/atte/drone_ws/src/drone_racing_ros2/tello_ros/docker) by extensions ['colcon_meta']
[1.039s] Level 1:colcon.colcon_core.package_identification:_identify(/home/atte/drone_ws/src/drone_racing_ros2/tello_ros/docker) by extension 'colcon_meta'
[1.040s] Level 1:colcon.colcon_core.package_identification:_identify(/home/atte/drone_ws/src/drone_racing_ros2/tello_ros/docker) by extensions ['ros']
[1.040s] Level 1:colcon.colcon_core.package_identification:_identify(/home/atte/drone_ws/src/drone_racing_ros2/tello_ros/docker) by extension 'ros'
[1.040s] Level 1:colcon.colcon_core.package_identification:_identify(/home/atte/drone_ws/src/drone_racing_ros2/tello_ros/docker) by extensions ['cmake', 'python']
[1.040s] Level 1:colcon.colcon_core.package_identification:_identify(/home/atte/drone_ws/src/drone_racing_ros2/tello_ros/docker) by extension 'cmake'
[1.040s] Level 1:colcon.colcon_core.package_identification:_identify(/home/atte/drone_ws/src/drone_racing_ros2/tello_ros/docker) by extension 'python'
[1.040s] Level 1:colcon.colcon_core.package_identification:_identify(/home/atte/drone_ws/src/drone_racing_ros2/tello_ros/docker) by extensions ['python_setup_py']
[1.040s] Level 1:colcon.colcon_core.package_identification:_identify(/home/atte/drone_ws/src/drone_racing_ros2/tello_ros/docker) by extension 'python_setup_py'
[1.040s] Level 1:colcon.colcon_core.package_identification:_identify(/home/atte/drone_ws/src/drone_racing_ros2/tello_ros/tello_description) by extensions ['ignore', 'ignore_ament_install']
[1.041s] Level 1:colcon.colcon_core.package_identification:_identify(/home/atte/drone_ws/src/drone_racing_ros2/tello_ros/tello_description) by extension 'ignore'
[1.041s] Level 1:colcon.colcon_core.package_identification:_identify(/home/atte/drone_ws/src/drone_racing_ros2/tello_ros/tello_description) by extension 'ignore_ament_install'
[1.041s] Level 1:colcon.colcon_core.package_identification:_identify(/home/atte/drone_ws/src/drone_racing_ros2/tello_ros/tello_description) by extensions ['colcon_pkg']
[1.041s] Level 1:colcon.colcon_core.package_identification:_identify(/home/atte/drone_ws/src/drone_racing_ros2/tello_ros/tello_description) by extension 'colcon_pkg'
[1.041s] Level 1:colcon.colcon_core.package_identification:_identify(/home/atte/drone_ws/src/drone_racing_ros2/tello_ros/tello_description) by extensions ['colcon_meta']
[1.041s] Level 1:colcon.colcon_core.package_identification:_identify(/home/atte/drone_ws/src/drone_racing_ros2/tello_ros/tello_description) by extension 'colcon_meta'
[1.041s] Level 1:colcon.colcon_core.package_identification:_identify(/home/atte/drone_ws/src/drone_racing_ros2/tello_ros/tello_description) by extensions ['ros']
[1.041s] Level 1:colcon.colcon_core.package_identification:_identify(/home/atte/drone_ws/src/drone_racing_ros2/tello_ros/tello_description) by extension 'ros'
[1.042s] DEBUG:colcon.colcon_core.package_identification:Package '/home/atte/drone_ws/src/drone_racing_ros2/tello_ros/tello_description' with type 'ros.ament_cmake' and name 'tello_description'
[1.043s] Level 1:colcon.colcon_core.package_identification:_identify(/home/atte/drone_ws/src/drone_racing_ros2/tello_ros/tello_driver) by extensions ['ignore', 'ignore_ament_install']
[1.043s] Level 1:colcon.colcon_core.package_identification:_identify(/home/atte/drone_ws/src/drone_racing_ros2/tello_ros/tello_driver) by extension 'ignore'
[1.043s] Level 1:colcon.colcon_core.package_identification:_identify(/home/atte/drone_ws/src/drone_racing_ros2/tello_ros/tello_driver) by extension 'ignore_ament_install'
[1.043s] Level 1:colcon.colcon_core.package_identification:_identify(/home/atte/drone_ws/src/drone_racing_ros2/tello_ros/tello_driver) by extensions ['colcon_pkg']
[1.043s] Level 1:colcon.colcon_core.package_identification:_identify(/home/atte/drone_ws/src/drone_racing_ros2/tello_ros/tello_driver) by extension 'colcon_pkg'
[1.043s] Level 1:colcon.colcon_core.package_identification:_identify(/home/atte/drone_ws/src/drone_racing_ros2/tello_ros/tello_driver) by extensions ['colcon_meta']
[1.043s] Level 1:colcon.colcon_core.package_identification:_identify(/home/atte/drone_ws/src/drone_racing_ros2/tello_ros/tello_driver) by extension 'colcon_meta'
[1.044s] Level 1:colcon.colcon_core.package_identification:_identify(/home/atte/drone_ws/src/drone_racing_ros2/tello_ros/tello_driver) by extensions ['ros']
[1.044s] Level 1:colcon.colcon_core.package_identification:_identify(/home/atte/drone_ws/src/drone_racing_ros2/tello_ros/tello_driver) by extension 'ros'
[1.046s] DEBUG:colcon.colcon_core.package_identification:Package '/home/atte/drone_ws/src/drone_racing_ros2/tello_ros/tello_driver' with type 'ros.ament_cmake' and name 'tello_driver'
[1.046s] Level 1:colcon.colcon_core.package_identification:_identify(/home/atte/drone_ws/src/drone_racing_ros2/tello_ros/tello_gazebo) by extensions ['ignore', 'ignore_ament_install']
[1.047s] Level 1:colcon.colcon_core.package_identification:_identify(/home/atte/drone_ws/src/drone_racing_ros2/tello_ros/tello_gazebo) by extension 'ignore'
[1.047s] Level 1:colcon.colcon_core.package_identification:_identify(/home/atte/drone_ws/src/drone_racing_ros2/tello_ros/tello_gazebo) by extension 'ignore_ament_install'
[1.047s] Level 1:colcon.colcon_core.package_identification:_identify(/home/atte/drone_ws/src/drone_racing_ros2/tello_ros/tello_gazebo) by extensions ['colcon_pkg']
[1.047s] Level 1:colcon.colcon_core.package_identification:_identify(/home/atte/drone_ws/src/drone_racing_ros2/tello_ros/tello_gazebo) by extension 'colcon_pkg'
[1.047s] Level 1:colcon.colcon_core.package_identification:_identify(/home/atte/drone_ws/src/drone_racing_ros2/tello_ros/tello_gazebo) by extensions ['colcon_meta']
[1.047s] Level 1:colcon.colcon_core.package_identification:_identify(/home/atte/drone_ws/src/drone_racing_ros2/tello_ros/tello_gazebo) by extension 'colcon_meta'
[1.047s] Level 1:colcon.colcon_core.package_identification:_identify(/home/atte/drone_ws/src/drone_racing_ros2/tello_ros/tello_gazebo) by extensions ['ros']
[1.047s] Level 1:colcon.colcon_core.package_identification:_identify(/home/atte/drone_ws/src/drone_racing_ros2/tello_ros/tello_gazebo) by extension 'ros'
[1.050s] DEBUG:colcon.colcon_core.package_identification:Package '/home/atte/drone_ws/src/drone_racing_ros2/tello_ros/tello_gazebo' with type 'ros.ament_cmake' and name 'tello_gazebo'
[1.050s] Level 1:colcon.colcon_core.package_identification:_identify(/home/atte/drone_ws/src/drone_racing_ros2/tello_ros/tello_msgs) by extensions ['ignore', 'ignore_ament_install']
[1.050s] Level 1:colcon.colcon_core.package_identification:_identify(/home/atte/drone_ws/src/drone_racing_ros2/tello_ros/tello_msgs) by extension 'ignore'
[1.050s] Level 1:colcon.colcon_core.package_identification:_identify(/home/atte/drone_ws/src/drone_racing_ros2/tello_ros/tello_msgs) by extension 'ignore_ament_install'
[1.050s] Level 1:colcon.colcon_core.package_identification:_identify(/home/atte/drone_ws/src/drone_racing_ros2/tello_ros/tello_msgs) by extensions ['colcon_pkg']
[1.050s] Level 1:colcon.colcon_core.package_identification:_identify(/home/atte/drone_ws/src/drone_racing_ros2/tello_ros/tello_msgs) by extension 'colcon_pkg'
[1.050s] Level 1:colcon.colcon_core.package_identification:_identify(/home/atte/drone_ws/src/drone_racing_ros2/tello_ros/tello_msgs) by extensions ['colcon_meta']
[1.050s] Level 1:colcon.colcon_core.package_identification:_identify(/home/atte/drone_ws/src/drone_racing_ros2/tello_ros/tello_msgs) by extension 'colcon_meta'
[1.051s] Level 1:colcon.colcon_core.package_identification:_identify(/home/atte/drone_ws/src/drone_racing_ros2/tello_ros/tello_msgs) by extensions ['ros']
[1.051s] Level 1:colcon.colcon_core.package_identification:_identify(/home/atte/drone_ws/src/drone_racing_ros2/tello_ros/tello_msgs) by extension 'ros'
[1.052s] DEBUG:colcon.colcon_core.package_identification:Package '/home/atte/drone_ws/src/drone_racing_ros2/tello_ros/tello_msgs' with type 'ros.ament_cmake' and name 'tello_msgs'
[1.052s] Level 1:colcon.colcon_core.package_identification:_identify(/home/atte/drone_ws/src/image_subscriber_pkg) by extensions ['ignore', 'ignore_ament_install']
[1.052s] Level 1:colcon.colcon_core.package_identification:_identify(/home/atte/drone_ws/src/image_subscriber_pkg) by extension 'ignore'
[1.053s] Level 1:colcon.colcon_core.package_identification:_identify(/home/atte/drone_ws/src/image_subscriber_pkg) by extension 'ignore_ament_install'
[1.053s] Level 1:colcon.colcon_core.package_identification:_identify(/home/atte/drone_ws/src/image_subscriber_pkg) by extensions ['colcon_pkg']
[1.053s] Level 1:colcon.colcon_core.package_identification:_identify(/home/atte/drone_ws/src/image_subscriber_pkg) by extension 'colcon_pkg'
[1.053s] Level 1:colcon.colcon_core.package_identification:_identify(/home/atte/drone_ws/src/image_subscriber_pkg) by extensions ['colcon_meta']
[1.053s] Level 1:colcon.colcon_core.package_identification:_identify(/home/atte/drone_ws/src/image_subscriber_pkg) by extension 'colcon_meta'
[1.053s] Level 1:colcon.colcon_core.package_identification:_identify(/home/atte/drone_ws/src/image_subscriber_pkg) by extensions ['ros']
[1.053s] Level 1:colcon.colcon_core.package_identification:_identify(/home/atte/drone_ws/src/image_subscriber_pkg) by extension 'ros'
[1.055s] DEBUG:colcon.colcon_core.package_identification:Package '/home/atte/drone_ws/src/image_subscriber_pkg' with type 'ros.ament_cmake' and name 'image_subscriber_pkg'
[1.055s] Level 1:colcon.colcon_core.package_discovery:discover_packages(recursive) using defaults
