[0.121s] DEBUG:colcon:Command line arguments: ['/usr/bin/colcon', 'build']
[0.121s] DEBUG:colcon:Parsed command line arguments: Namespace(allow_overriding=[], ament_cmake_args=None, base_paths=['.'], build_base='build', catkin_cmake_args=None, catkin_skip_building_tests=False, cmake_args=None, cmake_clean_cache=False, cmake_clean_first=False, cmake_force_configure=False, cmake_target=None, cmake_target_skip_unavailable=False, continue_on_error=False, event_handlers=None, executor='parallel', ignore_user_meta=False, install_base='install', log_base=None, log_level=None, main=<bound method BuildVerb.main of <colcon_core.verb.build.BuildVerb object at 0x7ff9e2274f10>>, merge_install=False, metas=['./colcon.meta'], mixin=None, mixin_files=None, mixin_verb=('build',), packages_above=None, packages_above_and_dependencies=None, packages_above_depth=None, packages_end=None, packages_ignore=None, packages_ignore_regex=None, packages_select=None, packages_select_build_failed=False, packages_select_by_dep=None, packages_select_regex=None, packages_select_test_failures=False, packages_skip=None, packages_skip_build_finished=False, packages_skip_by_dep=None, packages_skip_regex=None, packages_skip_test_passed=False, packages_skip_up_to=None, packages_start=None, packages_up_to=None, packages_up_to_regex=None, parallel_workers=8, paths=None, symlink_install=False, test_result_base=None, verb_extension=<colcon_core.verb.build.BuildVerb object at 0x7ff9e2274f10>, verb_name='build', verb_parser=<colcon_mixin.mixin.mixin_argument.MixinArgumentDecorator object at 0x7ff9e21d5ee0>)
[0.216s] Level 1:colcon.colcon_core.package_discovery:discover_packages(colcon_meta) check parameters
[0.216s] Level 1:colcon.colcon_core.package_discovery:discover_packages(recursive) check parameters
[0.216s] Level 1:colcon.colcon_core.package_discovery:discover_packages(ignore) check parameters
[0.216s] Level 1:colcon.colcon_core.package_discovery:discover_packages(path) check parameters
[0.216s] Level 1:colcon.colcon_core.package_discovery:discover_packages(colcon_meta) discover
[0.216s] Level 1:colcon.colcon_core.package_discovery:discover_packages(recursive) discover
[0.216s] INFO:colcon.colcon_core.package_discovery:Crawling recursively for packages in '/home/eeavir/tellocontrol'
[0.216s] Level 1:colcon.colcon_core.package_identification:_identify(.) by extensions ['ignore', 'ignore_ament_install']
[0.216s] Level 1:colcon.colcon_core.package_identification:_identify(.) by extension 'ignore'
[0.216s] Level 1:colcon.colcon_core.package_identification:_identify(.) by extension 'ignore_ament_install'
[0.216s] Level 1:colcon.colcon_core.package_identification:_identify(.) by extensions ['colcon_pkg']
[0.217s] Level 1:colcon.colcon_core.package_identification:_identify(.) by extension 'colcon_pkg'
[0.217s] Level 1:colcon.colcon_core.package_identification:_identify(.) by extensions ['colcon_meta']
[0.217s] Level 1:colcon.colcon_core.package_identification:_identify(.) by extension 'colcon_meta'
[0.217s] Level 1:colcon.colcon_core.package_identification:_identify(.) by extensions ['ros']
[0.217s] Level 1:colcon.colcon_core.package_identification:_identify(.) by extension 'ros'
[0.224s] Level 1:colcon.colcon_core.package_identification:_identify(.) by extensions ['cmake', 'python']
[0.224s] Level 1:colcon.colcon_core.package_identification:_identify(.) by extension 'cmake'
[0.224s] Level 1:colcon.colcon_core.package_identification:_identify(.) by extension 'python'
[0.224s] Level 1:colcon.colcon_core.package_identification:_identify(.) by extensions ['python_setup_py']
[0.224s] Level 1:colcon.colcon_core.package_identification:_identify(.) by extension 'python_setup_py'
[0.224s] Level 1:colcon.colcon_core.package_identification:_identify(build) by extensions ['ignore', 'ignore_ament_install']
[0.224s] Level 1:colcon.colcon_core.package_identification:_identify(build) by extension 'ignore'
[0.224s] Level 1:colcon.colcon_core.package_identification:_identify(build) ignored
[0.224s] Level 1:colcon.colcon_core.package_identification:_identify(install) by extensions ['ignore', 'ignore_ament_install']
[0.224s] Level 1:colcon.colcon_core.package_identification:_identify(install) by extension 'ignore'
[0.224s] Level 1:colcon.colcon_core.package_identification:_identify(install) ignored
[0.224s] Level 1:colcon.colcon_core.package_identification:_identify(log) by extensions ['ignore', 'ignore_ament_install']
[0.224s] Level 1:colcon.colcon_core.package_identification:_identify(log) by extension 'ignore'
[0.224s] Level 1:colcon.colcon_core.package_identification:_identify(log) ignored
[0.224s] Level 1:colcon.colcon_core.package_identification:_identify(src) by extensions ['ignore', 'ignore_ament_install']
[0.224s] Level 1:colcon.colcon_core.package_identification:_identify(src) by extension 'ignore'
[0.224s] Level 1:colcon.colcon_core.package_identification:_identify(src) by extension 'ignore_ament_install'
[0.225s] Level 1:colcon.colcon_core.package_identification:_identify(src) by extensions ['colcon_pkg']
[0.225s] Level 1:colcon.colcon_core.package_identification:_identify(src) by extension 'colcon_pkg'
[0.225s] Level 1:colcon.colcon_core.package_identification:_identify(src) by extensions ['colcon_meta']
[0.225s] Level 1:colcon.colcon_core.package_identification:_identify(src) by extension 'colcon_meta'
[0.225s] Level 1:colcon.colcon_core.package_identification:_identify(src) by extensions ['ros']
[0.225s] Level 1:colcon.colcon_core.package_identification:_identify(src) by extension 'ros'
[0.225s] Level 1:colcon.colcon_core.package_identification:_identify(src) by extensions ['cmake', 'python']
[0.225s] Level 1:colcon.colcon_core.package_identification:_identify(src) by extension 'cmake'
[0.225s] Level 1:colcon.colcon_core.package_identification:_identify(src) by extension 'python'
[0.225s] Level 1:colcon.colcon_core.package_identification:_identify(src) by extensions ['python_setup_py']
[0.225s] Level 1:colcon.colcon_core.package_identification:_identify(src) by extension 'python_setup_py'
[0.225s] Level 1:colcon.colcon_core.package_identification:_identify(src/drone_racing_ros2) by extensions ['ignore', 'ignore_ament_install']
[0.225s] Level 1:colcon.colcon_core.package_identification:_identify(src/drone_racing_ros2) by extension 'ignore'
[0.225s] Level 1:colcon.colcon_core.package_identification:_identify(src/drone_racing_ros2) by extension 'ignore_ament_install'
[0.225s] Level 1:colcon.colcon_core.package_identification:_identify(src/drone_racing_ros2) by extensions ['colcon_pkg']
[0.225s] Level 1:colcon.colcon_core.package_identification:_identify(src/drone_racing_ros2) by extension 'colcon_pkg'
[0.225s] Level 1:colcon.colcon_core.package_identification:_identify(src/drone_racing_ros2) by extensions ['colcon_meta']
[0.225s] Level 1:colcon.colcon_core.package_identification:_identify(src/drone_racing_ros2) by extension 'colcon_meta'
[0.225s] Level 1:colcon.colcon_core.package_identification:_identify(src/drone_racing_ros2) by extensions ['ros']
[0.225s] Level 1:colcon.colcon_core.package_identification:_identify(src/drone_racing_ros2) by extension 'ros'
[0.225s] Level 1:colcon.colcon_core.package_identification:_identify(src/drone_racing_ros2) by extensions ['cmake', 'python']
[0.225s] Level 1:colcon.colcon_core.package_identification:_identify(src/drone_racing_ros2) by extension 'cmake'
[0.225s] Level 1:colcon.colcon_core.package_identification:_identify(src/drone_racing_ros2) by extension 'python'
[0.225s] Level 1:colcon.colcon_core.package_identification:_identify(src/drone_racing_ros2) by extensions ['python_setup_py']
[0.225s] Level 1:colcon.colcon_core.package_identification:_identify(src/drone_racing_ros2) by extension 'python_setup_py'
[0.225s] Level 1:colcon.colcon_core.package_identification:_identify(src/drone_racing_ros2/ros2_shared) by extensions ['ignore', 'ignore_ament_install']
[0.225s] Level 1:colcon.colcon_core.package_identification:_identify(src/drone_racing_ros2/ros2_shared) by extension 'ignore'
[0.225s] Level 1:colcon.colcon_core.package_identification:_identify(src/drone_racing_ros2/ros2_shared) by extension 'ignore_ament_install'
[0.225s] Level 1:colcon.colcon_core.package_identification:_identify(src/drone_racing_ros2/ros2_shared) by extensions ['colcon_pkg']
[0.225s] Level 1:colcon.colcon_core.package_identification:_identify(src/drone_racing_ros2/ros2_shared) by extension 'colcon_pkg'
[0.225s] Level 1:colcon.colcon_core.package_identification:_identify(src/drone_racing_ros2/ros2_shared) by extensions ['colcon_meta']
[0.225s] Level 1:colcon.colcon_core.package_identification:_identify(src/drone_racing_ros2/ros2_shared) by extension 'colcon_meta'
[0.225s] Level 1:colcon.colcon_core.package_identification:_identify(src/drone_racing_ros2/ros2_shared) by extensions ['ros']
[0.225s] Level 1:colcon.colcon_core.package_identification:_identify(src/drone_racing_ros2/ros2_shared) by extension 'ros'
[0.227s] DEBUG:colcon.colcon_core.package_identification:Package 'src/drone_racing_ros2/ros2_shared' with type 'ros.ament_cmake' and name 'ros2_shared'
[0.227s] Level 1:colcon.colcon_core.package_identification:_identify(src/drone_racing_ros2/tello_ros) by extensions ['ignore', 'ignore_ament_install']
[0.227s] Level 1:colcon.colcon_core.package_identification:_identify(src/drone_racing_ros2/tello_ros) by extension 'ignore'
[0.227s] Level 1:colcon.colcon_core.package_identification:_identify(src/drone_racing_ros2/tello_ros) by extension 'ignore_ament_install'
[0.227s] Level 1:colcon.colcon_core.package_identification:_identify(src/drone_racing_ros2/tello_ros) by extensions ['colcon_pkg']
[0.227s] Level 1:colcon.colcon_core.package_identification:_identify(src/drone_racing_ros2/tello_ros) by extension 'colcon_pkg'
[0.227s] Level 1:colcon.colcon_core.package_identification:_identify(src/drone_racing_ros2/tello_ros) by extensions ['colcon_meta']
[0.227s] Level 1:colcon.colcon_core.package_identification:_identify(src/drone_racing_ros2/tello_ros) by extension 'colcon_meta'
[0.227s] Level 1:colcon.colcon_core.package_identification:_identify(src/drone_racing_ros2/tello_ros) by extensions ['ros']
[0.227s] Level 1:colcon.colcon_core.package_identification:_identify(src/drone_racing_ros2/tello_ros) by extension 'ros'
[0.227s] Level 1:colcon.colcon_core.package_identification:_identify(src/drone_racing_ros2/tello_ros) by extensions ['cmake', 'python']
[0.227s] Level 1:colcon.colcon_core.package_identification:_identify(src/drone_racing_ros2/tello_ros) by extension 'cmake'
[0.227s] Level 1:colcon.colcon_core.package_identification:_identify(src/drone_racing_ros2/tello_ros) by extension 'python'
[0.227s] Level 1:colcon.colcon_core.package_identification:_identify(src/drone_racing_ros2/tello_ros) by extensions ['python_setup_py']
[0.227s] Level 1:colcon.colcon_core.package_identification:_identify(src/drone_racing_ros2/tello_ros) by extension 'python_setup_py'
[0.228s] Level 1:colcon.colcon_core.package_identification:_identify(src/drone_racing_ros2/tello_ros/docker) by extensions ['ignore', 'ignore_ament_install']
[0.228s] Level 1:colcon.colcon_core.package_identification:_identify(src/drone_racing_ros2/tello_ros/docker) by extension 'ignore'
[0.228s] Level 1:colcon.colcon_core.package_identification:_identify(src/drone_racing_ros2/tello_ros/docker) by extension 'ignore_ament_install'
[0.228s] Level 1:colcon.colcon_core.package_identification:_identify(src/drone_racing_ros2/tello_ros/docker) by extensions ['colcon_pkg']
[0.228s] Level 1:colcon.colcon_core.package_identification:_identify(src/drone_racing_ros2/tello_ros/docker) by extension 'colcon_pkg'
[0.228s] Level 1:colcon.colcon_core.package_identification:_identify(src/drone_racing_ros2/tello_ros/docker) by extensions ['colcon_meta']
[0.228s] Level 1:colcon.colcon_core.package_identification:_identify(src/drone_racing_ros2/tello_ros/docker) by extension 'colcon_meta'
[0.228s] Level 1:colcon.colcon_core.package_identification:_identify(src/drone_racing_ros2/tello_ros/docker) by extensions ['ros']
[0.228s] Level 1:colcon.colcon_core.package_identification:_identify(src/drone_racing_ros2/tello_ros/docker) by extension 'ros'
[0.228s] Level 1:colcon.colcon_core.package_identification:_identify(src/drone_racing_ros2/tello_ros/docker) by extensions ['cmake', 'python']
[0.228s] Level 1:colcon.colcon_core.package_identification:_identify(src/drone_racing_ros2/tello_ros/docker) by extension 'cmake'
[0.228s] Level 1:colcon.colcon_core.package_identification:_identify(src/drone_racing_ros2/tello_ros/docker) by extension 'python'
[0.228s] Level 1:colcon.colcon_core.package_identification:_identify(src/drone_racing_ros2/tello_ros/docker) by extensions ['python_setup_py']
[0.228s] Level 1:colcon.colcon_core.package_identification:_identify(src/drone_racing_ros2/tello_ros/docker) by extension 'python_setup_py'
[0.228s] Level 1:colcon.colcon_core.package_identification:_identify(src/drone_racing_ros2/tello_ros/tello_description) by extensions ['ignore', 'ignore_ament_install']
[0.228s] Level 1:colcon.colcon_core.package_identification:_identify(src/drone_racing_ros2/tello_ros/tello_description) by extension 'ignore'
[0.228s] Level 1:colcon.colcon_core.package_identification:_identify(src/drone_racing_ros2/tello_ros/tello_description) by extension 'ignore_ament_install'
[0.228s] Level 1:colcon.colcon_core.package_identification:_identify(src/drone_racing_ros2/tello_ros/tello_description) by extensions ['colcon_pkg']
[0.228s] Level 1:colcon.colcon_core.package_identification:_identify(src/drone_racing_ros2/tello_ros/tello_description) by extension 'colcon_pkg'
[0.228s] Level 1:colcon.colcon_core.package_identification:_identify(src/drone_racing_ros2/tello_ros/tello_description) by extensions ['colcon_meta']
[0.228s] Level 1:colcon.colcon_core.package_identification:_identify(src/drone_racing_ros2/tello_ros/tello_description) by extension 'colcon_meta'
[0.228s] Level 1:colcon.colcon_core.package_identification:_identify(src/drone_racing_ros2/tello_ros/tello_description) by extensions ['ros']
[0.228s] Level 1:colcon.colcon_core.package_identification:_identify(src/drone_racing_ros2/tello_ros/tello_description) by extension 'ros'
[0.229s] DEBUG:colcon.colcon_core.package_identification:Package 'src/drone_racing_ros2/tello_ros/tello_description' with type 'ros.ament_cmake' and name 'tello_description'
[0.229s] Level 1:colcon.colcon_core.package_identification:_identify(src/drone_racing_ros2/tello_ros/tello_driver) by extensions ['ignore', 'ignore_ament_install']
[0.229s] Level 1:colcon.colcon_core.package_identification:_identify(src/drone_racing_ros2/tello_ros/tello_driver) by extension 'ignore'
[0.229s] Level 1:colcon.colcon_core.package_identification:_identify(src/drone_racing_ros2/tello_ros/tello_driver) by extension 'ignore_ament_install'
[0.229s] Level 1:colcon.colcon_core.package_identification:_identify(src/drone_racing_ros2/tello_ros/tello_driver) by extensions ['colcon_pkg']
[0.229s] Level 1:colcon.colcon_core.package_identification:_identify(src/drone_racing_ros2/tello_ros/tello_driver) by extension 'colcon_pkg'
[0.229s] Level 1:colcon.colcon_core.package_identification:_identify(src/drone_racing_ros2/tello_ros/tello_driver) by extensions ['colcon_meta']
[0.229s] Level 1:colcon.colcon_core.package_identification:_identify(src/drone_racing_ros2/tello_ros/tello_driver) by extension 'colcon_meta'
[0.229s] Level 1:colcon.colcon_core.package_identification:_identify(src/drone_racing_ros2/tello_ros/tello_driver) by extensions ['ros']
[0.229s] Level 1:colcon.colcon_core.package_identification:_identify(src/drone_racing_ros2/tello_ros/tello_driver) by extension 'ros'
[0.230s] DEBUG:colcon.colcon_core.package_identification:Package 'src/drone_racing_ros2/tello_ros/tello_driver' with type 'ros.ament_cmake' and name 'tello_driver'
[0.230s] Level 1:colcon.colcon_core.package_identification:_identify(src/drone_racing_ros2/tello_ros/tello_gazebo) by extensions ['ignore', 'ignore_ament_install']
[0.230s] Level 1:colcon.colcon_core.package_identification:_identify(src/drone_racing_ros2/tello_ros/tello_gazebo) by extension 'ignore'
[0.230s] Level 1:colcon.colcon_core.package_identification:_identify(src/drone_racing_ros2/tello_ros/tello_gazebo) by extension 'ignore_ament_install'
[0.230s] Level 1:colcon.colcon_core.package_identification:_identify(src/drone_racing_ros2/tello_ros/tello_gazebo) by extensions ['colcon_pkg']
[0.230s] Level 1:colcon.colcon_core.package_identification:_identify(src/drone_racing_ros2/tello_ros/tello_gazebo) by extension 'colcon_pkg'
[0.230s] Level 1:colcon.colcon_core.package_identification:_identify(src/drone_racing_ros2/tello_ros/tello_gazebo) by extensions ['colcon_meta']
[0.230s] Level 1:colcon.colcon_core.package_identification:_identify(src/drone_racing_ros2/tello_ros/tello_gazebo) by extension 'colcon_meta'
[0.230s] Level 1:colcon.colcon_core.package_identification:_identify(src/drone_racing_ros2/tello_ros/tello_gazebo) by extensions ['ros']
[0.230s] Level 1:colcon.colcon_core.package_identification:_identify(src/drone_racing_ros2/tello_ros/tello_gazebo) by extension 'ros'
[0.231s] DEBUG:colcon.colcon_core.package_identification:Package 'src/drone_racing_ros2/tello_ros/tello_gazebo' with type 'ros.ament_cmake' and name 'tello_gazebo'
[0.231s] Level 1:colcon.colcon_core.package_identification:_identify(src/drone_racing_ros2/tello_ros/tello_msgs) by extensions ['ignore', 'ignore_ament_install']
[0.231s] Level 1:colcon.colcon_core.package_identification:_identify(src/drone_racing_ros2/tello_ros/tello_msgs) by extension 'ignore'
[0.231s] Level 1:colcon.colcon_core.package_identification:_identify(src/drone_racing_ros2/tello_ros/tello_msgs) by extension 'ignore_ament_install'
[0.231s] Level 1:colcon.colcon_core.package_identification:_identify(src/drone_racing_ros2/tello_ros/tello_msgs) by extensions ['colcon_pkg']
[0.231s] Level 1:colcon.colcon_core.package_identification:_identify(src/drone_racing_ros2/tello_ros/tello_msgs) by extension 'colcon_pkg'
[0.231s] Level 1:colcon.colcon_core.package_identification:_identify(src/drone_racing_ros2/tello_ros/tello_msgs) by extensions ['colcon_meta']
[0.231s] Level 1:colcon.colcon_core.package_identification:_identify(src/drone_racing_ros2/tello_ros/tello_msgs) by extension 'colcon_meta'
[0.231s] Level 1:colcon.colcon_core.package_identification:_identify(src/drone_racing_ros2/tello_ros/tello_msgs) by extensions ['ros']
[0.231s] Level 1:colcon.colcon_core.package_identification:_identify(src/drone_racing_ros2/tello_ros/tello_msgs) by extension 'ros'
[0.231s] DEBUG:colcon.colcon_core.package_identification:Package 'src/drone_racing_ros2/tello_ros/tello_msgs' with type 'ros.ament_cmake' and name 'tello_msgs'
[0.231s] Level 1:colcon.colcon_core.package_identification:_identify(src/own_package) by extensions ['ignore', 'ignore_ament_install']
[0.231s] Level 1:colcon.colcon_core.package_identification:_identify(src/own_package) by extension 'ignore'
[0.231s] Level 1:colcon.colcon_core.package_identification:_identify(src/own_package) by extension 'ignore_ament_install'
[0.231s] Level 1:colcon.colcon_core.package_identification:_identify(src/own_package) by extensions ['colcon_pkg']
[0.231s] Level 1:colcon.colcon_core.package_identification:_identify(src/own_package) by extension 'colcon_pkg'
[0.231s] Level 1:colcon.colcon_core.package_identification:_identify(src/own_package) by extensions ['colcon_meta']
[0.231s] Level 1:colcon.colcon_core.package_identification:_identify(src/own_package) by extension 'colcon_meta'
[0.232s] Level 1:colcon.colcon_core.package_identification:_identify(src/own_package) by extensions ['ros']
[0.232s] Level 1:colcon.colcon_core.package_identification:_identify(src/own_package) by extension 'ros'
[0.232s] DEBUG:colcon.colcon_core.package_identification:Package 'src/own_package' with type 'ros.ament_python' and name 'own_package'
[0.232s] Level 1:colcon.colcon_core.package_discovery:discover_packages(recursive) using defaults
[0.232s] Level 1:colcon.colcon_core.package_discovery:discover_packages(ignore) discover
[0.232s] Level 1:colcon.colcon_core.package_discovery:discover_packages(ignore) using defaults
[0.232s] Level 1:colcon.colcon_core.package_discovery:discover_packages(path) discover
[0.232s] Level 1:colcon.colcon_core.package_discovery:discover_packages(path) using defaults
[0.251s] Level 1:colcon.colcon_core.package_discovery:discover_packages(prefix_path) check parameters
[0.251s] Level 1:colcon.colcon_core.package_discovery:discover_packages(prefix_path) discover
[0.252s] DEBUG:colcon.colcon_installed_package_information.package_discovery:Found 6 installed packages in /home/eeavir/tellocontrol/install
[0.253s] DEBUG:colcon.colcon_installed_package_information.package_discovery:Found 275 installed packages in /opt/ros/galactic
[0.254s] Level 1:colcon.colcon_core.package_discovery:discover_packages(prefix_path) using defaults
[0.291s] Level 5:colcon.colcon_core.verb:set package 'own_package' build argument 'cmake_args' from command line to 'None'
[0.291s] Level 5:colcon.colcon_core.verb:set package 'own_package' build argument 'cmake_target' from command line to 'None'
[0.291s] Level 5:colcon.colcon_core.verb:set package 'own_package' build argument 'cmake_target_skip_unavailable' from command line to 'False'
[0.291s] Level 5:colcon.colcon_core.verb:set package 'own_package' build argument 'cmake_clean_cache' from command line to 'False'
[0.291s] Level 5:colcon.colcon_core.verb:set package 'own_package' build argument 'cmake_clean_first' from command line to 'False'
[0.291s] Level 5:colcon.colcon_core.verb:set package 'own_package' build argument 'cmake_force_configure' from command line to 'False'
[0.291s] Level 5:colcon.colcon_core.verb:set package 'own_package' build argument 'ament_cmake_args' from command line to 'None'
[0.291s] Level 5:colcon.colcon_core.verb:set package 'own_package' build argument 'catkin_cmake_args' from command line to 'None'
[0.291s] Level 5:colcon.colcon_core.verb:set package 'own_package' build argument 'catkin_skip_building_tests' from command line to 'False'
[0.291s] DEBUG:colcon.colcon_core.verb:Building package 'own_package' with the following arguments: {'ament_cmake_args': None, 'build_base': '/home/eeavir/tellocontrol/build/own_package', 'catkin_cmake_args': None, 'catkin_skip_building_tests': False, 'cmake_args': None, 'cmake_clean_cache': False, 'cmake_clean_first': False, 'cmake_force_configure': False, 'cmake_target': None, 'cmake_target_skip_unavailable': False, 'install_base': '/home/eeavir/tellocontrol/install/own_package', 'merge_install': False, 'path': '/home/eeavir/tellocontrol/src/own_package', 'symlink_install': False, 'test_result_base': None}
[0.291s] Level 5:colcon.colcon_core.verb:set package 'ros2_shared' build argument 'cmake_args' from command line to 'None'
[0.291s] Level 5:colcon.colcon_core.verb:set package 'ros2_shared' build argument 'cmake_target' from command line to 'None'
[0.291s] Level 5:colcon.colcon_core.verb:set package 'ros2_shared' build argument 'cmake_target_skip_unavailable' from command line to 'False'
[0.291s] Level 5:colcon.colcon_core.verb:set package 'ros2_shared' build argument 'cmake_clean_cache' from command line to 'False'
[0.291s] Level 5:colcon.colcon_core.verb:set package 'ros2_shared' build argument 'cmake_clean_first' from command line to 'False'
[0.291s] Level 5:colcon.colcon_core.verb:set package 'ros2_shared' build argument 'cmake_force_configure' from command line to 'False'
[0.291s] Level 5:colcon.colcon_core.verb:set package 'ros2_shared' build argument 'ament_cmake_args' from command line to 'None'
[0.291s] Level 5:colcon.colcon_core.verb:set package 'ros2_shared' build argument 'catkin_cmake_args' from command line to 'None'
[0.291s] Level 5:colcon.colcon_core.verb:set package 'ros2_shared' build argument 'catkin_skip_building_tests' from command line to 'False'
[0.291s] DEBUG:colcon.colcon_core.verb:Building package 'ros2_shared' with the following arguments: {'ament_cmake_args': None, 'build_base': '/home/eeavir/tellocontrol/build/ros2_shared', 'catkin_cmake_args': None, 'catkin_skip_building_tests': False, 'cmake_args': None, 'cmake_clean_cache': False, 'cmake_clean_first': False, 'cmake_force_configure': False, 'cmake_target': None, 'cmake_target_skip_unavailable': False, 'install_base': '/home/eeavir/tellocontrol/install/ros2_shared', 'merge_install': False, 'path': '/home/eeavir/tellocontrol/src/drone_racing_ros2/ros2_shared', 'symlink_install': False, 'test_result_base': None}
[0.292s] Level 5:colcon.colcon_core.verb:set package 'tello_description' build argument 'cmake_args' from command line to 'None'
[0.292s] Level 5:colcon.colcon_core.verb:set package 'tello_description' build argument 'cmake_target' from command line to 'None'
[0.292s] Level 5:colcon.colcon_core.verb:set package 'tello_description' build argument 'cmake_target_skip_unavailable' from command line to 'False'
[0.292s] Level 5:colcon.colcon_core.verb:set package 'tello_description' build argument 'cmake_clean_cache' from command line to 'False'
[0.292s] Level 5:colcon.colcon_core.verb:set package 'tello_description' build argument 'cmake_clean_first' from command line to 'False'
[0.292s] Level 5:colcon.colcon_core.verb:set package 'tello_description' build argument 'cmake_force_configure' from command line to 'False'
[0.292s] Level 5:colcon.colcon_core.verb:set package 'tello_description' build argument 'ament_cmake_args' from command line to 'None'
[0.292s] Level 5:colcon.colcon_core.verb:set package 'tello_description' build argument 'catkin_cmake_args' from command line to 'None'
[0.292s] Level 5:colcon.colcon_core.verb:set package 'tello_description' build argument 'catkin_skip_building_tests' from command line to 'False'
[0.292s] DEBUG:colcon.colcon_core.verb:Building package 'tello_description' with the following arguments: {'ament_cmake_args': None, 'build_base': '/home/eeavir/tellocontrol/build/tello_description', 'catkin_cmake_args': None, 'catkin_skip_building_tests': False, 'cmake_args': None, 'cmake_clean_cache': False, 'cmake_clean_first': False, 'cmake_force_configure': False, 'cmake_target': None, 'cmake_target_skip_unavailable': False, 'install_base': '/home/eeavir/tellocontrol/install/tello_description', 'merge_install': False, 'path': '/home/eeavir/tellocontrol/src/drone_racing_ros2/tello_ros/tello_description', 'symlink_install': False, 'test_result_base': None}
[0.292s] Level 5:colcon.colcon_core.verb:set package 'tello_msgs' build argument 'cmake_args' from command line to 'None'
[0.292s] Level 5:colcon.colcon_core.verb:set package 'tello_msgs' build argument 'cmake_target' from command line to 'None'
[0.292s] Level 5:colcon.colcon_core.verb:set package 'tello_msgs' build argument 'cmake_target_skip_unavailable' from command line to 'False'
[0.292s] Level 5:colcon.colcon_core.verb:set package 'tello_msgs' build argument 'cmake_clean_cache' from command line to 'False'
[0.292s] Level 5:colcon.colcon_core.verb:set package 'tello_msgs' build argument 'cmake_clean_first' from command line to 'False'
[0.292s] Level 5:colcon.colcon_core.verb:set package 'tello_msgs' build argument 'cmake_force_configure' from command line to 'False'
[0.292s] Level 5:colcon.colcon_core.verb:set package 'tello_msgs' build argument 'ament_cmake_args' from command line to 'None'
[0.292s] Level 5:colcon.colcon_core.verb:set package 'tello_msgs' build argument 'catkin_cmake_args' from command line to 'None'
[0.292s] Level 5:colcon.colcon_core.verb:set package 'tello_msgs' build argument 'catkin_skip_building_tests' from command line to 'False'
[0.292s] DEBUG:colcon.colcon_core.verb:Building package 'tello_msgs' with the following arguments: {'ament_cmake_args': None, 'build_base': '/home/eeavir/tellocontrol/build/tello_msgs', 'catkin_cmake_args': None, 'catkin_skip_building_tests': False, 'cmake_args': None, 'cmake_clean_cache': False, 'cmake_clean_first': False, 'cmake_force_configure': False, 'cmake_target': None, 'cmake_target_skip_unavailable': False, 'install_base': '/home/eeavir/tellocontrol/install/tello_msgs', 'merge_install': False, 'path': '/home/eeavir/tellocontrol/src/drone_racing_ros2/tello_ros/tello_msgs', 'symlink_install': False, 'test_result_base': None}
[0.292s] Level 5:colcon.colcon_core.verb:set package 'tello_driver' build argument 'cmake_args' from command line to 'None'
[0.292s] Level 5:colcon.colcon_core.verb:set package 'tello_driver' build argument 'cmake_target' from command line to 'None'
[0.292s] Level 5:colcon.colcon_core.verb:set package 'tello_driver' build argument 'cmake_target_skip_unavailable' from command line to 'False'
[0.292s] Level 5:colcon.colcon_core.verb:set package 'tello_driver' build argument 'cmake_clean_cache' from command line to 'False'
[0.292s] Level 5:colcon.colcon_core.verb:set package 'tello_driver' build argument 'cmake_clean_first' from command line to 'False'
[0.292s] Level 5:colcon.colcon_core.verb:set package 'tello_driver' build argument 'cmake_force_configure' from command line to 'False'
[0.292s] Level 5:colcon.colcon_core.verb:set package 'tello_driver' build argument 'ament_cmake_args' from command line to 'None'
[0.292s] Level 5:colcon.colcon_core.verb:set package 'tello_driver' build argument 'catkin_cmake_args' from command line to 'None'
[0.292s] Level 5:colcon.colcon_core.verb:set package 'tello_driver' build argument 'catkin_skip_building_tests' from command line to 'False'
[0.293s] DEBUG:colcon.colcon_core.verb:Building package 'tello_driver' with the following arguments: {'ament_cmake_args': None, 'build_base': '/home/eeavir/tellocontrol/build/tello_driver', 'catkin_cmake_args': None, 'catkin_skip_building_tests': False, 'cmake_args': None, 'cmake_clean_cache': False, 'cmake_clean_first': False, 'cmake_force_configure': False, 'cmake_target': None, 'cmake_target_skip_unavailable': False, 'install_base': '/home/eeavir/tellocontrol/install/tello_driver', 'merge_install': False, 'path': '/home/eeavir/tellocontrol/src/drone_racing_ros2/tello_ros/tello_driver', 'symlink_install': False, 'test_result_base': None}
[0.293s] Level 5:colcon.colcon_core.verb:set package 'tello_gazebo' build argument 'cmake_args' from command line to 'None'
[0.293s] Level 5:colcon.colcon_core.verb:set package 'tello_gazebo' build argument 'cmake_target' from command line to 'None'
[0.293s] Level 5:colcon.colcon_core.verb:set package 'tello_gazebo' build argument 'cmake_target_skip_unavailable' from command line to 'False'
[0.293s] Level 5:colcon.colcon_core.verb:set package 'tello_gazebo' build argument 'cmake_clean_cache' from command line to 'False'
[0.293s] Level 5:colcon.colcon_core.verb:set package 'tello_gazebo' build argument 'cmake_clean_first' from command line to 'False'
[0.293s] Level 5:colcon.colcon_core.verb:set package 'tello_gazebo' build argument 'cmake_force_configure' from command line to 'False'
[0.293s] Level 5:colcon.colcon_core.verb:set package 'tello_gazebo' build argument 'ament_cmake_args' from command line to 'None'
[0.293s] Level 5:colcon.colcon_core.verb:set package 'tello_gazebo' build argument 'catkin_cmake_args' from command line to 'None'
[0.293s] Level 5:colcon.colcon_core.verb:set package 'tello_gazebo' build argument 'catkin_skip_building_tests' from command line to 'False'
[0.293s] DEBUG:colcon.colcon_core.verb:Building package 'tello_gazebo' with the following arguments: {'ament_cmake_args': None, 'build_base': '/home/eeavir/tellocontrol/build/tello_gazebo', 'catkin_cmake_args': None, 'catkin_skip_building_tests': False, 'cmake_args': None, 'cmake_clean_cache': False, 'cmake_clean_first': False, 'cmake_force_configure': False, 'cmake_target': None, 'cmake_target_skip_unavailable': False, 'install_base': '/home/eeavir/tellocontrol/install/tello_gazebo', 'merge_install': False, 'path': '/home/eeavir/tellocontrol/src/drone_racing_ros2/tello_ros/tello_gazebo', 'symlink_install': False, 'test_result_base': None}
[0.293s] INFO:colcon.colcon_core.executor:Executing jobs using 'parallel' executor
[0.294s] DEBUG:colcon.colcon_parallel_executor.executor.parallel:run_until_complete
[0.294s] INFO:colcon.colcon_ros.task.ament_cmake.build:Building ROS package in '/home/eeavir/tellocontrol/src/drone_racing_ros2/tello_ros/tello_msgs' with build type 'ament_cmake'
[0.294s] INFO:colcon.colcon_cmake.task.cmake.build:Building CMake package in '/home/eeavir/tellocontrol/src/drone_racing_ros2/tello_ros/tello_msgs'
[0.295s] INFO:colcon.colcon_core.plugin_system:Skipping extension 'colcon_core.shell.bat': Not used on non-Windows systems
[0.295s] INFO:colcon.colcon_core.shell:Skip shell extension 'powershell' for command environment: Not usable outside of PowerShell
[0.295s] DEBUG:colcon.colcon_core.shell:Skip shell extension 'dsv' for command environment
[0.299s] INFO:colcon.colcon_ros.task.ament_cmake.build:Building ROS package in '/home/eeavir/tellocontrol/src/drone_racing_ros2/ros2_shared' with build type 'ament_cmake'
[0.299s] INFO:colcon.colcon_cmake.task.cmake.build:Building CMake package in '/home/eeavir/tellocontrol/src/drone_racing_ros2/ros2_shared'
[0.300s] INFO:colcon.colcon_core.shell:Skip shell extension 'powershell' for command environment: Not usable outside of PowerShell
[0.300s] DEBUG:colcon.colcon_core.shell:Skip shell extension 'dsv' for command environment
[0.303s] INFO:colcon.colcon_ros.task.ament_python.build:Building ROS package in '/home/eeavir/tellocontrol/src/own_package' with build type 'ament_python'
[0.304s] Level 1:colcon.colcon_core.shell:create_environment_hook('own_package', 'ament_prefix_path')
[0.304s] INFO:colcon.colcon_core.shell:Creating environment hook '/home/eeavir/tellocontrol/install/own_package/share/own_package/hook/ament_prefix_path.ps1'
[0.305s] INFO:colcon.colcon_core.shell:Creating environment descriptor '/home/eeavir/tellocontrol/install/own_package/share/own_package/hook/ament_prefix_path.dsv'
[0.305s] INFO:colcon.colcon_core.shell:Creating environment hook '/home/eeavir/tellocontrol/install/own_package/share/own_package/hook/ament_prefix_path.sh'
[0.306s] INFO:colcon.colcon_core.shell:Skip shell extension 'powershell' for command environment: Not usable outside of PowerShell
[0.306s] DEBUG:colcon.colcon_core.shell:Skip shell extension 'dsv' for command environment
[0.310s] INFO:colcon.colcon_ros.task.ament_cmake.build:Building ROS package in '/home/eeavir/tellocontrol/src/drone_racing_ros2/tello_ros/tello_description' with build type 'ament_cmake'
[0.310s] INFO:colcon.colcon_cmake.task.cmake.build:Building CMake package in '/home/eeavir/tellocontrol/src/drone_racing_ros2/tello_ros/tello_description'
[0.310s] INFO:colcon.colcon_core.shell:Skip shell extension 'powershell' for command environment: Not usable outside of PowerShell
[0.311s] DEBUG:colcon.colcon_core.shell:Skip shell extension 'dsv' for command environment
[0.319s] DEBUG:colcon.colcon_core.event_handler.log_command:Invoking command in '/home/eeavir/tellocontrol/build/tello_msgs': CMAKE_PREFIX_PATH=${CMAKE_PREFIX_PATH}:/home/eeavir/tellocontrol/install/own_package:/opt/ros/galactic /usr/bin/cmake --build /home/eeavir/tellocontrol/build/tello_msgs -- -j8 -l8
[0.323s] DEBUG:colcon.colcon_core.event_handler.log_command:Invoking command in '/home/eeavir/tellocontrol/build/ros2_shared': CMAKE_PREFIX_PATH=${CMAKE_PREFIX_PATH}:/home/eeavir/tellocontrol/install/own_package:/opt/ros/galactic /usr/bin/cmake --build /home/eeavir/tellocontrol/build/ros2_shared -- -j8 -l8
[0.487s] INFO:colcon.colcon_core.task.python.build:Building Python package in '/home/eeavir/tellocontrol/src/own_package'
[0.488s] INFO:colcon.colcon_core.shell:Skip shell extension 'powershell' for command environment: Not usable outside of PowerShell
[0.488s] DEBUG:colcon.colcon_core.shell:Skip shell extension 'dsv' for command environment
[0.500s] DEBUG:colcon.colcon_core.event_handler.log_command:Invoking command in '/home/eeavir/tellocontrol/build/tello_description': CMAKE_PREFIX_PATH=${CMAKE_PREFIX_PATH}:/home/eeavir/tellocontrol/install/own_package:/opt/ros/galactic /usr/bin/cmake --build /home/eeavir/tellocontrol/build/tello_description -- -j8 -l8
[0.501s] DEBUG:colcon.colcon_core.event_handler.log_command:Invoked command in '/home/eeavir/tellocontrol/build/tello_msgs' returned '0': CMAKE_PREFIX_PATH=${CMAKE_PREFIX_PATH}:/home/eeavir/tellocontrol/install/own_package:/opt/ros/galactic /usr/bin/cmake --build /home/eeavir/tellocontrol/build/tello_msgs -- -j8 -l8
[0.509s] DEBUG:colcon.colcon_core.event_handler.log_command:Invoking command in '/home/eeavir/tellocontrol/build/tello_msgs': CMAKE_PREFIX_PATH=${CMAKE_PREFIX_PATH}:/home/eeavir/tellocontrol/install/own_package:/opt/ros/galactic /usr/bin/cmake --install /home/eeavir/tellocontrol/build/tello_msgs
[0.510s] DEBUG:colcon.colcon_core.event_handler.log_command:Invoked command in '/home/eeavir/tellocontrol/build/ros2_shared' returned '0': CMAKE_PREFIX_PATH=${CMAKE_PREFIX_PATH}:/home/eeavir/tellocontrol/install/own_package:/opt/ros/galactic /usr/bin/cmake --build /home/eeavir/tellocontrol/build/ros2_shared -- -j8 -l8
[0.511s] DEBUG:colcon.colcon_core.event_handler.log_command:Invoking command in '/home/eeavir/tellocontrol/build/ros2_shared': CMAKE_PREFIX_PATH=${CMAKE_PREFIX_PATH}:/home/eeavir/tellocontrol/install/own_package:/opt/ros/galactic /usr/bin/cmake --install /home/eeavir/tellocontrol/build/ros2_shared
[0.525s] Level 1:colcon.colcon_core.environment:create_environment_scripts_only(ros2_shared)
[0.526s] DEBUG:colcon.colcon_core.event_handler.log_command:Invoked command in '/home/eeavir/tellocontrol/build/ros2_shared' returned '0': CMAKE_PREFIX_PATH=${CMAKE_PREFIX_PATH}:/home/eeavir/tellocontrol/install/own_package:/opt/ros/galactic /usr/bin/cmake --install /home/eeavir/tellocontrol/build/ros2_shared
[0.528s] Level 1:colcon.colcon_core.environment:checking '/home/eeavir/tellocontrol/install/ros2_shared' for CMake module files
[0.528s] Level 1:colcon.colcon_core.environment:checking '/home/eeavir/tellocontrol/install/ros2_shared' for CMake config files
[0.529s] Level 1:colcon.colcon_core.shell:create_environment_hook('ros2_shared', 'cmake_prefix_path')
[0.529s] INFO:colcon.colcon_core.shell:Creating environment hook '/home/eeavir/tellocontrol/install/ros2_shared/share/ros2_shared/hook/cmake_prefix_path.ps1'
[0.530s] INFO:colcon.colcon_core.shell:Creating environment descriptor '/home/eeavir/tellocontrol/install/ros2_shared/share/ros2_shared/hook/cmake_prefix_path.dsv'
[0.530s] INFO:colcon.colcon_core.shell:Creating environment hook '/home/eeavir/tellocontrol/install/ros2_shared/share/ros2_shared/hook/cmake_prefix_path.sh'
[0.531s] Level 1:colcon.colcon_core.environment:checking '/home/eeavir/tellocontrol/install/ros2_shared/bin'
[0.531s] Level 1:colcon.colcon_core.environment:checking '/home/eeavir/tellocontrol/install/ros2_shared/lib/pkgconfig/ros2_shared.pc'
[0.531s] Level 1:colcon.colcon_core.environment:checking '/home/eeavir/tellocontrol/install/ros2_shared/lib/python3.8/site-packages'
[0.531s] Level 1:colcon.colcon_core.environment:checking '/home/eeavir/tellocontrol/install/ros2_shared/bin'
[0.532s] INFO:colcon.colcon_core.shell:Creating package script '/home/eeavir/tellocontrol/install/ros2_shared/share/ros2_shared/package.ps1'
[0.533s] INFO:colcon.colcon_core.shell:Creating package descriptor '/home/eeavir/tellocontrol/install/ros2_shared/share/ros2_shared/package.dsv'
[0.534s] INFO:colcon.colcon_core.shell:Creating package script '/home/eeavir/tellocontrol/install/ros2_shared/share/ros2_shared/package.sh'
[0.534s] INFO:colcon.colcon_core.shell:Creating package script '/home/eeavir/tellocontrol/install/ros2_shared/share/ros2_shared/package.bash'
[0.535s] INFO:colcon.colcon_core.shell:Creating package script '/home/eeavir/tellocontrol/install/ros2_shared/share/ros2_shared/package.zsh'
[0.536s] Level 1:colcon.colcon_core.environment:create_file_with_runtime_dependencies(/home/eeavir/tellocontrol/install/ros2_shared/share/colcon-core/packages/ros2_shared)
[0.537s] Level 1:colcon.colcon_core.environment:create_environment_scripts_only(ros2_shared)
[0.537s] Level 1:colcon.colcon_core.environment:checking '/home/eeavir/tellocontrol/install/ros2_shared' for CMake module files
[0.538s] Level 1:colcon.colcon_core.environment:checking '/home/eeavir/tellocontrol/install/ros2_shared' for CMake config files
[0.538s] Level 1:colcon.colcon_core.shell:create_environment_hook('ros2_shared', 'cmake_prefix_path')
[0.538s] INFO:colcon.colcon_core.shell:Creating environment hook '/home/eeavir/tellocontrol/install/ros2_shared/share/ros2_shared/hook/cmake_prefix_path.ps1'
[0.539s] INFO:colcon.colcon_core.shell:Creating environment descriptor '/home/eeavir/tellocontrol/install/ros2_shared/share/ros2_shared/hook/cmake_prefix_path.dsv'
[0.539s] INFO:colcon.colcon_core.shell:Creating environment hook '/home/eeavir/tellocontrol/install/ros2_shared/share/ros2_shared/hook/cmake_prefix_path.sh'
[0.540s] Level 1:colcon.colcon_core.environment:checking '/home/eeavir/tellocontrol/install/ros2_shared/bin'
[0.540s] Level 1:colcon.colcon_core.environment:checking '/home/eeavir/tellocontrol/install/ros2_shared/lib/pkgconfig/ros2_shared.pc'
[0.540s] Level 1:colcon.colcon_core.environment:checking '/home/eeavir/tellocontrol/install/ros2_shared/lib/python3.8/site-packages'
[0.540s] Level 1:colcon.colcon_core.environment:checking '/home/eeavir/tellocontrol/install/ros2_shared/bin'
[0.540s] INFO:colcon.colcon_core.shell:Creating package script '/home/eeavir/tellocontrol/install/ros2_shared/share/ros2_shared/package.ps1'
[0.541s] INFO:colcon.colcon_core.shell:Creating package descriptor '/home/eeavir/tellocontrol/install/ros2_shared/share/ros2_shared/package.dsv'
[0.542s] INFO:colcon.colcon_core.shell:Creating package script '/home/eeavir/tellocontrol/install/ros2_shared/share/ros2_shared/package.sh'
[0.542s] INFO:colcon.colcon_core.shell:Creating package script '/home/eeavir/tellocontrol/install/ros2_shared/share/ros2_shared/package.bash'
[0.542s] INFO:colcon.colcon_core.shell:Creating package script '/home/eeavir/tellocontrol/install/ros2_shared/share/ros2_shared/package.zsh'
[0.543s] Level 1:colcon.colcon_core.environment:create_file_with_runtime_dependencies(/home/eeavir/tellocontrol/install/ros2_shared/share/colcon-core/packages/ros2_shared)
[0.561s] Level 1:colcon.colcon_core.environment:create_environment_scripts_only(tello_msgs)
[0.562s] Level 1:colcon.colcon_core.environment:checking '/home/eeavir/tellocontrol/install/tello_msgs' for CMake module files
[0.563s] Level 1:colcon.colcon_core.environment:checking '/home/eeavir/tellocontrol/install/tello_msgs' for CMake config files
[0.563s] DEBUG:colcon.colcon_core.event_handler.log_command:Invoked command in '/home/eeavir/tellocontrol/build/tello_msgs' returned '0': CMAKE_PREFIX_PATH=${CMAKE_PREFIX_PATH}:/home/eeavir/tellocontrol/install/own_package:/opt/ros/galactic /usr/bin/cmake --install /home/eeavir/tellocontrol/build/tello_msgs
[0.563s] Level 1:colcon.colcon_core.shell:create_environment_hook('tello_msgs', 'cmake_prefix_path')
[0.564s] INFO:colcon.colcon_core.shell:Creating environment hook '/home/eeavir/tellocontrol/install/tello_msgs/share/tello_msgs/hook/cmake_prefix_path.ps1'
[0.564s] INFO:colcon.colcon_core.shell:Creating environment descriptor '/home/eeavir/tellocontrol/install/tello_msgs/share/tello_msgs/hook/cmake_prefix_path.dsv'
[0.565s] INFO:colcon.colcon_core.shell:Creating environment hook '/home/eeavir/tellocontrol/install/tello_msgs/share/tello_msgs/hook/cmake_prefix_path.sh'
[0.565s] Level 1:colcon.colcon_core.environment:checking '/home/eeavir/tellocontrol/install/tello_msgs/lib'
[0.566s] Level 1:colcon.colcon_core.shell:create_environment_hook('tello_msgs', 'ld_library_path_lib')
[0.566s] INFO:colcon.colcon_core.shell:Creating environment hook '/home/eeavir/tellocontrol/install/tello_msgs/share/tello_msgs/hook/ld_library_path_lib.ps1'
[0.566s] INFO:colcon.colcon_core.shell:Creating environment descriptor '/home/eeavir/tellocontrol/install/tello_msgs/share/tello_msgs/hook/ld_library_path_lib.dsv'
[0.567s] INFO:colcon.colcon_core.shell:Creating environment hook '/home/eeavir/tellocontrol/install/tello_msgs/share/tello_msgs/hook/ld_library_path_lib.sh'
[0.567s] Level 1:colcon.colcon_core.environment:checking '/home/eeavir/tellocontrol/install/tello_msgs/bin'
[0.567s] Level 1:colcon.colcon_core.environment:checking '/home/eeavir/tellocontrol/install/tello_msgs/lib/pkgconfig/tello_msgs.pc'
[0.567s] Level 1:colcon.colcon_core.environment:checking '/home/eeavir/tellocontrol/install/tello_msgs/lib/python3.8/site-packages'
[0.567s] Level 1:colcon.colcon_core.shell:create_environment_hook('tello_msgs', 'pythonpath')
[0.568s] INFO:colcon.colcon_core.shell:Creating environment hook '/home/eeavir/tellocontrol/install/tello_msgs/share/tello_msgs/hook/pythonpath.ps1'
[0.568s] INFO:colcon.colcon_core.shell:Creating environment descriptor '/home/eeavir/tellocontrol/install/tello_msgs/share/tello_msgs/hook/pythonpath.dsv'
[0.569s] INFO:colcon.colcon_core.shell:Creating environment hook '/home/eeavir/tellocontrol/install/tello_msgs/share/tello_msgs/hook/pythonpath.sh'
[0.569s] Level 1:colcon.colcon_core.environment:checking '/home/eeavir/tellocontrol/install/tello_msgs/bin'
[0.570s] INFO:colcon.colcon_core.shell:Creating package script '/home/eeavir/tellocontrol/install/tello_msgs/share/tello_msgs/package.ps1'
[0.571s] INFO:colcon.colcon_core.shell:Creating package descriptor '/home/eeavir/tellocontrol/install/tello_msgs/share/tello_msgs/package.dsv'
[0.571s] INFO:colcon.colcon_core.shell:Creating package script '/home/eeavir/tellocontrol/install/tello_msgs/share/tello_msgs/package.sh'
[0.572s] INFO:colcon.colcon_core.shell:Creating package script '/home/eeavir/tellocontrol/install/tello_msgs/share/tello_msgs/package.bash'
[0.572s] INFO:colcon.colcon_core.shell:Creating package script '/home/eeavir/tellocontrol/install/tello_msgs/share/tello_msgs/package.zsh'
[0.572s] Level 1:colcon.colcon_core.environment:create_file_with_runtime_dependencies(/home/eeavir/tellocontrol/install/tello_msgs/share/colcon-core/packages/tello_msgs)
[0.573s] Level 1:colcon.colcon_core.environment:create_environment_scripts_only(tello_msgs)
[0.573s] Level 1:colcon.colcon_core.environment:checking '/home/eeavir/tellocontrol/install/tello_msgs' for CMake module files
[0.573s] Level 1:colcon.colcon_core.environment:checking '/home/eeavir/tellocontrol/install/tello_msgs' for CMake config files
[0.573s] Level 1:colcon.colcon_core.shell:create_environment_hook('tello_msgs', 'cmake_prefix_path')
[0.574s] INFO:colcon.colcon_core.shell:Creating environment hook '/home/eeavir/tellocontrol/install/tello_msgs/share/tello_msgs/hook/cmake_prefix_path.ps1'
[0.574s] INFO:colcon.colcon_core.shell:Creating environment descriptor '/home/eeavir/tellocontrol/install/tello_msgs/share/tello_msgs/hook/cmake_prefix_path.dsv'
[0.574s] INFO:colcon.colcon_core.shell:Creating environment hook '/home/eeavir/tellocontrol/install/tello_msgs/share/tello_msgs/hook/cmake_prefix_path.sh'
[0.575s] Level 1:colcon.colcon_core.environment:checking '/home/eeavir/tellocontrol/install/tello_msgs/lib'
[0.575s] Level 1:colcon.colcon_core.shell:create_environment_hook('tello_msgs', 'ld_library_path_lib')
[0.575s] INFO:colcon.colcon_core.shell:Creating environment hook '/home/eeavir/tellocontrol/install/tello_msgs/share/tello_msgs/hook/ld_library_path_lib.ps1'
[0.575s] INFO:colcon.colcon_core.shell:Creating environment descriptor '/home/eeavir/tellocontrol/install/tello_msgs/share/tello_msgs/hook/ld_library_path_lib.dsv'
[0.575s] INFO:colcon.colcon_core.shell:Creating environment hook '/home/eeavir/tellocontrol/install/tello_msgs/share/tello_msgs/hook/ld_library_path_lib.sh'
[0.576s] Level 1:colcon.colcon_core.environment:checking '/home/eeavir/tellocontrol/install/tello_msgs/bin'
[0.576s] Level 1:colcon.colcon_core.environment:checking '/home/eeavir/tellocontrol/install/tello_msgs/lib/pkgconfig/tello_msgs.pc'
[0.576s] Level 1:colcon.colcon_core.environment:checking '/home/eeavir/tellocontrol/install/tello_msgs/lib/python3.8/site-packages'
[0.576s] Level 1:colcon.colcon_core.shell:create_environment_hook('tello_msgs', 'pythonpath')
[0.576s] INFO:colcon.colcon_core.shell:Creating environment hook '/home/eeavir/tellocontrol/install/tello_msgs/share/tello_msgs/hook/pythonpath.ps1'
[0.576s] INFO:colcon.colcon_core.shell:Creating environment descriptor '/home/eeavir/tellocontrol/install/tello_msgs/share/tello_msgs/hook/pythonpath.dsv'
[0.577s] INFO:colcon.colcon_core.shell:Creating environment hook '/home/eeavir/tellocontrol/install/tello_msgs/share/tello_msgs/hook/pythonpath.sh'
[0.577s] Level 1:colcon.colcon_core.environment:checking '/home/eeavir/tellocontrol/install/tello_msgs/bin'
[0.577s] INFO:colcon.colcon_core.shell:Creating package script '/home/eeavir/tellocontrol/install/tello_msgs/share/tello_msgs/package.ps1'
[0.577s] INFO:colcon.colcon_core.shell:Creating package descriptor '/home/eeavir/tellocontrol/install/tello_msgs/share/tello_msgs/package.dsv'
[0.578s] INFO:colcon.colcon_core.shell:Creating package script '/home/eeavir/tellocontrol/install/tello_msgs/share/tello_msgs/package.sh'
[0.578s] INFO:colcon.colcon_core.shell:Creating package script '/home/eeavir/tellocontrol/install/tello_msgs/share/tello_msgs/package.bash'
[0.579s] INFO:colcon.colcon_core.shell:Creating package script '/home/eeavir/tellocontrol/install/tello_msgs/share/tello_msgs/package.zsh'
[0.579s] Level 1:colcon.colcon_core.environment:create_file_with_runtime_dependencies(/home/eeavir/tellocontrol/install/tello_msgs/share/colcon-core/packages/tello_msgs)
[0.579s] INFO:colcon.colcon_ros.task.ament_cmake.build:Building ROS package in '/home/eeavir/tellocontrol/src/drone_racing_ros2/tello_ros/tello_driver' with build type 'ament_cmake'
[0.580s] INFO:colcon.colcon_cmake.task.cmake.build:Building CMake package in '/home/eeavir/tellocontrol/src/drone_racing_ros2/tello_ros/tello_driver'
[0.580s] INFO:colcon.colcon_core.shell:Skip shell extension 'powershell' for command environment: Not usable outside of PowerShell
[0.580s] DEBUG:colcon.colcon_core.shell:Skip shell extension 'dsv' for command environment
[0.584s] INFO:colcon.colcon_ros.task.ament_cmake.build:Building ROS package in '/home/eeavir/tellocontrol/src/drone_racing_ros2/tello_ros/tello_gazebo' with build type 'ament_cmake'
[0.584s] INFO:colcon.colcon_cmake.task.cmake.build:Building CMake package in '/home/eeavir/tellocontrol/src/drone_racing_ros2/tello_ros/tello_gazebo'
[0.585s] INFO:colcon.colcon_core.shell:Skip shell extension 'powershell' for command environment: Not usable outside of PowerShell
[0.585s] DEBUG:colcon.colcon_core.shell:Skip shell extension 'dsv' for command environment
[0.591s] DEBUG:colcon.colcon_core.event_handler.log_command:Invoked command in '/home/eeavir/tellocontrol/build/tello_description' returned '0': CMAKE_PREFIX_PATH=${CMAKE_PREFIX_PATH}:/home/eeavir/tellocontrol/install/own_package:/opt/ros/galactic /usr/bin/cmake --build /home/eeavir/tellocontrol/build/tello_description -- -j8 -l8
[0.593s] DEBUG:colcon.colcon_core.event_handler.log_command:Invoking command in '/home/eeavir/tellocontrol/build/tello_description': CMAKE_PREFIX_PATH=${CMAKE_PREFIX_PATH}:/home/eeavir/tellocontrol/install/own_package:/opt/ros/galactic /usr/bin/cmake --install /home/eeavir/tellocontrol/build/tello_description
[0.598s] DEBUG:colcon.colcon_core.event_handler.log_command:Invoking command in '/home/eeavir/tellocontrol/build/tello_driver': CMAKE_PREFIX_PATH=/home/eeavir/tellocontrol/install/tello_msgs:/home/eeavir/tellocontrol/install/ros2_shared:/home/eeavir/tellocontrol/install/tello_gazebo:/home/eeavir/tellocontrol/install/tello_driver:/home/eeavir/tellocontrol/install/tello_description:/home/eeavir/tellocontrol/install/own_package:/opt/ros/galactic LD_LIBRARY_PATH=/home/eeavir/tellocontrol/install/tello_msgs/lib:/home/eeavir/tellocontrol/install/tello_gazebo/lib:/home/eeavir/tellocontrol/install/tello_driver/lib:/usr/lib/x86_64-linux-gnu/gazebo-11/plugins:/opt/ros/galactic/opt/yaml_cpp_vendor/lib:/opt/ros/galactic/opt/rviz_ogre_vendor/lib:/opt/ros/galactic/lib/x86_64-linux-gnu:/opt/ros/galactic/lib:/usr/lib/x86_64-linux-gnu/gazebo-11/plugins /usr/bin/cmake --build /home/eeavir/tellocontrol/build/tello_driver -- -j8 -l8
[0.604s] DEBUG:colcon.colcon_core.event_handler.log_command:Invoking command in '/home/eeavir/tellocontrol/build/tello_gazebo': CMAKE_PREFIX_PATH=/home/eeavir/tellocontrol/install/tello_msgs:/home/eeavir/tellocontrol/install/tello_gazebo:/home/eeavir/tellocontrol/install/tello_driver:/home/eeavir/tellocontrol/install/tello_description:/home/eeavir/tellocontrol/install/ros2_shared:/home/eeavir/tellocontrol/install/own_package:/opt/ros/galactic LD_LIBRARY_PATH=/home/eeavir/tellocontrol/install/tello_msgs/lib:/home/eeavir/tellocontrol/install/tello_gazebo/lib:/home/eeavir/tellocontrol/install/tello_driver/lib:/usr/lib/x86_64-linux-gnu/gazebo-11/plugins:/opt/ros/galactic/opt/yaml_cpp_vendor/lib:/opt/ros/galactic/opt/rviz_ogre_vendor/lib:/opt/ros/galactic/lib/x86_64-linux-gnu:/opt/ros/galactic/lib:/usr/lib/x86_64-linux-gnu/gazebo-11/plugins /usr/bin/cmake --build /home/eeavir/tellocontrol/build/tello_gazebo -- -j8 -l8
[0.605s] Level 1:colcon.colcon_core.environment:create_environment_scripts_only(tello_description)
[0.605s] Level 1:colcon.colcon_core.environment:checking '/home/eeavir/tellocontrol/install/tello_description' for CMake module files
[0.607s] DEBUG:colcon.colcon_core.event_handler.log_command:Invoked command in '/home/eeavir/tellocontrol/build/tello_description' returned '0': CMAKE_PREFIX_PATH=${CMAKE_PREFIX_PATH}:/home/eeavir/tellocontrol/install/own_package:/opt/ros/galactic /usr/bin/cmake --install /home/eeavir/tellocontrol/build/tello_description
[0.607s] Level 1:colcon.colcon_core.environment:checking '/home/eeavir/tellocontrol/install/tello_description' for CMake config files
[0.608s] Level 1:colcon.colcon_core.shell:create_environment_hook('tello_description', 'cmake_prefix_path')
[0.608s] INFO:colcon.colcon_core.shell:Creating environment hook '/home/eeavir/tellocontrol/install/tello_description/share/tello_description/hook/cmake_prefix_path.ps1'
[0.609s] INFO:colcon.colcon_core.shell:Creating environment descriptor '/home/eeavir/tellocontrol/install/tello_description/share/tello_description/hook/cmake_prefix_path.dsv'
[0.610s] INFO:colcon.colcon_core.shell:Creating environment hook '/home/eeavir/tellocontrol/install/tello_description/share/tello_description/hook/cmake_prefix_path.sh'
[0.610s] Level 1:colcon.colcon_core.environment:checking '/home/eeavir/tellocontrol/install/tello_description/bin'
[0.610s] Level 1:colcon.colcon_core.environment:checking '/home/eeavir/tellocontrol/install/tello_description/lib/pkgconfig/tello_description.pc'
[0.611s] Level 1:colcon.colcon_core.environment:checking '/home/eeavir/tellocontrol/install/tello_description/lib/python3.8/site-packages'
[0.611s] Level 1:colcon.colcon_core.environment:checking '/home/eeavir/tellocontrol/install/tello_description/bin'
[0.611s] INFO:colcon.colcon_core.shell:Creating package script '/home/eeavir/tellocontrol/install/tello_description/share/tello_description/package.ps1'
[0.612s] INFO:colcon.colcon_core.shell:Creating package descriptor '/home/eeavir/tellocontrol/install/tello_description/share/tello_description/package.dsv'
[0.612s] INFO:colcon.colcon_core.shell:Creating package script '/home/eeavir/tellocontrol/install/tello_description/share/tello_description/package.sh'
[0.612s] INFO:colcon.colcon_core.shell:Creating package script '/home/eeavir/tellocontrol/install/tello_description/share/tello_description/package.bash'
[0.613s] INFO:colcon.colcon_core.shell:Creating package script '/home/eeavir/tellocontrol/install/tello_description/share/tello_description/package.zsh'
[0.613s] Level 1:colcon.colcon_core.environment:create_file_with_runtime_dependencies(/home/eeavir/tellocontrol/install/tello_description/share/colcon-core/packages/tello_description)
[0.614s] Level 1:colcon.colcon_core.environment:create_environment_scripts_only(tello_description)
[0.614s] Level 1:colcon.colcon_core.environment:checking '/home/eeavir/tellocontrol/install/tello_description' for CMake module files
[0.615s] Level 1:colcon.colcon_core.environment:checking '/home/eeavir/tellocontrol/install/tello_description' for CMake config files
[0.615s] Level 1:colcon.colcon_core.shell:create_environment_hook('tello_description', 'cmake_prefix_path')
[0.615s] INFO:colcon.colcon_core.shell:Creating environment hook '/home/eeavir/tellocontrol/install/tello_description/share/tello_description/hook/cmake_prefix_path.ps1'
[0.616s] INFO:colcon.colcon_core.shell:Creating environment descriptor '/home/eeavir/tellocontrol/install/tello_description/share/tello_description/hook/cmake_prefix_path.dsv'
[0.616s] INFO:colcon.colcon_core.shell:Creating environment hook '/home/eeavir/tellocontrol/install/tello_description/share/tello_description/hook/cmake_prefix_path.sh'
[0.617s] Level 1:colcon.colcon_core.environment:checking '/home/eeavir/tellocontrol/install/tello_description/bin'
[0.617s] Level 1:colcon.colcon_core.environment:checking '/home/eeavir/tellocontrol/install/tello_description/lib/pkgconfig/tello_description.pc'
[0.617s] Level 1:colcon.colcon_core.environment:checking '/home/eeavir/tellocontrol/install/tello_description/lib/python3.8/site-packages'
[0.617s] Level 1:colcon.colcon_core.environment:checking '/home/eeavir/tellocontrol/install/tello_description/bin'
[0.617s] INFO:colcon.colcon_core.shell:Creating package script '/home/eeavir/tellocontrol/install/tello_description/share/tello_description/package.ps1'
[0.618s] INFO:colcon.colcon_core.shell:Creating package descriptor '/home/eeavir/tellocontrol/install/tello_description/share/tello_description/package.dsv'
[0.618s] INFO:colcon.colcon_core.shell:Creating package script '/home/eeavir/tellocontrol/install/tello_description/share/tello_description/package.sh'
[0.619s] INFO:colcon.colcon_core.shell:Creating package script '/home/eeavir/tellocontrol/install/tello_description/share/tello_description/package.bash'
[0.619s] INFO:colcon.colcon_core.shell:Creating package script '/home/eeavir/tellocontrol/install/tello_description/share/tello_description/package.zsh'
[0.620s] Level 1:colcon.colcon_core.environment:create_file_with_runtime_dependencies(/home/eeavir/tellocontrol/install/tello_description/share/colcon-core/packages/tello_description)
[0.684s] DEBUG:colcon.colcon_core.event_handler.log_command:Invoked command in '/home/eeavir/tellocontrol/build/tello_driver' returned '0': CMAKE_PREFIX_PATH=/home/eeavir/tellocontrol/install/tello_msgs:/home/eeavir/tellocontrol/install/ros2_shared:/home/eeavir/tellocontrol/install/tello_gazebo:/home/eeavir/tellocontrol/install/tello_driver:/home/eeavir/tellocontrol/install/tello_description:/home/eeavir/tellocontrol/install/own_package:/opt/ros/galactic LD_LIBRARY_PATH=/home/eeavir/tellocontrol/install/tello_msgs/lib:/home/eeavir/tellocontrol/install/tello_gazebo/lib:/home/eeavir/tellocontrol/install/tello_driver/lib:/usr/lib/x86_64-linux-gnu/gazebo-11/plugins:/opt/ros/galactic/opt/yaml_cpp_vendor/lib:/opt/ros/galactic/opt/rviz_ogre_vendor/lib:/opt/ros/galactic/lib/x86_64-linux-gnu:/opt/ros/galactic/lib:/usr/lib/x86_64-linux-gnu/gazebo-11/plugins /usr/bin/cmake --build /home/eeavir/tellocontrol/build/tello_driver -- -j8 -l8
[0.687s] DEBUG:colcon.colcon_core.event_handler.log_command:Invoking command in '/home/eeavir/tellocontrol/build/tello_driver': CMAKE_PREFIX_PATH=/home/eeavir/tellocontrol/install/tello_msgs:/home/eeavir/tellocontrol/install/ros2_shared:/home/eeavir/tellocontrol/install/tello_gazebo:/home/eeavir/tellocontrol/install/tello_driver:/home/eeavir/tellocontrol/install/tello_description:/home/eeavir/tellocontrol/install/own_package:/opt/ros/galactic LD_LIBRARY_PATH=/home/eeavir/tellocontrol/install/tello_msgs/lib:/home/eeavir/tellocontrol/install/tello_gazebo/lib:/home/eeavir/tellocontrol/install/tello_driver/lib:/usr/lib/x86_64-linux-gnu/gazebo-11/plugins:/opt/ros/galactic/opt/yaml_cpp_vendor/lib:/opt/ros/galactic/opt/rviz_ogre_vendor/lib:/opt/ros/galactic/lib/x86_64-linux-gnu:/opt/ros/galactic/lib:/usr/lib/x86_64-linux-gnu/gazebo-11/plugins /usr/bin/cmake --install /home/eeavir/tellocontrol/build/tello_driver
[0.688s] DEBUG:colcon.colcon_core.event_handler.log_command:Invoked command in '/home/eeavir/tellocontrol/build/tello_gazebo' returned '0': CMAKE_PREFIX_PATH=/home/eeavir/tellocontrol/install/tello_msgs:/home/eeavir/tellocontrol/install/tello_gazebo:/home/eeavir/tellocontrol/install/tello_driver:/home/eeavir/tellocontrol/install/tello_description:/home/eeavir/tellocontrol/install/ros2_shared:/home/eeavir/tellocontrol/install/own_package:/opt/ros/galactic LD_LIBRARY_PATH=/home/eeavir/tellocontrol/install/tello_msgs/lib:/home/eeavir/tellocontrol/install/tello_gazebo/lib:/home/eeavir/tellocontrol/install/tello_driver/lib:/usr/lib/x86_64-linux-gnu/gazebo-11/plugins:/opt/ros/galactic/opt/yaml_cpp_vendor/lib:/opt/ros/galactic/opt/rviz_ogre_vendor/lib:/opt/ros/galactic/lib/x86_64-linux-gnu:/opt/ros/galactic/lib:/usr/lib/x86_64-linux-gnu/gazebo-11/plugins /usr/bin/cmake --build /home/eeavir/tellocontrol/build/tello_gazebo -- -j8 -l8
[0.690s] DEBUG:colcon.colcon_core.event_handler.log_command:Invoking command in '/home/eeavir/tellocontrol/build/tello_gazebo': CMAKE_PREFIX_PATH=/home/eeavir/tellocontrol/install/tello_msgs:/home/eeavir/tellocontrol/install/tello_gazebo:/home/eeavir/tellocontrol/install/tello_driver:/home/eeavir/tellocontrol/install/tello_description:/home/eeavir/tellocontrol/install/ros2_shared:/home/eeavir/tellocontrol/install/own_package:/opt/ros/galactic LD_LIBRARY_PATH=/home/eeavir/tellocontrol/install/tello_msgs/lib:/home/eeavir/tellocontrol/install/tello_gazebo/lib:/home/eeavir/tellocontrol/install/tello_driver/lib:/usr/lib/x86_64-linux-gnu/gazebo-11/plugins:/opt/ros/galactic/opt/yaml_cpp_vendor/lib:/opt/ros/galactic/opt/rviz_ogre_vendor/lib:/opt/ros/galactic/lib/x86_64-linux-gnu:/opt/ros/galactic/lib:/usr/lib/x86_64-linux-gnu/gazebo-11/plugins /usr/bin/cmake --install /home/eeavir/tellocontrol/build/tello_gazebo
[0.696s] Level 1:colcon.colcon_core.environment:create_environment_scripts_only(tello_driver)
[0.697s] Level 1:colcon.colcon_core.environment:checking '/home/eeavir/tellocontrol/install/tello_driver' for CMake module files
[0.697s] DEBUG:colcon.colcon_core.event_handler.log_command:Invoked command in '/home/eeavir/tellocontrol/build/tello_driver' returned '0': CMAKE_PREFIX_PATH=/home/eeavir/tellocontrol/install/tello_msgs:/home/eeavir/tellocontrol/install/ros2_shared:/home/eeavir/tellocontrol/install/tello_gazebo:/home/eeavir/tellocontrol/install/tello_driver:/home/eeavir/tellocontrol/install/tello_description:/home/eeavir/tellocontrol/install/own_package:/opt/ros/galactic LD_LIBRARY_PATH=/home/eeavir/tellocontrol/install/tello_msgs/lib:/home/eeavir/tellocontrol/install/tello_gazebo/lib:/home/eeavir/tellocontrol/install/tello_driver/lib:/usr/lib/x86_64-linux-gnu/gazebo-11/plugins:/opt/ros/galactic/opt/yaml_cpp_vendor/lib:/opt/ros/galactic/opt/rviz_ogre_vendor/lib:/opt/ros/galactic/lib/x86_64-linux-gnu:/opt/ros/galactic/lib:/usr/lib/x86_64-linux-gnu/gazebo-11/plugins /usr/bin/cmake --install /home/eeavir/tellocontrol/build/tello_driver
[0.698s] Level 1:colcon.colcon_core.environment:checking '/home/eeavir/tellocontrol/install/tello_driver' for CMake config files
[0.699s] Level 1:colcon.colcon_core.shell:create_environment_hook('tello_driver', 'cmake_prefix_path')
[0.700s] INFO:colcon.colcon_core.shell:Creating environment hook '/home/eeavir/tellocontrol/install/tello_driver/share/tello_driver/hook/cmake_prefix_path.ps1'
[0.700s] INFO:colcon.colcon_core.shell:Creating environment descriptor '/home/eeavir/tellocontrol/install/tello_driver/share/tello_driver/hook/cmake_prefix_path.dsv'
[0.701s] INFO:colcon.colcon_core.shell:Creating environment hook '/home/eeavir/tellocontrol/install/tello_driver/share/tello_driver/hook/cmake_prefix_path.sh'
[0.701s] Level 1:colcon.colcon_core.environment:checking '/home/eeavir/tellocontrol/install/tello_driver/lib'
[0.701s] Level 1:colcon.colcon_core.shell:create_environment_hook('tello_driver', 'ld_library_path_lib')
[0.701s] INFO:colcon.colcon_core.shell:Creating environment hook '/home/eeavir/tellocontrol/install/tello_driver/share/tello_driver/hook/ld_library_path_lib.ps1'
[0.702s] INFO:colcon.colcon_core.shell:Creating environment descriptor '/home/eeavir/tellocontrol/install/tello_driver/share/tello_driver/hook/ld_library_path_lib.dsv'
[0.702s] INFO:colcon.colcon_core.shell:Creating environment hook '/home/eeavir/tellocontrol/install/tello_driver/share/tello_driver/hook/ld_library_path_lib.sh'
[0.703s] Level 1:colcon.colcon_core.environment:checking '/home/eeavir/tellocontrol/install/tello_driver/bin'
[0.703s] Level 1:colcon.colcon_core.environment:checking '/home/eeavir/tellocontrol/install/tello_driver/lib/pkgconfig/tello_driver.pc'
[0.703s] Level 1:colcon.colcon_core.environment:checking '/home/eeavir/tellocontrol/install/tello_driver/lib/python3.8/site-packages'
[0.703s] Level 1:colcon.colcon_core.environment:checking '/home/eeavir/tellocontrol/install/tello_driver/bin'
[0.703s] INFO:colcon.colcon_core.shell:Creating package script '/home/eeavir/tellocontrol/install/tello_driver/share/tello_driver/package.ps1'
[0.704s] INFO:colcon.colcon_core.shell:Creating package descriptor '/home/eeavir/tellocontrol/install/tello_driver/share/tello_driver/package.dsv'
[0.704s] INFO:colcon.colcon_core.shell:Creating package script '/home/eeavir/tellocontrol/install/tello_driver/share/tello_driver/package.sh'
[0.705s] INFO:colcon.colcon_core.shell:Creating package script '/home/eeavir/tellocontrol/install/tello_driver/share/tello_driver/package.bash'
[0.705s] INFO:colcon.colcon_core.shell:Creating package script '/home/eeavir/tellocontrol/install/tello_driver/share/tello_driver/package.zsh'
[0.706s] Level 1:colcon.colcon_core.environment:create_file_with_runtime_dependencies(/home/eeavir/tellocontrol/install/tello_driver/share/colcon-core/packages/tello_driver)
[0.707s] Level 1:colcon.colcon_core.environment:create_environment_scripts_only(tello_driver)
[0.708s] Level 1:colcon.colcon_core.environment:checking '/home/eeavir/tellocontrol/install/tello_driver' for CMake module files
[0.708s] Level 1:colcon.colcon_core.environment:checking '/home/eeavir/tellocontrol/install/tello_driver' for CMake config files
[0.709s] Level 1:colcon.colcon_core.shell:create_environment_hook('tello_driver', 'cmake_prefix_path')
[0.709s] INFO:colcon.colcon_core.shell:Creating environment hook '/home/eeavir/tellocontrol/install/tello_driver/share/tello_driver/hook/cmake_prefix_path.ps1'
[0.710s] INFO:colcon.colcon_core.shell:Creating environment descriptor '/home/eeavir/tellocontrol/install/tello_driver/share/tello_driver/hook/cmake_prefix_path.dsv'
[0.710s] INFO:colcon.colcon_core.shell:Creating environment hook '/home/eeavir/tellocontrol/install/tello_driver/share/tello_driver/hook/cmake_prefix_path.sh'
[0.711s] Level 1:colcon.colcon_core.environment:checking '/home/eeavir/tellocontrol/install/tello_driver/lib'
[0.711s] Level 1:colcon.colcon_core.shell:create_environment_hook('tello_driver', 'ld_library_path_lib')
[0.711s] INFO:colcon.colcon_core.shell:Creating environment hook '/home/eeavir/tellocontrol/install/tello_driver/share/tello_driver/hook/ld_library_path_lib.ps1'
[0.712s] INFO:colcon.colcon_core.shell:Creating environment descriptor '/home/eeavir/tellocontrol/install/tello_driver/share/tello_driver/hook/ld_library_path_lib.dsv'
[0.712s] INFO:colcon.colcon_core.shell:Creating environment hook '/home/eeavir/tellocontrol/install/tello_driver/share/tello_driver/hook/ld_library_path_lib.sh'
[0.712s] Level 1:colcon.colcon_core.environment:checking '/home/eeavir/tellocontrol/install/tello_driver/bin'
[0.712s] Level 1:colcon.colcon_core.environment:checking '/home/eeavir/tellocontrol/install/tello_driver/lib/pkgconfig/tello_driver.pc'
[0.713s] Level 1:colcon.colcon_core.environment:checking '/home/eeavir/tellocontrol/install/tello_driver/lib/python3.8/site-packages'
[0.713s] Level 1:colcon.colcon_core.environment:checking '/home/eeavir/tellocontrol/install/tello_driver/bin'
[0.713s] INFO:colcon.colcon_core.shell:Creating package script '/home/eeavir/tellocontrol/install/tello_driver/share/tello_driver/package.ps1'
[0.713s] INFO:colcon.colcon_core.shell:Creating package descriptor '/home/eeavir/tellocontrol/install/tello_driver/share/tello_driver/package.dsv'
[0.714s] INFO:colcon.colcon_core.shell:Creating package script '/home/eeavir/tellocontrol/install/tello_driver/share/tello_driver/package.sh'
[0.715s] INFO:colcon.colcon_core.shell:Creating package script '/home/eeavir/tellocontrol/install/tello_driver/share/tello_driver/package.bash'
[0.715s] INFO:colcon.colcon_core.shell:Creating package script '/home/eeavir/tellocontrol/install/tello_driver/share/tello_driver/package.zsh'
[0.715s] Level 1:colcon.colcon_core.environment:create_file_with_runtime_dependencies(/home/eeavir/tellocontrol/install/tello_driver/share/colcon-core/packages/tello_driver)
[0.716s] Level 1:colcon.colcon_core.environment:create_environment_scripts_only(tello_gazebo)
[0.716s] Level 1:colcon.colcon_core.environment:checking '/home/eeavir/tellocontrol/install/tello_gazebo' for CMake module files
[0.717s] DEBUG:colcon.colcon_core.event_handler.log_command:Invoked command in '/home/eeavir/tellocontrol/build/tello_gazebo' returned '0': CMAKE_PREFIX_PATH=/home/eeavir/tellocontrol/install/tello_msgs:/home/eeavir/tellocontrol/install/tello_gazebo:/home/eeavir/tellocontrol/install/tello_driver:/home/eeavir/tellocontrol/install/tello_description:/home/eeavir/tellocontrol/install/ros2_shared:/home/eeavir/tellocontrol/install/own_package:/opt/ros/galactic LD_LIBRARY_PATH=/home/eeavir/tellocontrol/install/tello_msgs/lib:/home/eeavir/tellocontrol/install/tello_gazebo/lib:/home/eeavir/tellocontrol/install/tello_driver/lib:/usr/lib/x86_64-linux-gnu/gazebo-11/plugins:/opt/ros/galactic/opt/yaml_cpp_vendor/lib:/opt/ros/galactic/opt/rviz_ogre_vendor/lib:/opt/ros/galactic/lib/x86_64-linux-gnu:/opt/ros/galactic/lib:/usr/lib/x86_64-linux-gnu/gazebo-11/plugins /usr/bin/cmake --install /home/eeavir/tellocontrol/build/tello_gazebo
[0.717s] Level 1:colcon.colcon_core.environment:checking '/home/eeavir/tellocontrol/install/tello_gazebo' for CMake config files
[0.718s] Level 1:colcon.colcon_core.shell:create_environment_hook('tello_gazebo', 'cmake_prefix_path')
[0.718s] INFO:colcon.colcon_core.shell:Creating environment hook '/home/eeavir/tellocontrol/install/tello_gazebo/share/tello_gazebo/hook/cmake_prefix_path.ps1'
[0.718s] INFO:colcon.colcon_core.shell:Creating environment descriptor '/home/eeavir/tellocontrol/install/tello_gazebo/share/tello_gazebo/hook/cmake_prefix_path.dsv'
[0.718s] INFO:colcon.colcon_core.shell:Creating environment hook '/home/eeavir/tellocontrol/install/tello_gazebo/share/tello_gazebo/hook/cmake_prefix_path.sh'
[0.719s] Level 1:colcon.colcon_core.environment:checking '/home/eeavir/tellocontrol/install/tello_gazebo/lib'
[0.719s] Level 1:colcon.colcon_core.shell:create_environment_hook('tello_gazebo', 'ld_library_path_lib')
[0.719s] INFO:colcon.colcon_core.shell:Creating environment hook '/home/eeavir/tellocontrol/install/tello_gazebo/share/tello_gazebo/hook/ld_library_path_lib.ps1'
[0.719s] INFO:colcon.colcon_core.shell:Creating environment descriptor '/home/eeavir/tellocontrol/install/tello_gazebo/share/tello_gazebo/hook/ld_library_path_lib.dsv'
[0.719s] INFO:colcon.colcon_core.shell:Creating environment hook '/home/eeavir/tellocontrol/install/tello_gazebo/share/tello_gazebo/hook/ld_library_path_lib.sh'
[0.720s] Level 1:colcon.colcon_core.environment:checking '/home/eeavir/tellocontrol/install/tello_gazebo/bin'
[0.720s] Level 1:colcon.colcon_core.environment:checking '/home/eeavir/tellocontrol/install/tello_gazebo/lib/pkgconfig/tello_gazebo.pc'
[0.720s] Level 1:colcon.colcon_core.environment:checking '/home/eeavir/tellocontrol/install/tello_gazebo/lib/python3.8/site-packages'
[0.720s] Level 1:colcon.colcon_core.environment:checking '/home/eeavir/tellocontrol/install/tello_gazebo/bin'
[0.720s] INFO:colcon.colcon_core.shell:Creating package script '/home/eeavir/tellocontrol/install/tello_gazebo/share/tello_gazebo/package.ps1'
[0.720s] INFO:colcon.colcon_core.shell:Creating package descriptor '/home/eeavir/tellocontrol/install/tello_gazebo/share/tello_gazebo/package.dsv'
[0.721s] INFO:colcon.colcon_core.shell:Creating package script '/home/eeavir/tellocontrol/install/tello_gazebo/share/tello_gazebo/package.sh'
[0.721s] INFO:colcon.colcon_core.shell:Creating package script '/home/eeavir/tellocontrol/install/tello_gazebo/share/tello_gazebo/package.bash'
[0.721s] INFO:colcon.colcon_core.shell:Creating package script '/home/eeavir/tellocontrol/install/tello_gazebo/share/tello_gazebo/package.zsh'
[0.721s] Level 1:colcon.colcon_core.environment:create_file_with_runtime_dependencies(/home/eeavir/tellocontrol/install/tello_gazebo/share/colcon-core/packages/tello_gazebo)
[0.722s] Level 1:colcon.colcon_core.environment:create_environment_scripts_only(tello_gazebo)
[0.722s] Level 1:colcon.colcon_core.environment:checking '/home/eeavir/tellocontrol/install/tello_gazebo' for CMake module files
[0.722s] Level 1:colcon.colcon_core.environment:checking '/home/eeavir/tellocontrol/install/tello_gazebo' for CMake config files
[0.723s] Level 1:colcon.colcon_core.shell:create_environment_hook('tello_gazebo', 'cmake_prefix_path')
[0.723s] INFO:colcon.colcon_core.shell:Creating environment hook '/home/eeavir/tellocontrol/install/tello_gazebo/share/tello_gazebo/hook/cmake_prefix_path.ps1'
[0.723s] INFO:colcon.colcon_core.shell:Creating environment descriptor '/home/eeavir/tellocontrol/install/tello_gazebo/share/tello_gazebo/hook/cmake_prefix_path.dsv'
[0.723s] INFO:colcon.colcon_core.shell:Creating environment hook '/home/eeavir/tellocontrol/install/tello_gazebo/share/tello_gazebo/hook/cmake_prefix_path.sh'
[0.724s] Level 1:colcon.colcon_core.environment:checking '/home/eeavir/tellocontrol/install/tello_gazebo/lib'
[0.724s] Level 1:colcon.colcon_core.shell:create_environment_hook('tello_gazebo', 'ld_library_path_lib')
[0.724s] INFO:colcon.colcon_core.shell:Creating environment hook '/home/eeavir/tellocontrol/install/tello_gazebo/share/tello_gazebo/hook/ld_library_path_lib.ps1'
[0.724s] INFO:colcon.colcon_core.shell:Creating environment descriptor '/home/eeavir/tellocontrol/install/tello_gazebo/share/tello_gazebo/hook/ld_library_path_lib.dsv'
[0.724s] INFO:colcon.colcon_core.shell:Creating environment hook '/home/eeavir/tellocontrol/install/tello_gazebo/share/tello_gazebo/hook/ld_library_path_lib.sh'
[0.725s] Level 1:colcon.colcon_core.environment:checking '/home/eeavir/tellocontrol/install/tello_gazebo/bin'
[0.725s] Level 1:colcon.colcon_core.environment:checking '/home/eeavir/tellocontrol/install/tello_gazebo/lib/pkgconfig/tello_gazebo.pc'
[0.725s] Level 1:colcon.colcon_core.environment:checking '/home/eeavir/tellocontrol/install/tello_gazebo/lib/python3.8/site-packages'
[0.725s] Level 1:colcon.colcon_core.environment:checking '/home/eeavir/tellocontrol/install/tello_gazebo/bin'
[0.725s] INFO:colcon.colcon_core.shell:Creating package script '/home/eeavir/tellocontrol/install/tello_gazebo/share/tello_gazebo/package.ps1'
[0.725s] INFO:colcon.colcon_core.shell:Creating package descriptor '/home/eeavir/tellocontrol/install/tello_gazebo/share/tello_gazebo/package.dsv'
[0.726s] INFO:colcon.colcon_core.shell:Creating package script '/home/eeavir/tellocontrol/install/tello_gazebo/share/tello_gazebo/package.sh'
[0.726s] INFO:colcon.colcon_core.shell:Creating package script '/home/eeavir/tellocontrol/install/tello_gazebo/share/tello_gazebo/package.bash'
[0.726s] INFO:colcon.colcon_core.shell:Creating package script '/home/eeavir/tellocontrol/install/tello_gazebo/share/tello_gazebo/package.zsh'
[0.727s] Level 1:colcon.colcon_core.environment:create_file_with_runtime_dependencies(/home/eeavir/tellocontrol/install/tello_gazebo/share/colcon-core/packages/tello_gazebo)
[0.834s] DEBUG:colcon.colcon_core.event_handler.log_command:Invoking command in '/home/eeavir/tellocontrol/src/own_package': PYTHONPATH=/home/eeavir/tellocontrol/build/own_package/prefix_override:/usr/lib/python3/dist-packages/colcon_core/task/python/colcon_distutils_commands:/home/eeavir/tellocontrol/install/own_package/lib/python3.8/site-packages:${PYTHONPATH} /usr/bin/python3 -W ignore:setup.py install is deprecated -W ignore:easy_install command is deprecated setup.py egg_info --egg-base ../../build/own_package build --build-base /home/eeavir/tellocontrol/build/own_package/build install --record /home/eeavir/tellocontrol/build/own_package/install.log --single-version-externally-managed install_data
[1.018s] Level 1:colcon.colcon_core.environment:checking '/home/eeavir/tellocontrol/install/own_package' for CMake module files
[1.018s] DEBUG:colcon.colcon_core.event_handler.log_command:Invoked command in '/home/eeavir/tellocontrol/src/own_package' returned '0': PYTHONPATH=/home/eeavir/tellocontrol/build/own_package/prefix_override:/usr/lib/python3/dist-packages/colcon_core/task/python/colcon_distutils_commands:/home/eeavir/tellocontrol/install/own_package/lib/python3.8/site-packages:${PYTHONPATH} /usr/bin/python3 -W ignore:setup.py install is deprecated -W ignore:easy_install command is deprecated setup.py egg_info --egg-base ../../build/own_package build --build-base /home/eeavir/tellocontrol/build/own_package/build install --record /home/eeavir/tellocontrol/build/own_package/install.log --single-version-externally-managed install_data
[1.018s] Level 1:colcon.colcon_core.environment:checking '/home/eeavir/tellocontrol/install/own_package' for CMake config files
[1.019s] Level 1:colcon.colcon_core.environment:checking '/home/eeavir/tellocontrol/install/own_package/lib'
[1.019s] Level 1:colcon.colcon_core.environment:checking '/home/eeavir/tellocontrol/install/own_package/bin'
[1.019s] Level 1:colcon.colcon_core.environment:checking '/home/eeavir/tellocontrol/install/own_package/lib/pkgconfig/own_package.pc'
[1.019s] Level 1:colcon.colcon_core.environment:checking '/home/eeavir/tellocontrol/install/own_package/lib/python3.8/site-packages'
[1.019s] Level 1:colcon.colcon_core.shell:create_environment_hook('own_package', 'pythonpath')
[1.019s] INFO:colcon.colcon_core.shell:Creating environment hook '/home/eeavir/tellocontrol/install/own_package/share/own_package/hook/pythonpath.ps1'
[1.019s] INFO:colcon.colcon_core.shell:Creating environment descriptor '/home/eeavir/tellocontrol/install/own_package/share/own_package/hook/pythonpath.dsv'
[1.020s] INFO:colcon.colcon_core.shell:Creating environment hook '/home/eeavir/tellocontrol/install/own_package/share/own_package/hook/pythonpath.sh'
[1.020s] Level 1:colcon.colcon_core.environment:checking '/home/eeavir/tellocontrol/install/own_package/bin'
[1.020s] Level 1:colcon.colcon_core.environment:create_environment_scripts_only(own_package)
[1.020s] INFO:colcon.colcon_core.shell:Creating package script '/home/eeavir/tellocontrol/install/own_package/share/own_package/package.ps1'
[1.021s] INFO:colcon.colcon_core.shell:Creating package descriptor '/home/eeavir/tellocontrol/install/own_package/share/own_package/package.dsv'
[1.021s] INFO:colcon.colcon_core.shell:Creating package script '/home/eeavir/tellocontrol/install/own_package/share/own_package/package.sh'
[1.021s] INFO:colcon.colcon_core.shell:Creating package script '/home/eeavir/tellocontrol/install/own_package/share/own_package/package.bash'
[1.021s] INFO:colcon.colcon_core.shell:Creating package script '/home/eeavir/tellocontrol/install/own_package/share/own_package/package.zsh'
[1.022s] Level 1:colcon.colcon_core.environment:create_file_with_runtime_dependencies(/home/eeavir/tellocontrol/install/own_package/share/colcon-core/packages/own_package)
[1.022s] DEBUG:colcon.colcon_parallel_executor.executor.parallel:closing loop
[1.022s] DEBUG:colcon.colcon_parallel_executor.executor.parallel:loop closed
[1.022s] DEBUG:colcon.colcon_parallel_executor.executor.parallel:run_until_complete finished with '0'
[1.022s] DEBUG:colcon.colcon_core.event_reactor:joining thread
[1.026s] INFO:colcon.colcon_core.plugin_system:Skipping extension 'colcon_notification.desktop_notification.terminal_notifier': Not used on non-Darwin systems
[1.026s] INFO:colcon.colcon_core.plugin_system:Skipping extension 'colcon_notification.desktop_notification.win32': Not used on non-Windows systems
[1.026s] INFO:colcon.colcon_notification.desktop_notification:Sending desktop notification using 'notify2'
[1.036s] DEBUG:colcon.colcon_core.event_reactor:joined thread
[1.036s] INFO:colcon.colcon_core.shell:Creating prefix script '/home/eeavir/tellocontrol/install/local_setup.ps1'
[1.037s] INFO:colcon.colcon_core.shell:Creating prefix util module '/home/eeavir/tellocontrol/install/_local_setup_util_ps1.py'
[1.038s] INFO:colcon.colcon_core.shell:Creating prefix chain script '/home/eeavir/tellocontrol/install/setup.ps1'
[1.039s] INFO:colcon.colcon_core.shell:Creating prefix script '/home/eeavir/tellocontrol/install/local_setup.sh'
[1.039s] INFO:colcon.colcon_core.shell:Creating prefix util module '/home/eeavir/tellocontrol/install/_local_setup_util_sh.py'
[1.040s] INFO:colcon.colcon_core.shell:Creating prefix chain script '/home/eeavir/tellocontrol/install/setup.sh'
[1.040s] INFO:colcon.colcon_core.shell:Creating prefix script '/home/eeavir/tellocontrol/install/local_setup.bash'
[1.041s] INFO:colcon.colcon_core.shell:Creating prefix chain script '/home/eeavir/tellocontrol/install/setup.bash'
[1.041s] INFO:colcon.colcon_core.shell:Creating prefix script '/home/eeavir/tellocontrol/install/local_setup.zsh'
[1.042s] INFO:colcon.colcon_core.shell:Creating prefix chain script '/home/eeavir/tellocontrol/install/setup.zsh'
