[0.545s] Invoking command in '/home/eeavir/tellocontrol/src/own_package': PYTHONPATH=/home/eeavir/tellocontrol/build/own_package/prefix_override:/usr/lib/python3/dist-packages/colcon_core/task/python/colcon_distutils_commands:/home/eeavir/tellocontrol/install/own_package/lib/python3.8/site-packages:${PYTHONPATH} /usr/bin/python3 -W ignore:setup.py install is deprecated -W ignore:easy_install command is deprecated setup.py egg_info --egg-base ../../build/own_package build --build-base /home/eeavir/tellocontrol/build/own_package/build install --record /home/eeavir/tellocontrol/build/own_package/install.log --single-version-externally-managed install_data
[0.673s] running egg_info
[0.673s] writing ../../build/own_package/own_package.egg-info/PKG-INFO
[0.677s] writing dependency_links to ../../build/own_package/own_package.egg-info/dependency_links.txt
[0.677s] writing entry points to ../../build/own_package/own_package.egg-info/entry_points.txt
[0.677s] writing requirements to ../../build/own_package/own_package.egg-info/requires.txt
[0.677s] writing top-level names to ../../build/own_package/own_package.egg-info/top_level.txt
[0.699s] reading manifest file '../../build/own_package/own_package.egg-info/SOURCES.txt'
[0.699s] writing manifest file '../../build/own_package/own_package.egg-info/SOURCES.txt'
[0.699s] running build
[0.699s] running build_py
[0.700s] running install
[0.700s] running install_lib
[0.701s] running install_data
[0.701s] running install_egg_info
[0.703s] removing '/home/eeavir/tellocontrol/install/own_package/lib/python3.8/site-packages/own_package-0.0.0-py3.8.egg-info' (and everything under it)
[0.703s] Copying ../../build/own_package/own_package.egg-info to /home/eeavir/tellocontrol/install/own_package/lib/python3.8/site-packages/own_package-0.0.0-py3.8.egg-info
[0.703s] running install_scripts
[0.714s] Installing image_subscriber script to /home/eeavir/tellocontrol/install/own_package/lib/own_package
[0.714s] writing list of installed files to '/home/eeavir/tellocontrol/build/own_package/install.log'
[0.731s] Invoked command in '/home/eeavir/tellocontrol/src/own_package' returned '0': PYTHONPATH=/home/eeavir/tellocontrol/build/own_package/prefix_override:/usr/lib/python3/dist-packages/colcon_core/task/python/colcon_distutils_commands:/home/eeavir/tellocontrol/install/own_package/lib/python3.8/site-packages:${PYTHONPATH} /usr/bin/python3 -W ignore:setup.py install is deprecated -W ignore:easy_install command is deprecated setup.py egg_info --egg-base ../../build/own_package build --build-base /home/eeavir/tellocontrol/build/own_package/build install --record /home/eeavir/tellocontrol/build/own_package/install.log --single-version-externally-managed install_data
