[0.019s] Invoking command in '/home/eeavir/tellocontrol/build/ros2_shared': CMAKE_PREFIX_PATH=${CMAKE_PREFIX_PATH}:/home/eeavir/tellocontrol/install/own_package:/opt/ros/galactic /usr/bin/cmake /home/eeavir/tellocontrol/src/drone_racing_ros2/ros2_shared -DCMAKE_INSTALL_PREFIX=/home/eeavir/tellocontrol/install/ros2_shared
[0.182s] -- The C compiler identification is GNU 9.4.0
[0.182s] -- The CXX compiler identification is GNU 9.4.0
[0.182s] -- Check for working C compiler: /usr/bin/cc
[0.232s] -- Check for working C compiler: /usr/bin/cc -- works
[0.233s] -- Detecting C compiler ABI info
[0.289s] -- Detecting C compiler ABI info - done
[0.304s] -- Detecting C compile features
[0.304s] -- Detecting C compile features - done
[0.307s] -- Check for working CXX compiler: /usr/bin/c++
[0.370s] -- Check for working CXX compiler: /usr/bin/c++ -- works
[0.371s] -- Detecting CXX compiler ABI info
[0.441s] -- Detecting CXX compiler ABI info - done
[0.449s] -- Detecting CXX compile features
[0.450s] -- Detecting CXX compile features - done
[0.451s] -- Found ament_cmake: 1.1.6 (/opt/ros/galactic/share/ament_cmake/cmake)
[0.478s] -- Found PythonInterp: /usr/bin/python3 (found suitable version "3.8.10", minimum required is "3") 
[0.478s] -- Using PYTHON_EXECUTABLE: /usr/bin/python3
[0.591s] -- Configuring done
[0.592s] -- Generating done
[0.593s] -- Build files have been written to: /home/eeavir/tellocontrol/build/ros2_shared
[0.596s] Invoked command in '/home/eeavir/tellocontrol/build/ros2_shared' returned '0': CMAKE_PREFIX_PATH=${CMAKE_PREFIX_PATH}:/home/eeavir/tellocontrol/install/own_package:/opt/ros/galactic /usr/bin/cmake /home/eeavir/tellocontrol/src/drone_racing_ros2/ros2_shared -DCMAKE_INSTALL_PREFIX=/home/eeavir/tellocontrol/install/ros2_shared
[0.598s] Invoking command in '/home/eeavir/tellocontrol/build/ros2_shared': CMAKE_PREFIX_PATH=${CMAKE_PREFIX_PATH}:/home/eeavir/tellocontrol/install/own_package:/opt/ros/galactic /usr/bin/cmake --build /home/eeavir/tellocontrol/build/ros2_shared -- -j8 -l8
[0.630s] Invoked command in '/home/eeavir/tellocontrol/build/ros2_shared' returned '0': CMAKE_PREFIX_PATH=${CMAKE_PREFIX_PATH}:/home/eeavir/tellocontrol/install/own_package:/opt/ros/galactic /usr/bin/cmake --build /home/eeavir/tellocontrol/build/ros2_shared -- -j8 -l8
[0.641s] Invoking command in '/home/eeavir/tellocontrol/build/ros2_shared': CMAKE_PREFIX_PATH=${CMAKE_PREFIX_PATH}:/home/eeavir/tellocontrol/install/own_package:/opt/ros/galactic /usr/bin/cmake --install /home/eeavir/tellocontrol/build/ros2_shared
[0.648s] -- Install configuration: ""
[0.648s] -- Installing: /home/eeavir/tellocontrol/install/ros2_shared/include
[0.649s] -- Installing: /home/eeavir/tellocontrol/install/ros2_shared/include/ros2_shared
[0.649s] -- Installing: /home/eeavir/tellocontrol/install/ros2_shared/include/ros2_shared/param_macros.hpp
[0.649s] -- Installing: /home/eeavir/tellocontrol/install/ros2_shared/include/ros2_shared/string_printf.hpp
[0.649s] -- Installing: /home/eeavir/tellocontrol/install/ros2_shared/include/ros2_shared/context_macros.hpp
[0.649s] -- Installing: /home/eeavir/tellocontrol/install/ros2_shared/share/ament_index/resource_index/package_run_dependencies/ros2_shared
[0.649s] -- Installing: /home/eeavir/tellocontrol/install/ros2_shared/share/ament_index/resource_index/parent_prefix_path/ros2_shared
[0.649s] -- Installing: /home/eeavir/tellocontrol/install/ros2_shared/share/ros2_shared/environment/ament_prefix_path.sh
[0.649s] -- Installing: /home/eeavir/tellocontrol/install/ros2_shared/share/ros2_shared/environment/ament_prefix_path.dsv
[0.649s] -- Installing: /home/eeavir/tellocontrol/install/ros2_shared/share/ros2_shared/environment/path.sh
[0.649s] -- Installing: /home/eeavir/tellocontrol/install/ros2_shared/share/ros2_shared/environment/path.dsv
[0.649s] -- Installing: /home/eeavir/tellocontrol/install/ros2_shared/share/ros2_shared/local_setup.bash
[0.649s] -- Installing: /home/eeavir/tellocontrol/install/ros2_shared/share/ros2_shared/local_setup.sh
[0.649s] -- Installing: /home/eeavir/tellocontrol/install/ros2_shared/share/ros2_shared/local_setup.zsh
[0.649s] -- Installing: /home/eeavir/tellocontrol/install/ros2_shared/share/ros2_shared/local_setup.dsv
[0.649s] -- Installing: /home/eeavir/tellocontrol/install/ros2_shared/share/ros2_shared/package.dsv
[0.650s] -- Installing: /home/eeavir/tellocontrol/install/ros2_shared/share/ament_index/resource_index/packages/ros2_shared
[0.650s] -- Installing: /home/eeavir/tellocontrol/install/ros2_shared/share/ros2_shared/cmake/ament_cmake_export_include_directories-extras.cmake
[0.650s] -- Installing: /home/eeavir/tellocontrol/install/ros2_shared/share/ros2_shared/cmake/ros2_sharedConfig.cmake
[0.650s] -- Installing: /home/eeavir/tellocontrol/install/ros2_shared/share/ros2_shared/cmake/ros2_sharedConfig-version.cmake
[0.650s] -- Installing: /home/eeavir/tellocontrol/install/ros2_shared/share/ros2_shared/package.xml
[0.651s] Invoked command in '/home/eeavir/tellocontrol/build/ros2_shared' returned '0': CMAKE_PREFIX_PATH=${CMAKE_PREFIX_PATH}:/home/eeavir/tellocontrol/install/own_package:/opt/ros/galactic /usr/bin/cmake --install /home/eeavir/tellocontrol/build/ros2_shared
