[0.034s] Invoking command in '/home/atte/drone_ws/build/tello_driver': AMENT_PREFIX_PATH=/home/atte/drone_ws/install/tello_msgs:/home/atte/drone_ws/install/ros2_shared:${AMENT_PREFIX_PATH} CMAKE_PREFIX_PATH=/home/atte/drone_ws/install/tello_msgs:/home/atte/drone_ws/install/ros2_shared:/opt/ros/galactic LD_LIBRARY_PATH=/home/atte/drone_ws/install/tello_msgs/lib:/usr/lib/x86_64-linux-gnu/gazebo-11/plugins:/opt/ros/galactic/opt/yaml_cpp_vendor/lib:/opt/ros/galactic/opt/rviz_ogre_vendor/lib:/opt/ros/galactic/lib/x86_64-linux-gnu:/opt/ros/galactic/lib:/usr/lib/x86_64-linux-gnu/gazebo-11/plugins PYTHONPATH=/home/atte/drone_ws/install/tello_msgs/lib/python3.8/site-packages:${PYTHONPATH} /usr/bin/cmake /home/atte/drone_ws/src/drone_racing_ros2/tello_ros/tello_driver -DCMAKE_INSTALL_PREFIX=/home/atte/drone_ws/install/tello_driver
[0.176s] -- The C compiler identification is GNU 9.4.0
[0.296s] -- The CXX compiler identification is GNU 9.4.0
[0.305s] -- Check for working C compiler: /usr/bin/cc
[0.470s] -- Check for working C compiler: /usr/bin/cc -- works
[0.473s] -- Detecting C compiler ABI info
[0.623s] -- Detecting C compiler ABI info - done
[0.646s] -- Detecting C compile features
[0.646s] -- Detecting C compile features - done
[0.651s] -- Check for working CXX compiler: /usr/bin/c++
[0.814s] -- Check for working CXX compiler: /usr/bin/c++ -- works
[0.816s] -- Detecting CXX compiler ABI info
[1.017s] -- Detecting CXX compiler ABI info - done
[1.045s] -- Detecting CXX compile features
[1.047s] -- Detecting CXX compile features - done
[1.052s] -- Found ament_cmake: 1.1.6 (/opt/ros/galactic/share/ament_cmake/cmake)
[1.105s] -- Found PythonInterp: /usr/bin/python3 (found suitable version "3.8.10", minimum required is "3") 
[1.106s] -- Using PYTHON_EXECUTABLE: /usr/bin/python3
[1.277s] -- Found camera_calibration_parsers: 2.5.1 (/opt/ros/galactic/share/camera_calibration_parsers/cmake)
[1.396s] -- Using all available rosidl_typesupport_c: rosidl_typesupport_fastrtps_c;rosidl_typesupport_introspection_c
[1.413s] -- Found rosidl_adapter: 2.2.3 (/opt/ros/galactic/share/rosidl_adapter/cmake)
[1.575s] -- Found OpenSSL: /usr/lib/x86_64-linux-gnu/libcrypto.so (found version "1.1.1f")  
[1.636s] -- Found FastRTPS: /opt/ros/galactic/include  
[1.800s] -- Using all available rosidl_typesupport_cpp: rosidl_typesupport_fastrtps_cpp;rosidl_typesupport_introspection_cpp
[1.948s] -- Found rmw_implementation_cmake: 3.3.1 (/opt/ros/galactic/share/rmw_implementation_cmake/cmake)
[1.952s] -- Found rmw_cyclonedds_cpp: 0.22.6 (/opt/ros/galactic/share/rmw_cyclonedds_cpp/cmake)
[1.982s] -- Using RMW implementation 'rmw_cyclonedds_cpp' as default
[1.984s] -- Looking for pthread.h
[2.084s] -- Looking for pthread.h - found
[2.084s] -- Performing Test CMAKE_HAVE_LIBC_PTHREAD
[2.185s] -- Performing Test CMAKE_HAVE_LIBC_PTHREAD - Failed
[2.186s] -- Looking for pthread_create in pthreads
[2.261s] -- Looking for pthread_create in pthreads - not found
[2.262s] -- Looking for pthread_create in pthread
[2.353s] -- Looking for pthread_create in pthread - found
[2.355s] -- Found Threads: TRUE  
[2.745s] -- Setting yaml-cpp_DIR to: '/opt/ros/galactic/share/yaml_cpp_vendor/cmake/../../../opt/yaml_cpp_vendor/lib/cmake/yaml-cpp'
[2.752s] -- Found class_loader: 2.1.2 (/opt/ros/galactic/share/class_loader/cmake)
[2.760s] -- Found cv_bridge: 3.1.3 (/opt/ros/galactic/share/cv_bridge/cmake)
[2.806s] -- Found OpenCV: /usr (found version "4.2.0") 
[2.808s] -- Found rclcpp_components: 9.2.2 (/opt/ros/galactic/share/rclcpp_components/cmake)
[2.888s] -- Found ros2_shared: 0.1.0 (/home/atte/drone_ws/install/ros2_shared/share/ros2_shared/cmake)
[2.890s] -- Found tello_msgs: 0.1.0 (/home/atte/drone_ws/install/tello_msgs/share/tello_msgs/cmake)
[3.224s] -- Configuring done
[3.317s] -- Generating done
[3.356s] -- Build files have been written to: /home/atte/drone_ws/build/tello_driver
[3.371s] Invoked command in '/home/atte/drone_ws/build/tello_driver' returned '0': AMENT_PREFIX_PATH=/home/atte/drone_ws/install/tello_msgs:/home/atte/drone_ws/install/ros2_shared:${AMENT_PREFIX_PATH} CMAKE_PREFIX_PATH=/home/atte/drone_ws/install/tello_msgs:/home/atte/drone_ws/install/ros2_shared:/opt/ros/galactic LD_LIBRARY_PATH=/home/atte/drone_ws/install/tello_msgs/lib:/usr/lib/x86_64-linux-gnu/gazebo-11/plugins:/opt/ros/galactic/opt/yaml_cpp_vendor/lib:/opt/ros/galactic/opt/rviz_ogre_vendor/lib:/opt/ros/galactic/lib/x86_64-linux-gnu:/opt/ros/galactic/lib:/usr/lib/x86_64-linux-gnu/gazebo-11/plugins PYTHONPATH=/home/atte/drone_ws/install/tello_msgs/lib/python3.8/site-packages:${PYTHONPATH} /usr/bin/cmake /home/atte/drone_ws/src/drone_racing_ros2/tello_ros/tello_driver -DCMAKE_INSTALL_PREFIX=/home/atte/drone_ws/install/tello_driver
[3.378s] Invoking command in '/home/atte/drone_ws/build/tello_driver': AMENT_PREFIX_PATH=/home/atte/drone_ws/install/tello_msgs:/home/atte/drone_ws/install/ros2_shared:${AMENT_PREFIX_PATH} CMAKE_PREFIX_PATH=/home/atte/drone_ws/install/tello_msgs:/home/atte/drone_ws/install/ros2_shared:/opt/ros/galactic LD_LIBRARY_PATH=/home/atte/drone_ws/install/tello_msgs/lib:/usr/lib/x86_64-linux-gnu/gazebo-11/plugins:/opt/ros/galactic/opt/yaml_cpp_vendor/lib:/opt/ros/galactic/opt/rviz_ogre_vendor/lib:/opt/ros/galactic/lib/x86_64-linux-gnu:/opt/ros/galactic/lib:/usr/lib/x86_64-linux-gnu/gazebo-11/plugins PYTHONPATH=/home/atte/drone_ws/install/tello_msgs/lib/python3.8/site-packages:${PYTHONPATH} /usr/bin/cmake --build /home/atte/drone_ws/build/tello_driver -- -j4 -l4
[3.433s] [35m[1mScanning dependencies of target tello_joy_main[0m
[3.504s] [  4%] [32mBuilding CXX object CMakeFiles/tello_joy_main.dir/src/tello_joy_main.cpp.o[0m
[6.486s] [  9%] [32mBuilding CXX object CMakeFiles/tello_joy_main.dir/src/tello_joy_node.cpp.o[0m
[10.502s] [35m[1mScanning dependencies of target tello_emulator[0m
[10.522s] [ 13%] [32mBuilding CXX object CMakeFiles/tello_emulator.dir/src/tello_emulator.cpp.o[0m
[12.530s] [35m[1mScanning dependencies of target tello_driver_main[0m
[12.700s] [ 18%] [32m[1mLinking CXX executable tello_emulator[0m
[12.732s] [ 22%] [32mBuilding CXX object CMakeFiles/tello_driver_main.dir/src/tello_driver_main.cpp.o[0m
[12.881s] [ 22%] Built target tello_emulator
[12.902s] [35m[1mScanning dependencies of target tello_driver_node[0m
[12.917s] [ 27%] [32mBuilding CXX object CMakeFiles/tello_driver_main.dir/src/tello_driver_node.cpp.o[0m
[13.206s] [ 31%] [32mBuilding CXX object CMakeFiles/tello_driver_node.dir/src/tello_driver_node.cpp.o[0m
[21.091s] [ 36%] [32m[1mLinking CXX executable tello_joy_main[0m
[21.945s] [ 36%] Built target tello_joy_main
[30.023s] [ 40%] [32mBuilding CXX object CMakeFiles/tello_driver_node.dir/src/tello_socket.cpp.o[0m
[33.354s] [ 45%] [32mBuilding CXX object CMakeFiles/tello_driver_main.dir/src/tello_socket.cpp.o[0m
[35.395s] [ 50%] [32mBuilding CXX object CMakeFiles/tello_driver_node.dir/src/command_socket.cpp.o[0m
[37.704s] [ 54%] [32mBuilding CXX object CMakeFiles/tello_driver_main.dir/src/command_socket.cpp.o[0m
[39.468s] [ 59%] [32mBuilding CXX object CMakeFiles/tello_driver_node.dir/src/state_socket.cpp.o[0m
[40.474s] [ 63%] [32mBuilding CXX object CMakeFiles/tello_driver_main.dir/src/state_socket.cpp.o[0m
[42.650s] [ 68%] [32mBuilding CXX object CMakeFiles/tello_driver_main.dir/src/video_socket.cpp.o[0m
[46.398s] [ 72%] [32mBuilding CXX object CMakeFiles/tello_driver_node.dir/src/video_socket.cpp.o[0m
[49.627s] [ 77%] [32mBuilding CXX object CMakeFiles/tello_driver_main.dir/h264decoder/h264decoder.cpp.o[0m
[50.327s] [ 81%] [32mBuilding CXX object CMakeFiles/tello_driver_node.dir/h264decoder/h264decoder.cpp.o[0m
[51.186s] [ 86%] [32m[1mLinking CXX shared library libtello_driver_node.so[0m
[51.304s] [ 90%] [32m[1mLinking CXX executable tello_driver_main[0m
[52.516s] [ 90%] Built target tello_driver_node
[52.528s] [35m[1mScanning dependencies of target tello_joy_node[0m
[52.578s] [ 95%] [32mBuilding CXX object CMakeFiles/tello_joy_node.dir/src/tello_joy_node.cpp.o[0m
[52.977s] [ 95%] Built target tello_driver_main
[60.620s] [100%] [32m[1mLinking CXX shared library libtello_joy_node.so[0m
[61.056s] [100%] Built target tello_joy_node
[61.069s] Invoked command in '/home/atte/drone_ws/build/tello_driver' returned '0': AMENT_PREFIX_PATH=/home/atte/drone_ws/install/tello_msgs:/home/atte/drone_ws/install/ros2_shared:${AMENT_PREFIX_PATH} CMAKE_PREFIX_PATH=/home/atte/drone_ws/install/tello_msgs:/home/atte/drone_ws/install/ros2_shared:/opt/ros/galactic LD_LIBRARY_PATH=/home/atte/drone_ws/install/tello_msgs/lib:/usr/lib/x86_64-linux-gnu/gazebo-11/plugins:/opt/ros/galactic/opt/yaml_cpp_vendor/lib:/opt/ros/galactic/opt/rviz_ogre_vendor/lib:/opt/ros/galactic/lib/x86_64-linux-gnu:/opt/ros/galactic/lib:/usr/lib/x86_64-linux-gnu/gazebo-11/plugins PYTHONPATH=/home/atte/drone_ws/install/tello_msgs/lib/python3.8/site-packages:${PYTHONPATH} /usr/bin/cmake --build /home/atte/drone_ws/build/tello_driver -- -j4 -l4
[61.073s] Invoking command in '/home/atte/drone_ws/build/tello_driver': AMENT_PREFIX_PATH=/home/atte/drone_ws/install/tello_msgs:/home/atte/drone_ws/install/ros2_shared:${AMENT_PREFIX_PATH} CMAKE_PREFIX_PATH=/home/atte/drone_ws/install/tello_msgs:/home/atte/drone_ws/install/ros2_shared:/opt/ros/galactic LD_LIBRARY_PATH=/home/atte/drone_ws/install/tello_msgs/lib:/usr/lib/x86_64-linux-gnu/gazebo-11/plugins:/opt/ros/galactic/opt/yaml_cpp_vendor/lib:/opt/ros/galactic/opt/rviz_ogre_vendor/lib:/opt/ros/galactic/lib/x86_64-linux-gnu:/opt/ros/galactic/lib:/usr/lib/x86_64-linux-gnu/gazebo-11/plugins PYTHONPATH=/home/atte/drone_ws/install/tello_msgs/lib/python3.8/site-packages:${PYTHONPATH} /usr/bin/cmake --install /home/atte/drone_ws/build/tello_driver
[61.082s] -- Install configuration: ""
[61.082s] -- Installing: /home/atte/drone_ws/install/tello_driver/share/tello_driver/environment/library_path.sh
[61.082s] -- Installing: /home/atte/drone_ws/install/tello_driver/share/tello_driver/environment/library_path.dsv
[61.083s] -- Installing: /home/atte/drone_ws/install/tello_driver/lib/libtello_driver_node.so
[61.091s] -- Set runtime path of "/home/atte/drone_ws/install/tello_driver/lib/libtello_driver_node.so" to ""
[61.091s] -- Installing: /home/atte/drone_ws/install/tello_driver/lib/libtello_joy_node.so
[61.097s] -- Set runtime path of "/home/atte/drone_ws/install/tello_driver/lib/libtello_joy_node.so" to ""
[61.097s] -- Installing: /home/atte/drone_ws/install/tello_driver/lib/tello_driver/tello_driver_main
[61.102s] -- Set runtime path of "/home/atte/drone_ws/install/tello_driver/lib/tello_driver/tello_driver_main" to ""
[61.103s] -- Installing: /home/atte/drone_ws/install/tello_driver/lib/tello_driver/tello_joy_main
[61.106s] -- Set runtime path of "/home/atte/drone_ws/install/tello_driver/lib/tello_driver/tello_joy_main" to ""
[61.106s] -- Installing: /home/atte/drone_ws/install/tello_driver/lib/tello_driver/tello_emulator
[61.106s] -- Installing: /home/atte/drone_ws/install/tello_driver/share/tello_driver/cfg
[61.107s] -- Installing: /home/atte/drone_ws/install/tello_driver/share/tello_driver/cfg/camera_info.yaml
[61.107s] -- Installing: /home/atte/drone_ws/install/tello_driver/share/tello_driver/launch
[61.107s] -- Installing: /home/atte/drone_ws/install/tello_driver/share/tello_driver/launch/emulators_launch.py
[61.107s] -- Installing: /home/atte/drone_ws/install/tello_driver/share/tello_driver/launch/emulator_launch.py
[61.107s] -- Installing: /home/atte/drone_ws/install/tello_driver/share/tello_driver/launch/teleop_launch.py
[61.108s] -- Installing: /home/atte/drone_ws/install/tello_driver/share/ament_index/resource_index/package_run_dependencies/tello_driver
[61.108s] -- Installing: /home/atte/drone_ws/install/tello_driver/share/ament_index/resource_index/parent_prefix_path/tello_driver
[61.108s] -- Installing: /home/atte/drone_ws/install/tello_driver/share/tello_driver/environment/ament_prefix_path.sh
[61.108s] -- Installing: /home/atte/drone_ws/install/tello_driver/share/tello_driver/environment/ament_prefix_path.dsv
[61.108s] -- Installing: /home/atte/drone_ws/install/tello_driver/share/tello_driver/environment/path.sh
[61.108s] -- Installing: /home/atte/drone_ws/install/tello_driver/share/tello_driver/environment/path.dsv
[61.109s] -- Installing: /home/atte/drone_ws/install/tello_driver/share/tello_driver/local_setup.bash
[61.109s] -- Installing: /home/atte/drone_ws/install/tello_driver/share/tello_driver/local_setup.sh
[61.109s] -- Installing: /home/atte/drone_ws/install/tello_driver/share/tello_driver/local_setup.zsh
[61.109s] -- Installing: /home/atte/drone_ws/install/tello_driver/share/tello_driver/local_setup.dsv
[61.109s] -- Installing: /home/atte/drone_ws/install/tello_driver/share/tello_driver/package.dsv
[61.110s] -- Installing: /home/atte/drone_ws/install/tello_driver/share/ament_index/resource_index/packages/tello_driver
[61.110s] -- Installing: /home/atte/drone_ws/install/tello_driver/share/ament_index/resource_index/rclcpp_components/tello_driver
[61.110s] -- Installing: /home/atte/drone_ws/install/tello_driver/share/tello_driver/cmake/tello_driverConfig.cmake
[61.110s] -- Installing: /home/atte/drone_ws/install/tello_driver/share/tello_driver/cmake/tello_driverConfig-version.cmake
[61.110s] -- Installing: /home/atte/drone_ws/install/tello_driver/share/tello_driver/package.xml
[61.114s] Invoked command in '/home/atte/drone_ws/build/tello_driver' returned '0': AMENT_PREFIX_PATH=/home/atte/drone_ws/install/tello_msgs:/home/atte/drone_ws/install/ros2_shared:${AMENT_PREFIX_PATH} CMAKE_PREFIX_PATH=/home/atte/drone_ws/install/tello_msgs:/home/atte/drone_ws/install/ros2_shared:/opt/ros/galactic LD_LIBRARY_PATH=/home/atte/drone_ws/install/tello_msgs/lib:/usr/lib/x86_64-linux-gnu/gazebo-11/plugins:/opt/ros/galactic/opt/yaml_cpp_vendor/lib:/opt/ros/galactic/opt/rviz_ogre_vendor/lib:/opt/ros/galactic/lib/x86_64-linux-gnu:/opt/ros/galactic/lib:/usr/lib/x86_64-linux-gnu/gazebo-11/plugins PYTHONPATH=/home/atte/drone_ws/install/tello_msgs/lib/python3.8/site-packages:${PYTHONPATH} /usr/bin/cmake --install /home/atte/drone_ws/build/tello_driver
