[0.042s] Invoking command in '/home/atte/drone_ws/build/tello_description': CMAKE_PREFIX_PATH=/opt/ros/galactic /usr/bin/cmake /home/atte/drone_ws/src/drone_racing_ros2/tello_ros/tello_description -DCMAKE_INSTALL_PREFIX=/home/atte/drone_ws/install/tello_description
[0.146s] -- The C compiler identification is GNU 9.4.0
[0.244s] -- The CXX compiler identification is GNU 9.4.0
[0.253s] -- Check for working C compiler: /usr/bin/cc
[0.383s] -- Check for working C compiler: /usr/bin/cc -- works
[0.384s] -- Detecting C compiler ABI info
[0.494s] -- Detecting C compiler ABI info - done
[0.523s] -- Detecting C compile features
[0.524s] -- Detecting C compile features - done
[0.529s] -- Check for working CXX compiler: /usr/bin/c++
[0.679s] -- Check for working CXX compiler: /usr/bin/c++ -- works
[0.681s] -- Detecting CXX compiler ABI info
[0.830s] -- Detecting CXX compiler ABI info - done
[0.858s] -- Detecting CXX compile features
[0.860s] -- Detecting CXX compile features - done
[0.864s] -- Found ament_cmake: 1.1.6 (/opt/ros/galactic/share/ament_cmake/cmake)
[0.905s] -- Found PythonInterp: /usr/bin/python3 (found suitable version "3.8.10", minimum required is "3") 
[0.905s] -- Using PYTHON_EXECUTABLE: /usr/bin/python3
[1.047s] -- creating rules for /home/atte/drone_ws/build/tello_description/urdf/tello.urdf
[1.048s] -- creating rules for /home/atte/drone_ws/build/tello_description/urdf/tello_1.urdf
[1.048s] -- creating rules for /home/atte/drone_ws/build/tello_description/urdf/tello_2.urdf
[1.049s] -- creating rules for /home/atte/drone_ws/build/tello_description/urdf/tello_3.urdf
[1.049s] -- creating rules for /home/atte/drone_ws/build/tello_description/urdf/tello_4.urdf
[1.049s] -- creating rules for /home/atte/drone_ws/build/tello_description/urdf/tello_5.urdf
[1.050s] -- creating rules for /home/atte/drone_ws/build/tello_description/urdf/tello_6.urdf
[1.050s] -- creating rules for /home/atte/drone_ws/build/tello_description/urdf/tello_7.urdf
[1.050s] -- creating rules for /home/atte/drone_ws/build/tello_description/urdf/tello_8.urdf
[1.162s] -- Configuring done
[1.173s] -- Generating done
[1.178s] -- Build files have been written to: /home/atte/drone_ws/build/tello_description
[1.185s] Invoked command in '/home/atte/drone_ws/build/tello_description' returned '0': CMAKE_PREFIX_PATH=/opt/ros/galactic /usr/bin/cmake /home/atte/drone_ws/src/drone_racing_ros2/tello_ros/tello_description -DCMAKE_INSTALL_PREFIX=/home/atte/drone_ws/install/tello_description
[1.190s] Invoking command in '/home/atte/drone_ws/build/tello_description': CMAKE_PREFIX_PATH=/opt/ros/galactic /usr/bin/cmake --build /home/atte/drone_ws/build/tello_description -- -j4 -l4
[1.259s] [35m[1mScanning dependencies of target generate_urdf_6[0m
[1.277s] [ 11%] [34m[1mGenerate /home/atte/drone_ws/build/tello_description/urdf/tello_6.urdf[0m
[1.326s] [ 11%] Built target generate_urdf_6
[1.343s] [35m[1mScanning dependencies of target generate_urdf_3[0m
[1.361s] [ 22%] [34m[1mGenerate /home/atte/drone_ws/build/tello_description/urdf/tello_3.urdf[0m
[1.416s] [ 22%] Built target generate_urdf_3
[1.433s] [35m[1mScanning dependencies of target generate_urdf_8[0m
[1.451s] [ 33%] [34m[1mGenerate /home/atte/drone_ws/build/tello_description/urdf/tello_8.urdf[0m
[1.507s] [ 33%] Built target generate_urdf_8
[1.525s] [35m[1mScanning dependencies of target generate_urdf_4[0m
[1.541s] [ 44%] [34m[1mGenerate /home/atte/drone_ws/build/tello_description/urdf/tello_4.urdf[0m
[1.581s] [ 44%] Built target generate_urdf_4
[1.598s] [35m[1mScanning dependencies of target generate_urdf_5[0m
[1.619s] [ 55%] [34m[1mGenerate /home/atte/drone_ws/build/tello_description/urdf/tello_5.urdf[0m
[1.671s] [ 55%] Built target generate_urdf_5
[1.685s] [35m[1mScanning dependencies of target generate_urdf_7[0m
[1.701s] [ 66%] [34m[1mGenerate /home/atte/drone_ws/build/tello_description/urdf/tello_7.urdf[0m
[1.756s] [ 66%] Built target generate_urdf_7
[1.773s] [35m[1mScanning dependencies of target generate_urdf_2[0m
[1.790s] [ 77%] [34m[1mGenerate /home/atte/drone_ws/build/tello_description/urdf/tello_2.urdf[0m
[1.846s] [ 77%] Built target generate_urdf_2
[1.858s] [35m[1mScanning dependencies of target generate_urdf_1[0m
[1.871s] [ 88%] [34m[1mGenerate /home/atte/drone_ws/build/tello_description/urdf/tello_1.urdf[0m
[1.928s] [ 88%] Built target generate_urdf_1
[1.945s] [35m[1mScanning dependencies of target generate_urdf[0m
[1.963s] [100%] [34m[1mGenerate /home/atte/drone_ws/build/tello_description/urdf/tello.urdf[0m
[2.016s] [100%] Built target generate_urdf
[2.035s] Invoked command in '/home/atte/drone_ws/build/tello_description' returned '0': CMAKE_PREFIX_PATH=/opt/ros/galactic /usr/bin/cmake --build /home/atte/drone_ws/build/tello_description -- -j4 -l4
[2.039s] Invoking command in '/home/atte/drone_ws/build/tello_description': CMAKE_PREFIX_PATH=/opt/ros/galactic /usr/bin/cmake --install /home/atte/drone_ws/build/tello_description
[2.053s] -- Install configuration: ""
[2.053s] -- Installing: /home/atte/drone_ws/install/tello_description/share/tello_description/urdf
[2.054s] -- Installing: /home/atte/drone_ws/install/tello_description/share/tello_description/urdf/tello_7.urdf
[2.054s] -- Installing: /home/atte/drone_ws/install/tello_description/share/tello_description/urdf/tello_4.urdf
[2.054s] -- Installing: /home/atte/drone_ws/install/tello_description/share/tello_description/urdf/tello_5.urdf
[2.054s] -- Installing: /home/atte/drone_ws/install/tello_description/share/tello_description/urdf/tello_6.urdf
[2.054s] -- Installing: /home/atte/drone_ws/install/tello_description/share/tello_description/urdf/tello_3.urdf
[2.054s] -- Installing: /home/atte/drone_ws/install/tello_description/share/tello_description/urdf/tello.urdf
[2.055s] -- Installing: /home/atte/drone_ws/install/tello_description/share/tello_description/urdf/tello_2.urdf
[2.055s] -- Installing: /home/atte/drone_ws/install/tello_description/share/tello_description/urdf/tello_8.urdf
[2.055s] -- Installing: /home/atte/drone_ws/install/tello_description/share/tello_description/urdf/tello_1.urdf
[2.055s] -- Installing: /home/atte/drone_ws/install/tello_description/share/ament_index/resource_index/package_run_dependencies/tello_description
[2.056s] -- Installing: /home/atte/drone_ws/install/tello_description/share/ament_index/resource_index/parent_prefix_path/tello_description
[2.056s] -- Installing: /home/atte/drone_ws/install/tello_description/share/tello_description/environment/ament_prefix_path.sh
[2.056s] -- Installing: /home/atte/drone_ws/install/tello_description/share/tello_description/environment/ament_prefix_path.dsv
[2.056s] -- Installing: /home/atte/drone_ws/install/tello_description/share/tello_description/environment/path.sh
[2.057s] -- Installing: /home/atte/drone_ws/install/tello_description/share/tello_description/environment/path.dsv
[2.057s] -- Installing: /home/atte/drone_ws/install/tello_description/share/tello_description/local_setup.bash
[2.057s] -- Installing: /home/atte/drone_ws/install/tello_description/share/tello_description/local_setup.sh
[2.057s] -- Installing: /home/atte/drone_ws/install/tello_description/share/tello_description/local_setup.zsh
[2.057s] -- Installing: /home/atte/drone_ws/install/tello_description/share/tello_description/local_setup.dsv
[2.058s] -- Installing: /home/atte/drone_ws/install/tello_description/share/tello_description/package.dsv
[2.058s] -- Installing: /home/atte/drone_ws/install/tello_description/share/ament_index/resource_index/packages/tello_description
[2.058s] -- Installing: /home/atte/drone_ws/install/tello_description/share/tello_description/cmake/tello_descriptionConfig.cmake
[2.058s] -- Installing: /home/atte/drone_ws/install/tello_description/share/tello_description/cmake/tello_descriptionConfig-version.cmake
[2.059s] -- Installing: /home/atte/drone_ws/install/tello_description/share/tello_description/package.xml
[2.062s] Invoked command in '/home/atte/drone_ws/build/tello_description' returned '0': CMAKE_PREFIX_PATH=/opt/ros/galactic /usr/bin/cmake --install /home/atte/drone_ws/build/tello_description
