[0.023s] Invoking command in '/home/eeavir/tellocontrol/build/tello_msgs': CMAKE_PREFIX_PATH=${CMAKE_PREFIX_PATH}:/home/eeavir/tellocontrol/install/own_package:/opt/ros/galactic /usr/bin/cmake /home/eeavir/tellocontrol/src/drone_racing_ros2/tello_ros/tello_msgs -DCMAKE_INSTALL_PREFIX=/home/eeavir/tellocontrol/install/tello_msgs
[0.190s] -- The C compiler identification is GNU 9.4.0
[0.190s] -- The CXX compiler identification is GNU 9.4.0
[0.190s] -- Check for working C compiler: /usr/bin/cc
[0.190s] -- Check for working C compiler: /usr/bin/cc -- works
[0.190s] -- Detecting C compiler ABI info
[0.212s] -- Detecting C compiler ABI info - done
[0.220s] -- Detecting C compile features
[0.220s] -- Detecting C compile features - done
[0.222s] -- Check for working CXX compiler: /usr/bin/c++
[0.283s] -- Check for working CXX compiler: /usr/bin/c++ -- works
[0.284s] -- Detecting CXX compiler ABI info
[0.342s] -- Detecting CXX compiler ABI info - done
[0.350s] -- Detecting CXX compile features
[0.350s] -- Detecting CXX compile features - done
[0.352s] -- Found ament_cmake: 1.1.6 (/opt/ros/galactic/share/ament_cmake/cmake)
[0.370s] -- Found PythonInterp: /usr/bin/python3 (found suitable version "3.8.10", minimum required is "3") 
[0.370s] -- Using PYTHON_EXECUTABLE: /usr/bin/python3
[0.435s] -- Found rosidl_default_generators: 1.1.1 (/opt/ros/galactic/share/rosidl_default_generators/cmake)
[0.438s] -- Using all available rosidl_typesupport_c: rosidl_typesupport_fastrtps_c;rosidl_typesupport_introspection_c
[0.443s] -- Found rosidl_adapter: 2.2.3 (/opt/ros/galactic/share/rosidl_adapter/cmake)
[0.521s] -- Found OpenSSL: /usr/lib/x86_64-linux-gnu/libcrypto.so (found version "1.1.1f")  
[0.546s] -- Found FastRTPS: /opt/ros/galactic/include  
[0.620s] -- Using all available rosidl_typesupport_cpp: rosidl_typesupport_fastrtps_cpp;rosidl_typesupport_introspection_cpp
[0.639s] -- Found std_msgs: 2.2.4 (/opt/ros/galactic/share/std_msgs/cmake)
[0.683s] -- Found PythonInterp: /usr/bin/python3 (found version "3.8.10") 
[0.846s] -- Found ament_cmake_ros: 0.9.2 (/opt/ros/galactic/share/ament_cmake_ros/cmake)
[0.965s] -- Using all available rosidl_typesupport_c: rosidl_typesupport_fastrtps_c;rosidl_typesupport_introspection_c
[1.003s] -- Using all available rosidl_typesupport_cpp: rosidl_typesupport_fastrtps_cpp;rosidl_typesupport_introspection_cpp
[1.020s] -- Found PythonInterp: /usr/bin/python3 (found suitable version "3.8.10", minimum required is "3.5") 
[1.020s] -- Found python_cmake_module: 0.8.1 (/opt/ros/galactic/share/python_cmake_module/cmake)
[1.038s] -- Found PythonLibs: /usr/lib/x86_64-linux-gnu/libpython3.8.so (found suitable version "3.8.10", minimum required is "3.5") 
[1.038s] -- Using PYTHON_EXECUTABLE: /usr/bin/python3
[1.038s] -- Using PYTHON_INCLUDE_DIRS: /usr/include/python3.8
[1.038s] -- Using PYTHON_LIBRARIES: /usr/lib/x86_64-linux-gnu/libpython3.8.so
[1.052s] -- Found PythonExtra: .so  
[1.098s] -- Configuring done
[1.124s] -- Generating done
[1.134s] -- Build files have been written to: /home/eeavir/tellocontrol/build/tello_msgs
[1.141s] Invoked command in '/home/eeavir/tellocontrol/build/tello_msgs' returned '0': CMAKE_PREFIX_PATH=${CMAKE_PREFIX_PATH}:/home/eeavir/tellocontrol/install/own_package:/opt/ros/galactic /usr/bin/cmake /home/eeavir/tellocontrol/src/drone_racing_ros2/tello_ros/tello_msgs -DCMAKE_INSTALL_PREFIX=/home/eeavir/tellocontrol/install/tello_msgs
[1.141s] Invoking command in '/home/eeavir/tellocontrol/build/tello_msgs': CMAKE_PREFIX_PATH=${CMAKE_PREFIX_PATH}:/home/eeavir/tellocontrol/install/own_package:/opt/ros/galactic /usr/bin/cmake --build /home/eeavir/tellocontrol/build/tello_msgs -- -j8 -l8
[1.171s] [  2%] [34m[1mGenerating C code for ROS interfaces[0m
[1.171s] [35m[1mScanning dependencies of target tello_msgs__cpp[0m
[1.179s] [  4%] [34m[1mGenerating C++ code for ROS interfaces[0m
[1.579s] [  4%] Built target tello_msgs__cpp
[1.587s] [  6%] [34m[1mGenerating C++ type support dispatch for ROS interfaces[0m
[1.590s] [ 10%] [34m[1mGenerating C++ introspection for ROS interfaces[0m
[1.590s] [ 10%] [34m[1mGenerating C++ type support for eProsima Fast-RTPS[0m
[1.594s] [35m[1mScanning dependencies of target tello_msgs__rosidl_generator_c[0m
[1.605s] [ 12%] [32mBuilding C object CMakeFiles/tello_msgs__rosidl_generator_c.dir/rosidl_generator_c/tello_msgs/msg/detail/tello_response__functions.c.o[0m
[1.607s] [ 17%] [32mBuilding C object CMakeFiles/tello_msgs__rosidl_generator_c.dir/rosidl_generator_c/tello_msgs/msg/detail/flight_data__functions.c.o[0m
[1.607s] [ 17%] [32mBuilding C object CMakeFiles/tello_msgs__rosidl_generator_c.dir/rosidl_generator_c/tello_msgs/srv/detail/tello_action__functions.c.o[0m
[1.662s] [ 19%] [32m[1mLinking C shared library libtello_msgs__rosidl_generator_c.so[0m
[1.689s] [ 19%] Built target tello_msgs__rosidl_generator_c
[1.699s] [ 21%] [34m[1mGenerating C introspection for ROS interfaces[0m
[1.701s] [ 23%] [34m[1mGenerating C type support dispatch for ROS interfaces[0m
[1.980s] [35m[1mScanning dependencies of target tello_msgs__rosidl_typesupport_cpp[0m
[1.993s] [ 25%] [32mBuilding CXX object CMakeFiles/tello_msgs__rosidl_typesupport_cpp.dir/rosidl_typesupport_cpp/tello_msgs/msg/flight_data__type_support.cpp.o[0m
[2.002s] [ 27%] [32mBuilding CXX object CMakeFiles/tello_msgs__rosidl_typesupport_cpp.dir/rosidl_typesupport_cpp/tello_msgs/msg/tello_response__type_support.cpp.o[0m
[2.002s] [ 29%] [32mBuilding CXX object CMakeFiles/tello_msgs__rosidl_typesupport_cpp.dir/rosidl_typesupport_cpp/tello_msgs/srv/tello_action__type_support.cpp.o[0m
[2.012s] [35m[1mScanning dependencies of target tello_msgs__rosidl_typesupport_introspection_cpp[0m
[2.029s] [ 31%] [32mBuilding CXX object CMakeFiles/tello_msgs__rosidl_typesupport_introspection_cpp.dir/rosidl_typesupport_introspection_cpp/tello_msgs/msg/detail/flight_data__type_support.cpp.o[0m
[2.029s] [ 34%] [32mBuilding CXX object CMakeFiles/tello_msgs__rosidl_typesupport_introspection_cpp.dir/rosidl_typesupport_introspection_cpp/tello_msgs/msg/detail/tello_response__type_support.cpp.o[0m
[2.098s] [35m[1mScanning dependencies of target tello_msgs__rosidl_typesupport_fastrtps_cpp[0m
[2.120s] [ 36%] [32mBuilding CXX object CMakeFiles/tello_msgs__rosidl_typesupport_fastrtps_cpp.dir/rosidl_typesupport_fastrtps_cpp/tello_msgs/msg/detail/dds_fastrtps/flight_data__type_support.cpp.o[0m
[2.323s] [ 38%] [32mBuilding CXX object CMakeFiles/tello_msgs__rosidl_typesupport_fastrtps_cpp.dir/rosidl_typesupport_fastrtps_cpp/tello_msgs/msg/detail/dds_fastrtps/tello_response__type_support.cpp.o[0m
[2.330s] [ 40%] [32mBuilding CXX object CMakeFiles/tello_msgs__rosidl_typesupport_fastrtps_cpp.dir/rosidl_typesupport_fastrtps_cpp/tello_msgs/srv/detail/dds_fastrtps/tello_action__type_support.cpp.o[0m
[2.342s] [ 42%] [32m[1mLinking CXX shared library libtello_msgs__rosidl_typesupport_cpp.so[0m
[2.377s] [ 44%] [32mBuilding CXX object CMakeFiles/tello_msgs__rosidl_typesupport_introspection_cpp.dir/rosidl_typesupport_introspection_cpp/tello_msgs/srv/detail/tello_action__type_support.cpp.o[0m
[2.386s] [ 44%] Built target tello_msgs__rosidl_typesupport_cpp
[2.410s] [35m[1mScanning dependencies of target tello_msgs__rosidl_typesupport_c[0m
[2.426s] [ 48%] [32mBuilding CXX object CMakeFiles/tello_msgs__rosidl_typesupport_c.dir/rosidl_typesupport_c/tello_msgs/msg/flight_data__type_support.cpp.o[0m
[2.427s] [ 48%] [32mBuilding CXX object CMakeFiles/tello_msgs__rosidl_typesupport_c.dir/rosidl_typesupport_c/tello_msgs/msg/tello_response__type_support.cpp.o[0m
[2.433s] [ 51%] [32mBuilding CXX object CMakeFiles/tello_msgs__rosidl_typesupport_c.dir/rosidl_typesupport_c/tello_msgs/srv/tello_action__type_support.cpp.o[0m
[2.476s] [ 53%] [32m[1mLinking CXX shared library libtello_msgs__rosidl_typesupport_c.so[0m
[2.478s] [35m[1mScanning dependencies of target tello_msgs__rosidl_typesupport_introspection_c[0m
[2.493s] [ 59%] [32mBuilding C object CMakeFiles/tello_msgs__rosidl_typesupport_introspection_c.dir/rosidl_typesupport_introspection_c/tello_msgs/msg/detail/flight_data__type_support.c.o[0m
[2.493s] [ 59%] [32mBuilding C object CMakeFiles/tello_msgs__rosidl_typesupport_introspection_c.dir/rosidl_typesupport_introspection_c/tello_msgs/srv/detail/tello_action__type_support.c.o[0m
[2.493s] [ 59%] [32mBuilding C object CMakeFiles/tello_msgs__rosidl_typesupport_introspection_c.dir/rosidl_typesupport_introspection_c/tello_msgs/msg/detail/tello_response__type_support.c.o[0m
[2.526s] [ 59%] Built target tello_msgs__rosidl_typesupport_c
[2.533s] [ 61%] [32m[1mLinking C shared library libtello_msgs__rosidl_typesupport_introspection_c.so[0m
[2.558s] [ 61%] Built target tello_msgs__rosidl_typesupport_introspection_c
[2.610s] [ 63%] [32m[1mLinking CXX shared library libtello_msgs__rosidl_typesupport_introspection_cpp.so[0m
[2.661s] [ 63%] Built target tello_msgs__rosidl_typesupport_introspection_cpp
[2.724s] [ 65%] [32m[1mLinking CXX shared library libtello_msgs__rosidl_typesupport_fastrtps_cpp.so[0m
[2.784s] [ 65%] Built target tello_msgs__rosidl_typesupport_fastrtps_cpp
[2.791s] [ 68%] [34m[1mGenerating C type support for eProsima Fast-RTPS[0m
[3.158s] [35m[1mScanning dependencies of target tello_msgs__rosidl_typesupport_fastrtps_c[0m
[3.171s] [ 74%] [32mBuilding CXX object CMakeFiles/tello_msgs__rosidl_typesupport_fastrtps_c.dir/rosidl_typesupport_fastrtps_c/tello_msgs/srv/detail/tello_action__type_support_c.cpp.o[0m
[3.171s] [ 74%] [32mBuilding CXX object CMakeFiles/tello_msgs__rosidl_typesupport_fastrtps_c.dir/rosidl_typesupport_fastrtps_c/tello_msgs/msg/detail/flight_data__type_support_c.cpp.o[0m
[3.171s] [ 74%] [32mBuilding CXX object CMakeFiles/tello_msgs__rosidl_typesupport_fastrtps_c.dir/rosidl_typesupport_fastrtps_c/tello_msgs/msg/detail/tello_response__type_support_c.cpp.o[0m
[3.413s] [ 76%] [32m[1mLinking CXX shared library libtello_msgs__rosidl_typesupport_fastrtps_c.so[0m
[3.479s] [ 76%] Built target tello_msgs__rosidl_typesupport_fastrtps_c
[3.486s] [35m[1mScanning dependencies of target tello_msgs[0m
[3.494s] [ 76%] Built target tello_msgs
[3.502s] [35m[1mScanning dependencies of target tello_msgs__py[0m
[3.511s] [ 78%] [34m[1mGenerating Python code for ROS interfaces[0m
[4.253s] [ 78%] Built target tello_msgs__py
[4.261s] [35m[1mScanning dependencies of target tello_msgs__python[0m
[4.276s] [ 85%] [32mBuilding C object CMakeFiles/tello_msgs__python.dir/rosidl_generator_py/tello_msgs/msg/_flight_data_s.c.o[0m
[4.276s] [ 85%] [32mBuilding C object CMakeFiles/tello_msgs__python.dir/rosidl_generator_py/tello_msgs/srv/_tello_action_s.c.o[0m
[4.276s] [ 85%] [32mBuilding C object CMakeFiles/tello_msgs__python.dir/rosidl_generator_py/tello_msgs/msg/_tello_response_s.c.o[0m
[4.347s] [ 87%] [32m[1mLinking C shared library rosidl_generator_py/tello_msgs/libtello_msgs__python.so[0m
[4.377s] [ 87%] Built target tello_msgs__python
[4.385s] [35m[1mScanning dependencies of target tello_msgs__rosidl_typesupport_introspection_c__pyext[0m
[4.386s] [35m[1mScanning dependencies of target tello_msgs__rosidl_typesupport_c__pyext[0m
[4.386s] [35m[1mScanning dependencies of target tello_msgs__rosidl_typesupport_fastrtps_c__pyext[0m
[4.399s] [ 89%] [32mBuilding C object CMakeFiles/tello_msgs__rosidl_typesupport_c__pyext.dir/rosidl_generator_py/tello_msgs/_tello_msgs_s.ep.rosidl_typesupport_c.c.o[0m
[4.400s] [ 91%] [32mBuilding C object CMakeFiles/tello_msgs__rosidl_typesupport_introspection_c__pyext.dir/rosidl_generator_py/tello_msgs/_tello_msgs_s.ep.rosidl_typesupport_introspection_c.c.o[0m
[4.400s] [ 93%] [32mBuilding C object CMakeFiles/tello_msgs__rosidl_typesupport_fastrtps_c__pyext.dir/rosidl_generator_py/tello_msgs/_tello_msgs_s.ep.rosidl_typesupport_fastrtps_c.c.o[0m
[4.461s] [ 95%] [32m[1mLinking C shared library rosidl_generator_py/tello_msgs/tello_msgs_s__rosidl_typesupport_c.cpython-38-x86_64-linux-gnu.so[0m
[4.462s] [100%] [32m[1mLinking CXX shared library rosidl_generator_py/tello_msgs/tello_msgs_s__rosidl_typesupport_fastrtps_c.cpython-38-x86_64-linux-gnu.so[0m
[4.462s] [100%] [32m[1mLinking C shared library rosidl_generator_py/tello_msgs/tello_msgs_s__rosidl_typesupport_introspection_c.cpython-38-x86_64-linux-gnu.so[0m
[4.490s] [100%] Built target tello_msgs__rosidl_typesupport_introspection_c__pyext
[4.490s] [100%] Built target tello_msgs__rosidl_typesupport_c__pyext
[4.510s] [100%] Built target tello_msgs__rosidl_typesupport_fastrtps_c__pyext
[4.519s] Invoked command in '/home/eeavir/tellocontrol/build/tello_msgs' returned '0': CMAKE_PREFIX_PATH=${CMAKE_PREFIX_PATH}:/home/eeavir/tellocontrol/install/own_package:/opt/ros/galactic /usr/bin/cmake --build /home/eeavir/tellocontrol/build/tello_msgs -- -j8 -l8
[4.520s] Invoking command in '/home/eeavir/tellocontrol/build/tello_msgs': CMAKE_PREFIX_PATH=${CMAKE_PREFIX_PATH}:/home/eeavir/tellocontrol/install/own_package:/opt/ros/galactic /usr/bin/cmake --install /home/eeavir/tellocontrol/build/tello_msgs
[4.528s] -- Install configuration: ""
[4.528s] -- Installing: /home/eeavir/tellocontrol/install/tello_msgs/share/ament_index/resource_index/rosidl_interfaces/tello_msgs
[4.528s] -- Installing: /home/eeavir/tellocontrol/install/tello_msgs/include/tello_msgs
[4.529s] -- Installing: /home/eeavir/tellocontrol/install/tello_msgs/include/tello_msgs/msg
[4.529s] -- Installing: /home/eeavir/tellocontrol/install/tello_msgs/include/tello_msgs/msg/detail
[4.529s] -- Installing: /home/eeavir/tellocontrol/install/tello_msgs/include/tello_msgs/msg/detail/flight_data__functions.h
[4.529s] -- Installing: /home/eeavir/tellocontrol/install/tello_msgs/include/tello_msgs/msg/detail/flight_data__struct.h
[4.529s] -- Installing: /home/eeavir/tellocontrol/install/tello_msgs/include/tello_msgs/msg/detail/tello_response__struct.h
[4.529s] -- Installing: /home/eeavir/tellocontrol/install/tello_msgs/include/tello_msgs/msg/detail/flight_data__functions.c
[4.529s] -- Installing: /home/eeavir/tellocontrol/install/tello_msgs/include/tello_msgs/msg/detail/tello_response__functions.c
[4.529s] -- Installing: /home/eeavir/tellocontrol/install/tello_msgs/include/tello_msgs/msg/detail/tello_response__type_support.h
[4.529s] -- Installing: /home/eeavir/tellocontrol/install/tello_msgs/include/tello_msgs/msg/detail/flight_data__type_support.h
[4.529s] -- Installing: /home/eeavir/tellocontrol/install/tello_msgs/include/tello_msgs/msg/detail/tello_response__functions.h
[4.529s] -- Installing: /home/eeavir/tellocontrol/install/tello_msgs/include/tello_msgs/msg/flight_data.h
[4.529s] -- Installing: /home/eeavir/tellocontrol/install/tello_msgs/include/tello_msgs/msg/tello_response.h
[4.529s] -- Installing: /home/eeavir/tellocontrol/install/tello_msgs/include/tello_msgs/msg/rosidl_generator_c__visibility_control.h
[4.529s] -- Installing: /home/eeavir/tellocontrol/install/tello_msgs/include/tello_msgs/srv
[4.529s] -- Installing: /home/eeavir/tellocontrol/install/tello_msgs/include/tello_msgs/srv/detail
[4.529s] -- Installing: /home/eeavir/tellocontrol/install/tello_msgs/include/tello_msgs/srv/detail/tello_action__functions.c
[4.529s] -- Installing: /home/eeavir/tellocontrol/install/tello_msgs/include/tello_msgs/srv/detail/tello_action__struct.h
[4.529s] -- Installing: /home/eeavir/tellocontrol/install/tello_msgs/include/tello_msgs/srv/detail/tello_action__functions.h
[4.529s] -- Installing: /home/eeavir/tellocontrol/install/tello_msgs/include/tello_msgs/srv/detail/tello_action__type_support.h
[4.530s] -- Installing: /home/eeavir/tellocontrol/install/tello_msgs/include/tello_msgs/srv/tello_action.h
[4.530s] -- Installing: /home/eeavir/tellocontrol/install/tello_msgs/share/tello_msgs/environment/library_path.sh
[4.530s] -- Installing: /home/eeavir/tellocontrol/install/tello_msgs/share/tello_msgs/environment/library_path.dsv
[4.530s] -- Installing: /home/eeavir/tellocontrol/install/tello_msgs/lib/libtello_msgs__rosidl_generator_c.so
[4.530s] -- Set runtime path of "/home/eeavir/tellocontrol/install/tello_msgs/lib/libtello_msgs__rosidl_generator_c.so" to ""
[4.530s] -- Up-to-date: /home/eeavir/tellocontrol/install/tello_msgs/include/tello_msgs
[4.530s] -- Up-to-date: /home/eeavir/tellocontrol/install/tello_msgs/include/tello_msgs/msg
[4.530s] -- Up-to-date: /home/eeavir/tellocontrol/install/tello_msgs/include/tello_msgs/msg/detail
[4.530s] -- Installing: /home/eeavir/tellocontrol/install/tello_msgs/include/tello_msgs/msg/detail/tello_response__rosidl_typesupport_fastrtps_c.h
[4.530s] -- Installing: /home/eeavir/tellocontrol/install/tello_msgs/include/tello_msgs/msg/detail/flight_data__rosidl_typesupport_fastrtps_c.h
[4.530s] -- Installing: /home/eeavir/tellocontrol/install/tello_msgs/include/tello_msgs/msg/rosidl_typesupport_fastrtps_c__visibility_control.h
[4.530s] -- Up-to-date: /home/eeavir/tellocontrol/install/tello_msgs/include/tello_msgs/srv
[4.530s] -- Up-to-date: /home/eeavir/tellocontrol/install/tello_msgs/include/tello_msgs/srv/detail
[4.530s] -- Installing: /home/eeavir/tellocontrol/install/tello_msgs/include/tello_msgs/srv/detail/tello_action__rosidl_typesupport_fastrtps_c.h
[4.530s] -- Installing: /home/eeavir/tellocontrol/install/tello_msgs/lib/libtello_msgs__rosidl_typesupport_fastrtps_c.so
[4.531s] -- Set runtime path of "/home/eeavir/tellocontrol/install/tello_msgs/lib/libtello_msgs__rosidl_typesupport_fastrtps_c.so" to ""
[4.531s] -- Up-to-date: /home/eeavir/tellocontrol/install/tello_msgs/include/tello_msgs
[4.531s] -- Up-to-date: /home/eeavir/tellocontrol/install/tello_msgs/include/tello_msgs/msg
[4.531s] -- Up-to-date: /home/eeavir/tellocontrol/install/tello_msgs/include/tello_msgs/msg/detail
[4.531s] -- Installing: /home/eeavir/tellocontrol/install/tello_msgs/include/tello_msgs/msg/detail/flight_data__rosidl_typesupport_fastrtps_cpp.hpp
[4.531s] -- Installing: /home/eeavir/tellocontrol/install/tello_msgs/include/tello_msgs/msg/detail/dds_fastrtps
[4.531s] -- Installing: /home/eeavir/tellocontrol/install/tello_msgs/include/tello_msgs/msg/detail/tello_response__rosidl_typesupport_fastrtps_cpp.hpp
[4.531s] -- Installing: /home/eeavir/tellocontrol/install/tello_msgs/include/tello_msgs/msg/rosidl_typesupport_fastrtps_cpp__visibility_control.h
[4.531s] -- Up-to-date: /home/eeavir/tellocontrol/install/tello_msgs/include/tello_msgs/srv
[4.531s] -- Up-to-date: /home/eeavir/tellocontrol/install/tello_msgs/include/tello_msgs/srv/detail
[4.531s] -- Installing: /home/eeavir/tellocontrol/install/tello_msgs/include/tello_msgs/srv/detail/dds_fastrtps
[4.531s] -- Installing: /home/eeavir/tellocontrol/install/tello_msgs/include/tello_msgs/srv/detail/tello_action__rosidl_typesupport_fastrtps_cpp.hpp
[4.531s] -- Installing: /home/eeavir/tellocontrol/install/tello_msgs/lib/libtello_msgs__rosidl_typesupport_fastrtps_cpp.so
[4.531s] -- Set runtime path of "/home/eeavir/tellocontrol/install/tello_msgs/lib/libtello_msgs__rosidl_typesupport_fastrtps_cpp.so" to ""
[4.531s] -- Up-to-date: /home/eeavir/tellocontrol/install/tello_msgs/include/tello_msgs
[4.531s] -- Up-to-date: /home/eeavir/tellocontrol/install/tello_msgs/include/tello_msgs/msg
[4.531s] -- Up-to-date: /home/eeavir/tellocontrol/install/tello_msgs/include/tello_msgs/msg/detail
[4.532s] -- Installing: /home/eeavir/tellocontrol/install/tello_msgs/include/tello_msgs/msg/detail/tello_response__rosidl_typesupport_introspection_c.h
[4.532s] -- Installing: /home/eeavir/tellocontrol/install/tello_msgs/include/tello_msgs/msg/detail/flight_data__type_support.c
[4.532s] -- Installing: /home/eeavir/tellocontrol/install/tello_msgs/include/tello_msgs/msg/detail/flight_data__rosidl_typesupport_introspection_c.h
[4.532s] -- Installing: /home/eeavir/tellocontrol/install/tello_msgs/include/tello_msgs/msg/detail/tello_response__type_support.c
[4.532s] -- Installing: /home/eeavir/tellocontrol/install/tello_msgs/include/tello_msgs/msg/rosidl_typesupport_introspection_c__visibility_control.h
[4.532s] -- Up-to-date: /home/eeavir/tellocontrol/install/tello_msgs/include/tello_msgs/srv
[4.532s] -- Up-to-date: /home/eeavir/tellocontrol/install/tello_msgs/include/tello_msgs/srv/detail
[4.532s] -- Installing: /home/eeavir/tellocontrol/install/tello_msgs/include/tello_msgs/srv/detail/tello_action__rosidl_typesupport_introspection_c.h
[4.532s] -- Installing: /home/eeavir/tellocontrol/install/tello_msgs/include/tello_msgs/srv/detail/tello_action__type_support.c
[4.532s] -- Installing: /home/eeavir/tellocontrol/install/tello_msgs/lib/libtello_msgs__rosidl_typesupport_introspection_c.so
[4.532s] -- Set runtime path of "/home/eeavir/tellocontrol/install/tello_msgs/lib/libtello_msgs__rosidl_typesupport_introspection_c.so" to ""
[4.532s] -- Installing: /home/eeavir/tellocontrol/install/tello_msgs/lib/libtello_msgs__rosidl_typesupport_c.so
[4.532s] -- Set runtime path of "/home/eeavir/tellocontrol/install/tello_msgs/lib/libtello_msgs__rosidl_typesupport_c.so" to ""
[4.533s] -- Up-to-date: /home/eeavir/tellocontrol/install/tello_msgs/include/tello_msgs
[4.533s] -- Up-to-date: /home/eeavir/tellocontrol/install/tello_msgs/include/tello_msgs/msg
[4.533s] -- Installing: /home/eeavir/tellocontrol/install/tello_msgs/include/tello_msgs/msg/tello_response.hpp
[4.533s] -- Up-to-date: /home/eeavir/tellocontrol/install/tello_msgs/include/tello_msgs/msg/detail
[4.533s] -- Installing: /home/eeavir/tellocontrol/install/tello_msgs/include/tello_msgs/msg/detail/tello_response__struct.hpp
[4.533s] -- Installing: /home/eeavir/tellocontrol/install/tello_msgs/include/tello_msgs/msg/detail/tello_response__traits.hpp
[4.533s] -- Installing: /home/eeavir/tellocontrol/install/tello_msgs/include/tello_msgs/msg/detail/flight_data__builder.hpp
[4.533s] -- Installing: /home/eeavir/tellocontrol/install/tello_msgs/include/tello_msgs/msg/detail/flight_data__struct.hpp
[4.533s] -- Installing: /home/eeavir/tellocontrol/install/tello_msgs/include/tello_msgs/msg/detail/tello_response__builder.hpp
[4.533s] -- Installing: /home/eeavir/tellocontrol/install/tello_msgs/include/tello_msgs/msg/detail/flight_data__traits.hpp
[4.533s] -- Installing: /home/eeavir/tellocontrol/install/tello_msgs/include/tello_msgs/msg/flight_data.hpp
[4.533s] -- Up-to-date: /home/eeavir/tellocontrol/install/tello_msgs/include/tello_msgs/srv
[4.533s] -- Up-to-date: /home/eeavir/tellocontrol/install/tello_msgs/include/tello_msgs/srv/detail
[4.533s] -- Installing: /home/eeavir/tellocontrol/install/tello_msgs/include/tello_msgs/srv/detail/tello_action__struct.hpp
[4.533s] -- Installing: /home/eeavir/tellocontrol/install/tello_msgs/include/tello_msgs/srv/detail/tello_action__traits.hpp
[4.533s] -- Installing: /home/eeavir/tellocontrol/install/tello_msgs/include/tello_msgs/srv/detail/tello_action__builder.hpp
[4.533s] -- Installing: /home/eeavir/tellocontrol/install/tello_msgs/include/tello_msgs/srv/tello_action.hpp
[4.533s] -- Up-to-date: /home/eeavir/tellocontrol/install/tello_msgs/include/tello_msgs
[4.533s] -- Up-to-date: /home/eeavir/tellocontrol/install/tello_msgs/include/tello_msgs/msg
[4.534s] -- Up-to-date: /home/eeavir/tellocontrol/install/tello_msgs/include/tello_msgs/msg/detail
[4.534s] -- Installing: /home/eeavir/tellocontrol/install/tello_msgs/include/tello_msgs/msg/detail/flight_data__type_support.cpp
[4.534s] -- Installing: /home/eeavir/tellocontrol/install/tello_msgs/include/tello_msgs/msg/detail/flight_data__rosidl_typesupport_introspection_cpp.hpp
[4.534s] -- Installing: /home/eeavir/tellocontrol/install/tello_msgs/include/tello_msgs/msg/detail/tello_response__type_support.cpp
[4.534s] -- Installing: /home/eeavir/tellocontrol/install/tello_msgs/include/tello_msgs/msg/detail/tello_response__rosidl_typesupport_introspection_cpp.hpp
[4.534s] -- Up-to-date: /home/eeavir/tellocontrol/install/tello_msgs/include/tello_msgs/srv
[4.534s] -- Up-to-date: /home/eeavir/tellocontrol/install/tello_msgs/include/tello_msgs/srv/detail
[4.534s] -- Installing: /home/eeavir/tellocontrol/install/tello_msgs/include/tello_msgs/srv/detail/tello_action__rosidl_typesupport_introspection_cpp.hpp
[4.534s] -- Installing: /home/eeavir/tellocontrol/install/tello_msgs/include/tello_msgs/srv/detail/tello_action__type_support.cpp
[4.534s] -- Installing: /home/eeavir/tellocontrol/install/tello_msgs/lib/libtello_msgs__rosidl_typesupport_introspection_cpp.so
[4.534s] -- Set runtime path of "/home/eeavir/tellocontrol/install/tello_msgs/lib/libtello_msgs__rosidl_typesupport_introspection_cpp.so" to ""
[4.534s] -- Installing: /home/eeavir/tellocontrol/install/tello_msgs/lib/libtello_msgs__rosidl_typesupport_cpp.so
[4.534s] -- Set runtime path of "/home/eeavir/tellocontrol/install/tello_msgs/lib/libtello_msgs__rosidl_typesupport_cpp.so" to ""
[4.535s] -- Installing: /home/eeavir/tellocontrol/install/tello_msgs/share/tello_msgs/environment/pythonpath.sh
[4.535s] -- Installing: /home/eeavir/tellocontrol/install/tello_msgs/share/tello_msgs/environment/pythonpath.dsv
[4.535s] -- Installing: /home/eeavir/tellocontrol/install/tello_msgs/lib/python3.8/site-packages/tello_msgs/__init__.py
[4.555s] Compiling '/home/eeavir/tellocontrol/install/tello_msgs/lib/python3.8/site-packages/tello_msgs/__init__.py'...
[4.558s] -- Installing: /home/eeavir/tellocontrol/install/tello_msgs/lib/python3.8/site-packages/tello_msgs/msg
[4.558s] -- Installing: /home/eeavir/tellocontrol/install/tello_msgs/lib/python3.8/site-packages/tello_msgs/msg/__init__.py
[4.558s] -- Installing: /home/eeavir/tellocontrol/install/tello_msgs/lib/python3.8/site-packages/tello_msgs/msg/_flight_data_s.c
[4.558s] -- Installing: /home/eeavir/tellocontrol/install/tello_msgs/lib/python3.8/site-packages/tello_msgs/msg/_tello_response.py
[4.558s] -- Installing: /home/eeavir/tellocontrol/install/tello_msgs/lib/python3.8/site-packages/tello_msgs/msg/_flight_data.py
[4.558s] -- Installing: /home/eeavir/tellocontrol/install/tello_msgs/lib/python3.8/site-packages/tello_msgs/msg/_tello_response_s.c
[4.558s] -- Installing: /home/eeavir/tellocontrol/install/tello_msgs/lib/python3.8/site-packages/tello_msgs/srv
[4.558s] -- Installing: /home/eeavir/tellocontrol/install/tello_msgs/lib/python3.8/site-packages/tello_msgs/srv/__init__.py
[4.558s] -- Installing: /home/eeavir/tellocontrol/install/tello_msgs/lib/python3.8/site-packages/tello_msgs/srv/_tello_action_s.c
[4.558s] -- Installing: /home/eeavir/tellocontrol/install/tello_msgs/lib/python3.8/site-packages/tello_msgs/srv/_tello_action.py
[4.558s] -- Installing: /home/eeavir/tellocontrol/install/tello_msgs/lib/python3.8/site-packages/tello_msgs/tello_msgs_s__rosidl_typesupport_fastrtps_c.cpython-38-x86_64-linux-gnu.so
[4.559s] -- Set runtime path of "/home/eeavir/tellocontrol/install/tello_msgs/lib/python3.8/site-packages/tello_msgs/tello_msgs_s__rosidl_typesupport_fastrtps_c.cpython-38-x86_64-linux-gnu.so" to ""
[4.559s] -- Installing: /home/eeavir/tellocontrol/install/tello_msgs/lib/python3.8/site-packages/tello_msgs/tello_msgs_s__rosidl_typesupport_introspection_c.cpython-38-x86_64-linux-gnu.so
[4.559s] -- Set runtime path of "/home/eeavir/tellocontrol/install/tello_msgs/lib/python3.8/site-packages/tello_msgs/tello_msgs_s__rosidl_typesupport_introspection_c.cpython-38-x86_64-linux-gnu.so" to ""
[4.559s] -- Installing: /home/eeavir/tellocontrol/install/tello_msgs/lib/python3.8/site-packages/tello_msgs/tello_msgs_s__rosidl_typesupport_c.cpython-38-x86_64-linux-gnu.so
[4.560s] -- Set runtime path of "/home/eeavir/tellocontrol/install/tello_msgs/lib/python3.8/site-packages/tello_msgs/tello_msgs_s__rosidl_typesupport_c.cpython-38-x86_64-linux-gnu.so" to ""
[4.560s] -- Installing: /home/eeavir/tellocontrol/install/tello_msgs/lib/libtello_msgs__python.so
[4.560s] -- Set runtime path of "/home/eeavir/tellocontrol/install/tello_msgs/lib/libtello_msgs__python.so" to ""
[4.560s] -- Installing: /home/eeavir/tellocontrol/install/tello_msgs/share/tello_msgs/msg/FlightData.idl
[4.560s] -- Installing: /home/eeavir/tellocontrol/install/tello_msgs/share/tello_msgs/msg/TelloResponse.idl
[4.560s] -- Installing: /home/eeavir/tellocontrol/install/tello_msgs/share/tello_msgs/srv/TelloAction.idl
[4.560s] -- Installing: /home/eeavir/tellocontrol/install/tello_msgs/share/tello_msgs/msg/FlightData.msg
[4.560s] -- Installing: /home/eeavir/tellocontrol/install/tello_msgs/share/tello_msgs/msg/TelloResponse.msg
[4.561s] -- Installing: /home/eeavir/tellocontrol/install/tello_msgs/share/tello_msgs/srv/TelloAction.srv
[4.561s] -- Installing: /home/eeavir/tellocontrol/install/tello_msgs/share/tello_msgs/srv/TelloAction_Request.msg
[4.561s] -- Installing: /home/eeavir/tellocontrol/install/tello_msgs/share/tello_msgs/srv/TelloAction_Response.msg
[4.561s] -- Installing: /home/eeavir/tellocontrol/install/tello_msgs/share/ament_index/resource_index/package_run_dependencies/tello_msgs
[4.561s] -- Installing: /home/eeavir/tellocontrol/install/tello_msgs/share/ament_index/resource_index/parent_prefix_path/tello_msgs
[4.561s] -- Installing: /home/eeavir/tellocontrol/install/tello_msgs/share/tello_msgs/environment/ament_prefix_path.sh
[4.561s] -- Installing: /home/eeavir/tellocontrol/install/tello_msgs/share/tello_msgs/environment/ament_prefix_path.dsv
[4.561s] -- Installing: /home/eeavir/tellocontrol/install/tello_msgs/share/tello_msgs/environment/path.sh
[4.561s] -- Installing: /home/eeavir/tellocontrol/install/tello_msgs/share/tello_msgs/environment/path.dsv
[4.561s] -- Installing: /home/eeavir/tellocontrol/install/tello_msgs/share/tello_msgs/local_setup.bash
[4.561s] -- Installing: /home/eeavir/tellocontrol/install/tello_msgs/share/tello_msgs/local_setup.sh
[4.561s] -- Installing: /home/eeavir/tellocontrol/install/tello_msgs/share/tello_msgs/local_setup.zsh
[4.561s] -- Installing: /home/eeavir/tellocontrol/install/tello_msgs/share/tello_msgs/local_setup.dsv
[4.562s] -- Installing: /home/eeavir/tellocontrol/install/tello_msgs/share/tello_msgs/package.dsv
[4.562s] -- Installing: /home/eeavir/tellocontrol/install/tello_msgs/share/ament_index/resource_index/packages/tello_msgs
[4.562s] -- Installing: /home/eeavir/tellocontrol/install/tello_msgs/share/tello_msgs/cmake/tello_msgs__rosidl_generator_cExport.cmake
[4.562s] -- Installing: /home/eeavir/tellocontrol/install/tello_msgs/share/tello_msgs/cmake/tello_msgs__rosidl_generator_cExport-noconfig.cmake
[4.562s] -- Installing: /home/eeavir/tellocontrol/install/tello_msgs/share/tello_msgs/cmake/tello_msgs__rosidl_typesupport_introspection_cExport.cmake
[4.562s] -- Installing: /home/eeavir/tellocontrol/install/tello_msgs/share/tello_msgs/cmake/tello_msgs__rosidl_typesupport_introspection_cExport-noconfig.cmake
[4.562s] -- Installing: /home/eeavir/tellocontrol/install/tello_msgs/share/tello_msgs/cmake/tello_msgs__rosidl_typesupport_cExport.cmake
[4.562s] -- Installing: /home/eeavir/tellocontrol/install/tello_msgs/share/tello_msgs/cmake/tello_msgs__rosidl_typesupport_cExport-noconfig.cmake
[4.562s] -- Installing: /home/eeavir/tellocontrol/install/tello_msgs/share/tello_msgs/cmake/tello_msgs__rosidl_generator_cppExport.cmake
[4.562s] -- Installing: /home/eeavir/tellocontrol/install/tello_msgs/share/tello_msgs/cmake/tello_msgs__rosidl_typesupport_introspection_cppExport.cmake
[4.563s] -- Installing: /home/eeavir/tellocontrol/install/tello_msgs/share/tello_msgs/cmake/tello_msgs__rosidl_typesupport_introspection_cppExport-noconfig.cmake
[4.563s] -- Installing: /home/eeavir/tellocontrol/install/tello_msgs/share/tello_msgs/cmake/tello_msgs__rosidl_typesupport_cppExport.cmake
[4.563s] -- Installing: /home/eeavir/tellocontrol/install/tello_msgs/share/tello_msgs/cmake/tello_msgs__rosidl_typesupport_cppExport-noconfig.cmake
[4.563s] -- Installing: /home/eeavir/tellocontrol/install/tello_msgs/share/tello_msgs/cmake/rosidl_cmake-extras.cmake
[4.563s] -- Installing: /home/eeavir/tellocontrol/install/tello_msgs/share/tello_msgs/cmake/ament_cmake_export_dependencies-extras.cmake
[4.563s] -- Installing: /home/eeavir/tellocontrol/install/tello_msgs/share/tello_msgs/cmake/ament_cmake_export_libraries-extras.cmake
[4.563s] -- Installing: /home/eeavir/tellocontrol/install/tello_msgs/share/tello_msgs/cmake/ament_cmake_export_targets-extras.cmake
[4.563s] -- Installing: /home/eeavir/tellocontrol/install/tello_msgs/share/tello_msgs/cmake/ament_cmake_export_include_directories-extras.cmake
[4.563s] -- Installing: /home/eeavir/tellocontrol/install/tello_msgs/share/tello_msgs/cmake/rosidl_cmake_export_typesupport_libraries-extras.cmake
[4.563s] -- Installing: /home/eeavir/tellocontrol/install/tello_msgs/share/tello_msgs/cmake/rosidl_cmake_export_typesupport_targets-extras.cmake
[4.563s] -- Installing: /home/eeavir/tellocontrol/install/tello_msgs/share/tello_msgs/cmake/tello_msgsConfig.cmake
[4.563s] -- Installing: /home/eeavir/tellocontrol/install/tello_msgs/share/tello_msgs/cmake/tello_msgsConfig-version.cmake
[4.563s] -- Installing: /home/eeavir/tellocontrol/install/tello_msgs/share/tello_msgs/package.xml
[4.566s] Invoked command in '/home/eeavir/tellocontrol/build/tello_msgs' returned '0': CMAKE_PREFIX_PATH=${CMAKE_PREFIX_PATH}:/home/eeavir/tellocontrol/install/own_package:/opt/ros/galactic /usr/bin/cmake --install /home/eeavir/tellocontrol/build/tello_msgs
