[0.035s] Invoking command in '/home/eeavir/drone_ws/build/tello_driver': CMAKE_PREFIX_PATH=/home/eeavir/drone_ws/install/tello_msgs:/home/eeavir/drone_ws/install/ros2_shared:/home/eeavir/drone_ws/install/tello_gazebo:/home/eeavir/drone_ws/install/tello_driver:/home/eeavir/drone_ws/install/tello_description:/home/eeavir/drone_ws/install/own_package:/home/eeavir/drone_ws/install/drone_image_viewer:/opt/ros/galactic LD_LIBRARY_PATH=/home/eeavir/drone_ws/install/tello_msgs/lib:/home/eeavir/drone_ws/install/tello_gazebo/lib:/home/eeavir/drone_ws/install/tello_driver/lib:/usr/lib/x86_64-linux-gnu/gazebo-11/plugins:/opt/ros/galactic/opt/yaml_cpp_vendor/lib:/opt/ros/galactic/opt/rviz_ogre_vendor/lib:/opt/ros/galactic/lib/x86_64-linux-gnu:/opt/ros/galactic/lib:/usr/lib/x86_64-linux-gnu/gazebo-11/plugins PYTHONPATH=/home/eeavir/drone_ws/install/tello_msgs/lib/python3.8/site-packages:/home/eeavir/drone_ws/install/own_package/lib/python3.8/site-packages:/home/eeavir/drone_ws/install/drone_image_viewer/lib/python3.8/site-packages:/opt/ros/galactic/lib/python3.8/site-packages /usr/bin/cmake --build /home/eeavir/drone_ws/build/tello_driver -- -j8 -l8
[0.104s] [  9%] Built target tello_emulator
[0.107s] [ 22%] Built target tello_joy_main
[0.117s] [ 31%] Built target tello_joy_node
[0.129s] [ 63%] Built target tello_driver_node
[0.137s] [100%] Built target tello_driver_main
[0.150s] Invoked command in '/home/eeavir/drone_ws/build/tello_driver' returned '0': CMAKE_PREFIX_PATH=/home/eeavir/drone_ws/install/tello_msgs:/home/eeavir/drone_ws/install/ros2_shared:/home/eeavir/drone_ws/install/tello_gazebo:/home/eeavir/drone_ws/install/tello_driver:/home/eeavir/drone_ws/install/tello_description:/home/eeavir/drone_ws/install/own_package:/home/eeavir/drone_ws/install/drone_image_viewer:/opt/ros/galactic LD_LIBRARY_PATH=/home/eeavir/drone_ws/install/tello_msgs/lib:/home/eeavir/drone_ws/install/tello_gazebo/lib:/home/eeavir/drone_ws/install/tello_driver/lib:/usr/lib/x86_64-linux-gnu/gazebo-11/plugins:/opt/ros/galactic/opt/yaml_cpp_vendor/lib:/opt/ros/galactic/opt/rviz_ogre_vendor/lib:/opt/ros/galactic/lib/x86_64-linux-gnu:/opt/ros/galactic/lib:/usr/lib/x86_64-linux-gnu/gazebo-11/plugins PYTHONPATH=/home/eeavir/drone_ws/install/tello_msgs/lib/python3.8/site-packages:/home/eeavir/drone_ws/install/own_package/lib/python3.8/site-packages:/home/eeavir/drone_ws/install/drone_image_viewer/lib/python3.8/site-packages:/opt/ros/galactic/lib/python3.8/site-packages /usr/bin/cmake --build /home/eeavir/drone_ws/build/tello_driver -- -j8 -l8
[0.152s] Invoking command in '/home/eeavir/drone_ws/build/tello_driver': CMAKE_PREFIX_PATH=/home/eeavir/drone_ws/install/tello_msgs:/home/eeavir/drone_ws/install/ros2_shared:/home/eeavir/drone_ws/install/tello_gazebo:/home/eeavir/drone_ws/install/tello_driver:/home/eeavir/drone_ws/install/tello_description:/home/eeavir/drone_ws/install/own_package:/home/eeavir/drone_ws/install/drone_image_viewer:/opt/ros/galactic LD_LIBRARY_PATH=/home/eeavir/drone_ws/install/tello_msgs/lib:/home/eeavir/drone_ws/install/tello_gazebo/lib:/home/eeavir/drone_ws/install/tello_driver/lib:/usr/lib/x86_64-linux-gnu/gazebo-11/plugins:/opt/ros/galactic/opt/yaml_cpp_vendor/lib:/opt/ros/galactic/opt/rviz_ogre_vendor/lib:/opt/ros/galactic/lib/x86_64-linux-gnu:/opt/ros/galactic/lib:/usr/lib/x86_64-linux-gnu/gazebo-11/plugins PYTHONPATH=/home/eeavir/drone_ws/install/tello_msgs/lib/python3.8/site-packages:/home/eeavir/drone_ws/install/own_package/lib/python3.8/site-packages:/home/eeavir/drone_ws/install/drone_image_viewer/lib/python3.8/site-packages:/opt/ros/galactic/lib/python3.8/site-packages /usr/bin/cmake --install /home/eeavir/drone_ws/build/tello_driver
[0.161s] -- Install configuration: ""
[0.161s] -- Up-to-date: /home/eeavir/drone_ws/install/tello_driver/share/tello_driver/environment/library_path.sh
[0.161s] -- Up-to-date: /home/eeavir/drone_ws/install/tello_driver/share/tello_driver/environment/library_path.dsv
[0.161s] -- Up-to-date: /home/eeavir/drone_ws/install/tello_driver/lib/libtello_driver_node.so
[0.161s] -- Up-to-date: /home/eeavir/drone_ws/install/tello_driver/lib/libtello_joy_node.so
[0.162s] -- Up-to-date: /home/eeavir/drone_ws/install/tello_driver/lib/tello_driver/tello_driver_main
[0.162s] -- Up-to-date: /home/eeavir/drone_ws/install/tello_driver/lib/tello_driver/tello_joy_main
[0.162s] -- Up-to-date: /home/eeavir/drone_ws/install/tello_driver/lib/tello_driver/tello_emulator
[0.162s] -- Up-to-date: /home/eeavir/drone_ws/install/tello_driver/share/tello_driver/cfg
[0.162s] -- Up-to-date: /home/eeavir/drone_ws/install/tello_driver/share/tello_driver/cfg/camera_info.yaml
[0.163s] -- Up-to-date: /home/eeavir/drone_ws/install/tello_driver/share/tello_driver/launch
[0.163s] -- Up-to-date: /home/eeavir/drone_ws/install/tello_driver/share/tello_driver/launch/emulators_launch.py
[0.163s] -- Up-to-date: /home/eeavir/drone_ws/install/tello_driver/share/tello_driver/launch/emulator_launch.py
[0.163s] -- Up-to-date: /home/eeavir/drone_ws/install/tello_driver/share/tello_driver/launch/teleop_launch.py
[0.164s] -- Up-to-date: /home/eeavir/drone_ws/install/tello_driver/share/ament_index/resource_index/package_run_dependencies/tello_driver
[0.167s] -- Up-to-date: /home/eeavir/drone_ws/install/tello_driver/share/ament_index/resource_index/parent_prefix_path/tello_driver
[0.168s] -- Up-to-date: /home/eeavir/drone_ws/install/tello_driver/share/tello_driver/environment/ament_prefix_path.sh
[0.168s] -- Up-to-date: /home/eeavir/drone_ws/install/tello_driver/share/tello_driver/environment/ament_prefix_path.dsv
[0.173s] -- Up-to-date: /home/eeavir/drone_ws/install/tello_driver/share/tello_driver/environment/path.sh
[0.173s] -- Up-to-date: /home/eeavir/drone_ws/install/tello_driver/share/tello_driver/environment/path.dsv
[0.174s] -- Up-to-date: /home/eeavir/drone_ws/install/tello_driver/share/tello_driver/local_setup.bash
[0.174s] -- Up-to-date: /home/eeavir/drone_ws/install/tello_driver/share/tello_driver/local_setup.sh
[0.174s] -- Up-to-date: /home/eeavir/drone_ws/install/tello_driver/share/tello_driver/local_setup.zsh
[0.174s] -- Up-to-date: /home/eeavir/drone_ws/install/tello_driver/share/tello_driver/local_setup.dsv
[0.175s] -- Installing: /home/eeavir/drone_ws/install/tello_driver/share/tello_driver/package.dsv
[0.175s] -- Up-to-date: /home/eeavir/drone_ws/install/tello_driver/share/ament_index/resource_index/packages/tello_driver
[0.175s] -- Up-to-date: /home/eeavir/drone_ws/install/tello_driver/share/ament_index/resource_index/rclcpp_components/tello_driver
[0.176s] -- Up-to-date: /home/eeavir/drone_ws/install/tello_driver/share/tello_driver/cmake/tello_driverConfig.cmake
[0.176s] -- Up-to-date: /home/eeavir/drone_ws/install/tello_driver/share/tello_driver/cmake/tello_driverConfig-version.cmake
[0.176s] -- Up-to-date: /home/eeavir/drone_ws/install/tello_driver/share/tello_driver/package.xml
[0.176s] Invoked command in '/home/eeavir/drone_ws/build/tello_driver' returned '0': CMAKE_PREFIX_PATH=/home/eeavir/drone_ws/install/tello_msgs:/home/eeavir/drone_ws/install/ros2_shared:/home/eeavir/drone_ws/install/tello_gazebo:/home/eeavir/drone_ws/install/tello_driver:/home/eeavir/drone_ws/install/tello_description:/home/eeavir/drone_ws/install/own_package:/home/eeavir/drone_ws/install/drone_image_viewer:/opt/ros/galactic LD_LIBRARY_PATH=/home/eeavir/drone_ws/install/tello_msgs/lib:/home/eeavir/drone_ws/install/tello_gazebo/lib:/home/eeavir/drone_ws/install/tello_driver/lib:/usr/lib/x86_64-linux-gnu/gazebo-11/plugins:/opt/ros/galactic/opt/yaml_cpp_vendor/lib:/opt/ros/galactic/opt/rviz_ogre_vendor/lib:/opt/ros/galactic/lib/x86_64-linux-gnu:/opt/ros/galactic/lib:/usr/lib/x86_64-linux-gnu/gazebo-11/plugins PYTHONPATH=/home/eeavir/drone_ws/install/tello_msgs/lib/python3.8/site-packages:/home/eeavir/drone_ws/install/own_package/lib/python3.8/site-packages:/home/eeavir/drone_ws/install/drone_image_viewer/lib/python3.8/site-packages:/opt/ros/galactic/lib/python3.8/site-packages /usr/bin/cmake --install /home/eeavir/drone_ws/build/tello_driver
