[0.506s] Invoking command in '/home/eeavir/tellocontrol/src/own_package': PYTHONPATH=/home/eeavir/tellocontrol/build/own_package/prefix_override:/usr/lib/python3/dist-packages/colcon_core/task/python/colcon_distutils_commands:/home/eeavir/tellocontrol/install/own_package/lib/python3.8/site-packages:${PYTHONPATH} /usr/bin/python3 -W ignore:setup.py install is deprecated -W ignore:easy_install command is deprecated setup.py egg_info --egg-base ../../build/own_package build --build-base /home/eeavir/tellocontrol/build/own_package/build install --record /home/eeavir/tellocontrol/build/own_package/install.log --single-version-externally-managed install_data
[0.663s] running egg_info
[0.663s] creating ../../build/own_package/own_package.egg-info
[0.663s] writing ../../build/own_package/own_package.egg-info/PKG-INFO
[0.663s] writing dependency_links to ../../build/own_package/own_package.egg-info/dependency_links.txt
[0.664s] writing entry points to ../../build/own_package/own_package.egg-info/entry_points.txt
[0.664s] writing requirements to ../../build/own_package/own_package.egg-info/requires.txt
[0.664s] writing top-level names to ../../build/own_package/own_package.egg-info/top_level.txt
[0.664s] writing manifest file '../../build/own_package/own_package.egg-info/SOURCES.txt'
[0.691s] reading manifest file '../../build/own_package/own_package.egg-info/SOURCES.txt'
[0.692s] writing manifest file '../../build/own_package/own_package.egg-info/SOURCES.txt'
[0.692s] running build
[0.692s] running build_py
[0.692s] creating /home/eeavir/tellocontrol/build/own_package/build
[0.692s] creating /home/eeavir/tellocontrol/build/own_package/build/lib
[0.692s] creating /home/eeavir/tellocontrol/build/own_package/build/lib/own_package
[0.692s] copying own_package/__init__.py -> /home/eeavir/tellocontrol/build/own_package/build/lib/own_package
[0.692s] copying own_package/image_subscriber.py -> /home/eeavir/tellocontrol/build/own_package/build/lib/own_package
[0.693s] running install
[0.694s] running install_lib
[0.695s] creating /home/eeavir/tellocontrol/install/own_package/lib/python3.8/site-packages/own_package
[0.695s] copying /home/eeavir/tellocontrol/build/own_package/build/lib/own_package/__init__.py -> /home/eeavir/tellocontrol/install/own_package/lib/python3.8/site-packages/own_package
[0.695s] copying /home/eeavir/tellocontrol/build/own_package/build/lib/own_package/image_subscriber.py -> /home/eeavir/tellocontrol/install/own_package/lib/python3.8/site-packages/own_package
[0.696s] byte-compiling /home/eeavir/tellocontrol/install/own_package/lib/python3.8/site-packages/own_package/__init__.py to __init__.cpython-38.pyc
[0.698s] byte-compiling /home/eeavir/tellocontrol/install/own_package/lib/python3.8/site-packages/own_package/image_subscriber.py to image_subscriber.cpython-38.pyc
[0.699s] running install_data
[0.699s] creating /home/eeavir/tellocontrol/install/own_package/share/ament_index
[0.699s] creating /home/eeavir/tellocontrol/install/own_package/share/ament_index/resource_index
[0.700s] creating /home/eeavir/tellocontrol/install/own_package/share/ament_index/resource_index/packages
[0.700s] copying resource/own_package -> /home/eeavir/tellocontrol/install/own_package/share/ament_index/resource_index/packages
[0.700s] copying package.xml -> /home/eeavir/tellocontrol/install/own_package/share/own_package
[0.700s] running install_egg_info
[0.703s] Copying ../../build/own_package/own_package.egg-info to /home/eeavir/tellocontrol/install/own_package/lib/python3.8/site-packages/own_package-0.0.0-py3.8.egg-info
[0.703s] running install_scripts
[0.724s] Installing image_subscriber script to /home/eeavir/tellocontrol/install/own_package/lib/own_package
[0.725s] writing list of installed files to '/home/eeavir/tellocontrol/build/own_package/install.log'
[0.764s] Invoked command in '/home/eeavir/tellocontrol/src/own_package' returned '0': PYTHONPATH=/home/eeavir/tellocontrol/build/own_package/prefix_override:/usr/lib/python3/dist-packages/colcon_core/task/python/colcon_distutils_commands:/home/eeavir/tellocontrol/install/own_package/lib/python3.8/site-packages:${PYTHONPATH} /usr/bin/python3 -W ignore:setup.py install is deprecated -W ignore:easy_install command is deprecated setup.py egg_info --egg-base ../../build/own_package build --build-base /home/eeavir/tellocontrol/build/own_package/build install --record /home/eeavir/tellocontrol/build/own_package/install.log --single-version-externally-managed install_data
