[0.038s] Invoking command in '/home/eeavir/drone_ws/build/ros2_shared': CMAKE_PREFIX_PATH=${CMAKE_PREFIX_PATH}:/home/eeavir/drone_ws/install/own_package:/home/eeavir/drone_ws/install/drone_image_viewer:/opt/ros/galactic /usr/bin/cmake --build /home/eeavir/drone_ws/build/ros2_shared -- -j8 -l8
[0.312s] Invoked command in '/home/eeavir/drone_ws/build/ros2_shared' returned '0': CMAKE_PREFIX_PATH=${CMAKE_PREFIX_PATH}:/home/eeavir/drone_ws/install/own_package:/home/eeavir/drone_ws/install/drone_image_viewer:/opt/ros/galactic /usr/bin/cmake --build /home/eeavir/drone_ws/build/ros2_shared -- -j8 -l8
[0.327s] Invoking command in '/home/eeavir/drone_ws/build/ros2_shared': CMAKE_PREFIX_PATH=${CMAKE_PREFIX_PATH}:/home/eeavir/drone_ws/install/own_package:/home/eeavir/drone_ws/install/drone_image_viewer:/opt/ros/galactic /usr/bin/cmake --install /home/eeavir/drone_ws/build/ros2_shared
[0.341s] -- Install configuration: ""
[0.341s] -- Up-to-date: /home/eeavir/drone_ws/install/ros2_shared/include
[0.341s] -- Up-to-date: /home/eeavir/drone_ws/install/ros2_shared/include/ros2_shared
[0.341s] -- Up-to-date: /home/eeavir/drone_ws/install/ros2_shared/include/ros2_shared/param_macros.hpp
[0.341s] -- Up-to-date: /home/eeavir/drone_ws/install/ros2_shared/include/ros2_shared/string_printf.hpp
[0.341s] -- Up-to-date: /home/eeavir/drone_ws/install/ros2_shared/include/ros2_shared/context_macros.hpp
[0.341s] -- Up-to-date: /home/eeavir/drone_ws/install/ros2_shared/share/ament_index/resource_index/package_run_dependencies/ros2_shared
[0.341s] -- Up-to-date: /home/eeavir/drone_ws/install/ros2_shared/share/ament_index/resource_index/parent_prefix_path/ros2_shared
[0.341s] -- Up-to-date: /home/eeavir/drone_ws/install/ros2_shared/share/ros2_shared/environment/ament_prefix_path.sh
[0.341s] -- Up-to-date: /home/eeavir/drone_ws/install/ros2_shared/share/ros2_shared/environment/ament_prefix_path.dsv
[0.341s] -- Up-to-date: /home/eeavir/drone_ws/install/ros2_shared/share/ros2_shared/environment/path.sh
[0.341s] -- Up-to-date: /home/eeavir/drone_ws/install/ros2_shared/share/ros2_shared/environment/path.dsv
[0.341s] -- Up-to-date: /home/eeavir/drone_ws/install/ros2_shared/share/ros2_shared/local_setup.bash
[0.341s] -- Up-to-date: /home/eeavir/drone_ws/install/ros2_shared/share/ros2_shared/local_setup.sh
[0.341s] -- Up-to-date: /home/eeavir/drone_ws/install/ros2_shared/share/ros2_shared/local_setup.zsh
[0.342s] -- Up-to-date: /home/eeavir/drone_ws/install/ros2_shared/share/ros2_shared/local_setup.dsv
[0.342s] -- Up-to-date: /home/eeavir/drone_ws/install/ros2_shared/share/ros2_shared/package.dsv
[0.342s] -- Up-to-date: /home/eeavir/drone_ws/install/ros2_shared/share/ament_index/resource_index/packages/ros2_shared
[0.342s] -- Up-to-date: /home/eeavir/drone_ws/install/ros2_shared/share/ros2_shared/cmake/ament_cmake_export_include_directories-extras.cmake
[0.342s] -- Up-to-date: /home/eeavir/drone_ws/install/ros2_shared/share/ros2_shared/cmake/ros2_sharedConfig.cmake
[0.342s] -- Up-to-date: /home/eeavir/drone_ws/install/ros2_shared/share/ros2_shared/cmake/ros2_sharedConfig-version.cmake
[0.342s] -- Up-to-date: /home/eeavir/drone_ws/install/ros2_shared/share/ros2_shared/package.xml
[0.346s] Invoked command in '/home/eeavir/drone_ws/build/ros2_shared' returned '0': CMAKE_PREFIX_PATH=${CMAKE_PREFIX_PATH}:/home/eeavir/drone_ws/install/own_package:/home/eeavir/drone_ws/install/drone_image_viewer:/opt/ros/galactic /usr/bin/cmake --install /home/eeavir/drone_ws/build/ros2_shared
