[0.186s] Invoking command in '/home/eeavir/tellocontrol/build/tello_description': CMAKE_PREFIX_PATH=${CMAKE_PREFIX_PATH}:/home/eeavir/tellocontrol/install/own_package:/opt/ros/galactic /usr/bin/cmake --build /home/eeavir/tellocontrol/build/tello_description -- -j8 -l8
[0.249s] [ 11%] Built target generate_urdf_1
[0.250s] [ 22%] Built target generate_urdf_4
[0.252s] [ 33%] Built target generate_urdf_5
[0.257s] [ 44%] Built target generate_urdf
[0.259s] [ 55%] Built target generate_urdf_6
[0.261s] [ 66%] Built target generate_urdf_8
[0.262s] [ 77%] Built target generate_urdf_7
[0.262s] [ 88%] Built target generate_urdf_3
[0.275s] [100%] Built target generate_urdf_2
[0.289s] Invoked command in '/home/eeavir/tellocontrol/build/tello_description' returned '0': CMAKE_PREFIX_PATH=${CMAKE_PREFIX_PATH}:/home/eeavir/tellocontrol/install/own_package:/opt/ros/galactic /usr/bin/cmake --build /home/eeavir/tellocontrol/build/tello_description -- -j8 -l8
[0.290s] Invoking command in '/home/eeavir/tellocontrol/build/tello_description': CMAKE_PREFIX_PATH=${CMAKE_PREFIX_PATH}:/home/eeavir/tellocontrol/install/own_package:/opt/ros/galactic /usr/bin/cmake --install /home/eeavir/tellocontrol/build/tello_description
[0.299s] -- Install configuration: ""
[0.299s] -- Up-to-date: /home/eeavir/tellocontrol/install/tello_description/share/tello_description/urdf
[0.299s] -- Up-to-date: /home/eeavir/tellocontrol/install/tello_description/share/tello_description/urdf/tello_8.urdf
[0.300s] -- Up-to-date: /home/eeavir/tellocontrol/install/tello_description/share/tello_description/urdf/tello.urdf
[0.300s] -- Up-to-date: /home/eeavir/tellocontrol/install/tello_description/share/tello_description/urdf/tello_4.urdf
[0.300s] -- Up-to-date: /home/eeavir/tellocontrol/install/tello_description/share/tello_description/urdf/tello_3.urdf
[0.300s] -- Up-to-date: /home/eeavir/tellocontrol/install/tello_description/share/tello_description/urdf/tello_1.urdf
[0.300s] -- Up-to-date: /home/eeavir/tellocontrol/install/tello_description/share/tello_description/urdf/tello_7.urdf
[0.300s] -- Up-to-date: /home/eeavir/tellocontrol/install/tello_description/share/tello_description/urdf/tello_2.urdf
[0.300s] -- Up-to-date: /home/eeavir/tellocontrol/install/tello_description/share/tello_description/urdf/tello_6.urdf
[0.300s] -- Up-to-date: /home/eeavir/tellocontrol/install/tello_description/share/tello_description/urdf/tello_5.urdf
[0.300s] -- Up-to-date: /home/eeavir/tellocontrol/install/tello_description/share/ament_index/resource_index/package_run_dependencies/tello_description
[0.300s] -- Up-to-date: /home/eeavir/tellocontrol/install/tello_description/share/ament_index/resource_index/parent_prefix_path/tello_description
[0.300s] -- Up-to-date: /home/eeavir/tellocontrol/install/tello_description/share/tello_description/environment/ament_prefix_path.sh
[0.300s] -- Up-to-date: /home/eeavir/tellocontrol/install/tello_description/share/tello_description/environment/ament_prefix_path.dsv
[0.301s] -- Up-to-date: /home/eeavir/tellocontrol/install/tello_description/share/tello_description/environment/path.sh
[0.301s] -- Up-to-date: /home/eeavir/tellocontrol/install/tello_description/share/tello_description/environment/path.dsv
[0.302s] -- Up-to-date: /home/eeavir/tellocontrol/install/tello_description/share/tello_description/local_setup.bash
[0.302s] -- Up-to-date: /home/eeavir/tellocontrol/install/tello_description/share/tello_description/local_setup.sh
[0.302s] -- Up-to-date: /home/eeavir/tellocontrol/install/tello_description/share/tello_description/local_setup.zsh
[0.302s] -- Up-to-date: /home/eeavir/tellocontrol/install/tello_description/share/tello_description/local_setup.dsv
[0.302s] -- Up-to-date: /home/eeavir/tellocontrol/install/tello_description/share/tello_description/package.dsv
[0.302s] -- Up-to-date: /home/eeavir/tellocontrol/install/tello_description/share/ament_index/resource_index/packages/tello_description
[0.303s] -- Up-to-date: /home/eeavir/tellocontrol/install/tello_description/share/tello_description/cmake/tello_descriptionConfig.cmake
[0.303s] -- Up-to-date: /home/eeavir/tellocontrol/install/tello_description/share/tello_description/cmake/tello_descriptionConfig-version.cmake
[0.303s] -- Up-to-date: /home/eeavir/tellocontrol/install/tello_description/share/tello_description/package.xml
[0.303s] Invoked command in '/home/eeavir/tellocontrol/build/tello_description' returned '0': CMAKE_PREFIX_PATH=${CMAKE_PREFIX_PATH}:/home/eeavir/tellocontrol/install/own_package:/opt/ros/galactic /usr/bin/cmake --install /home/eeavir/tellocontrol/build/tello_description
