[0.176s] Invoking command in '/home/eeavir/tellocontrol/build/tello_description': CMAKE_PREFIX_PATH=${CMAKE_PREFIX_PATH}:/home/eeavir/tellocontrol/install/own_package:/opt/ros/galactic /usr/bin/cmake /home/eeavir/tellocontrol/src/drone_racing_ros2/tello_ros/tello_description -DCMAKE_INSTALL_PREFIX=/home/eeavir/tellocontrol/install/tello_description
[0.216s] -- The C compiler identification is GNU 9.4.0
[0.254s] -- The CXX compiler identification is GNU 9.4.0
[0.258s] -- Check for working C compiler: /usr/bin/cc
[0.309s] -- Check for working C compiler: /usr/bin/cc -- works
[0.310s] -- Detecting C compiler ABI info
[0.364s] -- Detecting C compiler ABI info - done
[0.375s] -- Detecting C compile features
[0.375s] -- Detecting C compile features - done
[0.377s] -- Check for working CXX compiler: /usr/bin/c++
[0.450s] -- Check for working CXX compiler: /usr/bin/c++ -- works
[0.451s] -- Detecting CXX compiler ABI info
[0.520s] -- Detecting CXX compiler ABI info - done
[0.529s] -- Detecting CXX compile features
[0.529s] -- Detecting CXX compile features - done
[0.531s] -- Found ament_cmake: 1.1.6 (/opt/ros/galactic/share/ament_cmake/cmake)
[0.548s] -- Found PythonInterp: /usr/bin/python3 (found suitable version "3.8.10", minimum required is "3") 
[0.548s] -- Using PYTHON_EXECUTABLE: /usr/bin/python3
[0.603s] -- creating rules for /home/eeavir/tellocontrol/build/tello_description/urdf/tello.urdf
[0.603s] -- creating rules for /home/eeavir/tellocontrol/build/tello_description/urdf/tello_1.urdf
[0.603s] -- creating rules for /home/eeavir/tellocontrol/build/tello_description/urdf/tello_2.urdf
[0.603s] -- creating rules for /home/eeavir/tellocontrol/build/tello_description/urdf/tello_3.urdf
[0.603s] -- creating rules for /home/eeavir/tellocontrol/build/tello_description/urdf/tello_4.urdf
[0.603s] -- creating rules for /home/eeavir/tellocontrol/build/tello_description/urdf/tello_5.urdf
[0.603s] -- creating rules for /home/eeavir/tellocontrol/build/tello_description/urdf/tello_6.urdf
[0.603s] -- creating rules for /home/eeavir/tellocontrol/build/tello_description/urdf/tello_7.urdf
[0.604s] -- creating rules for /home/eeavir/tellocontrol/build/tello_description/urdf/tello_8.urdf
[0.656s] -- Configuring done
[0.662s] -- Generating done
[0.665s] -- Build files have been written to: /home/eeavir/tellocontrol/build/tello_description
[0.668s] Invoked command in '/home/eeavir/tellocontrol/build/tello_description' returned '0': CMAKE_PREFIX_PATH=${CMAKE_PREFIX_PATH}:/home/eeavir/tellocontrol/install/own_package:/opt/ros/galactic /usr/bin/cmake /home/eeavir/tellocontrol/src/drone_racing_ros2/tello_ros/tello_description -DCMAKE_INSTALL_PREFIX=/home/eeavir/tellocontrol/install/tello_description
[0.670s] Invoking command in '/home/eeavir/tellocontrol/build/tello_description': CMAKE_PREFIX_PATH=${CMAKE_PREFIX_PATH}:/home/eeavir/tellocontrol/install/own_package:/opt/ros/galactic /usr/bin/cmake --build /home/eeavir/tellocontrol/build/tello_description -- -j8 -l8
[0.704s] [35m[1mScanning dependencies of target generate_urdf[0m
[0.704s] [35m[1mScanning dependencies of target generate_urdf_6[0m
[0.704s] [35m[1mScanning dependencies of target generate_urdf_1[0m
[0.704s] [35m[1mScanning dependencies of target generate_urdf_4[0m
[0.704s] [35m[1mScanning dependencies of target generate_urdf_8[0m
[0.706s] [35m[1mScanning dependencies of target generate_urdf_7[0m
[0.716s] [35m[1mScanning dependencies of target generate_urdf_5[0m
[0.716s] [ 11%] [34m[1mGenerate /home/eeavir/tellocontrol/build/tello_description/urdf/tello_6.urdf[0m
[0.716s] [35m[1mScanning dependencies of target generate_urdf_3[0m
[0.717s] [ 22%] [34m[1mGenerate /home/eeavir/tellocontrol/build/tello_description/urdf/tello.urdf[0m
[0.719s] [ 33%] [34m[1mGenerate /home/eeavir/tellocontrol/build/tello_description/urdf/tello_1.urdf[0m
[0.726s] [ 44%] [34m[1mGenerate /home/eeavir/tellocontrol/build/tello_description/urdf/tello_8.urdf[0m
[0.730s] [ 55%] [34m[1mGenerate /home/eeavir/tellocontrol/build/tello_description/urdf/tello_7.urdf[0m
[0.731s] [ 66%] [34m[1mGenerate /home/eeavir/tellocontrol/build/tello_description/urdf/tello_4.urdf[0m
[0.739s] [ 77%] [34m[1mGenerate /home/eeavir/tellocontrol/build/tello_description/urdf/tello_3.urdf[0m
[0.739s] [ 88%] [34m[1mGenerate /home/eeavir/tellocontrol/build/tello_description/urdf/tello_5.urdf[0m
[0.771s] [ 88%] Built target generate_urdf_6
[0.771s] [ 88%] Built target generate_urdf_1
[0.781s] [ 88%] Built target generate_urdf
[0.781s] [ 88%] Built target generate_urdf_7
[0.781s] [ 88%] Built target generate_urdf_4
[0.787s] [ 88%] Built target generate_urdf_8
[0.789s] [ 88%] Built target generate_urdf_5
[0.790s] [35m[1mScanning dependencies of target generate_urdf_2[0m
[0.790s] [ 88%] Built target generate_urdf_3
[0.798s] [100%] [34m[1mGenerate /home/eeavir/tellocontrol/build/tello_description/urdf/tello_2.urdf[0m
[0.823s] [100%] Built target generate_urdf_2
[0.832s] Invoked command in '/home/eeavir/tellocontrol/build/tello_description' returned '0': CMAKE_PREFIX_PATH=${CMAKE_PREFIX_PATH}:/home/eeavir/tellocontrol/install/own_package:/opt/ros/galactic /usr/bin/cmake --build /home/eeavir/tellocontrol/build/tello_description -- -j8 -l8
[0.834s] Invoking command in '/home/eeavir/tellocontrol/build/tello_description': CMAKE_PREFIX_PATH=${CMAKE_PREFIX_PATH}:/home/eeavir/tellocontrol/install/own_package:/opt/ros/galactic /usr/bin/cmake --install /home/eeavir/tellocontrol/build/tello_description
[0.840s] -- Install configuration: ""
[0.840s] -- Installing: /home/eeavir/tellocontrol/install/tello_description/share/tello_description/urdf
[0.840s] -- Installing: /home/eeavir/tellocontrol/install/tello_description/share/tello_description/urdf/tello_8.urdf
[0.840s] -- Installing: /home/eeavir/tellocontrol/install/tello_description/share/tello_description/urdf/tello.urdf
[0.840s] -- Installing: /home/eeavir/tellocontrol/install/tello_description/share/tello_description/urdf/tello_4.urdf
[0.840s] -- Installing: /home/eeavir/tellocontrol/install/tello_description/share/tello_description/urdf/tello_3.urdf
[0.840s] -- Installing: /home/eeavir/tellocontrol/install/tello_description/share/tello_description/urdf/tello_1.urdf
[0.840s] -- Installing: /home/eeavir/tellocontrol/install/tello_description/share/tello_description/urdf/tello_7.urdf
[0.841s] -- Installing: /home/eeavir/tellocontrol/install/tello_description/share/tello_description/urdf/tello_2.urdf
[0.841s] -- Installing: /home/eeavir/tellocontrol/install/tello_description/share/tello_description/urdf/tello_6.urdf
[0.841s] -- Installing: /home/eeavir/tellocontrol/install/tello_description/share/tello_description/urdf/tello_5.urdf
[0.841s] -- Installing: /home/eeavir/tellocontrol/install/tello_description/share/ament_index/resource_index/package_run_dependencies/tello_description
[0.841s] -- Installing: /home/eeavir/tellocontrol/install/tello_description/share/ament_index/resource_index/parent_prefix_path/tello_description
[0.841s] -- Installing: /home/eeavir/tellocontrol/install/tello_description/share/tello_description/environment/ament_prefix_path.sh
[0.841s] -- Installing: /home/eeavir/tellocontrol/install/tello_description/share/tello_description/environment/ament_prefix_path.dsv
[0.841s] -- Installing: /home/eeavir/tellocontrol/install/tello_description/share/tello_description/environment/path.sh
[0.841s] -- Installing: /home/eeavir/tellocontrol/install/tello_description/share/tello_description/environment/path.dsv
[0.841s] -- Installing: /home/eeavir/tellocontrol/install/tello_description/share/tello_description/local_setup.bash
[0.841s] -- Installing: /home/eeavir/tellocontrol/install/tello_description/share/tello_description/local_setup.sh
[0.841s] -- Installing: /home/eeavir/tellocontrol/install/tello_description/share/tello_description/local_setup.zsh
[0.841s] -- Installing: /home/eeavir/tellocontrol/install/tello_description/share/tello_description/local_setup.dsv
[0.841s] -- Installing: /home/eeavir/tellocontrol/install/tello_description/share/tello_description/package.dsv
[0.842s] -- Installing: /home/eeavir/tellocontrol/install/tello_description/share/ament_index/resource_index/packages/tello_description
[0.842s] -- Installing: /home/eeavir/tellocontrol/install/tello_description/share/tello_description/cmake/tello_descriptionConfig.cmake
[0.842s] -- Installing: /home/eeavir/tellocontrol/install/tello_description/share/tello_description/cmake/tello_descriptionConfig-version.cmake
[0.842s] -- Installing: /home/eeavir/tellocontrol/install/tello_description/share/tello_description/package.xml
[0.844s] Invoked command in '/home/eeavir/tellocontrol/build/tello_description' returned '0': CMAKE_PREFIX_PATH=${CMAKE_PREFIX_PATH}:/home/eeavir/tellocontrol/install/own_package:/opt/ros/galactic /usr/bin/cmake --install /home/eeavir/tellocontrol/build/tello_description
