[0.752s] Invoking command in '/home/eeavir/drone_ws/src/own_package': PYTHONPATH=/home/eeavir/drone_ws/build/own_package/prefix_override:/usr/lib/python3/dist-packages/colcon_core/task/python/colcon_distutils_commands:/home/eeavir/drone_ws/install/own_package/lib/python3.8/site-packages:${PYTHONPATH} /usr/bin/python3 -W ignore:setup.py install is deprecated -W ignore:easy_install command is deprecated setup.py egg_info --egg-base ../../build/own_package build --build-base /home/eeavir/drone_ws/build/own_package/build install --record /home/eeavir/drone_ws/build/own_package/install.log --single-version-externally-managed install_data
[1.004s] running egg_info
[1.004s] creating ../../build/own_package/own_package.egg-info
[1.005s] writing ../../build/own_package/own_package.egg-info/PKG-INFO
[1.005s] writing dependency_links to ../../build/own_package/own_package.egg-info/dependency_links.txt
[1.005s] writing entry points to ../../build/own_package/own_package.egg-info/entry_points.txt
[1.005s] writing requirements to ../../build/own_package/own_package.egg-info/requires.txt
[1.005s] writing top-level names to ../../build/own_package/own_package.egg-info/top_level.txt
[1.006s] writing manifest file '../../build/own_package/own_package.egg-info/SOURCES.txt'
[1.036s] reading manifest file '../../build/own_package/own_package.egg-info/SOURCES.txt'
[1.037s] writing manifest file '../../build/own_package/own_package.egg-info/SOURCES.txt'
[1.037s] running build
[1.037s] running build_py
[1.037s] creating /home/eeavir/drone_ws/build/own_package/build
[1.037s] creating /home/eeavir/drone_ws/build/own_package/build/lib
[1.038s] creating /home/eeavir/drone_ws/build/own_package/build/lib/own_package
[1.038s] copying own_package/__init__.py -> /home/eeavir/drone_ws/build/own_package/build/lib/own_package
[1.038s] copying own_package/image_subscriber.py -> /home/eeavir/drone_ws/build/own_package/build/lib/own_package
[1.038s] running install
[1.038s] running install_lib
[1.039s] creating /home/eeavir/drone_ws/install/own_package/lib/python3.8/site-packages/own_package
[1.039s] copying /home/eeavir/drone_ws/build/own_package/build/lib/own_package/__init__.py -> /home/eeavir/drone_ws/install/own_package/lib/python3.8/site-packages/own_package
[1.039s] copying /home/eeavir/drone_ws/build/own_package/build/lib/own_package/image_subscriber.py -> /home/eeavir/drone_ws/install/own_package/lib/python3.8/site-packages/own_package
[1.040s] byte-compiling /home/eeavir/drone_ws/install/own_package/lib/python3.8/site-packages/own_package/__init__.py to __init__.cpython-38.pyc
[1.041s] byte-compiling /home/eeavir/drone_ws/install/own_package/lib/python3.8/site-packages/own_package/image_subscriber.py to image_subscriber.cpython-38.pyc
[1.041s] running install_data
[1.041s] creating /home/eeavir/drone_ws/install/own_package/share/ament_index
[1.041s] creating /home/eeavir/drone_ws/install/own_package/share/ament_index/resource_index
[1.041s] creating /home/eeavir/drone_ws/install/own_package/share/ament_index/resource_index/packages
[1.041s] copying resource/own_package -> /home/eeavir/drone_ws/install/own_package/share/ament_index/resource_index/packages
[1.042s] copying package.xml -> /home/eeavir/drone_ws/install/own_package/share/own_package
[1.042s] running install_egg_info
[1.044s] Copying ../../build/own_package/own_package.egg-info to /home/eeavir/drone_ws/install/own_package/lib/python3.8/site-packages/own_package-0.0.0-py3.8.egg-info
[1.044s] running install_scripts
[1.066s] writing list of installed files to '/home/eeavir/drone_ws/build/own_package/install.log'
[1.117s] Invoked command in '/home/eeavir/drone_ws/src/own_package' returned '0': PYTHONPATH=/home/eeavir/drone_ws/build/own_package/prefix_override:/usr/lib/python3/dist-packages/colcon_core/task/python/colcon_distutils_commands:/home/eeavir/drone_ws/install/own_package/lib/python3.8/site-packages:${PYTHONPATH} /usr/bin/python3 -W ignore:setup.py install is deprecated -W ignore:easy_install command is deprecated setup.py egg_info --egg-base ../../build/own_package build --build-base /home/eeavir/drone_ws/build/own_package/build install --record /home/eeavir/drone_ws/build/own_package/install.log --single-version-externally-managed install_data
