[0.011s] Invoking command in '/home/eeavir/tellocontrol/build/tello_gazebo': CMAKE_PREFIX_PATH=/home/eeavir/tellocontrol/install/tello_msgs:/home/eeavir/tellocontrol/install/tello_gazebo:/home/eeavir/tellocontrol/install/tello_driver:/home/eeavir/tellocontrol/install/tello_description:/home/eeavir/tellocontrol/install/ros2_shared:/home/eeavir/tellocontrol/install/own_package:/opt/ros/galactic LD_LIBRARY_PATH=/home/eeavir/tellocontrol/install/tello_msgs/lib:/home/eeavir/tellocontrol/install/tello_gazebo/lib:/home/eeavir/tellocontrol/install/tello_driver/lib:/usr/lib/x86_64-linux-gnu/gazebo-11/plugins:/opt/ros/galactic/opt/yaml_cpp_vendor/lib:/opt/ros/galactic/opt/rviz_ogre_vendor/lib:/opt/ros/galactic/lib/x86_64-linux-gnu:/opt/ros/galactic/lib:/usr/lib/x86_64-linux-gnu/gazebo-11/plugins /usr/bin/cmake /home/eeavir/tellocontrol/src/drone_racing_ros2/tello_ros/tello_gazebo -DCMAKE_INSTALL_PREFIX=/home/eeavir/tellocontrol/install/tello_gazebo
[0.049s] -- The C compiler identification is GNU 9.4.0
[0.085s] -- The CXX compiler identification is GNU 9.4.0
[0.088s] -- Check for working C compiler: /usr/bin/cc
[0.133s] -- Check for working C compiler: /usr/bin/cc -- works
[0.134s] -- Detecting C compiler ABI info
[0.181s] -- Detecting C compiler ABI info - done
[0.189s] -- Detecting C compile features
[0.189s] -- Detecting C compile features - done
[0.191s] -- Check for working CXX compiler: /usr/bin/c++
[0.245s] -- Check for working CXX compiler: /usr/bin/c++ -- works
[0.246s] -- Detecting CXX compiler ABI info
[0.301s] -- Detecting CXX compiler ABI info - done
[0.309s] -- Detecting CXX compile features
[0.309s] -- Detecting CXX compile features - done
[0.311s] -- Found ament_cmake: 1.1.6 (/opt/ros/galactic/share/ament_cmake/cmake)
[0.327s] -- Found PythonInterp: /usr/bin/python3 (found suitable version "3.8.10", minimum required is "3") 
[0.327s] -- Using PYTHON_EXECUTABLE: /usr/bin/python3
[0.384s] -- Found PkgConfig: /usr/bin/pkg-config (found version "0.29.1") 
[0.387s] -- Checking for module 'bullet>=2.82'
[0.397s] --   Found bullet, version 2.88
[0.483s] -- Found ccd: /usr/include (found suitable version "2.0", minimum required is "2.0") 
[0.520s] -- Found fcl: /usr/include (found suitable version "0.5.0", minimum required is "0.3.2") 
[0.559s] -- Found assimp: /usr/include (found version "5.0.0") 
[0.578s] -- Found DART: /usr/include (Required is at least version "6.6") found components: dart 
[0.791s] -- Found Boost: /usr/lib/x86_64-linux-gnu/cmake/Boost-1.71.0/BoostConfig.cmake (found suitable version "1.71.0", minimum required is "1.40.0") found components: thread system filesystem program_options regex iostreams date_time 
[0.809s] -- Found Protobuf: /usr/lib/x86_64-linux-gnu/libprotobuf.so;-lpthread (found version "3.6.1") 
[0.813s] -- Looking for ignition-math6 -- found version 6.15.1
[0.819s] -- Searching for dependencies of ignition-math6
[0.821s] -- Looking for OGRE...
[0.821s] -- OGRE_PREFIX_WATCH changed.
[0.825s] -- Checking for module 'OGRE'
[0.834s] --   Found OGRE, version 1.9.0
[0.858s] -- Found Ogre Ghadamon (1.9.0)
[0.864s] -- Found OGRE: optimized;/usr/lib/x86_64-linux-gnu/libOgreMain.so;debug;/usr/lib/x86_64-linux-gnu/libOgreMain.so
[0.871s] -- Looking for OGRE_Paging...
[0.876s] -- Found OGRE_Paging: optimized;/usr/lib/x86_64-linux-gnu/libOgrePaging.so;debug;/usr/lib/x86_64-linux-gnu/libOgrePaging.so
[0.876s] -- Looking for OGRE_Terrain...
[0.880s] -- Found OGRE_Terrain: optimized;/usr/lib/x86_64-linux-gnu/libOgreTerrain.so;debug;/usr/lib/x86_64-linux-gnu/libOgreTerrain.so
[0.880s] -- Looking for OGRE_Property...
[0.889s] -- Found OGRE_Property: optimized;/usr/lib/x86_64-linux-gnu/libOgreProperty.so;debug;/usr/lib/x86_64-linux-gnu/libOgreProperty.so
[0.889s] -- Looking for OGRE_RTShaderSystem...
[0.893s] -- Found OGRE_RTShaderSystem: optimized;/usr/lib/x86_64-linux-gnu/libOgreRTShaderSystem.so;debug;/usr/lib/x86_64-linux-gnu/libOgreRTShaderSystem.so
[0.893s] -- Looking for OGRE_Volume...
[0.897s] -- Found OGRE_Volume: optimized;/usr/lib/x86_64-linux-gnu/libOgreVolume.so;debug;/usr/lib/x86_64-linux-gnu/libOgreVolume.so
[0.897s] -- Looking for OGRE_Overlay...
[0.901s] -- Found OGRE_Overlay: optimized;/usr/lib/x86_64-linux-gnu/libOgreOverlay.so;debug;/usr/lib/x86_64-linux-gnu/libOgreOverlay.so
[0.991s] -- Looking for ignition-math6 -- found version 6.15.1
[0.992s] -- Looking for ignition-transport8 -- found version 8.3.0
[0.992s] -- Searching for dependencies of ignition-transport8
[1.005s] -- Found Protobuf: /usr/lib/x86_64-linux-gnu/libprotobuf.so;-lpthread (found suitable version "3.6.1", minimum required is "3") 
[1.012s] -- Config-file not installed for ZeroMQ -- checking for pkg-config
[1.016s] -- Checking for module 'libzmq >= 4'
[1.027s] --   Found libzmq , version 4.3.2
[1.053s] -- Found ZeroMQ: TRUE (Required is at least version "4") 
[1.058s] -- Checking for module 'uuid'
[1.068s] --   Found uuid, version 2.34.0
[1.093s] -- Found UUID: TRUE  
[1.094s] -- Looking for ignition-msgs5 -- found version 5.10.0
[1.095s] -- Searching for dependencies of ignition-msgs5
[1.108s] -- Looking for ignition-math6 -- found version 6.15.1
[1.112s] -- Checking for module 'tinyxml2'
[1.122s] --   Found tinyxml2, version 6.2.0
[1.147s] -- Looking for ignition-msgs5 -- found version 5.10.0
[1.148s] -- Looking for ignition-common3 -- found version 3.14.2
[1.149s] -- Searching for dependencies of ignition-common3
[1.149s] -- Looking for dlfcn.h - found
[1.150s] -- Looking for libdl - found
[1.151s] -- Found DL: TRUE  
[1.157s] -- Searching for <ignition-common3> component [graphics]
[1.158s] -- Looking for ignition-common3-graphics -- found version 3.14.2
[1.159s] -- Searching for dependencies of ignition-common3-graphics
[1.159s] -- Looking for ignition-math6 -- found version 6.15.1
[1.161s] -- Looking for ignition-fuel_tools4 -- found version 4.6.0
[1.161s] -- Searching for dependencies of ignition-fuel_tools4
[1.211s] -- Found CURL: /usr/lib/x86_64-linux-gnu/libcurl.so (found version "7.68.0")  
[1.218s] -- Checking for module 'jsoncpp'
[1.229s] --   Found jsoncpp, version 1.7.4
[1.257s] -- Found JSONCPP: TRUE  
[1.262s] -- Checking for module 'libzip'
[1.273s] --   Found libzip, version 1.5.1
[1.299s] -- Found ZIP: TRUE  
[1.299s] -- Looking for ignition-common3 -- found version 3.14.2
[1.299s] -- Looking for ignition-math6 -- found version 6.15.1
[1.300s] -- Looking for ignition-msgs5 -- found version 5.10.0
[1.302s] -- Found gazebo_dev: 3.5.2 (/opt/ros/galactic/share/gazebo_dev/cmake)
[1.303s] -- Gazebo version: 11.11
[1.304s] -- Found gazebo_ros: 3.5.2 (/opt/ros/galactic/share/gazebo_ros/cmake)
[1.336s] -- Using all available rosidl_typesupport_c: rosidl_typesupport_fastrtps_c;rosidl_typesupport_introspection_c
[1.340s] -- Found rosidl_adapter: 2.2.3 (/opt/ros/galactic/share/rosidl_adapter/cmake)
[1.398s] -- Found OpenSSL: /usr/lib/x86_64-linux-gnu/libcrypto.so (found version "1.1.1f")  
[1.428s] -- Found FastRTPS: /opt/ros/galactic/include  
[1.542s] -- Using all available rosidl_typesupport_cpp: rosidl_typesupport_fastrtps_cpp;rosidl_typesupport_introspection_cpp
[1.651s] -- Found rmw_implementation_cmake: 3.3.1 (/opt/ros/galactic/share/rmw_implementation_cmake/cmake)
[1.654s] -- Found rmw_cyclonedds_cpp: 0.22.6 (/opt/ros/galactic/share/rmw_cyclonedds_cpp/cmake)
[1.715s] -- Using RMW implementation 'rmw_cyclonedds_cpp' as default
[1.717s] -- Found Threads: TRUE  
[2.004s] -- Found geometry_msgs: 2.2.4 (/opt/ros/galactic/share/geometry_msgs/cmake)
[2.051s] -- Found sensor_msgs: 2.2.4 (/opt/ros/galactic/share/sensor_msgs/cmake)
[2.166s] -- Found tello_msgs: 0.1.0 (/home/eeavir/tellocontrol/install/tello_msgs/share/tello_msgs/cmake)
[2.379s] -- Configuring done
[2.458s] -- Generating done
[2.473s] -- Build files have been written to: /home/eeavir/tellocontrol/build/tello_gazebo
[2.509s] Invoked command in '/home/eeavir/tellocontrol/build/tello_gazebo' returned '0': CMAKE_PREFIX_PATH=/home/eeavir/tellocontrol/install/tello_msgs:/home/eeavir/tellocontrol/install/tello_gazebo:/home/eeavir/tellocontrol/install/tello_driver:/home/eeavir/tellocontrol/install/tello_description:/home/eeavir/tellocontrol/install/ros2_shared:/home/eeavir/tellocontrol/install/own_package:/opt/ros/galactic LD_LIBRARY_PATH=/home/eeavir/tellocontrol/install/tello_msgs/lib:/home/eeavir/tellocontrol/install/tello_gazebo/lib:/home/eeavir/tellocontrol/install/tello_driver/lib:/usr/lib/x86_64-linux-gnu/gazebo-11/plugins:/opt/ros/galactic/opt/yaml_cpp_vendor/lib:/opt/ros/galactic/opt/rviz_ogre_vendor/lib:/opt/ros/galactic/lib/x86_64-linux-gnu:/opt/ros/galactic/lib:/usr/lib/x86_64-linux-gnu/gazebo-11/plugins /usr/bin/cmake /home/eeavir/tellocontrol/src/drone_racing_ros2/tello_ros/tello_gazebo -DCMAKE_INSTALL_PREFIX=/home/eeavir/tellocontrol/install/tello_gazebo
[2.510s] Invoking command in '/home/eeavir/tellocontrol/build/tello_gazebo': CMAKE_PREFIX_PATH=/home/eeavir/tellocontrol/install/tello_msgs:/home/eeavir/tellocontrol/install/tello_gazebo:/home/eeavir/tellocontrol/install/tello_driver:/home/eeavir/tellocontrol/install/tello_description:/home/eeavir/tellocontrol/install/ros2_shared:/home/eeavir/tellocontrol/install/own_package:/opt/ros/galactic LD_LIBRARY_PATH=/home/eeavir/tellocontrol/install/tello_msgs/lib:/home/eeavir/tellocontrol/install/tello_gazebo/lib:/home/eeavir/tellocontrol/install/tello_driver/lib:/usr/lib/x86_64-linux-gnu/gazebo-11/plugins:/opt/ros/galactic/opt/yaml_cpp_vendor/lib:/opt/ros/galactic/opt/rviz_ogre_vendor/lib:/opt/ros/galactic/lib/x86_64-linux-gnu:/opt/ros/galactic/lib:/usr/lib/x86_64-linux-gnu/gazebo-11/plugins /usr/bin/cmake --build /home/eeavir/tellocontrol/build/tello_gazebo -- -j8 -l8
[2.711s] [35m[1mScanning dependencies of target TelloPlugin[0m
[3.095s] [ 50%] [32mBuilding CXX object CMakeFiles/TelloPlugin.dir/src/tello_plugin.cpp.o[0m
[21.811s] [100%] [32m[1mLinking CXX shared library libTelloPlugin.so[0m
[22.403s] [100%] Built target TelloPlugin
[22.410s] Invoked command in '/home/eeavir/tellocontrol/build/tello_gazebo' returned '0': CMAKE_PREFIX_PATH=/home/eeavir/tellocontrol/install/tello_msgs:/home/eeavir/tellocontrol/install/tello_gazebo:/home/eeavir/tellocontrol/install/tello_driver:/home/eeavir/tellocontrol/install/tello_description:/home/eeavir/tellocontrol/install/ros2_shared:/home/eeavir/tellocontrol/install/own_package:/opt/ros/galactic LD_LIBRARY_PATH=/home/eeavir/tellocontrol/install/tello_msgs/lib:/home/eeavir/tellocontrol/install/tello_gazebo/lib:/home/eeavir/tellocontrol/install/tello_driver/lib:/usr/lib/x86_64-linux-gnu/gazebo-11/plugins:/opt/ros/galactic/opt/yaml_cpp_vendor/lib:/opt/ros/galactic/opt/rviz_ogre_vendor/lib:/opt/ros/galactic/lib/x86_64-linux-gnu:/opt/ros/galactic/lib:/usr/lib/x86_64-linux-gnu/gazebo-11/plugins /usr/bin/cmake --build /home/eeavir/tellocontrol/build/tello_gazebo -- -j8 -l8
[22.412s] Invoking command in '/home/eeavir/tellocontrol/build/tello_gazebo': CMAKE_PREFIX_PATH=/home/eeavir/tellocontrol/install/tello_msgs:/home/eeavir/tellocontrol/install/tello_gazebo:/home/eeavir/tellocontrol/install/tello_driver:/home/eeavir/tellocontrol/install/tello_description:/home/eeavir/tellocontrol/install/ros2_shared:/home/eeavir/tellocontrol/install/own_package:/opt/ros/galactic LD_LIBRARY_PATH=/home/eeavir/tellocontrol/install/tello_msgs/lib:/home/eeavir/tellocontrol/install/tello_gazebo/lib:/home/eeavir/tellocontrol/install/tello_driver/lib:/usr/lib/x86_64-linux-gnu/gazebo-11/plugins:/opt/ros/galactic/opt/yaml_cpp_vendor/lib:/opt/ros/galactic/opt/rviz_ogre_vendor/lib:/opt/ros/galactic/lib/x86_64-linux-gnu:/opt/ros/galactic/lib:/usr/lib/x86_64-linux-gnu/gazebo-11/plugins /usr/bin/cmake --install /home/eeavir/tellocontrol/build/tello_gazebo
[22.418s] -- Install configuration: ""
[22.418s] -- Installing: /home/eeavir/tellocontrol/install/tello_gazebo/lib/libTelloPlugin.so
[22.422s] -- Set runtime path of "/home/eeavir/tellocontrol/install/tello_gazebo/lib/libTelloPlugin.so" to ""
[22.422s] -- Installing: /home/eeavir/tellocontrol/install/tello_gazebo/share/tello_gazebo/models
[22.422s] -- Installing: /home/eeavir/tellocontrol/install/tello_gazebo/share/tello_gazebo/models/square_gate_red
[22.423s] -- Installing: /home/eeavir/tellocontrol/install/tello_gazebo/share/tello_gazebo/models/square_gate_red/model.sdf
[22.423s] -- Installing: /home/eeavir/tellocontrol/install/tello_gazebo/share/tello_gazebo/models/square_gate_red/square_gate.dae
[22.423s] -- Installing: /home/eeavir/tellocontrol/install/tello_gazebo/share/tello_gazebo/models/square_gate_red/model.config
[22.423s] -- Installing: /home/eeavir/tellocontrol/install/tello_gazebo/share/tello_gazebo/models/circle_gate_blue
[22.423s] -- Installing: /home/eeavir/tellocontrol/install/tello_gazebo/share/tello_gazebo/models/circle_gate_blue/model.sdf
[22.423s] -- Installing: /home/eeavir/tellocontrol/install/tello_gazebo/share/tello_gazebo/models/circle_gate_blue/circle_gate.dae
[22.423s] -- Installing: /home/eeavir/tellocontrol/install/tello_gazebo/share/tello_gazebo/models/circle_gate_blue/model.config
[22.423s] -- Installing: /home/eeavir/tellocontrol/install/tello_gazebo/share/tello_gazebo/models/circle_gate_red
[22.423s] -- Installing: /home/eeavir/tellocontrol/install/tello_gazebo/share/tello_gazebo/models/circle_gate_red/model.sdf
[22.423s] -- Installing: /home/eeavir/tellocontrol/install/tello_gazebo/share/tello_gazebo/models/circle_gate_red/circle_gate.dae
[22.423s] -- Installing: /home/eeavir/tellocontrol/install/tello_gazebo/share/tello_gazebo/models/circle_gate_red/model.config
[22.423s] -- Installing: /home/eeavir/tellocontrol/install/tello_gazebo/share/tello_gazebo/models/square_gate_green
[22.423s] -- Installing: /home/eeavir/tellocontrol/install/tello_gazebo/share/tello_gazebo/models/square_gate_green/model.sdf
[22.423s] -- Installing: /home/eeavir/tellocontrol/install/tello_gazebo/share/tello_gazebo/models/square_gate_green/square_gate.dae
[22.423s] -- Installing: /home/eeavir/tellocontrol/install/tello_gazebo/share/tello_gazebo/models/square_gate_green/model.config
[22.423s] -- Installing: /home/eeavir/tellocontrol/install/tello_gazebo/share/tello_gazebo/models/circle_gate_green
[22.423s] -- Installing: /home/eeavir/tellocontrol/install/tello_gazebo/share/tello_gazebo/models/circle_gate_green/model.sdf
[22.423s] -- Installing: /home/eeavir/tellocontrol/install/tello_gazebo/share/tello_gazebo/models/circle_gate_green/circle_gate.dae
[22.423s] -- Installing: /home/eeavir/tellocontrol/install/tello_gazebo/share/tello_gazebo/models/circle_gate_green/model.config
[22.423s] -- Installing: /home/eeavir/tellocontrol/install/tello_gazebo/share/tello_gazebo/models/square_gate_green_tall
[22.424s] -- Installing: /home/eeavir/tellocontrol/install/tello_gazebo/share/tello_gazebo/models/square_gate_green_tall/model.sdf
[22.424s] -- Installing: /home/eeavir/tellocontrol/install/tello_gazebo/share/tello_gazebo/models/square_gate_green_tall/square_gate_tall.dae
[22.424s] -- Installing: /home/eeavir/tellocontrol/install/tello_gazebo/share/tello_gazebo/models/square_gate_green_tall/model.config
[22.424s] -- Installing: /home/eeavir/tellocontrol/install/tello_gazebo/share/tello_gazebo/models/stop_sign
[22.424s] -- Installing: /home/eeavir/tellocontrol/install/tello_gazebo/share/tello_gazebo/models/stop_sign/materials
[22.424s] -- Installing: /home/eeavir/tellocontrol/install/tello_gazebo/share/tello_gazebo/models/stop_sign/materials/textures
[22.424s] -- Installing: /home/eeavir/tellocontrol/install/tello_gazebo/share/tello_gazebo/models/stop_sign/materials/textures/StopSign_Diffuse.png
[22.424s] -- Installing: /home/eeavir/tellocontrol/install/tello_gazebo/share/tello_gazebo/models/stop_sign/materials/textures/StopSign_Spec.png
[22.424s] -- Installing: /home/eeavir/tellocontrol/install/tello_gazebo/share/tello_gazebo/models/stop_sign/materials/scripts
[22.424s] -- Installing: /home/eeavir/tellocontrol/install/tello_gazebo/share/tello_gazebo/models/stop_sign/materials/scripts/stopsign.material
[22.424s] -- Installing: /home/eeavir/tellocontrol/install/tello_gazebo/share/tello_gazebo/models/stop_sign/meshes
[22.424s] -- Installing: /home/eeavir/tellocontrol/install/tello_gazebo/share/tello_gazebo/models/stop_sign/meshes/stop_sign.dae
[22.424s] -- Installing: /home/eeavir/tellocontrol/install/tello_gazebo/share/tello_gazebo/models/stop_sign/model.sdf
[22.424s] -- Installing: /home/eeavir/tellocontrol/install/tello_gazebo/share/tello_gazebo/models/stop_sign/model-1_3.sdf
[22.424s] -- Installing: /home/eeavir/tellocontrol/install/tello_gazebo/share/tello_gazebo/models/stop_sign/model.config
[22.424s] -- Installing: /home/eeavir/tellocontrol/install/tello_gazebo/share/tello_gazebo/models/stop_sign/model-1_4.sdf
[22.424s] -- Installing: /home/eeavir/tellocontrol/install/tello_gazebo/share/tello_gazebo/models/square_gate_blue
[22.424s] -- Installing: /home/eeavir/tellocontrol/install/tello_gazebo/share/tello_gazebo/models/square_gate_blue/model.sdf
[22.424s] -- Installing: /home/eeavir/tellocontrol/install/tello_gazebo/share/tello_gazebo/models/square_gate_blue/square_gate.dae
[22.424s] -- Installing: /home/eeavir/tellocontrol/install/tello_gazebo/share/tello_gazebo/models/square_gate_blue/model.config
[22.424s] -- Installing: /home/eeavir/tellocontrol/install/tello_gazebo/share/tello_gazebo/models/circle_gate_green_short
[22.425s] -- Installing: /home/eeavir/tellocontrol/install/tello_gazebo/share/tello_gazebo/models/circle_gate_green_short/circle_gate_short.dae
[22.425s] -- Installing: /home/eeavir/tellocontrol/install/tello_gazebo/share/tello_gazebo/models/circle_gate_green_short/model.sdf
[22.425s] -- Installing: /home/eeavir/tellocontrol/install/tello_gazebo/share/tello_gazebo/models/circle_gate_green_short/model.config
[22.425s] -- Installing: /home/eeavir/tellocontrol/install/tello_gazebo/share/tello_gazebo/models/square_gate_green_short
[22.425s] -- Installing: /home/eeavir/tellocontrol/install/tello_gazebo/share/tello_gazebo/models/square_gate_green_short/square_gate_short.dae
[22.425s] -- Installing: /home/eeavir/tellocontrol/install/tello_gazebo/share/tello_gazebo/models/square_gate_green_short/model.sdf
[22.425s] -- Installing: /home/eeavir/tellocontrol/install/tello_gazebo/share/tello_gazebo/models/square_gate_green_short/model.config
[22.425s] -- Installing: /home/eeavir/tellocontrol/install/tello_gazebo/share/tello_gazebo/models/circle_gate_green_tall
[22.425s] -- Installing: /home/eeavir/tellocontrol/install/tello_gazebo/share/tello_gazebo/models/circle_gate_green_tall/circle_gate_tall.dae
[22.425s] -- Installing: /home/eeavir/tellocontrol/install/tello_gazebo/share/tello_gazebo/models/circle_gate_green_tall/model.sdf
[22.425s] -- Installing: /home/eeavir/tellocontrol/install/tello_gazebo/share/tello_gazebo/models/circle_gate_green_tall/model.config
[22.425s] -- Installing: /home/eeavir/tellocontrol/install/tello_gazebo/share/tello_gazebo/models/euro_pallet
[22.425s] -- Installing: /home/eeavir/tellocontrol/install/tello_gazebo/share/tello_gazebo/models/euro_pallet/meshes
[22.425s] -- Installing: /home/eeavir/tellocontrol/install/tello_gazebo/share/tello_gazebo/models/euro_pallet/meshes/pallet.dae
[22.425s] -- Installing: /home/eeavir/tellocontrol/install/tello_gazebo/share/tello_gazebo/models/euro_pallet/model.sdf
[22.425s] -- Installing: /home/eeavir/tellocontrol/install/tello_gazebo/share/tello_gazebo/models/euro_pallet/model.config
[22.425s] -- Installing: /home/eeavir/tellocontrol/install/tello_gazebo/share/tello_gazebo/models/asphalt_plane
[22.425s] -- Installing: /home/eeavir/tellocontrol/install/tello_gazebo/share/tello_gazebo/models/asphalt_plane/materials
[22.425s] -- Installing: /home/eeavir/tellocontrol/install/tello_gazebo/share/tello_gazebo/models/asphalt_plane/materials/textures
[22.425s] -- Installing: /home/eeavir/tellocontrol/install/tello_gazebo/share/tello_gazebo/models/asphalt_plane/materials/textures/tarmac.png
[22.426s] -- Installing: /home/eeavir/tellocontrol/install/tello_gazebo/share/tello_gazebo/models/asphalt_plane/materials/scripts
[22.427s] -- Installing: /home/eeavir/tellocontrol/install/tello_gazebo/share/tello_gazebo/models/asphalt_plane/materials/scripts/asphalt.material
[22.427s] -- Installing: /home/eeavir/tellocontrol/install/tello_gazebo/share/tello_gazebo/models/asphalt_plane/model.sdf
[22.427s] -- Installing: /home/eeavir/tellocontrol/install/tello_gazebo/share/tello_gazebo/models/asphalt_plane/model.config
[22.427s] -- Installing: /home/eeavir/tellocontrol/install/tello_gazebo/share/tello_gazebo/models/asphalt_plane/model-1_4.sdf
[22.427s] -- Installing: /home/eeavir/tellocontrol/install/tello_gazebo/share/tello_gazebo/worlds
[22.427s] -- Installing: /home/eeavir/tellocontrol/install/tello_gazebo/share/tello_gazebo/worlds/simple.world
[22.427s] -- Installing: /home/eeavir/tellocontrol/install/tello_gazebo/share/tello_gazebo/worlds/demo_track.world
[22.427s] -- Installing: /home/eeavir/tellocontrol/install/tello_gazebo/share/tello_gazebo/launch
[22.427s] -- Installing: /home/eeavir/tellocontrol/install/tello_gazebo/share/tello_gazebo/launch/__pycache__
[22.427s] -- Installing: /home/eeavir/tellocontrol/install/tello_gazebo/share/tello_gazebo/launch/__pycache__/vlam_launch.cpython-38.pyc
[22.427s] -- Installing: /home/eeavir/tellocontrol/install/tello_gazebo/share/tello_gazebo/launch/simple_launch.py
[22.427s] -- Installing: /home/eeavir/tellocontrol/install/tello_gazebo/share/tello_gazebo/launch/demo_track_launch.py
[22.427s] -- Installing: /home/eeavir/tellocontrol/install/tello_gazebo/lib/tello_gazebo/inject_entity.py
[22.427s] -- Installing: /home/eeavir/tellocontrol/install/tello_gazebo/share/ament_index/resource_index/package_run_dependencies/tello_gazebo
[22.427s] -- Installing: /home/eeavir/tellocontrol/install/tello_gazebo/share/ament_index/resource_index/parent_prefix_path/tello_gazebo
[22.427s] -- Installing: /home/eeavir/tellocontrol/install/tello_gazebo/share/tello_gazebo/environment/ament_prefix_path.sh
[22.427s] -- Installing: /home/eeavir/tellocontrol/install/tello_gazebo/share/tello_gazebo/environment/ament_prefix_path.dsv
[22.427s] -- Installing: /home/eeavir/tellocontrol/install/tello_gazebo/share/tello_gazebo/environment/path.sh
[22.428s] -- Installing: /home/eeavir/tellocontrol/install/tello_gazebo/share/tello_gazebo/environment/path.dsv
[22.428s] -- Installing: /home/eeavir/tellocontrol/install/tello_gazebo/share/tello_gazebo/local_setup.bash
[22.428s] -- Installing: /home/eeavir/tellocontrol/install/tello_gazebo/share/tello_gazebo/local_setup.sh
[22.428s] -- Installing: /home/eeavir/tellocontrol/install/tello_gazebo/share/tello_gazebo/local_setup.zsh
[22.428s] -- Installing: /home/eeavir/tellocontrol/install/tello_gazebo/share/tello_gazebo/local_setup.dsv
[22.428s] -- Installing: /home/eeavir/tellocontrol/install/tello_gazebo/share/tello_gazebo/package.dsv
[22.428s] -- Installing: /home/eeavir/tellocontrol/install/tello_gazebo/share/ament_index/resource_index/packages/tello_gazebo
[22.428s] -- Installing: /home/eeavir/tellocontrol/install/tello_gazebo/share/tello_gazebo/cmake/tello_gazeboConfig.cmake
[22.428s] -- Installing: /home/eeavir/tellocontrol/install/tello_gazebo/share/tello_gazebo/cmake/tello_gazeboConfig-version.cmake
[22.428s] -- Installing: /home/eeavir/tellocontrol/install/tello_gazebo/share/tello_gazebo/package.xml
[22.430s] Invoked command in '/home/eeavir/tellocontrol/build/tello_gazebo' returned '0': CMAKE_PREFIX_PATH=/home/eeavir/tellocontrol/install/tello_msgs:/home/eeavir/tellocontrol/install/tello_gazebo:/home/eeavir/tellocontrol/install/tello_driver:/home/eeavir/tellocontrol/install/tello_description:/home/eeavir/tellocontrol/install/ros2_shared:/home/eeavir/tellocontrol/install/own_package:/opt/ros/galactic LD_LIBRARY_PATH=/home/eeavir/tellocontrol/install/tello_msgs/lib:/home/eeavir/tellocontrol/install/tello_gazebo/lib:/home/eeavir/tellocontrol/install/tello_driver/lib:/usr/lib/x86_64-linux-gnu/gazebo-11/plugins:/opt/ros/galactic/opt/yaml_cpp_vendor/lib:/opt/ros/galactic/opt/rviz_ogre_vendor/lib:/opt/ros/galactic/lib/x86_64-linux-gnu:/opt/ros/galactic/lib:/usr/lib/x86_64-linux-gnu/gazebo-11/plugins /usr/bin/cmake --install /home/eeavir/tellocontrol/build/tello_gazebo
