[0.033s] Invoking command in '/home/eeavir/drone_ws/build/tello_msgs': CMAKE_PREFIX_PATH=${CMAKE_PREFIX_PATH}:/home/eeavir/drone_ws/install/drone_image_viewer:/opt/ros/galactic /usr/bin/cmake /home/eeavir/drone_ws/src/drone_racing_ros2/tello_ros/tello_msgs -DCMAKE_INSTALL_PREFIX=/home/eeavir/drone_ws/install/tello_msgs
[0.292s] -- The C compiler identification is GNU 9.4.0
[0.293s] -- The CXX compiler identification is GNU 9.4.0
[0.293s] -- Check for working C compiler: /usr/bin/cc
[0.293s] -- Check for working C compiler: /usr/bin/cc -- works
[0.293s] -- Detecting C compiler ABI info
[0.331s] -- Detecting C compiler ABI info - done
[0.347s] -- Detecting C compile features
[0.348s] -- Detecting C compile features - done
[0.350s] -- Check for working CXX compiler: /usr/bin/c++
[0.444s] -- Check for working CXX compiler: /usr/bin/c++ -- works
[0.445s] -- Detecting CXX compiler ABI info
[0.544s] -- Detecting CXX compiler ABI info - done
[0.561s] -- Detecting CXX compile features
[0.562s] -- Detecting CXX compile features - done
[0.564s] -- Found ament_cmake: 1.1.6 (/opt/ros/galactic/share/ament_cmake/cmake)
[0.594s] -- Found PythonInterp: /usr/bin/python3 (found suitable version "3.8.10", minimum required is "3") 
[0.596s] -- Using PYTHON_EXECUTABLE: /usr/bin/python3
[0.701s] -- Found rosidl_default_generators: 1.1.1 (/opt/ros/galactic/share/rosidl_default_generators/cmake)
[0.707s] -- Using all available rosidl_typesupport_c: rosidl_typesupport_fastrtps_c;rosidl_typesupport_introspection_c
[0.711s] -- Found rosidl_adapter: 2.2.3 (/opt/ros/galactic/share/rosidl_adapter/cmake)
[0.845s] -- Found OpenSSL: /usr/lib/x86_64-linux-gnu/libcrypto.so (found version "1.1.1f")  
[0.885s] -- Found FastRTPS: /opt/ros/galactic/include  
[0.960s] -- Using all available rosidl_typesupport_cpp: rosidl_typesupport_fastrtps_cpp;rosidl_typesupport_introspection_cpp
[0.983s] -- Found std_msgs: 2.2.4 (/opt/ros/galactic/share/std_msgs/cmake)
[1.032s] -- Found PythonInterp: /usr/bin/python3 (found version "3.8.10") 
[1.273s] -- Found ament_cmake_ros: 0.9.2 (/opt/ros/galactic/share/ament_cmake_ros/cmake)
[1.424s] -- Using all available rosidl_typesupport_c: rosidl_typesupport_fastrtps_c;rosidl_typesupport_introspection_c
[1.474s] -- Using all available rosidl_typesupport_cpp: rosidl_typesupport_fastrtps_cpp;rosidl_typesupport_introspection_cpp
[1.495s] -- Found PythonInterp: /usr/bin/python3 (found suitable version "3.8.10", minimum required is "3.5") 
[1.497s] -- Found python_cmake_module: 0.8.1 (/opt/ros/galactic/share/python_cmake_module/cmake)
[1.522s] -- Found PythonLibs: /usr/lib/x86_64-linux-gnu/libpython3.8.so (found suitable version "3.8.10", minimum required is "3.5") 
[1.522s] -- Using PYTHON_EXECUTABLE: /usr/bin/python3
[1.522s] -- Using PYTHON_INCLUDE_DIRS: /usr/include/python3.8
[1.522s] -- Using PYTHON_LIBRARIES: /usr/lib/x86_64-linux-gnu/libpython3.8.so
[1.550s] -- Found PythonExtra: .so  
[1.616s] -- Configuring done
[1.654s] -- Generating done
[1.670s] -- Build files have been written to: /home/eeavir/drone_ws/build/tello_msgs
[1.675s] Invoked command in '/home/eeavir/drone_ws/build/tello_msgs' returned '0': CMAKE_PREFIX_PATH=${CMAKE_PREFIX_PATH}:/home/eeavir/drone_ws/install/drone_image_viewer:/opt/ros/galactic /usr/bin/cmake /home/eeavir/drone_ws/src/drone_racing_ros2/tello_ros/tello_msgs -DCMAKE_INSTALL_PREFIX=/home/eeavir/drone_ws/install/tello_msgs
[1.676s] Invoking command in '/home/eeavir/drone_ws/build/tello_msgs': CMAKE_PREFIX_PATH=${CMAKE_PREFIX_PATH}:/home/eeavir/drone_ws/install/drone_image_viewer:/opt/ros/galactic /usr/bin/cmake --build /home/eeavir/drone_ws/build/tello_msgs -- -j8 -l8
[1.719s] [35m[1mScanning dependencies of target tello_msgs__cpp[0m
[1.719s] [  2%] [34m[1mGenerating C code for ROS interfaces[0m
[1.728s] [  4%] [34m[1mGenerating C++ code for ROS interfaces[0m
[2.263s] [  4%] Built target tello_msgs__cpp
[2.279s] [  6%] [34m[1mGenerating C++ introspection for ROS interfaces[0m
[2.279s] [  8%] [34m[1mGenerating C++ type support for eProsima Fast-RTPS[0m
[2.282s] [ 10%] [34m[1mGenerating C++ type support dispatch for ROS interfaces[0m
[2.359s] [35m[1mScanning dependencies of target tello_msgs__rosidl_generator_c[0m
[2.370s] [ 12%] [32mBuilding C object CMakeFiles/tello_msgs__rosidl_generator_c.dir/rosidl_generator_c/tello_msgs/msg/detail/flight_data__functions.c.o[0m
[2.375s] [ 14%] [32mBuilding C object CMakeFiles/tello_msgs__rosidl_generator_c.dir/rosidl_generator_c/tello_msgs/srv/detail/tello_action__functions.c.o[0m
[2.380s] [ 17%] [32mBuilding C object CMakeFiles/tello_msgs__rosidl_generator_c.dir/rosidl_generator_c/tello_msgs/msg/detail/tello_response__functions.c.o[0m
[2.447s] [ 19%] [32m[1mLinking C shared library libtello_msgs__rosidl_generator_c.so[0m
[2.490s] [ 19%] Built target tello_msgs__rosidl_generator_c
[2.499s] [ 21%] [34m[1mGenerating C introspection for ROS interfaces[0m
[2.510s] [ 23%] [34m[1mGenerating C type support dispatch for ROS interfaces[0m
[2.894s] [35m[1mScanning dependencies of target tello_msgs__rosidl_typesupport_introspection_cpp[0m
[2.909s] [ 25%] [32mBuilding CXX object CMakeFiles/tello_msgs__rosidl_typesupport_introspection_cpp.dir/rosidl_typesupport_introspection_cpp/tello_msgs/msg/detail/tello_response__type_support.cpp.o[0m
[2.910s] [ 27%] [32mBuilding CXX object CMakeFiles/tello_msgs__rosidl_typesupport_introspection_cpp.dir/rosidl_typesupport_introspection_cpp/tello_msgs/msg/detail/flight_data__type_support.cpp.o[0m
[2.916s] [ 29%] [32mBuilding CXX object CMakeFiles/tello_msgs__rosidl_typesupport_introspection_cpp.dir/rosidl_typesupport_introspection_cpp/tello_msgs/srv/detail/tello_action__type_support.cpp.o[0m
[2.976s] [35m[1mScanning dependencies of target tello_msgs__rosidl_typesupport_cpp[0m
[3.003s] [ 31%] [32mBuilding CXX object CMakeFiles/tello_msgs__rosidl_typesupport_cpp.dir/rosidl_typesupport_cpp/tello_msgs/msg/flight_data__type_support.cpp.o[0m
[3.009s] [ 34%] [32mBuilding CXX object CMakeFiles/tello_msgs__rosidl_typesupport_cpp.dir/rosidl_typesupport_cpp/tello_msgs/msg/tello_response__type_support.cpp.o[0m
[3.184s] [35m[1mScanning dependencies of target tello_msgs__rosidl_typesupport_fastrtps_cpp[0m
[3.214s] [ 36%] [32mBuilding CXX object CMakeFiles/tello_msgs__rosidl_typesupport_fastrtps_cpp.dir/rosidl_typesupport_fastrtps_cpp/tello_msgs/msg/detail/dds_fastrtps/flight_data__type_support.cpp.o[0m
[3.334s] [ 38%] [32mBuilding CXX object CMakeFiles/tello_msgs__rosidl_typesupport_cpp.dir/rosidl_typesupport_cpp/tello_msgs/srv/tello_action__type_support.cpp.o[0m
[3.340s] [35m[1mScanning dependencies of target tello_msgs__rosidl_typesupport_c[0m
[3.340s] [ 40%] [32mBuilding CXX object CMakeFiles/tello_msgs__rosidl_typesupport_fastrtps_cpp.dir/rosidl_typesupport_fastrtps_cpp/tello_msgs/msg/detail/dds_fastrtps/tello_response__type_support.cpp.o[0m
[3.388s] [ 42%] [32mBuilding CXX object CMakeFiles/tello_msgs__rosidl_typesupport_c.dir/rosidl_typesupport_c/tello_msgs/msg/flight_data__type_support.cpp.o[0m
[3.388s] [ 44%] [32mBuilding CXX object CMakeFiles/tello_msgs__rosidl_typesupport_c.dir/rosidl_typesupport_c/tello_msgs/msg/tello_response__type_support.cpp.o[0m
[3.447s] [ 46%] [32mBuilding CXX object CMakeFiles/tello_msgs__rosidl_typesupport_c.dir/rosidl_typesupport_c/tello_msgs/srv/tello_action__type_support.cpp.o[0m
[3.452s] [ 48%] [32m[1mLinking CXX shared library libtello_msgs__rosidl_typesupport_introspection_cpp.so[0m
[3.465s] [ 51%] [32mBuilding CXX object CMakeFiles/tello_msgs__rosidl_typesupport_fastrtps_cpp.dir/rosidl_typesupport_fastrtps_cpp/tello_msgs/srv/detail/dds_fastrtps/tello_action__type_support.cpp.o[0m
[3.467s] [35m[1mScanning dependencies of target tello_msgs__rosidl_typesupport_introspection_c[0m
[3.489s] [ 53%] [32mBuilding C object CMakeFiles/tello_msgs__rosidl_typesupport_introspection_c.dir/rosidl_typesupport_introspection_c/tello_msgs/msg/detail/tello_response__type_support.c.o[0m
[3.489s] [ 55%] [32mBuilding C object CMakeFiles/tello_msgs__rosidl_typesupport_introspection_c.dir/rosidl_typesupport_introspection_c/tello_msgs/msg/detail/flight_data__type_support.c.o[0m
[3.501s] [ 57%] [32m[1mLinking CXX shared library libtello_msgs__rosidl_typesupport_c.so[0m
[3.545s] [ 59%] [32mBuilding C object CMakeFiles/tello_msgs__rosidl_typesupport_introspection_c.dir/rosidl_typesupport_introspection_c/tello_msgs/srv/detail/tello_action__type_support.c.o[0m
[3.587s] [ 59%] Built target tello_msgs__rosidl_typesupport_c
[3.610s] [ 59%] Built target tello_msgs__rosidl_typesupport_introspection_cpp
[3.611s] [ 61%] [32m[1mLinking C shared library libtello_msgs__rosidl_typesupport_introspection_c.so[0m
[3.653s] [ 61%] Built target tello_msgs__rosidl_typesupport_introspection_c
[3.753s] [ 63%] [32m[1mLinking CXX shared library libtello_msgs__rosidl_typesupport_cpp.so[0m
[3.806s] [ 63%] Built target tello_msgs__rosidl_typesupport_cpp
[3.978s] [ 65%] [32m[1mLinking CXX shared library libtello_msgs__rosidl_typesupport_fastrtps_cpp.so[0m
[4.073s] [ 65%] Built target tello_msgs__rosidl_typesupport_fastrtps_cpp
[4.088s] [ 68%] [34m[1mGenerating C type support for eProsima Fast-RTPS[0m
[4.591s] [35m[1mScanning dependencies of target tello_msgs__rosidl_typesupport_fastrtps_c[0m
[4.613s] [ 70%] [32mBuilding CXX object CMakeFiles/tello_msgs__rosidl_typesupport_fastrtps_c.dir/rosidl_typesupport_fastrtps_c/tello_msgs/msg/detail/flight_data__type_support_c.cpp.o[0m
[4.614s] [ 72%] [32mBuilding CXX object CMakeFiles/tello_msgs__rosidl_typesupport_fastrtps_c.dir/rosidl_typesupport_fastrtps_c/tello_msgs/srv/detail/tello_action__type_support_c.cpp.o[0m
[4.618s] [ 74%] [32mBuilding CXX object CMakeFiles/tello_msgs__rosidl_typesupport_fastrtps_c.dir/rosidl_typesupport_fastrtps_c/tello_msgs/msg/detail/tello_response__type_support_c.cpp.o[0m
[4.980s] [ 76%] [32m[1mLinking CXX shared library libtello_msgs__rosidl_typesupport_fastrtps_c.so[0m
[5.074s] [ 76%] Built target tello_msgs__rosidl_typesupport_fastrtps_c
[5.086s] [35m[1mScanning dependencies of target tello_msgs[0m
[5.099s] [ 76%] Built target tello_msgs
[5.110s] [35m[1mScanning dependencies of target tello_msgs__py[0m
[5.126s] [ 78%] [34m[1mGenerating Python code for ROS interfaces[0m
[6.094s] [ 78%] Built target tello_msgs__py
[6.103s] [35m[1mScanning dependencies of target tello_msgs__python[0m
[6.127s] [ 85%] [32mBuilding C object CMakeFiles/tello_msgs__python.dir/rosidl_generator_py/tello_msgs/srv/_tello_action_s.c.o[0m
[6.127s] [ 85%] [32mBuilding C object CMakeFiles/tello_msgs__python.dir/rosidl_generator_py/tello_msgs/msg/_flight_data_s.c.o[0m
[6.127s] [ 85%] [32mBuilding C object CMakeFiles/tello_msgs__python.dir/rosidl_generator_py/tello_msgs/msg/_tello_response_s.c.o[0m
[6.226s] [ 87%] [32m[1mLinking C shared library rosidl_generator_py/tello_msgs/libtello_msgs__python.so[0m
[6.269s] [ 87%] Built target tello_msgs__python
[6.282s] [35m[1mScanning dependencies of target tello_msgs__rosidl_typesupport_c__pyext[0m
[6.282s] [35m[1mScanning dependencies of target tello_msgs__rosidl_typesupport_introspection_c__pyext[0m
[6.285s] [35m[1mScanning dependencies of target tello_msgs__rosidl_typesupport_fastrtps_c__pyext[0m
[6.303s] [ 89%] [32mBuilding C object CMakeFiles/tello_msgs__rosidl_typesupport_c__pyext.dir/rosidl_generator_py/tello_msgs/_tello_msgs_s.ep.rosidl_typesupport_c.c.o[0m
[6.303s] [ 91%] [32mBuilding C object CMakeFiles/tello_msgs__rosidl_typesupport_introspection_c__pyext.dir/rosidl_generator_py/tello_msgs/_tello_msgs_s.ep.rosidl_typesupport_introspection_c.c.o[0m
[6.307s] [ 93%] [32mBuilding C object CMakeFiles/tello_msgs__rosidl_typesupport_fastrtps_c__pyext.dir/rosidl_generator_py/tello_msgs/_tello_msgs_s.ep.rosidl_typesupport_fastrtps_c.c.o[0m
[6.390s] [ 95%] [32m[1mLinking C shared library rosidl_generator_py/tello_msgs/tello_msgs_s__rosidl_typesupport_introspection_c.cpython-38-x86_64-linux-gnu.so[0m
[6.390s] [ 97%] [32m[1mLinking C shared library rosidl_generator_py/tello_msgs/tello_msgs_s__rosidl_typesupport_c.cpython-38-x86_64-linux-gnu.so[0m
[6.406s] [100%] [32m[1mLinking CXX shared library rosidl_generator_py/tello_msgs/tello_msgs_s__rosidl_typesupport_fastrtps_c.cpython-38-x86_64-linux-gnu.so[0m
[6.429s] [100%] Built target tello_msgs__rosidl_typesupport_introspection_c__pyext
[6.429s] [100%] Built target tello_msgs__rosidl_typesupport_c__pyext
[6.473s] [100%] Built target tello_msgs__rosidl_typesupport_fastrtps_c__pyext
[6.487s] Invoked command in '/home/eeavir/drone_ws/build/tello_msgs' returned '0': CMAKE_PREFIX_PATH=${CMAKE_PREFIX_PATH}:/home/eeavir/drone_ws/install/drone_image_viewer:/opt/ros/galactic /usr/bin/cmake --build /home/eeavir/drone_ws/build/tello_msgs -- -j8 -l8
[6.490s] Invoking command in '/home/eeavir/drone_ws/build/tello_msgs': CMAKE_PREFIX_PATH=${CMAKE_PREFIX_PATH}:/home/eeavir/drone_ws/install/drone_image_viewer:/opt/ros/galactic /usr/bin/cmake --install /home/eeavir/drone_ws/build/tello_msgs
[6.500s] -- Install configuration: ""
[6.501s] -- Installing: /home/eeavir/drone_ws/install/tello_msgs/share/ament_index/resource_index/rosidl_interfaces/tello_msgs
[6.501s] -- Installing: /home/eeavir/drone_ws/install/tello_msgs/include/tello_msgs
[6.501s] -- Installing: /home/eeavir/drone_ws/install/tello_msgs/include/tello_msgs/msg
[6.501s] -- Installing: /home/eeavir/drone_ws/install/tello_msgs/include/tello_msgs/msg/detail
[6.501s] -- Installing: /home/eeavir/drone_ws/install/tello_msgs/include/tello_msgs/msg/detail/flight_data__functions.h
[6.501s] -- Installing: /home/eeavir/drone_ws/install/tello_msgs/include/tello_msgs/msg/detail/flight_data__struct.h
[6.501s] -- Installing: /home/eeavir/drone_ws/install/tello_msgs/include/tello_msgs/msg/detail/tello_response__struct.h
[6.501s] -- Installing: /home/eeavir/drone_ws/install/tello_msgs/include/tello_msgs/msg/detail/flight_data__functions.c
[6.501s] -- Installing: /home/eeavir/drone_ws/install/tello_msgs/include/tello_msgs/msg/detail/tello_response__functions.c
[6.501s] -- Installing: /home/eeavir/drone_ws/install/tello_msgs/include/tello_msgs/msg/detail/tello_response__type_support.h
[6.501s] -- Installing: /home/eeavir/drone_ws/install/tello_msgs/include/tello_msgs/msg/detail/flight_data__type_support.h
[6.501s] -- Installing: /home/eeavir/drone_ws/install/tello_msgs/include/tello_msgs/msg/detail/tello_response__functions.h
[6.501s] -- Installing: /home/eeavir/drone_ws/install/tello_msgs/include/tello_msgs/msg/flight_data.h
[6.501s] -- Installing: /home/eeavir/drone_ws/install/tello_msgs/include/tello_msgs/msg/tello_response.h
[6.501s] -- Installing: /home/eeavir/drone_ws/install/tello_msgs/include/tello_msgs/msg/rosidl_generator_c__visibility_control.h
[6.501s] -- Installing: /home/eeavir/drone_ws/install/tello_msgs/include/tello_msgs/srv
[6.501s] -- Installing: /home/eeavir/drone_ws/install/tello_msgs/include/tello_msgs/srv/detail
[6.502s] -- Installing: /home/eeavir/drone_ws/install/tello_msgs/include/tello_msgs/srv/detail/tello_action__functions.c
[6.502s] -- Installing: /home/eeavir/drone_ws/install/tello_msgs/include/tello_msgs/srv/detail/tello_action__struct.h
[6.502s] -- Installing: /home/eeavir/drone_ws/install/tello_msgs/include/tello_msgs/srv/detail/tello_action__functions.h
[6.502s] -- Installing: /home/eeavir/drone_ws/install/tello_msgs/include/tello_msgs/srv/detail/tello_action__type_support.h
[6.502s] -- Installing: /home/eeavir/drone_ws/install/tello_msgs/include/tello_msgs/srv/tello_action.h
[6.502s] -- Installing: /home/eeavir/drone_ws/install/tello_msgs/share/tello_msgs/environment/library_path.sh
[6.502s] -- Installing: /home/eeavir/drone_ws/install/tello_msgs/share/tello_msgs/environment/library_path.dsv
[6.502s] -- Installing: /home/eeavir/drone_ws/install/tello_msgs/lib/libtello_msgs__rosidl_generator_c.so
[6.502s] -- Set runtime path of "/home/eeavir/drone_ws/install/tello_msgs/lib/libtello_msgs__rosidl_generator_c.so" to ""
[6.502s] -- Up-to-date: /home/eeavir/drone_ws/install/tello_msgs/include/tello_msgs
[6.502s] -- Up-to-date: /home/eeavir/drone_ws/install/tello_msgs/include/tello_msgs/msg
[6.502s] -- Up-to-date: /home/eeavir/drone_ws/install/tello_msgs/include/tello_msgs/msg/detail
[6.502s] -- Installing: /home/eeavir/drone_ws/install/tello_msgs/include/tello_msgs/msg/detail/tello_response__rosidl_typesupport_fastrtps_c.h
[6.502s] -- Installing: /home/eeavir/drone_ws/install/tello_msgs/include/tello_msgs/msg/detail/flight_data__rosidl_typesupport_fastrtps_c.h
[6.502s] -- Installing: /home/eeavir/drone_ws/install/tello_msgs/include/tello_msgs/msg/rosidl_typesupport_fastrtps_c__visibility_control.h
[6.502s] -- Up-to-date: /home/eeavir/drone_ws/install/tello_msgs/include/tello_msgs/srv
[6.502s] -- Up-to-date: /home/eeavir/drone_ws/install/tello_msgs/include/tello_msgs/srv/detail
[6.503s] -- Installing: /home/eeavir/drone_ws/install/tello_msgs/include/tello_msgs/srv/detail/tello_action__rosidl_typesupport_fastrtps_c.h
[6.503s] -- Installing: /home/eeavir/drone_ws/install/tello_msgs/lib/libtello_msgs__rosidl_typesupport_fastrtps_c.so
[6.503s] -- Set runtime path of "/home/eeavir/drone_ws/install/tello_msgs/lib/libtello_msgs__rosidl_typesupport_fastrtps_c.so" to ""
[6.503s] -- Up-to-date: /home/eeavir/drone_ws/install/tello_msgs/include/tello_msgs
[6.503s] -- Up-to-date: /home/eeavir/drone_ws/install/tello_msgs/include/tello_msgs/msg
[6.503s] -- Up-to-date: /home/eeavir/drone_ws/install/tello_msgs/include/tello_msgs/msg/detail
[6.503s] -- Installing: /home/eeavir/drone_ws/install/tello_msgs/include/tello_msgs/msg/detail/flight_data__rosidl_typesupport_fastrtps_cpp.hpp
[6.503s] -- Installing: /home/eeavir/drone_ws/install/tello_msgs/include/tello_msgs/msg/detail/dds_fastrtps
[6.503s] -- Installing: /home/eeavir/drone_ws/install/tello_msgs/include/tello_msgs/msg/detail/tello_response__rosidl_typesupport_fastrtps_cpp.hpp
[6.503s] -- Installing: /home/eeavir/drone_ws/install/tello_msgs/include/tello_msgs/msg/rosidl_typesupport_fastrtps_cpp__visibility_control.h
[6.503s] -- Up-to-date: /home/eeavir/drone_ws/install/tello_msgs/include/tello_msgs/srv
[6.503s] -- Up-to-date: /home/eeavir/drone_ws/install/tello_msgs/include/tello_msgs/srv/detail
[6.503s] -- Installing: /home/eeavir/drone_ws/install/tello_msgs/include/tello_msgs/srv/detail/dds_fastrtps
[6.503s] -- Installing: /home/eeavir/drone_ws/install/tello_msgs/include/tello_msgs/srv/detail/tello_action__rosidl_typesupport_fastrtps_cpp.hpp
[6.503s] -- Installing: /home/eeavir/drone_ws/install/tello_msgs/lib/libtello_msgs__rosidl_typesupport_fastrtps_cpp.so
[6.504s] -- Set runtime path of "/home/eeavir/drone_ws/install/tello_msgs/lib/libtello_msgs__rosidl_typesupport_fastrtps_cpp.so" to ""
[6.504s] -- Up-to-date: /home/eeavir/drone_ws/install/tello_msgs/include/tello_msgs
[6.504s] -- Up-to-date: /home/eeavir/drone_ws/install/tello_msgs/include/tello_msgs/msg
[6.504s] -- Up-to-date: /home/eeavir/drone_ws/install/tello_msgs/include/tello_msgs/msg/detail
[6.504s] -- Installing: /home/eeavir/drone_ws/install/tello_msgs/include/tello_msgs/msg/detail/tello_response__rosidl_typesupport_introspection_c.h
[6.504s] -- Installing: /home/eeavir/drone_ws/install/tello_msgs/include/tello_msgs/msg/detail/flight_data__type_support.c
[6.504s] -- Installing: /home/eeavir/drone_ws/install/tello_msgs/include/tello_msgs/msg/detail/flight_data__rosidl_typesupport_introspection_c.h
[6.504s] -- Installing: /home/eeavir/drone_ws/install/tello_msgs/include/tello_msgs/msg/detail/tello_response__type_support.c
[6.504s] -- Installing: /home/eeavir/drone_ws/install/tello_msgs/include/tello_msgs/msg/rosidl_typesupport_introspection_c__visibility_control.h
[6.504s] -- Up-to-date: /home/eeavir/drone_ws/install/tello_msgs/include/tello_msgs/srv
[6.504s] -- Up-to-date: /home/eeavir/drone_ws/install/tello_msgs/include/tello_msgs/srv/detail
[6.504s] -- Installing: /home/eeavir/drone_ws/install/tello_msgs/include/tello_msgs/srv/detail/tello_action__rosidl_typesupport_introspection_c.h
[6.505s] -- Installing: /home/eeavir/drone_ws/install/tello_msgs/include/tello_msgs/srv/detail/tello_action__type_support.c
[6.505s] -- Installing: /home/eeavir/drone_ws/install/tello_msgs/lib/libtello_msgs__rosidl_typesupport_introspection_c.so
[6.505s] -- Set runtime path of "/home/eeavir/drone_ws/install/tello_msgs/lib/libtello_msgs__rosidl_typesupport_introspection_c.so" to ""
[6.505s] -- Installing: /home/eeavir/drone_ws/install/tello_msgs/lib/libtello_msgs__rosidl_typesupport_c.so
[6.505s] -- Set runtime path of "/home/eeavir/drone_ws/install/tello_msgs/lib/libtello_msgs__rosidl_typesupport_c.so" to ""
[6.505s] -- Up-to-date: /home/eeavir/drone_ws/install/tello_msgs/include/tello_msgs
[6.505s] -- Up-to-date: /home/eeavir/drone_ws/install/tello_msgs/include/tello_msgs/msg
[6.505s] -- Installing: /home/eeavir/drone_ws/install/tello_msgs/include/tello_msgs/msg/tello_response.hpp
[6.505s] -- Up-to-date: /home/eeavir/drone_ws/install/tello_msgs/include/tello_msgs/msg/detail
[6.505s] -- Installing: /home/eeavir/drone_ws/install/tello_msgs/include/tello_msgs/msg/detail/tello_response__struct.hpp
[6.505s] -- Installing: /home/eeavir/drone_ws/install/tello_msgs/include/tello_msgs/msg/detail/tello_response__traits.hpp
[6.505s] -- Installing: /home/eeavir/drone_ws/install/tello_msgs/include/tello_msgs/msg/detail/flight_data__builder.hpp
[6.505s] -- Installing: /home/eeavir/drone_ws/install/tello_msgs/include/tello_msgs/msg/detail/flight_data__struct.hpp
[6.506s] -- Installing: /home/eeavir/drone_ws/install/tello_msgs/include/tello_msgs/msg/detail/tello_response__builder.hpp
[6.506s] -- Installing: /home/eeavir/drone_ws/install/tello_msgs/include/tello_msgs/msg/detail/flight_data__traits.hpp
[6.506s] -- Installing: /home/eeavir/drone_ws/install/tello_msgs/include/tello_msgs/msg/flight_data.hpp
[6.506s] -- Up-to-date: /home/eeavir/drone_ws/install/tello_msgs/include/tello_msgs/srv
[6.506s] -- Up-to-date: /home/eeavir/drone_ws/install/tello_msgs/include/tello_msgs/srv/detail
[6.506s] -- Installing: /home/eeavir/drone_ws/install/tello_msgs/include/tello_msgs/srv/detail/tello_action__struct.hpp
[6.506s] -- Installing: /home/eeavir/drone_ws/install/tello_msgs/include/tello_msgs/srv/detail/tello_action__traits.hpp
[6.506s] -- Installing: /home/eeavir/drone_ws/install/tello_msgs/include/tello_msgs/srv/detail/tello_action__builder.hpp
[6.506s] -- Installing: /home/eeavir/drone_ws/install/tello_msgs/include/tello_msgs/srv/tello_action.hpp
[6.506s] -- Up-to-date: /home/eeavir/drone_ws/install/tello_msgs/include/tello_msgs
[6.506s] -- Up-to-date: /home/eeavir/drone_ws/install/tello_msgs/include/tello_msgs/msg
[6.506s] -- Up-to-date: /home/eeavir/drone_ws/install/tello_msgs/include/tello_msgs/msg/detail
[6.506s] -- Installing: /home/eeavir/drone_ws/install/tello_msgs/include/tello_msgs/msg/detail/flight_data__type_support.cpp
[6.506s] -- Installing: /home/eeavir/drone_ws/install/tello_msgs/include/tello_msgs/msg/detail/flight_data__rosidl_typesupport_introspection_cpp.hpp
[6.506s] -- Installing: /home/eeavir/drone_ws/install/tello_msgs/include/tello_msgs/msg/detail/tello_response__type_support.cpp
[6.506s] -- Installing: /home/eeavir/drone_ws/install/tello_msgs/include/tello_msgs/msg/detail/tello_response__rosidl_typesupport_introspection_cpp.hpp
[6.506s] -- Up-to-date: /home/eeavir/drone_ws/install/tello_msgs/include/tello_msgs/srv
[6.506s] -- Up-to-date: /home/eeavir/drone_ws/install/tello_msgs/include/tello_msgs/srv/detail
[6.506s] -- Installing: /home/eeavir/drone_ws/install/tello_msgs/include/tello_msgs/srv/detail/tello_action__rosidl_typesupport_introspection_cpp.hpp
[6.506s] -- Installing: /home/eeavir/drone_ws/install/tello_msgs/include/tello_msgs/srv/detail/tello_action__type_support.cpp
[6.507s] -- Installing: /home/eeavir/drone_ws/install/tello_msgs/lib/libtello_msgs__rosidl_typesupport_introspection_cpp.so
[6.507s] -- Set runtime path of "/home/eeavir/drone_ws/install/tello_msgs/lib/libtello_msgs__rosidl_typesupport_introspection_cpp.so" to ""
[6.507s] -- Installing: /home/eeavir/drone_ws/install/tello_msgs/lib/libtello_msgs__rosidl_typesupport_cpp.so
[6.507s] -- Set runtime path of "/home/eeavir/drone_ws/install/tello_msgs/lib/libtello_msgs__rosidl_typesupport_cpp.so" to ""
[6.507s] -- Installing: /home/eeavir/drone_ws/install/tello_msgs/share/tello_msgs/environment/pythonpath.sh
[6.507s] -- Installing: /home/eeavir/drone_ws/install/tello_msgs/share/tello_msgs/environment/pythonpath.dsv
[6.507s] -- Installing: /home/eeavir/drone_ws/install/tello_msgs/lib/python3.8/site-packages/tello_msgs/__init__.py
[6.535s] Compiling '/home/eeavir/drone_ws/install/tello_msgs/lib/python3.8/site-packages/tello_msgs/__init__.py'...
[6.540s] -- Installing: /home/eeavir/drone_ws/install/tello_msgs/lib/python3.8/site-packages/tello_msgs/msg
[6.541s] -- Installing: /home/eeavir/drone_ws/install/tello_msgs/lib/python3.8/site-packages/tello_msgs/msg/__init__.py
[6.541s] -- Installing: /home/eeavir/drone_ws/install/tello_msgs/lib/python3.8/site-packages/tello_msgs/msg/_flight_data_s.c
[6.541s] -- Installing: /home/eeavir/drone_ws/install/tello_msgs/lib/python3.8/site-packages/tello_msgs/msg/_tello_response.py
[6.541s] -- Installing: /home/eeavir/drone_ws/install/tello_msgs/lib/python3.8/site-packages/tello_msgs/msg/_flight_data.py
[6.541s] -- Installing: /home/eeavir/drone_ws/install/tello_msgs/lib/python3.8/site-packages/tello_msgs/msg/_tello_response_s.c
[6.541s] -- Installing: /home/eeavir/drone_ws/install/tello_msgs/lib/python3.8/site-packages/tello_msgs/srv
[6.541s] -- Installing: /home/eeavir/drone_ws/install/tello_msgs/lib/python3.8/site-packages/tello_msgs/srv/__init__.py
[6.541s] -- Installing: /home/eeavir/drone_ws/install/tello_msgs/lib/python3.8/site-packages/tello_msgs/srv/_tello_action_s.c
[6.541s] -- Installing: /home/eeavir/drone_ws/install/tello_msgs/lib/python3.8/site-packages/tello_msgs/srv/_tello_action.py
[6.541s] -- Installing: /home/eeavir/drone_ws/install/tello_msgs/lib/python3.8/site-packages/tello_msgs/tello_msgs_s__rosidl_typesupport_fastrtps_c.cpython-38-x86_64-linux-gnu.so
[6.541s] -- Set runtime path of "/home/eeavir/drone_ws/install/tello_msgs/lib/python3.8/site-packages/tello_msgs/tello_msgs_s__rosidl_typesupport_fastrtps_c.cpython-38-x86_64-linux-gnu.so" to ""
[6.542s] -- Installing: /home/eeavir/drone_ws/install/tello_msgs/lib/python3.8/site-packages/tello_msgs/tello_msgs_s__rosidl_typesupport_introspection_c.cpython-38-x86_64-linux-gnu.so
[6.542s] -- Set runtime path of "/home/eeavir/drone_ws/install/tello_msgs/lib/python3.8/site-packages/tello_msgs/tello_msgs_s__rosidl_typesupport_introspection_c.cpython-38-x86_64-linux-gnu.so" to ""
[6.542s] -- Installing: /home/eeavir/drone_ws/install/tello_msgs/lib/python3.8/site-packages/tello_msgs/tello_msgs_s__rosidl_typesupport_c.cpython-38-x86_64-linux-gnu.so
[6.542s] -- Set runtime path of "/home/eeavir/drone_ws/install/tello_msgs/lib/python3.8/site-packages/tello_msgs/tello_msgs_s__rosidl_typesupport_c.cpython-38-x86_64-linux-gnu.so" to ""
[6.542s] -- Installing: /home/eeavir/drone_ws/install/tello_msgs/lib/libtello_msgs__python.so
[6.543s] -- Set runtime path of "/home/eeavir/drone_ws/install/tello_msgs/lib/libtello_msgs__python.so" to ""
[6.543s] -- Installing: /home/eeavir/drone_ws/install/tello_msgs/share/tello_msgs/msg/FlightData.idl
[6.543s] -- Installing: /home/eeavir/drone_ws/install/tello_msgs/share/tello_msgs/msg/TelloResponse.idl
[6.543s] -- Installing: /home/eeavir/drone_ws/install/tello_msgs/share/tello_msgs/srv/TelloAction.idl
[6.543s] -- Installing: /home/eeavir/drone_ws/install/tello_msgs/share/tello_msgs/msg/FlightData.msg
[6.543s] -- Installing: /home/eeavir/drone_ws/install/tello_msgs/share/tello_msgs/msg/TelloResponse.msg
[6.543s] -- Installing: /home/eeavir/drone_ws/install/tello_msgs/share/tello_msgs/srv/TelloAction.srv
[6.543s] -- Installing: /home/eeavir/drone_ws/install/tello_msgs/share/tello_msgs/srv/TelloAction_Request.msg
[6.543s] -- Installing: /home/eeavir/drone_ws/install/tello_msgs/share/tello_msgs/srv/TelloAction_Response.msg
[6.543s] -- Installing: /home/eeavir/drone_ws/install/tello_msgs/share/ament_index/resource_index/package_run_dependencies/tello_msgs
[6.544s] -- Installing: /home/eeavir/drone_ws/install/tello_msgs/share/ament_index/resource_index/parent_prefix_path/tello_msgs
[6.544s] -- Installing: /home/eeavir/drone_ws/install/tello_msgs/share/tello_msgs/environment/ament_prefix_path.sh
[6.544s] -- Installing: /home/eeavir/drone_ws/install/tello_msgs/share/tello_msgs/environment/ament_prefix_path.dsv
[6.544s] -- Installing: /home/eeavir/drone_ws/install/tello_msgs/share/tello_msgs/environment/path.sh
[6.544s] -- Installing: /home/eeavir/drone_ws/install/tello_msgs/share/tello_msgs/environment/path.dsv
[6.544s] -- Installing: /home/eeavir/drone_ws/install/tello_msgs/share/tello_msgs/local_setup.bash
[6.544s] -- Installing: /home/eeavir/drone_ws/install/tello_msgs/share/tello_msgs/local_setup.sh
[6.544s] -- Installing: /home/eeavir/drone_ws/install/tello_msgs/share/tello_msgs/local_setup.zsh
[6.544s] -- Installing: /home/eeavir/drone_ws/install/tello_msgs/share/tello_msgs/local_setup.dsv
[6.544s] -- Installing: /home/eeavir/drone_ws/install/tello_msgs/share/tello_msgs/package.dsv
[6.544s] -- Installing: /home/eeavir/drone_ws/install/tello_msgs/share/ament_index/resource_index/packages/tello_msgs
[6.544s] -- Installing: /home/eeavir/drone_ws/install/tello_msgs/share/tello_msgs/cmake/tello_msgs__rosidl_generator_cExport.cmake
[6.545s] -- Installing: /home/eeavir/drone_ws/install/tello_msgs/share/tello_msgs/cmake/tello_msgs__rosidl_generator_cExport-noconfig.cmake
[6.545s] -- Installing: /home/eeavir/drone_ws/install/tello_msgs/share/tello_msgs/cmake/tello_msgs__rosidl_typesupport_introspection_cExport.cmake
[6.545s] -- Installing: /home/eeavir/drone_ws/install/tello_msgs/share/tello_msgs/cmake/tello_msgs__rosidl_typesupport_introspection_cExport-noconfig.cmake
[6.545s] -- Installing: /home/eeavir/drone_ws/install/tello_msgs/share/tello_msgs/cmake/tello_msgs__rosidl_typesupport_cExport.cmake
[6.545s] -- Installing: /home/eeavir/drone_ws/install/tello_msgs/share/tello_msgs/cmake/tello_msgs__rosidl_typesupport_cExport-noconfig.cmake
[6.545s] -- Installing: /home/eeavir/drone_ws/install/tello_msgs/share/tello_msgs/cmake/tello_msgs__rosidl_generator_cppExport.cmake
[6.545s] -- Installing: /home/eeavir/drone_ws/install/tello_msgs/share/tello_msgs/cmake/tello_msgs__rosidl_typesupport_introspection_cppExport.cmake
[6.545s] -- Installing: /home/eeavir/drone_ws/install/tello_msgs/share/tello_msgs/cmake/tello_msgs__rosidl_typesupport_introspection_cppExport-noconfig.cmake
[6.545s] -- Installing: /home/eeavir/drone_ws/install/tello_msgs/share/tello_msgs/cmake/tello_msgs__rosidl_typesupport_cppExport.cmake
[6.545s] -- Installing: /home/eeavir/drone_ws/install/tello_msgs/share/tello_msgs/cmake/tello_msgs__rosidl_typesupport_cppExport-noconfig.cmake
[6.545s] -- Installing: /home/eeavir/drone_ws/install/tello_msgs/share/tello_msgs/cmake/rosidl_cmake-extras.cmake
[6.545s] -- Installing: /home/eeavir/drone_ws/install/tello_msgs/share/tello_msgs/cmake/ament_cmake_export_dependencies-extras.cmake
[6.545s] -- Installing: /home/eeavir/drone_ws/install/tello_msgs/share/tello_msgs/cmake/ament_cmake_export_libraries-extras.cmake
[6.546s] -- Installing: /home/eeavir/drone_ws/install/tello_msgs/share/tello_msgs/cmake/ament_cmake_export_targets-extras.cmake
[6.546s] -- Installing: /home/eeavir/drone_ws/install/tello_msgs/share/tello_msgs/cmake/ament_cmake_export_include_directories-extras.cmake
[6.546s] -- Installing: /home/eeavir/drone_ws/install/tello_msgs/share/tello_msgs/cmake/rosidl_cmake_export_typesupport_libraries-extras.cmake
[6.546s] -- Installing: /home/eeavir/drone_ws/install/tello_msgs/share/tello_msgs/cmake/rosidl_cmake_export_typesupport_targets-extras.cmake
[6.546s] -- Installing: /home/eeavir/drone_ws/install/tello_msgs/share/tello_msgs/cmake/tello_msgsConfig.cmake
[6.546s] -- Installing: /home/eeavir/drone_ws/install/tello_msgs/share/tello_msgs/cmake/tello_msgsConfig-version.cmake
[6.546s] -- Installing: /home/eeavir/drone_ws/install/tello_msgs/share/tello_msgs/package.xml
[6.548s] Invoked command in '/home/eeavir/drone_ws/build/tello_msgs' returned '0': CMAKE_PREFIX_PATH=${CMAKE_PREFIX_PATH}:/home/eeavir/drone_ws/install/drone_image_viewer:/opt/ros/galactic /usr/bin/cmake --install /home/eeavir/drone_ws/build/tello_msgs
