[0.176s] DEBUG:colcon:Command line arguments: ['/usr/bin/colcon', 'build']
[0.176s] DEBUG:colcon:Parsed command line arguments: Namespace(allow_overriding=[], ament_cmake_args=None, base_paths=['.'], build_base='build', catkin_cmake_args=None, catkin_skip_building_tests=False, cmake_args=None, cmake_clean_cache=False, cmake_clean_first=False, cmake_force_configure=False, cmake_target=None, cmake_target_skip_unavailable=False, continue_on_error=False, event_handlers=None, executor='parallel', ignore_user_meta=False, install_base='install', log_base=None, log_level=None, main=<bound method BuildVerb.main of <colcon_core.verb.build.BuildVerb object at 0x7fd7e27a3d90>>, merge_install=False, metas=['./colcon.meta'], mixin=None, mixin_files=None, mixin_verb=('build',), packages_above=None, packages_above_and_dependencies=None, packages_above_depth=None, packages_end=None, packages_ignore=None, packages_ignore_regex=None, packages_select=None, packages_select_build_failed=False, packages_select_by_dep=None, packages_select_regex=None, packages_select_test_failures=False, packages_skip=None, packages_skip_build_finished=False, packages_skip_by_dep=None, packages_skip_regex=None, packages_skip_test_passed=False, packages_skip_up_to=None, packages_start=None, packages_up_to=None, packages_up_to_regex=None, parallel_workers=8, paths=None, symlink_install=False, test_result_base=None, verb_extension=<colcon_core.verb.build.BuildVerb object at 0x7fd7e27a3d90>, verb_name='build', verb_parser=<colcon_mixin.mixin.mixin_argument.MixinArgumentDecorator object at 0x7fd7e2707d60>)
[0.295s] Level 1:colcon.colcon_core.package_discovery:discover_packages(colcon_meta) check parameters
[0.295s] Level 1:colcon.colcon_core.package_discovery:discover_packages(recursive) check parameters
[0.295s] Level 1:colcon.colcon_core.package_discovery:discover_packages(ignore) check parameters
[0.295s] Level 1:colcon.colcon_core.package_discovery:discover_packages(path) check parameters
[0.295s] Level 1:colcon.colcon_core.package_discovery:discover_packages(colcon_meta) discover
[0.295s] Level 1:colcon.colcon_core.package_discovery:discover_packages(recursive) discover
[0.295s] INFO:colcon.colcon_core.package_discovery:Crawling recursively for packages in '/home/eeavir/drone_ws'
[0.295s] Level 1:colcon.colcon_core.package_identification:_identify(.) by extensions ['ignore', 'ignore_ament_install']
[0.296s] Level 1:colcon.colcon_core.package_identification:_identify(.) by extension 'ignore'
[0.296s] Level 1:colcon.colcon_core.package_identification:_identify(.) by extension 'ignore_ament_install'
[0.296s] Level 1:colcon.colcon_core.package_identification:_identify(.) by extensions ['colcon_pkg']
[0.296s] Level 1:colcon.colcon_core.package_identification:_identify(.) by extension 'colcon_pkg'
[0.296s] Level 1:colcon.colcon_core.package_identification:_identify(.) by extensions ['colcon_meta']
[0.296s] Level 1:colcon.colcon_core.package_identification:_identify(.) by extension 'colcon_meta'
[0.296s] Level 1:colcon.colcon_core.package_identification:_identify(.) by extensions ['ros']
[0.296s] Level 1:colcon.colcon_core.package_identification:_identify(.) by extension 'ros'
[0.307s] Level 1:colcon.colcon_core.package_identification:_identify(.) by extensions ['cmake', 'python']
[0.307s] Level 1:colcon.colcon_core.package_identification:_identify(.) by extension 'cmake'
[0.307s] Level 1:colcon.colcon_core.package_identification:_identify(.) by extension 'python'
[0.307s] Level 1:colcon.colcon_core.package_identification:_identify(.) by extensions ['python_setup_py']
[0.307s] Level 1:colcon.colcon_core.package_identification:_identify(.) by extension 'python_setup_py'
[0.307s] Level 1:colcon.colcon_core.package_identification:_identify(build) by extensions ['ignore', 'ignore_ament_install']
[0.308s] Level 1:colcon.colcon_core.package_identification:_identify(build) by extension 'ignore'
[0.308s] Level 1:colcon.colcon_core.package_identification:_identify(build) ignored
[0.308s] Level 1:colcon.colcon_core.package_identification:_identify(install) by extensions ['ignore', 'ignore_ament_install']
[0.308s] Level 1:colcon.colcon_core.package_identification:_identify(install) by extension 'ignore'
[0.308s] Level 1:colcon.colcon_core.package_identification:_identify(install) ignored
[0.308s] Level 1:colcon.colcon_core.package_identification:_identify(log) by extensions ['ignore', 'ignore_ament_install']
[0.308s] Level 1:colcon.colcon_core.package_identification:_identify(log) by extension 'ignore'
[0.308s] Level 1:colcon.colcon_core.package_identification:_identify(log) ignored
[0.308s] Level 1:colcon.colcon_core.package_identification:_identify(src) by extensions ['ignore', 'ignore_ament_install']
[0.308s] Level 1:colcon.colcon_core.package_identification:_identify(src) by extension 'ignore'
[0.308s] Level 1:colcon.colcon_core.package_identification:_identify(src) by extension 'ignore_ament_install'
[0.308s] Level 1:colcon.colcon_core.package_identification:_identify(src) by extensions ['colcon_pkg']
[0.308s] Level 1:colcon.colcon_core.package_identification:_identify(src) by extension 'colcon_pkg'
[0.308s] Level 1:colcon.colcon_core.package_identification:_identify(src) by extensions ['colcon_meta']
[0.308s] Level 1:colcon.colcon_core.package_identification:_identify(src) by extension 'colcon_meta'
[0.308s] Level 1:colcon.colcon_core.package_identification:_identify(src) by extensions ['ros']
[0.308s] Level 1:colcon.colcon_core.package_identification:_identify(src) by extension 'ros'
[0.308s] Level 1:colcon.colcon_core.package_identification:_identify(src) by extensions ['cmake', 'python']
[0.308s] Level 1:colcon.colcon_core.package_identification:_identify(src) by extension 'cmake'
[0.308s] Level 1:colcon.colcon_core.package_identification:_identify(src) by extension 'python'
[0.308s] Level 1:colcon.colcon_core.package_identification:_identify(src) by extensions ['python_setup_py']
[0.308s] Level 1:colcon.colcon_core.package_identification:_identify(src) by extension 'python_setup_py'
[0.309s] Level 1:colcon.colcon_core.package_identification:_identify(src/drone_racing_ros2) by extensions ['ignore', 'ignore_ament_install']
[0.309s] Level 1:colcon.colcon_core.package_identification:_identify(src/drone_racing_ros2) by extension 'ignore'
[0.309s] Level 1:colcon.colcon_core.package_identification:_identify(src/drone_racing_ros2) by extension 'ignore_ament_install'
[0.309s] Level 1:colcon.colcon_core.package_identification:_identify(src/drone_racing_ros2) by extensions ['colcon_pkg']
[0.309s] Level 1:colcon.colcon_core.package_identification:_identify(src/drone_racing_ros2) by extension 'colcon_pkg'
[0.309s] Level 1:colcon.colcon_core.package_identification:_identify(src/drone_racing_ros2) by extensions ['colcon_meta']
[0.309s] Level 1:colcon.colcon_core.package_identification:_identify(src/drone_racing_ros2) by extension 'colcon_meta'
[0.309s] Level 1:colcon.colcon_core.package_identification:_identify(src/drone_racing_ros2) by extensions ['ros']
[0.309s] Level 1:colcon.colcon_core.package_identification:_identify(src/drone_racing_ros2) by extension 'ros'
[0.309s] Level 1:colcon.colcon_core.package_identification:_identify(src/drone_racing_ros2) by extensions ['cmake', 'python']
[0.309s] Level 1:colcon.colcon_core.package_identification:_identify(src/drone_racing_ros2) by extension 'cmake'
[0.309s] Level 1:colcon.colcon_core.package_identification:_identify(src/drone_racing_ros2) by extension 'python'
[0.309s] Level 1:colcon.colcon_core.package_identification:_identify(src/drone_racing_ros2) by extensions ['python_setup_py']
[0.309s] Level 1:colcon.colcon_core.package_identification:_identify(src/drone_racing_ros2) by extension 'python_setup_py'
[0.309s] Level 1:colcon.colcon_core.package_identification:_identify(src/drone_racing_ros2/ros2_shared) by extensions ['ignore', 'ignore_ament_install']
[0.309s] Level 1:colcon.colcon_core.package_identification:_identify(src/drone_racing_ros2/ros2_shared) by extension 'ignore'
[0.309s] Level 1:colcon.colcon_core.package_identification:_identify(src/drone_racing_ros2/ros2_shared) by extension 'ignore_ament_install'
[0.309s] Level 1:colcon.colcon_core.package_identification:_identify(src/drone_racing_ros2/ros2_shared) by extensions ['colcon_pkg']
[0.309s] Level 1:colcon.colcon_core.package_identification:_identify(src/drone_racing_ros2/ros2_shared) by extension 'colcon_pkg'
[0.309s] Level 1:colcon.colcon_core.package_identification:_identify(src/drone_racing_ros2/ros2_shared) by extensions ['colcon_meta']
[0.309s] Level 1:colcon.colcon_core.package_identification:_identify(src/drone_racing_ros2/ros2_shared) by extension 'colcon_meta'
[0.309s] Level 1:colcon.colcon_core.package_identification:_identify(src/drone_racing_ros2/ros2_shared) by extensions ['ros']
[0.309s] Level 1:colcon.colcon_core.package_identification:_identify(src/drone_racing_ros2/ros2_shared) by extension 'ros'
[0.312s] DEBUG:colcon.colcon_core.package_identification:Package 'src/drone_racing_ros2/ros2_shared' with type 'ros.ament_cmake' and name 'ros2_shared'
[0.312s] Level 1:colcon.colcon_core.package_identification:_identify(src/drone_racing_ros2/tello_ros) by extensions ['ignore', 'ignore_ament_install']
[0.312s] Level 1:colcon.colcon_core.package_identification:_identify(src/drone_racing_ros2/tello_ros) by extension 'ignore'
[0.312s] Level 1:colcon.colcon_core.package_identification:_identify(src/drone_racing_ros2/tello_ros) by extension 'ignore_ament_install'
[0.312s] Level 1:colcon.colcon_core.package_identification:_identify(src/drone_racing_ros2/tello_ros) by extensions ['colcon_pkg']
[0.312s] Level 1:colcon.colcon_core.package_identification:_identify(src/drone_racing_ros2/tello_ros) by extension 'colcon_pkg'
[0.312s] Level 1:colcon.colcon_core.package_identification:_identify(src/drone_racing_ros2/tello_ros) by extensions ['colcon_meta']
[0.312s] Level 1:colcon.colcon_core.package_identification:_identify(src/drone_racing_ros2/tello_ros) by extension 'colcon_meta'
[0.312s] Level 1:colcon.colcon_core.package_identification:_identify(src/drone_racing_ros2/tello_ros) by extensions ['ros']
[0.312s] Level 1:colcon.colcon_core.package_identification:_identify(src/drone_racing_ros2/tello_ros) by extension 'ros'
[0.313s] Level 1:colcon.colcon_core.package_identification:_identify(src/drone_racing_ros2/tello_ros) by extensions ['cmake', 'python']
[0.313s] Level 1:colcon.colcon_core.package_identification:_identify(src/drone_racing_ros2/tello_ros) by extension 'cmake'
[0.313s] Level 1:colcon.colcon_core.package_identification:_identify(src/drone_racing_ros2/tello_ros) by extension 'python'
[0.313s] Level 1:colcon.colcon_core.package_identification:_identify(src/drone_racing_ros2/tello_ros) by extensions ['python_setup_py']
[0.313s] Level 1:colcon.colcon_core.package_identification:_identify(src/drone_racing_ros2/tello_ros) by extension 'python_setup_py'
[0.313s] Level 1:colcon.colcon_core.package_identification:_identify(src/drone_racing_ros2/tello_ros/docker) by extensions ['ignore', 'ignore_ament_install']
[0.313s] Level 1:colcon.colcon_core.package_identification:_identify(src/drone_racing_ros2/tello_ros/docker) by extension 'ignore'
[0.313s] Level 1:colcon.colcon_core.package_identification:_identify(src/drone_racing_ros2/tello_ros/docker) by extension 'ignore_ament_install'
[0.313s] Level 1:colcon.colcon_core.package_identification:_identify(src/drone_racing_ros2/tello_ros/docker) by extensions ['colcon_pkg']
[0.313s] Level 1:colcon.colcon_core.package_identification:_identify(src/drone_racing_ros2/tello_ros/docker) by extension 'colcon_pkg'
[0.313s] Level 1:colcon.colcon_core.package_identification:_identify(src/drone_racing_ros2/tello_ros/docker) by extensions ['colcon_meta']
[0.313s] Level 1:colcon.colcon_core.package_identification:_identify(src/drone_racing_ros2/tello_ros/docker) by extension 'colcon_meta'
[0.313s] Level 1:colcon.colcon_core.package_identification:_identify(src/drone_racing_ros2/tello_ros/docker) by extensions ['ros']
[0.313s] Level 1:colcon.colcon_core.package_identification:_identify(src/drone_racing_ros2/tello_ros/docker) by extension 'ros'
[0.313s] Level 1:colcon.colcon_core.package_identification:_identify(src/drone_racing_ros2/tello_ros/docker) by extensions ['cmake', 'python']
[0.313s] Level 1:colcon.colcon_core.package_identification:_identify(src/drone_racing_ros2/tello_ros/docker) by extension 'cmake'
[0.313s] Level 1:colcon.colcon_core.package_identification:_identify(src/drone_racing_ros2/tello_ros/docker) by extension 'python'
[0.313s] Level 1:colcon.colcon_core.package_identification:_identify(src/drone_racing_ros2/tello_ros/docker) by extensions ['python_setup_py']
[0.313s] Level 1:colcon.colcon_core.package_identification:_identify(src/drone_racing_ros2/tello_ros/docker) by extension 'python_setup_py'
[0.313s] Level 1:colcon.colcon_core.package_identification:_identify(src/drone_racing_ros2/tello_ros/tello_description) by extensions ['ignore', 'ignore_ament_install']
[0.313s] Level 1:colcon.colcon_core.package_identification:_identify(src/drone_racing_ros2/tello_ros/tello_description) by extension 'ignore'
[0.313s] Level 1:colcon.colcon_core.package_identification:_identify(src/drone_racing_ros2/tello_ros/tello_description) by extension 'ignore_ament_install'
[0.313s] Level 1:colcon.colcon_core.package_identification:_identify(src/drone_racing_ros2/tello_ros/tello_description) by extensions ['colcon_pkg']
[0.313s] Level 1:colcon.colcon_core.package_identification:_identify(src/drone_racing_ros2/tello_ros/tello_description) by extension 'colcon_pkg'
[0.313s] Level 1:colcon.colcon_core.package_identification:_identify(src/drone_racing_ros2/tello_ros/tello_description) by extensions ['colcon_meta']
[0.313s] Level 1:colcon.colcon_core.package_identification:_identify(src/drone_racing_ros2/tello_ros/tello_description) by extension 'colcon_meta'
[0.313s] Level 1:colcon.colcon_core.package_identification:_identify(src/drone_racing_ros2/tello_ros/tello_description) by extensions ['ros']
[0.313s] Level 1:colcon.colcon_core.package_identification:_identify(src/drone_racing_ros2/tello_ros/tello_description) by extension 'ros'
[0.314s] DEBUG:colcon.colcon_core.package_identification:Package 'src/drone_racing_ros2/tello_ros/tello_description' with type 'ros.ament_cmake' and name 'tello_description'
[0.314s] Level 1:colcon.colcon_core.package_identification:_identify(src/drone_racing_ros2/tello_ros/tello_driver) by extensions ['ignore', 'ignore_ament_install']
[0.314s] Level 1:colcon.colcon_core.package_identification:_identify(src/drone_racing_ros2/tello_ros/tello_driver) by extension 'ignore'
[0.314s] Level 1:colcon.colcon_core.package_identification:_identify(src/drone_racing_ros2/tello_ros/tello_driver) by extension 'ignore_ament_install'
[0.314s] Level 1:colcon.colcon_core.package_identification:_identify(src/drone_racing_ros2/tello_ros/tello_driver) by extensions ['colcon_pkg']
[0.314s] Level 1:colcon.colcon_core.package_identification:_identify(src/drone_racing_ros2/tello_ros/tello_driver) by extension 'colcon_pkg'
[0.314s] Level 1:colcon.colcon_core.package_identification:_identify(src/drone_racing_ros2/tello_ros/tello_driver) by extensions ['colcon_meta']
[0.314s] Level 1:colcon.colcon_core.package_identification:_identify(src/drone_racing_ros2/tello_ros/tello_driver) by extension 'colcon_meta'
[0.314s] Level 1:colcon.colcon_core.package_identification:_identify(src/drone_racing_ros2/tello_ros/tello_driver) by extensions ['ros']
[0.314s] Level 1:colcon.colcon_core.package_identification:_identify(src/drone_racing_ros2/tello_ros/tello_driver) by extension 'ros'
[0.315s] DEBUG:colcon.colcon_core.package_identification:Package 'src/drone_racing_ros2/tello_ros/tello_driver' with type 'ros.ament_cmake' and name 'tello_driver'
[0.316s] Level 1:colcon.colcon_core.package_identification:_identify(src/drone_racing_ros2/tello_ros/tello_gazebo) by extensions ['ignore', 'ignore_ament_install']
[0.316s] Level 1:colcon.colcon_core.package_identification:_identify(src/drone_racing_ros2/tello_ros/tello_gazebo) by extension 'ignore'
[0.316s] Level 1:colcon.colcon_core.package_identification:_identify(src/drone_racing_ros2/tello_ros/tello_gazebo) by extension 'ignore_ament_install'
[0.316s] Level 1:colcon.colcon_core.package_identification:_identify(src/drone_racing_ros2/tello_ros/tello_gazebo) by extensions ['colcon_pkg']
[0.316s] Level 1:colcon.colcon_core.package_identification:_identify(src/drone_racing_ros2/tello_ros/tello_gazebo) by extension 'colcon_pkg'
[0.316s] Level 1:colcon.colcon_core.package_identification:_identify(src/drone_racing_ros2/tello_ros/tello_gazebo) by extensions ['colcon_meta']
[0.316s] Level 1:colcon.colcon_core.package_identification:_identify(src/drone_racing_ros2/tello_ros/tello_gazebo) by extension 'colcon_meta'
[0.316s] Level 1:colcon.colcon_core.package_identification:_identify(src/drone_racing_ros2/tello_ros/tello_gazebo) by extensions ['ros']
[0.316s] Level 1:colcon.colcon_core.package_identification:_identify(src/drone_racing_ros2/tello_ros/tello_gazebo) by extension 'ros'
[0.317s] DEBUG:colcon.colcon_core.package_identification:Package 'src/drone_racing_ros2/tello_ros/tello_gazebo' with type 'ros.ament_cmake' and name 'tello_gazebo'
[0.317s] Level 1:colcon.colcon_core.package_identification:_identify(src/drone_racing_ros2/tello_ros/tello_msgs) by extensions ['ignore', 'ignore_ament_install']
[0.317s] Level 1:colcon.colcon_core.package_identification:_identify(src/drone_racing_ros2/tello_ros/tello_msgs) by extension 'ignore'
[0.317s] Level 1:colcon.colcon_core.package_identification:_identify(src/drone_racing_ros2/tello_ros/tello_msgs) by extension 'ignore_ament_install'
[0.317s] Level 1:colcon.colcon_core.package_identification:_identify(src/drone_racing_ros2/tello_ros/tello_msgs) by extensions ['colcon_pkg']
[0.317s] Level 1:colcon.colcon_core.package_identification:_identify(src/drone_racing_ros2/tello_ros/tello_msgs) by extension 'colcon_pkg'
[0.317s] Level 1:colcon.colcon_core.package_identification:_identify(src/drone_racing_ros2/tello_ros/tello_msgs) by extensions ['colcon_meta']
[0.317s] Level 1:colcon.colcon_core.package_identification:_identify(src/drone_racing_ros2/tello_ros/tello_msgs) by extension 'colcon_meta'
[0.317s] Level 1:colcon.colcon_core.package_identification:_identify(src/drone_racing_ros2/tello_ros/tello_msgs) by extensions ['ros']
[0.317s] Level 1:colcon.colcon_core.package_identification:_identify(src/drone_racing_ros2/tello_ros/tello_msgs) by extension 'ros'
[0.318s] DEBUG:colcon.colcon_core.package_identification:Package 'src/drone_racing_ros2/tello_ros/tello_msgs' with type 'ros.ament_cmake' and name 'tello_msgs'
[0.318s] Level 1:colcon.colcon_core.package_identification:_identify(src/own_package) by extensions ['ignore', 'ignore_ament_install']
[0.318s] Level 1:colcon.colcon_core.package_identification:_identify(src/own_package) by extension 'ignore'
[0.318s] Level 1:colcon.colcon_core.package_identification:_identify(src/own_package) by extension 'ignore_ament_install'
[0.318s] Level 1:colcon.colcon_core.package_identification:_identify(src/own_package) by extensions ['colcon_pkg']
[0.318s] Level 1:colcon.colcon_core.package_identification:_identify(src/own_package) by extension 'colcon_pkg'
[0.318s] Level 1:colcon.colcon_core.package_identification:_identify(src/own_package) by extensions ['colcon_meta']
[0.318s] Level 1:colcon.colcon_core.package_identification:_identify(src/own_package) by extension 'colcon_meta'
[0.318s] Level 1:colcon.colcon_core.package_identification:_identify(src/own_package) by extensions ['ros']
[0.318s] Level 1:colcon.colcon_core.package_identification:_identify(src/own_package) by extension 'ros'
[0.319s] DEBUG:colcon.colcon_core.package_identification:Package 'src/own_package' with type 'ros.ament_python' and name 'own_package'
[0.319s] Level 1:colcon.colcon_core.package_discovery:discover_packages(recursive) using defaults
[0.319s] Level 1:colcon.colcon_core.package_discovery:discover_packages(ignore) discover
[0.319s] Level 1:colcon.colcon_core.package_discovery:discover_packages(ignore) using defaults
[0.319s] Level 1:colcon.colcon_core.package_discovery:discover_packages(path) discover
[0.319s] Level 1:colcon.colcon_core.package_discovery:discover_packages(path) using defaults
[0.345s] Level 1:colcon.colcon_core.package_discovery:discover_packages(prefix_path) check parameters
[0.345s] Level 1:colcon.colcon_core.package_discovery:discover_packages(prefix_path) discover
[0.347s] WARNING:colcon.colcon_ros.prefix_path.ament:The path '/home/eeavir/drone_ws/install/drone_image_viewer' in the environment variable AMENT_PREFIX_PATH doesn't exist
[0.347s] WARNING:colcon.colcon_ros.prefix_path.ament:The path '/home/eeavir/drone_ws/install/tello_gazebo' in the environment variable AMENT_PREFIX_PATH doesn't exist
[0.347s] WARNING:colcon.colcon_ros.prefix_path.ament:The path '/home/eeavir/drone_ws/install/tello_driver' in the environment variable AMENT_PREFIX_PATH doesn't exist
[0.347s] WARNING:colcon.colcon_ros.prefix_path.ament:The path '/home/eeavir/drone_ws/install/tello_msgs' in the environment variable AMENT_PREFIX_PATH doesn't exist
[0.347s] WARNING:colcon.colcon_ros.prefix_path.ament:The path '/home/eeavir/drone_ws/install/tello_description' in the environment variable AMENT_PREFIX_PATH doesn't exist
[0.347s] WARNING:colcon.colcon_ros.prefix_path.ament:The path '/home/eeavir/drone_ws/install/ros2_shared' in the environment variable AMENT_PREFIX_PATH doesn't exist
[0.347s] WARNING:colcon.colcon_ros.prefix_path.catkin:The path '/home/eeavir/drone_ws/install/tello_gazebo' in the environment variable CMAKE_PREFIX_PATH doesn't exist
[0.347s] WARNING:colcon.colcon_ros.prefix_path.catkin:The path '/home/eeavir/drone_ws/install/tello_driver' in the environment variable CMAKE_PREFIX_PATH doesn't exist
[0.347s] WARNING:colcon.colcon_ros.prefix_path.catkin:The path '/home/eeavir/drone_ws/install/tello_msgs' in the environment variable CMAKE_PREFIX_PATH doesn't exist
[0.347s] WARNING:colcon.colcon_ros.prefix_path.catkin:The path '/home/eeavir/drone_ws/install/tello_description' in the environment variable CMAKE_PREFIX_PATH doesn't exist
[0.347s] WARNING:colcon.colcon_ros.prefix_path.catkin:The path '/home/eeavir/drone_ws/install/ros2_shared' in the environment variable CMAKE_PREFIX_PATH doesn't exist
[0.348s] DEBUG:colcon.colcon_installed_package_information.package_discovery:Found 0 installed packages in /home/eeavir/drone_ws/install
[0.349s] DEBUG:colcon.colcon_installed_package_information.package_discovery:Found 275 installed packages in /opt/ros/galactic
[0.350s] Level 1:colcon.colcon_core.package_discovery:discover_packages(prefix_path) using defaults
[0.401s] Level 5:colcon.colcon_core.verb:set package 'own_package' build argument 'cmake_args' from command line to 'None'
[0.401s] Level 5:colcon.colcon_core.verb:set package 'own_package' build argument 'cmake_target' from command line to 'None'
[0.401s] Level 5:colcon.colcon_core.verb:set package 'own_package' build argument 'cmake_target_skip_unavailable' from command line to 'False'
[0.401s] Level 5:colcon.colcon_core.verb:set package 'own_package' build argument 'cmake_clean_cache' from command line to 'False'
[0.401s] Level 5:colcon.colcon_core.verb:set package 'own_package' build argument 'cmake_clean_first' from command line to 'False'
[0.401s] Level 5:colcon.colcon_core.verb:set package 'own_package' build argument 'cmake_force_configure' from command line to 'False'
[0.401s] Level 5:colcon.colcon_core.verb:set package 'own_package' build argument 'ament_cmake_args' from command line to 'None'
[0.401s] Level 5:colcon.colcon_core.verb:set package 'own_package' build argument 'catkin_cmake_args' from command line to 'None'
[0.401s] Level 5:colcon.colcon_core.verb:set package 'own_package' build argument 'catkin_skip_building_tests' from command line to 'False'
[0.401s] DEBUG:colcon.colcon_core.verb:Building package 'own_package' with the following arguments: {'ament_cmake_args': None, 'build_base': '/home/eeavir/drone_ws/build/own_package', 'catkin_cmake_args': None, 'catkin_skip_building_tests': False, 'cmake_args': None, 'cmake_clean_cache': False, 'cmake_clean_first': False, 'cmake_force_configure': False, 'cmake_target': None, 'cmake_target_skip_unavailable': False, 'install_base': '/home/eeavir/drone_ws/install/own_package', 'merge_install': False, 'path': '/home/eeavir/drone_ws/src/own_package', 'symlink_install': False, 'test_result_base': None}
[0.401s] Level 5:colcon.colcon_core.verb:set package 'ros2_shared' build argument 'cmake_args' from command line to 'None'
[0.401s] Level 5:colcon.colcon_core.verb:set package 'ros2_shared' build argument 'cmake_target' from command line to 'None'
[0.401s] Level 5:colcon.colcon_core.verb:set package 'ros2_shared' build argument 'cmake_target_skip_unavailable' from command line to 'False'
[0.401s] Level 5:colcon.colcon_core.verb:set package 'ros2_shared' build argument 'cmake_clean_cache' from command line to 'False'
[0.401s] Level 5:colcon.colcon_core.verb:set package 'ros2_shared' build argument 'cmake_clean_first' from command line to 'False'
[0.401s] Level 5:colcon.colcon_core.verb:set package 'ros2_shared' build argument 'cmake_force_configure' from command line to 'False'
[0.401s] Level 5:colcon.colcon_core.verb:set package 'ros2_shared' build argument 'ament_cmake_args' from command line to 'None'
[0.401s] Level 5:colcon.colcon_core.verb:set package 'ros2_shared' build argument 'catkin_cmake_args' from command line to 'None'
[0.401s] Level 5:colcon.colcon_core.verb:set package 'ros2_shared' build argument 'catkin_skip_building_tests' from command line to 'False'
[0.401s] DEBUG:colcon.colcon_core.verb:Building package 'ros2_shared' with the following arguments: {'ament_cmake_args': None, 'build_base': '/home/eeavir/drone_ws/build/ros2_shared', 'catkin_cmake_args': None, 'catkin_skip_building_tests': False, 'cmake_args': None, 'cmake_clean_cache': False, 'cmake_clean_first': False, 'cmake_force_configure': False, 'cmake_target': None, 'cmake_target_skip_unavailable': False, 'install_base': '/home/eeavir/drone_ws/install/ros2_shared', 'merge_install': False, 'path': '/home/eeavir/drone_ws/src/drone_racing_ros2/ros2_shared', 'symlink_install': False, 'test_result_base': None}
[0.402s] Level 5:colcon.colcon_core.verb:set package 'tello_description' build argument 'cmake_args' from command line to 'None'
[0.402s] Level 5:colcon.colcon_core.verb:set package 'tello_description' build argument 'cmake_target' from command line to 'None'
[0.402s] Level 5:colcon.colcon_core.verb:set package 'tello_description' build argument 'cmake_target_skip_unavailable' from command line to 'False'
[0.402s] Level 5:colcon.colcon_core.verb:set package 'tello_description' build argument 'cmake_clean_cache' from command line to 'False'
[0.402s] Level 5:colcon.colcon_core.verb:set package 'tello_description' build argument 'cmake_clean_first' from command line to 'False'
[0.402s] Level 5:colcon.colcon_core.verb:set package 'tello_description' build argument 'cmake_force_configure' from command line to 'False'
[0.402s] Level 5:colcon.colcon_core.verb:set package 'tello_description' build argument 'ament_cmake_args' from command line to 'None'
[0.402s] Level 5:colcon.colcon_core.verb:set package 'tello_description' build argument 'catkin_cmake_args' from command line to 'None'
[0.402s] Level 5:colcon.colcon_core.verb:set package 'tello_description' build argument 'catkin_skip_building_tests' from command line to 'False'
[0.402s] DEBUG:colcon.colcon_core.verb:Building package 'tello_description' with the following arguments: {'ament_cmake_args': None, 'build_base': '/home/eeavir/drone_ws/build/tello_description', 'catkin_cmake_args': None, 'catkin_skip_building_tests': False, 'cmake_args': None, 'cmake_clean_cache': False, 'cmake_clean_first': False, 'cmake_force_configure': False, 'cmake_target': None, 'cmake_target_skip_unavailable': False, 'install_base': '/home/eeavir/drone_ws/install/tello_description', 'merge_install': False, 'path': '/home/eeavir/drone_ws/src/drone_racing_ros2/tello_ros/tello_description', 'symlink_install': False, 'test_result_base': None}
[0.402s] Level 5:colcon.colcon_core.verb:set package 'tello_msgs' build argument 'cmake_args' from command line to 'None'
[0.402s] Level 5:colcon.colcon_core.verb:set package 'tello_msgs' build argument 'cmake_target' from command line to 'None'
[0.402s] Level 5:colcon.colcon_core.verb:set package 'tello_msgs' build argument 'cmake_target_skip_unavailable' from command line to 'False'
[0.402s] Level 5:colcon.colcon_core.verb:set package 'tello_msgs' build argument 'cmake_clean_cache' from command line to 'False'
[0.402s] Level 5:colcon.colcon_core.verb:set package 'tello_msgs' build argument 'cmake_clean_first' from command line to 'False'
[0.402s] Level 5:colcon.colcon_core.verb:set package 'tello_msgs' build argument 'cmake_force_configure' from command line to 'False'
[0.402s] Level 5:colcon.colcon_core.verb:set package 'tello_msgs' build argument 'ament_cmake_args' from command line to 'None'
[0.402s] Level 5:colcon.colcon_core.verb:set package 'tello_msgs' build argument 'catkin_cmake_args' from command line to 'None'
[0.402s] Level 5:colcon.colcon_core.verb:set package 'tello_msgs' build argument 'catkin_skip_building_tests' from command line to 'False'
[0.402s] DEBUG:colcon.colcon_core.verb:Building package 'tello_msgs' with the following arguments: {'ament_cmake_args': None, 'build_base': '/home/eeavir/drone_ws/build/tello_msgs', 'catkin_cmake_args': None, 'catkin_skip_building_tests': False, 'cmake_args': None, 'cmake_clean_cache': False, 'cmake_clean_first': False, 'cmake_force_configure': False, 'cmake_target': None, 'cmake_target_skip_unavailable': False, 'install_base': '/home/eeavir/drone_ws/install/tello_msgs', 'merge_install': False, 'path': '/home/eeavir/drone_ws/src/drone_racing_ros2/tello_ros/tello_msgs', 'symlink_install': False, 'test_result_base': None}
[0.403s] Level 5:colcon.colcon_core.verb:set package 'tello_driver' build argument 'cmake_args' from command line to 'None'
[0.403s] Level 5:colcon.colcon_core.verb:set package 'tello_driver' build argument 'cmake_target' from command line to 'None'
[0.403s] Level 5:colcon.colcon_core.verb:set package 'tello_driver' build argument 'cmake_target_skip_unavailable' from command line to 'False'
[0.403s] Level 5:colcon.colcon_core.verb:set package 'tello_driver' build argument 'cmake_clean_cache' from command line to 'False'
[0.403s] Level 5:colcon.colcon_core.verb:set package 'tello_driver' build argument 'cmake_clean_first' from command line to 'False'
[0.403s] Level 5:colcon.colcon_core.verb:set package 'tello_driver' build argument 'cmake_force_configure' from command line to 'False'
[0.403s] Level 5:colcon.colcon_core.verb:set package 'tello_driver' build argument 'ament_cmake_args' from command line to 'None'
[0.403s] Level 5:colcon.colcon_core.verb:set package 'tello_driver' build argument 'catkin_cmake_args' from command line to 'None'
[0.403s] Level 5:colcon.colcon_core.verb:set package 'tello_driver' build argument 'catkin_skip_building_tests' from command line to 'False'
[0.403s] DEBUG:colcon.colcon_core.verb:Building package 'tello_driver' with the following arguments: {'ament_cmake_args': None, 'build_base': '/home/eeavir/drone_ws/build/tello_driver', 'catkin_cmake_args': None, 'catkin_skip_building_tests': False, 'cmake_args': None, 'cmake_clean_cache': False, 'cmake_clean_first': False, 'cmake_force_configure': False, 'cmake_target': None, 'cmake_target_skip_unavailable': False, 'install_base': '/home/eeavir/drone_ws/install/tello_driver', 'merge_install': False, 'path': '/home/eeavir/drone_ws/src/drone_racing_ros2/tello_ros/tello_driver', 'symlink_install': False, 'test_result_base': None}
[0.403s] Level 5:colcon.colcon_core.verb:set package 'tello_gazebo' build argument 'cmake_args' from command line to 'None'
[0.403s] Level 5:colcon.colcon_core.verb:set package 'tello_gazebo' build argument 'cmake_target' from command line to 'None'
[0.403s] Level 5:colcon.colcon_core.verb:set package 'tello_gazebo' build argument 'cmake_target_skip_unavailable' from command line to 'False'
[0.403s] Level 5:colcon.colcon_core.verb:set package 'tello_gazebo' build argument 'cmake_clean_cache' from command line to 'False'
[0.403s] Level 5:colcon.colcon_core.verb:set package 'tello_gazebo' build argument 'cmake_clean_first' from command line to 'False'
[0.403s] Level 5:colcon.colcon_core.verb:set package 'tello_gazebo' build argument 'cmake_force_configure' from command line to 'False'
[0.403s] Level 5:colcon.colcon_core.verb:set package 'tello_gazebo' build argument 'ament_cmake_args' from command line to 'None'
[0.403s] Level 5:colcon.colcon_core.verb:set package 'tello_gazebo' build argument 'catkin_cmake_args' from command line to 'None'
[0.403s] Level 5:colcon.colcon_core.verb:set package 'tello_gazebo' build argument 'catkin_skip_building_tests' from command line to 'False'
[0.403s] DEBUG:colcon.colcon_core.verb:Building package 'tello_gazebo' with the following arguments: {'ament_cmake_args': None, 'build_base': '/home/eeavir/drone_ws/build/tello_gazebo', 'catkin_cmake_args': None, 'catkin_skip_building_tests': False, 'cmake_args': None, 'cmake_clean_cache': False, 'cmake_clean_first': False, 'cmake_force_configure': False, 'cmake_target': None, 'cmake_target_skip_unavailable': False, 'install_base': '/home/eeavir/drone_ws/install/tello_gazebo', 'merge_install': False, 'path': '/home/eeavir/drone_ws/src/drone_racing_ros2/tello_ros/tello_gazebo', 'symlink_install': False, 'test_result_base': None}
[0.403s] INFO:colcon.colcon_core.executor:Executing jobs using 'parallel' executor
[0.404s] DEBUG:colcon.colcon_parallel_executor.executor.parallel:run_until_complete
[0.404s] INFO:colcon.colcon_ros.task.ament_cmake.build:Building ROS package in '/home/eeavir/drone_ws/src/drone_racing_ros2/tello_ros/tello_msgs' with build type 'ament_cmake'
[0.404s] INFO:colcon.colcon_cmake.task.cmake.build:Building CMake package in '/home/eeavir/drone_ws/src/drone_racing_ros2/tello_ros/tello_msgs'
[0.406s] INFO:colcon.colcon_core.plugin_system:Skipping extension 'colcon_core.shell.bat': Not used on non-Windows systems
[0.406s] INFO:colcon.colcon_core.shell:Skip shell extension 'powershell' for command environment: Not usable outside of PowerShell
[0.406s] DEBUG:colcon.colcon_core.shell:Skip shell extension 'dsv' for command environment
[0.409s] INFO:colcon.colcon_ros.task.ament_cmake.build:Building ROS package in '/home/eeavir/drone_ws/src/drone_racing_ros2/ros2_shared' with build type 'ament_cmake'
[0.410s] INFO:colcon.colcon_cmake.task.cmake.build:Building CMake package in '/home/eeavir/drone_ws/src/drone_racing_ros2/ros2_shared'
[0.410s] INFO:colcon.colcon_core.shell:Skip shell extension 'powershell' for command environment: Not usable outside of PowerShell
[0.410s] DEBUG:colcon.colcon_core.shell:Skip shell extension 'dsv' for command environment
[0.414s] INFO:colcon.colcon_ros.task.ament_python.build:Building ROS package in '/home/eeavir/drone_ws/src/own_package' with build type 'ament_python'
[0.415s] Level 1:colcon.colcon_core.shell:create_environment_hook('own_package', 'ament_prefix_path')
[0.415s] INFO:colcon.colcon_core.shell:Creating environment hook '/home/eeavir/drone_ws/install/own_package/share/own_package/hook/ament_prefix_path.ps1'
[0.417s] INFO:colcon.colcon_core.shell:Creating environment descriptor '/home/eeavir/drone_ws/install/own_package/share/own_package/hook/ament_prefix_path.dsv'
[0.417s] INFO:colcon.colcon_core.shell:Creating environment hook '/home/eeavir/drone_ws/install/own_package/share/own_package/hook/ament_prefix_path.sh'
[0.418s] INFO:colcon.colcon_core.shell:Skip shell extension 'powershell' for command environment: Not usable outside of PowerShell
[0.418s] DEBUG:colcon.colcon_core.shell:Skip shell extension 'dsv' for command environment
[0.423s] INFO:colcon.colcon_ros.task.ament_cmake.build:Building ROS package in '/home/eeavir/drone_ws/src/drone_racing_ros2/tello_ros/tello_description' with build type 'ament_cmake'
[0.424s] INFO:colcon.colcon_cmake.task.cmake.build:Building CMake package in '/home/eeavir/drone_ws/src/drone_racing_ros2/tello_ros/tello_description'
[0.425s] INFO:colcon.colcon_core.shell:Skip shell extension 'powershell' for command environment: Not usable outside of PowerShell
[0.425s] DEBUG:colcon.colcon_core.shell:Skip shell extension 'dsv' for command environment
[0.438s] DEBUG:colcon.colcon_core.event_handler.log_command:Invoking command in '/home/eeavir/drone_ws/build/tello_msgs': CMAKE_PREFIX_PATH=${CMAKE_PREFIX_PATH}:/home/eeavir/drone_ws/install/drone_image_viewer:/opt/ros/galactic /usr/bin/cmake /home/eeavir/drone_ws/src/drone_racing_ros2/tello_ros/tello_msgs -DCMAKE_INSTALL_PREFIX=/home/eeavir/drone_ws/install/tello_msgs
[0.444s] DEBUG:colcon.colcon_core.event_handler.log_command:Invoking command in '/home/eeavir/drone_ws/build/ros2_shared': CMAKE_PREFIX_PATH=${CMAKE_PREFIX_PATH}:/home/eeavir/drone_ws/install/drone_image_viewer:/opt/ros/galactic /usr/bin/cmake /home/eeavir/drone_ws/src/drone_racing_ros2/ros2_shared -DCMAKE_INSTALL_PREFIX=/home/eeavir/drone_ws/install/ros2_shared
[0.673s] INFO:colcon.colcon_core.task.python.build:Building Python package in '/home/eeavir/drone_ws/src/own_package'
[0.674s] INFO:colcon.colcon_core.shell:Skip shell extension 'powershell' for command environment: Not usable outside of PowerShell
[0.674s] DEBUG:colcon.colcon_core.shell:Skip shell extension 'dsv' for command environment
[0.690s] DEBUG:colcon.colcon_core.event_handler.log_command:Invoking command in '/home/eeavir/drone_ws/build/tello_description': CMAKE_PREFIX_PATH=${CMAKE_PREFIX_PATH}:/home/eeavir/drone_ws/install/drone_image_viewer:/opt/ros/galactic /usr/bin/cmake /home/eeavir/drone_ws/src/drone_racing_ros2/tello_ros/tello_description -DCMAKE_INSTALL_PREFIX=/home/eeavir/drone_ws/install/tello_description
[1.158s] DEBUG:colcon.colcon_core.event_handler.log_command:Invoked command in '/home/eeavir/drone_ws/build/ros2_shared' returned '0': CMAKE_PREFIX_PATH=${CMAKE_PREFIX_PATH}:/home/eeavir/drone_ws/install/drone_image_viewer:/opt/ros/galactic /usr/bin/cmake /home/eeavir/drone_ws/src/drone_racing_ros2/ros2_shared -DCMAKE_INSTALL_PREFIX=/home/eeavir/drone_ws/install/ros2_shared
[1.161s] DEBUG:colcon.colcon_core.event_handler.log_command:Invoking command in '/home/eeavir/drone_ws/build/ros2_shared': CMAKE_PREFIX_PATH=${CMAKE_PREFIX_PATH}:/home/eeavir/drone_ws/install/drone_image_viewer:/opt/ros/galactic /usr/bin/cmake --build /home/eeavir/drone_ws/build/ros2_shared -- -j8 -l8
[1.166s] DEBUG:colcon.colcon_core.event_handler.log_command:Invoking command in '/home/eeavir/drone_ws/src/own_package': PYTHONPATH=/home/eeavir/drone_ws/build/own_package/prefix_override:/usr/lib/python3/dist-packages/colcon_core/task/python/colcon_distutils_commands:/home/eeavir/drone_ws/install/own_package/lib/python3.8/site-packages:${PYTHONPATH} /usr/bin/python3 -W ignore:setup.py install is deprecated -W ignore:easy_install command is deprecated setup.py egg_info --egg-base ../../build/own_package build --build-base /home/eeavir/drone_ws/build/own_package/build install --record /home/eeavir/drone_ws/build/own_package/install.log --single-version-externally-managed install_data
[1.220s] DEBUG:colcon.colcon_core.event_handler.log_command:Invoked command in '/home/eeavir/drone_ws/build/ros2_shared' returned '0': CMAKE_PREFIX_PATH=${CMAKE_PREFIX_PATH}:/home/eeavir/drone_ws/install/drone_image_viewer:/opt/ros/galactic /usr/bin/cmake --build /home/eeavir/drone_ws/build/ros2_shared -- -j8 -l8
[1.244s] DEBUG:colcon.colcon_core.event_handler.log_command:Invoking command in '/home/eeavir/drone_ws/build/ros2_shared': CMAKE_PREFIX_PATH=${CMAKE_PREFIX_PATH}:/home/eeavir/drone_ws/install/drone_image_viewer:/opt/ros/galactic /usr/bin/cmake --install /home/eeavir/drone_ws/build/ros2_shared
[1.260s] Level 1:colcon.colcon_core.environment:create_environment_scripts_only(ros2_shared)
[1.260s] DEBUG:colcon.colcon_core.event_handler.log_command:Invoked command in '/home/eeavir/drone_ws/build/ros2_shared' returned '0': CMAKE_PREFIX_PATH=${CMAKE_PREFIX_PATH}:/home/eeavir/drone_ws/install/drone_image_viewer:/opt/ros/galactic /usr/bin/cmake --install /home/eeavir/drone_ws/build/ros2_shared
[1.266s] Level 1:colcon.colcon_core.environment:checking '/home/eeavir/drone_ws/install/ros2_shared' for CMake module files
[1.270s] Level 1:colcon.colcon_core.environment:checking '/home/eeavir/drone_ws/install/ros2_shared' for CMake config files
[1.270s] Level 1:colcon.colcon_core.shell:create_environment_hook('ros2_shared', 'cmake_prefix_path')
[1.270s] INFO:colcon.colcon_core.shell:Creating environment hook '/home/eeavir/drone_ws/install/ros2_shared/share/ros2_shared/hook/cmake_prefix_path.ps1'
[1.271s] INFO:colcon.colcon_core.shell:Creating environment descriptor '/home/eeavir/drone_ws/install/ros2_shared/share/ros2_shared/hook/cmake_prefix_path.dsv'
[1.271s] INFO:colcon.colcon_core.shell:Creating environment hook '/home/eeavir/drone_ws/install/ros2_shared/share/ros2_shared/hook/cmake_prefix_path.sh'
[1.272s] Level 1:colcon.colcon_core.environment:checking '/home/eeavir/drone_ws/install/ros2_shared/bin'
[1.272s] Level 1:colcon.colcon_core.environment:checking '/home/eeavir/drone_ws/install/ros2_shared/lib/pkgconfig/ros2_shared.pc'
[1.273s] Level 1:colcon.colcon_core.environment:checking '/home/eeavir/drone_ws/install/ros2_shared/lib/python3.8/site-packages'
[1.273s] Level 1:colcon.colcon_core.environment:checking '/home/eeavir/drone_ws/install/ros2_shared/bin'
[1.273s] INFO:colcon.colcon_core.shell:Creating package script '/home/eeavir/drone_ws/install/ros2_shared/share/ros2_shared/package.ps1'
[1.274s] INFO:colcon.colcon_core.shell:Creating package descriptor '/home/eeavir/drone_ws/install/ros2_shared/share/ros2_shared/package.dsv'
[1.275s] INFO:colcon.colcon_core.shell:Creating package script '/home/eeavir/drone_ws/install/ros2_shared/share/ros2_shared/package.sh'
[1.275s] INFO:colcon.colcon_core.shell:Creating package script '/home/eeavir/drone_ws/install/ros2_shared/share/ros2_shared/package.bash'
[1.276s] INFO:colcon.colcon_core.shell:Creating package script '/home/eeavir/drone_ws/install/ros2_shared/share/ros2_shared/package.zsh'
[1.276s] Level 1:colcon.colcon_core.environment:create_file_with_runtime_dependencies(/home/eeavir/drone_ws/install/ros2_shared/share/colcon-core/packages/ros2_shared)
[1.277s] Level 1:colcon.colcon_core.environment:create_environment_scripts_only(ros2_shared)
[1.278s] Level 1:colcon.colcon_core.environment:checking '/home/eeavir/drone_ws/install/ros2_shared' for CMake module files
[1.278s] Level 1:colcon.colcon_core.environment:checking '/home/eeavir/drone_ws/install/ros2_shared' for CMake config files
[1.278s] Level 1:colcon.colcon_core.shell:create_environment_hook('ros2_shared', 'cmake_prefix_path')
[1.278s] INFO:colcon.colcon_core.shell:Creating environment hook '/home/eeavir/drone_ws/install/ros2_shared/share/ros2_shared/hook/cmake_prefix_path.ps1'
[1.279s] INFO:colcon.colcon_core.shell:Creating environment descriptor '/home/eeavir/drone_ws/install/ros2_shared/share/ros2_shared/hook/cmake_prefix_path.dsv'
[1.280s] INFO:colcon.colcon_core.shell:Creating environment hook '/home/eeavir/drone_ws/install/ros2_shared/share/ros2_shared/hook/cmake_prefix_path.sh'
[1.281s] Level 1:colcon.colcon_core.environment:checking '/home/eeavir/drone_ws/install/ros2_shared/bin'
[1.281s] Level 1:colcon.colcon_core.environment:checking '/home/eeavir/drone_ws/install/ros2_shared/lib/pkgconfig/ros2_shared.pc'
[1.281s] Level 1:colcon.colcon_core.environment:checking '/home/eeavir/drone_ws/install/ros2_shared/lib/python3.8/site-packages'
[1.281s] Level 1:colcon.colcon_core.environment:checking '/home/eeavir/drone_ws/install/ros2_shared/bin'
[1.282s] INFO:colcon.colcon_core.shell:Creating package script '/home/eeavir/drone_ws/install/ros2_shared/share/ros2_shared/package.ps1'
[1.282s] INFO:colcon.colcon_core.shell:Creating package descriptor '/home/eeavir/drone_ws/install/ros2_shared/share/ros2_shared/package.dsv'
[1.282s] INFO:colcon.colcon_core.shell:Creating package script '/home/eeavir/drone_ws/install/ros2_shared/share/ros2_shared/package.sh'
[1.283s] INFO:colcon.colcon_core.shell:Creating package script '/home/eeavir/drone_ws/install/ros2_shared/share/ros2_shared/package.bash'
[1.283s] INFO:colcon.colcon_core.shell:Creating package script '/home/eeavir/drone_ws/install/ros2_shared/share/ros2_shared/package.zsh'
[1.284s] Level 1:colcon.colcon_core.environment:create_file_with_runtime_dependencies(/home/eeavir/drone_ws/install/ros2_shared/share/colcon-core/packages/ros2_shared)
[1.432s] DEBUG:colcon.colcon_core.event_handler.log_command:Invoked command in '/home/eeavir/drone_ws/build/tello_description' returned '0': CMAKE_PREFIX_PATH=${CMAKE_PREFIX_PATH}:/home/eeavir/drone_ws/install/drone_image_viewer:/opt/ros/galactic /usr/bin/cmake /home/eeavir/drone_ws/src/drone_racing_ros2/tello_ros/tello_description -DCMAKE_INSTALL_PREFIX=/home/eeavir/drone_ws/install/tello_description
[1.435s] DEBUG:colcon.colcon_core.event_handler.log_command:Invoking command in '/home/eeavir/drone_ws/build/tello_description': CMAKE_PREFIX_PATH=${CMAKE_PREFIX_PATH}:/home/eeavir/drone_ws/install/drone_image_viewer:/opt/ros/galactic /usr/bin/cmake --build /home/eeavir/drone_ws/build/tello_description -- -j8 -l8
[1.530s] Level 1:colcon.colcon_core.environment:checking '/home/eeavir/drone_ws/install/own_package' for CMake module files
[1.531s] Level 1:colcon.colcon_core.environment:checking '/home/eeavir/drone_ws/install/own_package' for CMake config files
[1.533s] Level 1:colcon.colcon_core.environment:checking '/home/eeavir/drone_ws/install/own_package/lib'
[1.533s] Level 1:colcon.colcon_core.environment:checking '/home/eeavir/drone_ws/install/own_package/bin'
[1.533s] Level 1:colcon.colcon_core.environment:checking '/home/eeavir/drone_ws/install/own_package/lib/pkgconfig/own_package.pc'
[1.534s] Level 1:colcon.colcon_core.environment:checking '/home/eeavir/drone_ws/install/own_package/lib/python3.8/site-packages'
[1.534s] Level 1:colcon.colcon_core.shell:create_environment_hook('own_package', 'pythonpath')
[1.534s] INFO:colcon.colcon_core.shell:Creating environment hook '/home/eeavir/drone_ws/install/own_package/share/own_package/hook/pythonpath.ps1'
[1.534s] DEBUG:colcon.colcon_core.event_handler.log_command:Invoked command in '/home/eeavir/drone_ws/src/own_package' returned '0': PYTHONPATH=/home/eeavir/drone_ws/build/own_package/prefix_override:/usr/lib/python3/dist-packages/colcon_core/task/python/colcon_distutils_commands:/home/eeavir/drone_ws/install/own_package/lib/python3.8/site-packages:${PYTHONPATH} /usr/bin/python3 -W ignore:setup.py install is deprecated -W ignore:easy_install command is deprecated setup.py egg_info --egg-base ../../build/own_package build --build-base /home/eeavir/drone_ws/build/own_package/build install --record /home/eeavir/drone_ws/build/own_package/install.log --single-version-externally-managed install_data
[1.536s] INFO:colcon.colcon_core.shell:Creating environment descriptor '/home/eeavir/drone_ws/install/own_package/share/own_package/hook/pythonpath.dsv'
[1.537s] INFO:colcon.colcon_core.shell:Creating environment hook '/home/eeavir/drone_ws/install/own_package/share/own_package/hook/pythonpath.sh'
[1.538s] Level 1:colcon.colcon_core.environment:checking '/home/eeavir/drone_ws/install/own_package/bin'
[1.538s] Level 1:colcon.colcon_core.environment:create_environment_scripts_only(own_package)
[1.539s] INFO:colcon.colcon_core.shell:Creating package script '/home/eeavir/drone_ws/install/own_package/share/own_package/package.ps1'
[1.540s] INFO:colcon.colcon_core.shell:Creating package descriptor '/home/eeavir/drone_ws/install/own_package/share/own_package/package.dsv'
[1.541s] INFO:colcon.colcon_core.shell:Creating package script '/home/eeavir/drone_ws/install/own_package/share/own_package/package.sh'
[1.542s] INFO:colcon.colcon_core.shell:Creating package script '/home/eeavir/drone_ws/install/own_package/share/own_package/package.bash'
[1.543s] INFO:colcon.colcon_core.shell:Creating package script '/home/eeavir/drone_ws/install/own_package/share/own_package/package.zsh'
[1.543s] Level 1:colcon.colcon_core.environment:create_file_with_runtime_dependencies(/home/eeavir/drone_ws/install/own_package/share/colcon-core/packages/own_package)
[1.661s] DEBUG:colcon.colcon_core.event_handler.log_command:Invoked command in '/home/eeavir/drone_ws/build/tello_description' returned '0': CMAKE_PREFIX_PATH=${CMAKE_PREFIX_PATH}:/home/eeavir/drone_ws/install/drone_image_viewer:/opt/ros/galactic /usr/bin/cmake --build /home/eeavir/drone_ws/build/tello_description -- -j8 -l8
[1.665s] DEBUG:colcon.colcon_core.event_handler.log_command:Invoking command in '/home/eeavir/drone_ws/build/tello_description': CMAKE_PREFIX_PATH=${CMAKE_PREFIX_PATH}:/home/eeavir/drone_ws/install/drone_image_viewer:/opt/ros/galactic /usr/bin/cmake --install /home/eeavir/drone_ws/build/tello_description
[1.682s] Level 1:colcon.colcon_core.environment:create_environment_scripts_only(tello_description)
[1.682s] Level 1:colcon.colcon_core.environment:checking '/home/eeavir/drone_ws/install/tello_description' for CMake module files
[1.683s] DEBUG:colcon.colcon_core.event_handler.log_command:Invoked command in '/home/eeavir/drone_ws/build/tello_description' returned '0': CMAKE_PREFIX_PATH=${CMAKE_PREFIX_PATH}:/home/eeavir/drone_ws/install/drone_image_viewer:/opt/ros/galactic /usr/bin/cmake --install /home/eeavir/drone_ws/build/tello_description
[1.683s] Level 1:colcon.colcon_core.environment:checking '/home/eeavir/drone_ws/install/tello_description' for CMake config files
[1.683s] Level 1:colcon.colcon_core.shell:create_environment_hook('tello_description', 'cmake_prefix_path')
[1.683s] INFO:colcon.colcon_core.shell:Creating environment hook '/home/eeavir/drone_ws/install/tello_description/share/tello_description/hook/cmake_prefix_path.ps1'
[1.684s] INFO:colcon.colcon_core.shell:Creating environment descriptor '/home/eeavir/drone_ws/install/tello_description/share/tello_description/hook/cmake_prefix_path.dsv'
[1.684s] INFO:colcon.colcon_core.shell:Creating environment hook '/home/eeavir/drone_ws/install/tello_description/share/tello_description/hook/cmake_prefix_path.sh'
[1.684s] Level 1:colcon.colcon_core.environment:checking '/home/eeavir/drone_ws/install/tello_description/bin'
[1.684s] Level 1:colcon.colcon_core.environment:checking '/home/eeavir/drone_ws/install/tello_description/lib/pkgconfig/tello_description.pc'
[1.685s] Level 1:colcon.colcon_core.environment:checking '/home/eeavir/drone_ws/install/tello_description/lib/python3.8/site-packages'
[1.685s] Level 1:colcon.colcon_core.environment:checking '/home/eeavir/drone_ws/install/tello_description/bin'
[1.685s] INFO:colcon.colcon_core.shell:Creating package script '/home/eeavir/drone_ws/install/tello_description/share/tello_description/package.ps1'
[1.685s] INFO:colcon.colcon_core.shell:Creating package descriptor '/home/eeavir/drone_ws/install/tello_description/share/tello_description/package.dsv'
[1.685s] INFO:colcon.colcon_core.shell:Creating package script '/home/eeavir/drone_ws/install/tello_description/share/tello_description/package.sh'
[1.686s] INFO:colcon.colcon_core.shell:Creating package script '/home/eeavir/drone_ws/install/tello_description/share/tello_description/package.bash'
[1.686s] INFO:colcon.colcon_core.shell:Creating package script '/home/eeavir/drone_ws/install/tello_description/share/tello_description/package.zsh'
[1.686s] Level 1:colcon.colcon_core.environment:create_file_with_runtime_dependencies(/home/eeavir/drone_ws/install/tello_description/share/colcon-core/packages/tello_description)
[1.686s] Level 1:colcon.colcon_core.environment:create_environment_scripts_only(tello_description)
[1.687s] Level 1:colcon.colcon_core.environment:checking '/home/eeavir/drone_ws/install/tello_description' for CMake module files
[1.687s] Level 1:colcon.colcon_core.environment:checking '/home/eeavir/drone_ws/install/tello_description' for CMake config files
[1.687s] Level 1:colcon.colcon_core.shell:create_environment_hook('tello_description', 'cmake_prefix_path')
[1.687s] INFO:colcon.colcon_core.shell:Creating environment hook '/home/eeavir/drone_ws/install/tello_description/share/tello_description/hook/cmake_prefix_path.ps1'
[1.687s] INFO:colcon.colcon_core.shell:Creating environment descriptor '/home/eeavir/drone_ws/install/tello_description/share/tello_description/hook/cmake_prefix_path.dsv'
[1.688s] INFO:colcon.colcon_core.shell:Creating environment hook '/home/eeavir/drone_ws/install/tello_description/share/tello_description/hook/cmake_prefix_path.sh'
[1.688s] Level 1:colcon.colcon_core.environment:checking '/home/eeavir/drone_ws/install/tello_description/bin'
[1.688s] Level 1:colcon.colcon_core.environment:checking '/home/eeavir/drone_ws/install/tello_description/lib/pkgconfig/tello_description.pc'
[1.688s] Level 1:colcon.colcon_core.environment:checking '/home/eeavir/drone_ws/install/tello_description/lib/python3.8/site-packages'
[1.689s] Level 1:colcon.colcon_core.environment:checking '/home/eeavir/drone_ws/install/tello_description/bin'
[1.689s] INFO:colcon.colcon_core.shell:Creating package script '/home/eeavir/drone_ws/install/tello_description/share/tello_description/package.ps1'
[1.689s] INFO:colcon.colcon_core.shell:Creating package descriptor '/home/eeavir/drone_ws/install/tello_description/share/tello_description/package.dsv'
[1.689s] INFO:colcon.colcon_core.shell:Creating package script '/home/eeavir/drone_ws/install/tello_description/share/tello_description/package.sh'
[1.690s] INFO:colcon.colcon_core.shell:Creating package script '/home/eeavir/drone_ws/install/tello_description/share/tello_description/package.bash'
[1.690s] INFO:colcon.colcon_core.shell:Creating package script '/home/eeavir/drone_ws/install/tello_description/share/tello_description/package.zsh'
[1.690s] Level 1:colcon.colcon_core.environment:create_file_with_runtime_dependencies(/home/eeavir/drone_ws/install/tello_description/share/colcon-core/packages/tello_description)
[2.080s] DEBUG:colcon.colcon_core.event_handler.log_command:Invoked command in '/home/eeavir/drone_ws/build/tello_msgs' returned '0': CMAKE_PREFIX_PATH=${CMAKE_PREFIX_PATH}:/home/eeavir/drone_ws/install/drone_image_viewer:/opt/ros/galactic /usr/bin/cmake /home/eeavir/drone_ws/src/drone_racing_ros2/tello_ros/tello_msgs -DCMAKE_INSTALL_PREFIX=/home/eeavir/drone_ws/install/tello_msgs
[2.082s] DEBUG:colcon.colcon_core.event_handler.log_command:Invoking command in '/home/eeavir/drone_ws/build/tello_msgs': CMAKE_PREFIX_PATH=${CMAKE_PREFIX_PATH}:/home/eeavir/drone_ws/install/drone_image_viewer:/opt/ros/galactic /usr/bin/cmake --build /home/eeavir/drone_ws/build/tello_msgs -- -j8 -l8
[6.892s] DEBUG:colcon.colcon_core.event_handler.log_command:Invoked command in '/home/eeavir/drone_ws/build/tello_msgs' returned '0': CMAKE_PREFIX_PATH=${CMAKE_PREFIX_PATH}:/home/eeavir/drone_ws/install/drone_image_viewer:/opt/ros/galactic /usr/bin/cmake --build /home/eeavir/drone_ws/build/tello_msgs -- -j8 -l8
[6.895s] DEBUG:colcon.colcon_core.event_handler.log_command:Invoking command in '/home/eeavir/drone_ws/build/tello_msgs': CMAKE_PREFIX_PATH=${CMAKE_PREFIX_PATH}:/home/eeavir/drone_ws/install/drone_image_viewer:/opt/ros/galactic /usr/bin/cmake --install /home/eeavir/drone_ws/build/tello_msgs
[6.952s] Level 1:colcon.colcon_core.environment:create_environment_scripts_only(tello_msgs)
[6.952s] Level 1:colcon.colcon_core.environment:checking '/home/eeavir/drone_ws/install/tello_msgs' for CMake module files
[6.953s] DEBUG:colcon.colcon_core.event_handler.log_command:Invoked command in '/home/eeavir/drone_ws/build/tello_msgs' returned '0': CMAKE_PREFIX_PATH=${CMAKE_PREFIX_PATH}:/home/eeavir/drone_ws/install/drone_image_viewer:/opt/ros/galactic /usr/bin/cmake --install /home/eeavir/drone_ws/build/tello_msgs
[6.953s] Level 1:colcon.colcon_core.environment:checking '/home/eeavir/drone_ws/install/tello_msgs' for CMake config files
[6.953s] Level 1:colcon.colcon_core.shell:create_environment_hook('tello_msgs', 'cmake_prefix_path')
[6.954s] INFO:colcon.colcon_core.shell:Creating environment hook '/home/eeavir/drone_ws/install/tello_msgs/share/tello_msgs/hook/cmake_prefix_path.ps1'
[6.954s] INFO:colcon.colcon_core.shell:Creating environment descriptor '/home/eeavir/drone_ws/install/tello_msgs/share/tello_msgs/hook/cmake_prefix_path.dsv'
[6.954s] INFO:colcon.colcon_core.shell:Creating environment hook '/home/eeavir/drone_ws/install/tello_msgs/share/tello_msgs/hook/cmake_prefix_path.sh'
[6.955s] Level 1:colcon.colcon_core.environment:checking '/home/eeavir/drone_ws/install/tello_msgs/lib'
[6.955s] Level 1:colcon.colcon_core.shell:create_environment_hook('tello_msgs', 'ld_library_path_lib')
[6.955s] INFO:colcon.colcon_core.shell:Creating environment hook '/home/eeavir/drone_ws/install/tello_msgs/share/tello_msgs/hook/ld_library_path_lib.ps1'
[6.955s] INFO:colcon.colcon_core.shell:Creating environment descriptor '/home/eeavir/drone_ws/install/tello_msgs/share/tello_msgs/hook/ld_library_path_lib.dsv'
[6.955s] INFO:colcon.colcon_core.shell:Creating environment hook '/home/eeavir/drone_ws/install/tello_msgs/share/tello_msgs/hook/ld_library_path_lib.sh'
[6.956s] Level 1:colcon.colcon_core.environment:checking '/home/eeavir/drone_ws/install/tello_msgs/bin'
[6.956s] Level 1:colcon.colcon_core.environment:checking '/home/eeavir/drone_ws/install/tello_msgs/lib/pkgconfig/tello_msgs.pc'
[6.956s] Level 1:colcon.colcon_core.environment:checking '/home/eeavir/drone_ws/install/tello_msgs/lib/python3.8/site-packages'
[6.956s] Level 1:colcon.colcon_core.shell:create_environment_hook('tello_msgs', 'pythonpath')
[6.957s] INFO:colcon.colcon_core.shell:Creating environment hook '/home/eeavir/drone_ws/install/tello_msgs/share/tello_msgs/hook/pythonpath.ps1'
[6.957s] INFO:colcon.colcon_core.shell:Creating environment descriptor '/home/eeavir/drone_ws/install/tello_msgs/share/tello_msgs/hook/pythonpath.dsv'
[6.957s] INFO:colcon.colcon_core.shell:Creating environment hook '/home/eeavir/drone_ws/install/tello_msgs/share/tello_msgs/hook/pythonpath.sh'
[6.957s] Level 1:colcon.colcon_core.environment:checking '/home/eeavir/drone_ws/install/tello_msgs/bin'
[6.958s] INFO:colcon.colcon_core.shell:Creating package script '/home/eeavir/drone_ws/install/tello_msgs/share/tello_msgs/package.ps1'
[6.958s] INFO:colcon.colcon_core.shell:Creating package descriptor '/home/eeavir/drone_ws/install/tello_msgs/share/tello_msgs/package.dsv'
[6.958s] INFO:colcon.colcon_core.shell:Creating package script '/home/eeavir/drone_ws/install/tello_msgs/share/tello_msgs/package.sh'
[6.959s] INFO:colcon.colcon_core.shell:Creating package script '/home/eeavir/drone_ws/install/tello_msgs/share/tello_msgs/package.bash'
[6.959s] INFO:colcon.colcon_core.shell:Creating package script '/home/eeavir/drone_ws/install/tello_msgs/share/tello_msgs/package.zsh'
[6.960s] Level 1:colcon.colcon_core.environment:create_file_with_runtime_dependencies(/home/eeavir/drone_ws/install/tello_msgs/share/colcon-core/packages/tello_msgs)
[6.961s] Level 1:colcon.colcon_core.environment:create_environment_scripts_only(tello_msgs)
[6.961s] Level 1:colcon.colcon_core.environment:checking '/home/eeavir/drone_ws/install/tello_msgs' for CMake module files
[6.962s] Level 1:colcon.colcon_core.environment:checking '/home/eeavir/drone_ws/install/tello_msgs' for CMake config files
[6.962s] Level 1:colcon.colcon_core.shell:create_environment_hook('tello_msgs', 'cmake_prefix_path')
[6.962s] INFO:colcon.colcon_core.shell:Creating environment hook '/home/eeavir/drone_ws/install/tello_msgs/share/tello_msgs/hook/cmake_prefix_path.ps1'
[6.963s] INFO:colcon.colcon_core.shell:Creating environment descriptor '/home/eeavir/drone_ws/install/tello_msgs/share/tello_msgs/hook/cmake_prefix_path.dsv'
[6.963s] INFO:colcon.colcon_core.shell:Creating environment hook '/home/eeavir/drone_ws/install/tello_msgs/share/tello_msgs/hook/cmake_prefix_path.sh'
[6.964s] Level 1:colcon.colcon_core.environment:checking '/home/eeavir/drone_ws/install/tello_msgs/lib'
[6.964s] Level 1:colcon.colcon_core.shell:create_environment_hook('tello_msgs', 'ld_library_path_lib')
[6.964s] INFO:colcon.colcon_core.shell:Creating environment hook '/home/eeavir/drone_ws/install/tello_msgs/share/tello_msgs/hook/ld_library_path_lib.ps1'
[6.965s] INFO:colcon.colcon_core.shell:Creating environment descriptor '/home/eeavir/drone_ws/install/tello_msgs/share/tello_msgs/hook/ld_library_path_lib.dsv'
[6.965s] INFO:colcon.colcon_core.shell:Creating environment hook '/home/eeavir/drone_ws/install/tello_msgs/share/tello_msgs/hook/ld_library_path_lib.sh'
[6.966s] Level 1:colcon.colcon_core.environment:checking '/home/eeavir/drone_ws/install/tello_msgs/bin'
[6.966s] Level 1:colcon.colcon_core.environment:checking '/home/eeavir/drone_ws/install/tello_msgs/lib/pkgconfig/tello_msgs.pc'
[6.966s] Level 1:colcon.colcon_core.environment:checking '/home/eeavir/drone_ws/install/tello_msgs/lib/python3.8/site-packages'
[6.966s] Level 1:colcon.colcon_core.shell:create_environment_hook('tello_msgs', 'pythonpath')
[6.966s] INFO:colcon.colcon_core.shell:Creating environment hook '/home/eeavir/drone_ws/install/tello_msgs/share/tello_msgs/hook/pythonpath.ps1'
[6.967s] INFO:colcon.colcon_core.shell:Creating environment descriptor '/home/eeavir/drone_ws/install/tello_msgs/share/tello_msgs/hook/pythonpath.dsv'
[6.967s] INFO:colcon.colcon_core.shell:Creating environment hook '/home/eeavir/drone_ws/install/tello_msgs/share/tello_msgs/hook/pythonpath.sh'
[6.968s] Level 1:colcon.colcon_core.environment:checking '/home/eeavir/drone_ws/install/tello_msgs/bin'
[6.970s] INFO:colcon.colcon_core.shell:Creating package script '/home/eeavir/drone_ws/install/tello_msgs/share/tello_msgs/package.ps1'
[6.972s] INFO:colcon.colcon_core.shell:Creating package descriptor '/home/eeavir/drone_ws/install/tello_msgs/share/tello_msgs/package.dsv'
[6.972s] INFO:colcon.colcon_core.shell:Creating package script '/home/eeavir/drone_ws/install/tello_msgs/share/tello_msgs/package.sh'
[6.973s] INFO:colcon.colcon_core.shell:Creating package script '/home/eeavir/drone_ws/install/tello_msgs/share/tello_msgs/package.bash'
[6.973s] INFO:colcon.colcon_core.shell:Creating package script '/home/eeavir/drone_ws/install/tello_msgs/share/tello_msgs/package.zsh'
[6.973s] Level 1:colcon.colcon_core.environment:create_file_with_runtime_dependencies(/home/eeavir/drone_ws/install/tello_msgs/share/colcon-core/packages/tello_msgs)
[6.974s] INFO:colcon.colcon_ros.task.ament_cmake.build:Building ROS package in '/home/eeavir/drone_ws/src/drone_racing_ros2/tello_ros/tello_driver' with build type 'ament_cmake'
[6.974s] INFO:colcon.colcon_cmake.task.cmake.build:Building CMake package in '/home/eeavir/drone_ws/src/drone_racing_ros2/tello_ros/tello_driver'
[6.975s] INFO:colcon.colcon_core.shell:Skip shell extension 'powershell' for command environment: Not usable outside of PowerShell
[6.975s] DEBUG:colcon.colcon_core.shell:Skip shell extension 'dsv' for command environment
[6.981s] INFO:colcon.colcon_ros.task.ament_cmake.build:Building ROS package in '/home/eeavir/drone_ws/src/drone_racing_ros2/tello_ros/tello_gazebo' with build type 'ament_cmake'
[6.981s] INFO:colcon.colcon_cmake.task.cmake.build:Building CMake package in '/home/eeavir/drone_ws/src/drone_racing_ros2/tello_ros/tello_gazebo'
[6.982s] INFO:colcon.colcon_core.shell:Skip shell extension 'powershell' for command environment: Not usable outside of PowerShell
[6.982s] DEBUG:colcon.colcon_core.shell:Skip shell extension 'dsv' for command environment
[6.994s] DEBUG:colcon.colcon_core.event_handler.log_command:Invoking command in '/home/eeavir/drone_ws/build/tello_driver': CMAKE_PREFIX_PATH=/home/eeavir/drone_ws/install/tello_msgs:/home/eeavir/drone_ws/install/ros2_shared:/home/eeavir/drone_ws/install/tello_gazebo:/home/eeavir/drone_ws/install/tello_driver:/home/eeavir/drone_ws/install/tello_description:/home/eeavir/drone_ws/install/drone_image_viewer:/opt/ros/galactic LD_LIBRARY_PATH=/home/eeavir/drone_ws/install/tello_msgs/lib:/home/eeavir/drone_ws/install/tello_gazebo/lib:/home/eeavir/drone_ws/install/tello_driver/lib:/usr/lib/x86_64-linux-gnu/gazebo-11/plugins:/opt/ros/galactic/opt/yaml_cpp_vendor/lib:/opt/ros/galactic/opt/rviz_ogre_vendor/lib:/opt/ros/galactic/lib/x86_64-linux-gnu:/opt/ros/galactic/lib:/usr/lib/x86_64-linux-gnu/gazebo-11/plugins PYTHONPATH=/home/eeavir/drone_ws/install/tello_msgs/lib/python3.8/site-packages:/home/eeavir/drone_ws/install/drone_image_viewer/lib/python3.8/site-packages:/opt/ros/galactic/lib/python3.8/site-packages /usr/bin/cmake /home/eeavir/drone_ws/src/drone_racing_ros2/tello_ros/tello_driver -DCMAKE_INSTALL_PREFIX=/home/eeavir/drone_ws/install/tello_driver
[7.000s] DEBUG:colcon.colcon_core.event_handler.log_command:Invoking command in '/home/eeavir/drone_ws/build/tello_gazebo': CMAKE_PREFIX_PATH=/home/eeavir/drone_ws/install/tello_msgs:/home/eeavir/drone_ws/install/tello_gazebo:/home/eeavir/drone_ws/install/tello_driver:/home/eeavir/drone_ws/install/tello_description:/home/eeavir/drone_ws/install/ros2_shared:/home/eeavir/drone_ws/install/drone_image_viewer:/opt/ros/galactic LD_LIBRARY_PATH=/home/eeavir/drone_ws/install/tello_msgs/lib:/home/eeavir/drone_ws/install/tello_gazebo/lib:/home/eeavir/drone_ws/install/tello_driver/lib:/usr/lib/x86_64-linux-gnu/gazebo-11/plugins:/opt/ros/galactic/opt/yaml_cpp_vendor/lib:/opt/ros/galactic/opt/rviz_ogre_vendor/lib:/opt/ros/galactic/lib/x86_64-linux-gnu:/opt/ros/galactic/lib:/usr/lib/x86_64-linux-gnu/gazebo-11/plugins PYTHONPATH=/home/eeavir/drone_ws/install/tello_msgs/lib/python3.8/site-packages:/home/eeavir/drone_ws/install/drone_image_viewer/lib/python3.8/site-packages:/opt/ros/galactic/lib/python3.8/site-packages /usr/bin/cmake /home/eeavir/drone_ws/src/drone_racing_ros2/tello_ros/tello_gazebo -DCMAKE_INSTALL_PREFIX=/home/eeavir/drone_ws/install/tello_gazebo
[8.794s] DEBUG:colcon.colcon_core.event_handler.log_command:Invoked command in '/home/eeavir/drone_ws/build/tello_driver' returned '0': CMAKE_PREFIX_PATH=/home/eeavir/drone_ws/install/tello_msgs:/home/eeavir/drone_ws/install/ros2_shared:/home/eeavir/drone_ws/install/tello_gazebo:/home/eeavir/drone_ws/install/tello_driver:/home/eeavir/drone_ws/install/tello_description:/home/eeavir/drone_ws/install/drone_image_viewer:/opt/ros/galactic LD_LIBRARY_PATH=/home/eeavir/drone_ws/install/tello_msgs/lib:/home/eeavir/drone_ws/install/tello_gazebo/lib:/home/eeavir/drone_ws/install/tello_driver/lib:/usr/lib/x86_64-linux-gnu/gazebo-11/plugins:/opt/ros/galactic/opt/yaml_cpp_vendor/lib:/opt/ros/galactic/opt/rviz_ogre_vendor/lib:/opt/ros/galactic/lib/x86_64-linux-gnu:/opt/ros/galactic/lib:/usr/lib/x86_64-linux-gnu/gazebo-11/plugins PYTHONPATH=/home/eeavir/drone_ws/install/tello_msgs/lib/python3.8/site-packages:/home/eeavir/drone_ws/install/drone_image_viewer/lib/python3.8/site-packages:/opt/ros/galactic/lib/python3.8/site-packages /usr/bin/cmake /home/eeavir/drone_ws/src/drone_racing_ros2/tello_ros/tello_driver -DCMAKE_INSTALL_PREFIX=/home/eeavir/drone_ws/install/tello_driver
[8.798s] DEBUG:colcon.colcon_core.event_handler.log_command:Invoking command in '/home/eeavir/drone_ws/build/tello_driver': CMAKE_PREFIX_PATH=/home/eeavir/drone_ws/install/tello_msgs:/home/eeavir/drone_ws/install/ros2_shared:/home/eeavir/drone_ws/install/tello_gazebo:/home/eeavir/drone_ws/install/tello_driver:/home/eeavir/drone_ws/install/tello_description:/home/eeavir/drone_ws/install/drone_image_viewer:/opt/ros/galactic LD_LIBRARY_PATH=/home/eeavir/drone_ws/install/tello_msgs/lib:/home/eeavir/drone_ws/install/tello_gazebo/lib:/home/eeavir/drone_ws/install/tello_driver/lib:/usr/lib/x86_64-linux-gnu/gazebo-11/plugins:/opt/ros/galactic/opt/yaml_cpp_vendor/lib:/opt/ros/galactic/opt/rviz_ogre_vendor/lib:/opt/ros/galactic/lib/x86_64-linux-gnu:/opt/ros/galactic/lib:/usr/lib/x86_64-linux-gnu/gazebo-11/plugins PYTHONPATH=/home/eeavir/drone_ws/install/tello_msgs/lib/python3.8/site-packages:/home/eeavir/drone_ws/install/drone_image_viewer/lib/python3.8/site-packages:/opt/ros/galactic/lib/python3.8/site-packages /usr/bin/cmake --build /home/eeavir/drone_ws/build/tello_driver -- -j8 -l8
[11.282s] DEBUG:colcon.colcon_core.event_handler.log_command:Invoked command in '/home/eeavir/drone_ws/build/tello_gazebo' returned '0': CMAKE_PREFIX_PATH=/home/eeavir/drone_ws/install/tello_msgs:/home/eeavir/drone_ws/install/tello_gazebo:/home/eeavir/drone_ws/install/tello_driver:/home/eeavir/drone_ws/install/tello_description:/home/eeavir/drone_ws/install/ros2_shared:/home/eeavir/drone_ws/install/drone_image_viewer:/opt/ros/galactic LD_LIBRARY_PATH=/home/eeavir/drone_ws/install/tello_msgs/lib:/home/eeavir/drone_ws/install/tello_gazebo/lib:/home/eeavir/drone_ws/install/tello_driver/lib:/usr/lib/x86_64-linux-gnu/gazebo-11/plugins:/opt/ros/galactic/opt/yaml_cpp_vendor/lib:/opt/ros/galactic/opt/rviz_ogre_vendor/lib:/opt/ros/galactic/lib/x86_64-linux-gnu:/opt/ros/galactic/lib:/usr/lib/x86_64-linux-gnu/gazebo-11/plugins PYTHONPATH=/home/eeavir/drone_ws/install/tello_msgs/lib/python3.8/site-packages:/home/eeavir/drone_ws/install/drone_image_viewer/lib/python3.8/site-packages:/opt/ros/galactic/lib/python3.8/site-packages /usr/bin/cmake /home/eeavir/drone_ws/src/drone_racing_ros2/tello_ros/tello_gazebo -DCMAKE_INSTALL_PREFIX=/home/eeavir/drone_ws/install/tello_gazebo
[11.282s] DEBUG:colcon.colcon_core.event_handler.log_command:Invoking command in '/home/eeavir/drone_ws/build/tello_gazebo': CMAKE_PREFIX_PATH=/home/eeavir/drone_ws/install/tello_msgs:/home/eeavir/drone_ws/install/tello_gazebo:/home/eeavir/drone_ws/install/tello_driver:/home/eeavir/drone_ws/install/tello_description:/home/eeavir/drone_ws/install/ros2_shared:/home/eeavir/drone_ws/install/drone_image_viewer:/opt/ros/galactic LD_LIBRARY_PATH=/home/eeavir/drone_ws/install/tello_msgs/lib:/home/eeavir/drone_ws/install/tello_gazebo/lib:/home/eeavir/drone_ws/install/tello_driver/lib:/usr/lib/x86_64-linux-gnu/gazebo-11/plugins:/opt/ros/galactic/opt/yaml_cpp_vendor/lib:/opt/ros/galactic/opt/rviz_ogre_vendor/lib:/opt/ros/galactic/lib/x86_64-linux-gnu:/opt/ros/galactic/lib:/usr/lib/x86_64-linux-gnu/gazebo-11/plugins PYTHONPATH=/home/eeavir/drone_ws/install/tello_msgs/lib/python3.8/site-packages:/home/eeavir/drone_ws/install/drone_image_viewer/lib/python3.8/site-packages:/opt/ros/galactic/lib/python3.8/site-packages /usr/bin/cmake --build /home/eeavir/drone_ws/build/tello_gazebo -- -j8 -l8
[31.504s] DEBUG:colcon.colcon_core.event_handler.log_command:Invoked command in '/home/eeavir/drone_ws/build/tello_driver' returned '0': CMAKE_PREFIX_PATH=/home/eeavir/drone_ws/install/tello_msgs:/home/eeavir/drone_ws/install/ros2_shared:/home/eeavir/drone_ws/install/tello_gazebo:/home/eeavir/drone_ws/install/tello_driver:/home/eeavir/drone_ws/install/tello_description:/home/eeavir/drone_ws/install/drone_image_viewer:/opt/ros/galactic LD_LIBRARY_PATH=/home/eeavir/drone_ws/install/tello_msgs/lib:/home/eeavir/drone_ws/install/tello_gazebo/lib:/home/eeavir/drone_ws/install/tello_driver/lib:/usr/lib/x86_64-linux-gnu/gazebo-11/plugins:/opt/ros/galactic/opt/yaml_cpp_vendor/lib:/opt/ros/galactic/opt/rviz_ogre_vendor/lib:/opt/ros/galactic/lib/x86_64-linux-gnu:/opt/ros/galactic/lib:/usr/lib/x86_64-linux-gnu/gazebo-11/plugins PYTHONPATH=/home/eeavir/drone_ws/install/tello_msgs/lib/python3.8/site-packages:/home/eeavir/drone_ws/install/drone_image_viewer/lib/python3.8/site-packages:/opt/ros/galactic/lib/python3.8/site-packages /usr/bin/cmake --build /home/eeavir/drone_ws/build/tello_driver -- -j8 -l8
[31.506s] DEBUG:colcon.colcon_core.event_handler.log_command:Invoking command in '/home/eeavir/drone_ws/build/tello_driver': CMAKE_PREFIX_PATH=/home/eeavir/drone_ws/install/tello_msgs:/home/eeavir/drone_ws/install/ros2_shared:/home/eeavir/drone_ws/install/tello_gazebo:/home/eeavir/drone_ws/install/tello_driver:/home/eeavir/drone_ws/install/tello_description:/home/eeavir/drone_ws/install/drone_image_viewer:/opt/ros/galactic LD_LIBRARY_PATH=/home/eeavir/drone_ws/install/tello_msgs/lib:/home/eeavir/drone_ws/install/tello_gazebo/lib:/home/eeavir/drone_ws/install/tello_driver/lib:/usr/lib/x86_64-linux-gnu/gazebo-11/plugins:/opt/ros/galactic/opt/yaml_cpp_vendor/lib:/opt/ros/galactic/opt/rviz_ogre_vendor/lib:/opt/ros/galactic/lib/x86_64-linux-gnu:/opt/ros/galactic/lib:/usr/lib/x86_64-linux-gnu/gazebo-11/plugins PYTHONPATH=/home/eeavir/drone_ws/install/tello_msgs/lib/python3.8/site-packages:/home/eeavir/drone_ws/install/drone_image_viewer/lib/python3.8/site-packages:/opt/ros/galactic/lib/python3.8/site-packages /usr/bin/cmake --install /home/eeavir/drone_ws/build/tello_driver
[31.539s] Level 1:colcon.colcon_core.environment:create_environment_scripts_only(tello_driver)
[31.540s] Level 1:colcon.colcon_core.environment:checking '/home/eeavir/drone_ws/install/tello_driver' for CMake module files
[31.540s] DEBUG:colcon.colcon_core.event_handler.log_command:Invoked command in '/home/eeavir/drone_ws/build/tello_driver' returned '0': CMAKE_PREFIX_PATH=/home/eeavir/drone_ws/install/tello_msgs:/home/eeavir/drone_ws/install/ros2_shared:/home/eeavir/drone_ws/install/tello_gazebo:/home/eeavir/drone_ws/install/tello_driver:/home/eeavir/drone_ws/install/tello_description:/home/eeavir/drone_ws/install/drone_image_viewer:/opt/ros/galactic LD_LIBRARY_PATH=/home/eeavir/drone_ws/install/tello_msgs/lib:/home/eeavir/drone_ws/install/tello_gazebo/lib:/home/eeavir/drone_ws/install/tello_driver/lib:/usr/lib/x86_64-linux-gnu/gazebo-11/plugins:/opt/ros/galactic/opt/yaml_cpp_vendor/lib:/opt/ros/galactic/opt/rviz_ogre_vendor/lib:/opt/ros/galactic/lib/x86_64-linux-gnu:/opt/ros/galactic/lib:/usr/lib/x86_64-linux-gnu/gazebo-11/plugins PYTHONPATH=/home/eeavir/drone_ws/install/tello_msgs/lib/python3.8/site-packages:/home/eeavir/drone_ws/install/drone_image_viewer/lib/python3.8/site-packages:/opt/ros/galactic/lib/python3.8/site-packages /usr/bin/cmake --install /home/eeavir/drone_ws/build/tello_driver
[31.541s] Level 1:colcon.colcon_core.environment:checking '/home/eeavir/drone_ws/install/tello_driver' for CMake config files
[31.541s] Level 1:colcon.colcon_core.shell:create_environment_hook('tello_driver', 'cmake_prefix_path')
[31.541s] INFO:colcon.colcon_core.shell:Creating environment hook '/home/eeavir/drone_ws/install/tello_driver/share/tello_driver/hook/cmake_prefix_path.ps1'
[31.542s] INFO:colcon.colcon_core.shell:Creating environment descriptor '/home/eeavir/drone_ws/install/tello_driver/share/tello_driver/hook/cmake_prefix_path.dsv'
[31.542s] INFO:colcon.colcon_core.shell:Creating environment hook '/home/eeavir/drone_ws/install/tello_driver/share/tello_driver/hook/cmake_prefix_path.sh'
[31.543s] Level 1:colcon.colcon_core.environment:checking '/home/eeavir/drone_ws/install/tello_driver/lib'
[31.543s] Level 1:colcon.colcon_core.shell:create_environment_hook('tello_driver', 'ld_library_path_lib')
[31.543s] INFO:colcon.colcon_core.shell:Creating environment hook '/home/eeavir/drone_ws/install/tello_driver/share/tello_driver/hook/ld_library_path_lib.ps1'
[31.543s] INFO:colcon.colcon_core.shell:Creating environment descriptor '/home/eeavir/drone_ws/install/tello_driver/share/tello_driver/hook/ld_library_path_lib.dsv'
[31.543s] INFO:colcon.colcon_core.shell:Creating environment hook '/home/eeavir/drone_ws/install/tello_driver/share/tello_driver/hook/ld_library_path_lib.sh'
[31.544s] Level 1:colcon.colcon_core.environment:checking '/home/eeavir/drone_ws/install/tello_driver/bin'
[31.544s] Level 1:colcon.colcon_core.environment:checking '/home/eeavir/drone_ws/install/tello_driver/lib/pkgconfig/tello_driver.pc'
[31.544s] Level 1:colcon.colcon_core.environment:checking '/home/eeavir/drone_ws/install/tello_driver/lib/python3.8/site-packages'
[31.544s] Level 1:colcon.colcon_core.environment:checking '/home/eeavir/drone_ws/install/tello_driver/bin'
[31.544s] INFO:colcon.colcon_core.shell:Creating package script '/home/eeavir/drone_ws/install/tello_driver/share/tello_driver/package.ps1'
[31.545s] INFO:colcon.colcon_core.shell:Creating package descriptor '/home/eeavir/drone_ws/install/tello_driver/share/tello_driver/package.dsv'
[31.545s] INFO:colcon.colcon_core.shell:Creating package script '/home/eeavir/drone_ws/install/tello_driver/share/tello_driver/package.sh'
[31.545s] INFO:colcon.colcon_core.shell:Creating package script '/home/eeavir/drone_ws/install/tello_driver/share/tello_driver/package.bash'
[31.546s] INFO:colcon.colcon_core.shell:Creating package script '/home/eeavir/drone_ws/install/tello_driver/share/tello_driver/package.zsh'
[31.546s] Level 1:colcon.colcon_core.environment:create_file_with_runtime_dependencies(/home/eeavir/drone_ws/install/tello_driver/share/colcon-core/packages/tello_driver)
[31.546s] Level 1:colcon.colcon_core.environment:create_environment_scripts_only(tello_driver)
[31.547s] Level 1:colcon.colcon_core.environment:checking '/home/eeavir/drone_ws/install/tello_driver' for CMake module files
[31.547s] Level 1:colcon.colcon_core.environment:checking '/home/eeavir/drone_ws/install/tello_driver' for CMake config files
[31.547s] Level 1:colcon.colcon_core.shell:create_environment_hook('tello_driver', 'cmake_prefix_path')
[31.547s] INFO:colcon.colcon_core.shell:Creating environment hook '/home/eeavir/drone_ws/install/tello_driver/share/tello_driver/hook/cmake_prefix_path.ps1'
[31.547s] INFO:colcon.colcon_core.shell:Creating environment descriptor '/home/eeavir/drone_ws/install/tello_driver/share/tello_driver/hook/cmake_prefix_path.dsv'
[31.548s] INFO:colcon.colcon_core.shell:Creating environment hook '/home/eeavir/drone_ws/install/tello_driver/share/tello_driver/hook/cmake_prefix_path.sh'
[31.548s] Level 1:colcon.colcon_core.environment:checking '/home/eeavir/drone_ws/install/tello_driver/lib'
[31.548s] Level 1:colcon.colcon_core.shell:create_environment_hook('tello_driver', 'ld_library_path_lib')
[31.548s] INFO:colcon.colcon_core.shell:Creating environment hook '/home/eeavir/drone_ws/install/tello_driver/share/tello_driver/hook/ld_library_path_lib.ps1'
[31.549s] INFO:colcon.colcon_core.shell:Creating environment descriptor '/home/eeavir/drone_ws/install/tello_driver/share/tello_driver/hook/ld_library_path_lib.dsv'
[31.549s] INFO:colcon.colcon_core.shell:Creating environment hook '/home/eeavir/drone_ws/install/tello_driver/share/tello_driver/hook/ld_library_path_lib.sh'
[31.549s] Level 1:colcon.colcon_core.environment:checking '/home/eeavir/drone_ws/install/tello_driver/bin'
[31.549s] Level 1:colcon.colcon_core.environment:checking '/home/eeavir/drone_ws/install/tello_driver/lib/pkgconfig/tello_driver.pc'
[31.549s] Level 1:colcon.colcon_core.environment:checking '/home/eeavir/drone_ws/install/tello_driver/lib/python3.8/site-packages'
[31.549s] Level 1:colcon.colcon_core.environment:checking '/home/eeavir/drone_ws/install/tello_driver/bin'
[31.549s] INFO:colcon.colcon_core.shell:Creating package script '/home/eeavir/drone_ws/install/tello_driver/share/tello_driver/package.ps1'
[31.550s] INFO:colcon.colcon_core.shell:Creating package descriptor '/home/eeavir/drone_ws/install/tello_driver/share/tello_driver/package.dsv'
[31.550s] INFO:colcon.colcon_core.shell:Creating package script '/home/eeavir/drone_ws/install/tello_driver/share/tello_driver/package.sh'
[31.551s] INFO:colcon.colcon_core.shell:Creating package script '/home/eeavir/drone_ws/install/tello_driver/share/tello_driver/package.bash'
[31.551s] INFO:colcon.colcon_core.shell:Creating package script '/home/eeavir/drone_ws/install/tello_driver/share/tello_driver/package.zsh'
[31.552s] Level 1:colcon.colcon_core.environment:create_file_with_runtime_dependencies(/home/eeavir/drone_ws/install/tello_driver/share/colcon-core/packages/tello_driver)
[38.772s] DEBUG:colcon.colcon_core.event_handler.log_command:Invoked command in '/home/eeavir/drone_ws/build/tello_gazebo' returned '0': CMAKE_PREFIX_PATH=/home/eeavir/drone_ws/install/tello_msgs:/home/eeavir/drone_ws/install/tello_gazebo:/home/eeavir/drone_ws/install/tello_driver:/home/eeavir/drone_ws/install/tello_description:/home/eeavir/drone_ws/install/ros2_shared:/home/eeavir/drone_ws/install/drone_image_viewer:/opt/ros/galactic LD_LIBRARY_PATH=/home/eeavir/drone_ws/install/tello_msgs/lib:/home/eeavir/drone_ws/install/tello_gazebo/lib:/home/eeavir/drone_ws/install/tello_driver/lib:/usr/lib/x86_64-linux-gnu/gazebo-11/plugins:/opt/ros/galactic/opt/yaml_cpp_vendor/lib:/opt/ros/galactic/opt/rviz_ogre_vendor/lib:/opt/ros/galactic/lib/x86_64-linux-gnu:/opt/ros/galactic/lib:/usr/lib/x86_64-linux-gnu/gazebo-11/plugins PYTHONPATH=/home/eeavir/drone_ws/install/tello_msgs/lib/python3.8/site-packages:/home/eeavir/drone_ws/install/drone_image_viewer/lib/python3.8/site-packages:/opt/ros/galactic/lib/python3.8/site-packages /usr/bin/cmake --build /home/eeavir/drone_ws/build/tello_gazebo -- -j8 -l8
[38.775s] DEBUG:colcon.colcon_core.event_handler.log_command:Invoking command in '/home/eeavir/drone_ws/build/tello_gazebo': CMAKE_PREFIX_PATH=/home/eeavir/drone_ws/install/tello_msgs:/home/eeavir/drone_ws/install/tello_gazebo:/home/eeavir/drone_ws/install/tello_driver:/home/eeavir/drone_ws/install/tello_description:/home/eeavir/drone_ws/install/ros2_shared:/home/eeavir/drone_ws/install/drone_image_viewer:/opt/ros/galactic LD_LIBRARY_PATH=/home/eeavir/drone_ws/install/tello_msgs/lib:/home/eeavir/drone_ws/install/tello_gazebo/lib:/home/eeavir/drone_ws/install/tello_driver/lib:/usr/lib/x86_64-linux-gnu/gazebo-11/plugins:/opt/ros/galactic/opt/yaml_cpp_vendor/lib:/opt/ros/galactic/opt/rviz_ogre_vendor/lib:/opt/ros/galactic/lib/x86_64-linux-gnu:/opt/ros/galactic/lib:/usr/lib/x86_64-linux-gnu/gazebo-11/plugins PYTHONPATH=/home/eeavir/drone_ws/install/tello_msgs/lib/python3.8/site-packages:/home/eeavir/drone_ws/install/drone_image_viewer/lib/python3.8/site-packages:/opt/ros/galactic/lib/python3.8/site-packages /usr/bin/cmake --install /home/eeavir/drone_ws/build/tello_gazebo
[38.799s] Level 1:colcon.colcon_core.environment:create_environment_scripts_only(tello_gazebo)
[38.800s] Level 1:colcon.colcon_core.environment:checking '/home/eeavir/drone_ws/install/tello_gazebo' for CMake module files
[38.800s] DEBUG:colcon.colcon_core.event_handler.log_command:Invoked command in '/home/eeavir/drone_ws/build/tello_gazebo' returned '0': CMAKE_PREFIX_PATH=/home/eeavir/drone_ws/install/tello_msgs:/home/eeavir/drone_ws/install/tello_gazebo:/home/eeavir/drone_ws/install/tello_driver:/home/eeavir/drone_ws/install/tello_description:/home/eeavir/drone_ws/install/ros2_shared:/home/eeavir/drone_ws/install/drone_image_viewer:/opt/ros/galactic LD_LIBRARY_PATH=/home/eeavir/drone_ws/install/tello_msgs/lib:/home/eeavir/drone_ws/install/tello_gazebo/lib:/home/eeavir/drone_ws/install/tello_driver/lib:/usr/lib/x86_64-linux-gnu/gazebo-11/plugins:/opt/ros/galactic/opt/yaml_cpp_vendor/lib:/opt/ros/galactic/opt/rviz_ogre_vendor/lib:/opt/ros/galactic/lib/x86_64-linux-gnu:/opt/ros/galactic/lib:/usr/lib/x86_64-linux-gnu/gazebo-11/plugins PYTHONPATH=/home/eeavir/drone_ws/install/tello_msgs/lib/python3.8/site-packages:/home/eeavir/drone_ws/install/drone_image_viewer/lib/python3.8/site-packages:/opt/ros/galactic/lib/python3.8/site-packages /usr/bin/cmake --install /home/eeavir/drone_ws/build/tello_gazebo
[38.800s] Level 1:colcon.colcon_core.environment:checking '/home/eeavir/drone_ws/install/tello_gazebo' for CMake config files
[38.801s] Level 1:colcon.colcon_core.shell:create_environment_hook('tello_gazebo', 'cmake_prefix_path')
[38.801s] INFO:colcon.colcon_core.shell:Creating environment hook '/home/eeavir/drone_ws/install/tello_gazebo/share/tello_gazebo/hook/cmake_prefix_path.ps1'
[38.801s] INFO:colcon.colcon_core.shell:Creating environment descriptor '/home/eeavir/drone_ws/install/tello_gazebo/share/tello_gazebo/hook/cmake_prefix_path.dsv'
[38.802s] INFO:colcon.colcon_core.shell:Creating environment hook '/home/eeavir/drone_ws/install/tello_gazebo/share/tello_gazebo/hook/cmake_prefix_path.sh'
[38.802s] Level 1:colcon.colcon_core.environment:checking '/home/eeavir/drone_ws/install/tello_gazebo/lib'
[38.802s] Level 1:colcon.colcon_core.shell:create_environment_hook('tello_gazebo', 'ld_library_path_lib')
[38.802s] INFO:colcon.colcon_core.shell:Creating environment hook '/home/eeavir/drone_ws/install/tello_gazebo/share/tello_gazebo/hook/ld_library_path_lib.ps1'
[38.803s] INFO:colcon.colcon_core.shell:Creating environment descriptor '/home/eeavir/drone_ws/install/tello_gazebo/share/tello_gazebo/hook/ld_library_path_lib.dsv'
[38.803s] INFO:colcon.colcon_core.shell:Creating environment hook '/home/eeavir/drone_ws/install/tello_gazebo/share/tello_gazebo/hook/ld_library_path_lib.sh'
[38.803s] Level 1:colcon.colcon_core.environment:checking '/home/eeavir/drone_ws/install/tello_gazebo/bin'
[38.803s] Level 1:colcon.colcon_core.environment:checking '/home/eeavir/drone_ws/install/tello_gazebo/lib/pkgconfig/tello_gazebo.pc'
[38.803s] Level 1:colcon.colcon_core.environment:checking '/home/eeavir/drone_ws/install/tello_gazebo/lib/python3.8/site-packages'
[38.803s] Level 1:colcon.colcon_core.environment:checking '/home/eeavir/drone_ws/install/tello_gazebo/bin'
[38.804s] INFO:colcon.colcon_core.shell:Creating package script '/home/eeavir/drone_ws/install/tello_gazebo/share/tello_gazebo/package.ps1'
[38.804s] INFO:colcon.colcon_core.shell:Creating package descriptor '/home/eeavir/drone_ws/install/tello_gazebo/share/tello_gazebo/package.dsv'
[38.805s] INFO:colcon.colcon_core.shell:Creating package script '/home/eeavir/drone_ws/install/tello_gazebo/share/tello_gazebo/package.sh'
[38.807s] INFO:colcon.colcon_core.shell:Creating package script '/home/eeavir/drone_ws/install/tello_gazebo/share/tello_gazebo/package.bash'
[38.807s] INFO:colcon.colcon_core.shell:Creating package script '/home/eeavir/drone_ws/install/tello_gazebo/share/tello_gazebo/package.zsh'
[38.807s] Level 1:colcon.colcon_core.environment:create_file_with_runtime_dependencies(/home/eeavir/drone_ws/install/tello_gazebo/share/colcon-core/packages/tello_gazebo)
[38.808s] Level 1:colcon.colcon_core.environment:create_environment_scripts_only(tello_gazebo)
[38.809s] Level 1:colcon.colcon_core.environment:checking '/home/eeavir/drone_ws/install/tello_gazebo' for CMake module files
[38.810s] Level 1:colcon.colcon_core.environment:checking '/home/eeavir/drone_ws/install/tello_gazebo' for CMake config files
[38.810s] Level 1:colcon.colcon_core.shell:create_environment_hook('tello_gazebo', 'cmake_prefix_path')
[38.810s] INFO:colcon.colcon_core.shell:Creating environment hook '/home/eeavir/drone_ws/install/tello_gazebo/share/tello_gazebo/hook/cmake_prefix_path.ps1'
[38.811s] INFO:colcon.colcon_core.shell:Creating environment descriptor '/home/eeavir/drone_ws/install/tello_gazebo/share/tello_gazebo/hook/cmake_prefix_path.dsv'
[38.811s] INFO:colcon.colcon_core.shell:Creating environment hook '/home/eeavir/drone_ws/install/tello_gazebo/share/tello_gazebo/hook/cmake_prefix_path.sh'
[38.812s] Level 1:colcon.colcon_core.environment:checking '/home/eeavir/drone_ws/install/tello_gazebo/lib'
[38.812s] Level 1:colcon.colcon_core.shell:create_environment_hook('tello_gazebo', 'ld_library_path_lib')
[38.812s] INFO:colcon.colcon_core.shell:Creating environment hook '/home/eeavir/drone_ws/install/tello_gazebo/share/tello_gazebo/hook/ld_library_path_lib.ps1'
[38.812s] INFO:colcon.colcon_core.shell:Creating environment descriptor '/home/eeavir/drone_ws/install/tello_gazebo/share/tello_gazebo/hook/ld_library_path_lib.dsv'
[38.813s] INFO:colcon.colcon_core.shell:Creating environment hook '/home/eeavir/drone_ws/install/tello_gazebo/share/tello_gazebo/hook/ld_library_path_lib.sh'
[38.813s] Level 1:colcon.colcon_core.environment:checking '/home/eeavir/drone_ws/install/tello_gazebo/bin'
[38.813s] Level 1:colcon.colcon_core.environment:checking '/home/eeavir/drone_ws/install/tello_gazebo/lib/pkgconfig/tello_gazebo.pc'
[38.814s] Level 1:colcon.colcon_core.environment:checking '/home/eeavir/drone_ws/install/tello_gazebo/lib/python3.8/site-packages'
[38.814s] Level 1:colcon.colcon_core.environment:checking '/home/eeavir/drone_ws/install/tello_gazebo/bin'
[38.814s] INFO:colcon.colcon_core.shell:Creating package script '/home/eeavir/drone_ws/install/tello_gazebo/share/tello_gazebo/package.ps1'
[38.815s] INFO:colcon.colcon_core.shell:Creating package descriptor '/home/eeavir/drone_ws/install/tello_gazebo/share/tello_gazebo/package.dsv'
[38.815s] INFO:colcon.colcon_core.shell:Creating package script '/home/eeavir/drone_ws/install/tello_gazebo/share/tello_gazebo/package.sh'
[38.815s] INFO:colcon.colcon_core.shell:Creating package script '/home/eeavir/drone_ws/install/tello_gazebo/share/tello_gazebo/package.bash'
[38.816s] INFO:colcon.colcon_core.shell:Creating package script '/home/eeavir/drone_ws/install/tello_gazebo/share/tello_gazebo/package.zsh'
[38.816s] Level 1:colcon.colcon_core.environment:create_file_with_runtime_dependencies(/home/eeavir/drone_ws/install/tello_gazebo/share/colcon-core/packages/tello_gazebo)
[38.816s] DEBUG:colcon.colcon_parallel_executor.executor.parallel:closing loop
[38.817s] DEBUG:colcon.colcon_parallel_executor.executor.parallel:loop closed
[38.817s] DEBUG:colcon.colcon_parallel_executor.executor.parallel:run_until_complete finished with '0'
[38.817s] DEBUG:colcon.colcon_core.event_reactor:joining thread
[38.822s] INFO:colcon.colcon_core.plugin_system:Skipping extension 'colcon_notification.desktop_notification.terminal_notifier': Not used on non-Darwin systems
[38.822s] INFO:colcon.colcon_core.plugin_system:Skipping extension 'colcon_notification.desktop_notification.win32': Not used on non-Windows systems
[38.822s] INFO:colcon.colcon_notification.desktop_notification:Sending desktop notification using 'notify2'
[38.838s] DEBUG:colcon.colcon_core.event_reactor:joined thread
[38.838s] INFO:colcon.colcon_core.shell:Creating prefix script '/home/eeavir/drone_ws/install/local_setup.ps1'
[38.839s] INFO:colcon.colcon_core.shell:Creating prefix util module '/home/eeavir/drone_ws/install/_local_setup_util_ps1.py'
[38.840s] INFO:colcon.colcon_core.shell:Creating prefix chain script '/home/eeavir/drone_ws/install/setup.ps1'
[38.841s] INFO:colcon.colcon_core.shell:Creating prefix script '/home/eeavir/drone_ws/install/local_setup.sh'
[38.841s] INFO:colcon.colcon_core.shell:Creating prefix util module '/home/eeavir/drone_ws/install/_local_setup_util_sh.py'
[38.842s] INFO:colcon.colcon_core.shell:Creating prefix chain script '/home/eeavir/drone_ws/install/setup.sh'
[38.842s] INFO:colcon.colcon_core.shell:Creating prefix script '/home/eeavir/drone_ws/install/local_setup.bash'
[38.843s] INFO:colcon.colcon_core.shell:Creating prefix chain script '/home/eeavir/drone_ws/install/setup.bash'
[38.844s] INFO:colcon.colcon_core.shell:Creating prefix script '/home/eeavir/drone_ws/install/local_setup.zsh'
[38.844s] INFO:colcon.colcon_core.shell:Creating prefix chain script '/home/eeavir/drone_ws/install/setup.zsh'
