[0.011s] Invoking command in '/home/eeavir/tellocontrol/build/tello_driver': CMAKE_PREFIX_PATH=/home/eeavir/tellocontrol/install/tello_msgs:/home/eeavir/tellocontrol/install/ros2_shared:/home/eeavir/tellocontrol/install/tello_gazebo:/home/eeavir/tellocontrol/install/tello_driver:/home/eeavir/tellocontrol/install/tello_description:/home/eeavir/tellocontrol/install/own_package:/opt/ros/galactic LD_LIBRARY_PATH=/home/eeavir/tellocontrol/install/tello_msgs/lib:/home/eeavir/tellocontrol/install/tello_gazebo/lib:/home/eeavir/tellocontrol/install/tello_driver/lib:/usr/lib/x86_64-linux-gnu/gazebo-11/plugins:/opt/ros/galactic/opt/yaml_cpp_vendor/lib:/opt/ros/galactic/opt/rviz_ogre_vendor/lib:/opt/ros/galactic/lib/x86_64-linux-gnu:/opt/ros/galactic/lib:/usr/lib/x86_64-linux-gnu/gazebo-11/plugins /usr/bin/cmake /home/eeavir/tellocontrol/src/drone_racing_ros2/tello_ros/tello_driver -DCMAKE_INSTALL_PREFIX=/home/eeavir/tellocontrol/install/tello_driver
[0.052s] -- The C compiler identification is GNU 9.4.0
[0.089s] -- The CXX compiler identification is GNU 9.4.0
[0.092s] -- Check for working C compiler: /usr/bin/cc
[0.139s] -- Check for working C compiler: /usr/bin/cc -- works
[0.140s] -- Detecting C compiler ABI info
[0.188s] -- Detecting C compiler ABI info - done
[0.195s] -- Detecting C compile features
[0.195s] -- Detecting C compile features - done
[0.197s] -- Check for working CXX compiler: /usr/bin/c++
[0.252s] -- Check for working CXX compiler: /usr/bin/c++ -- works
[0.253s] -- Detecting CXX compiler ABI info
[0.310s] -- Detecting CXX compiler ABI info - done
[0.317s] -- Detecting CXX compile features
[0.317s] -- Detecting CXX compile features - done
[0.319s] -- Found ament_cmake: 1.1.6 (/opt/ros/galactic/share/ament_cmake/cmake)
[0.336s] -- Found PythonInterp: /usr/bin/python3 (found suitable version "3.8.10", minimum required is "3") 
[0.336s] -- Using PYTHON_EXECUTABLE: /usr/bin/python3
[0.390s] -- Found camera_calibration_parsers: 2.5.1 (/opt/ros/galactic/share/camera_calibration_parsers/cmake)
[0.425s] -- Using all available rosidl_typesupport_c: rosidl_typesupport_fastrtps_c;rosidl_typesupport_introspection_c
[0.430s] -- Found rosidl_adapter: 2.2.3 (/opt/ros/galactic/share/rosidl_adapter/cmake)
[0.485s] -- Found OpenSSL: /usr/lib/x86_64-linux-gnu/libcrypto.so (found version "1.1.1f")  
[0.510s] -- Found FastRTPS: /opt/ros/galactic/include  
[0.565s] -- Using all available rosidl_typesupport_cpp: rosidl_typesupport_fastrtps_cpp;rosidl_typesupport_introspection_cpp
[0.605s] -- Found rmw_implementation_cmake: 3.3.1 (/opt/ros/galactic/share/rmw_implementation_cmake/cmake)
[0.607s] -- Found rmw_cyclonedds_cpp: 0.22.6 (/opt/ros/galactic/share/rmw_cyclonedds_cpp/cmake)
[0.620s] -- Using RMW implementation 'rmw_cyclonedds_cpp' as default
[0.621s] -- Looking for pthread.h
[0.671s] -- Looking for pthread.h - found
[0.671s] -- Performing Test CMAKE_HAVE_LIBC_PTHREAD
[0.721s] -- Performing Test CMAKE_HAVE_LIBC_PTHREAD - Failed
[0.721s] -- Looking for pthread_create in pthreads
[0.762s] -- Looking for pthread_create in pthreads - not found
[0.762s] -- Looking for pthread_create in pthread
[0.811s] -- Looking for pthread_create in pthread - found
[0.812s] -- Found Threads: TRUE  
[1.011s] -- Setting yaml-cpp_DIR to: '/opt/ros/galactic/share/yaml_cpp_vendor/cmake/../../../opt/yaml_cpp_vendor/lib/cmake/yaml-cpp'
[1.015s] -- Found class_loader: 2.1.2 (/opt/ros/galactic/share/class_loader/cmake)
[1.019s] -- Found cv_bridge: 3.1.3 (/opt/ros/galactic/share/cv_bridge/cmake)
[1.041s] -- Found OpenCV: /usr (found version "4.2.0") 
[1.042s] -- Found rclcpp_components: 9.2.2 (/opt/ros/galactic/share/rclcpp_components/cmake)
[1.077s] -- Found ros2_shared: 0.1.0 (/home/eeavir/tellocontrol/install/ros2_shared/share/ros2_shared/cmake)
[1.078s] -- Found tello_msgs: 0.1.0 (/home/eeavir/tellocontrol/install/tello_msgs/share/tello_msgs/cmake)
[1.220s] -- Configuring done
[1.258s] -- Generating done
[1.277s] -- Build files have been written to: /home/eeavir/tellocontrol/build/tello_driver
[1.286s] Invoked command in '/home/eeavir/tellocontrol/build/tello_driver' returned '0': CMAKE_PREFIX_PATH=/home/eeavir/tellocontrol/install/tello_msgs:/home/eeavir/tellocontrol/install/ros2_shared:/home/eeavir/tellocontrol/install/tello_gazebo:/home/eeavir/tellocontrol/install/tello_driver:/home/eeavir/tellocontrol/install/tello_description:/home/eeavir/tellocontrol/install/own_package:/opt/ros/galactic LD_LIBRARY_PATH=/home/eeavir/tellocontrol/install/tello_msgs/lib:/home/eeavir/tellocontrol/install/tello_gazebo/lib:/home/eeavir/tellocontrol/install/tello_driver/lib:/usr/lib/x86_64-linux-gnu/gazebo-11/plugins:/opt/ros/galactic/opt/yaml_cpp_vendor/lib:/opt/ros/galactic/opt/rviz_ogre_vendor/lib:/opt/ros/galactic/lib/x86_64-linux-gnu:/opt/ros/galactic/lib:/usr/lib/x86_64-linux-gnu/gazebo-11/plugins /usr/bin/cmake /home/eeavir/tellocontrol/src/drone_racing_ros2/tello_ros/tello_driver -DCMAKE_INSTALL_PREFIX=/home/eeavir/tellocontrol/install/tello_driver
[1.286s] Invoking command in '/home/eeavir/tellocontrol/build/tello_driver': CMAKE_PREFIX_PATH=/home/eeavir/tellocontrol/install/tello_msgs:/home/eeavir/tellocontrol/install/ros2_shared:/home/eeavir/tellocontrol/install/tello_gazebo:/home/eeavir/tellocontrol/install/tello_driver:/home/eeavir/tellocontrol/install/tello_description:/home/eeavir/tellocontrol/install/own_package:/opt/ros/galactic LD_LIBRARY_PATH=/home/eeavir/tellocontrol/install/tello_msgs/lib:/home/eeavir/tellocontrol/install/tello_gazebo/lib:/home/eeavir/tellocontrol/install/tello_driver/lib:/usr/lib/x86_64-linux-gnu/gazebo-11/plugins:/opt/ros/galactic/opt/yaml_cpp_vendor/lib:/opt/ros/galactic/opt/rviz_ogre_vendor/lib:/opt/ros/galactic/lib/x86_64-linux-gnu:/opt/ros/galactic/lib:/usr/lib/x86_64-linux-gnu/gazebo-11/plugins /usr/bin/cmake --build /home/eeavir/tellocontrol/build/tello_driver -- -j8 -l8
[1.315s] [35m[1mScanning dependencies of target tello_driver_main[0m
[1.315s] [35m[1mScanning dependencies of target tello_driver_node[0m
[1.315s] [35m[1mScanning dependencies of target tello_joy_node[0m
[1.315s] [35m[1mScanning dependencies of target tello_joy_main[0m
[1.316s] [35m[1mScanning dependencies of target tello_emulator[0m
[1.327s] [  4%] [32mBuilding CXX object CMakeFiles/tello_emulator.dir/src/tello_emulator.cpp.o[0m
[1.349s] [  9%] [32mBuilding CXX object CMakeFiles/tello_joy_main.dir/src/tello_joy_main.cpp.o[0m
[1.352s] [ 18%] [32mBuilding CXX object CMakeFiles/tello_joy_node.dir/src/tello_joy_node.cpp.o[0m
[1.352s] [ 18%] [32mBuilding CXX object CMakeFiles/tello_joy_main.dir/src/tello_joy_node.cpp.o[0m
[1.394s] [ 22%] [32mBuilding CXX object CMakeFiles/tello_driver_node.dir/src/tello_driver_node.cpp.o[0m
[1.398s] [ 27%] [32mBuilding CXX object CMakeFiles/tello_driver_node.dir/src/command_socket.cpp.o[0m
[1.402s] [ 31%] [32mBuilding CXX object CMakeFiles/tello_driver_node.dir/src/tello_socket.cpp.o[0m
[1.447s] [ 36%] [32mBuilding CXX object CMakeFiles/tello_driver_main.dir/src/tello_driver_main.cpp.o[0m
[2.877s] [ 40%] [32m[1mLinking CXX executable tello_emulator[0m
[2.996s] [ 40%] Built target tello_emulator
[3.031s] [ 45%] [32mBuilding CXX object CMakeFiles/tello_driver_main.dir/src/tello_driver_node.cpp.o[0m
[4.892s] [ 50%] [32mBuilding CXX object CMakeFiles/tello_driver_main.dir/src/tello_socket.cpp.o[0m
[6.162s] [ 54%] [32mBuilding CXX object CMakeFiles/tello_driver_node.dir/src/state_socket.cpp.o[0m
[6.174s] [ 59%] [32mBuilding CXX object CMakeFiles/tello_driver_main.dir/src/command_socket.cpp.o[0m
[6.592s] [ 63%] [32mBuilding CXX object CMakeFiles/tello_driver_main.dir/src/state_socket.cpp.o[0m
[9.584s] [ 68%] [32mBuilding CXX object CMakeFiles/tello_driver_main.dir/src/video_socket.cpp.o[0m
[11.308s] [ 72%] [32mBuilding CXX object CMakeFiles/tello_driver_main.dir/h264decoder/h264decoder.cpp.o[0m
[11.353s] [ 77%] [32m[1mLinking CXX shared library libtello_joy_node.so[0m
[11.580s] [ 81%] [32m[1mLinking CXX executable tello_joy_main[0m
[11.821s] [ 86%] [32mBuilding CXX object CMakeFiles/tello_driver_node.dir/src/video_socket.cpp.o[0m
[12.076s] [ 86%] Built target tello_joy_node
[12.132s] [ 90%] [32mBuilding CXX object CMakeFiles/tello_driver_node.dir/h264decoder/h264decoder.cpp.o[0m
[12.296s] [ 90%] Built target tello_joy_main
[15.387s] [ 95%] [32m[1mLinking CXX executable tello_driver_main[0m
[15.617s] [100%] [32m[1mLinking CXX shared library libtello_driver_node.so[0m
[16.351s] [100%] Built target tello_driver_node
[16.387s] [100%] Built target tello_driver_main
[16.396s] Invoked command in '/home/eeavir/tellocontrol/build/tello_driver' returned '0': CMAKE_PREFIX_PATH=/home/eeavir/tellocontrol/install/tello_msgs:/home/eeavir/tellocontrol/install/ros2_shared:/home/eeavir/tellocontrol/install/tello_gazebo:/home/eeavir/tellocontrol/install/tello_driver:/home/eeavir/tellocontrol/install/tello_description:/home/eeavir/tellocontrol/install/own_package:/opt/ros/galactic LD_LIBRARY_PATH=/home/eeavir/tellocontrol/install/tello_msgs/lib:/home/eeavir/tellocontrol/install/tello_gazebo/lib:/home/eeavir/tellocontrol/install/tello_driver/lib:/usr/lib/x86_64-linux-gnu/gazebo-11/plugins:/opt/ros/galactic/opt/yaml_cpp_vendor/lib:/opt/ros/galactic/opt/rviz_ogre_vendor/lib:/opt/ros/galactic/lib/x86_64-linux-gnu:/opt/ros/galactic/lib:/usr/lib/x86_64-linux-gnu/gazebo-11/plugins /usr/bin/cmake --build /home/eeavir/tellocontrol/build/tello_driver -- -j8 -l8
[16.399s] Invoking command in '/home/eeavir/tellocontrol/build/tello_driver': CMAKE_PREFIX_PATH=/home/eeavir/tellocontrol/install/tello_msgs:/home/eeavir/tellocontrol/install/ros2_shared:/home/eeavir/tellocontrol/install/tello_gazebo:/home/eeavir/tellocontrol/install/tello_driver:/home/eeavir/tellocontrol/install/tello_description:/home/eeavir/tellocontrol/install/own_package:/opt/ros/galactic LD_LIBRARY_PATH=/home/eeavir/tellocontrol/install/tello_msgs/lib:/home/eeavir/tellocontrol/install/tello_gazebo/lib:/home/eeavir/tellocontrol/install/tello_driver/lib:/usr/lib/x86_64-linux-gnu/gazebo-11/plugins:/opt/ros/galactic/opt/yaml_cpp_vendor/lib:/opt/ros/galactic/opt/rviz_ogre_vendor/lib:/opt/ros/galactic/lib/x86_64-linux-gnu:/opt/ros/galactic/lib:/usr/lib/x86_64-linux-gnu/gazebo-11/plugins /usr/bin/cmake --install /home/eeavir/tellocontrol/build/tello_driver
[16.405s] -- Install configuration: ""
[16.405s] -- Installing: /home/eeavir/tellocontrol/install/tello_driver/share/tello_driver/environment/library_path.sh
[16.405s] -- Installing: /home/eeavir/tellocontrol/install/tello_driver/share/tello_driver/environment/library_path.dsv
[16.406s] -- Installing: /home/eeavir/tellocontrol/install/tello_driver/lib/libtello_driver_node.so
[16.410s] -- Set runtime path of "/home/eeavir/tellocontrol/install/tello_driver/lib/libtello_driver_node.so" to ""
[16.410s] -- Installing: /home/eeavir/tellocontrol/install/tello_driver/lib/libtello_joy_node.so
[16.414s] -- Set runtime path of "/home/eeavir/tellocontrol/install/tello_driver/lib/libtello_joy_node.so" to ""
[16.414s] -- Installing: /home/eeavir/tellocontrol/install/tello_driver/lib/tello_driver/tello_driver_main
[16.417s] -- Set runtime path of "/home/eeavir/tellocontrol/install/tello_driver/lib/tello_driver/tello_driver_main" to ""
[16.417s] -- Installing: /home/eeavir/tellocontrol/install/tello_driver/lib/tello_driver/tello_joy_main
[16.418s] -- Set runtime path of "/home/eeavir/tellocontrol/install/tello_driver/lib/tello_driver/tello_joy_main" to ""
[16.419s] -- Installing: /home/eeavir/tellocontrol/install/tello_driver/lib/tello_driver/tello_emulator
[16.419s] -- Installing: /home/eeavir/tellocontrol/install/tello_driver/share/tello_driver/cfg
[16.419s] -- Installing: /home/eeavir/tellocontrol/install/tello_driver/share/tello_driver/cfg/camera_info.yaml
[16.419s] -- Installing: /home/eeavir/tellocontrol/install/tello_driver/share/tello_driver/launch
[16.419s] -- Installing: /home/eeavir/tellocontrol/install/tello_driver/share/tello_driver/launch/emulators_launch.py
[16.419s] -- Installing: /home/eeavir/tellocontrol/install/tello_driver/share/tello_driver/launch/emulator_launch.py
[16.419s] -- Installing: /home/eeavir/tellocontrol/install/tello_driver/share/tello_driver/launch/teleop_launch.py
[16.419s] -- Installing: /home/eeavir/tellocontrol/install/tello_driver/share/ament_index/resource_index/package_run_dependencies/tello_driver
[16.419s] -- Installing: /home/eeavir/tellocontrol/install/tello_driver/share/ament_index/resource_index/parent_prefix_path/tello_driver
[16.420s] -- Installing: /home/eeavir/tellocontrol/install/tello_driver/share/tello_driver/environment/ament_prefix_path.sh
[16.420s] -- Installing: /home/eeavir/tellocontrol/install/tello_driver/share/tello_driver/environment/ament_prefix_path.dsv
[16.420s] -- Installing: /home/eeavir/tellocontrol/install/tello_driver/share/tello_driver/environment/path.sh
[16.420s] -- Installing: /home/eeavir/tellocontrol/install/tello_driver/share/tello_driver/environment/path.dsv
[16.420s] -- Installing: /home/eeavir/tellocontrol/install/tello_driver/share/tello_driver/local_setup.bash
[16.420s] -- Installing: /home/eeavir/tellocontrol/install/tello_driver/share/tello_driver/local_setup.sh
[16.420s] -- Installing: /home/eeavir/tellocontrol/install/tello_driver/share/tello_driver/local_setup.zsh
[16.420s] -- Installing: /home/eeavir/tellocontrol/install/tello_driver/share/tello_driver/local_setup.dsv
[16.420s] -- Installing: /home/eeavir/tellocontrol/install/tello_driver/share/tello_driver/package.dsv
[16.420s] -- Installing: /home/eeavir/tellocontrol/install/tello_driver/share/ament_index/resource_index/packages/tello_driver
[16.420s] -- Installing: /home/eeavir/tellocontrol/install/tello_driver/share/ament_index/resource_index/rclcpp_components/tello_driver
[16.420s] -- Installing: /home/eeavir/tellocontrol/install/tello_driver/share/tello_driver/cmake/tello_driverConfig.cmake
[16.421s] -- Installing: /home/eeavir/tellocontrol/install/tello_driver/share/tello_driver/cmake/tello_driverConfig-version.cmake
[16.421s] -- Installing: /home/eeavir/tellocontrol/install/tello_driver/share/tello_driver/package.xml
[16.422s] Invoked command in '/home/eeavir/tellocontrol/build/tello_driver' returned '0': CMAKE_PREFIX_PATH=/home/eeavir/tellocontrol/install/tello_msgs:/home/eeavir/tellocontrol/install/ros2_shared:/home/eeavir/tellocontrol/install/tello_gazebo:/home/eeavir/tellocontrol/install/tello_driver:/home/eeavir/tellocontrol/install/tello_description:/home/eeavir/tellocontrol/install/own_package:/opt/ros/galactic LD_LIBRARY_PATH=/home/eeavir/tellocontrol/install/tello_msgs/lib:/home/eeavir/tellocontrol/install/tello_gazebo/lib:/home/eeavir/tellocontrol/install/tello_driver/lib:/usr/lib/x86_64-linux-gnu/gazebo-11/plugins:/opt/ros/galactic/opt/yaml_cpp_vendor/lib:/opt/ros/galactic/opt/rviz_ogre_vendor/lib:/opt/ros/galactic/lib/x86_64-linux-gnu:/opt/ros/galactic/lib:/usr/lib/x86_64-linux-gnu/gazebo-11/plugins /usr/bin/cmake --install /home/eeavir/tellocontrol/build/tello_driver
