[0.606s] Invoking command in '/home/eeavir/tellocontrol/src/own_package': PYTHONPATH=/home/eeavir/tellocontrol/build/own_package/prefix_override:/usr/lib/python3/dist-packages/colcon_core/task/python/colcon_distutils_commands:/home/eeavir/tellocontrol/install/own_package/lib/python3.8/site-packages:${PYTHONPATH} /usr/bin/python3 -W ignore:setup.py install is deprecated -W ignore:easy_install command is deprecated setup.py egg_info --egg-base ../../build/own_package build --build-base /home/eeavir/tellocontrol/build/own_package/build install --record /home/eeavir/tellocontrol/build/own_package/install.log --single-version-externally-managed install_data
[0.744s] running egg_info
[0.745s] writing ../../build/own_package/own_package.egg-info/PKG-INFO
[0.745s] writing dependency_links to ../../build/own_package/own_package.egg-info/dependency_links.txt
[0.745s] writing entry points to ../../build/own_package/own_package.egg-info/entry_points.txt
[0.745s] writing requirements to ../../build/own_package/own_package.egg-info/requires.txt
[0.745s] writing top-level names to ../../build/own_package/own_package.egg-info/top_level.txt
[0.780s] reading manifest file '../../build/own_package/own_package.egg-info/SOURCES.txt'
[0.781s] writing manifest file '../../build/own_package/own_package.egg-info/SOURCES.txt'
[0.781s] running build
[0.781s] running build_py
[0.781s] copying own_package/hoop_detection.py -> /home/eeavir/tellocontrol/build/own_package/build/lib/own_package
[0.781s] running install
[0.782s] running install_lib
[0.783s] copying /home/eeavir/tellocontrol/build/own_package/build/lib/own_package/hoop_detection.py -> /home/eeavir/tellocontrol/install/own_package/lib/python3.8/site-packages/own_package
[0.783s] byte-compiling /home/eeavir/tellocontrol/install/own_package/lib/python3.8/site-packages/own_package/hoop_detection.py to hoop_detection.cpython-38.pyc
[0.785s] running install_data
[0.785s] copying package.xml -> /home/eeavir/tellocontrol/install/own_package/share/own_package
[0.786s] running install_egg_info
[0.788s] removing '/home/eeavir/tellocontrol/install/own_package/lib/python3.8/site-packages/own_package-0.0.0-py3.8.egg-info' (and everything under it)
[0.790s] Copying ../../build/own_package/own_package.egg-info to /home/eeavir/tellocontrol/install/own_package/lib/python3.8/site-packages/own_package-0.0.0-py3.8.egg-info
[0.790s] running install_scripts
[0.809s] Installing hoop_detector script to /home/eeavir/tellocontrol/install/own_package/lib/own_package
[0.809s] Installing image_subscriber script to /home/eeavir/tellocontrol/install/own_package/lib/own_package
[0.809s] writing list of installed files to '/home/eeavir/tellocontrol/build/own_package/install.log'
[0.845s] Invoked command in '/home/eeavir/tellocontrol/src/own_package' returned '0': PYTHONPATH=/home/eeavir/tellocontrol/build/own_package/prefix_override:/usr/lib/python3/dist-packages/colcon_core/task/python/colcon_distutils_commands:/home/eeavir/tellocontrol/install/own_package/lib/python3.8/site-packages:${PYTHONPATH} /usr/bin/python3 -W ignore:setup.py install is deprecated -W ignore:easy_install command is deprecated setup.py egg_info --egg-base ../../build/own_package build --build-base /home/eeavir/tellocontrol/build/own_package/build install --record /home/eeavir/tellocontrol/build/own_package/install.log --single-version-externally-managed install_data
