[0.565s] Invoking command in '/home/eeavir/tellocontrol/src/own_package': PYTHONPATH=/home/eeavir/tellocontrol/build/own_package/prefix_override:/usr/lib/python3/dist-packages/colcon_core/task/python/colcon_distutils_commands:/home/eeavir/tellocontrol/install/own_package/lib/python3.8/site-packages:${PYTHONPATH} /usr/bin/python3 -W ignore:setup.py install is deprecated -W ignore:easy_install command is deprecated setup.py egg_info --egg-base ../../build/own_package build --build-base /home/eeavir/tellocontrol/build/own_package/build install --record /home/eeavir/tellocontrol/build/own_package/install.log --single-version-externally-managed install_data
[0.707s] running egg_info
[0.707s] writing ../../build/own_package/own_package.egg-info/PKG-INFO
[0.707s] writing dependency_links to ../../build/own_package/own_package.egg-info/dependency_links.txt
[0.707s] writing entry points to ../../build/own_package/own_package.egg-info/entry_points.txt
[0.707s] writing requirements to ../../build/own_package/own_package.egg-info/requires.txt
[0.707s] writing top-level names to ../../build/own_package/own_package.egg-info/top_level.txt
[0.732s] reading manifest file '../../build/own_package/own_package.egg-info/SOURCES.txt'
[0.733s] writing manifest file '../../build/own_package/own_package.egg-info/SOURCES.txt'
[0.733s] running build
[0.733s] running build_py
[0.734s] copying own_package/hoop_detection.py -> /home/eeavir/tellocontrol/build/own_package/build/lib/own_package
[0.734s] running install
[0.734s] running install_lib
[0.735s] copying /home/eeavir/tellocontrol/build/own_package/build/lib/own_package/hoop_detection.py -> /home/eeavir/tellocontrol/install/own_package/lib/python3.8/site-packages/own_package
[0.736s] byte-compiling /home/eeavir/tellocontrol/install/own_package/lib/python3.8/site-packages/own_package/hoop_detection.py to hoop_detection.cpython-38.pyc
[0.737s] running install_data
[0.737s] running install_egg_info
[0.739s] removing '/home/eeavir/tellocontrol/install/own_package/lib/python3.8/site-packages/own_package-0.0.0-py3.8.egg-info' (and everything under it)
[0.739s] Copying ../../build/own_package/own_package.egg-info to /home/eeavir/tellocontrol/install/own_package/lib/python3.8/site-packages/own_package-0.0.0-py3.8.egg-info
[0.739s] running install_scripts
[0.755s] Installing hoop_detection script to /home/eeavir/tellocontrol/install/own_package/lib/own_package
[0.755s] Installing image_subscriber script to /home/eeavir/tellocontrol/install/own_package/lib/own_package
[0.755s] writing list of installed files to '/home/eeavir/tellocontrol/build/own_package/install.log'
[0.775s] Invoked command in '/home/eeavir/tellocontrol/src/own_package' returned '0': PYTHONPATH=/home/eeavir/tellocontrol/build/own_package/prefix_override:/usr/lib/python3/dist-packages/colcon_core/task/python/colcon_distutils_commands:/home/eeavir/tellocontrol/install/own_package/lib/python3.8/site-packages:${PYTHONPATH} /usr/bin/python3 -W ignore:setup.py install is deprecated -W ignore:easy_install command is deprecated setup.py egg_info --egg-base ../../build/own_package build --build-base /home/eeavir/tellocontrol/build/own_package/build install --record /home/eeavir/tellocontrol/build/own_package/install.log --single-version-externally-managed install_data
