[0.265s] Invoking command in '/home/eeavir/drone_ws/build/tello_description': CMAKE_PREFIX_PATH=${CMAKE_PREFIX_PATH}:/home/eeavir/drone_ws/install/drone_image_viewer:/opt/ros/galactic /usr/bin/cmake /home/eeavir/drone_ws/src/drone_racing_ros2/tello_ros/tello_description -DCMAKE_INSTALL_PREFIX=/home/eeavir/drone_ws/install/tello_description
[0.339s] -- The C compiler identification is GNU 9.4.0
[0.398s] -- The CXX compiler identification is GNU 9.4.0
[0.404s] -- Check for working C compiler: /usr/bin/cc
[0.493s] -- Check for working C compiler: /usr/bin/cc -- works
[0.493s] -- Detecting C compiler ABI info
[0.582s] -- Detecting C compiler ABI info - done
[0.591s] -- Detecting C compile features
[0.591s] -- Detecting C compile features - done
[0.593s] -- Check for working CXX compiler: /usr/bin/c++
[0.685s] -- Check for working CXX compiler: /usr/bin/c++ -- works
[0.687s] -- Detecting CXX compiler ABI info
[0.790s] -- Detecting CXX compiler ABI info - done
[0.805s] -- Detecting CXX compile features
[0.805s] -- Detecting CXX compile features - done
[0.807s] -- Found ament_cmake: 1.1.6 (/opt/ros/galactic/share/ament_cmake/cmake)
[0.837s] -- Found PythonInterp: /usr/bin/python3 (found suitable version "3.8.10", minimum required is "3") 
[0.837s] -- Using PYTHON_EXECUTABLE: /usr/bin/python3
[0.939s] -- creating rules for /home/eeavir/drone_ws/build/tello_description/urdf/tello.urdf
[0.939s] -- creating rules for /home/eeavir/drone_ws/build/tello_description/urdf/tello_1.urdf
[0.939s] -- creating rules for /home/eeavir/drone_ws/build/tello_description/urdf/tello_2.urdf
[0.939s] -- creating rules for /home/eeavir/drone_ws/build/tello_description/urdf/tello_3.urdf
[0.939s] -- creating rules for /home/eeavir/drone_ws/build/tello_description/urdf/tello_4.urdf
[0.939s] -- creating rules for /home/eeavir/drone_ws/build/tello_description/urdf/tello_5.urdf
[0.939s] -- creating rules for /home/eeavir/drone_ws/build/tello_description/urdf/tello_6.urdf
[0.939s] -- creating rules for /home/eeavir/drone_ws/build/tello_description/urdf/tello_7.urdf
[0.939s] -- creating rules for /home/eeavir/drone_ws/build/tello_description/urdf/tello_8.urdf
[0.997s] -- Configuring done
[1.001s] -- Generating done
[1.003s] -- Build files have been written to: /home/eeavir/drone_ws/build/tello_description
[1.008s] Invoked command in '/home/eeavir/drone_ws/build/tello_description' returned '0': CMAKE_PREFIX_PATH=${CMAKE_PREFIX_PATH}:/home/eeavir/drone_ws/install/drone_image_viewer:/opt/ros/galactic /usr/bin/cmake /home/eeavir/drone_ws/src/drone_racing_ros2/tello_ros/tello_description -DCMAKE_INSTALL_PREFIX=/home/eeavir/drone_ws/install/tello_description
[1.010s] Invoking command in '/home/eeavir/drone_ws/build/tello_description': CMAKE_PREFIX_PATH=${CMAKE_PREFIX_PATH}:/home/eeavir/drone_ws/install/drone_image_viewer:/opt/ros/galactic /usr/bin/cmake --build /home/eeavir/drone_ws/build/tello_description -- -j8 -l8
[1.059s] [35m[1mScanning dependencies of target generate_urdf_1[0m
[1.060s] [35m[1mScanning dependencies of target generate_urdf_6[0m
[1.071s] [35m[1mScanning dependencies of target generate_urdf_3[0m
[1.074s] [35m[1mScanning dependencies of target generate_urdf[0m
[1.081s] [35m[1mScanning dependencies of target generate_urdf_5[0m
[1.081s] [ 11%] [34m[1mGenerate /home/eeavir/drone_ws/build/tello_description/urdf/tello_6.urdf[0m
[1.082s] [35m[1mScanning dependencies of target generate_urdf_4[0m
[1.087s] [ 22%] [34m[1mGenerate /home/eeavir/drone_ws/build/tello_description/urdf/tello_1.urdf[0m
[1.088s] [35m[1mScanning dependencies of target generate_urdf_8[0m
[1.090s] [ 33%] [34m[1mGenerate /home/eeavir/drone_ws/build/tello_description/urdf/tello_3.urdf[0m
[1.094s] [35m[1mScanning dependencies of target generate_urdf_7[0m
[1.103s] [ 44%] [34m[1mGenerate /home/eeavir/drone_ws/build/tello_description/urdf/tello.urdf[0m
[1.111s] [ 55%] [34m[1mGenerate /home/eeavir/drone_ws/build/tello_description/urdf/tello_8.urdf[0m
[1.111s] [ 66%] [34m[1mGenerate /home/eeavir/drone_ws/build/tello_description/urdf/tello_4.urdf[0m
[1.128s] [ 77%] [34m[1mGenerate /home/eeavir/drone_ws/build/tello_description/urdf/tello_5.urdf[0m
[1.135s] [ 88%] [34m[1mGenerate /home/eeavir/drone_ws/build/tello_description/urdf/tello_7.urdf[0m
[1.150s] [ 88%] Built target generate_urdf_6
[1.165s] [ 88%] Built target generate_urdf_1
[1.165s] [35m[1mScanning dependencies of target generate_urdf_2[0m
[1.174s] [ 88%] Built target generate_urdf
[1.174s] [ 88%] Built target generate_urdf_4
[1.177s] [ 88%] Built target generate_urdf_3
[1.180s] [100%] [34m[1mGenerate /home/eeavir/drone_ws/build/tello_description/urdf/tello_2.urdf[0m
[1.183s] [100%] Built target generate_urdf_5
[1.185s] [100%] Built target generate_urdf_8
[1.199s] [100%] Built target generate_urdf_7
[1.223s] [100%] Built target generate_urdf_2
[1.237s] Invoked command in '/home/eeavir/drone_ws/build/tello_description' returned '0': CMAKE_PREFIX_PATH=${CMAKE_PREFIX_PATH}:/home/eeavir/drone_ws/install/drone_image_viewer:/opt/ros/galactic /usr/bin/cmake --build /home/eeavir/drone_ws/build/tello_description -- -j8 -l8
[1.240s] Invoking command in '/home/eeavir/drone_ws/build/tello_description': CMAKE_PREFIX_PATH=${CMAKE_PREFIX_PATH}:/home/eeavir/drone_ws/install/drone_image_viewer:/opt/ros/galactic /usr/bin/cmake --install /home/eeavir/drone_ws/build/tello_description
[1.255s] -- Install configuration: ""
[1.255s] -- Installing: /home/eeavir/drone_ws/install/tello_description/share/tello_description/urdf
[1.255s] -- Installing: /home/eeavir/drone_ws/install/tello_description/share/tello_description/urdf/tello_8.urdf
[1.255s] -- Installing: /home/eeavir/drone_ws/install/tello_description/share/tello_description/urdf/tello.urdf
[1.255s] -- Installing: /home/eeavir/drone_ws/install/tello_description/share/tello_description/urdf/tello_4.urdf
[1.255s] -- Installing: /home/eeavir/drone_ws/install/tello_description/share/tello_description/urdf/tello_3.urdf
[1.255s] -- Installing: /home/eeavir/drone_ws/install/tello_description/share/tello_description/urdf/tello_1.urdf
[1.255s] -- Installing: /home/eeavir/drone_ws/install/tello_description/share/tello_description/urdf/tello_7.urdf
[1.255s] -- Installing: /home/eeavir/drone_ws/install/tello_description/share/tello_description/urdf/tello_2.urdf
[1.255s] -- Installing: /home/eeavir/drone_ws/install/tello_description/share/tello_description/urdf/tello_6.urdf
[1.255s] -- Installing: /home/eeavir/drone_ws/install/tello_description/share/tello_description/urdf/tello_5.urdf
[1.256s] -- Installing: /home/eeavir/drone_ws/install/tello_description/share/ament_index/resource_index/package_run_dependencies/tello_description
[1.256s] -- Installing: /home/eeavir/drone_ws/install/tello_description/share/ament_index/resource_index/parent_prefix_path/tello_description
[1.256s] -- Installing: /home/eeavir/drone_ws/install/tello_description/share/tello_description/environment/ament_prefix_path.sh
[1.256s] -- Installing: /home/eeavir/drone_ws/install/tello_description/share/tello_description/environment/ament_prefix_path.dsv
[1.256s] -- Installing: /home/eeavir/drone_ws/install/tello_description/share/tello_description/environment/path.sh
[1.256s] -- Installing: /home/eeavir/drone_ws/install/tello_description/share/tello_description/environment/path.dsv
[1.256s] -- Installing: /home/eeavir/drone_ws/install/tello_description/share/tello_description/local_setup.bash
[1.256s] -- Installing: /home/eeavir/drone_ws/install/tello_description/share/tello_description/local_setup.sh
[1.256s] -- Installing: /home/eeavir/drone_ws/install/tello_description/share/tello_description/local_setup.zsh
[1.256s] -- Installing: /home/eeavir/drone_ws/install/tello_description/share/tello_description/local_setup.dsv
[1.256s] -- Installing: /home/eeavir/drone_ws/install/tello_description/share/tello_description/package.dsv
[1.256s] -- Installing: /home/eeavir/drone_ws/install/tello_description/share/ament_index/resource_index/packages/tello_description
[1.256s] -- Installing: /home/eeavir/drone_ws/install/tello_description/share/tello_description/cmake/tello_descriptionConfig.cmake
[1.256s] -- Installing: /home/eeavir/drone_ws/install/tello_description/share/tello_description/cmake/tello_descriptionConfig-version.cmake
[1.257s] -- Installing: /home/eeavir/drone_ws/install/tello_description/share/tello_description/package.xml
[1.258s] Invoked command in '/home/eeavir/drone_ws/build/tello_description' returned '0': CMAKE_PREFIX_PATH=${CMAKE_PREFIX_PATH}:/home/eeavir/drone_ws/install/drone_image_viewer:/opt/ros/galactic /usr/bin/cmake --install /home/eeavir/drone_ws/build/tello_description
