[0.175s] DEBUG:colcon:Command line arguments: ['/usr/bin/colcon', 'build']
[0.175s] DEBUG:colcon:Parsed command line arguments: Namespace(allow_overriding=[], ament_cmake_args=None, base_paths=['.'], build_base='build', catkin_cmake_args=None, catkin_skip_building_tests=False, cmake_args=None, cmake_clean_cache=False, cmake_clean_first=False, cmake_force_configure=False, cmake_target=None, cmake_target_skip_unavailable=False, continue_on_error=False, event_handlers=None, executor='parallel', ignore_user_meta=False, install_base='install', log_base=None, log_level=None, main=<bound method BuildVerb.main of <colcon_core.verb.build.BuildVerb object at 0x7f8073326e50>>, merge_install=False, metas=['./colcon.meta'], mixin=None, mixin_files=None, mixin_verb=('build',), packages_above=None, packages_above_and_dependencies=None, packages_above_depth=None, packages_end=None, packages_ignore=None, packages_ignore_regex=None, packages_select=None, packages_select_build_failed=False, packages_select_by_dep=None, packages_select_regex=None, packages_select_test_failures=False, packages_skip=None, packages_skip_build_finished=False, packages_skip_by_dep=None, packages_skip_regex=None, packages_skip_test_passed=False, packages_skip_up_to=None, packages_start=None, packages_up_to=None, packages_up_to_regex=None, parallel_workers=8, paths=None, symlink_install=False, test_result_base=None, verb_extension=<colcon_core.verb.build.BuildVerb object at 0x7f8073326e50>, verb_name='build', verb_parser=<colcon_mixin.mixin.mixin_argument.MixinArgumentDecorator object at 0x7f80732dbe20>)
[0.291s] Level 1:colcon.colcon_core.package_discovery:discover_packages(colcon_meta) check parameters
[0.291s] Level 1:colcon.colcon_core.package_discovery:discover_packages(recursive) check parameters
[0.291s] Level 1:colcon.colcon_core.package_discovery:discover_packages(ignore) check parameters
[0.291s] Level 1:colcon.colcon_core.package_discovery:discover_packages(path) check parameters
[0.291s] Level 1:colcon.colcon_core.package_discovery:discover_packages(colcon_meta) discover
[0.292s] Level 1:colcon.colcon_core.package_discovery:discover_packages(recursive) discover
[0.292s] INFO:colcon.colcon_core.package_discovery:Crawling recursively for packages in '/home/eeavir/drone_ws'
[0.292s] Level 1:colcon.colcon_core.package_identification:_identify(.) by extensions ['ignore', 'ignore_ament_install']
[0.292s] Level 1:colcon.colcon_core.package_identification:_identify(.) by extension 'ignore'
[0.292s] Level 1:colcon.colcon_core.package_identification:_identify(.) by extension 'ignore_ament_install'
[0.292s] Level 1:colcon.colcon_core.package_identification:_identify(.) by extensions ['colcon_pkg']
[0.292s] Level 1:colcon.colcon_core.package_identification:_identify(.) by extension 'colcon_pkg'
[0.292s] Level 1:colcon.colcon_core.package_identification:_identify(.) by extensions ['colcon_meta']
[0.292s] Level 1:colcon.colcon_core.package_identification:_identify(.) by extension 'colcon_meta'
[0.292s] Level 1:colcon.colcon_core.package_identification:_identify(.) by extensions ['ros']
[0.292s] Level 1:colcon.colcon_core.package_identification:_identify(.) by extension 'ros'
[0.305s] Level 1:colcon.colcon_core.package_identification:_identify(.) by extensions ['cmake', 'python']
[0.305s] Level 1:colcon.colcon_core.package_identification:_identify(.) by extension 'cmake'
[0.305s] Level 1:colcon.colcon_core.package_identification:_identify(.) by extension 'python'
[0.305s] Level 1:colcon.colcon_core.package_identification:_identify(.) by extensions ['python_setup_py']
[0.305s] Level 1:colcon.colcon_core.package_identification:_identify(.) by extension 'python_setup_py'
[0.305s] Level 1:colcon.colcon_core.package_identification:_identify(build) by extensions ['ignore', 'ignore_ament_install']
[0.305s] Level 1:colcon.colcon_core.package_identification:_identify(build) by extension 'ignore'
[0.305s] Level 1:colcon.colcon_core.package_identification:_identify(build) ignored
[0.305s] Level 1:colcon.colcon_core.package_identification:_identify(install) by extensions ['ignore', 'ignore_ament_install']
[0.305s] Level 1:colcon.colcon_core.package_identification:_identify(install) by extension 'ignore'
[0.305s] Level 1:colcon.colcon_core.package_identification:_identify(install) ignored
[0.305s] Level 1:colcon.colcon_core.package_identification:_identify(log) by extensions ['ignore', 'ignore_ament_install']
[0.305s] Level 1:colcon.colcon_core.package_identification:_identify(log) by extension 'ignore'
[0.305s] Level 1:colcon.colcon_core.package_identification:_identify(log) ignored
[0.305s] Level 1:colcon.colcon_core.package_identification:_identify(src) by extensions ['ignore', 'ignore_ament_install']
[0.305s] Level 1:colcon.colcon_core.package_identification:_identify(src) by extension 'ignore'
[0.306s] Level 1:colcon.colcon_core.package_identification:_identify(src) by extension 'ignore_ament_install'
[0.306s] Level 1:colcon.colcon_core.package_identification:_identify(src) by extensions ['colcon_pkg']
[0.306s] Level 1:colcon.colcon_core.package_identification:_identify(src) by extension 'colcon_pkg'
[0.306s] Level 1:colcon.colcon_core.package_identification:_identify(src) by extensions ['colcon_meta']
[0.306s] Level 1:colcon.colcon_core.package_identification:_identify(src) by extension 'colcon_meta'
[0.306s] Level 1:colcon.colcon_core.package_identification:_identify(src) by extensions ['ros']
[0.306s] Level 1:colcon.colcon_core.package_identification:_identify(src) by extension 'ros'
[0.306s] Level 1:colcon.colcon_core.package_identification:_identify(src) by extensions ['cmake', 'python']
[0.306s] Level 1:colcon.colcon_core.package_identification:_identify(src) by extension 'cmake'
[0.306s] Level 1:colcon.colcon_core.package_identification:_identify(src) by extension 'python'
[0.306s] Level 1:colcon.colcon_core.package_identification:_identify(src) by extensions ['python_setup_py']
[0.306s] Level 1:colcon.colcon_core.package_identification:_identify(src) by extension 'python_setup_py'
[0.306s] Level 1:colcon.colcon_core.package_identification:_identify(src/drone_racing_ros2) by extensions ['ignore', 'ignore_ament_install']
[0.306s] Level 1:colcon.colcon_core.package_identification:_identify(src/drone_racing_ros2) by extension 'ignore'
[0.306s] Level 1:colcon.colcon_core.package_identification:_identify(src/drone_racing_ros2) by extension 'ignore_ament_install'
[0.306s] Level 1:colcon.colcon_core.package_identification:_identify(src/drone_racing_ros2) by extensions ['colcon_pkg']
[0.306s] Level 1:colcon.colcon_core.package_identification:_identify(src/drone_racing_ros2) by extension 'colcon_pkg'
[0.306s] Level 1:colcon.colcon_core.package_identification:_identify(src/drone_racing_ros2) by extensions ['colcon_meta']
[0.306s] Level 1:colcon.colcon_core.package_identification:_identify(src/drone_racing_ros2) by extension 'colcon_meta'
[0.307s] Level 1:colcon.colcon_core.package_identification:_identify(src/drone_racing_ros2) by extensions ['ros']
[0.307s] Level 1:colcon.colcon_core.package_identification:_identify(src/drone_racing_ros2) by extension 'ros'
[0.307s] Level 1:colcon.colcon_core.package_identification:_identify(src/drone_racing_ros2) by extensions ['cmake', 'python']
[0.307s] Level 1:colcon.colcon_core.package_identification:_identify(src/drone_racing_ros2) by extension 'cmake'
[0.307s] Level 1:colcon.colcon_core.package_identification:_identify(src/drone_racing_ros2) by extension 'python'
[0.307s] Level 1:colcon.colcon_core.package_identification:_identify(src/drone_racing_ros2) by extensions ['python_setup_py']
[0.307s] Level 1:colcon.colcon_core.package_identification:_identify(src/drone_racing_ros2) by extension 'python_setup_py'
[0.307s] Level 1:colcon.colcon_core.package_identification:_identify(src/drone_racing_ros2/ros2_shared) by extensions ['ignore', 'ignore_ament_install']
[0.307s] Level 1:colcon.colcon_core.package_identification:_identify(src/drone_racing_ros2/ros2_shared) by extension 'ignore'
[0.307s] Level 1:colcon.colcon_core.package_identification:_identify(src/drone_racing_ros2/ros2_shared) by extension 'ignore_ament_install'
[0.307s] Level 1:colcon.colcon_core.package_identification:_identify(src/drone_racing_ros2/ros2_shared) by extensions ['colcon_pkg']
[0.307s] Level 1:colcon.colcon_core.package_identification:_identify(src/drone_racing_ros2/ros2_shared) by extension 'colcon_pkg'
[0.307s] Level 1:colcon.colcon_core.package_identification:_identify(src/drone_racing_ros2/ros2_shared) by extensions ['colcon_meta']
[0.307s] Level 1:colcon.colcon_core.package_identification:_identify(src/drone_racing_ros2/ros2_shared) by extension 'colcon_meta'
[0.307s] Level 1:colcon.colcon_core.package_identification:_identify(src/drone_racing_ros2/ros2_shared) by extensions ['ros']
[0.307s] Level 1:colcon.colcon_core.package_identification:_identify(src/drone_racing_ros2/ros2_shared) by extension 'ros'
[0.310s] DEBUG:colcon.colcon_core.package_identification:Package 'src/drone_racing_ros2/ros2_shared' with type 'ros.ament_cmake' and name 'ros2_shared'
[0.311s] Level 1:colcon.colcon_core.package_identification:_identify(src/drone_racing_ros2/tello_ros) by extensions ['ignore', 'ignore_ament_install']
[0.311s] Level 1:colcon.colcon_core.package_identification:_identify(src/drone_racing_ros2/tello_ros) by extension 'ignore'
[0.311s] Level 1:colcon.colcon_core.package_identification:_identify(src/drone_racing_ros2/tello_ros) by extension 'ignore_ament_install'
[0.311s] Level 1:colcon.colcon_core.package_identification:_identify(src/drone_racing_ros2/tello_ros) by extensions ['colcon_pkg']
[0.311s] Level 1:colcon.colcon_core.package_identification:_identify(src/drone_racing_ros2/tello_ros) by extension 'colcon_pkg'
[0.311s] Level 1:colcon.colcon_core.package_identification:_identify(src/drone_racing_ros2/tello_ros) by extensions ['colcon_meta']
[0.311s] Level 1:colcon.colcon_core.package_identification:_identify(src/drone_racing_ros2/tello_ros) by extension 'colcon_meta'
[0.311s] Level 1:colcon.colcon_core.package_identification:_identify(src/drone_racing_ros2/tello_ros) by extensions ['ros']
[0.311s] Level 1:colcon.colcon_core.package_identification:_identify(src/drone_racing_ros2/tello_ros) by extension 'ros'
[0.311s] Level 1:colcon.colcon_core.package_identification:_identify(src/drone_racing_ros2/tello_ros) by extensions ['cmake', 'python']
[0.311s] Level 1:colcon.colcon_core.package_identification:_identify(src/drone_racing_ros2/tello_ros) by extension 'cmake'
[0.311s] Level 1:colcon.colcon_core.package_identification:_identify(src/drone_racing_ros2/tello_ros) by extension 'python'
[0.311s] Level 1:colcon.colcon_core.package_identification:_identify(src/drone_racing_ros2/tello_ros) by extensions ['python_setup_py']
[0.311s] Level 1:colcon.colcon_core.package_identification:_identify(src/drone_racing_ros2/tello_ros) by extension 'python_setup_py'
[0.311s] Level 1:colcon.colcon_core.package_identification:_identify(src/drone_racing_ros2/tello_ros/docker) by extensions ['ignore', 'ignore_ament_install']
[0.311s] Level 1:colcon.colcon_core.package_identification:_identify(src/drone_racing_ros2/tello_ros/docker) by extension 'ignore'
[0.311s] Level 1:colcon.colcon_core.package_identification:_identify(src/drone_racing_ros2/tello_ros/docker) by extension 'ignore_ament_install'
[0.311s] Level 1:colcon.colcon_core.package_identification:_identify(src/drone_racing_ros2/tello_ros/docker) by extensions ['colcon_pkg']
[0.311s] Level 1:colcon.colcon_core.package_identification:_identify(src/drone_racing_ros2/tello_ros/docker) by extension 'colcon_pkg'
[0.311s] Level 1:colcon.colcon_core.package_identification:_identify(src/drone_racing_ros2/tello_ros/docker) by extensions ['colcon_meta']
[0.311s] Level 1:colcon.colcon_core.package_identification:_identify(src/drone_racing_ros2/tello_ros/docker) by extension 'colcon_meta'
[0.311s] Level 1:colcon.colcon_core.package_identification:_identify(src/drone_racing_ros2/tello_ros/docker) by extensions ['ros']
[0.311s] Level 1:colcon.colcon_core.package_identification:_identify(src/drone_racing_ros2/tello_ros/docker) by extension 'ros'
[0.311s] Level 1:colcon.colcon_core.package_identification:_identify(src/drone_racing_ros2/tello_ros/docker) by extensions ['cmake', 'python']
[0.311s] Level 1:colcon.colcon_core.package_identification:_identify(src/drone_racing_ros2/tello_ros/docker) by extension 'cmake'
[0.311s] Level 1:colcon.colcon_core.package_identification:_identify(src/drone_racing_ros2/tello_ros/docker) by extension 'python'
[0.311s] Level 1:colcon.colcon_core.package_identification:_identify(src/drone_racing_ros2/tello_ros/docker) by extensions ['python_setup_py']
[0.311s] Level 1:colcon.colcon_core.package_identification:_identify(src/drone_racing_ros2/tello_ros/docker) by extension 'python_setup_py'
[0.311s] Level 1:colcon.colcon_core.package_identification:_identify(src/drone_racing_ros2/tello_ros/tello_description) by extensions ['ignore', 'ignore_ament_install']
[0.311s] Level 1:colcon.colcon_core.package_identification:_identify(src/drone_racing_ros2/tello_ros/tello_description) by extension 'ignore'
[0.312s] Level 1:colcon.colcon_core.package_identification:_identify(src/drone_racing_ros2/tello_ros/tello_description) by extension 'ignore_ament_install'
[0.312s] Level 1:colcon.colcon_core.package_identification:_identify(src/drone_racing_ros2/tello_ros/tello_description) by extensions ['colcon_pkg']
[0.312s] Level 1:colcon.colcon_core.package_identification:_identify(src/drone_racing_ros2/tello_ros/tello_description) by extension 'colcon_pkg'
[0.312s] Level 1:colcon.colcon_core.package_identification:_identify(src/drone_racing_ros2/tello_ros/tello_description) by extensions ['colcon_meta']
[0.312s] Level 1:colcon.colcon_core.package_identification:_identify(src/drone_racing_ros2/tello_ros/tello_description) by extension 'colcon_meta'
[0.312s] Level 1:colcon.colcon_core.package_identification:_identify(src/drone_racing_ros2/tello_ros/tello_description) by extensions ['ros']
[0.312s] Level 1:colcon.colcon_core.package_identification:_identify(src/drone_racing_ros2/tello_ros/tello_description) by extension 'ros'
[0.313s] DEBUG:colcon.colcon_core.package_identification:Package 'src/drone_racing_ros2/tello_ros/tello_description' with type 'ros.ament_cmake' and name 'tello_description'
[0.313s] Level 1:colcon.colcon_core.package_identification:_identify(src/drone_racing_ros2/tello_ros/tello_driver) by extensions ['ignore', 'ignore_ament_install']
[0.313s] Level 1:colcon.colcon_core.package_identification:_identify(src/drone_racing_ros2/tello_ros/tello_driver) by extension 'ignore'
[0.314s] Level 1:colcon.colcon_core.package_identification:_identify(src/drone_racing_ros2/tello_ros/tello_driver) by extension 'ignore_ament_install'
[0.314s] Level 1:colcon.colcon_core.package_identification:_identify(src/drone_racing_ros2/tello_ros/tello_driver) by extensions ['colcon_pkg']
[0.314s] Level 1:colcon.colcon_core.package_identification:_identify(src/drone_racing_ros2/tello_ros/tello_driver) by extension 'colcon_pkg'
[0.314s] Level 1:colcon.colcon_core.package_identification:_identify(src/drone_racing_ros2/tello_ros/tello_driver) by extensions ['colcon_meta']
[0.314s] Level 1:colcon.colcon_core.package_identification:_identify(src/drone_racing_ros2/tello_ros/tello_driver) by extension 'colcon_meta'
[0.314s] Level 1:colcon.colcon_core.package_identification:_identify(src/drone_racing_ros2/tello_ros/tello_driver) by extensions ['ros']
[0.314s] Level 1:colcon.colcon_core.package_identification:_identify(src/drone_racing_ros2/tello_ros/tello_driver) by extension 'ros'
[0.316s] DEBUG:colcon.colcon_core.package_identification:Package 'src/drone_racing_ros2/tello_ros/tello_driver' with type 'ros.ament_cmake' and name 'tello_driver'
[0.316s] Level 1:colcon.colcon_core.package_identification:_identify(src/drone_racing_ros2/tello_ros/tello_gazebo) by extensions ['ignore', 'ignore_ament_install']
[0.316s] Level 1:colcon.colcon_core.package_identification:_identify(src/drone_racing_ros2/tello_ros/tello_gazebo) by extension 'ignore'
[0.316s] Level 1:colcon.colcon_core.package_identification:_identify(src/drone_racing_ros2/tello_ros/tello_gazebo) by extension 'ignore_ament_install'
[0.316s] Level 1:colcon.colcon_core.package_identification:_identify(src/drone_racing_ros2/tello_ros/tello_gazebo) by extensions ['colcon_pkg']
[0.316s] Level 1:colcon.colcon_core.package_identification:_identify(src/drone_racing_ros2/tello_ros/tello_gazebo) by extension 'colcon_pkg'
[0.316s] Level 1:colcon.colcon_core.package_identification:_identify(src/drone_racing_ros2/tello_ros/tello_gazebo) by extensions ['colcon_meta']
[0.316s] Level 1:colcon.colcon_core.package_identification:_identify(src/drone_racing_ros2/tello_ros/tello_gazebo) by extension 'colcon_meta'
[0.316s] Level 1:colcon.colcon_core.package_identification:_identify(src/drone_racing_ros2/tello_ros/tello_gazebo) by extensions ['ros']
[0.316s] Level 1:colcon.colcon_core.package_identification:_identify(src/drone_racing_ros2/tello_ros/tello_gazebo) by extension 'ros'
[0.317s] DEBUG:colcon.colcon_core.package_identification:Package 'src/drone_racing_ros2/tello_ros/tello_gazebo' with type 'ros.ament_cmake' and name 'tello_gazebo'
[0.317s] Level 1:colcon.colcon_core.package_identification:_identify(src/drone_racing_ros2/tello_ros/tello_msgs) by extensions ['ignore', 'ignore_ament_install']
[0.317s] Level 1:colcon.colcon_core.package_identification:_identify(src/drone_racing_ros2/tello_ros/tello_msgs) by extension 'ignore'
[0.317s] Level 1:colcon.colcon_core.package_identification:_identify(src/drone_racing_ros2/tello_ros/tello_msgs) by extension 'ignore_ament_install'
[0.317s] Level 1:colcon.colcon_core.package_identification:_identify(src/drone_racing_ros2/tello_ros/tello_msgs) by extensions ['colcon_pkg']
[0.317s] Level 1:colcon.colcon_core.package_identification:_identify(src/drone_racing_ros2/tello_ros/tello_msgs) by extension 'colcon_pkg'
[0.317s] Level 1:colcon.colcon_core.package_identification:_identify(src/drone_racing_ros2/tello_ros/tello_msgs) by extensions ['colcon_meta']
[0.317s] Level 1:colcon.colcon_core.package_identification:_identify(src/drone_racing_ros2/tello_ros/tello_msgs) by extension 'colcon_meta'
[0.317s] Level 1:colcon.colcon_core.package_identification:_identify(src/drone_racing_ros2/tello_ros/tello_msgs) by extensions ['ros']
[0.317s] Level 1:colcon.colcon_core.package_identification:_identify(src/drone_racing_ros2/tello_ros/tello_msgs) by extension 'ros'
[0.318s] DEBUG:colcon.colcon_core.package_identification:Package 'src/drone_racing_ros2/tello_ros/tello_msgs' with type 'ros.ament_cmake' and name 'tello_msgs'
[0.318s] Level 1:colcon.colcon_core.package_identification:_identify(src/own_package) by extensions ['ignore', 'ignore_ament_install']
[0.318s] Level 1:colcon.colcon_core.package_identification:_identify(src/own_package) by extension 'ignore'
[0.318s] Level 1:colcon.colcon_core.package_identification:_identify(src/own_package) by extension 'ignore_ament_install'
[0.318s] Level 1:colcon.colcon_core.package_identification:_identify(src/own_package) by extensions ['colcon_pkg']
[0.318s] Level 1:colcon.colcon_core.package_identification:_identify(src/own_package) by extension 'colcon_pkg'
[0.318s] Level 1:colcon.colcon_core.package_identification:_identify(src/own_package) by extensions ['colcon_meta']
[0.318s] Level 1:colcon.colcon_core.package_identification:_identify(src/own_package) by extension 'colcon_meta'
[0.318s] Level 1:colcon.colcon_core.package_identification:_identify(src/own_package) by extensions ['ros']
[0.318s] Level 1:colcon.colcon_core.package_identification:_identify(src/own_package) by extension 'ros'
[0.318s] DEBUG:colcon.colcon_core.package_identification:Package 'src/own_package' with type 'ros.ament_python' and name 'own_package'
[0.318s] Level 1:colcon.colcon_core.package_discovery:discover_packages(recursive) using defaults
[0.319s] Level 1:colcon.colcon_core.package_discovery:discover_packages(ignore) discover
[0.319s] Level 1:colcon.colcon_core.package_discovery:discover_packages(ignore) using defaults
[0.319s] Level 1:colcon.colcon_core.package_discovery:discover_packages(path) discover
[0.319s] Level 1:colcon.colcon_core.package_discovery:discover_packages(path) using defaults
[0.353s] Level 1:colcon.colcon_core.package_discovery:discover_packages(prefix_path) check parameters
[0.353s] Level 1:colcon.colcon_core.package_discovery:discover_packages(prefix_path) discover
[0.354s] WARNING:colcon.colcon_ros.prefix_path.ament:The path '/home/eeavir/drone_ws/install/drone_image_viewer' in the environment variable AMENT_PREFIX_PATH doesn't exist
[0.354s] DEBUG:colcon.colcon_installed_package_information.package_discovery:Found 6 installed packages in /home/eeavir/drone_ws/install
[0.355s] DEBUG:colcon.colcon_installed_package_information.package_discovery:Found 275 installed packages in /opt/ros/galactic
[0.356s] Level 1:colcon.colcon_core.package_discovery:discover_packages(prefix_path) using defaults
[0.402s] Level 5:colcon.colcon_core.verb:set package 'own_package' build argument 'cmake_args' from command line to 'None'
[0.402s] Level 5:colcon.colcon_core.verb:set package 'own_package' build argument 'cmake_target' from command line to 'None'
[0.402s] Level 5:colcon.colcon_core.verb:set package 'own_package' build argument 'cmake_target_skip_unavailable' from command line to 'False'
[0.402s] Level 5:colcon.colcon_core.verb:set package 'own_package' build argument 'cmake_clean_cache' from command line to 'False'
[0.402s] Level 5:colcon.colcon_core.verb:set package 'own_package' build argument 'cmake_clean_first' from command line to 'False'
[0.402s] Level 5:colcon.colcon_core.verb:set package 'own_package' build argument 'cmake_force_configure' from command line to 'False'
[0.402s] Level 5:colcon.colcon_core.verb:set package 'own_package' build argument 'ament_cmake_args' from command line to 'None'
[0.402s] Level 5:colcon.colcon_core.verb:set package 'own_package' build argument 'catkin_cmake_args' from command line to 'None'
[0.402s] Level 5:colcon.colcon_core.verb:set package 'own_package' build argument 'catkin_skip_building_tests' from command line to 'False'
[0.402s] DEBUG:colcon.colcon_core.verb:Building package 'own_package' with the following arguments: {'ament_cmake_args': None, 'build_base': '/home/eeavir/drone_ws/build/own_package', 'catkin_cmake_args': None, 'catkin_skip_building_tests': False, 'cmake_args': None, 'cmake_clean_cache': False, 'cmake_clean_first': False, 'cmake_force_configure': False, 'cmake_target': None, 'cmake_target_skip_unavailable': False, 'install_base': '/home/eeavir/drone_ws/install/own_package', 'merge_install': False, 'path': '/home/eeavir/drone_ws/src/own_package', 'symlink_install': False, 'test_result_base': None}
[0.403s] Level 5:colcon.colcon_core.verb:set package 'ros2_shared' build argument 'cmake_args' from command line to 'None'
[0.403s] Level 5:colcon.colcon_core.verb:set package 'ros2_shared' build argument 'cmake_target' from command line to 'None'
[0.403s] Level 5:colcon.colcon_core.verb:set package 'ros2_shared' build argument 'cmake_target_skip_unavailable' from command line to 'False'
[0.403s] Level 5:colcon.colcon_core.verb:set package 'ros2_shared' build argument 'cmake_clean_cache' from command line to 'False'
[0.403s] Level 5:colcon.colcon_core.verb:set package 'ros2_shared' build argument 'cmake_clean_first' from command line to 'False'
[0.403s] Level 5:colcon.colcon_core.verb:set package 'ros2_shared' build argument 'cmake_force_configure' from command line to 'False'
[0.403s] Level 5:colcon.colcon_core.verb:set package 'ros2_shared' build argument 'ament_cmake_args' from command line to 'None'
[0.403s] Level 5:colcon.colcon_core.verb:set package 'ros2_shared' build argument 'catkin_cmake_args' from command line to 'None'
[0.403s] Level 5:colcon.colcon_core.verb:set package 'ros2_shared' build argument 'catkin_skip_building_tests' from command line to 'False'
[0.403s] DEBUG:colcon.colcon_core.verb:Building package 'ros2_shared' with the following arguments: {'ament_cmake_args': None, 'build_base': '/home/eeavir/drone_ws/build/ros2_shared', 'catkin_cmake_args': None, 'catkin_skip_building_tests': False, 'cmake_args': None, 'cmake_clean_cache': False, 'cmake_clean_first': False, 'cmake_force_configure': False, 'cmake_target': None, 'cmake_target_skip_unavailable': False, 'install_base': '/home/eeavir/drone_ws/install/ros2_shared', 'merge_install': False, 'path': '/home/eeavir/drone_ws/src/drone_racing_ros2/ros2_shared', 'symlink_install': False, 'test_result_base': None}
[0.403s] Level 5:colcon.colcon_core.verb:set package 'tello_description' build argument 'cmake_args' from command line to 'None'
[0.403s] Level 5:colcon.colcon_core.verb:set package 'tello_description' build argument 'cmake_target' from command line to 'None'
[0.403s] Level 5:colcon.colcon_core.verb:set package 'tello_description' build argument 'cmake_target_skip_unavailable' from command line to 'False'
[0.403s] Level 5:colcon.colcon_core.verb:set package 'tello_description' build argument 'cmake_clean_cache' from command line to 'False'
[0.403s] Level 5:colcon.colcon_core.verb:set package 'tello_description' build argument 'cmake_clean_first' from command line to 'False'
[0.403s] Level 5:colcon.colcon_core.verb:set package 'tello_description' build argument 'cmake_force_configure' from command line to 'False'
[0.403s] Level 5:colcon.colcon_core.verb:set package 'tello_description' build argument 'ament_cmake_args' from command line to 'None'
[0.403s] Level 5:colcon.colcon_core.verb:set package 'tello_description' build argument 'catkin_cmake_args' from command line to 'None'
[0.403s] Level 5:colcon.colcon_core.verb:set package 'tello_description' build argument 'catkin_skip_building_tests' from command line to 'False'
[0.403s] DEBUG:colcon.colcon_core.verb:Building package 'tello_description' with the following arguments: {'ament_cmake_args': None, 'build_base': '/home/eeavir/drone_ws/build/tello_description', 'catkin_cmake_args': None, 'catkin_skip_building_tests': False, 'cmake_args': None, 'cmake_clean_cache': False, 'cmake_clean_first': False, 'cmake_force_configure': False, 'cmake_target': None, 'cmake_target_skip_unavailable': False, 'install_base': '/home/eeavir/drone_ws/install/tello_description', 'merge_install': False, 'path': '/home/eeavir/drone_ws/src/drone_racing_ros2/tello_ros/tello_description', 'symlink_install': False, 'test_result_base': None}
[0.403s] Level 5:colcon.colcon_core.verb:set package 'tello_msgs' build argument 'cmake_args' from command line to 'None'
[0.403s] Level 5:colcon.colcon_core.verb:set package 'tello_msgs' build argument 'cmake_target' from command line to 'None'
[0.403s] Level 5:colcon.colcon_core.verb:set package 'tello_msgs' build argument 'cmake_target_skip_unavailable' from command line to 'False'
[0.403s] Level 5:colcon.colcon_core.verb:set package 'tello_msgs' build argument 'cmake_clean_cache' from command line to 'False'
[0.404s] Level 5:colcon.colcon_core.verb:set package 'tello_msgs' build argument 'cmake_clean_first' from command line to 'False'
[0.404s] Level 5:colcon.colcon_core.verb:set package 'tello_msgs' build argument 'cmake_force_configure' from command line to 'False'
[0.404s] Level 5:colcon.colcon_core.verb:set package 'tello_msgs' build argument 'ament_cmake_args' from command line to 'None'
[0.404s] Level 5:colcon.colcon_core.verb:set package 'tello_msgs' build argument 'catkin_cmake_args' from command line to 'None'
[0.404s] Level 5:colcon.colcon_core.verb:set package 'tello_msgs' build argument 'catkin_skip_building_tests' from command line to 'False'
[0.404s] DEBUG:colcon.colcon_core.verb:Building package 'tello_msgs' with the following arguments: {'ament_cmake_args': None, 'build_base': '/home/eeavir/drone_ws/build/tello_msgs', 'catkin_cmake_args': None, 'catkin_skip_building_tests': False, 'cmake_args': None, 'cmake_clean_cache': False, 'cmake_clean_first': False, 'cmake_force_configure': False, 'cmake_target': None, 'cmake_target_skip_unavailable': False, 'install_base': '/home/eeavir/drone_ws/install/tello_msgs', 'merge_install': False, 'path': '/home/eeavir/drone_ws/src/drone_racing_ros2/tello_ros/tello_msgs', 'symlink_install': False, 'test_result_base': None}
[0.404s] Level 5:colcon.colcon_core.verb:set package 'tello_driver' build argument 'cmake_args' from command line to 'None'
[0.404s] Level 5:colcon.colcon_core.verb:set package 'tello_driver' build argument 'cmake_target' from command line to 'None'
[0.404s] Level 5:colcon.colcon_core.verb:set package 'tello_driver' build argument 'cmake_target_skip_unavailable' from command line to 'False'
[0.404s] Level 5:colcon.colcon_core.verb:set package 'tello_driver' build argument 'cmake_clean_cache' from command line to 'False'
[0.404s] Level 5:colcon.colcon_core.verb:set package 'tello_driver' build argument 'cmake_clean_first' from command line to 'False'
[0.404s] Level 5:colcon.colcon_core.verb:set package 'tello_driver' build argument 'cmake_force_configure' from command line to 'False'
[0.404s] Level 5:colcon.colcon_core.verb:set package 'tello_driver' build argument 'ament_cmake_args' from command line to 'None'
[0.404s] Level 5:colcon.colcon_core.verb:set package 'tello_driver' build argument 'catkin_cmake_args' from command line to 'None'
[0.404s] Level 5:colcon.colcon_core.verb:set package 'tello_driver' build argument 'catkin_skip_building_tests' from command line to 'False'
[0.404s] DEBUG:colcon.colcon_core.verb:Building package 'tello_driver' with the following arguments: {'ament_cmake_args': None, 'build_base': '/home/eeavir/drone_ws/build/tello_driver', 'catkin_cmake_args': None, 'catkin_skip_building_tests': False, 'cmake_args': None, 'cmake_clean_cache': False, 'cmake_clean_first': False, 'cmake_force_configure': False, 'cmake_target': None, 'cmake_target_skip_unavailable': False, 'install_base': '/home/eeavir/drone_ws/install/tello_driver', 'merge_install': False, 'path': '/home/eeavir/drone_ws/src/drone_racing_ros2/tello_ros/tello_driver', 'symlink_install': False, 'test_result_base': None}
[0.404s] Level 5:colcon.colcon_core.verb:set package 'tello_gazebo' build argument 'cmake_args' from command line to 'None'
[0.404s] Level 5:colcon.colcon_core.verb:set package 'tello_gazebo' build argument 'cmake_target' from command line to 'None'
[0.404s] Level 5:colcon.colcon_core.verb:set package 'tello_gazebo' build argument 'cmake_target_skip_unavailable' from command line to 'False'
[0.404s] Level 5:colcon.colcon_core.verb:set package 'tello_gazebo' build argument 'cmake_clean_cache' from command line to 'False'
[0.404s] Level 5:colcon.colcon_core.verb:set package 'tello_gazebo' build argument 'cmake_clean_first' from command line to 'False'
[0.404s] Level 5:colcon.colcon_core.verb:set package 'tello_gazebo' build argument 'cmake_force_configure' from command line to 'False'
[0.404s] Level 5:colcon.colcon_core.verb:set package 'tello_gazebo' build argument 'ament_cmake_args' from command line to 'None'
[0.404s] Level 5:colcon.colcon_core.verb:set package 'tello_gazebo' build argument 'catkin_cmake_args' from command line to 'None'
[0.404s] Level 5:colcon.colcon_core.verb:set package 'tello_gazebo' build argument 'catkin_skip_building_tests' from command line to 'False'
[0.404s] DEBUG:colcon.colcon_core.verb:Building package 'tello_gazebo' with the following arguments: {'ament_cmake_args': None, 'build_base': '/home/eeavir/drone_ws/build/tello_gazebo', 'catkin_cmake_args': None, 'catkin_skip_building_tests': False, 'cmake_args': None, 'cmake_clean_cache': False, 'cmake_clean_first': False, 'cmake_force_configure': False, 'cmake_target': None, 'cmake_target_skip_unavailable': False, 'install_base': '/home/eeavir/drone_ws/install/tello_gazebo', 'merge_install': False, 'path': '/home/eeavir/drone_ws/src/drone_racing_ros2/tello_ros/tello_gazebo', 'symlink_install': False, 'test_result_base': None}
[0.404s] INFO:colcon.colcon_core.executor:Executing jobs using 'parallel' executor
[0.405s] DEBUG:colcon.colcon_parallel_executor.executor.parallel:run_until_complete
[0.406s] INFO:colcon.colcon_ros.task.ament_cmake.build:Building ROS package in '/home/eeavir/drone_ws/src/drone_racing_ros2/tello_ros/tello_msgs' with build type 'ament_cmake'
[0.406s] INFO:colcon.colcon_cmake.task.cmake.build:Building CMake package in '/home/eeavir/drone_ws/src/drone_racing_ros2/tello_ros/tello_msgs'
[0.407s] INFO:colcon.colcon_core.plugin_system:Skipping extension 'colcon_core.shell.bat': Not used on non-Windows systems
[0.407s] INFO:colcon.colcon_core.shell:Skip shell extension 'powershell' for command environment: Not usable outside of PowerShell
[0.407s] DEBUG:colcon.colcon_core.shell:Skip shell extension 'dsv' for command environment
[0.415s] INFO:colcon.colcon_ros.task.ament_cmake.build:Building ROS package in '/home/eeavir/drone_ws/src/drone_racing_ros2/ros2_shared' with build type 'ament_cmake'
[0.416s] INFO:colcon.colcon_cmake.task.cmake.build:Building CMake package in '/home/eeavir/drone_ws/src/drone_racing_ros2/ros2_shared'
[0.416s] INFO:colcon.colcon_core.shell:Skip shell extension 'powershell' for command environment: Not usable outside of PowerShell
[0.417s] DEBUG:colcon.colcon_core.shell:Skip shell extension 'dsv' for command environment
[0.426s] INFO:colcon.colcon_ros.task.ament_python.build:Building ROS package in '/home/eeavir/drone_ws/src/own_package' with build type 'ament_python'
[0.426s] Level 1:colcon.colcon_core.shell:create_environment_hook('own_package', 'ament_prefix_path')
[0.427s] INFO:colcon.colcon_core.shell:Creating environment hook '/home/eeavir/drone_ws/install/own_package/share/own_package/hook/ament_prefix_path.ps1'
[0.429s] INFO:colcon.colcon_core.shell:Creating environment descriptor '/home/eeavir/drone_ws/install/own_package/share/own_package/hook/ament_prefix_path.dsv'
[0.429s] INFO:colcon.colcon_core.shell:Creating environment hook '/home/eeavir/drone_ws/install/own_package/share/own_package/hook/ament_prefix_path.sh'
[0.430s] INFO:colcon.colcon_core.shell:Skip shell extension 'powershell' for command environment: Not usable outside of PowerShell
[0.430s] DEBUG:colcon.colcon_core.shell:Skip shell extension 'dsv' for command environment
[0.435s] INFO:colcon.colcon_ros.task.ament_cmake.build:Building ROS package in '/home/eeavir/drone_ws/src/drone_racing_ros2/tello_ros/tello_description' with build type 'ament_cmake'
[0.435s] INFO:colcon.colcon_cmake.task.cmake.build:Building CMake package in '/home/eeavir/drone_ws/src/drone_racing_ros2/tello_ros/tello_description'
[0.435s] INFO:colcon.colcon_core.shell:Skip shell extension 'powershell' for command environment: Not usable outside of PowerShell
[0.435s] DEBUG:colcon.colcon_core.shell:Skip shell extension 'dsv' for command environment
[0.444s] DEBUG:colcon.colcon_core.event_handler.log_command:Invoking command in '/home/eeavir/drone_ws/build/tello_msgs': CMAKE_PREFIX_PATH=${CMAKE_PREFIX_PATH}:/home/eeavir/drone_ws/install/own_package:/home/eeavir/drone_ws/install/drone_image_viewer:/opt/ros/galactic /usr/bin/cmake --build /home/eeavir/drone_ws/build/tello_msgs -- -j8 -l8
[0.455s] DEBUG:colcon.colcon_core.event_handler.log_command:Invoking command in '/home/eeavir/drone_ws/build/ros2_shared': CMAKE_PREFIX_PATH=${CMAKE_PREFIX_PATH}:/home/eeavir/drone_ws/install/own_package:/home/eeavir/drone_ws/install/drone_image_viewer:/opt/ros/galactic /usr/bin/cmake --build /home/eeavir/drone_ws/build/ros2_shared -- -j8 -l8
[0.709s] INFO:colcon.colcon_core.task.python.build:Building Python package in '/home/eeavir/drone_ws/src/own_package'
[0.710s] INFO:colcon.colcon_core.shell:Skip shell extension 'powershell' for command environment: Not usable outside of PowerShell
[0.710s] DEBUG:colcon.colcon_core.shell:Skip shell extension 'dsv' for command environment
[0.724s] DEBUG:colcon.colcon_core.event_handler.log_command:Invoking command in '/home/eeavir/drone_ws/build/tello_description': CMAKE_PREFIX_PATH=${CMAKE_PREFIX_PATH}:/home/eeavir/drone_ws/install/own_package:/home/eeavir/drone_ws/install/drone_image_viewer:/opt/ros/galactic /usr/bin/cmake --build /home/eeavir/drone_ws/build/tello_description -- -j8 -l8
[0.728s] DEBUG:colcon.colcon_core.event_handler.log_command:Invoked command in '/home/eeavir/drone_ws/build/ros2_shared' returned '0': CMAKE_PREFIX_PATH=${CMAKE_PREFIX_PATH}:/home/eeavir/drone_ws/install/own_package:/home/eeavir/drone_ws/install/drone_image_viewer:/opt/ros/galactic /usr/bin/cmake --build /home/eeavir/drone_ws/build/ros2_shared -- -j8 -l8
[0.744s] DEBUG:colcon.colcon_core.event_handler.log_command:Invoking command in '/home/eeavir/drone_ws/build/ros2_shared': CMAKE_PREFIX_PATH=${CMAKE_PREFIX_PATH}:/home/eeavir/drone_ws/install/own_package:/home/eeavir/drone_ws/install/drone_image_viewer:/opt/ros/galactic /usr/bin/cmake --install /home/eeavir/drone_ws/build/ros2_shared
[0.746s] DEBUG:colcon.colcon_core.event_handler.log_command:Invoked command in '/home/eeavir/drone_ws/build/tello_msgs' returned '0': CMAKE_PREFIX_PATH=${CMAKE_PREFIX_PATH}:/home/eeavir/drone_ws/install/own_package:/home/eeavir/drone_ws/install/drone_image_viewer:/opt/ros/galactic /usr/bin/cmake --build /home/eeavir/drone_ws/build/tello_msgs -- -j8 -l8
[0.751s] DEBUG:colcon.colcon_core.event_handler.log_command:Invoking command in '/home/eeavir/drone_ws/build/tello_msgs': CMAKE_PREFIX_PATH=${CMAKE_PREFIX_PATH}:/home/eeavir/drone_ws/install/own_package:/home/eeavir/drone_ws/install/drone_image_viewer:/opt/ros/galactic /usr/bin/cmake --install /home/eeavir/drone_ws/build/tello_msgs
[0.761s] Level 1:colcon.colcon_core.environment:create_environment_scripts_only(ros2_shared)
[0.762s] DEBUG:colcon.colcon_core.event_handler.log_command:Invoked command in '/home/eeavir/drone_ws/build/ros2_shared' returned '0': CMAKE_PREFIX_PATH=${CMAKE_PREFIX_PATH}:/home/eeavir/drone_ws/install/own_package:/home/eeavir/drone_ws/install/drone_image_viewer:/opt/ros/galactic /usr/bin/cmake --install /home/eeavir/drone_ws/build/ros2_shared
[0.777s] Level 1:colcon.colcon_core.environment:checking '/home/eeavir/drone_ws/install/ros2_shared' for CMake module files
[0.778s] Level 1:colcon.colcon_core.environment:checking '/home/eeavir/drone_ws/install/ros2_shared' for CMake config files
[0.778s] Level 1:colcon.colcon_core.shell:create_environment_hook('ros2_shared', 'cmake_prefix_path')
[0.778s] INFO:colcon.colcon_core.shell:Creating environment hook '/home/eeavir/drone_ws/install/ros2_shared/share/ros2_shared/hook/cmake_prefix_path.ps1'
[0.779s] INFO:colcon.colcon_core.shell:Creating environment descriptor '/home/eeavir/drone_ws/install/ros2_shared/share/ros2_shared/hook/cmake_prefix_path.dsv'
[0.779s] INFO:colcon.colcon_core.shell:Creating environment hook '/home/eeavir/drone_ws/install/ros2_shared/share/ros2_shared/hook/cmake_prefix_path.sh'
[0.780s] Level 1:colcon.colcon_core.environment:checking '/home/eeavir/drone_ws/install/ros2_shared/bin'
[0.780s] Level 1:colcon.colcon_core.environment:checking '/home/eeavir/drone_ws/install/ros2_shared/lib/pkgconfig/ros2_shared.pc'
[0.780s] Level 1:colcon.colcon_core.environment:checking '/home/eeavir/drone_ws/install/ros2_shared/lib/python3.8/site-packages'
[0.780s] Level 1:colcon.colcon_core.environment:checking '/home/eeavir/drone_ws/install/ros2_shared/bin'
[0.781s] INFO:colcon.colcon_core.shell:Creating package script '/home/eeavir/drone_ws/install/ros2_shared/share/ros2_shared/package.ps1'
[0.782s] INFO:colcon.colcon_core.shell:Creating package descriptor '/home/eeavir/drone_ws/install/ros2_shared/share/ros2_shared/package.dsv'
[0.782s] INFO:colcon.colcon_core.shell:Creating package script '/home/eeavir/drone_ws/install/ros2_shared/share/ros2_shared/package.sh'
[0.783s] INFO:colcon.colcon_core.shell:Creating package script '/home/eeavir/drone_ws/install/ros2_shared/share/ros2_shared/package.bash'
[0.784s] INFO:colcon.colcon_core.shell:Creating package script '/home/eeavir/drone_ws/install/ros2_shared/share/ros2_shared/package.zsh'
[0.784s] Level 1:colcon.colcon_core.environment:create_file_with_runtime_dependencies(/home/eeavir/drone_ws/install/ros2_shared/share/colcon-core/packages/ros2_shared)
[0.785s] Level 1:colcon.colcon_core.environment:create_environment_scripts_only(ros2_shared)
[0.785s] Level 1:colcon.colcon_core.environment:checking '/home/eeavir/drone_ws/install/ros2_shared' for CMake module files
[0.785s] Level 1:colcon.colcon_core.environment:checking '/home/eeavir/drone_ws/install/ros2_shared' for CMake config files
[0.786s] Level 1:colcon.colcon_core.shell:create_environment_hook('ros2_shared', 'cmake_prefix_path')
[0.786s] INFO:colcon.colcon_core.shell:Creating environment hook '/home/eeavir/drone_ws/install/ros2_shared/share/ros2_shared/hook/cmake_prefix_path.ps1'
[0.786s] INFO:colcon.colcon_core.shell:Creating environment descriptor '/home/eeavir/drone_ws/install/ros2_shared/share/ros2_shared/hook/cmake_prefix_path.dsv'
[0.786s] INFO:colcon.colcon_core.shell:Creating environment hook '/home/eeavir/drone_ws/install/ros2_shared/share/ros2_shared/hook/cmake_prefix_path.sh'
[0.787s] Level 1:colcon.colcon_core.environment:checking '/home/eeavir/drone_ws/install/ros2_shared/bin'
[0.787s] Level 1:colcon.colcon_core.environment:checking '/home/eeavir/drone_ws/install/ros2_shared/lib/pkgconfig/ros2_shared.pc'
[0.787s] Level 1:colcon.colcon_core.environment:checking '/home/eeavir/drone_ws/install/ros2_shared/lib/python3.8/site-packages'
[0.787s] Level 1:colcon.colcon_core.environment:checking '/home/eeavir/drone_ws/install/ros2_shared/bin'
[0.787s] INFO:colcon.colcon_core.shell:Creating package script '/home/eeavir/drone_ws/install/ros2_shared/share/ros2_shared/package.ps1'
[0.788s] INFO:colcon.colcon_core.shell:Creating package descriptor '/home/eeavir/drone_ws/install/ros2_shared/share/ros2_shared/package.dsv'
[0.791s] INFO:colcon.colcon_core.shell:Creating package script '/home/eeavir/drone_ws/install/ros2_shared/share/ros2_shared/package.sh'
[0.792s] INFO:colcon.colcon_core.shell:Creating package script '/home/eeavir/drone_ws/install/ros2_shared/share/ros2_shared/package.bash'
[0.792s] INFO:colcon.colcon_core.shell:Creating package script '/home/eeavir/drone_ws/install/ros2_shared/share/ros2_shared/package.zsh'
[0.793s] Level 1:colcon.colcon_core.environment:create_file_with_runtime_dependencies(/home/eeavir/drone_ws/install/ros2_shared/share/colcon-core/packages/ros2_shared)
[0.838s] Level 1:colcon.colcon_core.environment:create_environment_scripts_only(tello_msgs)
[0.839s] Level 1:colcon.colcon_core.environment:checking '/home/eeavir/drone_ws/install/tello_msgs' for CMake module files
[0.840s] DEBUG:colcon.colcon_core.event_handler.log_command:Invoked command in '/home/eeavir/drone_ws/build/tello_msgs' returned '0': CMAKE_PREFIX_PATH=${CMAKE_PREFIX_PATH}:/home/eeavir/drone_ws/install/own_package:/home/eeavir/drone_ws/install/drone_image_viewer:/opt/ros/galactic /usr/bin/cmake --install /home/eeavir/drone_ws/build/tello_msgs
[0.840s] Level 1:colcon.colcon_core.environment:checking '/home/eeavir/drone_ws/install/tello_msgs' for CMake config files
[0.841s] Level 1:colcon.colcon_core.shell:create_environment_hook('tello_msgs', 'cmake_prefix_path')
[0.841s] INFO:colcon.colcon_core.shell:Creating environment hook '/home/eeavir/drone_ws/install/tello_msgs/share/tello_msgs/hook/cmake_prefix_path.ps1'
[0.842s] INFO:colcon.colcon_core.shell:Creating environment descriptor '/home/eeavir/drone_ws/install/tello_msgs/share/tello_msgs/hook/cmake_prefix_path.dsv'
[0.842s] INFO:colcon.colcon_core.shell:Creating environment hook '/home/eeavir/drone_ws/install/tello_msgs/share/tello_msgs/hook/cmake_prefix_path.sh'
[0.843s] Level 1:colcon.colcon_core.environment:checking '/home/eeavir/drone_ws/install/tello_msgs/lib'
[0.843s] Level 1:colcon.colcon_core.shell:create_environment_hook('tello_msgs', 'ld_library_path_lib')
[0.843s] INFO:colcon.colcon_core.shell:Creating environment hook '/home/eeavir/drone_ws/install/tello_msgs/share/tello_msgs/hook/ld_library_path_lib.ps1'
[0.844s] INFO:colcon.colcon_core.shell:Creating environment descriptor '/home/eeavir/drone_ws/install/tello_msgs/share/tello_msgs/hook/ld_library_path_lib.dsv'
[0.844s] INFO:colcon.colcon_core.shell:Creating environment hook '/home/eeavir/drone_ws/install/tello_msgs/share/tello_msgs/hook/ld_library_path_lib.sh'
[0.844s] Level 1:colcon.colcon_core.environment:checking '/home/eeavir/drone_ws/install/tello_msgs/bin'
[0.844s] Level 1:colcon.colcon_core.environment:checking '/home/eeavir/drone_ws/install/tello_msgs/lib/pkgconfig/tello_msgs.pc'
[0.845s] Level 1:colcon.colcon_core.environment:checking '/home/eeavir/drone_ws/install/tello_msgs/lib/python3.8/site-packages'
[0.845s] Level 1:colcon.colcon_core.shell:create_environment_hook('tello_msgs', 'pythonpath')
[0.845s] INFO:colcon.colcon_core.shell:Creating environment hook '/home/eeavir/drone_ws/install/tello_msgs/share/tello_msgs/hook/pythonpath.ps1'
[0.845s] INFO:colcon.colcon_core.shell:Creating environment descriptor '/home/eeavir/drone_ws/install/tello_msgs/share/tello_msgs/hook/pythonpath.dsv'
[0.845s] INFO:colcon.colcon_core.shell:Creating environment hook '/home/eeavir/drone_ws/install/tello_msgs/share/tello_msgs/hook/pythonpath.sh'
[0.846s] Level 1:colcon.colcon_core.environment:checking '/home/eeavir/drone_ws/install/tello_msgs/bin'
[0.846s] INFO:colcon.colcon_core.shell:Creating package script '/home/eeavir/drone_ws/install/tello_msgs/share/tello_msgs/package.ps1'
[0.846s] INFO:colcon.colcon_core.shell:Creating package descriptor '/home/eeavir/drone_ws/install/tello_msgs/share/tello_msgs/package.dsv'
[0.847s] INFO:colcon.colcon_core.shell:Creating package script '/home/eeavir/drone_ws/install/tello_msgs/share/tello_msgs/package.sh'
[0.847s] INFO:colcon.colcon_core.shell:Creating package script '/home/eeavir/drone_ws/install/tello_msgs/share/tello_msgs/package.bash'
[0.847s] INFO:colcon.colcon_core.shell:Creating package script '/home/eeavir/drone_ws/install/tello_msgs/share/tello_msgs/package.zsh'
[0.848s] Level 1:colcon.colcon_core.environment:create_file_with_runtime_dependencies(/home/eeavir/drone_ws/install/tello_msgs/share/colcon-core/packages/tello_msgs)
[0.848s] Level 1:colcon.colcon_core.environment:create_environment_scripts_only(tello_msgs)
[0.848s] Level 1:colcon.colcon_core.environment:checking '/home/eeavir/drone_ws/install/tello_msgs' for CMake module files
[0.849s] Level 1:colcon.colcon_core.environment:checking '/home/eeavir/drone_ws/install/tello_msgs' for CMake config files
[0.849s] Level 1:colcon.colcon_core.shell:create_environment_hook('tello_msgs', 'cmake_prefix_path')
[0.849s] INFO:colcon.colcon_core.shell:Creating environment hook '/home/eeavir/drone_ws/install/tello_msgs/share/tello_msgs/hook/cmake_prefix_path.ps1'
[0.850s] INFO:colcon.colcon_core.shell:Creating environment descriptor '/home/eeavir/drone_ws/install/tello_msgs/share/tello_msgs/hook/cmake_prefix_path.dsv'
[0.850s] INFO:colcon.colcon_core.shell:Creating environment hook '/home/eeavir/drone_ws/install/tello_msgs/share/tello_msgs/hook/cmake_prefix_path.sh'
[0.850s] Level 1:colcon.colcon_core.environment:checking '/home/eeavir/drone_ws/install/tello_msgs/lib'
[0.850s] Level 1:colcon.colcon_core.shell:create_environment_hook('tello_msgs', 'ld_library_path_lib')
[0.850s] INFO:colcon.colcon_core.shell:Creating environment hook '/home/eeavir/drone_ws/install/tello_msgs/share/tello_msgs/hook/ld_library_path_lib.ps1'
[0.851s] INFO:colcon.colcon_core.shell:Creating environment descriptor '/home/eeavir/drone_ws/install/tello_msgs/share/tello_msgs/hook/ld_library_path_lib.dsv'
[0.851s] INFO:colcon.colcon_core.shell:Creating environment hook '/home/eeavir/drone_ws/install/tello_msgs/share/tello_msgs/hook/ld_library_path_lib.sh'
[0.852s] Level 1:colcon.colcon_core.environment:checking '/home/eeavir/drone_ws/install/tello_msgs/bin'
[0.852s] Level 1:colcon.colcon_core.environment:checking '/home/eeavir/drone_ws/install/tello_msgs/lib/pkgconfig/tello_msgs.pc'
[0.853s] Level 1:colcon.colcon_core.environment:checking '/home/eeavir/drone_ws/install/tello_msgs/lib/python3.8/site-packages'
[0.853s] Level 1:colcon.colcon_core.shell:create_environment_hook('tello_msgs', 'pythonpath')
[0.853s] INFO:colcon.colcon_core.shell:Creating environment hook '/home/eeavir/drone_ws/install/tello_msgs/share/tello_msgs/hook/pythonpath.ps1'
[0.854s] INFO:colcon.colcon_core.shell:Creating environment descriptor '/home/eeavir/drone_ws/install/tello_msgs/share/tello_msgs/hook/pythonpath.dsv'
[0.854s] INFO:colcon.colcon_core.shell:Creating environment hook '/home/eeavir/drone_ws/install/tello_msgs/share/tello_msgs/hook/pythonpath.sh'
[0.856s] Level 1:colcon.colcon_core.environment:checking '/home/eeavir/drone_ws/install/tello_msgs/bin'
[0.856s] INFO:colcon.colcon_core.shell:Creating package script '/home/eeavir/drone_ws/install/tello_msgs/share/tello_msgs/package.ps1'
[0.858s] INFO:colcon.colcon_core.shell:Creating package descriptor '/home/eeavir/drone_ws/install/tello_msgs/share/tello_msgs/package.dsv'
[0.859s] INFO:colcon.colcon_core.shell:Creating package script '/home/eeavir/drone_ws/install/tello_msgs/share/tello_msgs/package.sh'
[0.860s] INFO:colcon.colcon_core.shell:Creating package script '/home/eeavir/drone_ws/install/tello_msgs/share/tello_msgs/package.bash'
[0.860s] INFO:colcon.colcon_core.shell:Creating package script '/home/eeavir/drone_ws/install/tello_msgs/share/tello_msgs/package.zsh'
[0.861s] Level 1:colcon.colcon_core.environment:create_file_with_runtime_dependencies(/home/eeavir/drone_ws/install/tello_msgs/share/colcon-core/packages/tello_msgs)
[0.861s] INFO:colcon.colcon_ros.task.ament_cmake.build:Building ROS package in '/home/eeavir/drone_ws/src/drone_racing_ros2/tello_ros/tello_driver' with build type 'ament_cmake'
[0.861s] INFO:colcon.colcon_cmake.task.cmake.build:Building CMake package in '/home/eeavir/drone_ws/src/drone_racing_ros2/tello_ros/tello_driver'
[0.861s] INFO:colcon.colcon_core.shell:Skip shell extension 'powershell' for command environment: Not usable outside of PowerShell
[0.861s] DEBUG:colcon.colcon_core.shell:Skip shell extension 'dsv' for command environment
[0.867s] INFO:colcon.colcon_ros.task.ament_cmake.build:Building ROS package in '/home/eeavir/drone_ws/src/drone_racing_ros2/tello_ros/tello_gazebo' with build type 'ament_cmake'
[0.867s] INFO:colcon.colcon_cmake.task.cmake.build:Building CMake package in '/home/eeavir/drone_ws/src/drone_racing_ros2/tello_ros/tello_gazebo'
[0.868s] INFO:colcon.colcon_core.shell:Skip shell extension 'powershell' for command environment: Not usable outside of PowerShell
[0.868s] DEBUG:colcon.colcon_core.shell:Skip shell extension 'dsv' for command environment
[0.877s] DEBUG:colcon.colcon_core.event_handler.log_command:Invoked command in '/home/eeavir/drone_ws/build/tello_description' returned '0': CMAKE_PREFIX_PATH=${CMAKE_PREFIX_PATH}:/home/eeavir/drone_ws/install/own_package:/home/eeavir/drone_ws/install/drone_image_viewer:/opt/ros/galactic /usr/bin/cmake --build /home/eeavir/drone_ws/build/tello_description -- -j8 -l8
[0.882s] DEBUG:colcon.colcon_core.event_handler.log_command:Invoking command in '/home/eeavir/drone_ws/build/tello_description': CMAKE_PREFIX_PATH=${CMAKE_PREFIX_PATH}:/home/eeavir/drone_ws/install/own_package:/home/eeavir/drone_ws/install/drone_image_viewer:/opt/ros/galactic /usr/bin/cmake --install /home/eeavir/drone_ws/build/tello_description
[0.891s] DEBUG:colcon.colcon_core.event_handler.log_command:Invoking command in '/home/eeavir/drone_ws/build/tello_driver': CMAKE_PREFIX_PATH=/home/eeavir/drone_ws/install/tello_msgs:/home/eeavir/drone_ws/install/ros2_shared:/home/eeavir/drone_ws/install/tello_gazebo:/home/eeavir/drone_ws/install/tello_driver:/home/eeavir/drone_ws/install/tello_description:/home/eeavir/drone_ws/install/own_package:/home/eeavir/drone_ws/install/drone_image_viewer:/opt/ros/galactic LD_LIBRARY_PATH=/home/eeavir/drone_ws/install/tello_msgs/lib:/home/eeavir/drone_ws/install/tello_gazebo/lib:/home/eeavir/drone_ws/install/tello_driver/lib:/usr/lib/x86_64-linux-gnu/gazebo-11/plugins:/opt/ros/galactic/opt/yaml_cpp_vendor/lib:/opt/ros/galactic/opt/rviz_ogre_vendor/lib:/opt/ros/galactic/lib/x86_64-linux-gnu:/opt/ros/galactic/lib:/usr/lib/x86_64-linux-gnu/gazebo-11/plugins PYTHONPATH=/home/eeavir/drone_ws/install/tello_msgs/lib/python3.8/site-packages:/home/eeavir/drone_ws/install/own_package/lib/python3.8/site-packages:/home/eeavir/drone_ws/install/drone_image_viewer/lib/python3.8/site-packages:/opt/ros/galactic/lib/python3.8/site-packages /usr/bin/cmake --build /home/eeavir/drone_ws/build/tello_driver -- -j8 -l8
[0.902s] DEBUG:colcon.colcon_core.event_handler.log_command:Invoking command in '/home/eeavir/drone_ws/build/tello_gazebo': CMAKE_PREFIX_PATH=/home/eeavir/drone_ws/install/tello_msgs:/home/eeavir/drone_ws/install/tello_gazebo:/home/eeavir/drone_ws/install/tello_driver:/home/eeavir/drone_ws/install/tello_description:/home/eeavir/drone_ws/install/ros2_shared:/home/eeavir/drone_ws/install/own_package:/home/eeavir/drone_ws/install/drone_image_viewer:/opt/ros/galactic LD_LIBRARY_PATH=/home/eeavir/drone_ws/install/tello_msgs/lib:/home/eeavir/drone_ws/install/tello_gazebo/lib:/home/eeavir/drone_ws/install/tello_driver/lib:/usr/lib/x86_64-linux-gnu/gazebo-11/plugins:/opt/ros/galactic/opt/yaml_cpp_vendor/lib:/opt/ros/galactic/opt/rviz_ogre_vendor/lib:/opt/ros/galactic/lib/x86_64-linux-gnu:/opt/ros/galactic/lib:/usr/lib/x86_64-linux-gnu/gazebo-11/plugins PYTHONPATH=/home/eeavir/drone_ws/install/tello_msgs/lib/python3.8/site-packages:/home/eeavir/drone_ws/install/own_package/lib/python3.8/site-packages:/home/eeavir/drone_ws/install/drone_image_viewer/lib/python3.8/site-packages:/opt/ros/galactic/lib/python3.8/site-packages /usr/bin/cmake --build /home/eeavir/drone_ws/build/tello_gazebo -- -j8 -l8
[0.903s] Level 1:colcon.colcon_core.environment:create_environment_scripts_only(tello_description)
[0.904s] Level 1:colcon.colcon_core.environment:checking '/home/eeavir/drone_ws/install/tello_description' for CMake module files
[0.904s] DEBUG:colcon.colcon_core.event_handler.log_command:Invoked command in '/home/eeavir/drone_ws/build/tello_description' returned '0': CMAKE_PREFIX_PATH=${CMAKE_PREFIX_PATH}:/home/eeavir/drone_ws/install/own_package:/home/eeavir/drone_ws/install/drone_image_viewer:/opt/ros/galactic /usr/bin/cmake --install /home/eeavir/drone_ws/build/tello_description
[0.905s] Level 1:colcon.colcon_core.environment:checking '/home/eeavir/drone_ws/install/tello_description' for CMake config files
[0.905s] Level 1:colcon.colcon_core.shell:create_environment_hook('tello_description', 'cmake_prefix_path')
[0.905s] INFO:colcon.colcon_core.shell:Creating environment hook '/home/eeavir/drone_ws/install/tello_description/share/tello_description/hook/cmake_prefix_path.ps1'
[0.906s] INFO:colcon.colcon_core.shell:Creating environment descriptor '/home/eeavir/drone_ws/install/tello_description/share/tello_description/hook/cmake_prefix_path.dsv'
[0.907s] INFO:colcon.colcon_core.shell:Creating environment hook '/home/eeavir/drone_ws/install/tello_description/share/tello_description/hook/cmake_prefix_path.sh'
[0.907s] Level 1:colcon.colcon_core.environment:checking '/home/eeavir/drone_ws/install/tello_description/bin'
[0.907s] Level 1:colcon.colcon_core.environment:checking '/home/eeavir/drone_ws/install/tello_description/lib/pkgconfig/tello_description.pc'
[0.908s] Level 1:colcon.colcon_core.environment:checking '/home/eeavir/drone_ws/install/tello_description/lib/python3.8/site-packages'
[0.908s] Level 1:colcon.colcon_core.environment:checking '/home/eeavir/drone_ws/install/tello_description/bin'
[0.908s] INFO:colcon.colcon_core.shell:Creating package script '/home/eeavir/drone_ws/install/tello_description/share/tello_description/package.ps1'
[0.909s] INFO:colcon.colcon_core.shell:Creating package descriptor '/home/eeavir/drone_ws/install/tello_description/share/tello_description/package.dsv'
[0.909s] INFO:colcon.colcon_core.shell:Creating package script '/home/eeavir/drone_ws/install/tello_description/share/tello_description/package.sh'
[0.910s] INFO:colcon.colcon_core.shell:Creating package script '/home/eeavir/drone_ws/install/tello_description/share/tello_description/package.bash'
[0.910s] INFO:colcon.colcon_core.shell:Creating package script '/home/eeavir/drone_ws/install/tello_description/share/tello_description/package.zsh'
[0.910s] Level 1:colcon.colcon_core.environment:create_file_with_runtime_dependencies(/home/eeavir/drone_ws/install/tello_description/share/colcon-core/packages/tello_description)
[0.911s] Level 1:colcon.colcon_core.environment:create_environment_scripts_only(tello_description)
[0.911s] Level 1:colcon.colcon_core.environment:checking '/home/eeavir/drone_ws/install/tello_description' for CMake module files
[0.912s] Level 1:colcon.colcon_core.environment:checking '/home/eeavir/drone_ws/install/tello_description' for CMake config files
[0.912s] Level 1:colcon.colcon_core.shell:create_environment_hook('tello_description', 'cmake_prefix_path')
[0.912s] INFO:colcon.colcon_core.shell:Creating environment hook '/home/eeavir/drone_ws/install/tello_description/share/tello_description/hook/cmake_prefix_path.ps1'
[0.913s] INFO:colcon.colcon_core.shell:Creating environment descriptor '/home/eeavir/drone_ws/install/tello_description/share/tello_description/hook/cmake_prefix_path.dsv'
[0.913s] INFO:colcon.colcon_core.shell:Creating environment hook '/home/eeavir/drone_ws/install/tello_description/share/tello_description/hook/cmake_prefix_path.sh'
[0.914s] Level 1:colcon.colcon_core.environment:checking '/home/eeavir/drone_ws/install/tello_description/bin'
[0.914s] Level 1:colcon.colcon_core.environment:checking '/home/eeavir/drone_ws/install/tello_description/lib/pkgconfig/tello_description.pc'
[0.914s] Level 1:colcon.colcon_core.environment:checking '/home/eeavir/drone_ws/install/tello_description/lib/python3.8/site-packages'
[0.914s] Level 1:colcon.colcon_core.environment:checking '/home/eeavir/drone_ws/install/tello_description/bin'
[0.915s] INFO:colcon.colcon_core.shell:Creating package script '/home/eeavir/drone_ws/install/tello_description/share/tello_description/package.ps1'
[0.915s] INFO:colcon.colcon_core.shell:Creating package descriptor '/home/eeavir/drone_ws/install/tello_description/share/tello_description/package.dsv'
[0.916s] INFO:colcon.colcon_core.shell:Creating package script '/home/eeavir/drone_ws/install/tello_description/share/tello_description/package.sh'
[0.917s] INFO:colcon.colcon_core.shell:Creating package script '/home/eeavir/drone_ws/install/tello_description/share/tello_description/package.bash'
[0.917s] INFO:colcon.colcon_core.shell:Creating package script '/home/eeavir/drone_ws/install/tello_description/share/tello_description/package.zsh'
[0.917s] Level 1:colcon.colcon_core.environment:create_file_with_runtime_dependencies(/home/eeavir/drone_ws/install/tello_description/share/colcon-core/packages/tello_description)
[1.015s] DEBUG:colcon.colcon_core.event_handler.log_command:Invoked command in '/home/eeavir/drone_ws/build/tello_driver' returned '0': CMAKE_PREFIX_PATH=/home/eeavir/drone_ws/install/tello_msgs:/home/eeavir/drone_ws/install/ros2_shared:/home/eeavir/drone_ws/install/tello_gazebo:/home/eeavir/drone_ws/install/tello_driver:/home/eeavir/drone_ws/install/tello_description:/home/eeavir/drone_ws/install/own_package:/home/eeavir/drone_ws/install/drone_image_viewer:/opt/ros/galactic LD_LIBRARY_PATH=/home/eeavir/drone_ws/install/tello_msgs/lib:/home/eeavir/drone_ws/install/tello_gazebo/lib:/home/eeavir/drone_ws/install/tello_driver/lib:/usr/lib/x86_64-linux-gnu/gazebo-11/plugins:/opt/ros/galactic/opt/yaml_cpp_vendor/lib:/opt/ros/galactic/opt/rviz_ogre_vendor/lib:/opt/ros/galactic/lib/x86_64-linux-gnu:/opt/ros/galactic/lib:/usr/lib/x86_64-linux-gnu/gazebo-11/plugins PYTHONPATH=/home/eeavir/drone_ws/install/tello_msgs/lib/python3.8/site-packages:/home/eeavir/drone_ws/install/own_package/lib/python3.8/site-packages:/home/eeavir/drone_ws/install/drone_image_viewer/lib/python3.8/site-packages:/opt/ros/galactic/lib/python3.8/site-packages /usr/bin/cmake --build /home/eeavir/drone_ws/build/tello_driver -- -j8 -l8
[1.016s] DEBUG:colcon.colcon_core.event_handler.log_command:Invoking command in '/home/eeavir/drone_ws/build/tello_driver': CMAKE_PREFIX_PATH=/home/eeavir/drone_ws/install/tello_msgs:/home/eeavir/drone_ws/install/ros2_shared:/home/eeavir/drone_ws/install/tello_gazebo:/home/eeavir/drone_ws/install/tello_driver:/home/eeavir/drone_ws/install/tello_description:/home/eeavir/drone_ws/install/own_package:/home/eeavir/drone_ws/install/drone_image_viewer:/opt/ros/galactic LD_LIBRARY_PATH=/home/eeavir/drone_ws/install/tello_msgs/lib:/home/eeavir/drone_ws/install/tello_gazebo/lib:/home/eeavir/drone_ws/install/tello_driver/lib:/usr/lib/x86_64-linux-gnu/gazebo-11/plugins:/opt/ros/galactic/opt/yaml_cpp_vendor/lib:/opt/ros/galactic/opt/rviz_ogre_vendor/lib:/opt/ros/galactic/lib/x86_64-linux-gnu:/opt/ros/galactic/lib:/usr/lib/x86_64-linux-gnu/gazebo-11/plugins PYTHONPATH=/home/eeavir/drone_ws/install/tello_msgs/lib/python3.8/site-packages:/home/eeavir/drone_ws/install/own_package/lib/python3.8/site-packages:/home/eeavir/drone_ws/install/drone_image_viewer/lib/python3.8/site-packages:/opt/ros/galactic/lib/python3.8/site-packages /usr/bin/cmake --install /home/eeavir/drone_ws/build/tello_driver
[1.035s] DEBUG:colcon.colcon_core.event_handler.log_command:Invoked command in '/home/eeavir/drone_ws/build/tello_gazebo' returned '0': CMAKE_PREFIX_PATH=/home/eeavir/drone_ws/install/tello_msgs:/home/eeavir/drone_ws/install/tello_gazebo:/home/eeavir/drone_ws/install/tello_driver:/home/eeavir/drone_ws/install/tello_description:/home/eeavir/drone_ws/install/ros2_shared:/home/eeavir/drone_ws/install/own_package:/home/eeavir/drone_ws/install/drone_image_viewer:/opt/ros/galactic LD_LIBRARY_PATH=/home/eeavir/drone_ws/install/tello_msgs/lib:/home/eeavir/drone_ws/install/tello_gazebo/lib:/home/eeavir/drone_ws/install/tello_driver/lib:/usr/lib/x86_64-linux-gnu/gazebo-11/plugins:/opt/ros/galactic/opt/yaml_cpp_vendor/lib:/opt/ros/galactic/opt/rviz_ogre_vendor/lib:/opt/ros/galactic/lib/x86_64-linux-gnu:/opt/ros/galactic/lib:/usr/lib/x86_64-linux-gnu/gazebo-11/plugins PYTHONPATH=/home/eeavir/drone_ws/install/tello_msgs/lib/python3.8/site-packages:/home/eeavir/drone_ws/install/own_package/lib/python3.8/site-packages:/home/eeavir/drone_ws/install/drone_image_viewer/lib/python3.8/site-packages:/opt/ros/galactic/lib/python3.8/site-packages /usr/bin/cmake --build /home/eeavir/drone_ws/build/tello_gazebo -- -j8 -l8
[1.038s] DEBUG:colcon.colcon_core.event_handler.log_command:Invoking command in '/home/eeavir/drone_ws/build/tello_gazebo': CMAKE_PREFIX_PATH=/home/eeavir/drone_ws/install/tello_msgs:/home/eeavir/drone_ws/install/tello_gazebo:/home/eeavir/drone_ws/install/tello_driver:/home/eeavir/drone_ws/install/tello_description:/home/eeavir/drone_ws/install/ros2_shared:/home/eeavir/drone_ws/install/own_package:/home/eeavir/drone_ws/install/drone_image_viewer:/opt/ros/galactic LD_LIBRARY_PATH=/home/eeavir/drone_ws/install/tello_msgs/lib:/home/eeavir/drone_ws/install/tello_gazebo/lib:/home/eeavir/drone_ws/install/tello_driver/lib:/usr/lib/x86_64-linux-gnu/gazebo-11/plugins:/opt/ros/galactic/opt/yaml_cpp_vendor/lib:/opt/ros/galactic/opt/rviz_ogre_vendor/lib:/opt/ros/galactic/lib/x86_64-linux-gnu:/opt/ros/galactic/lib:/usr/lib/x86_64-linux-gnu/gazebo-11/plugins PYTHONPATH=/home/eeavir/drone_ws/install/tello_msgs/lib/python3.8/site-packages:/home/eeavir/drone_ws/install/own_package/lib/python3.8/site-packages:/home/eeavir/drone_ws/install/drone_image_viewer/lib/python3.8/site-packages:/opt/ros/galactic/lib/python3.8/site-packages /usr/bin/cmake --install /home/eeavir/drone_ws/build/tello_gazebo
[1.039s] Level 1:colcon.colcon_core.environment:create_environment_scripts_only(tello_driver)
[1.040s] Level 1:colcon.colcon_core.environment:checking '/home/eeavir/drone_ws/install/tello_driver' for CMake module files
[1.040s] DEBUG:colcon.colcon_core.event_handler.log_command:Invoked command in '/home/eeavir/drone_ws/build/tello_driver' returned '0': CMAKE_PREFIX_PATH=/home/eeavir/drone_ws/install/tello_msgs:/home/eeavir/drone_ws/install/ros2_shared:/home/eeavir/drone_ws/install/tello_gazebo:/home/eeavir/drone_ws/install/tello_driver:/home/eeavir/drone_ws/install/tello_description:/home/eeavir/drone_ws/install/own_package:/home/eeavir/drone_ws/install/drone_image_viewer:/opt/ros/galactic LD_LIBRARY_PATH=/home/eeavir/drone_ws/install/tello_msgs/lib:/home/eeavir/drone_ws/install/tello_gazebo/lib:/home/eeavir/drone_ws/install/tello_driver/lib:/usr/lib/x86_64-linux-gnu/gazebo-11/plugins:/opt/ros/galactic/opt/yaml_cpp_vendor/lib:/opt/ros/galactic/opt/rviz_ogre_vendor/lib:/opt/ros/galactic/lib/x86_64-linux-gnu:/opt/ros/galactic/lib:/usr/lib/x86_64-linux-gnu/gazebo-11/plugins PYTHONPATH=/home/eeavir/drone_ws/install/tello_msgs/lib/python3.8/site-packages:/home/eeavir/drone_ws/install/own_package/lib/python3.8/site-packages:/home/eeavir/drone_ws/install/drone_image_viewer/lib/python3.8/site-packages:/opt/ros/galactic/lib/python3.8/site-packages /usr/bin/cmake --install /home/eeavir/drone_ws/build/tello_driver
[1.041s] Level 1:colcon.colcon_core.environment:checking '/home/eeavir/drone_ws/install/tello_driver' for CMake config files
[1.041s] Level 1:colcon.colcon_core.shell:create_environment_hook('tello_driver', 'cmake_prefix_path')
[1.041s] INFO:colcon.colcon_core.shell:Creating environment hook '/home/eeavir/drone_ws/install/tello_driver/share/tello_driver/hook/cmake_prefix_path.ps1'
[1.042s] INFO:colcon.colcon_core.shell:Creating environment descriptor '/home/eeavir/drone_ws/install/tello_driver/share/tello_driver/hook/cmake_prefix_path.dsv'
[1.042s] INFO:colcon.colcon_core.shell:Creating environment hook '/home/eeavir/drone_ws/install/tello_driver/share/tello_driver/hook/cmake_prefix_path.sh'
[1.045s] Level 1:colcon.colcon_core.environment:checking '/home/eeavir/drone_ws/install/tello_driver/lib'
[1.045s] Level 1:colcon.colcon_core.shell:create_environment_hook('tello_driver', 'ld_library_path_lib')
[1.046s] INFO:colcon.colcon_core.shell:Creating environment hook '/home/eeavir/drone_ws/install/tello_driver/share/tello_driver/hook/ld_library_path_lib.ps1'
[1.047s] INFO:colcon.colcon_core.shell:Creating environment descriptor '/home/eeavir/drone_ws/install/tello_driver/share/tello_driver/hook/ld_library_path_lib.dsv'
[1.048s] INFO:colcon.colcon_core.shell:Creating environment hook '/home/eeavir/drone_ws/install/tello_driver/share/tello_driver/hook/ld_library_path_lib.sh'
[1.048s] Level 1:colcon.colcon_core.environment:checking '/home/eeavir/drone_ws/install/tello_driver/bin'
[1.049s] Level 1:colcon.colcon_core.environment:checking '/home/eeavir/drone_ws/install/tello_driver/lib/pkgconfig/tello_driver.pc'
[1.049s] Level 1:colcon.colcon_core.environment:checking '/home/eeavir/drone_ws/install/tello_driver/lib/python3.8/site-packages'
[1.050s] Level 1:colcon.colcon_core.environment:checking '/home/eeavir/drone_ws/install/tello_driver/bin'
[1.050s] INFO:colcon.colcon_core.shell:Creating package script '/home/eeavir/drone_ws/install/tello_driver/share/tello_driver/package.ps1'
[1.053s] INFO:colcon.colcon_core.shell:Creating package descriptor '/home/eeavir/drone_ws/install/tello_driver/share/tello_driver/package.dsv'
[1.053s] INFO:colcon.colcon_core.shell:Creating package script '/home/eeavir/drone_ws/install/tello_driver/share/tello_driver/package.sh'
[1.054s] INFO:colcon.colcon_core.shell:Creating package script '/home/eeavir/drone_ws/install/tello_driver/share/tello_driver/package.bash'
[1.056s] INFO:colcon.colcon_core.shell:Creating package script '/home/eeavir/drone_ws/install/tello_driver/share/tello_driver/package.zsh'
[1.058s] Level 1:colcon.colcon_core.environment:create_file_with_runtime_dependencies(/home/eeavir/drone_ws/install/tello_driver/share/colcon-core/packages/tello_driver)
[1.061s] Level 1:colcon.colcon_core.environment:create_environment_scripts_only(tello_driver)
[1.061s] Level 1:colcon.colcon_core.environment:checking '/home/eeavir/drone_ws/install/tello_driver' for CMake module files
[1.062s] Level 1:colcon.colcon_core.environment:checking '/home/eeavir/drone_ws/install/tello_driver' for CMake config files
[1.062s] Level 1:colcon.colcon_core.shell:create_environment_hook('tello_driver', 'cmake_prefix_path')
[1.062s] INFO:colcon.colcon_core.shell:Creating environment hook '/home/eeavir/drone_ws/install/tello_driver/share/tello_driver/hook/cmake_prefix_path.ps1'
[1.063s] INFO:colcon.colcon_core.shell:Creating environment descriptor '/home/eeavir/drone_ws/install/tello_driver/share/tello_driver/hook/cmake_prefix_path.dsv'
[1.063s] INFO:colcon.colcon_core.shell:Creating environment hook '/home/eeavir/drone_ws/install/tello_driver/share/tello_driver/hook/cmake_prefix_path.sh'
[1.063s] Level 1:colcon.colcon_core.environment:checking '/home/eeavir/drone_ws/install/tello_driver/lib'
[1.064s] Level 1:colcon.colcon_core.shell:create_environment_hook('tello_driver', 'ld_library_path_lib')
[1.064s] INFO:colcon.colcon_core.shell:Creating environment hook '/home/eeavir/drone_ws/install/tello_driver/share/tello_driver/hook/ld_library_path_lib.ps1'
[1.064s] INFO:colcon.colcon_core.shell:Creating environment descriptor '/home/eeavir/drone_ws/install/tello_driver/share/tello_driver/hook/ld_library_path_lib.dsv'
[1.065s] INFO:colcon.colcon_core.shell:Creating environment hook '/home/eeavir/drone_ws/install/tello_driver/share/tello_driver/hook/ld_library_path_lib.sh'
[1.065s] Level 1:colcon.colcon_core.environment:checking '/home/eeavir/drone_ws/install/tello_driver/bin'
[1.065s] Level 1:colcon.colcon_core.environment:checking '/home/eeavir/drone_ws/install/tello_driver/lib/pkgconfig/tello_driver.pc'
[1.065s] Level 1:colcon.colcon_core.environment:checking '/home/eeavir/drone_ws/install/tello_driver/lib/python3.8/site-packages'
[1.065s] Level 1:colcon.colcon_core.environment:checking '/home/eeavir/drone_ws/install/tello_driver/bin'
[1.066s] INFO:colcon.colcon_core.shell:Creating package script '/home/eeavir/drone_ws/install/tello_driver/share/tello_driver/package.ps1'
[1.067s] INFO:colcon.colcon_core.shell:Creating package descriptor '/home/eeavir/drone_ws/install/tello_driver/share/tello_driver/package.dsv'
[1.067s] INFO:colcon.colcon_core.shell:Creating package script '/home/eeavir/drone_ws/install/tello_driver/share/tello_driver/package.sh'
[1.068s] INFO:colcon.colcon_core.shell:Creating package script '/home/eeavir/drone_ws/install/tello_driver/share/tello_driver/package.bash'
[1.068s] INFO:colcon.colcon_core.shell:Creating package script '/home/eeavir/drone_ws/install/tello_driver/share/tello_driver/package.zsh'
[1.068s] Level 1:colcon.colcon_core.environment:create_file_with_runtime_dependencies(/home/eeavir/drone_ws/install/tello_driver/share/colcon-core/packages/tello_driver)
[1.070s] Level 1:colcon.colcon_core.environment:create_environment_scripts_only(tello_gazebo)
[1.071s] Level 1:colcon.colcon_core.environment:checking '/home/eeavir/drone_ws/install/tello_gazebo' for CMake module files
[1.072s] DEBUG:colcon.colcon_core.event_handler.log_command:Invoked command in '/home/eeavir/drone_ws/build/tello_gazebo' returned '0': CMAKE_PREFIX_PATH=/home/eeavir/drone_ws/install/tello_msgs:/home/eeavir/drone_ws/install/tello_gazebo:/home/eeavir/drone_ws/install/tello_driver:/home/eeavir/drone_ws/install/tello_description:/home/eeavir/drone_ws/install/ros2_shared:/home/eeavir/drone_ws/install/own_package:/home/eeavir/drone_ws/install/drone_image_viewer:/opt/ros/galactic LD_LIBRARY_PATH=/home/eeavir/drone_ws/install/tello_msgs/lib:/home/eeavir/drone_ws/install/tello_gazebo/lib:/home/eeavir/drone_ws/install/tello_driver/lib:/usr/lib/x86_64-linux-gnu/gazebo-11/plugins:/opt/ros/galactic/opt/yaml_cpp_vendor/lib:/opt/ros/galactic/opt/rviz_ogre_vendor/lib:/opt/ros/galactic/lib/x86_64-linux-gnu:/opt/ros/galactic/lib:/usr/lib/x86_64-linux-gnu/gazebo-11/plugins PYTHONPATH=/home/eeavir/drone_ws/install/tello_msgs/lib/python3.8/site-packages:/home/eeavir/drone_ws/install/own_package/lib/python3.8/site-packages:/home/eeavir/drone_ws/install/drone_image_viewer/lib/python3.8/site-packages:/opt/ros/galactic/lib/python3.8/site-packages /usr/bin/cmake --install /home/eeavir/drone_ws/build/tello_gazebo
[1.072s] Level 1:colcon.colcon_core.environment:checking '/home/eeavir/drone_ws/install/tello_gazebo' for CMake config files
[1.073s] Level 1:colcon.colcon_core.shell:create_environment_hook('tello_gazebo', 'cmake_prefix_path')
[1.073s] INFO:colcon.colcon_core.shell:Creating environment hook '/home/eeavir/drone_ws/install/tello_gazebo/share/tello_gazebo/hook/cmake_prefix_path.ps1'
[1.074s] INFO:colcon.colcon_core.shell:Creating environment descriptor '/home/eeavir/drone_ws/install/tello_gazebo/share/tello_gazebo/hook/cmake_prefix_path.dsv'
[1.074s] INFO:colcon.colcon_core.shell:Creating environment hook '/home/eeavir/drone_ws/install/tello_gazebo/share/tello_gazebo/hook/cmake_prefix_path.sh'
[1.075s] Level 1:colcon.colcon_core.environment:checking '/home/eeavir/drone_ws/install/tello_gazebo/lib'
[1.075s] Level 1:colcon.colcon_core.shell:create_environment_hook('tello_gazebo', 'ld_library_path_lib')
[1.075s] INFO:colcon.colcon_core.shell:Creating environment hook '/home/eeavir/drone_ws/install/tello_gazebo/share/tello_gazebo/hook/ld_library_path_lib.ps1'
[1.075s] INFO:colcon.colcon_core.shell:Creating environment descriptor '/home/eeavir/drone_ws/install/tello_gazebo/share/tello_gazebo/hook/ld_library_path_lib.dsv'
[1.076s] INFO:colcon.colcon_core.shell:Creating environment hook '/home/eeavir/drone_ws/install/tello_gazebo/share/tello_gazebo/hook/ld_library_path_lib.sh'
[1.076s] Level 1:colcon.colcon_core.environment:checking '/home/eeavir/drone_ws/install/tello_gazebo/bin'
[1.076s] Level 1:colcon.colcon_core.environment:checking '/home/eeavir/drone_ws/install/tello_gazebo/lib/pkgconfig/tello_gazebo.pc'
[1.077s] Level 1:colcon.colcon_core.environment:checking '/home/eeavir/drone_ws/install/tello_gazebo/lib/python3.8/site-packages'
[1.077s] Level 1:colcon.colcon_core.environment:checking '/home/eeavir/drone_ws/install/tello_gazebo/bin'
[1.077s] INFO:colcon.colcon_core.shell:Creating package script '/home/eeavir/drone_ws/install/tello_gazebo/share/tello_gazebo/package.ps1'
[1.078s] INFO:colcon.colcon_core.shell:Creating package descriptor '/home/eeavir/drone_ws/install/tello_gazebo/share/tello_gazebo/package.dsv'
[1.078s] INFO:colcon.colcon_core.shell:Creating package script '/home/eeavir/drone_ws/install/tello_gazebo/share/tello_gazebo/package.sh'
[1.079s] INFO:colcon.colcon_core.shell:Creating package script '/home/eeavir/drone_ws/install/tello_gazebo/share/tello_gazebo/package.bash'
[1.079s] INFO:colcon.colcon_core.shell:Creating package script '/home/eeavir/drone_ws/install/tello_gazebo/share/tello_gazebo/package.zsh'
[1.079s] Level 1:colcon.colcon_core.environment:create_file_with_runtime_dependencies(/home/eeavir/drone_ws/install/tello_gazebo/share/colcon-core/packages/tello_gazebo)
[1.080s] Level 1:colcon.colcon_core.environment:create_environment_scripts_only(tello_gazebo)
[1.080s] Level 1:colcon.colcon_core.environment:checking '/home/eeavir/drone_ws/install/tello_gazebo' for CMake module files
[1.081s] Level 1:colcon.colcon_core.environment:checking '/home/eeavir/drone_ws/install/tello_gazebo' for CMake config files
[1.082s] Level 1:colcon.colcon_core.shell:create_environment_hook('tello_gazebo', 'cmake_prefix_path')
[1.082s] INFO:colcon.colcon_core.shell:Creating environment hook '/home/eeavir/drone_ws/install/tello_gazebo/share/tello_gazebo/hook/cmake_prefix_path.ps1'
[1.083s] INFO:colcon.colcon_core.shell:Creating environment descriptor '/home/eeavir/drone_ws/install/tello_gazebo/share/tello_gazebo/hook/cmake_prefix_path.dsv'
[1.084s] INFO:colcon.colcon_core.shell:Creating environment hook '/home/eeavir/drone_ws/install/tello_gazebo/share/tello_gazebo/hook/cmake_prefix_path.sh'
[1.084s] Level 1:colcon.colcon_core.environment:checking '/home/eeavir/drone_ws/install/tello_gazebo/lib'
[1.084s] Level 1:colcon.colcon_core.shell:create_environment_hook('tello_gazebo', 'ld_library_path_lib')
[1.085s] INFO:colcon.colcon_core.shell:Creating environment hook '/home/eeavir/drone_ws/install/tello_gazebo/share/tello_gazebo/hook/ld_library_path_lib.ps1'
[1.085s] INFO:colcon.colcon_core.shell:Creating environment descriptor '/home/eeavir/drone_ws/install/tello_gazebo/share/tello_gazebo/hook/ld_library_path_lib.dsv'
[1.085s] INFO:colcon.colcon_core.shell:Creating environment hook '/home/eeavir/drone_ws/install/tello_gazebo/share/tello_gazebo/hook/ld_library_path_lib.sh'
[1.086s] Level 1:colcon.colcon_core.environment:checking '/home/eeavir/drone_ws/install/tello_gazebo/bin'
[1.086s] Level 1:colcon.colcon_core.environment:checking '/home/eeavir/drone_ws/install/tello_gazebo/lib/pkgconfig/tello_gazebo.pc'
[1.086s] Level 1:colcon.colcon_core.environment:checking '/home/eeavir/drone_ws/install/tello_gazebo/lib/python3.8/site-packages'
[1.086s] Level 1:colcon.colcon_core.environment:checking '/home/eeavir/drone_ws/install/tello_gazebo/bin'
[1.087s] INFO:colcon.colcon_core.shell:Creating package script '/home/eeavir/drone_ws/install/tello_gazebo/share/tello_gazebo/package.ps1'
[1.087s] INFO:colcon.colcon_core.shell:Creating package descriptor '/home/eeavir/drone_ws/install/tello_gazebo/share/tello_gazebo/package.dsv'
[1.088s] INFO:colcon.colcon_core.shell:Creating package script '/home/eeavir/drone_ws/install/tello_gazebo/share/tello_gazebo/package.sh'
[1.088s] INFO:colcon.colcon_core.shell:Creating package script '/home/eeavir/drone_ws/install/tello_gazebo/share/tello_gazebo/package.bash'
[1.089s] INFO:colcon.colcon_core.shell:Creating package script '/home/eeavir/drone_ws/install/tello_gazebo/share/tello_gazebo/package.zsh'
[1.089s] Level 1:colcon.colcon_core.environment:create_file_with_runtime_dependencies(/home/eeavir/drone_ws/install/tello_gazebo/share/colcon-core/packages/tello_gazebo)
[1.239s] DEBUG:colcon.colcon_core.event_handler.log_command:Invoking command in '/home/eeavir/drone_ws/src/own_package': PYTHONPATH=/home/eeavir/drone_ws/build/own_package/prefix_override:/usr/lib/python3/dist-packages/colcon_core/task/python/colcon_distutils_commands:/home/eeavir/drone_ws/install/own_package/lib/python3.8/site-packages:${PYTHONPATH} /usr/bin/python3 -W ignore:setup.py install is deprecated -W ignore:easy_install command is deprecated setup.py egg_info --egg-base ../../build/own_package build --build-base /home/eeavir/drone_ws/build/own_package/build install --record /home/eeavir/drone_ws/build/own_package/install.log --single-version-externally-managed install_data
[1.502s] Level 1:colcon.colcon_core.environment:checking '/home/eeavir/drone_ws/install/own_package' for CMake module files
[1.503s] DEBUG:colcon.colcon_core.event_handler.log_command:Invoked command in '/home/eeavir/drone_ws/src/own_package' returned '0': PYTHONPATH=/home/eeavir/drone_ws/build/own_package/prefix_override:/usr/lib/python3/dist-packages/colcon_core/task/python/colcon_distutils_commands:/home/eeavir/drone_ws/install/own_package/lib/python3.8/site-packages:${PYTHONPATH} /usr/bin/python3 -W ignore:setup.py install is deprecated -W ignore:easy_install command is deprecated setup.py egg_info --egg-base ../../build/own_package build --build-base /home/eeavir/drone_ws/build/own_package/build install --record /home/eeavir/drone_ws/build/own_package/install.log --single-version-externally-managed install_data
[1.503s] Level 1:colcon.colcon_core.environment:checking '/home/eeavir/drone_ws/install/own_package' for CMake config files
[1.504s] Level 1:colcon.colcon_core.environment:checking '/home/eeavir/drone_ws/install/own_package/lib'
[1.504s] Level 1:colcon.colcon_core.environment:checking '/home/eeavir/drone_ws/install/own_package/bin'
[1.504s] Level 1:colcon.colcon_core.environment:checking '/home/eeavir/drone_ws/install/own_package/lib/pkgconfig/own_package.pc'
[1.504s] Level 1:colcon.colcon_core.environment:checking '/home/eeavir/drone_ws/install/own_package/lib/python3.8/site-packages'
[1.504s] Level 1:colcon.colcon_core.shell:create_environment_hook('own_package', 'pythonpath')
[1.504s] INFO:colcon.colcon_core.shell:Creating environment hook '/home/eeavir/drone_ws/install/own_package/share/own_package/hook/pythonpath.ps1'
[1.505s] INFO:colcon.colcon_core.shell:Creating environment descriptor '/home/eeavir/drone_ws/install/own_package/share/own_package/hook/pythonpath.dsv'
[1.505s] INFO:colcon.colcon_core.shell:Creating environment hook '/home/eeavir/drone_ws/install/own_package/share/own_package/hook/pythonpath.sh'
[1.505s] Level 1:colcon.colcon_core.environment:checking '/home/eeavir/drone_ws/install/own_package/bin'
[1.505s] Level 1:colcon.colcon_core.environment:create_environment_scripts_only(own_package)
[1.506s] INFO:colcon.colcon_core.shell:Creating package script '/home/eeavir/drone_ws/install/own_package/share/own_package/package.ps1'
[1.506s] INFO:colcon.colcon_core.shell:Creating package descriptor '/home/eeavir/drone_ws/install/own_package/share/own_package/package.dsv'
[1.506s] INFO:colcon.colcon_core.shell:Creating package script '/home/eeavir/drone_ws/install/own_package/share/own_package/package.sh'
[1.506s] INFO:colcon.colcon_core.shell:Creating package script '/home/eeavir/drone_ws/install/own_package/share/own_package/package.bash'
[1.507s] INFO:colcon.colcon_core.shell:Creating package script '/home/eeavir/drone_ws/install/own_package/share/own_package/package.zsh'
[1.507s] Level 1:colcon.colcon_core.environment:create_file_with_runtime_dependencies(/home/eeavir/drone_ws/install/own_package/share/colcon-core/packages/own_package)
[1.507s] DEBUG:colcon.colcon_parallel_executor.executor.parallel:closing loop
[1.507s] DEBUG:colcon.colcon_parallel_executor.executor.parallel:loop closed
[1.507s] DEBUG:colcon.colcon_parallel_executor.executor.parallel:run_until_complete finished with '0'
[1.507s] DEBUG:colcon.colcon_core.event_reactor:joining thread
[1.511s] INFO:colcon.colcon_core.plugin_system:Skipping extension 'colcon_notification.desktop_notification.terminal_notifier': Not used on non-Darwin systems
[1.511s] INFO:colcon.colcon_core.plugin_system:Skipping extension 'colcon_notification.desktop_notification.win32': Not used on non-Windows systems
[1.511s] INFO:colcon.colcon_notification.desktop_notification:Sending desktop notification using 'notify2'
[1.524s] DEBUG:colcon.colcon_core.event_reactor:joined thread
[1.524s] INFO:colcon.colcon_core.shell:Creating prefix script '/home/eeavir/drone_ws/install/local_setup.ps1'
[1.527s] INFO:colcon.colcon_core.shell:Creating prefix util module '/home/eeavir/drone_ws/install/_local_setup_util_ps1.py'
[1.529s] INFO:colcon.colcon_core.shell:Creating prefix chain script '/home/eeavir/drone_ws/install/setup.ps1'
[1.530s] INFO:colcon.colcon_core.shell:Creating prefix script '/home/eeavir/drone_ws/install/local_setup.sh'
[1.531s] INFO:colcon.colcon_core.shell:Creating prefix util module '/home/eeavir/drone_ws/install/_local_setup_util_sh.py'
[1.532s] INFO:colcon.colcon_core.shell:Creating prefix chain script '/home/eeavir/drone_ws/install/setup.sh'
[1.534s] INFO:colcon.colcon_core.shell:Creating prefix script '/home/eeavir/drone_ws/install/local_setup.bash'
[1.535s] INFO:colcon.colcon_core.shell:Creating prefix chain script '/home/eeavir/drone_ws/install/setup.bash'
[1.537s] INFO:colcon.colcon_core.shell:Creating prefix script '/home/eeavir/drone_ws/install/local_setup.zsh'
[1.537s] INFO:colcon.colcon_core.shell:Creating prefix chain script '/home/eeavir/drone_ws/install/setup.zsh'
