[0.021s] Invoking command in '/home/eeavir/tellocontrol/build/ros2_shared': CMAKE_PREFIX_PATH=${CMAKE_PREFIX_PATH}:/home/eeavir/tellocontrol/install/own_package:/opt/ros/galactic /usr/bin/cmake /home/eeavir/tellocontrol/src/drone_racing_ros2/ros2_shared -DCMAKE_INSTALL_PREFIX=/home/eeavir/tellocontrol/install/ros2_shared
[0.185s] -- The C compiler identification is GNU 9.4.0
[0.185s] -- The CXX compiler identification is GNU 9.4.0
[0.185s] -- Check for working C compiler: /usr/bin/cc
[0.186s] -- Check for working C compiler: /usr/bin/cc -- works
[0.187s] -- Detecting C compiler ABI info
[0.209s] -- Detecting C compiler ABI info - done
[0.224s] -- Detecting C compile features
[0.224s] -- Detecting C compile features - done
[0.227s] -- Check for working CXX compiler: /usr/bin/c++
[0.285s] -- Check for working CXX compiler: /usr/bin/c++ -- works
[0.286s] -- Detecting CXX compiler ABI info
[0.344s] -- Detecting CXX compiler ABI info - done
[0.359s] -- Detecting CXX compile features
[0.360s] -- Detecting CXX compile features - done
[0.362s] -- Found ament_cmake: 1.1.6 (/opt/ros/galactic/share/ament_cmake/cmake)
[0.381s] -- Found PythonInterp: /usr/bin/python3 (found suitable version "3.8.10", minimum required is "3") 
[0.381s] -- Using PYTHON_EXECUTABLE: /usr/bin/python3
[0.496s] -- Configuring done
[0.498s] -- Generating done
[0.499s] -- Build files have been written to: /home/eeavir/tellocontrol/build/ros2_shared
[0.502s] Invoked command in '/home/eeavir/tellocontrol/build/ros2_shared' returned '0': CMAKE_PREFIX_PATH=${CMAKE_PREFIX_PATH}:/home/eeavir/tellocontrol/install/own_package:/opt/ros/galactic /usr/bin/cmake /home/eeavir/tellocontrol/src/drone_racing_ros2/ros2_shared -DCMAKE_INSTALL_PREFIX=/home/eeavir/tellocontrol/install/ros2_shared
[0.505s] Invoking command in '/home/eeavir/tellocontrol/build/ros2_shared': CMAKE_PREFIX_PATH=${CMAKE_PREFIX_PATH}:/home/eeavir/tellocontrol/install/own_package:/opt/ros/galactic /usr/bin/cmake --build /home/eeavir/tellocontrol/build/ros2_shared -- -j8 -l8
[0.538s] Invoked command in '/home/eeavir/tellocontrol/build/ros2_shared' returned '0': CMAKE_PREFIX_PATH=${CMAKE_PREFIX_PATH}:/home/eeavir/tellocontrol/install/own_package:/opt/ros/galactic /usr/bin/cmake --build /home/eeavir/tellocontrol/build/ros2_shared -- -j8 -l8
[0.549s] Invoking command in '/home/eeavir/tellocontrol/build/ros2_shared': CMAKE_PREFIX_PATH=${CMAKE_PREFIX_PATH}:/home/eeavir/tellocontrol/install/own_package:/opt/ros/galactic /usr/bin/cmake --install /home/eeavir/tellocontrol/build/ros2_shared
[0.556s] -- Install configuration: ""
[0.556s] -- Installing: /home/eeavir/tellocontrol/install/ros2_shared/include
[0.556s] -- Installing: /home/eeavir/tellocontrol/install/ros2_shared/include/ros2_shared
[0.556s] -- Installing: /home/eeavir/tellocontrol/install/ros2_shared/include/ros2_shared/param_macros.hpp
[0.556s] -- Installing: /home/eeavir/tellocontrol/install/ros2_shared/include/ros2_shared/string_printf.hpp
[0.556s] -- Installing: /home/eeavir/tellocontrol/install/ros2_shared/include/ros2_shared/context_macros.hpp
[0.556s] -- Installing: /home/eeavir/tellocontrol/install/ros2_shared/share/ament_index/resource_index/package_run_dependencies/ros2_shared
[0.557s] -- Installing: /home/eeavir/tellocontrol/install/ros2_shared/share/ament_index/resource_index/parent_prefix_path/ros2_shared
[0.557s] -- Installing: /home/eeavir/tellocontrol/install/ros2_shared/share/ros2_shared/environment/ament_prefix_path.sh
[0.557s] -- Installing: /home/eeavir/tellocontrol/install/ros2_shared/share/ros2_shared/environment/ament_prefix_path.dsv
[0.557s] -- Installing: /home/eeavir/tellocontrol/install/ros2_shared/share/ros2_shared/environment/path.sh
[0.557s] -- Installing: /home/eeavir/tellocontrol/install/ros2_shared/share/ros2_shared/environment/path.dsv
[0.557s] -- Installing: /home/eeavir/tellocontrol/install/ros2_shared/share/ros2_shared/local_setup.bash
[0.557s] -- Installing: /home/eeavir/tellocontrol/install/ros2_shared/share/ros2_shared/local_setup.sh
[0.557s] -- Installing: /home/eeavir/tellocontrol/install/ros2_shared/share/ros2_shared/local_setup.zsh
[0.557s] -- Installing: /home/eeavir/tellocontrol/install/ros2_shared/share/ros2_shared/local_setup.dsv
[0.557s] -- Installing: /home/eeavir/tellocontrol/install/ros2_shared/share/ros2_shared/package.dsv
[0.557s] -- Installing: /home/eeavir/tellocontrol/install/ros2_shared/share/ament_index/resource_index/packages/ros2_shared
[0.557s] -- Installing: /home/eeavir/tellocontrol/install/ros2_shared/share/ros2_shared/cmake/ament_cmake_export_include_directories-extras.cmake
[0.557s] -- Installing: /home/eeavir/tellocontrol/install/ros2_shared/share/ros2_shared/cmake/ros2_sharedConfig.cmake
[0.558s] -- Installing: /home/eeavir/tellocontrol/install/ros2_shared/share/ros2_shared/cmake/ros2_sharedConfig-version.cmake
[0.558s] -- Installing: /home/eeavir/tellocontrol/install/ros2_shared/share/ros2_shared/package.xml
[0.559s] Invoked command in '/home/eeavir/tellocontrol/build/ros2_shared' returned '0': CMAKE_PREFIX_PATH=${CMAKE_PREFIX_PATH}:/home/eeavir/tellocontrol/install/own_package:/opt/ros/galactic /usr/bin/cmake --install /home/eeavir/tellocontrol/build/ros2_shared
