[0.034s] Invoking command in '/home/atte/drone_ws/build/ros2_shared': CMAKE_PREFIX_PATH=/opt/ros/galactic /usr/bin/cmake /home/atte/drone_ws/src/drone_racing_ros2/ros2_shared -DCMAKE_INSTALL_PREFIX=/home/atte/drone_ws/install/ros2_shared
[0.133s] -- The C compiler identification is GNU 9.4.0
[0.227s] -- The CXX compiler identification is GNU 9.4.0
[0.236s] -- Check for working C compiler: /usr/bin/cc
[0.354s] -- Check for working C compiler: /usr/bin/cc -- works
[0.356s] -- Detecting C compiler ABI info
[0.476s] -- Detecting C compiler ABI info - done
[0.501s] -- Detecting C compile features
[0.502s] -- Detecting C compile features - done
[0.507s] -- Check for working CXX compiler: /usr/bin/c++
[0.647s] -- Check for working CXX compiler: /usr/bin/c++ -- works
[0.649s] -- Detecting CXX compiler ABI info
[0.793s] -- Detecting CXX compiler ABI info - done
[0.821s] -- Detecting CXX compile features
[0.822s] -- Detecting CXX compile features - done
[0.826s] -- Found ament_cmake: 1.1.6 (/opt/ros/galactic/share/ament_cmake/cmake)
[0.866s] -- Found PythonInterp: /usr/bin/python3 (found suitable version "3.8.10", minimum required is "3") 
[0.869s] -- Using PYTHON_EXECUTABLE: /usr/bin/python3
[1.110s] -- Configuring done
[1.113s] -- Generating done
[1.116s] -- Build files have been written to: /home/atte/drone_ws/build/ros2_shared
[1.128s] Invoked command in '/home/atte/drone_ws/build/ros2_shared' returned '0': CMAKE_PREFIX_PATH=/opt/ros/galactic /usr/bin/cmake /home/atte/drone_ws/src/drone_racing_ros2/ros2_shared -DCMAKE_INSTALL_PREFIX=/home/atte/drone_ws/install/ros2_shared
[1.129s] Invoking command in '/home/atte/drone_ws/build/ros2_shared': CMAKE_PREFIX_PATH=/opt/ros/galactic /usr/bin/cmake --build /home/atte/drone_ws/build/ros2_shared -- -j4 -l4
[1.207s] Invoked command in '/home/atte/drone_ws/build/ros2_shared' returned '0': CMAKE_PREFIX_PATH=/opt/ros/galactic /usr/bin/cmake --build /home/atte/drone_ws/build/ros2_shared -- -j4 -l4
[1.233s] Invoking command in '/home/atte/drone_ws/build/ros2_shared': CMAKE_PREFIX_PATH=/opt/ros/galactic /usr/bin/cmake --install /home/atte/drone_ws/build/ros2_shared
[1.251s] -- Install configuration: ""
[1.251s] -- Installing: /home/atte/drone_ws/install/ros2_shared/include
[1.251s] -- Installing: /home/atte/drone_ws/install/ros2_shared/include/ros2_shared
[1.251s] -- Installing: /home/atte/drone_ws/install/ros2_shared/include/ros2_shared/string_printf.hpp
[1.251s] -- Installing: /home/atte/drone_ws/install/ros2_shared/include/ros2_shared/context_macros.hpp
[1.251s] -- Installing: /home/atte/drone_ws/install/ros2_shared/include/ros2_shared/param_macros.hpp
[1.252s] -- Installing: /home/atte/drone_ws/install/ros2_shared/share/ament_index/resource_index/package_run_dependencies/ros2_shared
[1.252s] -- Installing: /home/atte/drone_ws/install/ros2_shared/share/ament_index/resource_index/parent_prefix_path/ros2_shared
[1.252s] -- Installing: /home/atte/drone_ws/install/ros2_shared/share/ros2_shared/environment/ament_prefix_path.sh
[1.252s] -- Installing: /home/atte/drone_ws/install/ros2_shared/share/ros2_shared/environment/ament_prefix_path.dsv
[1.252s] -- Installing: /home/atte/drone_ws/install/ros2_shared/share/ros2_shared/environment/path.sh
[1.252s] -- Installing: /home/atte/drone_ws/install/ros2_shared/share/ros2_shared/environment/path.dsv
[1.252s] -- Installing: /home/atte/drone_ws/install/ros2_shared/share/ros2_shared/local_setup.bash
[1.253s] -- Installing: /home/atte/drone_ws/install/ros2_shared/share/ros2_shared/local_setup.sh
[1.253s] -- Installing: /home/atte/drone_ws/install/ros2_shared/share/ros2_shared/local_setup.zsh
[1.253s] -- Installing: /home/atte/drone_ws/install/ros2_shared/share/ros2_shared/local_setup.dsv
[1.253s] -- Installing: /home/atte/drone_ws/install/ros2_shared/share/ros2_shared/package.dsv
[1.253s] -- Installing: /home/atte/drone_ws/install/ros2_shared/share/ament_index/resource_index/packages/ros2_shared
[1.254s] -- Installing: /home/atte/drone_ws/install/ros2_shared/share/ros2_shared/cmake/ament_cmake_export_include_directories-extras.cmake
[1.254s] -- Installing: /home/atte/drone_ws/install/ros2_shared/share/ros2_shared/cmake/ros2_sharedConfig.cmake
[1.254s] -- Installing: /home/atte/drone_ws/install/ros2_shared/share/ros2_shared/cmake/ros2_sharedConfig-version.cmake
[1.254s] -- Installing: /home/atte/drone_ws/install/ros2_shared/share/ros2_shared/package.xml
[1.262s] Invoked command in '/home/atte/drone_ws/build/ros2_shared' returned '0': CMAKE_PREFIX_PATH=/opt/ros/galactic /usr/bin/cmake --install /home/atte/drone_ws/build/ros2_shared
