[0.020s] Invoking command in '/home/eeavir/tellocontrol/build/tello_msgs': CMAKE_PREFIX_PATH=${CMAKE_PREFIX_PATH}:/home/eeavir/tellocontrol/install/own_package:/opt/ros/galactic /usr/bin/cmake /home/eeavir/tellocontrol/src/drone_racing_ros2/tello_ros/tello_msgs -DCMAKE_INSTALL_PREFIX=/home/eeavir/tellocontrol/install/tello_msgs
[0.188s] -- The C compiler identification is GNU 9.4.0
[0.188s] -- The CXX compiler identification is GNU 9.4.0
[0.188s] -- Check for working C compiler: /usr/bin/cc
[0.242s] -- Check for working C compiler: /usr/bin/cc -- works
[0.243s] -- Detecting C compiler ABI info
[0.295s] -- Detecting C compiler ABI info - done
[0.304s] -- Detecting C compile features
[0.304s] -- Detecting C compile features - done
[0.306s] -- Check for working CXX compiler: /usr/bin/c++
[0.367s] -- Check for working CXX compiler: /usr/bin/c++ -- works
[0.369s] -- Detecting CXX compiler ABI info
[0.437s] -- Detecting CXX compiler ABI info - done
[0.450s] -- Detecting CXX compile features
[0.451s] -- Detecting CXX compile features - done
[0.455s] -- Found ament_cmake: 1.1.6 (/opt/ros/galactic/share/ament_cmake/cmake)
[0.483s] -- Found PythonInterp: /usr/bin/python3 (found suitable version "3.8.10", minimum required is "3") 
[0.484s] -- Using PYTHON_EXECUTABLE: /usr/bin/python3
[0.552s] -- Found rosidl_default_generators: 1.1.1 (/opt/ros/galactic/share/rosidl_default_generators/cmake)
[0.556s] -- Using all available rosidl_typesupport_c: rosidl_typesupport_fastrtps_c;rosidl_typesupport_introspection_c
[0.561s] -- Found rosidl_adapter: 2.2.3 (/opt/ros/galactic/share/rosidl_adapter/cmake)
[0.651s] -- Found OpenSSL: /usr/lib/x86_64-linux-gnu/libcrypto.so (found version "1.1.1f")  
[0.685s] -- Found FastRTPS: /opt/ros/galactic/include  
[0.781s] -- Using all available rosidl_typesupport_cpp: rosidl_typesupport_fastrtps_cpp;rosidl_typesupport_introspection_cpp
[0.812s] -- Found std_msgs: 2.2.4 (/opt/ros/galactic/share/std_msgs/cmake)
[0.855s] -- Found PythonInterp: /usr/bin/python3 (found version "3.8.10") 
[0.973s] -- Found ament_cmake_ros: 0.9.2 (/opt/ros/galactic/share/ament_cmake_ros/cmake)
[1.113s] -- Using all available rosidl_typesupport_c: rosidl_typesupport_fastrtps_c;rosidl_typesupport_introspection_c
[1.153s] -- Using all available rosidl_typesupport_cpp: rosidl_typesupport_fastrtps_cpp;rosidl_typesupport_introspection_cpp
[1.170s] -- Found PythonInterp: /usr/bin/python3 (found suitable version "3.8.10", minimum required is "3.5") 
[1.171s] -- Found python_cmake_module: 0.8.1 (/opt/ros/galactic/share/python_cmake_module/cmake)
[1.190s] -- Found PythonLibs: /usr/lib/x86_64-linux-gnu/libpython3.8.so (found suitable version "3.8.10", minimum required is "3.5") 
[1.190s] -- Using PYTHON_EXECUTABLE: /usr/bin/python3
[1.190s] -- Using PYTHON_INCLUDE_DIRS: /usr/include/python3.8
[1.190s] -- Using PYTHON_LIBRARIES: /usr/lib/x86_64-linux-gnu/libpython3.8.so
[1.204s] -- Found PythonExtra: .so  
[1.251s] -- Configuring done
[1.280s] -- Generating done
[1.291s] -- Build files have been written to: /home/eeavir/tellocontrol/build/tello_msgs
[1.297s] Invoked command in '/home/eeavir/tellocontrol/build/tello_msgs' returned '0': CMAKE_PREFIX_PATH=${CMAKE_PREFIX_PATH}:/home/eeavir/tellocontrol/install/own_package:/opt/ros/galactic /usr/bin/cmake /home/eeavir/tellocontrol/src/drone_racing_ros2/tello_ros/tello_msgs -DCMAKE_INSTALL_PREFIX=/home/eeavir/tellocontrol/install/tello_msgs
[1.299s] Invoking command in '/home/eeavir/tellocontrol/build/tello_msgs': CMAKE_PREFIX_PATH=${CMAKE_PREFIX_PATH}:/home/eeavir/tellocontrol/install/own_package:/opt/ros/galactic /usr/bin/cmake --build /home/eeavir/tellocontrol/build/tello_msgs -- -j8 -l8
[1.328s] [  2%] [34m[1mGenerating C code for ROS interfaces[0m
[1.328s] [35m[1mScanning dependencies of target tello_msgs__cpp[0m
[1.337s] [  4%] [34m[1mGenerating C++ code for ROS interfaces[0m
[1.770s] [  4%] Built target tello_msgs__cpp
[1.782s] [  6%] [34m[1mGenerating C++ type support dispatch for ROS interfaces[0m
[1.784s] [ 10%] [34m[1mGenerating C++ introspection for ROS interfaces[0m
[1.784s] [ 10%] [34m[1mGenerating C++ type support for eProsima Fast-RTPS[0m
[1.787s] [35m[1mScanning dependencies of target tello_msgs__rosidl_generator_c[0m
[1.802s] [ 12%] [32mBuilding C object CMakeFiles/tello_msgs__rosidl_generator_c.dir/rosidl_generator_c/tello_msgs/srv/detail/tello_action__functions.c.o[0m
[1.802s] [ 14%] [32mBuilding C object CMakeFiles/tello_msgs__rosidl_generator_c.dir/rosidl_generator_c/tello_msgs/msg/detail/flight_data__functions.c.o[0m
[1.803s] [ 17%] [32mBuilding C object CMakeFiles/tello_msgs__rosidl_generator_c.dir/rosidl_generator_c/tello_msgs/msg/detail/tello_response__functions.c.o[0m
[1.849s] [ 19%] [32m[1mLinking C shared library libtello_msgs__rosidl_generator_c.so[0m
[1.877s] [ 19%] Built target tello_msgs__rosidl_generator_c
[1.885s] [ 23%] [34m[1mGenerating C introspection for ROS interfaces[0m
[1.886s] [ 23%] [34m[1mGenerating C type support dispatch for ROS interfaces[0m
[2.225s] [35m[1mScanning dependencies of target tello_msgs__rosidl_typesupport_fastrtps_cpp[0m
[2.248s] [ 27%] [32mBuilding CXX object CMakeFiles/tello_msgs__rosidl_typesupport_fastrtps_cpp.dir/rosidl_typesupport_fastrtps_cpp/tello_msgs/msg/detail/dds_fastrtps/flight_data__type_support.cpp.o[0m
[2.249s] [ 27%] [32mBuilding CXX object CMakeFiles/tello_msgs__rosidl_typesupport_fastrtps_cpp.dir/rosidl_typesupport_fastrtps_cpp/tello_msgs/msg/detail/dds_fastrtps/tello_response__type_support.cpp.o[0m
[2.252s] [ 29%] [32mBuilding CXX object CMakeFiles/tello_msgs__rosidl_typesupport_fastrtps_cpp.dir/rosidl_typesupport_fastrtps_cpp/tello_msgs/srv/detail/dds_fastrtps/tello_action__type_support.cpp.o[0m
[2.301s] [35m[1mScanning dependencies of target tello_msgs__rosidl_typesupport_c[0m
[2.318s] [ 34%] [32mBuilding CXX object CMakeFiles/tello_msgs__rosidl_typesupport_c.dir/rosidl_typesupport_c/tello_msgs/msg/tello_response__type_support.cpp.o[0m
[2.318s] [ 34%] [32mBuilding CXX object CMakeFiles/tello_msgs__rosidl_typesupport_c.dir/rosidl_typesupport_c/tello_msgs/msg/flight_data__type_support.cpp.o[0m
[2.355s] [ 36%] [32mBuilding CXX object CMakeFiles/tello_msgs__rosidl_typesupport_c.dir/rosidl_typesupport_c/tello_msgs/srv/tello_action__type_support.cpp.o[0m
[2.389s] [35m[1mScanning dependencies of target tello_msgs__rosidl_typesupport_introspection_c[0m
[2.393s] [ 38%] [32m[1mLinking CXX shared library libtello_msgs__rosidl_typesupport_c.so[0m
[2.409s] [ 40%] [32mBuilding C object CMakeFiles/tello_msgs__rosidl_typesupport_introspection_c.dir/rosidl_typesupport_introspection_c/tello_msgs/msg/detail/flight_data__type_support.c.o[0m
[2.413s] [ 42%] [32mBuilding C object CMakeFiles/tello_msgs__rosidl_typesupport_introspection_c.dir/rosidl_typesupport_introspection_c/tello_msgs/msg/detail/tello_response__type_support.c.o[0m
[2.458s] [ 42%] Built target tello_msgs__rosidl_typesupport_c
[2.461s] [ 44%] [32mBuilding C object CMakeFiles/tello_msgs__rosidl_typesupport_introspection_c.dir/rosidl_typesupport_introspection_c/tello_msgs/srv/detail/tello_action__type_support.c.o[0m
[2.483s] [35m[1mScanning dependencies of target tello_msgs__rosidl_typesupport_cpp[0m
[2.495s] [ 46%] [32m[1mLinking C shared library libtello_msgs__rosidl_typesupport_introspection_c.so[0m
[2.500s] [ 48%] [32mBuilding CXX object CMakeFiles/tello_msgs__rosidl_typesupport_cpp.dir/rosidl_typesupport_cpp/tello_msgs/msg/flight_data__type_support.cpp.o[0m
[2.503s] [ 51%] [32mBuilding CXX object CMakeFiles/tello_msgs__rosidl_typesupport_cpp.dir/rosidl_typesupport_cpp/tello_msgs/srv/tello_action__type_support.cpp.o[0m
[2.505s] [ 53%] [32mBuilding CXX object CMakeFiles/tello_msgs__rosidl_typesupport_cpp.dir/rosidl_typesupport_cpp/tello_msgs/msg/tello_response__type_support.cpp.o[0m
[2.536s] [ 53%] Built target tello_msgs__rosidl_typesupport_introspection_c
[2.549s] [35m[1mScanning dependencies of target tello_msgs__rosidl_typesupport_introspection_cpp[0m
[2.566s] [ 55%] [32mBuilding CXX object CMakeFiles/tello_msgs__rosidl_typesupport_introspection_cpp.dir/rosidl_typesupport_introspection_cpp/tello_msgs/msg/detail/tello_response__type_support.cpp.o[0m
[2.578s] [ 57%] [32mBuilding CXX object CMakeFiles/tello_msgs__rosidl_typesupport_introspection_cpp.dir/rosidl_typesupport_introspection_cpp/tello_msgs/msg/detail/flight_data__type_support.cpp.o[0m
[2.733s] [ 59%] [32mBuilding CXX object CMakeFiles/tello_msgs__rosidl_typesupport_introspection_cpp.dir/rosidl_typesupport_introspection_cpp/tello_msgs/srv/detail/tello_action__type_support.cpp.o[0m
[2.775s] [ 61%] [32m[1mLinking CXX shared library libtello_msgs__rosidl_typesupport_fastrtps_cpp.so[0m
[2.853s] [ 63%] [32m[1mLinking CXX shared library libtello_msgs__rosidl_typesupport_cpp.so[0m
[2.862s] [ 63%] Built target tello_msgs__rosidl_typesupport_fastrtps_cpp
[2.875s] [ 65%] [34m[1mGenerating C type support for eProsima Fast-RTPS[0m
[2.884s] [ 65%] Built target tello_msgs__rosidl_typesupport_cpp
[2.955s] [ 68%] [32m[1mLinking CXX shared library libtello_msgs__rosidl_typesupport_introspection_cpp.so[0m
[2.998s] [ 68%] Built target tello_msgs__rosidl_typesupport_introspection_cpp
[3.249s] [35m[1mScanning dependencies of target tello_msgs__rosidl_typesupport_fastrtps_c[0m
[3.263s] [ 72%] [32mBuilding CXX object CMakeFiles/tello_msgs__rosidl_typesupport_fastrtps_c.dir/rosidl_typesupport_fastrtps_c/tello_msgs/msg/detail/tello_response__type_support_c.cpp.o[0m
[3.263s] [ 72%] [32mBuilding CXX object CMakeFiles/tello_msgs__rosidl_typesupport_fastrtps_c.dir/rosidl_typesupport_fastrtps_c/tello_msgs/msg/detail/flight_data__type_support_c.cpp.o[0m
[3.266s] [ 74%] [32mBuilding CXX object CMakeFiles/tello_msgs__rosidl_typesupport_fastrtps_c.dir/rosidl_typesupport_fastrtps_c/tello_msgs/srv/detail/tello_action__type_support_c.cpp.o[0m
[3.506s] [ 76%] [32m[1mLinking CXX shared library libtello_msgs__rosidl_typesupport_fastrtps_c.so[0m
[3.572s] [ 76%] Built target tello_msgs__rosidl_typesupport_fastrtps_c
[3.580s] [35m[1mScanning dependencies of target tello_msgs[0m
[3.587s] [ 76%] Built target tello_msgs
[3.595s] [35m[1mScanning dependencies of target tello_msgs__py[0m
[3.603s] [ 78%] [34m[1mGenerating Python code for ROS interfaces[0m
[4.333s] [ 78%] Built target tello_msgs__py
[4.341s] [35m[1mScanning dependencies of target tello_msgs__python[0m
[4.363s] [ 82%] [32mBuilding C object CMakeFiles/tello_msgs__python.dir/rosidl_generator_py/tello_msgs/msg/_tello_response_s.c.o[0m
[4.363s] [ 82%] [32mBuilding C object CMakeFiles/tello_msgs__python.dir/rosidl_generator_py/tello_msgs/msg/_flight_data_s.c.o[0m
[4.366s] [ 85%] [32mBuilding C object CMakeFiles/tello_msgs__python.dir/rosidl_generator_py/tello_msgs/srv/_tello_action_s.c.o[0m
[4.438s] [ 87%] [32m[1mLinking C shared library rosidl_generator_py/tello_msgs/libtello_msgs__python.so[0m
[4.468s] [ 87%] Built target tello_msgs__python
[4.476s] [35m[1mScanning dependencies of target tello_msgs__rosidl_typesupport_introspection_c__pyext[0m
[4.477s] [35m[1mScanning dependencies of target tello_msgs__rosidl_typesupport_c__pyext[0m
[4.477s] [35m[1mScanning dependencies of target tello_msgs__rosidl_typesupport_fastrtps_c__pyext[0m
[4.489s] [ 89%] [32mBuilding C object CMakeFiles/tello_msgs__rosidl_typesupport_c__pyext.dir/rosidl_generator_py/tello_msgs/_tello_msgs_s.ep.rosidl_typesupport_c.c.o[0m
[4.491s] [ 91%] [32mBuilding C object CMakeFiles/tello_msgs__rosidl_typesupport_introspection_c__pyext.dir/rosidl_generator_py/tello_msgs/_tello_msgs_s.ep.rosidl_typesupport_introspection_c.c.o[0m
[4.494s] [ 93%] [32mBuilding C object CMakeFiles/tello_msgs__rosidl_typesupport_fastrtps_c__pyext.dir/rosidl_generator_py/tello_msgs/_tello_msgs_s.ep.rosidl_typesupport_fastrtps_c.c.o[0m
[4.551s] [ 97%] [32m[1mLinking C shared library rosidl_generator_py/tello_msgs/tello_msgs_s__rosidl_typesupport_c.cpython-38-x86_64-linux-gnu.so[0m
[4.551s] [ 97%] [32m[1mLinking C shared library rosidl_generator_py/tello_msgs/tello_msgs_s__rosidl_typesupport_introspection_c.cpython-38-x86_64-linux-gnu.so[0m
[4.556s] [100%] [32m[1mLinking CXX shared library rosidl_generator_py/tello_msgs/tello_msgs_s__rosidl_typesupport_fastrtps_c.cpython-38-x86_64-linux-gnu.so[0m
[4.579s] [100%] Built target tello_msgs__rosidl_typesupport_introspection_c__pyext
[4.579s] [100%] Built target tello_msgs__rosidl_typesupport_c__pyext
[4.603s] [100%] Built target tello_msgs__rosidl_typesupport_fastrtps_c__pyext
[4.612s] Invoked command in '/home/eeavir/tellocontrol/build/tello_msgs' returned '0': CMAKE_PREFIX_PATH=${CMAKE_PREFIX_PATH}:/home/eeavir/tellocontrol/install/own_package:/opt/ros/galactic /usr/bin/cmake --build /home/eeavir/tellocontrol/build/tello_msgs -- -j8 -l8
[4.614s] Invoking command in '/home/eeavir/tellocontrol/build/tello_msgs': CMAKE_PREFIX_PATH=${CMAKE_PREFIX_PATH}:/home/eeavir/tellocontrol/install/own_package:/opt/ros/galactic /usr/bin/cmake --install /home/eeavir/tellocontrol/build/tello_msgs
[4.621s] -- Install configuration: ""
[4.621s] -- Installing: /home/eeavir/tellocontrol/install/tello_msgs/share/ament_index/resource_index/rosidl_interfaces/tello_msgs
[4.621s] -- Installing: /home/eeavir/tellocontrol/install/tello_msgs/include/tello_msgs
[4.621s] -- Installing: /home/eeavir/tellocontrol/install/tello_msgs/include/tello_msgs/msg
[4.621s] -- Installing: /home/eeavir/tellocontrol/install/tello_msgs/include/tello_msgs/msg/detail
[4.621s] -- Installing: /home/eeavir/tellocontrol/install/tello_msgs/include/tello_msgs/msg/detail/flight_data__functions.h
[4.621s] -- Installing: /home/eeavir/tellocontrol/install/tello_msgs/include/tello_msgs/msg/detail/flight_data__struct.h
[4.621s] -- Installing: /home/eeavir/tellocontrol/install/tello_msgs/include/tello_msgs/msg/detail/tello_response__struct.h
[4.622s] -- Installing: /home/eeavir/tellocontrol/install/tello_msgs/include/tello_msgs/msg/detail/flight_data__functions.c
[4.622s] -- Installing: /home/eeavir/tellocontrol/install/tello_msgs/include/tello_msgs/msg/detail/tello_response__functions.c
[4.622s] -- Installing: /home/eeavir/tellocontrol/install/tello_msgs/include/tello_msgs/msg/detail/tello_response__type_support.h
[4.622s] -- Installing: /home/eeavir/tellocontrol/install/tello_msgs/include/tello_msgs/msg/detail/flight_data__type_support.h
[4.622s] -- Installing: /home/eeavir/tellocontrol/install/tello_msgs/include/tello_msgs/msg/detail/tello_response__functions.h
[4.622s] -- Installing: /home/eeavir/tellocontrol/install/tello_msgs/include/tello_msgs/msg/flight_data.h
[4.622s] -- Installing: /home/eeavir/tellocontrol/install/tello_msgs/include/tello_msgs/msg/tello_response.h
[4.622s] -- Installing: /home/eeavir/tellocontrol/install/tello_msgs/include/tello_msgs/msg/rosidl_generator_c__visibility_control.h
[4.622s] -- Installing: /home/eeavir/tellocontrol/install/tello_msgs/include/tello_msgs/srv
[4.622s] -- Installing: /home/eeavir/tellocontrol/install/tello_msgs/include/tello_msgs/srv/detail
[4.622s] -- Installing: /home/eeavir/tellocontrol/install/tello_msgs/include/tello_msgs/srv/detail/tello_action__functions.c
[4.622s] -- Installing: /home/eeavir/tellocontrol/install/tello_msgs/include/tello_msgs/srv/detail/tello_action__struct.h
[4.622s] -- Installing: /home/eeavir/tellocontrol/install/tello_msgs/include/tello_msgs/srv/detail/tello_action__functions.h
[4.622s] -- Installing: /home/eeavir/tellocontrol/install/tello_msgs/include/tello_msgs/srv/detail/tello_action__type_support.h
[4.622s] -- Installing: /home/eeavir/tellocontrol/install/tello_msgs/include/tello_msgs/srv/tello_action.h
[4.622s] -- Installing: /home/eeavir/tellocontrol/install/tello_msgs/share/tello_msgs/environment/library_path.sh
[4.622s] -- Installing: /home/eeavir/tellocontrol/install/tello_msgs/share/tello_msgs/environment/library_path.dsv
[4.622s] -- Installing: /home/eeavir/tellocontrol/install/tello_msgs/lib/libtello_msgs__rosidl_generator_c.so
[4.622s] -- Set runtime path of "/home/eeavir/tellocontrol/install/tello_msgs/lib/libtello_msgs__rosidl_generator_c.so" to ""
[4.622s] -- Up-to-date: /home/eeavir/tellocontrol/install/tello_msgs/include/tello_msgs
[4.622s] -- Up-to-date: /home/eeavir/tellocontrol/install/tello_msgs/include/tello_msgs/msg
[4.623s] -- Up-to-date: /home/eeavir/tellocontrol/install/tello_msgs/include/tello_msgs/msg/detail
[4.623s] -- Installing: /home/eeavir/tellocontrol/install/tello_msgs/include/tello_msgs/msg/detail/tello_response__rosidl_typesupport_fastrtps_c.h
[4.623s] -- Installing: /home/eeavir/tellocontrol/install/tello_msgs/include/tello_msgs/msg/detail/flight_data__rosidl_typesupport_fastrtps_c.h
[4.623s] -- Installing: /home/eeavir/tellocontrol/install/tello_msgs/include/tello_msgs/msg/rosidl_typesupport_fastrtps_c__visibility_control.h
[4.623s] -- Up-to-date: /home/eeavir/tellocontrol/install/tello_msgs/include/tello_msgs/srv
[4.623s] -- Up-to-date: /home/eeavir/tellocontrol/install/tello_msgs/include/tello_msgs/srv/detail
[4.623s] -- Installing: /home/eeavir/tellocontrol/install/tello_msgs/include/tello_msgs/srv/detail/tello_action__rosidl_typesupport_fastrtps_c.h
[4.623s] -- Installing: /home/eeavir/tellocontrol/install/tello_msgs/lib/libtello_msgs__rosidl_typesupport_fastrtps_c.so
[4.623s] -- Set runtime path of "/home/eeavir/tellocontrol/install/tello_msgs/lib/libtello_msgs__rosidl_typesupport_fastrtps_c.so" to ""
[4.623s] -- Up-to-date: /home/eeavir/tellocontrol/install/tello_msgs/include/tello_msgs
[4.623s] -- Up-to-date: /home/eeavir/tellocontrol/install/tello_msgs/include/tello_msgs/msg
[4.623s] -- Up-to-date: /home/eeavir/tellocontrol/install/tello_msgs/include/tello_msgs/msg/detail
[4.623s] -- Installing: /home/eeavir/tellocontrol/install/tello_msgs/include/tello_msgs/msg/detail/flight_data__rosidl_typesupport_fastrtps_cpp.hpp
[4.623s] -- Installing: /home/eeavir/tellocontrol/install/tello_msgs/include/tello_msgs/msg/detail/dds_fastrtps
[4.623s] -- Installing: /home/eeavir/tellocontrol/install/tello_msgs/include/tello_msgs/msg/detail/tello_response__rosidl_typesupport_fastrtps_cpp.hpp
[4.623s] -- Installing: /home/eeavir/tellocontrol/install/tello_msgs/include/tello_msgs/msg/rosidl_typesupport_fastrtps_cpp__visibility_control.h
[4.623s] -- Up-to-date: /home/eeavir/tellocontrol/install/tello_msgs/include/tello_msgs/srv
[4.623s] -- Up-to-date: /home/eeavir/tellocontrol/install/tello_msgs/include/tello_msgs/srv/detail
[4.623s] -- Installing: /home/eeavir/tellocontrol/install/tello_msgs/include/tello_msgs/srv/detail/dds_fastrtps
[4.623s] -- Installing: /home/eeavir/tellocontrol/install/tello_msgs/include/tello_msgs/srv/detail/tello_action__rosidl_typesupport_fastrtps_cpp.hpp
[4.623s] -- Installing: /home/eeavir/tellocontrol/install/tello_msgs/lib/libtello_msgs__rosidl_typesupport_fastrtps_cpp.so
[4.624s] -- Set runtime path of "/home/eeavir/tellocontrol/install/tello_msgs/lib/libtello_msgs__rosidl_typesupport_fastrtps_cpp.so" to ""
[4.624s] -- Up-to-date: /home/eeavir/tellocontrol/install/tello_msgs/include/tello_msgs
[4.624s] -- Up-to-date: /home/eeavir/tellocontrol/install/tello_msgs/include/tello_msgs/msg
[4.624s] -- Up-to-date: /home/eeavir/tellocontrol/install/tello_msgs/include/tello_msgs/msg/detail
[4.624s] -- Installing: /home/eeavir/tellocontrol/install/tello_msgs/include/tello_msgs/msg/detail/tello_response__rosidl_typesupport_introspection_c.h
[4.624s] -- Installing: /home/eeavir/tellocontrol/install/tello_msgs/include/tello_msgs/msg/detail/flight_data__type_support.c
[4.624s] -- Installing: /home/eeavir/tellocontrol/install/tello_msgs/include/tello_msgs/msg/detail/flight_data__rosidl_typesupport_introspection_c.h
[4.624s] -- Installing: /home/eeavir/tellocontrol/install/tello_msgs/include/tello_msgs/msg/detail/tello_response__type_support.c
[4.624s] -- Installing: /home/eeavir/tellocontrol/install/tello_msgs/include/tello_msgs/msg/rosidl_typesupport_introspection_c__visibility_control.h
[4.624s] -- Up-to-date: /home/eeavir/tellocontrol/install/tello_msgs/include/tello_msgs/srv
[4.624s] -- Up-to-date: /home/eeavir/tellocontrol/install/tello_msgs/include/tello_msgs/srv/detail
[4.624s] -- Installing: /home/eeavir/tellocontrol/install/tello_msgs/include/tello_msgs/srv/detail/tello_action__rosidl_typesupport_introspection_c.h
[4.624s] -- Installing: /home/eeavir/tellocontrol/install/tello_msgs/include/tello_msgs/srv/detail/tello_action__type_support.c
[4.624s] -- Installing: /home/eeavir/tellocontrol/install/tello_msgs/lib/libtello_msgs__rosidl_typesupport_introspection_c.so
[4.624s] -- Set runtime path of "/home/eeavir/tellocontrol/install/tello_msgs/lib/libtello_msgs__rosidl_typesupport_introspection_c.so" to ""
[4.624s] -- Installing: /home/eeavir/tellocontrol/install/tello_msgs/lib/libtello_msgs__rosidl_typesupport_c.so
[4.624s] -- Set runtime path of "/home/eeavir/tellocontrol/install/tello_msgs/lib/libtello_msgs__rosidl_typesupport_c.so" to ""
[4.624s] -- Up-to-date: /home/eeavir/tellocontrol/install/tello_msgs/include/tello_msgs
[4.625s] -- Up-to-date: /home/eeavir/tellocontrol/install/tello_msgs/include/tello_msgs/msg
[4.625s] -- Installing: /home/eeavir/tellocontrol/install/tello_msgs/include/tello_msgs/msg/tello_response.hpp
[4.625s] -- Up-to-date: /home/eeavir/tellocontrol/install/tello_msgs/include/tello_msgs/msg/detail
[4.625s] -- Installing: /home/eeavir/tellocontrol/install/tello_msgs/include/tello_msgs/msg/detail/tello_response__struct.hpp
[4.625s] -- Installing: /home/eeavir/tellocontrol/install/tello_msgs/include/tello_msgs/msg/detail/tello_response__traits.hpp
[4.625s] -- Installing: /home/eeavir/tellocontrol/install/tello_msgs/include/tello_msgs/msg/detail/flight_data__builder.hpp
[4.625s] -- Installing: /home/eeavir/tellocontrol/install/tello_msgs/include/tello_msgs/msg/detail/flight_data__struct.hpp
[4.625s] -- Installing: /home/eeavir/tellocontrol/install/tello_msgs/include/tello_msgs/msg/detail/tello_response__builder.hpp
[4.625s] -- Installing: /home/eeavir/tellocontrol/install/tello_msgs/include/tello_msgs/msg/detail/flight_data__traits.hpp
[4.625s] -- Installing: /home/eeavir/tellocontrol/install/tello_msgs/include/tello_msgs/msg/flight_data.hpp
[4.625s] -- Up-to-date: /home/eeavir/tellocontrol/install/tello_msgs/include/tello_msgs/srv
[4.625s] -- Up-to-date: /home/eeavir/tellocontrol/install/tello_msgs/include/tello_msgs/srv/detail
[4.625s] -- Installing: /home/eeavir/tellocontrol/install/tello_msgs/include/tello_msgs/srv/detail/tello_action__struct.hpp
[4.625s] -- Installing: /home/eeavir/tellocontrol/install/tello_msgs/include/tello_msgs/srv/detail/tello_action__traits.hpp
[4.625s] -- Installing: /home/eeavir/tellocontrol/install/tello_msgs/include/tello_msgs/srv/detail/tello_action__builder.hpp
[4.625s] -- Installing: /home/eeavir/tellocontrol/install/tello_msgs/include/tello_msgs/srv/tello_action.hpp
[4.625s] -- Up-to-date: /home/eeavir/tellocontrol/install/tello_msgs/include/tello_msgs
[4.625s] -- Up-to-date: /home/eeavir/tellocontrol/install/tello_msgs/include/tello_msgs/msg
[4.625s] -- Up-to-date: /home/eeavir/tellocontrol/install/tello_msgs/include/tello_msgs/msg/detail
[4.625s] -- Installing: /home/eeavir/tellocontrol/install/tello_msgs/include/tello_msgs/msg/detail/flight_data__type_support.cpp
[4.625s] -- Installing: /home/eeavir/tellocontrol/install/tello_msgs/include/tello_msgs/msg/detail/flight_data__rosidl_typesupport_introspection_cpp.hpp
[4.626s] -- Installing: /home/eeavir/tellocontrol/install/tello_msgs/include/tello_msgs/msg/detail/tello_response__type_support.cpp
[4.626s] -- Installing: /home/eeavir/tellocontrol/install/tello_msgs/include/tello_msgs/msg/detail/tello_response__rosidl_typesupport_introspection_cpp.hpp
[4.626s] -- Up-to-date: /home/eeavir/tellocontrol/install/tello_msgs/include/tello_msgs/srv
[4.626s] -- Up-to-date: /home/eeavir/tellocontrol/install/tello_msgs/include/tello_msgs/srv/detail
[4.626s] -- Installing: /home/eeavir/tellocontrol/install/tello_msgs/include/tello_msgs/srv/detail/tello_action__rosidl_typesupport_introspection_cpp.hpp
[4.626s] -- Installing: /home/eeavir/tellocontrol/install/tello_msgs/include/tello_msgs/srv/detail/tello_action__type_support.cpp
[4.626s] -- Installing: /home/eeavir/tellocontrol/install/tello_msgs/lib/libtello_msgs__rosidl_typesupport_introspection_cpp.so
[4.626s] -- Set runtime path of "/home/eeavir/tellocontrol/install/tello_msgs/lib/libtello_msgs__rosidl_typesupport_introspection_cpp.so" to ""
[4.626s] -- Installing: /home/eeavir/tellocontrol/install/tello_msgs/lib/libtello_msgs__rosidl_typesupport_cpp.so
[4.626s] -- Set runtime path of "/home/eeavir/tellocontrol/install/tello_msgs/lib/libtello_msgs__rosidl_typesupport_cpp.so" to ""
[4.626s] -- Installing: /home/eeavir/tellocontrol/install/tello_msgs/share/tello_msgs/environment/pythonpath.sh
[4.626s] -- Installing: /home/eeavir/tellocontrol/install/tello_msgs/share/tello_msgs/environment/pythonpath.dsv
[4.626s] -- Installing: /home/eeavir/tellocontrol/install/tello_msgs/lib/python3.8/site-packages/tello_msgs/__init__.py
[4.647s] Compiling '/home/eeavir/tellocontrol/install/tello_msgs/lib/python3.8/site-packages/tello_msgs/__init__.py'...
[4.650s] -- Installing: /home/eeavir/tellocontrol/install/tello_msgs/lib/python3.8/site-packages/tello_msgs/msg
[4.650s] -- Installing: /home/eeavir/tellocontrol/install/tello_msgs/lib/python3.8/site-packages/tello_msgs/msg/__init__.py
[4.650s] -- Installing: /home/eeavir/tellocontrol/install/tello_msgs/lib/python3.8/site-packages/tello_msgs/msg/_flight_data_s.c
[4.650s] -- Installing: /home/eeavir/tellocontrol/install/tello_msgs/lib/python3.8/site-packages/tello_msgs/msg/_tello_response.py
[4.650s] -- Installing: /home/eeavir/tellocontrol/install/tello_msgs/lib/python3.8/site-packages/tello_msgs/msg/_flight_data.py
[4.650s] -- Installing: /home/eeavir/tellocontrol/install/tello_msgs/lib/python3.8/site-packages/tello_msgs/msg/_tello_response_s.c
[4.650s] -- Installing: /home/eeavir/tellocontrol/install/tello_msgs/lib/python3.8/site-packages/tello_msgs/srv
[4.650s] -- Installing: /home/eeavir/tellocontrol/install/tello_msgs/lib/python3.8/site-packages/tello_msgs/srv/__init__.py
[4.650s] -- Installing: /home/eeavir/tellocontrol/install/tello_msgs/lib/python3.8/site-packages/tello_msgs/srv/_tello_action_s.c
[4.650s] -- Installing: /home/eeavir/tellocontrol/install/tello_msgs/lib/python3.8/site-packages/tello_msgs/srv/_tello_action.py
[4.651s] -- Installing: /home/eeavir/tellocontrol/install/tello_msgs/lib/python3.8/site-packages/tello_msgs/tello_msgs_s__rosidl_typesupport_fastrtps_c.cpython-38-x86_64-linux-gnu.so
[4.651s] -- Set runtime path of "/home/eeavir/tellocontrol/install/tello_msgs/lib/python3.8/site-packages/tello_msgs/tello_msgs_s__rosidl_typesupport_fastrtps_c.cpython-38-x86_64-linux-gnu.so" to ""
[4.651s] -- Installing: /home/eeavir/tellocontrol/install/tello_msgs/lib/python3.8/site-packages/tello_msgs/tello_msgs_s__rosidl_typesupport_introspection_c.cpython-38-x86_64-linux-gnu.so
[4.651s] -- Set runtime path of "/home/eeavir/tellocontrol/install/tello_msgs/lib/python3.8/site-packages/tello_msgs/tello_msgs_s__rosidl_typesupport_introspection_c.cpython-38-x86_64-linux-gnu.so" to ""
[4.652s] -- Installing: /home/eeavir/tellocontrol/install/tello_msgs/lib/python3.8/site-packages/tello_msgs/tello_msgs_s__rosidl_typesupport_c.cpython-38-x86_64-linux-gnu.so
[4.652s] -- Set runtime path of "/home/eeavir/tellocontrol/install/tello_msgs/lib/python3.8/site-packages/tello_msgs/tello_msgs_s__rosidl_typesupport_c.cpython-38-x86_64-linux-gnu.so" to ""
[4.652s] -- Installing: /home/eeavir/tellocontrol/install/tello_msgs/lib/libtello_msgs__python.so
[4.652s] -- Set runtime path of "/home/eeavir/tellocontrol/install/tello_msgs/lib/libtello_msgs__python.so" to ""
[4.652s] -- Installing: /home/eeavir/tellocontrol/install/tello_msgs/share/tello_msgs/msg/FlightData.idl
[4.652s] -- Installing: /home/eeavir/tellocontrol/install/tello_msgs/share/tello_msgs/msg/TelloResponse.idl
[4.652s] -- Installing: /home/eeavir/tellocontrol/install/tello_msgs/share/tello_msgs/srv/TelloAction.idl
[4.652s] -- Installing: /home/eeavir/tellocontrol/install/tello_msgs/share/tello_msgs/msg/FlightData.msg
[4.652s] -- Installing: /home/eeavir/tellocontrol/install/tello_msgs/share/tello_msgs/msg/TelloResponse.msg
[4.652s] -- Installing: /home/eeavir/tellocontrol/install/tello_msgs/share/tello_msgs/srv/TelloAction.srv
[4.652s] -- Installing: /home/eeavir/tellocontrol/install/tello_msgs/share/tello_msgs/srv/TelloAction_Request.msg
[4.653s] -- Installing: /home/eeavir/tellocontrol/install/tello_msgs/share/tello_msgs/srv/TelloAction_Response.msg
[4.653s] -- Installing: /home/eeavir/tellocontrol/install/tello_msgs/share/ament_index/resource_index/package_run_dependencies/tello_msgs
[4.653s] -- Installing: /home/eeavir/tellocontrol/install/tello_msgs/share/ament_index/resource_index/parent_prefix_path/tello_msgs
[4.653s] -- Installing: /home/eeavir/tellocontrol/install/tello_msgs/share/tello_msgs/environment/ament_prefix_path.sh
[4.653s] -- Installing: /home/eeavir/tellocontrol/install/tello_msgs/share/tello_msgs/environment/ament_prefix_path.dsv
[4.653s] -- Installing: /home/eeavir/tellocontrol/install/tello_msgs/share/tello_msgs/environment/path.sh
[4.653s] -- Installing: /home/eeavir/tellocontrol/install/tello_msgs/share/tello_msgs/environment/path.dsv
[4.653s] -- Installing: /home/eeavir/tellocontrol/install/tello_msgs/share/tello_msgs/local_setup.bash
[4.653s] -- Installing: /home/eeavir/tellocontrol/install/tello_msgs/share/tello_msgs/local_setup.sh
[4.653s] -- Installing: /home/eeavir/tellocontrol/install/tello_msgs/share/tello_msgs/local_setup.zsh
[4.653s] -- Installing: /home/eeavir/tellocontrol/install/tello_msgs/share/tello_msgs/local_setup.dsv
[4.653s] -- Installing: /home/eeavir/tellocontrol/install/tello_msgs/share/tello_msgs/package.dsv
[4.653s] -- Installing: /home/eeavir/tellocontrol/install/tello_msgs/share/ament_index/resource_index/packages/tello_msgs
[4.654s] -- Installing: /home/eeavir/tellocontrol/install/tello_msgs/share/tello_msgs/cmake/tello_msgs__rosidl_generator_cExport.cmake
[4.654s] -- Installing: /home/eeavir/tellocontrol/install/tello_msgs/share/tello_msgs/cmake/tello_msgs__rosidl_generator_cExport-noconfig.cmake
[4.654s] -- Installing: /home/eeavir/tellocontrol/install/tello_msgs/share/tello_msgs/cmake/tello_msgs__rosidl_typesupport_introspection_cExport.cmake
[4.654s] -- Installing: /home/eeavir/tellocontrol/install/tello_msgs/share/tello_msgs/cmake/tello_msgs__rosidl_typesupport_introspection_cExport-noconfig.cmake
[4.654s] -- Installing: /home/eeavir/tellocontrol/install/tello_msgs/share/tello_msgs/cmake/tello_msgs__rosidl_typesupport_cExport.cmake
[4.654s] -- Installing: /home/eeavir/tellocontrol/install/tello_msgs/share/tello_msgs/cmake/tello_msgs__rosidl_typesupport_cExport-noconfig.cmake
[4.654s] -- Installing: /home/eeavir/tellocontrol/install/tello_msgs/share/tello_msgs/cmake/tello_msgs__rosidl_generator_cppExport.cmake
[4.654s] -- Installing: /home/eeavir/tellocontrol/install/tello_msgs/share/tello_msgs/cmake/tello_msgs__rosidl_typesupport_introspection_cppExport.cmake
[4.654s] -- Installing: /home/eeavir/tellocontrol/install/tello_msgs/share/tello_msgs/cmake/tello_msgs__rosidl_typesupport_introspection_cppExport-noconfig.cmake
[4.654s] -- Installing: /home/eeavir/tellocontrol/install/tello_msgs/share/tello_msgs/cmake/tello_msgs__rosidl_typesupport_cppExport.cmake
[4.654s] -- Installing: /home/eeavir/tellocontrol/install/tello_msgs/share/tello_msgs/cmake/tello_msgs__rosidl_typesupport_cppExport-noconfig.cmake
[4.654s] -- Installing: /home/eeavir/tellocontrol/install/tello_msgs/share/tello_msgs/cmake/rosidl_cmake-extras.cmake
[4.655s] -- Installing: /home/eeavir/tellocontrol/install/tello_msgs/share/tello_msgs/cmake/ament_cmake_export_dependencies-extras.cmake
[4.655s] -- Installing: /home/eeavir/tellocontrol/install/tello_msgs/share/tello_msgs/cmake/ament_cmake_export_libraries-extras.cmake
[4.655s] -- Installing: /home/eeavir/tellocontrol/install/tello_msgs/share/tello_msgs/cmake/ament_cmake_export_targets-extras.cmake
[4.655s] -- Installing: /home/eeavir/tellocontrol/install/tello_msgs/share/tello_msgs/cmake/ament_cmake_export_include_directories-extras.cmake
[4.655s] -- Installing: /home/eeavir/tellocontrol/install/tello_msgs/share/tello_msgs/cmake/rosidl_cmake_export_typesupport_libraries-extras.cmake
[4.655s] -- Installing: /home/eeavir/tellocontrol/install/tello_msgs/share/tello_msgs/cmake/rosidl_cmake_export_typesupport_targets-extras.cmake
[4.655s] -- Installing: /home/eeavir/tellocontrol/install/tello_msgs/share/tello_msgs/cmake/tello_msgsConfig.cmake
[4.655s] -- Installing: /home/eeavir/tellocontrol/install/tello_msgs/share/tello_msgs/cmake/tello_msgsConfig-version.cmake
[4.655s] -- Installing: /home/eeavir/tellocontrol/install/tello_msgs/share/tello_msgs/package.xml
[4.657s] Invoked command in '/home/eeavir/tellocontrol/build/tello_msgs' returned '0': CMAKE_PREFIX_PATH=${CMAKE_PREFIX_PATH}:/home/eeavir/tellocontrol/install/own_package:/opt/ros/galactic /usr/bin/cmake --install /home/eeavir/tellocontrol/build/tello_msgs
