[0.011s] Invoking command in '/home/eeavir/tellocontrol/build/tello_driver': CMAKE_PREFIX_PATH=/home/eeavir/tellocontrol/install/tello_msgs:/home/eeavir/tellocontrol/install/ros2_shared:/home/eeavir/tellocontrol/install/tello_gazebo:/home/eeavir/tellocontrol/install/tello_driver:/home/eeavir/tellocontrol/install/tello_description:/home/eeavir/tellocontrol/install/own_package:/opt/ros/galactic LD_LIBRARY_PATH=/home/eeavir/tellocontrol/install/tello_msgs/lib:/home/eeavir/tellocontrol/install/tello_gazebo/lib:/home/eeavir/tellocontrol/install/tello_driver/lib:/usr/lib/x86_64-linux-gnu/gazebo-11/plugins:/opt/ros/galactic/opt/yaml_cpp_vendor/lib:/opt/ros/galactic/opt/rviz_ogre_vendor/lib:/opt/ros/galactic/lib/x86_64-linux-gnu:/opt/ros/galactic/lib:/usr/lib/x86_64-linux-gnu/gazebo-11/plugins /usr/bin/cmake /home/eeavir/tellocontrol/src/drone_racing_ros2/tello_ros/tello_driver -DCMAKE_INSTALL_PREFIX=/home/eeavir/tellocontrol/install/tello_driver
[0.049s] -- The C compiler identification is GNU 9.4.0
[0.087s] -- The CXX compiler identification is GNU 9.4.0
[0.090s] -- Check for working C compiler: /usr/bin/cc
[0.137s] -- Check for working C compiler: /usr/bin/cc -- works
[0.137s] -- Detecting C compiler ABI info
[0.184s] -- Detecting C compiler ABI info - done
[0.192s] -- Detecting C compile features
[0.192s] -- Detecting C compile features - done
[0.194s] -- Check for working CXX compiler: /usr/bin/c++
[0.248s] -- Check for working CXX compiler: /usr/bin/c++ -- works
[0.249s] -- Detecting CXX compiler ABI info
[0.304s] -- Detecting CXX compiler ABI info - done
[0.312s] -- Detecting CXX compile features
[0.313s] -- Detecting CXX compile features - done
[0.314s] -- Found ament_cmake: 1.1.6 (/opt/ros/galactic/share/ament_cmake/cmake)
[0.330s] -- Found PythonInterp: /usr/bin/python3 (found suitable version "3.8.10", minimum required is "3") 
[0.331s] -- Using PYTHON_EXECUTABLE: /usr/bin/python3
[0.384s] -- Found camera_calibration_parsers: 2.5.1 (/opt/ros/galactic/share/camera_calibration_parsers/cmake)
[0.425s] -- Using all available rosidl_typesupport_c: rosidl_typesupport_fastrtps_c;rosidl_typesupport_introspection_c
[0.429s] -- Found rosidl_adapter: 2.2.3 (/opt/ros/galactic/share/rosidl_adapter/cmake)
[0.488s] -- Found OpenSSL: /usr/lib/x86_64-linux-gnu/libcrypto.so (found version "1.1.1f")  
[0.509s] -- Found FastRTPS: /opt/ros/galactic/include  
[0.564s] -- Using all available rosidl_typesupport_cpp: rosidl_typesupport_fastrtps_cpp;rosidl_typesupport_introspection_cpp
[0.610s] -- Found rmw_implementation_cmake: 3.3.1 (/opt/ros/galactic/share/rmw_implementation_cmake/cmake)
[0.613s] -- Found rmw_cyclonedds_cpp: 0.22.6 (/opt/ros/galactic/share/rmw_cyclonedds_cpp/cmake)
[0.628s] -- Using RMW implementation 'rmw_cyclonedds_cpp' as default
[0.629s] -- Looking for pthread.h
[0.679s] -- Looking for pthread.h - found
[0.679s] -- Performing Test CMAKE_HAVE_LIBC_PTHREAD
[0.731s] -- Performing Test CMAKE_HAVE_LIBC_PTHREAD - Failed
[0.731s] -- Looking for pthread_create in pthreads
[0.773s] -- Looking for pthread_create in pthreads - not found
[0.773s] -- Looking for pthread_create in pthread
[0.821s] -- Looking for pthread_create in pthread - found
[0.822s] -- Found Threads: TRUE  
[1.040s] -- Setting yaml-cpp_DIR to: '/opt/ros/galactic/share/yaml_cpp_vendor/cmake/../../../opt/yaml_cpp_vendor/lib/cmake/yaml-cpp'
[1.044s] -- Found class_loader: 2.1.2 (/opt/ros/galactic/share/class_loader/cmake)
[1.049s] -- Found cv_bridge: 3.1.3 (/opt/ros/galactic/share/cv_bridge/cmake)
[1.074s] -- Found OpenCV: /usr (found version "4.2.0") 
[1.075s] -- Found rclcpp_components: 9.2.2 (/opt/ros/galactic/share/rclcpp_components/cmake)
[1.113s] -- Found ros2_shared: 0.1.0 (/home/eeavir/tellocontrol/install/ros2_shared/share/ros2_shared/cmake)
[1.114s] -- Found tello_msgs: 0.1.0 (/home/eeavir/tellocontrol/install/tello_msgs/share/tello_msgs/cmake)
[1.259s] -- Configuring done
[1.300s] -- Generating done
[1.319s] -- Build files have been written to: /home/eeavir/tellocontrol/build/tello_driver
[1.326s] Invoked command in '/home/eeavir/tellocontrol/build/tello_driver' returned '0': CMAKE_PREFIX_PATH=/home/eeavir/tellocontrol/install/tello_msgs:/home/eeavir/tellocontrol/install/ros2_shared:/home/eeavir/tellocontrol/install/tello_gazebo:/home/eeavir/tellocontrol/install/tello_driver:/home/eeavir/tellocontrol/install/tello_description:/home/eeavir/tellocontrol/install/own_package:/opt/ros/galactic LD_LIBRARY_PATH=/home/eeavir/tellocontrol/install/tello_msgs/lib:/home/eeavir/tellocontrol/install/tello_gazebo/lib:/home/eeavir/tellocontrol/install/tello_driver/lib:/usr/lib/x86_64-linux-gnu/gazebo-11/plugins:/opt/ros/galactic/opt/yaml_cpp_vendor/lib:/opt/ros/galactic/opt/rviz_ogre_vendor/lib:/opt/ros/galactic/lib/x86_64-linux-gnu:/opt/ros/galactic/lib:/usr/lib/x86_64-linux-gnu/gazebo-11/plugins /usr/bin/cmake /home/eeavir/tellocontrol/src/drone_racing_ros2/tello_ros/tello_driver -DCMAKE_INSTALL_PREFIX=/home/eeavir/tellocontrol/install/tello_driver
[1.328s] Invoking command in '/home/eeavir/tellocontrol/build/tello_driver': CMAKE_PREFIX_PATH=/home/eeavir/tellocontrol/install/tello_msgs:/home/eeavir/tellocontrol/install/ros2_shared:/home/eeavir/tellocontrol/install/tello_gazebo:/home/eeavir/tellocontrol/install/tello_driver:/home/eeavir/tellocontrol/install/tello_description:/home/eeavir/tellocontrol/install/own_package:/opt/ros/galactic LD_LIBRARY_PATH=/home/eeavir/tellocontrol/install/tello_msgs/lib:/home/eeavir/tellocontrol/install/tello_gazebo/lib:/home/eeavir/tellocontrol/install/tello_driver/lib:/usr/lib/x86_64-linux-gnu/gazebo-11/plugins:/opt/ros/galactic/opt/yaml_cpp_vendor/lib:/opt/ros/galactic/opt/rviz_ogre_vendor/lib:/opt/ros/galactic/lib/x86_64-linux-gnu:/opt/ros/galactic/lib:/usr/lib/x86_64-linux-gnu/gazebo-11/plugins /usr/bin/cmake --build /home/eeavir/tellocontrol/build/tello_driver -- -j8 -l8
[1.357s] [35m[1mScanning dependencies of target tello_driver_node[0m
[1.359s] [35m[1mScanning dependencies of target tello_emulator[0m
[1.359s] [35m[1mScanning dependencies of target tello_joy_main[0m
[1.359s] [35m[1mScanning dependencies of target tello_joy_node[0m
[1.359s] [35m[1mScanning dependencies of target tello_driver_main[0m
[1.368s] [  4%] [32mBuilding CXX object CMakeFiles/tello_emulator.dir/src/tello_emulator.cpp.o[0m
[1.419s] [  9%] [32mBuilding CXX object CMakeFiles/tello_joy_node.dir/src/tello_joy_node.cpp.o[0m
[1.422s] [ 18%] [32mBuilding CXX object CMakeFiles/tello_joy_main.dir/src/tello_joy_main.cpp.o[0m
[1.422s] [ 18%] [32mBuilding CXX object CMakeFiles/tello_joy_main.dir/src/tello_joy_node.cpp.o[0m
[1.488s] [ 22%] [32mBuilding CXX object CMakeFiles/tello_driver_node.dir/src/tello_driver_node.cpp.o[0m
[1.492s] [ 27%] [32mBuilding CXX object CMakeFiles/tello_driver_main.dir/src/tello_driver_main.cpp.o[0m
[1.493s] [ 31%] [32mBuilding CXX object CMakeFiles/tello_driver_node.dir/src/command_socket.cpp.o[0m
[1.515s] [ 36%] [32mBuilding CXX object CMakeFiles/tello_driver_node.dir/src/tello_socket.cpp.o[0m
[3.099s] [ 40%] [32m[1mLinking CXX executable tello_emulator[0m
[3.279s] [ 40%] Built target tello_emulator
[3.310s] [ 45%] [32mBuilding CXX object CMakeFiles/tello_driver_node.dir/src/state_socket.cpp.o[0m
[5.150s] [ 50%] [32mBuilding CXX object CMakeFiles/tello_driver_node.dir/src/video_socket.cpp.o[0m
[6.190s] [ 54%] [32mBuilding CXX object CMakeFiles/tello_driver_main.dir/src/tello_driver_node.cpp.o[0m
[6.384s] [ 59%] [32mBuilding CXX object CMakeFiles/tello_driver_main.dir/src/tello_socket.cpp.o[0m
[7.130s] [ 63%] [32mBuilding CXX object CMakeFiles/tello_driver_node.dir/h264decoder/h264decoder.cpp.o[0m
[7.782s] [ 68%] [32mBuilding CXX object CMakeFiles/tello_driver_main.dir/src/command_socket.cpp.o[0m
[10.251s] [ 72%] [32mBuilding CXX object CMakeFiles/tello_driver_main.dir/src/state_socket.cpp.o[0m
[10.591s] [ 77%] [32mBuilding CXX object CMakeFiles/tello_driver_main.dir/src/video_socket.cpp.o[0m
[11.637s] [ 81%] [32mBuilding CXX object CMakeFiles/tello_driver_main.dir/h264decoder/h264decoder.cpp.o[0m
[12.398s] [ 86%] [32m[1mLinking CXX shared library libtello_joy_node.so[0m
[12.559s] [ 90%] [32m[1mLinking CXX executable tello_joy_main[0m
[13.020s] [ 90%] Built target tello_joy_node
[13.099s] [ 90%] Built target tello_joy_main
[14.729s] [ 95%] [32m[1mLinking CXX shared library libtello_driver_node.so[0m
[15.476s] [ 95%] Built target tello_driver_node
[17.015s] [100%] [32m[1mLinking CXX executable tello_driver_main[0m
[17.839s] [100%] Built target tello_driver_main
[17.847s] Invoked command in '/home/eeavir/tellocontrol/build/tello_driver' returned '0': CMAKE_PREFIX_PATH=/home/eeavir/tellocontrol/install/tello_msgs:/home/eeavir/tellocontrol/install/ros2_shared:/home/eeavir/tellocontrol/install/tello_gazebo:/home/eeavir/tellocontrol/install/tello_driver:/home/eeavir/tellocontrol/install/tello_description:/home/eeavir/tellocontrol/install/own_package:/opt/ros/galactic LD_LIBRARY_PATH=/home/eeavir/tellocontrol/install/tello_msgs/lib:/home/eeavir/tellocontrol/install/tello_gazebo/lib:/home/eeavir/tellocontrol/install/tello_driver/lib:/usr/lib/x86_64-linux-gnu/gazebo-11/plugins:/opt/ros/galactic/opt/yaml_cpp_vendor/lib:/opt/ros/galactic/opt/rviz_ogre_vendor/lib:/opt/ros/galactic/lib/x86_64-linux-gnu:/opt/ros/galactic/lib:/usr/lib/x86_64-linux-gnu/gazebo-11/plugins /usr/bin/cmake --build /home/eeavir/tellocontrol/build/tello_driver -- -j8 -l8
[17.850s] Invoking command in '/home/eeavir/tellocontrol/build/tello_driver': CMAKE_PREFIX_PATH=/home/eeavir/tellocontrol/install/tello_msgs:/home/eeavir/tellocontrol/install/ros2_shared:/home/eeavir/tellocontrol/install/tello_gazebo:/home/eeavir/tellocontrol/install/tello_driver:/home/eeavir/tellocontrol/install/tello_description:/home/eeavir/tellocontrol/install/own_package:/opt/ros/galactic LD_LIBRARY_PATH=/home/eeavir/tellocontrol/install/tello_msgs/lib:/home/eeavir/tellocontrol/install/tello_gazebo/lib:/home/eeavir/tellocontrol/install/tello_driver/lib:/usr/lib/x86_64-linux-gnu/gazebo-11/plugins:/opt/ros/galactic/opt/yaml_cpp_vendor/lib:/opt/ros/galactic/opt/rviz_ogre_vendor/lib:/opt/ros/galactic/lib/x86_64-linux-gnu:/opt/ros/galactic/lib:/usr/lib/x86_64-linux-gnu/gazebo-11/plugins /usr/bin/cmake --install /home/eeavir/tellocontrol/build/tello_driver
[17.856s] -- Install configuration: ""
[17.856s] -- Installing: /home/eeavir/tellocontrol/install/tello_driver/share/tello_driver/environment/library_path.sh
[17.856s] -- Installing: /home/eeavir/tellocontrol/install/tello_driver/share/tello_driver/environment/library_path.dsv
[17.856s] -- Installing: /home/eeavir/tellocontrol/install/tello_driver/lib/libtello_driver_node.so
[17.862s] -- Set runtime path of "/home/eeavir/tellocontrol/install/tello_driver/lib/libtello_driver_node.so" to ""
[17.862s] -- Installing: /home/eeavir/tellocontrol/install/tello_driver/lib/libtello_joy_node.so
[17.865s] -- Set runtime path of "/home/eeavir/tellocontrol/install/tello_driver/lib/libtello_joy_node.so" to ""
[17.865s] -- Installing: /home/eeavir/tellocontrol/install/tello_driver/lib/tello_driver/tello_driver_main
[17.868s] -- Set runtime path of "/home/eeavir/tellocontrol/install/tello_driver/lib/tello_driver/tello_driver_main" to ""
[17.868s] -- Installing: /home/eeavir/tellocontrol/install/tello_driver/lib/tello_driver/tello_joy_main
[17.870s] -- Set runtime path of "/home/eeavir/tellocontrol/install/tello_driver/lib/tello_driver/tello_joy_main" to ""
[17.871s] -- Installing: /home/eeavir/tellocontrol/install/tello_driver/lib/tello_driver/tello_emulator
[17.871s] -- Installing: /home/eeavir/tellocontrol/install/tello_driver/share/tello_driver/cfg
[17.871s] -- Installing: /home/eeavir/tellocontrol/install/tello_driver/share/tello_driver/cfg/camera_info.yaml
[17.871s] -- Installing: /home/eeavir/tellocontrol/install/tello_driver/share/tello_driver/launch
[17.871s] -- Installing: /home/eeavir/tellocontrol/install/tello_driver/share/tello_driver/launch/emulators_launch.py
[17.871s] -- Installing: /home/eeavir/tellocontrol/install/tello_driver/share/tello_driver/launch/emulator_launch.py
[17.871s] -- Installing: /home/eeavir/tellocontrol/install/tello_driver/share/tello_driver/launch/teleop_launch.py
[17.871s] -- Installing: /home/eeavir/tellocontrol/install/tello_driver/share/ament_index/resource_index/package_run_dependencies/tello_driver
[17.871s] -- Installing: /home/eeavir/tellocontrol/install/tello_driver/share/ament_index/resource_index/parent_prefix_path/tello_driver
[17.871s] -- Installing: /home/eeavir/tellocontrol/install/tello_driver/share/tello_driver/environment/ament_prefix_path.sh
[17.871s] -- Installing: /home/eeavir/tellocontrol/install/tello_driver/share/tello_driver/environment/ament_prefix_path.dsv
[17.872s] -- Installing: /home/eeavir/tellocontrol/install/tello_driver/share/tello_driver/environment/path.sh
[17.872s] -- Installing: /home/eeavir/tellocontrol/install/tello_driver/share/tello_driver/environment/path.dsv
[17.872s] -- Installing: /home/eeavir/tellocontrol/install/tello_driver/share/tello_driver/local_setup.bash
[17.872s] -- Installing: /home/eeavir/tellocontrol/install/tello_driver/share/tello_driver/local_setup.sh
[17.872s] -- Installing: /home/eeavir/tellocontrol/install/tello_driver/share/tello_driver/local_setup.zsh
[17.872s] -- Installing: /home/eeavir/tellocontrol/install/tello_driver/share/tello_driver/local_setup.dsv
[17.872s] -- Installing: /home/eeavir/tellocontrol/install/tello_driver/share/tello_driver/package.dsv
[17.872s] -- Installing: /home/eeavir/tellocontrol/install/tello_driver/share/ament_index/resource_index/packages/tello_driver
[17.872s] -- Installing: /home/eeavir/tellocontrol/install/tello_driver/share/ament_index/resource_index/rclcpp_components/tello_driver
[17.872s] -- Installing: /home/eeavir/tellocontrol/install/tello_driver/share/tello_driver/cmake/tello_driverConfig.cmake
[17.872s] -- Installing: /home/eeavir/tellocontrol/install/tello_driver/share/tello_driver/cmake/tello_driverConfig-version.cmake
[17.872s] -- Installing: /home/eeavir/tellocontrol/install/tello_driver/share/tello_driver/package.xml
[17.873s] Invoked command in '/home/eeavir/tellocontrol/build/tello_driver' returned '0': CMAKE_PREFIX_PATH=/home/eeavir/tellocontrol/install/tello_msgs:/home/eeavir/tellocontrol/install/ros2_shared:/home/eeavir/tellocontrol/install/tello_gazebo:/home/eeavir/tellocontrol/install/tello_driver:/home/eeavir/tellocontrol/install/tello_description:/home/eeavir/tellocontrol/install/own_package:/opt/ros/galactic LD_LIBRARY_PATH=/home/eeavir/tellocontrol/install/tello_msgs/lib:/home/eeavir/tellocontrol/install/tello_gazebo/lib:/home/eeavir/tellocontrol/install/tello_driver/lib:/usr/lib/x86_64-linux-gnu/gazebo-11/plugins:/opt/ros/galactic/opt/yaml_cpp_vendor/lib:/opt/ros/galactic/opt/rviz_ogre_vendor/lib:/opt/ros/galactic/lib/x86_64-linux-gnu:/opt/ros/galactic/lib:/usr/lib/x86_64-linux-gnu/gazebo-11/plugins /usr/bin/cmake --install /home/eeavir/tellocontrol/build/tello_driver
