[0.210s] DEBUG:colcon:Command line arguments: ['/usr/bin/colcon', 'build']
[0.210s] DEBUG:colcon:Parsed command line arguments: Namespace(allow_overriding=[], ament_cmake_args=None, base_paths=['.'], build_base='build', catkin_cmake_args=None, catkin_skip_building_tests=False, cmake_args=None, cmake_clean_cache=False, cmake_clean_first=False, cmake_force_configure=False, cmake_target=None, cmake_target_skip_unavailable=False, continue_on_error=False, event_handlers=None, executor='parallel', ignore_user_meta=False, install_base='install', log_base=None, log_level=None, main=<bound method BuildVerb.main of <colcon_core.verb.build.BuildVerb object at 0x7ff70f94df10>>, merge_install=False, metas=['./colcon.meta'], mixin=None, mixin_files=None, mixin_verb=('build',), packages_above=None, packages_above_and_dependencies=None, packages_above_depth=None, packages_end=None, packages_ignore=None, packages_ignore_regex=None, packages_select=None, packages_select_build_failed=False, packages_select_by_dep=None, packages_select_regex=None, packages_select_test_failures=False, packages_skip=None, packages_skip_build_finished=False, packages_skip_by_dep=None, packages_skip_regex=None, packages_skip_test_passed=False, packages_skip_up_to=None, packages_start=None, packages_up_to=None, packages_up_to_regex=None, parallel_workers=8, paths=None, symlink_install=False, test_result_base=None, verb_extension=<colcon_core.verb.build.BuildVerb object at 0x7ff70f94df10>, verb_name='build', verb_parser=<colcon_mixin.mixin.mixin_argument.MixinArgumentDecorator object at 0x7ff70f8aeee0>)
[0.319s] Level 1:colcon.colcon_core.package_discovery:discover_packages(colcon_meta) check parameters
[0.319s] Level 1:colcon.colcon_core.package_discovery:discover_packages(recursive) check parameters
[0.319s] Level 1:colcon.colcon_core.package_discovery:discover_packages(ignore) check parameters
[0.319s] Level 1:colcon.colcon_core.package_discovery:discover_packages(path) check parameters
[0.319s] Level 1:colcon.colcon_core.package_discovery:discover_packages(colcon_meta) discover
[0.319s] Level 1:colcon.colcon_core.package_discovery:discover_packages(recursive) discover
[0.319s] INFO:colcon.colcon_core.package_discovery:Crawling recursively for packages in '/home/eeavir/tellocontrol'
[0.319s] Level 1:colcon.colcon_core.package_identification:_identify(.) by extensions ['ignore', 'ignore_ament_install']
[0.319s] Level 1:colcon.colcon_core.package_identification:_identify(.) by extension 'ignore'
[0.319s] Level 1:colcon.colcon_core.package_identification:_identify(.) by extension 'ignore_ament_install'
[0.320s] Level 1:colcon.colcon_core.package_identification:_identify(.) by extensions ['colcon_pkg']
[0.320s] Level 1:colcon.colcon_core.package_identification:_identify(.) by extension 'colcon_pkg'
[0.320s] Level 1:colcon.colcon_core.package_identification:_identify(.) by extensions ['colcon_meta']
[0.320s] Level 1:colcon.colcon_core.package_identification:_identify(.) by extension 'colcon_meta'
[0.320s] Level 1:colcon.colcon_core.package_identification:_identify(.) by extensions ['ros']
[0.320s] Level 1:colcon.colcon_core.package_identification:_identify(.) by extension 'ros'
[0.329s] Level 1:colcon.colcon_core.package_identification:_identify(.) by extensions ['cmake', 'python']
[0.329s] Level 1:colcon.colcon_core.package_identification:_identify(.) by extension 'cmake'
[0.329s] Level 1:colcon.colcon_core.package_identification:_identify(.) by extension 'python'
[0.329s] Level 1:colcon.colcon_core.package_identification:_identify(.) by extensions ['python_setup_py']
[0.329s] Level 1:colcon.colcon_core.package_identification:_identify(.) by extension 'python_setup_py'
[0.329s] Level 1:colcon.colcon_core.package_identification:_identify(build) by extensions ['ignore', 'ignore_ament_install']
[0.329s] Level 1:colcon.colcon_core.package_identification:_identify(build) by extension 'ignore'
[0.329s] Level 1:colcon.colcon_core.package_identification:_identify(build) ignored
[0.329s] Level 1:colcon.colcon_core.package_identification:_identify(install) by extensions ['ignore', 'ignore_ament_install']
[0.329s] Level 1:colcon.colcon_core.package_identification:_identify(install) by extension 'ignore'
[0.329s] Level 1:colcon.colcon_core.package_identification:_identify(install) ignored
[0.329s] Level 1:colcon.colcon_core.package_identification:_identify(log) by extensions ['ignore', 'ignore_ament_install']
[0.329s] Level 1:colcon.colcon_core.package_identification:_identify(log) by extension 'ignore'
[0.329s] Level 1:colcon.colcon_core.package_identification:_identify(log) ignored
[0.330s] Level 1:colcon.colcon_core.package_identification:_identify(src) by extensions ['ignore', 'ignore_ament_install']
[0.330s] Level 1:colcon.colcon_core.package_identification:_identify(src) by extension 'ignore'
[0.330s] Level 1:colcon.colcon_core.package_identification:_identify(src) by extension 'ignore_ament_install'
[0.330s] Level 1:colcon.colcon_core.package_identification:_identify(src) by extensions ['colcon_pkg']
[0.330s] Level 1:colcon.colcon_core.package_identification:_identify(src) by extension 'colcon_pkg'
[0.330s] Level 1:colcon.colcon_core.package_identification:_identify(src) by extensions ['colcon_meta']
[0.330s] Level 1:colcon.colcon_core.package_identification:_identify(src) by extension 'colcon_meta'
[0.330s] Level 1:colcon.colcon_core.package_identification:_identify(src) by extensions ['ros']
[0.330s] Level 1:colcon.colcon_core.package_identification:_identify(src) by extension 'ros'
[0.330s] Level 1:colcon.colcon_core.package_identification:_identify(src) by extensions ['cmake', 'python']
[0.330s] Level 1:colcon.colcon_core.package_identification:_identify(src) by extension 'cmake'
[0.330s] Level 1:colcon.colcon_core.package_identification:_identify(src) by extension 'python'
[0.330s] Level 1:colcon.colcon_core.package_identification:_identify(src) by extensions ['python_setup_py']
[0.330s] Level 1:colcon.colcon_core.package_identification:_identify(src) by extension 'python_setup_py'
[0.330s] Level 1:colcon.colcon_core.package_identification:_identify(src/drone_racing_ros2) by extensions ['ignore', 'ignore_ament_install']
[0.330s] Level 1:colcon.colcon_core.package_identification:_identify(src/drone_racing_ros2) by extension 'ignore'
[0.330s] Level 1:colcon.colcon_core.package_identification:_identify(src/drone_racing_ros2) by extension 'ignore_ament_install'
[0.330s] Level 1:colcon.colcon_core.package_identification:_identify(src/drone_racing_ros2) by extensions ['colcon_pkg']
[0.330s] Level 1:colcon.colcon_core.package_identification:_identify(src/drone_racing_ros2) by extension 'colcon_pkg'
[0.330s] Level 1:colcon.colcon_core.package_identification:_identify(src/drone_racing_ros2) by extensions ['colcon_meta']
[0.330s] Level 1:colcon.colcon_core.package_identification:_identify(src/drone_racing_ros2) by extension 'colcon_meta'
[0.330s] Level 1:colcon.colcon_core.package_identification:_identify(src/drone_racing_ros2) by extensions ['ros']
[0.330s] Level 1:colcon.colcon_core.package_identification:_identify(src/drone_racing_ros2) by extension 'ros'
[0.330s] Level 1:colcon.colcon_core.package_identification:_identify(src/drone_racing_ros2) by extensions ['cmake', 'python']
[0.330s] Level 1:colcon.colcon_core.package_identification:_identify(src/drone_racing_ros2) by extension 'cmake'
[0.330s] Level 1:colcon.colcon_core.package_identification:_identify(src/drone_racing_ros2) by extension 'python'
[0.330s] Level 1:colcon.colcon_core.package_identification:_identify(src/drone_racing_ros2) by extensions ['python_setup_py']
[0.330s] Level 1:colcon.colcon_core.package_identification:_identify(src/drone_racing_ros2) by extension 'python_setup_py'
[0.331s] Level 1:colcon.colcon_core.package_identification:_identify(src/drone_racing_ros2/ros2_shared) by extensions ['ignore', 'ignore_ament_install']
[0.331s] Level 1:colcon.colcon_core.package_identification:_identify(src/drone_racing_ros2/ros2_shared) by extension 'ignore'
[0.331s] Level 1:colcon.colcon_core.package_identification:_identify(src/drone_racing_ros2/ros2_shared) by extension 'ignore_ament_install'
[0.331s] Level 1:colcon.colcon_core.package_identification:_identify(src/drone_racing_ros2/ros2_shared) by extensions ['colcon_pkg']
[0.331s] Level 1:colcon.colcon_core.package_identification:_identify(src/drone_racing_ros2/ros2_shared) by extension 'colcon_pkg'
[0.331s] Level 1:colcon.colcon_core.package_identification:_identify(src/drone_racing_ros2/ros2_shared) by extensions ['colcon_meta']
[0.331s] Level 1:colcon.colcon_core.package_identification:_identify(src/drone_racing_ros2/ros2_shared) by extension 'colcon_meta'
[0.331s] Level 1:colcon.colcon_core.package_identification:_identify(src/drone_racing_ros2/ros2_shared) by extensions ['ros']
[0.331s] Level 1:colcon.colcon_core.package_identification:_identify(src/drone_racing_ros2/ros2_shared) by extension 'ros'
[0.333s] DEBUG:colcon.colcon_core.package_identification:Package 'src/drone_racing_ros2/ros2_shared' with type 'ros.ament_cmake' and name 'ros2_shared'
[0.334s] Level 1:colcon.colcon_core.package_identification:_identify(src/drone_racing_ros2/tello_ros) by extensions ['ignore', 'ignore_ament_install']
[0.334s] Level 1:colcon.colcon_core.package_identification:_identify(src/drone_racing_ros2/tello_ros) by extension 'ignore'
[0.334s] Level 1:colcon.colcon_core.package_identification:_identify(src/drone_racing_ros2/tello_ros) by extension 'ignore_ament_install'
[0.334s] Level 1:colcon.colcon_core.package_identification:_identify(src/drone_racing_ros2/tello_ros) by extensions ['colcon_pkg']
[0.334s] Level 1:colcon.colcon_core.package_identification:_identify(src/drone_racing_ros2/tello_ros) by extension 'colcon_pkg'
[0.334s] Level 1:colcon.colcon_core.package_identification:_identify(src/drone_racing_ros2/tello_ros) by extensions ['colcon_meta']
[0.334s] Level 1:colcon.colcon_core.package_identification:_identify(src/drone_racing_ros2/tello_ros) by extension 'colcon_meta'
[0.334s] Level 1:colcon.colcon_core.package_identification:_identify(src/drone_racing_ros2/tello_ros) by extensions ['ros']
[0.334s] Level 1:colcon.colcon_core.package_identification:_identify(src/drone_racing_ros2/tello_ros) by extension 'ros'
[0.334s] Level 1:colcon.colcon_core.package_identification:_identify(src/drone_racing_ros2/tello_ros) by extensions ['cmake', 'python']
[0.334s] Level 1:colcon.colcon_core.package_identification:_identify(src/drone_racing_ros2/tello_ros) by extension 'cmake'
[0.334s] Level 1:colcon.colcon_core.package_identification:_identify(src/drone_racing_ros2/tello_ros) by extension 'python'
[0.334s] Level 1:colcon.colcon_core.package_identification:_identify(src/drone_racing_ros2/tello_ros) by extensions ['python_setup_py']
[0.334s] Level 1:colcon.colcon_core.package_identification:_identify(src/drone_racing_ros2/tello_ros) by extension 'python_setup_py'
[0.334s] Level 1:colcon.colcon_core.package_identification:_identify(src/drone_racing_ros2/tello_ros/docker) by extensions ['ignore', 'ignore_ament_install']
[0.334s] Level 1:colcon.colcon_core.package_identification:_identify(src/drone_racing_ros2/tello_ros/docker) by extension 'ignore'
[0.334s] Level 1:colcon.colcon_core.package_identification:_identify(src/drone_racing_ros2/tello_ros/docker) by extension 'ignore_ament_install'
[0.334s] Level 1:colcon.colcon_core.package_identification:_identify(src/drone_racing_ros2/tello_ros/docker) by extensions ['colcon_pkg']
[0.334s] Level 1:colcon.colcon_core.package_identification:_identify(src/drone_racing_ros2/tello_ros/docker) by extension 'colcon_pkg'
[0.334s] Level 1:colcon.colcon_core.package_identification:_identify(src/drone_racing_ros2/tello_ros/docker) by extensions ['colcon_meta']
[0.334s] Level 1:colcon.colcon_core.package_identification:_identify(src/drone_racing_ros2/tello_ros/docker) by extension 'colcon_meta'
[0.334s] Level 1:colcon.colcon_core.package_identification:_identify(src/drone_racing_ros2/tello_ros/docker) by extensions ['ros']
[0.334s] Level 1:colcon.colcon_core.package_identification:_identify(src/drone_racing_ros2/tello_ros/docker) by extension 'ros'
[0.334s] Level 1:colcon.colcon_core.package_identification:_identify(src/drone_racing_ros2/tello_ros/docker) by extensions ['cmake', 'python']
[0.335s] Level 1:colcon.colcon_core.package_identification:_identify(src/drone_racing_ros2/tello_ros/docker) by extension 'cmake'
[0.335s] Level 1:colcon.colcon_core.package_identification:_identify(src/drone_racing_ros2/tello_ros/docker) by extension 'python'
[0.335s] Level 1:colcon.colcon_core.package_identification:_identify(src/drone_racing_ros2/tello_ros/docker) by extensions ['python_setup_py']
[0.335s] Level 1:colcon.colcon_core.package_identification:_identify(src/drone_racing_ros2/tello_ros/docker) by extension 'python_setup_py'
[0.335s] Level 1:colcon.colcon_core.package_identification:_identify(src/drone_racing_ros2/tello_ros/tello_description) by extensions ['ignore', 'ignore_ament_install']
[0.335s] Level 1:colcon.colcon_core.package_identification:_identify(src/drone_racing_ros2/tello_ros/tello_description) by extension 'ignore'
[0.335s] Level 1:colcon.colcon_core.package_identification:_identify(src/drone_racing_ros2/tello_ros/tello_description) by extension 'ignore_ament_install'
[0.335s] Level 1:colcon.colcon_core.package_identification:_identify(src/drone_racing_ros2/tello_ros/tello_description) by extensions ['colcon_pkg']
[0.335s] Level 1:colcon.colcon_core.package_identification:_identify(src/drone_racing_ros2/tello_ros/tello_description) by extension 'colcon_pkg'
[0.335s] Level 1:colcon.colcon_core.package_identification:_identify(src/drone_racing_ros2/tello_ros/tello_description) by extensions ['colcon_meta']
[0.335s] Level 1:colcon.colcon_core.package_identification:_identify(src/drone_racing_ros2/tello_ros/tello_description) by extension 'colcon_meta'
[0.335s] Level 1:colcon.colcon_core.package_identification:_identify(src/drone_racing_ros2/tello_ros/tello_description) by extensions ['ros']
[0.335s] Level 1:colcon.colcon_core.package_identification:_identify(src/drone_racing_ros2/tello_ros/tello_description) by extension 'ros'
[0.335s] DEBUG:colcon.colcon_core.package_identification:Package 'src/drone_racing_ros2/tello_ros/tello_description' with type 'ros.ament_cmake' and name 'tello_description'
[0.336s] Level 1:colcon.colcon_core.package_identification:_identify(src/drone_racing_ros2/tello_ros/tello_driver) by extensions ['ignore', 'ignore_ament_install']
[0.336s] Level 1:colcon.colcon_core.package_identification:_identify(src/drone_racing_ros2/tello_ros/tello_driver) by extension 'ignore'
[0.336s] Level 1:colcon.colcon_core.package_identification:_identify(src/drone_racing_ros2/tello_ros/tello_driver) by extension 'ignore_ament_install'
[0.336s] Level 1:colcon.colcon_core.package_identification:_identify(src/drone_racing_ros2/tello_ros/tello_driver) by extensions ['colcon_pkg']
[0.336s] Level 1:colcon.colcon_core.package_identification:_identify(src/drone_racing_ros2/tello_ros/tello_driver) by extension 'colcon_pkg'
[0.336s] Level 1:colcon.colcon_core.package_identification:_identify(src/drone_racing_ros2/tello_ros/tello_driver) by extensions ['colcon_meta']
[0.336s] Level 1:colcon.colcon_core.package_identification:_identify(src/drone_racing_ros2/tello_ros/tello_driver) by extension 'colcon_meta'
[0.336s] Level 1:colcon.colcon_core.package_identification:_identify(src/drone_racing_ros2/tello_ros/tello_driver) by extensions ['ros']
[0.336s] Level 1:colcon.colcon_core.package_identification:_identify(src/drone_racing_ros2/tello_ros/tello_driver) by extension 'ros'
[0.337s] DEBUG:colcon.colcon_core.package_identification:Package 'src/drone_racing_ros2/tello_ros/tello_driver' with type 'ros.ament_cmake' and name 'tello_driver'
[0.337s] Level 1:colcon.colcon_core.package_identification:_identify(src/drone_racing_ros2/tello_ros/tello_gazebo) by extensions ['ignore', 'ignore_ament_install']
[0.337s] Level 1:colcon.colcon_core.package_identification:_identify(src/drone_racing_ros2/tello_ros/tello_gazebo) by extension 'ignore'
[0.337s] Level 1:colcon.colcon_core.package_identification:_identify(src/drone_racing_ros2/tello_ros/tello_gazebo) by extension 'ignore_ament_install'
[0.337s] Level 1:colcon.colcon_core.package_identification:_identify(src/drone_racing_ros2/tello_ros/tello_gazebo) by extensions ['colcon_pkg']
[0.337s] Level 1:colcon.colcon_core.package_identification:_identify(src/drone_racing_ros2/tello_ros/tello_gazebo) by extension 'colcon_pkg'
[0.337s] Level 1:colcon.colcon_core.package_identification:_identify(src/drone_racing_ros2/tello_ros/tello_gazebo) by extensions ['colcon_meta']
[0.337s] Level 1:colcon.colcon_core.package_identification:_identify(src/drone_racing_ros2/tello_ros/tello_gazebo) by extension 'colcon_meta'
[0.337s] Level 1:colcon.colcon_core.package_identification:_identify(src/drone_racing_ros2/tello_ros/tello_gazebo) by extensions ['ros']
[0.337s] Level 1:colcon.colcon_core.package_identification:_identify(src/drone_racing_ros2/tello_ros/tello_gazebo) by extension 'ros'
[0.338s] DEBUG:colcon.colcon_core.package_identification:Package 'src/drone_racing_ros2/tello_ros/tello_gazebo' with type 'ros.ament_cmake' and name 'tello_gazebo'
[0.338s] Level 1:colcon.colcon_core.package_identification:_identify(src/drone_racing_ros2/tello_ros/tello_msgs) by extensions ['ignore', 'ignore_ament_install']
[0.338s] Level 1:colcon.colcon_core.package_identification:_identify(src/drone_racing_ros2/tello_ros/tello_msgs) by extension 'ignore'
[0.338s] Level 1:colcon.colcon_core.package_identification:_identify(src/drone_racing_ros2/tello_ros/tello_msgs) by extension 'ignore_ament_install'
[0.338s] Level 1:colcon.colcon_core.package_identification:_identify(src/drone_racing_ros2/tello_ros/tello_msgs) by extensions ['colcon_pkg']
[0.338s] Level 1:colcon.colcon_core.package_identification:_identify(src/drone_racing_ros2/tello_ros/tello_msgs) by extension 'colcon_pkg'
[0.338s] Level 1:colcon.colcon_core.package_identification:_identify(src/drone_racing_ros2/tello_ros/tello_msgs) by extensions ['colcon_meta']
[0.338s] Level 1:colcon.colcon_core.package_identification:_identify(src/drone_racing_ros2/tello_ros/tello_msgs) by extension 'colcon_meta'
[0.338s] Level 1:colcon.colcon_core.package_identification:_identify(src/drone_racing_ros2/tello_ros/tello_msgs) by extensions ['ros']
[0.338s] Level 1:colcon.colcon_core.package_identification:_identify(src/drone_racing_ros2/tello_ros/tello_msgs) by extension 'ros'
[0.339s] DEBUG:colcon.colcon_core.package_identification:Package 'src/drone_racing_ros2/tello_ros/tello_msgs' with type 'ros.ament_cmake' and name 'tello_msgs'
[0.339s] Level 1:colcon.colcon_core.package_identification:_identify(src/own_package) by extensions ['ignore', 'ignore_ament_install']
[0.339s] Level 1:colcon.colcon_core.package_identification:_identify(src/own_package) by extension 'ignore'
[0.339s] Level 1:colcon.colcon_core.package_identification:_identify(src/own_package) by extension 'ignore_ament_install'
[0.339s] Level 1:colcon.colcon_core.package_identification:_identify(src/own_package) by extensions ['colcon_pkg']
[0.339s] Level 1:colcon.colcon_core.package_identification:_identify(src/own_package) by extension 'colcon_pkg'
[0.339s] Level 1:colcon.colcon_core.package_identification:_identify(src/own_package) by extensions ['colcon_meta']
[0.339s] Level 1:colcon.colcon_core.package_identification:_identify(src/own_package) by extension 'colcon_meta'
[0.339s] Level 1:colcon.colcon_core.package_identification:_identify(src/own_package) by extensions ['ros']
[0.339s] Level 1:colcon.colcon_core.package_identification:_identify(src/own_package) by extension 'ros'
[0.340s] DEBUG:colcon.colcon_core.package_identification:Package 'src/own_package' with type 'ros.ament_python' and name 'own_package'
[0.340s] Level 1:colcon.colcon_core.package_discovery:discover_packages(recursive) using defaults
[0.340s] Level 1:colcon.colcon_core.package_discovery:discover_packages(ignore) discover
[0.340s] Level 1:colcon.colcon_core.package_discovery:discover_packages(ignore) using defaults
[0.340s] Level 1:colcon.colcon_core.package_discovery:discover_packages(path) discover
[0.340s] Level 1:colcon.colcon_core.package_discovery:discover_packages(path) using defaults
[0.364s] Level 1:colcon.colcon_core.package_discovery:discover_packages(prefix_path) check parameters
[0.364s] Level 1:colcon.colcon_core.package_discovery:discover_packages(prefix_path) discover
[0.366s] DEBUG:colcon.colcon_installed_package_information.package_discovery:Found 6 installed packages in /home/eeavir/tellocontrol/install
[0.367s] DEBUG:colcon.colcon_installed_package_information.package_discovery:Found 275 installed packages in /opt/ros/galactic
[0.368s] Level 1:colcon.colcon_core.package_discovery:discover_packages(prefix_path) using defaults
[0.419s] Level 5:colcon.colcon_core.verb:set package 'own_package' build argument 'cmake_args' from command line to 'None'
[0.419s] Level 5:colcon.colcon_core.verb:set package 'own_package' build argument 'cmake_target' from command line to 'None'
[0.419s] Level 5:colcon.colcon_core.verb:set package 'own_package' build argument 'cmake_target_skip_unavailable' from command line to 'False'
[0.419s] Level 5:colcon.colcon_core.verb:set package 'own_package' build argument 'cmake_clean_cache' from command line to 'False'
[0.419s] Level 5:colcon.colcon_core.verb:set package 'own_package' build argument 'cmake_clean_first' from command line to 'False'
[0.419s] Level 5:colcon.colcon_core.verb:set package 'own_package' build argument 'cmake_force_configure' from command line to 'False'
[0.419s] Level 5:colcon.colcon_core.verb:set package 'own_package' build argument 'ament_cmake_args' from command line to 'None'
[0.419s] Level 5:colcon.colcon_core.verb:set package 'own_package' build argument 'catkin_cmake_args' from command line to 'None'
[0.419s] Level 5:colcon.colcon_core.verb:set package 'own_package' build argument 'catkin_skip_building_tests' from command line to 'False'
[0.419s] DEBUG:colcon.colcon_core.verb:Building package 'own_package' with the following arguments: {'ament_cmake_args': None, 'build_base': '/home/eeavir/tellocontrol/build/own_package', 'catkin_cmake_args': None, 'catkin_skip_building_tests': False, 'cmake_args': None, 'cmake_clean_cache': False, 'cmake_clean_first': False, 'cmake_force_configure': False, 'cmake_target': None, 'cmake_target_skip_unavailable': False, 'install_base': '/home/eeavir/tellocontrol/install/own_package', 'merge_install': False, 'path': '/home/eeavir/tellocontrol/src/own_package', 'symlink_install': False, 'test_result_base': None}
[0.419s] Level 5:colcon.colcon_core.verb:set package 'ros2_shared' build argument 'cmake_args' from command line to 'None'
[0.419s] Level 5:colcon.colcon_core.verb:set package 'ros2_shared' build argument 'cmake_target' from command line to 'None'
[0.419s] Level 5:colcon.colcon_core.verb:set package 'ros2_shared' build argument 'cmake_target_skip_unavailable' from command line to 'False'
[0.419s] Level 5:colcon.colcon_core.verb:set package 'ros2_shared' build argument 'cmake_clean_cache' from command line to 'False'
[0.419s] Level 5:colcon.colcon_core.verb:set package 'ros2_shared' build argument 'cmake_clean_first' from command line to 'False'
[0.419s] Level 5:colcon.colcon_core.verb:set package 'ros2_shared' build argument 'cmake_force_configure' from command line to 'False'
[0.419s] Level 5:colcon.colcon_core.verb:set package 'ros2_shared' build argument 'ament_cmake_args' from command line to 'None'
[0.419s] Level 5:colcon.colcon_core.verb:set package 'ros2_shared' build argument 'catkin_cmake_args' from command line to 'None'
[0.419s] Level 5:colcon.colcon_core.verb:set package 'ros2_shared' build argument 'catkin_skip_building_tests' from command line to 'False'
[0.419s] DEBUG:colcon.colcon_core.verb:Building package 'ros2_shared' with the following arguments: {'ament_cmake_args': None, 'build_base': '/home/eeavir/tellocontrol/build/ros2_shared', 'catkin_cmake_args': None, 'catkin_skip_building_tests': False, 'cmake_args': None, 'cmake_clean_cache': False, 'cmake_clean_first': False, 'cmake_force_configure': False, 'cmake_target': None, 'cmake_target_skip_unavailable': False, 'install_base': '/home/eeavir/tellocontrol/install/ros2_shared', 'merge_install': False, 'path': '/home/eeavir/tellocontrol/src/drone_racing_ros2/ros2_shared', 'symlink_install': False, 'test_result_base': None}
[0.419s] Level 5:colcon.colcon_core.verb:set package 'tello_description' build argument 'cmake_args' from command line to 'None'
[0.419s] Level 5:colcon.colcon_core.verb:set package 'tello_description' build argument 'cmake_target' from command line to 'None'
[0.419s] Level 5:colcon.colcon_core.verb:set package 'tello_description' build argument 'cmake_target_skip_unavailable' from command line to 'False'
[0.419s] Level 5:colcon.colcon_core.verb:set package 'tello_description' build argument 'cmake_clean_cache' from command line to 'False'
[0.419s] Level 5:colcon.colcon_core.verb:set package 'tello_description' build argument 'cmake_clean_first' from command line to 'False'
[0.419s] Level 5:colcon.colcon_core.verb:set package 'tello_description' build argument 'cmake_force_configure' from command line to 'False'
[0.419s] Level 5:colcon.colcon_core.verb:set package 'tello_description' build argument 'ament_cmake_args' from command line to 'None'
[0.419s] Level 5:colcon.colcon_core.verb:set package 'tello_description' build argument 'catkin_cmake_args' from command line to 'None'
[0.419s] Level 5:colcon.colcon_core.verb:set package 'tello_description' build argument 'catkin_skip_building_tests' from command line to 'False'
[0.419s] DEBUG:colcon.colcon_core.verb:Building package 'tello_description' with the following arguments: {'ament_cmake_args': None, 'build_base': '/home/eeavir/tellocontrol/build/tello_description', 'catkin_cmake_args': None, 'catkin_skip_building_tests': False, 'cmake_args': None, 'cmake_clean_cache': False, 'cmake_clean_first': False, 'cmake_force_configure': False, 'cmake_target': None, 'cmake_target_skip_unavailable': False, 'install_base': '/home/eeavir/tellocontrol/install/tello_description', 'merge_install': False, 'path': '/home/eeavir/tellocontrol/src/drone_racing_ros2/tello_ros/tello_description', 'symlink_install': False, 'test_result_base': None}
[0.420s] Level 5:colcon.colcon_core.verb:set package 'tello_msgs' build argument 'cmake_args' from command line to 'None'
[0.420s] Level 5:colcon.colcon_core.verb:set package 'tello_msgs' build argument 'cmake_target' from command line to 'None'
[0.420s] Level 5:colcon.colcon_core.verb:set package 'tello_msgs' build argument 'cmake_target_skip_unavailable' from command line to 'False'
[0.420s] Level 5:colcon.colcon_core.verb:set package 'tello_msgs' build argument 'cmake_clean_cache' from command line to 'False'
[0.420s] Level 5:colcon.colcon_core.verb:set package 'tello_msgs' build argument 'cmake_clean_first' from command line to 'False'
[0.420s] Level 5:colcon.colcon_core.verb:set package 'tello_msgs' build argument 'cmake_force_configure' from command line to 'False'
[0.420s] Level 5:colcon.colcon_core.verb:set package 'tello_msgs' build argument 'ament_cmake_args' from command line to 'None'
[0.420s] Level 5:colcon.colcon_core.verb:set package 'tello_msgs' build argument 'catkin_cmake_args' from command line to 'None'
[0.420s] Level 5:colcon.colcon_core.verb:set package 'tello_msgs' build argument 'catkin_skip_building_tests' from command line to 'False'
[0.420s] DEBUG:colcon.colcon_core.verb:Building package 'tello_msgs' with the following arguments: {'ament_cmake_args': None, 'build_base': '/home/eeavir/tellocontrol/build/tello_msgs', 'catkin_cmake_args': None, 'catkin_skip_building_tests': False, 'cmake_args': None, 'cmake_clean_cache': False, 'cmake_clean_first': False, 'cmake_force_configure': False, 'cmake_target': None, 'cmake_target_skip_unavailable': False, 'install_base': '/home/eeavir/tellocontrol/install/tello_msgs', 'merge_install': False, 'path': '/home/eeavir/tellocontrol/src/drone_racing_ros2/tello_ros/tello_msgs', 'symlink_install': False, 'test_result_base': None}
[0.420s] Level 5:colcon.colcon_core.verb:set package 'tello_driver' build argument 'cmake_args' from command line to 'None'
[0.420s] Level 5:colcon.colcon_core.verb:set package 'tello_driver' build argument 'cmake_target' from command line to 'None'
[0.420s] Level 5:colcon.colcon_core.verb:set package 'tello_driver' build argument 'cmake_target_skip_unavailable' from command line to 'False'
[0.420s] Level 5:colcon.colcon_core.verb:set package 'tello_driver' build argument 'cmake_clean_cache' from command line to 'False'
[0.420s] Level 5:colcon.colcon_core.verb:set package 'tello_driver' build argument 'cmake_clean_first' from command line to 'False'
[0.420s] Level 5:colcon.colcon_core.verb:set package 'tello_driver' build argument 'cmake_force_configure' from command line to 'False'
[0.420s] Level 5:colcon.colcon_core.verb:set package 'tello_driver' build argument 'ament_cmake_args' from command line to 'None'
[0.420s] Level 5:colcon.colcon_core.verb:set package 'tello_driver' build argument 'catkin_cmake_args' from command line to 'None'
[0.420s] Level 5:colcon.colcon_core.verb:set package 'tello_driver' build argument 'catkin_skip_building_tests' from command line to 'False'
[0.420s] DEBUG:colcon.colcon_core.verb:Building package 'tello_driver' with the following arguments: {'ament_cmake_args': None, 'build_base': '/home/eeavir/tellocontrol/build/tello_driver', 'catkin_cmake_args': None, 'catkin_skip_building_tests': False, 'cmake_args': None, 'cmake_clean_cache': False, 'cmake_clean_first': False, 'cmake_force_configure': False, 'cmake_target': None, 'cmake_target_skip_unavailable': False, 'install_base': '/home/eeavir/tellocontrol/install/tello_driver', 'merge_install': False, 'path': '/home/eeavir/tellocontrol/src/drone_racing_ros2/tello_ros/tello_driver', 'symlink_install': False, 'test_result_base': None}
[0.420s] Level 5:colcon.colcon_core.verb:set package 'tello_gazebo' build argument 'cmake_args' from command line to 'None'
[0.420s] Level 5:colcon.colcon_core.verb:set package 'tello_gazebo' build argument 'cmake_target' from command line to 'None'
[0.420s] Level 5:colcon.colcon_core.verb:set package 'tello_gazebo' build argument 'cmake_target_skip_unavailable' from command line to 'False'
[0.420s] Level 5:colcon.colcon_core.verb:set package 'tello_gazebo' build argument 'cmake_clean_cache' from command line to 'False'
[0.420s] Level 5:colcon.colcon_core.verb:set package 'tello_gazebo' build argument 'cmake_clean_first' from command line to 'False'
[0.420s] Level 5:colcon.colcon_core.verb:set package 'tello_gazebo' build argument 'cmake_force_configure' from command line to 'False'
[0.420s] Level 5:colcon.colcon_core.verb:set package 'tello_gazebo' build argument 'ament_cmake_args' from command line to 'None'
[0.420s] Level 5:colcon.colcon_core.verb:set package 'tello_gazebo' build argument 'catkin_cmake_args' from command line to 'None'
[0.420s] Level 5:colcon.colcon_core.verb:set package 'tello_gazebo' build argument 'catkin_skip_building_tests' from command line to 'False'
[0.420s] DEBUG:colcon.colcon_core.verb:Building package 'tello_gazebo' with the following arguments: {'ament_cmake_args': None, 'build_base': '/home/eeavir/tellocontrol/build/tello_gazebo', 'catkin_cmake_args': None, 'catkin_skip_building_tests': False, 'cmake_args': None, 'cmake_clean_cache': False, 'cmake_clean_first': False, 'cmake_force_configure': False, 'cmake_target': None, 'cmake_target_skip_unavailable': False, 'install_base': '/home/eeavir/tellocontrol/install/tello_gazebo', 'merge_install': False, 'path': '/home/eeavir/tellocontrol/src/drone_racing_ros2/tello_ros/tello_gazebo', 'symlink_install': False, 'test_result_base': None}
[0.420s] INFO:colcon.colcon_core.executor:Executing jobs using 'parallel' executor
[0.421s] DEBUG:colcon.colcon_parallel_executor.executor.parallel:run_until_complete
[0.421s] INFO:colcon.colcon_ros.task.ament_cmake.build:Building ROS package in '/home/eeavir/tellocontrol/src/drone_racing_ros2/tello_ros/tello_msgs' with build type 'ament_cmake'
[0.421s] INFO:colcon.colcon_cmake.task.cmake.build:Building CMake package in '/home/eeavir/tellocontrol/src/drone_racing_ros2/tello_ros/tello_msgs'
[0.424s] INFO:colcon.colcon_core.plugin_system:Skipping extension 'colcon_core.shell.bat': Not used on non-Windows systems
[0.424s] INFO:colcon.colcon_core.shell:Skip shell extension 'powershell' for command environment: Not usable outside of PowerShell
[0.424s] DEBUG:colcon.colcon_core.shell:Skip shell extension 'dsv' for command environment
[0.427s] INFO:colcon.colcon_ros.task.ament_cmake.build:Building ROS package in '/home/eeavir/tellocontrol/src/drone_racing_ros2/ros2_shared' with build type 'ament_cmake'
[0.428s] INFO:colcon.colcon_cmake.task.cmake.build:Building CMake package in '/home/eeavir/tellocontrol/src/drone_racing_ros2/ros2_shared'
[0.428s] INFO:colcon.colcon_core.shell:Skip shell extension 'powershell' for command environment: Not usable outside of PowerShell
[0.428s] DEBUG:colcon.colcon_core.shell:Skip shell extension 'dsv' for command environment
[0.432s] INFO:colcon.colcon_ros.task.ament_python.build:Building ROS package in '/home/eeavir/tellocontrol/src/own_package' with build type 'ament_python'
[0.432s] Level 1:colcon.colcon_core.shell:create_environment_hook('own_package', 'ament_prefix_path')
[0.432s] INFO:colcon.colcon_core.shell:Creating environment hook '/home/eeavir/tellocontrol/install/own_package/share/own_package/hook/ament_prefix_path.ps1'
[0.433s] INFO:colcon.colcon_core.shell:Creating environment descriptor '/home/eeavir/tellocontrol/install/own_package/share/own_package/hook/ament_prefix_path.dsv'
[0.433s] INFO:colcon.colcon_core.shell:Creating environment hook '/home/eeavir/tellocontrol/install/own_package/share/own_package/hook/ament_prefix_path.sh'
[0.434s] INFO:colcon.colcon_core.shell:Skip shell extension 'powershell' for command environment: Not usable outside of PowerShell
[0.434s] DEBUG:colcon.colcon_core.shell:Skip shell extension 'dsv' for command environment
[0.437s] INFO:colcon.colcon_ros.task.ament_cmake.build:Building ROS package in '/home/eeavir/tellocontrol/src/drone_racing_ros2/tello_ros/tello_description' with build type 'ament_cmake'
[0.438s] INFO:colcon.colcon_cmake.task.cmake.build:Building CMake package in '/home/eeavir/tellocontrol/src/drone_racing_ros2/tello_ros/tello_description'
[0.438s] INFO:colcon.colcon_core.shell:Skip shell extension 'powershell' for command environment: Not usable outside of PowerShell
[0.438s] DEBUG:colcon.colcon_core.shell:Skip shell extension 'dsv' for command environment
[0.445s] DEBUG:colcon.colcon_core.event_handler.log_command:Invoking command in '/home/eeavir/tellocontrol/build/tello_msgs': CMAKE_PREFIX_PATH=${CMAKE_PREFIX_PATH}:/home/eeavir/tellocontrol/install/own_package:/opt/ros/galactic /usr/bin/cmake --build /home/eeavir/tellocontrol/build/tello_msgs -- -j8 -l8
[0.450s] DEBUG:colcon.colcon_core.event_handler.log_command:Invoking command in '/home/eeavir/tellocontrol/build/ros2_shared': CMAKE_PREFIX_PATH=${CMAKE_PREFIX_PATH}:/home/eeavir/tellocontrol/install/own_package:/opt/ros/galactic /usr/bin/cmake --build /home/eeavir/tellocontrol/build/ros2_shared -- -j8 -l8
[0.609s] INFO:colcon.colcon_core.task.python.build:Building Python package in '/home/eeavir/tellocontrol/src/own_package'
[0.609s] INFO:colcon.colcon_core.shell:Skip shell extension 'powershell' for command environment: Not usable outside of PowerShell
[0.609s] DEBUG:colcon.colcon_core.shell:Skip shell extension 'dsv' for command environment
[0.618s] DEBUG:colcon.colcon_core.event_handler.log_command:Invoking command in '/home/eeavir/tellocontrol/build/tello_description': CMAKE_PREFIX_PATH=${CMAKE_PREFIX_PATH}:/home/eeavir/tellocontrol/install/own_package:/opt/ros/galactic /usr/bin/cmake --build /home/eeavir/tellocontrol/build/tello_description -- -j8 -l8
[0.620s] DEBUG:colcon.colcon_core.event_handler.log_command:Invoked command in '/home/eeavir/tellocontrol/build/ros2_shared' returned '0': CMAKE_PREFIX_PATH=${CMAKE_PREFIX_PATH}:/home/eeavir/tellocontrol/install/own_package:/opt/ros/galactic /usr/bin/cmake --build /home/eeavir/tellocontrol/build/ros2_shared -- -j8 -l8
[0.632s] DEBUG:colcon.colcon_core.event_handler.log_command:Invoking command in '/home/eeavir/tellocontrol/build/ros2_shared': CMAKE_PREFIX_PATH=${CMAKE_PREFIX_PATH}:/home/eeavir/tellocontrol/install/own_package:/opt/ros/galactic /usr/bin/cmake --install /home/eeavir/tellocontrol/build/ros2_shared
[0.641s] DEBUG:colcon.colcon_core.event_handler.log_command:Invoked command in '/home/eeavir/tellocontrol/build/tello_msgs' returned '0': CMAKE_PREFIX_PATH=${CMAKE_PREFIX_PATH}:/home/eeavir/tellocontrol/install/own_package:/opt/ros/galactic /usr/bin/cmake --build /home/eeavir/tellocontrol/build/tello_msgs -- -j8 -l8
[0.644s] DEBUG:colcon.colcon_core.event_handler.log_command:Invoking command in '/home/eeavir/tellocontrol/build/tello_msgs': CMAKE_PREFIX_PATH=${CMAKE_PREFIX_PATH}:/home/eeavir/tellocontrol/install/own_package:/opt/ros/galactic /usr/bin/cmake --install /home/eeavir/tellocontrol/build/tello_msgs
[0.645s] Level 1:colcon.colcon_core.environment:create_environment_scripts_only(ros2_shared)
[0.646s] DEBUG:colcon.colcon_core.event_handler.log_command:Invoked command in '/home/eeavir/tellocontrol/build/ros2_shared' returned '0': CMAKE_PREFIX_PATH=${CMAKE_PREFIX_PATH}:/home/eeavir/tellocontrol/install/own_package:/opt/ros/galactic /usr/bin/cmake --install /home/eeavir/tellocontrol/build/ros2_shared
[0.650s] Level 1:colcon.colcon_core.environment:checking '/home/eeavir/tellocontrol/install/ros2_shared' for CMake module files
[0.651s] Level 1:colcon.colcon_core.environment:checking '/home/eeavir/tellocontrol/install/ros2_shared' for CMake config files
[0.651s] Level 1:colcon.colcon_core.shell:create_environment_hook('ros2_shared', 'cmake_prefix_path')
[0.651s] INFO:colcon.colcon_core.shell:Creating environment hook '/home/eeavir/tellocontrol/install/ros2_shared/share/ros2_shared/hook/cmake_prefix_path.ps1'
[0.652s] INFO:colcon.colcon_core.shell:Creating environment descriptor '/home/eeavir/tellocontrol/install/ros2_shared/share/ros2_shared/hook/cmake_prefix_path.dsv'
[0.652s] INFO:colcon.colcon_core.shell:Creating environment hook '/home/eeavir/tellocontrol/install/ros2_shared/share/ros2_shared/hook/cmake_prefix_path.sh'
[0.653s] Level 1:colcon.colcon_core.environment:checking '/home/eeavir/tellocontrol/install/ros2_shared/bin'
[0.653s] Level 1:colcon.colcon_core.environment:checking '/home/eeavir/tellocontrol/install/ros2_shared/lib/pkgconfig/ros2_shared.pc'
[0.654s] Level 1:colcon.colcon_core.environment:checking '/home/eeavir/tellocontrol/install/ros2_shared/lib/python3.8/site-packages'
[0.654s] Level 1:colcon.colcon_core.environment:checking '/home/eeavir/tellocontrol/install/ros2_shared/bin'
[0.654s] INFO:colcon.colcon_core.shell:Creating package script '/home/eeavir/tellocontrol/install/ros2_shared/share/ros2_shared/package.ps1'
[0.658s] INFO:colcon.colcon_core.shell:Creating package descriptor '/home/eeavir/tellocontrol/install/ros2_shared/share/ros2_shared/package.dsv'
[0.660s] INFO:colcon.colcon_core.shell:Creating package script '/home/eeavir/tellocontrol/install/ros2_shared/share/ros2_shared/package.sh'
[0.661s] INFO:colcon.colcon_core.shell:Creating package script '/home/eeavir/tellocontrol/install/ros2_shared/share/ros2_shared/package.bash'
[0.667s] INFO:colcon.colcon_core.shell:Creating package script '/home/eeavir/tellocontrol/install/ros2_shared/share/ros2_shared/package.zsh'
[0.670s] Level 1:colcon.colcon_core.environment:create_file_with_runtime_dependencies(/home/eeavir/tellocontrol/install/ros2_shared/share/colcon-core/packages/ros2_shared)
[0.670s] Level 1:colcon.colcon_core.environment:create_environment_scripts_only(ros2_shared)
[0.671s] Level 1:colcon.colcon_core.environment:checking '/home/eeavir/tellocontrol/install/ros2_shared' for CMake module files
[0.672s] Level 1:colcon.colcon_core.environment:checking '/home/eeavir/tellocontrol/install/ros2_shared' for CMake config files
[0.672s] Level 1:colcon.colcon_core.shell:create_environment_hook('ros2_shared', 'cmake_prefix_path')
[0.672s] INFO:colcon.colcon_core.shell:Creating environment hook '/home/eeavir/tellocontrol/install/ros2_shared/share/ros2_shared/hook/cmake_prefix_path.ps1'
[0.673s] INFO:colcon.colcon_core.shell:Creating environment descriptor '/home/eeavir/tellocontrol/install/ros2_shared/share/ros2_shared/hook/cmake_prefix_path.dsv'
[0.673s] INFO:colcon.colcon_core.shell:Creating environment hook '/home/eeavir/tellocontrol/install/ros2_shared/share/ros2_shared/hook/cmake_prefix_path.sh'
[0.674s] Level 1:colcon.colcon_core.environment:checking '/home/eeavir/tellocontrol/install/ros2_shared/bin'
[0.674s] Level 1:colcon.colcon_core.environment:checking '/home/eeavir/tellocontrol/install/ros2_shared/lib/pkgconfig/ros2_shared.pc'
[0.674s] Level 1:colcon.colcon_core.environment:checking '/home/eeavir/tellocontrol/install/ros2_shared/lib/python3.8/site-packages'
[0.674s] Level 1:colcon.colcon_core.environment:checking '/home/eeavir/tellocontrol/install/ros2_shared/bin'
[0.675s] INFO:colcon.colcon_core.shell:Creating package script '/home/eeavir/tellocontrol/install/ros2_shared/share/ros2_shared/package.ps1'
[0.676s] INFO:colcon.colcon_core.shell:Creating package descriptor '/home/eeavir/tellocontrol/install/ros2_shared/share/ros2_shared/package.dsv'
[0.676s] INFO:colcon.colcon_core.shell:Creating package script '/home/eeavir/tellocontrol/install/ros2_shared/share/ros2_shared/package.sh'
[0.677s] INFO:colcon.colcon_core.shell:Creating package script '/home/eeavir/tellocontrol/install/ros2_shared/share/ros2_shared/package.bash'
[0.677s] INFO:colcon.colcon_core.shell:Creating package script '/home/eeavir/tellocontrol/install/ros2_shared/share/ros2_shared/package.zsh'
[0.678s] Level 1:colcon.colcon_core.environment:create_file_with_runtime_dependencies(/home/eeavir/tellocontrol/install/ros2_shared/share/colcon-core/packages/ros2_shared)
[0.702s] DEBUG:colcon.colcon_core.event_handler.log_command:Invoked command in '/home/eeavir/tellocontrol/build/tello_description' returned '0': CMAKE_PREFIX_PATH=${CMAKE_PREFIX_PATH}:/home/eeavir/tellocontrol/install/own_package:/opt/ros/galactic /usr/bin/cmake --build /home/eeavir/tellocontrol/build/tello_description -- -j8 -l8
[0.705s] DEBUG:colcon.colcon_core.event_handler.log_command:Invoking command in '/home/eeavir/tellocontrol/build/tello_description': CMAKE_PREFIX_PATH=${CMAKE_PREFIX_PATH}:/home/eeavir/tellocontrol/install/own_package:/opt/ros/galactic /usr/bin/cmake --install /home/eeavir/tellocontrol/build/tello_description
[0.706s] Level 1:colcon.colcon_core.environment:create_environment_scripts_only(tello_msgs)
[0.706s] Level 1:colcon.colcon_core.environment:checking '/home/eeavir/tellocontrol/install/tello_msgs' for CMake module files
[0.707s] DEBUG:colcon.colcon_core.event_handler.log_command:Invoked command in '/home/eeavir/tellocontrol/build/tello_msgs' returned '0': CMAKE_PREFIX_PATH=${CMAKE_PREFIX_PATH}:/home/eeavir/tellocontrol/install/own_package:/opt/ros/galactic /usr/bin/cmake --install /home/eeavir/tellocontrol/build/tello_msgs
[0.707s] Level 1:colcon.colcon_core.environment:checking '/home/eeavir/tellocontrol/install/tello_msgs' for CMake config files
[0.708s] Level 1:colcon.colcon_core.shell:create_environment_hook('tello_msgs', 'cmake_prefix_path')
[0.708s] INFO:colcon.colcon_core.shell:Creating environment hook '/home/eeavir/tellocontrol/install/tello_msgs/share/tello_msgs/hook/cmake_prefix_path.ps1'
[0.709s] INFO:colcon.colcon_core.shell:Creating environment descriptor '/home/eeavir/tellocontrol/install/tello_msgs/share/tello_msgs/hook/cmake_prefix_path.dsv'
[0.709s] INFO:colcon.colcon_core.shell:Creating environment hook '/home/eeavir/tellocontrol/install/tello_msgs/share/tello_msgs/hook/cmake_prefix_path.sh'
[0.710s] Level 1:colcon.colcon_core.environment:checking '/home/eeavir/tellocontrol/install/tello_msgs/lib'
[0.710s] Level 1:colcon.colcon_core.shell:create_environment_hook('tello_msgs', 'ld_library_path_lib')
[0.710s] INFO:colcon.colcon_core.shell:Creating environment hook '/home/eeavir/tellocontrol/install/tello_msgs/share/tello_msgs/hook/ld_library_path_lib.ps1'
[0.711s] INFO:colcon.colcon_core.shell:Creating environment descriptor '/home/eeavir/tellocontrol/install/tello_msgs/share/tello_msgs/hook/ld_library_path_lib.dsv'
[0.712s] INFO:colcon.colcon_core.shell:Creating environment hook '/home/eeavir/tellocontrol/install/tello_msgs/share/tello_msgs/hook/ld_library_path_lib.sh'
[0.713s] Level 1:colcon.colcon_core.environment:checking '/home/eeavir/tellocontrol/install/tello_msgs/bin'
[0.713s] Level 1:colcon.colcon_core.environment:checking '/home/eeavir/tellocontrol/install/tello_msgs/lib/pkgconfig/tello_msgs.pc'
[0.713s] Level 1:colcon.colcon_core.environment:checking '/home/eeavir/tellocontrol/install/tello_msgs/lib/python3.8/site-packages'
[0.713s] Level 1:colcon.colcon_core.shell:create_environment_hook('tello_msgs', 'pythonpath')
[0.714s] INFO:colcon.colcon_core.shell:Creating environment hook '/home/eeavir/tellocontrol/install/tello_msgs/share/tello_msgs/hook/pythonpath.ps1'
[0.714s] INFO:colcon.colcon_core.shell:Creating environment descriptor '/home/eeavir/tellocontrol/install/tello_msgs/share/tello_msgs/hook/pythonpath.dsv'
[0.714s] INFO:colcon.colcon_core.shell:Creating environment hook '/home/eeavir/tellocontrol/install/tello_msgs/share/tello_msgs/hook/pythonpath.sh'
[0.715s] Level 1:colcon.colcon_core.environment:checking '/home/eeavir/tellocontrol/install/tello_msgs/bin'
[0.715s] INFO:colcon.colcon_core.shell:Creating package script '/home/eeavir/tellocontrol/install/tello_msgs/share/tello_msgs/package.ps1'
[0.716s] INFO:colcon.colcon_core.shell:Creating package descriptor '/home/eeavir/tellocontrol/install/tello_msgs/share/tello_msgs/package.dsv'
[0.716s] INFO:colcon.colcon_core.shell:Creating package script '/home/eeavir/tellocontrol/install/tello_msgs/share/tello_msgs/package.sh'
[0.717s] INFO:colcon.colcon_core.shell:Creating package script '/home/eeavir/tellocontrol/install/tello_msgs/share/tello_msgs/package.bash'
[0.717s] INFO:colcon.colcon_core.shell:Creating package script '/home/eeavir/tellocontrol/install/tello_msgs/share/tello_msgs/package.zsh'
[0.717s] Level 1:colcon.colcon_core.environment:create_file_with_runtime_dependencies(/home/eeavir/tellocontrol/install/tello_msgs/share/colcon-core/packages/tello_msgs)
[0.718s] Level 1:colcon.colcon_core.environment:create_environment_scripts_only(tello_msgs)
[0.718s] Level 1:colcon.colcon_core.environment:checking '/home/eeavir/tellocontrol/install/tello_msgs' for CMake module files
[0.719s] Level 1:colcon.colcon_core.environment:checking '/home/eeavir/tellocontrol/install/tello_msgs' for CMake config files
[0.719s] Level 1:colcon.colcon_core.shell:create_environment_hook('tello_msgs', 'cmake_prefix_path')
[0.719s] INFO:colcon.colcon_core.shell:Creating environment hook '/home/eeavir/tellocontrol/install/tello_msgs/share/tello_msgs/hook/cmake_prefix_path.ps1'
[0.720s] INFO:colcon.colcon_core.shell:Creating environment descriptor '/home/eeavir/tellocontrol/install/tello_msgs/share/tello_msgs/hook/cmake_prefix_path.dsv'
[0.720s] INFO:colcon.colcon_core.shell:Creating environment hook '/home/eeavir/tellocontrol/install/tello_msgs/share/tello_msgs/hook/cmake_prefix_path.sh'
[0.720s] Level 1:colcon.colcon_core.environment:checking '/home/eeavir/tellocontrol/install/tello_msgs/lib'
[0.721s] Level 1:colcon.colcon_core.shell:create_environment_hook('tello_msgs', 'ld_library_path_lib')
[0.721s] INFO:colcon.colcon_core.shell:Creating environment hook '/home/eeavir/tellocontrol/install/tello_msgs/share/tello_msgs/hook/ld_library_path_lib.ps1'
[0.721s] INFO:colcon.colcon_core.shell:Creating environment descriptor '/home/eeavir/tellocontrol/install/tello_msgs/share/tello_msgs/hook/ld_library_path_lib.dsv'
[0.721s] INFO:colcon.colcon_core.shell:Creating environment hook '/home/eeavir/tellocontrol/install/tello_msgs/share/tello_msgs/hook/ld_library_path_lib.sh'
[0.722s] Level 1:colcon.colcon_core.environment:checking '/home/eeavir/tellocontrol/install/tello_msgs/bin'
[0.722s] Level 1:colcon.colcon_core.environment:checking '/home/eeavir/tellocontrol/install/tello_msgs/lib/pkgconfig/tello_msgs.pc'
[0.722s] Level 1:colcon.colcon_core.environment:checking '/home/eeavir/tellocontrol/install/tello_msgs/lib/python3.8/site-packages'
[0.722s] Level 1:colcon.colcon_core.shell:create_environment_hook('tello_msgs', 'pythonpath')
[0.722s] INFO:colcon.colcon_core.shell:Creating environment hook '/home/eeavir/tellocontrol/install/tello_msgs/share/tello_msgs/hook/pythonpath.ps1'
[0.723s] INFO:colcon.colcon_core.shell:Creating environment descriptor '/home/eeavir/tellocontrol/install/tello_msgs/share/tello_msgs/hook/pythonpath.dsv'
[0.723s] INFO:colcon.colcon_core.shell:Creating environment hook '/home/eeavir/tellocontrol/install/tello_msgs/share/tello_msgs/hook/pythonpath.sh'
[0.724s] Level 1:colcon.colcon_core.environment:checking '/home/eeavir/tellocontrol/install/tello_msgs/bin'
[0.724s] INFO:colcon.colcon_core.shell:Creating package script '/home/eeavir/tellocontrol/install/tello_msgs/share/tello_msgs/package.ps1'
[0.724s] INFO:colcon.colcon_core.shell:Creating package descriptor '/home/eeavir/tellocontrol/install/tello_msgs/share/tello_msgs/package.dsv'
[0.725s] INFO:colcon.colcon_core.shell:Creating package script '/home/eeavir/tellocontrol/install/tello_msgs/share/tello_msgs/package.sh'
[0.726s] INFO:colcon.colcon_core.shell:Creating package script '/home/eeavir/tellocontrol/install/tello_msgs/share/tello_msgs/package.bash'
[0.726s] INFO:colcon.colcon_core.shell:Creating package script '/home/eeavir/tellocontrol/install/tello_msgs/share/tello_msgs/package.zsh'
[0.726s] Level 1:colcon.colcon_core.environment:create_file_with_runtime_dependencies(/home/eeavir/tellocontrol/install/tello_msgs/share/colcon-core/packages/tello_msgs)
[0.727s] INFO:colcon.colcon_ros.task.ament_cmake.build:Building ROS package in '/home/eeavir/tellocontrol/src/drone_racing_ros2/tello_ros/tello_driver' with build type 'ament_cmake'
[0.727s] INFO:colcon.colcon_cmake.task.cmake.build:Building CMake package in '/home/eeavir/tellocontrol/src/drone_racing_ros2/tello_ros/tello_driver'
[0.727s] INFO:colcon.colcon_core.shell:Skip shell extension 'powershell' for command environment: Not usable outside of PowerShell
[0.727s] DEBUG:colcon.colcon_core.shell:Skip shell extension 'dsv' for command environment
[0.731s] INFO:colcon.colcon_ros.task.ament_cmake.build:Building ROS package in '/home/eeavir/tellocontrol/src/drone_racing_ros2/tello_ros/tello_gazebo' with build type 'ament_cmake'
[0.731s] INFO:colcon.colcon_cmake.task.cmake.build:Building CMake package in '/home/eeavir/tellocontrol/src/drone_racing_ros2/tello_ros/tello_gazebo'
[0.732s] INFO:colcon.colcon_core.shell:Skip shell extension 'powershell' for command environment: Not usable outside of PowerShell
[0.732s] DEBUG:colcon.colcon_core.shell:Skip shell extension 'dsv' for command environment
[0.736s] Level 1:colcon.colcon_core.environment:create_environment_scripts_only(tello_description)
[0.736s] Level 1:colcon.colcon_core.environment:checking '/home/eeavir/tellocontrol/install/tello_description' for CMake module files
[0.737s] DEBUG:colcon.colcon_core.event_handler.log_command:Invoked command in '/home/eeavir/tellocontrol/build/tello_description' returned '0': CMAKE_PREFIX_PATH=${CMAKE_PREFIX_PATH}:/home/eeavir/tellocontrol/install/own_package:/opt/ros/galactic /usr/bin/cmake --install /home/eeavir/tellocontrol/build/tello_description
[0.737s] Level 1:colcon.colcon_core.environment:checking '/home/eeavir/tellocontrol/install/tello_description' for CMake config files
[0.737s] Level 1:colcon.colcon_core.shell:create_environment_hook('tello_description', 'cmake_prefix_path')
[0.738s] INFO:colcon.colcon_core.shell:Creating environment hook '/home/eeavir/tellocontrol/install/tello_description/share/tello_description/hook/cmake_prefix_path.ps1'
[0.738s] INFO:colcon.colcon_core.shell:Creating environment descriptor '/home/eeavir/tellocontrol/install/tello_description/share/tello_description/hook/cmake_prefix_path.dsv'
[0.739s] INFO:colcon.colcon_core.shell:Creating environment hook '/home/eeavir/tellocontrol/install/tello_description/share/tello_description/hook/cmake_prefix_path.sh'
[0.739s] Level 1:colcon.colcon_core.environment:checking '/home/eeavir/tellocontrol/install/tello_description/bin'
[0.739s] Level 1:colcon.colcon_core.environment:checking '/home/eeavir/tellocontrol/install/tello_description/lib/pkgconfig/tello_description.pc'
[0.740s] Level 1:colcon.colcon_core.environment:checking '/home/eeavir/tellocontrol/install/tello_description/lib/python3.8/site-packages'
[0.740s] Level 1:colcon.colcon_core.environment:checking '/home/eeavir/tellocontrol/install/tello_description/bin'
[0.740s] INFO:colcon.colcon_core.shell:Creating package script '/home/eeavir/tellocontrol/install/tello_description/share/tello_description/package.ps1'
[0.740s] INFO:colcon.colcon_core.shell:Creating package descriptor '/home/eeavir/tellocontrol/install/tello_description/share/tello_description/package.dsv'
[0.740s] INFO:colcon.colcon_core.shell:Creating package script '/home/eeavir/tellocontrol/install/tello_description/share/tello_description/package.sh'
[0.741s] INFO:colcon.colcon_core.shell:Creating package script '/home/eeavir/tellocontrol/install/tello_description/share/tello_description/package.bash'
[0.741s] INFO:colcon.colcon_core.shell:Creating package script '/home/eeavir/tellocontrol/install/tello_description/share/tello_description/package.zsh'
[0.741s] Level 1:colcon.colcon_core.environment:create_file_with_runtime_dependencies(/home/eeavir/tellocontrol/install/tello_description/share/colcon-core/packages/tello_description)
[0.742s] Level 1:colcon.colcon_core.environment:create_environment_scripts_only(tello_description)
[0.742s] Level 1:colcon.colcon_core.environment:checking '/home/eeavir/tellocontrol/install/tello_description' for CMake module files
[0.742s] Level 1:colcon.colcon_core.environment:checking '/home/eeavir/tellocontrol/install/tello_description' for CMake config files
[0.742s] Level 1:colcon.colcon_core.shell:create_environment_hook('tello_description', 'cmake_prefix_path')
[0.742s] INFO:colcon.colcon_core.shell:Creating environment hook '/home/eeavir/tellocontrol/install/tello_description/share/tello_description/hook/cmake_prefix_path.ps1'
[0.742s] INFO:colcon.colcon_core.shell:Creating environment descriptor '/home/eeavir/tellocontrol/install/tello_description/share/tello_description/hook/cmake_prefix_path.dsv'
[0.743s] INFO:colcon.colcon_core.shell:Creating environment hook '/home/eeavir/tellocontrol/install/tello_description/share/tello_description/hook/cmake_prefix_path.sh'
[0.743s] Level 1:colcon.colcon_core.environment:checking '/home/eeavir/tellocontrol/install/tello_description/bin'
[0.743s] Level 1:colcon.colcon_core.environment:checking '/home/eeavir/tellocontrol/install/tello_description/lib/pkgconfig/tello_description.pc'
[0.743s] Level 1:colcon.colcon_core.environment:checking '/home/eeavir/tellocontrol/install/tello_description/lib/python3.8/site-packages'
[0.743s] Level 1:colcon.colcon_core.environment:checking '/home/eeavir/tellocontrol/install/tello_description/bin'
[0.743s] INFO:colcon.colcon_core.shell:Creating package script '/home/eeavir/tellocontrol/install/tello_description/share/tello_description/package.ps1'
[0.744s] INFO:colcon.colcon_core.shell:Creating package descriptor '/home/eeavir/tellocontrol/install/tello_description/share/tello_description/package.dsv'
[0.744s] INFO:colcon.colcon_core.shell:Creating package script '/home/eeavir/tellocontrol/install/tello_description/share/tello_description/package.sh'
[0.744s] INFO:colcon.colcon_core.shell:Creating package script '/home/eeavir/tellocontrol/install/tello_description/share/tello_description/package.bash'
[0.744s] INFO:colcon.colcon_core.shell:Creating package script '/home/eeavir/tellocontrol/install/tello_description/share/tello_description/package.zsh'
[0.745s] Level 1:colcon.colcon_core.environment:create_file_with_runtime_dependencies(/home/eeavir/tellocontrol/install/tello_description/share/colcon-core/packages/tello_description)
[0.749s] DEBUG:colcon.colcon_core.event_handler.log_command:Invoking command in '/home/eeavir/tellocontrol/build/tello_driver': CMAKE_PREFIX_PATH=/home/eeavir/tellocontrol/install/tello_msgs:/home/eeavir/tellocontrol/install/ros2_shared:/home/eeavir/tellocontrol/install/tello_gazebo:/home/eeavir/tellocontrol/install/tello_driver:/home/eeavir/tellocontrol/install/tello_description:/home/eeavir/tellocontrol/install/own_package:/opt/ros/galactic LD_LIBRARY_PATH=/home/eeavir/tellocontrol/install/tello_msgs/lib:/home/eeavir/tellocontrol/install/tello_gazebo/lib:/home/eeavir/tellocontrol/install/tello_driver/lib:/usr/lib/x86_64-linux-gnu/gazebo-11/plugins:/opt/ros/galactic/opt/yaml_cpp_vendor/lib:/opt/ros/galactic/opt/rviz_ogre_vendor/lib:/opt/ros/galactic/lib/x86_64-linux-gnu:/opt/ros/galactic/lib:/usr/lib/x86_64-linux-gnu/gazebo-11/plugins /usr/bin/cmake --build /home/eeavir/tellocontrol/build/tello_driver -- -j8 -l8
[0.754s] DEBUG:colcon.colcon_core.event_handler.log_command:Invoking command in '/home/eeavir/tellocontrol/build/tello_gazebo': CMAKE_PREFIX_PATH=/home/eeavir/tellocontrol/install/tello_msgs:/home/eeavir/tellocontrol/install/tello_gazebo:/home/eeavir/tellocontrol/install/tello_driver:/home/eeavir/tellocontrol/install/tello_description:/home/eeavir/tellocontrol/install/ros2_shared:/home/eeavir/tellocontrol/install/own_package:/opt/ros/galactic LD_LIBRARY_PATH=/home/eeavir/tellocontrol/install/tello_msgs/lib:/home/eeavir/tellocontrol/install/tello_gazebo/lib:/home/eeavir/tellocontrol/install/tello_driver/lib:/usr/lib/x86_64-linux-gnu/gazebo-11/plugins:/opt/ros/galactic/opt/yaml_cpp_vendor/lib:/opt/ros/galactic/opt/rviz_ogre_vendor/lib:/opt/ros/galactic/lib/x86_64-linux-gnu:/opt/ros/galactic/lib:/usr/lib/x86_64-linux-gnu/gazebo-11/plugins /usr/bin/cmake --build /home/eeavir/tellocontrol/build/tello_gazebo -- -j8 -l8
[0.827s] DEBUG:colcon.colcon_core.event_handler.log_command:Invoked command in '/home/eeavir/tellocontrol/build/tello_driver' returned '0': CMAKE_PREFIX_PATH=/home/eeavir/tellocontrol/install/tello_msgs:/home/eeavir/tellocontrol/install/ros2_shared:/home/eeavir/tellocontrol/install/tello_gazebo:/home/eeavir/tellocontrol/install/tello_driver:/home/eeavir/tellocontrol/install/tello_description:/home/eeavir/tellocontrol/install/own_package:/opt/ros/galactic LD_LIBRARY_PATH=/home/eeavir/tellocontrol/install/tello_msgs/lib:/home/eeavir/tellocontrol/install/tello_gazebo/lib:/home/eeavir/tellocontrol/install/tello_driver/lib:/usr/lib/x86_64-linux-gnu/gazebo-11/plugins:/opt/ros/galactic/opt/yaml_cpp_vendor/lib:/opt/ros/galactic/opt/rviz_ogre_vendor/lib:/opt/ros/galactic/lib/x86_64-linux-gnu:/opt/ros/galactic/lib:/usr/lib/x86_64-linux-gnu/gazebo-11/plugins /usr/bin/cmake --build /home/eeavir/tellocontrol/build/tello_driver -- -j8 -l8
[0.829s] DEBUG:colcon.colcon_core.event_handler.log_command:Invoking command in '/home/eeavir/tellocontrol/build/tello_driver': CMAKE_PREFIX_PATH=/home/eeavir/tellocontrol/install/tello_msgs:/home/eeavir/tellocontrol/install/ros2_shared:/home/eeavir/tellocontrol/install/tello_gazebo:/home/eeavir/tellocontrol/install/tello_driver:/home/eeavir/tellocontrol/install/tello_description:/home/eeavir/tellocontrol/install/own_package:/opt/ros/galactic LD_LIBRARY_PATH=/home/eeavir/tellocontrol/install/tello_msgs/lib:/home/eeavir/tellocontrol/install/tello_gazebo/lib:/home/eeavir/tellocontrol/install/tello_driver/lib:/usr/lib/x86_64-linux-gnu/gazebo-11/plugins:/opt/ros/galactic/opt/yaml_cpp_vendor/lib:/opt/ros/galactic/opt/rviz_ogre_vendor/lib:/opt/ros/galactic/lib/x86_64-linux-gnu:/opt/ros/galactic/lib:/usr/lib/x86_64-linux-gnu/gazebo-11/plugins /usr/bin/cmake --install /home/eeavir/tellocontrol/build/tello_driver
[0.842s] Level 1:colcon.colcon_core.environment:create_environment_scripts_only(tello_driver)
[0.842s] Level 1:colcon.colcon_core.environment:checking '/home/eeavir/tellocontrol/install/tello_driver' for CMake module files
[0.843s] DEBUG:colcon.colcon_core.event_handler.log_command:Invoked command in '/home/eeavir/tellocontrol/build/tello_driver' returned '0': CMAKE_PREFIX_PATH=/home/eeavir/tellocontrol/install/tello_msgs:/home/eeavir/tellocontrol/install/ros2_shared:/home/eeavir/tellocontrol/install/tello_gazebo:/home/eeavir/tellocontrol/install/tello_driver:/home/eeavir/tellocontrol/install/tello_description:/home/eeavir/tellocontrol/install/own_package:/opt/ros/galactic LD_LIBRARY_PATH=/home/eeavir/tellocontrol/install/tello_msgs/lib:/home/eeavir/tellocontrol/install/tello_gazebo/lib:/home/eeavir/tellocontrol/install/tello_driver/lib:/usr/lib/x86_64-linux-gnu/gazebo-11/plugins:/opt/ros/galactic/opt/yaml_cpp_vendor/lib:/opt/ros/galactic/opt/rviz_ogre_vendor/lib:/opt/ros/galactic/lib/x86_64-linux-gnu:/opt/ros/galactic/lib:/usr/lib/x86_64-linux-gnu/gazebo-11/plugins /usr/bin/cmake --install /home/eeavir/tellocontrol/build/tello_driver
[0.843s] Level 1:colcon.colcon_core.environment:checking '/home/eeavir/tellocontrol/install/tello_driver' for CMake config files
[0.843s] Level 1:colcon.colcon_core.shell:create_environment_hook('tello_driver', 'cmake_prefix_path')
[0.843s] INFO:colcon.colcon_core.shell:Creating environment hook '/home/eeavir/tellocontrol/install/tello_driver/share/tello_driver/hook/cmake_prefix_path.ps1'
[0.844s] INFO:colcon.colcon_core.shell:Creating environment descriptor '/home/eeavir/tellocontrol/install/tello_driver/share/tello_driver/hook/cmake_prefix_path.dsv'
[0.844s] INFO:colcon.colcon_core.shell:Creating environment hook '/home/eeavir/tellocontrol/install/tello_driver/share/tello_driver/hook/cmake_prefix_path.sh'
[0.844s] Level 1:colcon.colcon_core.environment:checking '/home/eeavir/tellocontrol/install/tello_driver/lib'
[0.845s] Level 1:colcon.colcon_core.shell:create_environment_hook('tello_driver', 'ld_library_path_lib')
[0.845s] INFO:colcon.colcon_core.shell:Creating environment hook '/home/eeavir/tellocontrol/install/tello_driver/share/tello_driver/hook/ld_library_path_lib.ps1'
[0.845s] INFO:colcon.colcon_core.shell:Creating environment descriptor '/home/eeavir/tellocontrol/install/tello_driver/share/tello_driver/hook/ld_library_path_lib.dsv'
[0.845s] INFO:colcon.colcon_core.shell:Creating environment hook '/home/eeavir/tellocontrol/install/tello_driver/share/tello_driver/hook/ld_library_path_lib.sh'
[0.845s] Level 1:colcon.colcon_core.environment:checking '/home/eeavir/tellocontrol/install/tello_driver/bin'
[0.845s] Level 1:colcon.colcon_core.environment:checking '/home/eeavir/tellocontrol/install/tello_driver/lib/pkgconfig/tello_driver.pc'
[0.846s] Level 1:colcon.colcon_core.environment:checking '/home/eeavir/tellocontrol/install/tello_driver/lib/python3.8/site-packages'
[0.846s] Level 1:colcon.colcon_core.environment:checking '/home/eeavir/tellocontrol/install/tello_driver/bin'
[0.846s] INFO:colcon.colcon_core.shell:Creating package script '/home/eeavir/tellocontrol/install/tello_driver/share/tello_driver/package.ps1'
[0.846s] INFO:colcon.colcon_core.shell:Creating package descriptor '/home/eeavir/tellocontrol/install/tello_driver/share/tello_driver/package.dsv'
[0.846s] INFO:colcon.colcon_core.shell:Creating package script '/home/eeavir/tellocontrol/install/tello_driver/share/tello_driver/package.sh'
[0.847s] INFO:colcon.colcon_core.shell:Creating package script '/home/eeavir/tellocontrol/install/tello_driver/share/tello_driver/package.bash'
[0.847s] INFO:colcon.colcon_core.shell:Creating package script '/home/eeavir/tellocontrol/install/tello_driver/share/tello_driver/package.zsh'
[0.847s] Level 1:colcon.colcon_core.environment:create_file_with_runtime_dependencies(/home/eeavir/tellocontrol/install/tello_driver/share/colcon-core/packages/tello_driver)
[0.848s] Level 1:colcon.colcon_core.environment:create_environment_scripts_only(tello_driver)
[0.848s] Level 1:colcon.colcon_core.environment:checking '/home/eeavir/tellocontrol/install/tello_driver' for CMake module files
[0.848s] Level 1:colcon.colcon_core.environment:checking '/home/eeavir/tellocontrol/install/tello_driver' for CMake config files
[0.848s] Level 1:colcon.colcon_core.shell:create_environment_hook('tello_driver', 'cmake_prefix_path')
[0.848s] INFO:colcon.colcon_core.shell:Creating environment hook '/home/eeavir/tellocontrol/install/tello_driver/share/tello_driver/hook/cmake_prefix_path.ps1'
[0.848s] INFO:colcon.colcon_core.shell:Creating environment descriptor '/home/eeavir/tellocontrol/install/tello_driver/share/tello_driver/hook/cmake_prefix_path.dsv'
[0.849s] INFO:colcon.colcon_core.shell:Creating environment hook '/home/eeavir/tellocontrol/install/tello_driver/share/tello_driver/hook/cmake_prefix_path.sh'
[0.849s] Level 1:colcon.colcon_core.environment:checking '/home/eeavir/tellocontrol/install/tello_driver/lib'
[0.849s] Level 1:colcon.colcon_core.shell:create_environment_hook('tello_driver', 'ld_library_path_lib')
[0.849s] INFO:colcon.colcon_core.shell:Creating environment hook '/home/eeavir/tellocontrol/install/tello_driver/share/tello_driver/hook/ld_library_path_lib.ps1'
[0.849s] INFO:colcon.colcon_core.shell:Creating environment descriptor '/home/eeavir/tellocontrol/install/tello_driver/share/tello_driver/hook/ld_library_path_lib.dsv'
[0.850s] INFO:colcon.colcon_core.shell:Creating environment hook '/home/eeavir/tellocontrol/install/tello_driver/share/tello_driver/hook/ld_library_path_lib.sh'
[0.850s] Level 1:colcon.colcon_core.environment:checking '/home/eeavir/tellocontrol/install/tello_driver/bin'
[0.850s] Level 1:colcon.colcon_core.environment:checking '/home/eeavir/tellocontrol/install/tello_driver/lib/pkgconfig/tello_driver.pc'
[0.850s] Level 1:colcon.colcon_core.environment:checking '/home/eeavir/tellocontrol/install/tello_driver/lib/python3.8/site-packages'
[0.850s] Level 1:colcon.colcon_core.environment:checking '/home/eeavir/tellocontrol/install/tello_driver/bin'
[0.850s] INFO:colcon.colcon_core.shell:Creating package script '/home/eeavir/tellocontrol/install/tello_driver/share/tello_driver/package.ps1'
[0.851s] INFO:colcon.colcon_core.shell:Creating package descriptor '/home/eeavir/tellocontrol/install/tello_driver/share/tello_driver/package.dsv'
[0.851s] INFO:colcon.colcon_core.shell:Creating package script '/home/eeavir/tellocontrol/install/tello_driver/share/tello_driver/package.sh'
[0.851s] INFO:colcon.colcon_core.shell:Creating package script '/home/eeavir/tellocontrol/install/tello_driver/share/tello_driver/package.bash'
[0.851s] INFO:colcon.colcon_core.shell:Creating package script '/home/eeavir/tellocontrol/install/tello_driver/share/tello_driver/package.zsh'
[0.852s] Level 1:colcon.colcon_core.environment:create_file_with_runtime_dependencies(/home/eeavir/tellocontrol/install/tello_driver/share/colcon-core/packages/tello_driver)
[0.853s] DEBUG:colcon.colcon_core.event_handler.log_command:Invoked command in '/home/eeavir/tellocontrol/build/tello_gazebo' returned '0': CMAKE_PREFIX_PATH=/home/eeavir/tellocontrol/install/tello_msgs:/home/eeavir/tellocontrol/install/tello_gazebo:/home/eeavir/tellocontrol/install/tello_driver:/home/eeavir/tellocontrol/install/tello_description:/home/eeavir/tellocontrol/install/ros2_shared:/home/eeavir/tellocontrol/install/own_package:/opt/ros/galactic LD_LIBRARY_PATH=/home/eeavir/tellocontrol/install/tello_msgs/lib:/home/eeavir/tellocontrol/install/tello_gazebo/lib:/home/eeavir/tellocontrol/install/tello_driver/lib:/usr/lib/x86_64-linux-gnu/gazebo-11/plugins:/opt/ros/galactic/opt/yaml_cpp_vendor/lib:/opt/ros/galactic/opt/rviz_ogre_vendor/lib:/opt/ros/galactic/lib/x86_64-linux-gnu:/opt/ros/galactic/lib:/usr/lib/x86_64-linux-gnu/gazebo-11/plugins /usr/bin/cmake --build /home/eeavir/tellocontrol/build/tello_gazebo -- -j8 -l8
[0.855s] DEBUG:colcon.colcon_core.event_handler.log_command:Invoking command in '/home/eeavir/tellocontrol/build/tello_gazebo': CMAKE_PREFIX_PATH=/home/eeavir/tellocontrol/install/tello_msgs:/home/eeavir/tellocontrol/install/tello_gazebo:/home/eeavir/tellocontrol/install/tello_driver:/home/eeavir/tellocontrol/install/tello_description:/home/eeavir/tellocontrol/install/ros2_shared:/home/eeavir/tellocontrol/install/own_package:/opt/ros/galactic LD_LIBRARY_PATH=/home/eeavir/tellocontrol/install/tello_msgs/lib:/home/eeavir/tellocontrol/install/tello_gazebo/lib:/home/eeavir/tellocontrol/install/tello_driver/lib:/usr/lib/x86_64-linux-gnu/gazebo-11/plugins:/opt/ros/galactic/opt/yaml_cpp_vendor/lib:/opt/ros/galactic/opt/rviz_ogre_vendor/lib:/opt/ros/galactic/lib/x86_64-linux-gnu:/opt/ros/galactic/lib:/usr/lib/x86_64-linux-gnu/gazebo-11/plugins /usr/bin/cmake --install /home/eeavir/tellocontrol/build/tello_gazebo
[0.867s] Level 1:colcon.colcon_core.environment:create_environment_scripts_only(tello_gazebo)
[0.868s] Level 1:colcon.colcon_core.environment:checking '/home/eeavir/tellocontrol/install/tello_gazebo' for CMake module files
[0.868s] DEBUG:colcon.colcon_core.event_handler.log_command:Invoked command in '/home/eeavir/tellocontrol/build/tello_gazebo' returned '0': CMAKE_PREFIX_PATH=/home/eeavir/tellocontrol/install/tello_msgs:/home/eeavir/tellocontrol/install/tello_gazebo:/home/eeavir/tellocontrol/install/tello_driver:/home/eeavir/tellocontrol/install/tello_description:/home/eeavir/tellocontrol/install/ros2_shared:/home/eeavir/tellocontrol/install/own_package:/opt/ros/galactic LD_LIBRARY_PATH=/home/eeavir/tellocontrol/install/tello_msgs/lib:/home/eeavir/tellocontrol/install/tello_gazebo/lib:/home/eeavir/tellocontrol/install/tello_driver/lib:/usr/lib/x86_64-linux-gnu/gazebo-11/plugins:/opt/ros/galactic/opt/yaml_cpp_vendor/lib:/opt/ros/galactic/opt/rviz_ogre_vendor/lib:/opt/ros/galactic/lib/x86_64-linux-gnu:/opt/ros/galactic/lib:/usr/lib/x86_64-linux-gnu/gazebo-11/plugins /usr/bin/cmake --install /home/eeavir/tellocontrol/build/tello_gazebo
[0.868s] Level 1:colcon.colcon_core.environment:checking '/home/eeavir/tellocontrol/install/tello_gazebo' for CMake config files
[0.869s] Level 1:colcon.colcon_core.shell:create_environment_hook('tello_gazebo', 'cmake_prefix_path')
[0.869s] INFO:colcon.colcon_core.shell:Creating environment hook '/home/eeavir/tellocontrol/install/tello_gazebo/share/tello_gazebo/hook/cmake_prefix_path.ps1'
[0.869s] INFO:colcon.colcon_core.shell:Creating environment descriptor '/home/eeavir/tellocontrol/install/tello_gazebo/share/tello_gazebo/hook/cmake_prefix_path.dsv'
[0.870s] INFO:colcon.colcon_core.shell:Creating environment hook '/home/eeavir/tellocontrol/install/tello_gazebo/share/tello_gazebo/hook/cmake_prefix_path.sh'
[0.870s] Level 1:colcon.colcon_core.environment:checking '/home/eeavir/tellocontrol/install/tello_gazebo/lib'
[0.870s] Level 1:colcon.colcon_core.shell:create_environment_hook('tello_gazebo', 'ld_library_path_lib')
[0.870s] INFO:colcon.colcon_core.shell:Creating environment hook '/home/eeavir/tellocontrol/install/tello_gazebo/share/tello_gazebo/hook/ld_library_path_lib.ps1'
[0.870s] INFO:colcon.colcon_core.shell:Creating environment descriptor '/home/eeavir/tellocontrol/install/tello_gazebo/share/tello_gazebo/hook/ld_library_path_lib.dsv'
[0.871s] INFO:colcon.colcon_core.shell:Creating environment hook '/home/eeavir/tellocontrol/install/tello_gazebo/share/tello_gazebo/hook/ld_library_path_lib.sh'
[0.871s] Level 1:colcon.colcon_core.environment:checking '/home/eeavir/tellocontrol/install/tello_gazebo/bin'
[0.871s] Level 1:colcon.colcon_core.environment:checking '/home/eeavir/tellocontrol/install/tello_gazebo/lib/pkgconfig/tello_gazebo.pc'
[0.871s] Level 1:colcon.colcon_core.environment:checking '/home/eeavir/tellocontrol/install/tello_gazebo/lib/python3.8/site-packages'
[0.871s] Level 1:colcon.colcon_core.environment:checking '/home/eeavir/tellocontrol/install/tello_gazebo/bin'
[0.871s] INFO:colcon.colcon_core.shell:Creating package script '/home/eeavir/tellocontrol/install/tello_gazebo/share/tello_gazebo/package.ps1'
[0.872s] INFO:colcon.colcon_core.shell:Creating package descriptor '/home/eeavir/tellocontrol/install/tello_gazebo/share/tello_gazebo/package.dsv'
[0.872s] INFO:colcon.colcon_core.shell:Creating package script '/home/eeavir/tellocontrol/install/tello_gazebo/share/tello_gazebo/package.sh'
[0.872s] INFO:colcon.colcon_core.shell:Creating package script '/home/eeavir/tellocontrol/install/tello_gazebo/share/tello_gazebo/package.bash'
[0.872s] INFO:colcon.colcon_core.shell:Creating package script '/home/eeavir/tellocontrol/install/tello_gazebo/share/tello_gazebo/package.zsh'
[0.873s] Level 1:colcon.colcon_core.environment:create_file_with_runtime_dependencies(/home/eeavir/tellocontrol/install/tello_gazebo/share/colcon-core/packages/tello_gazebo)
[0.873s] Level 1:colcon.colcon_core.environment:create_environment_scripts_only(tello_gazebo)
[0.873s] Level 1:colcon.colcon_core.environment:checking '/home/eeavir/tellocontrol/install/tello_gazebo' for CMake module files
[0.873s] Level 1:colcon.colcon_core.environment:checking '/home/eeavir/tellocontrol/install/tello_gazebo' for CMake config files
[0.874s] Level 1:colcon.colcon_core.shell:create_environment_hook('tello_gazebo', 'cmake_prefix_path')
[0.874s] INFO:colcon.colcon_core.shell:Creating environment hook '/home/eeavir/tellocontrol/install/tello_gazebo/share/tello_gazebo/hook/cmake_prefix_path.ps1'
[0.874s] INFO:colcon.colcon_core.shell:Creating environment descriptor '/home/eeavir/tellocontrol/install/tello_gazebo/share/tello_gazebo/hook/cmake_prefix_path.dsv'
[0.874s] INFO:colcon.colcon_core.shell:Creating environment hook '/home/eeavir/tellocontrol/install/tello_gazebo/share/tello_gazebo/hook/cmake_prefix_path.sh'
[0.875s] Level 1:colcon.colcon_core.environment:checking '/home/eeavir/tellocontrol/install/tello_gazebo/lib'
[0.875s] Level 1:colcon.colcon_core.shell:create_environment_hook('tello_gazebo', 'ld_library_path_lib')
[0.875s] INFO:colcon.colcon_core.shell:Creating environment hook '/home/eeavir/tellocontrol/install/tello_gazebo/share/tello_gazebo/hook/ld_library_path_lib.ps1'
[0.875s] INFO:colcon.colcon_core.shell:Creating environment descriptor '/home/eeavir/tellocontrol/install/tello_gazebo/share/tello_gazebo/hook/ld_library_path_lib.dsv'
[0.875s] INFO:colcon.colcon_core.shell:Creating environment hook '/home/eeavir/tellocontrol/install/tello_gazebo/share/tello_gazebo/hook/ld_library_path_lib.sh'
[0.876s] Level 1:colcon.colcon_core.environment:checking '/home/eeavir/tellocontrol/install/tello_gazebo/bin'
[0.876s] Level 1:colcon.colcon_core.environment:checking '/home/eeavir/tellocontrol/install/tello_gazebo/lib/pkgconfig/tello_gazebo.pc'
[0.876s] Level 1:colcon.colcon_core.environment:checking '/home/eeavir/tellocontrol/install/tello_gazebo/lib/python3.8/site-packages'
[0.876s] Level 1:colcon.colcon_core.environment:checking '/home/eeavir/tellocontrol/install/tello_gazebo/bin'
[0.876s] INFO:colcon.colcon_core.shell:Creating package script '/home/eeavir/tellocontrol/install/tello_gazebo/share/tello_gazebo/package.ps1'
[0.876s] INFO:colcon.colcon_core.shell:Creating package descriptor '/home/eeavir/tellocontrol/install/tello_gazebo/share/tello_gazebo/package.dsv'
[0.877s] INFO:colcon.colcon_core.shell:Creating package script '/home/eeavir/tellocontrol/install/tello_gazebo/share/tello_gazebo/package.sh'
[0.877s] INFO:colcon.colcon_core.shell:Creating package script '/home/eeavir/tellocontrol/install/tello_gazebo/share/tello_gazebo/package.bash'
[0.877s] INFO:colcon.colcon_core.shell:Creating package script '/home/eeavir/tellocontrol/install/tello_gazebo/share/tello_gazebo/package.zsh'
[0.877s] Level 1:colcon.colcon_core.environment:create_file_with_runtime_dependencies(/home/eeavir/tellocontrol/install/tello_gazebo/share/colcon-core/packages/tello_gazebo)
[0.977s] DEBUG:colcon.colcon_core.event_handler.log_command:Invoking command in '/home/eeavir/tellocontrol/src/own_package': PYTHONPATH=/home/eeavir/tellocontrol/build/own_package/prefix_override:/usr/lib/python3/dist-packages/colcon_core/task/python/colcon_distutils_commands:/home/eeavir/tellocontrol/install/own_package/lib/python3.8/site-packages:${PYTHONPATH} /usr/bin/python3 -W ignore:setup.py install is deprecated -W ignore:easy_install command is deprecated setup.py egg_info --egg-base ../../build/own_package build --build-base /home/eeavir/tellocontrol/build/own_package/build install --record /home/eeavir/tellocontrol/build/own_package/install.log --single-version-externally-managed install_data
[1.162s] Level 1:colcon.colcon_core.environment:checking '/home/eeavir/tellocontrol/install/own_package' for CMake module files
[1.163s] DEBUG:colcon.colcon_core.event_handler.log_command:Invoked command in '/home/eeavir/tellocontrol/src/own_package' returned '0': PYTHONPATH=/home/eeavir/tellocontrol/build/own_package/prefix_override:/usr/lib/python3/dist-packages/colcon_core/task/python/colcon_distutils_commands:/home/eeavir/tellocontrol/install/own_package/lib/python3.8/site-packages:${PYTHONPATH} /usr/bin/python3 -W ignore:setup.py install is deprecated -W ignore:easy_install command is deprecated setup.py egg_info --egg-base ../../build/own_package build --build-base /home/eeavir/tellocontrol/build/own_package/build install --record /home/eeavir/tellocontrol/build/own_package/install.log --single-version-externally-managed install_data
[1.163s] Level 1:colcon.colcon_core.environment:checking '/home/eeavir/tellocontrol/install/own_package' for CMake config files
[1.163s] Level 1:colcon.colcon_core.environment:checking '/home/eeavir/tellocontrol/install/own_package/lib'
[1.164s] Level 1:colcon.colcon_core.environment:checking '/home/eeavir/tellocontrol/install/own_package/bin'
[1.164s] Level 1:colcon.colcon_core.environment:checking '/home/eeavir/tellocontrol/install/own_package/lib/pkgconfig/own_package.pc'
[1.164s] Level 1:colcon.colcon_core.environment:checking '/home/eeavir/tellocontrol/install/own_package/lib/python3.8/site-packages'
[1.164s] Level 1:colcon.colcon_core.shell:create_environment_hook('own_package', 'pythonpath')
[1.164s] INFO:colcon.colcon_core.shell:Creating environment hook '/home/eeavir/tellocontrol/install/own_package/share/own_package/hook/pythonpath.ps1'
[1.164s] INFO:colcon.colcon_core.shell:Creating environment descriptor '/home/eeavir/tellocontrol/install/own_package/share/own_package/hook/pythonpath.dsv'
[1.165s] INFO:colcon.colcon_core.shell:Creating environment hook '/home/eeavir/tellocontrol/install/own_package/share/own_package/hook/pythonpath.sh'
[1.165s] Level 1:colcon.colcon_core.environment:checking '/home/eeavir/tellocontrol/install/own_package/bin'
[1.165s] Level 1:colcon.colcon_core.environment:create_environment_scripts_only(own_package)
[1.165s] INFO:colcon.colcon_core.shell:Creating package script '/home/eeavir/tellocontrol/install/own_package/share/own_package/package.ps1'
[1.166s] INFO:colcon.colcon_core.shell:Creating package descriptor '/home/eeavir/tellocontrol/install/own_package/share/own_package/package.dsv'
[1.166s] INFO:colcon.colcon_core.shell:Creating package script '/home/eeavir/tellocontrol/install/own_package/share/own_package/package.sh'
[1.166s] INFO:colcon.colcon_core.shell:Creating package script '/home/eeavir/tellocontrol/install/own_package/share/own_package/package.bash'
[1.166s] INFO:colcon.colcon_core.shell:Creating package script '/home/eeavir/tellocontrol/install/own_package/share/own_package/package.zsh'
[1.166s] Level 1:colcon.colcon_core.environment:create_file_with_runtime_dependencies(/home/eeavir/tellocontrol/install/own_package/share/colcon-core/packages/own_package)
[1.167s] DEBUG:colcon.colcon_parallel_executor.executor.parallel:closing loop
[1.167s] DEBUG:colcon.colcon_parallel_executor.executor.parallel:loop closed
[1.167s] DEBUG:colcon.colcon_parallel_executor.executor.parallel:run_until_complete finished with '0'
[1.167s] DEBUG:colcon.colcon_core.event_reactor:joining thread
[1.172s] INFO:colcon.colcon_core.plugin_system:Skipping extension 'colcon_notification.desktop_notification.terminal_notifier': Not used on non-Darwin systems
[1.172s] INFO:colcon.colcon_core.plugin_system:Skipping extension 'colcon_notification.desktop_notification.win32': Not used on non-Windows systems
[1.172s] INFO:colcon.colcon_notification.desktop_notification:Sending desktop notification using 'notify2'
[1.186s] DEBUG:colcon.colcon_core.event_reactor:joined thread
[1.186s] INFO:colcon.colcon_core.shell:Creating prefix script '/home/eeavir/tellocontrol/install/local_setup.ps1'
[1.187s] INFO:colcon.colcon_core.shell:Creating prefix util module '/home/eeavir/tellocontrol/install/_local_setup_util_ps1.py'
[1.188s] INFO:colcon.colcon_core.shell:Creating prefix chain script '/home/eeavir/tellocontrol/install/setup.ps1'
[1.189s] INFO:colcon.colcon_core.shell:Creating prefix script '/home/eeavir/tellocontrol/install/local_setup.sh'
[1.190s] INFO:colcon.colcon_core.shell:Creating prefix util module '/home/eeavir/tellocontrol/install/_local_setup_util_sh.py'
[1.190s] INFO:colcon.colcon_core.shell:Creating prefix chain script '/home/eeavir/tellocontrol/install/setup.sh'
[1.191s] INFO:colcon.colcon_core.shell:Creating prefix script '/home/eeavir/tellocontrol/install/local_setup.bash'
[1.192s] INFO:colcon.colcon_core.shell:Creating prefix chain script '/home/eeavir/tellocontrol/install/setup.bash'
[1.193s] INFO:colcon.colcon_core.shell:Creating prefix script '/home/eeavir/tellocontrol/install/local_setup.zsh'
[1.193s] INFO:colcon.colcon_core.shell:Creating prefix chain script '/home/eeavir/tellocontrol/install/setup.zsh'
