[0.180s] Invoking command in '/home/eeavir/tellocontrol/build/tello_description': CMAKE_PREFIX_PATH=${CMAKE_PREFIX_PATH}:/home/eeavir/tellocontrol/install/own_package:/opt/ros/galactic /usr/bin/cmake /home/eeavir/tellocontrol/src/drone_racing_ros2/tello_ros/tello_description -DCMAKE_INSTALL_PREFIX=/home/eeavir/tellocontrol/install/tello_description
[0.221s] -- The C compiler identification is GNU 9.4.0
[0.260s] -- The CXX compiler identification is GNU 9.4.0
[0.263s] -- Check for working C compiler: /usr/bin/cc
[0.314s] -- Check for working C compiler: /usr/bin/cc -- works
[0.315s] -- Detecting C compiler ABI info
[0.369s] -- Detecting C compiler ABI info - done
[0.377s] -- Detecting C compile features
[0.377s] -- Detecting C compile features - done
[0.379s] -- Check for working CXX compiler: /usr/bin/c++
[0.438s] -- Check for working CXX compiler: /usr/bin/c++ -- works
[0.439s] -- Detecting CXX compiler ABI info
[0.503s] -- Detecting CXX compiler ABI info - done
[0.510s] -- Detecting CXX compile features
[0.511s] -- Detecting CXX compile features - done
[0.512s] -- Found ament_cmake: 1.1.6 (/opt/ros/galactic/share/ament_cmake/cmake)
[0.531s] -- Found PythonInterp: /usr/bin/python3 (found suitable version "3.8.10", minimum required is "3") 
[0.531s] -- Using PYTHON_EXECUTABLE: /usr/bin/python3
[0.600s] -- creating rules for /home/eeavir/tellocontrol/build/tello_description/urdf/tello.urdf
[0.600s] -- creating rules for /home/eeavir/tellocontrol/build/tello_description/urdf/tello_1.urdf
[0.600s] -- creating rules for /home/eeavir/tellocontrol/build/tello_description/urdf/tello_2.urdf
[0.600s] -- creating rules for /home/eeavir/tellocontrol/build/tello_description/urdf/tello_3.urdf
[0.600s] -- creating rules for /home/eeavir/tellocontrol/build/tello_description/urdf/tello_4.urdf
[0.600s] -- creating rules for /home/eeavir/tellocontrol/build/tello_description/urdf/tello_5.urdf
[0.601s] -- creating rules for /home/eeavir/tellocontrol/build/tello_description/urdf/tello_6.urdf
[0.601s] -- creating rules for /home/eeavir/tellocontrol/build/tello_description/urdf/tello_7.urdf
[0.601s] -- creating rules for /home/eeavir/tellocontrol/build/tello_description/urdf/tello_8.urdf
[0.643s] -- Configuring done
[0.648s] -- Generating done
[0.651s] -- Build files have been written to: /home/eeavir/tellocontrol/build/tello_description
[0.655s] Invoked command in '/home/eeavir/tellocontrol/build/tello_description' returned '0': CMAKE_PREFIX_PATH=${CMAKE_PREFIX_PATH}:/home/eeavir/tellocontrol/install/own_package:/opt/ros/galactic /usr/bin/cmake /home/eeavir/tellocontrol/src/drone_racing_ros2/tello_ros/tello_description -DCMAKE_INSTALL_PREFIX=/home/eeavir/tellocontrol/install/tello_description
[0.657s] Invoking command in '/home/eeavir/tellocontrol/build/tello_description': CMAKE_PREFIX_PATH=${CMAKE_PREFIX_PATH}:/home/eeavir/tellocontrol/install/own_package:/opt/ros/galactic /usr/bin/cmake --build /home/eeavir/tellocontrol/build/tello_description -- -j8 -l8
[0.689s] [35m[1mScanning dependencies of target generate_urdf_6[0m
[0.689s] [35m[1mScanning dependencies of target generate_urdf_8[0m
[0.689s] [35m[1mScanning dependencies of target generate_urdf_4[0m
[0.689s] [35m[1mScanning dependencies of target generate_urdf[0m
[0.690s] [35m[1mScanning dependencies of target generate_urdf_7[0m
[0.692s] [35m[1mScanning dependencies of target generate_urdf_1[0m
[0.696s] [35m[1mScanning dependencies of target generate_urdf_3[0m
[0.700s] [35m[1mScanning dependencies of target generate_urdf_5[0m
[0.700s] [ 11%] [34m[1mGenerate /home/eeavir/tellocontrol/build/tello_description/urdf/tello_6.urdf[0m
[0.703s] [ 22%] [34m[1mGenerate /home/eeavir/tellocontrol/build/tello_description/urdf/tello_4.urdf[0m
[0.704s] [ 33%] [34m[1mGenerate /home/eeavir/tellocontrol/build/tello_description/urdf/tello_1.urdf[0m
[0.708s] [ 44%] [34m[1mGenerate /home/eeavir/tellocontrol/build/tello_description/urdf/tello_3.urdf[0m
[0.708s] [ 55%] [34m[1mGenerate /home/eeavir/tellocontrol/build/tello_description/urdf/tello_8.urdf[0m
[0.711s] [ 66%] [34m[1mGenerate /home/eeavir/tellocontrol/build/tello_description/urdf/tello_7.urdf[0m
[0.712s] [ 77%] [34m[1mGenerate /home/eeavir/tellocontrol/build/tello_description/urdf/tello.urdf[0m
[0.721s] [ 88%] [34m[1mGenerate /home/eeavir/tellocontrol/build/tello_description/urdf/tello_5.urdf[0m
[0.748s] [ 88%] Built target generate_urdf_1
[0.749s] [ 88%] Built target generate_urdf_4
[0.751s] [ 88%] Built target generate_urdf_3
[0.754s] [ 88%] Built target generate_urdf_7
[0.759s] [ 88%] Built target generate_urdf_6
[0.763s] [ 88%] Built target generate_urdf
[0.763s] [35m[1mScanning dependencies of target generate_urdf_2[0m
[0.769s] [ 88%] Built target generate_urdf_8
[0.772s] [100%] [34m[1mGenerate /home/eeavir/tellocontrol/build/tello_description/urdf/tello_2.urdf[0m
[0.779s] [100%] Built target generate_urdf_5
[0.797s] [100%] Built target generate_urdf_2
[0.806s] Invoked command in '/home/eeavir/tellocontrol/build/tello_description' returned '0': CMAKE_PREFIX_PATH=${CMAKE_PREFIX_PATH}:/home/eeavir/tellocontrol/install/own_package:/opt/ros/galactic /usr/bin/cmake --build /home/eeavir/tellocontrol/build/tello_description -- -j8 -l8
[0.808s] Invoking command in '/home/eeavir/tellocontrol/build/tello_description': CMAKE_PREFIX_PATH=${CMAKE_PREFIX_PATH}:/home/eeavir/tellocontrol/install/own_package:/opt/ros/galactic /usr/bin/cmake --install /home/eeavir/tellocontrol/build/tello_description
[0.815s] -- Install configuration: ""
[0.815s] -- Installing: /home/eeavir/tellocontrol/install/tello_description/share/tello_description/urdf
[0.815s] -- Installing: /home/eeavir/tellocontrol/install/tello_description/share/tello_description/urdf/tello_8.urdf
[0.815s] -- Installing: /home/eeavir/tellocontrol/install/tello_description/share/tello_description/urdf/tello.urdf
[0.815s] -- Installing: /home/eeavir/tellocontrol/install/tello_description/share/tello_description/urdf/tello_4.urdf
[0.815s] -- Installing: /home/eeavir/tellocontrol/install/tello_description/share/tello_description/urdf/tello_3.urdf
[0.815s] -- Installing: /home/eeavir/tellocontrol/install/tello_description/share/tello_description/urdf/tello_1.urdf
[0.815s] -- Installing: /home/eeavir/tellocontrol/install/tello_description/share/tello_description/urdf/tello_7.urdf
[0.815s] -- Installing: /home/eeavir/tellocontrol/install/tello_description/share/tello_description/urdf/tello_2.urdf
[0.815s] -- Installing: /home/eeavir/tellocontrol/install/tello_description/share/tello_description/urdf/tello_6.urdf
[0.815s] -- Installing: /home/eeavir/tellocontrol/install/tello_description/share/tello_description/urdf/tello_5.urdf
[0.815s] -- Installing: /home/eeavir/tellocontrol/install/tello_description/share/ament_index/resource_index/package_run_dependencies/tello_description
[0.815s] -- Installing: /home/eeavir/tellocontrol/install/tello_description/share/ament_index/resource_index/parent_prefix_path/tello_description
[0.816s] -- Installing: /home/eeavir/tellocontrol/install/tello_description/share/tello_description/environment/ament_prefix_path.sh
[0.816s] -- Installing: /home/eeavir/tellocontrol/install/tello_description/share/tello_description/environment/ament_prefix_path.dsv
[0.816s] -- Installing: /home/eeavir/tellocontrol/install/tello_description/share/tello_description/environment/path.sh
[0.816s] -- Installing: /home/eeavir/tellocontrol/install/tello_description/share/tello_description/environment/path.dsv
[0.816s] -- Installing: /home/eeavir/tellocontrol/install/tello_description/share/tello_description/local_setup.bash
[0.816s] -- Installing: /home/eeavir/tellocontrol/install/tello_description/share/tello_description/local_setup.sh
[0.816s] -- Installing: /home/eeavir/tellocontrol/install/tello_description/share/tello_description/local_setup.zsh
[0.816s] -- Installing: /home/eeavir/tellocontrol/install/tello_description/share/tello_description/local_setup.dsv
[0.816s] -- Installing: /home/eeavir/tellocontrol/install/tello_description/share/tello_description/package.dsv
[0.816s] -- Installing: /home/eeavir/tellocontrol/install/tello_description/share/ament_index/resource_index/packages/tello_description
[0.816s] -- Installing: /home/eeavir/tellocontrol/install/tello_description/share/tello_description/cmake/tello_descriptionConfig.cmake
[0.816s] -- Installing: /home/eeavir/tellocontrol/install/tello_description/share/tello_description/cmake/tello_descriptionConfig-version.cmake
[0.816s] -- Installing: /home/eeavir/tellocontrol/install/tello_description/share/tello_description/package.xml
[0.818s] Invoked command in '/home/eeavir/tellocontrol/build/tello_description' returned '0': CMAKE_PREFIX_PATH=${CMAKE_PREFIX_PATH}:/home/eeavir/tellocontrol/install/own_package:/opt/ros/galactic /usr/bin/cmake --install /home/eeavir/tellocontrol/build/tello_description
