-- Found ament_cmake: 1.1.6 (/opt/ros/galactic/share/ament_cmake/cmake)
-- Using PYTHON_EXECUTABLE: /usr/bin/python3
-- creating rules for /home/eeavir/tellocontrol/build/tello_description/urdf/tello.urdf
-- creating rules for /home/eeavir/tellocontrol/build/tello_description/urdf/tello_1.urdf
-- creating rules for /home/eeavir/tellocontrol/build/tello_description/urdf/tello_2.urdf
-- creating rules for /home/eeavir/tellocontrol/build/tello_description/urdf/tello_3.urdf
-- creating rules for /home/eeavir/tellocontrol/build/tello_description/urdf/tello_4.urdf
-- creating rules for /home/eeavir/tellocontrol/build/tello_description/urdf/tello_5.urdf
-- creating rules for /home/eeavir/tellocontrol/build/tello_description/urdf/tello_6.urdf
-- creating rules for /home/eeavir/tellocontrol/build/tello_description/urdf/tello_7.urdf
-- creating rules for /home/eeavir/tellocontrol/build/tello_description/urdf/tello_8.urdf
-- Configuring done
-- Generating done
-- Build files have been written to: /home/eeavir/tellocontrol/build/tello_description
[ 11%] [34m[1mGenerate /home/eeavir/tellocontrol/build/tello_description/urdf/tello_6.urdf[0m
[ 22%] [34m[1mGenerate /home/eeavir/tellocontrol/build/tello_description/urdf/tello_8.urdf[0m
[ 33%] [34m[1mGenerate /home/eeavir/tellocontrol/build/tello_description/urdf/tello.urdf[0m
[ 44%] [34m[1mGenerate /home/eeavir/tellocontrol/build/tello_description/urdf/tello_4.urdf[0m
[ 55%] [34m[1mGenerate /home/eeavir/tellocontrol/build/tello_description/urdf/tello_1.urdf[0m
[ 66%] [34m[1mGenerate /home/eeavir/tellocontrol/build/tello_description/urdf/tello_7.urdf[0m
[ 77%] [34m[1mGenerate /home/eeavir/tellocontrol/build/tello_description/urdf/tello_3.urdf[0m
[ 88%] [34m[1mGenerate /home/eeavir/tellocontrol/build/tello_description/urdf/tello_5.urdf[0m
[ 88%] Built target generate_urdf
[ 88%] Built target generate_urdf_4
[ 88%] Built target generate_urdf_1
[ 88%] Built target generate_urdf_8
[ 88%] Built target generate_urdf_6
[ 88%] Built target generate_urdf_7
[ 88%] Built target generate_urdf_5
[100%] [34m[1mGenerate /home/eeavir/tellocontrol/build/tello_description/urdf/tello_2.urdf[0m
[100%] Built target generate_urdf_3
[100%] Built target generate_urdf_2
-- Install configuration: ""
-- Up-to-date: /home/eeavir/tellocontrol/install/tello_description/share/tello_description/urdf
-- Installing: /home/eeavir/tellocontrol/install/tello_description/share/tello_description/urdf/tello_8.urdf
-- Installing: /home/eeavir/tellocontrol/install/tello_description/share/tello_description/urdf/tello.urdf
-- Installing: /home/eeavir/tellocontrol/install/tello_description/share/tello_description/urdf/tello_4.urdf
-- Installing: /home/eeavir/tellocontrol/install/tello_description/share/tello_description/urdf/tello_3.urdf
-- Installing: /home/eeavir/tellocontrol/install/tello_description/share/tello_description/urdf/tello_1.urdf
-- Installing: /home/eeavir/tellocontrol/install/tello_description/share/tello_description/urdf/tello_7.urdf
-- Installing: /home/eeavir/tellocontrol/install/tello_description/share/tello_description/urdf/tello_2.urdf
-- Installing: /home/eeavir/tellocontrol/install/tello_description/share/tello_description/urdf/tello_6.urdf
-- Installing: /home/eeavir/tellocontrol/install/tello_description/share/tello_description/urdf/tello_5.urdf
-- Up-to-date: /home/eeavir/tellocontrol/install/tello_description/share/ament_index/resource_index/package_run_dependencies/tello_description
-- Up-to-date: /home/eeavir/tellocontrol/install/tello_description/share/ament_index/resource_index/parent_prefix_path/tello_description
-- Up-to-date: /home/eeavir/tellocontrol/install/tello_description/share/tello_description/environment/ament_prefix_path.sh
-- Installing: /home/eeavir/tellocontrol/install/tello_description/share/tello_description/environment/ament_prefix_path.dsv
-- Up-to-date: /home/eeavir/tellocontrol/install/tello_description/share/tello_description/environment/path.sh
-- Installing: /home/eeavir/tellocontrol/install/tello_description/share/tello_description/environment/path.dsv
-- Up-to-date: /home/eeavir/tellocontrol/install/tello_description/share/tello_description/local_setup.bash
-- Up-to-date: /home/eeavir/tellocontrol/install/tello_description/share/tello_description/local_setup.sh
-- Up-to-date: /home/eeavir/tellocontrol/install/tello_description/share/tello_description/local_setup.zsh
-- Installing: /home/eeavir/tellocontrol/install/tello_description/share/tello_description/local_setup.dsv
-- Installing: /home/eeavir/tellocontrol/install/tello_description/share/tello_description/package.dsv
-- Up-to-date: /home/eeavir/tellocontrol/install/tello_description/share/ament_index/resource_index/packages/tello_description
-- Up-to-date: /home/eeavir/tellocontrol/install/tello_description/share/tello_description/cmake/tello_descriptionConfig.cmake
-- Up-to-date: /home/eeavir/tellocontrol/install/tello_description/share/tello_description/cmake/tello_descriptionConfig-version.cmake
-- Installing: /home/eeavir/tellocontrol/install/tello_description/share/tello_description/package.xml
