[0.185s] Invoking command in '/home/eeavir/tellocontrol/build/tello_description': CMAKE_PREFIX_PATH=${CMAKE_PREFIX_PATH}:/home/eeavir/tellocontrol/install/own_package:/opt/ros/galactic /usr/bin/cmake --build /home/eeavir/tellocontrol/build/tello_description -- -j8 -l8
[0.208s] -- Found ament_cmake: 1.1.6 (/opt/ros/galactic/share/ament_cmake/cmake)
[0.231s] -- Using PYTHON_EXECUTABLE: /usr/bin/python3
[0.279s] -- creating rules for /home/eeavir/tellocontrol/build/tello_description/urdf/tello.urdf
[0.279s] -- creating rules for /home/eeavir/tellocontrol/build/tello_description/urdf/tello_1.urdf
[0.280s] -- creating rules for /home/eeavir/tellocontrol/build/tello_description/urdf/tello_2.urdf
[0.280s] -- creating rules for /home/eeavir/tellocontrol/build/tello_description/urdf/tello_3.urdf
[0.280s] -- creating rules for /home/eeavir/tellocontrol/build/tello_description/urdf/tello_4.urdf
[0.280s] -- creating rules for /home/eeavir/tellocontrol/build/tello_description/urdf/tello_5.urdf
[0.280s] -- creating rules for /home/eeavir/tellocontrol/build/tello_description/urdf/tello_6.urdf
[0.280s] -- creating rules for /home/eeavir/tellocontrol/build/tello_description/urdf/tello_7.urdf
[0.280s] -- creating rules for /home/eeavir/tellocontrol/build/tello_description/urdf/tello_8.urdf
[0.325s] -- Configuring done
[0.328s] -- Generating done
[0.330s] -- Build files have been written to: /home/eeavir/tellocontrol/build/tello_description
[0.362s] [ 11%] [34m[1mGenerate /home/eeavir/tellocontrol/build/tello_description/urdf/tello_6.urdf[0m
[0.363s] [ 22%] [34m[1mGenerate /home/eeavir/tellocontrol/build/tello_description/urdf/tello_8.urdf[0m
[0.363s] [ 33%] [34m[1mGenerate /home/eeavir/tellocontrol/build/tello_description/urdf/tello.urdf[0m
[0.367s] [ 44%] [34m[1mGenerate /home/eeavir/tellocontrol/build/tello_description/urdf/tello_4.urdf[0m
[0.372s] [ 55%] [34m[1mGenerate /home/eeavir/tellocontrol/build/tello_description/urdf/tello_1.urdf[0m
[0.373s] [ 66%] [34m[1mGenerate /home/eeavir/tellocontrol/build/tello_description/urdf/tello_7.urdf[0m
[0.380s] [ 77%] [34m[1mGenerate /home/eeavir/tellocontrol/build/tello_description/urdf/tello_3.urdf[0m
[0.386s] [ 88%] [34m[1mGenerate /home/eeavir/tellocontrol/build/tello_description/urdf/tello_5.urdf[0m
[0.413s] [ 88%] Built target generate_urdf
[0.420s] [ 88%] Built target generate_urdf_4
[0.430s] [ 88%] Built target generate_urdf_1
[0.432s] [ 88%] Built target generate_urdf_8
[0.436s] [ 88%] Built target generate_urdf_6
[0.440s] [ 88%] Built target generate_urdf_7
[0.448s] [ 88%] Built target generate_urdf_5
[0.449s] [100%] [34m[1mGenerate /home/eeavir/tellocontrol/build/tello_description/urdf/tello_2.urdf[0m
[0.457s] [100%] Built target generate_urdf_3
[0.489s] [100%] Built target generate_urdf_2
[0.501s] Invoked command in '/home/eeavir/tellocontrol/build/tello_description' returned '0': CMAKE_PREFIX_PATH=${CMAKE_PREFIX_PATH}:/home/eeavir/tellocontrol/install/own_package:/opt/ros/galactic /usr/bin/cmake --build /home/eeavir/tellocontrol/build/tello_description -- -j8 -l8
[0.503s] Invoking command in '/home/eeavir/tellocontrol/build/tello_description': CMAKE_PREFIX_PATH=${CMAKE_PREFIX_PATH}:/home/eeavir/tellocontrol/install/own_package:/opt/ros/galactic /usr/bin/cmake --install /home/eeavir/tellocontrol/build/tello_description
[0.512s] -- Install configuration: ""
[0.512s] -- Up-to-date: /home/eeavir/tellocontrol/install/tello_description/share/tello_description/urdf
[0.512s] -- Installing: /home/eeavir/tellocontrol/install/tello_description/share/tello_description/urdf/tello_8.urdf
[0.512s] -- Installing: /home/eeavir/tellocontrol/install/tello_description/share/tello_description/urdf/tello.urdf
[0.512s] -- Installing: /home/eeavir/tellocontrol/install/tello_description/share/tello_description/urdf/tello_4.urdf
[0.512s] -- Installing: /home/eeavir/tellocontrol/install/tello_description/share/tello_description/urdf/tello_3.urdf
[0.512s] -- Installing: /home/eeavir/tellocontrol/install/tello_description/share/tello_description/urdf/tello_1.urdf
[0.512s] -- Installing: /home/eeavir/tellocontrol/install/tello_description/share/tello_description/urdf/tello_7.urdf
[0.512s] -- Installing: /home/eeavir/tellocontrol/install/tello_description/share/tello_description/urdf/tello_2.urdf
[0.513s] -- Installing: /home/eeavir/tellocontrol/install/tello_description/share/tello_description/urdf/tello_6.urdf
[0.513s] -- Installing: /home/eeavir/tellocontrol/install/tello_description/share/tello_description/urdf/tello_5.urdf
[0.513s] -- Up-to-date: /home/eeavir/tellocontrol/install/tello_description/share/ament_index/resource_index/package_run_dependencies/tello_description
[0.513s] -- Up-to-date: /home/eeavir/tellocontrol/install/tello_description/share/ament_index/resource_index/parent_prefix_path/tello_description
[0.513s] -- Up-to-date: /home/eeavir/tellocontrol/install/tello_description/share/tello_description/environment/ament_prefix_path.sh
[0.513s] -- Installing: /home/eeavir/tellocontrol/install/tello_description/share/tello_description/environment/ament_prefix_path.dsv
[0.513s] -- Up-to-date: /home/eeavir/tellocontrol/install/tello_description/share/tello_description/environment/path.sh
[0.513s] -- Installing: /home/eeavir/tellocontrol/install/tello_description/share/tello_description/environment/path.dsv
[0.513s] -- Up-to-date: /home/eeavir/tellocontrol/install/tello_description/share/tello_description/local_setup.bash
[0.514s] -- Up-to-date: /home/eeavir/tellocontrol/install/tello_description/share/tello_description/local_setup.sh
[0.514s] -- Up-to-date: /home/eeavir/tellocontrol/install/tello_description/share/tello_description/local_setup.zsh
[0.514s] -- Installing: /home/eeavir/tellocontrol/install/tello_description/share/tello_description/local_setup.dsv
[0.514s] -- Installing: /home/eeavir/tellocontrol/install/tello_description/share/tello_description/package.dsv
[0.514s] -- Up-to-date: /home/eeavir/tellocontrol/install/tello_description/share/ament_index/resource_index/packages/tello_description
[0.514s] -- Up-to-date: /home/eeavir/tellocontrol/install/tello_description/share/tello_description/cmake/tello_descriptionConfig.cmake
[0.514s] -- Up-to-date: /home/eeavir/tellocontrol/install/tello_description/share/tello_description/cmake/tello_descriptionConfig-version.cmake
[0.514s] -- Installing: /home/eeavir/tellocontrol/install/tello_description/share/tello_description/package.xml
[0.516s] Invoked command in '/home/eeavir/tellocontrol/build/tello_description' returned '0': CMAKE_PREFIX_PATH=${CMAKE_PREFIX_PATH}:/home/eeavir/tellocontrol/install/own_package:/opt/ros/galactic /usr/bin/cmake --install /home/eeavir/tellocontrol/build/tello_description
