[0.279s] Invoking command in '/home/eeavir/drone_ws/build/tello_description': CMAKE_PREFIX_PATH=${CMAKE_PREFIX_PATH}:/home/eeavir/drone_ws/install/own_package:/home/eeavir/drone_ws/install/drone_image_viewer:/opt/ros/galactic /usr/bin/cmake --build /home/eeavir/drone_ws/build/tello_description -- -j8 -l8
[0.363s] [ 11%] Built target generate_urdf_6
[0.367s] [ 22%] Built target generate_urdf_3
[0.367s] [ 33%] Built target generate_urdf_1
[0.369s] [ 44%] Built target generate_urdf
[0.375s] [ 55%] Built target generate_urdf_5
[0.375s] [ 66%] Built target generate_urdf_8
[0.380s] [ 77%] Built target generate_urdf_4
[0.383s] [ 88%] Built target generate_urdf_7
[0.397s] [100%] Built target generate_urdf_2
[0.452s] Invoked command in '/home/eeavir/drone_ws/build/tello_description' returned '0': CMAKE_PREFIX_PATH=${CMAKE_PREFIX_PATH}:/home/eeavir/drone_ws/install/own_package:/home/eeavir/drone_ws/install/drone_image_viewer:/opt/ros/galactic /usr/bin/cmake --build /home/eeavir/drone_ws/build/tello_description -- -j8 -l8
[0.457s] Invoking command in '/home/eeavir/drone_ws/build/tello_description': CMAKE_PREFIX_PATH=${CMAKE_PREFIX_PATH}:/home/eeavir/drone_ws/install/own_package:/home/eeavir/drone_ws/install/drone_image_viewer:/opt/ros/galactic /usr/bin/cmake --install /home/eeavir/drone_ws/build/tello_description
[0.469s] -- Install configuration: ""
[0.469s] -- Up-to-date: /home/eeavir/drone_ws/install/tello_description/share/tello_description/urdf
[0.470s] -- Up-to-date: /home/eeavir/drone_ws/install/tello_description/share/tello_description/urdf/tello_8.urdf
[0.470s] -- Up-to-date: /home/eeavir/drone_ws/install/tello_description/share/tello_description/urdf/tello.urdf
[0.470s] -- Up-to-date: /home/eeavir/drone_ws/install/tello_description/share/tello_description/urdf/tello_4.urdf
[0.470s] -- Up-to-date: /home/eeavir/drone_ws/install/tello_description/share/tello_description/urdf/tello_3.urdf
[0.470s] -- Up-to-date: /home/eeavir/drone_ws/install/tello_description/share/tello_description/urdf/tello_1.urdf
[0.470s] -- Up-to-date: /home/eeavir/drone_ws/install/tello_description/share/tello_description/urdf/tello_7.urdf
[0.472s] -- Up-to-date: /home/eeavir/drone_ws/install/tello_description/share/tello_description/urdf/tello_2.urdf
[0.472s] -- Up-to-date: /home/eeavir/drone_ws/install/tello_description/share/tello_description/urdf/tello_6.urdf
[0.473s] -- Up-to-date: /home/eeavir/drone_ws/install/tello_description/share/tello_description/urdf/tello_5.urdf
[0.473s] -- Up-to-date: /home/eeavir/drone_ws/install/tello_description/share/ament_index/resource_index/package_run_dependencies/tello_description
[0.473s] -- Up-to-date: /home/eeavir/drone_ws/install/tello_description/share/ament_index/resource_index/parent_prefix_path/tello_description
[0.473s] -- Up-to-date: /home/eeavir/drone_ws/install/tello_description/share/tello_description/environment/ament_prefix_path.sh
[0.473s] -- Up-to-date: /home/eeavir/drone_ws/install/tello_description/share/tello_description/environment/ament_prefix_path.dsv
[0.473s] -- Up-to-date: /home/eeavir/drone_ws/install/tello_description/share/tello_description/environment/path.sh
[0.473s] -- Up-to-date: /home/eeavir/drone_ws/install/tello_description/share/tello_description/environment/path.dsv
[0.473s] -- Up-to-date: /home/eeavir/drone_ws/install/tello_description/share/tello_description/local_setup.bash
[0.473s] -- Up-to-date: /home/eeavir/drone_ws/install/tello_description/share/tello_description/local_setup.sh
[0.473s] -- Up-to-date: /home/eeavir/drone_ws/install/tello_description/share/tello_description/local_setup.zsh
[0.473s] -- Up-to-date: /home/eeavir/drone_ws/install/tello_description/share/tello_description/local_setup.dsv
[0.473s] -- Installing: /home/eeavir/drone_ws/install/tello_description/share/tello_description/package.dsv
[0.473s] -- Up-to-date: /home/eeavir/drone_ws/install/tello_description/share/ament_index/resource_index/packages/tello_description
[0.473s] -- Up-to-date: /home/eeavir/drone_ws/install/tello_description/share/tello_description/cmake/tello_descriptionConfig.cmake
[0.473s] -- Up-to-date: /home/eeavir/drone_ws/install/tello_description/share/tello_description/cmake/tello_descriptionConfig-version.cmake
[0.474s] -- Up-to-date: /home/eeavir/drone_ws/install/tello_description/share/tello_description/package.xml
[0.477s] Invoked command in '/home/eeavir/drone_ws/build/tello_description' returned '0': CMAKE_PREFIX_PATH=${CMAKE_PREFIX_PATH}:/home/eeavir/drone_ws/install/own_package:/home/eeavir/drone_ws/install/drone_image_viewer:/opt/ros/galactic /usr/bin/cmake --install /home/eeavir/drone_ws/build/tello_description
