[0.018s] Invoking command in '/home/eeavir/drone_ws/build/tello_gazebo': CMAKE_PREFIX_PATH=/home/eeavir/drone_ws/install/tello_msgs:/home/eeavir/drone_ws/install/tello_gazebo:/home/eeavir/drone_ws/install/tello_driver:/home/eeavir/drone_ws/install/tello_description:/home/eeavir/drone_ws/install/ros2_shared:/home/eeavir/drone_ws/install/drone_image_viewer:/opt/ros/galactic LD_LIBRARY_PATH=/home/eeavir/drone_ws/install/tello_msgs/lib:/home/eeavir/drone_ws/install/tello_gazebo/lib:/home/eeavir/drone_ws/install/tello_driver/lib:/usr/lib/x86_64-linux-gnu/gazebo-11/plugins:/opt/ros/galactic/opt/yaml_cpp_vendor/lib:/opt/ros/galactic/opt/rviz_ogre_vendor/lib:/opt/ros/galactic/lib/x86_64-linux-gnu:/opt/ros/galactic/lib:/usr/lib/x86_64-linux-gnu/gazebo-11/plugins PYTHONPATH=/home/eeavir/drone_ws/install/tello_msgs/lib/python3.8/site-packages:/home/eeavir/drone_ws/install/drone_image_viewer/lib/python3.8/site-packages:/opt/ros/galactic/lib/python3.8/site-packages /usr/bin/cmake /home/eeavir/drone_ws/src/drone_racing_ros2/tello_ros/tello_gazebo -DCMAKE_INSTALL_PREFIX=/home/eeavir/drone_ws/install/tello_gazebo
[0.076s] -- The C compiler identification is GNU 9.4.0
[0.139s] -- The CXX compiler identification is GNU 9.4.0
[0.143s] -- Check for working C compiler: /usr/bin/cc
[0.208s] -- Check for working C compiler: /usr/bin/cc -- works
[0.209s] -- Detecting C compiler ABI info
[0.282s] -- Detecting C compiler ABI info - done
[0.296s] -- Detecting C compile features
[0.297s] -- Detecting C compile features - done
[0.299s] -- Check for working CXX compiler: /usr/bin/c++
[0.376s] -- Check for working CXX compiler: /usr/bin/c++ -- works
[0.377s] -- Detecting CXX compiler ABI info
[0.453s] -- Detecting CXX compiler ABI info - done
[0.464s] -- Detecting CXX compile features
[0.464s] -- Detecting CXX compile features - done
[0.466s] -- Found ament_cmake: 1.1.6 (/opt/ros/galactic/share/ament_cmake/cmake)
[0.497s] -- Found PythonInterp: /usr/bin/python3 (found suitable version "3.8.10", minimum required is "3") 
[0.497s] -- Using PYTHON_EXECUTABLE: /usr/bin/python3
[0.577s] -- Found PkgConfig: /usr/bin/pkg-config (found version "0.29.1") 
[0.581s] -- Checking for module 'bullet>=2.82'
[0.601s] --   Found bullet, version 2.88
[0.728s] -- Found ccd: /usr/include (found suitable version "2.0", minimum required is "2.0") 
[0.786s] -- Found fcl: /usr/include (found suitable version "0.5.0", minimum required is "0.3.2") 
[0.848s] -- Found assimp: /usr/include (found version "5.0.0") 
[0.865s] -- Found DART: /usr/include (Required is at least version "6.6") found components: dart 
[1.173s] -- Found Boost: /usr/lib/x86_64-linux-gnu/cmake/Boost-1.71.0/BoostConfig.cmake (found suitable version "1.71.0", minimum required is "1.40.0") found components: thread system filesystem program_options regex iostreams date_time 
[1.197s] -- Found Protobuf: /usr/lib/x86_64-linux-gnu/libprotobuf.so;-lpthread (found version "3.6.1") 
[1.201s] -- Looking for ignition-math6 -- found version 6.15.1
[1.206s] -- Searching for dependencies of ignition-math6
[1.208s] -- Looking for OGRE...
[1.208s] -- OGRE_PREFIX_WATCH changed.
[1.213s] -- Checking for module 'OGRE'
[1.224s] --   Found OGRE, version 1.9.0
[1.266s] -- Found Ogre Ghadamon (1.9.0)
[1.280s] -- Found OGRE: optimized;/usr/lib/x86_64-linux-gnu/libOgreMain.so;debug;/usr/lib/x86_64-linux-gnu/libOgreMain.so
[1.289s] -- Looking for OGRE_Paging...
[1.294s] -- Found OGRE_Paging: optimized;/usr/lib/x86_64-linux-gnu/libOgrePaging.so;debug;/usr/lib/x86_64-linux-gnu/libOgrePaging.so
[1.294s] -- Looking for OGRE_Terrain...
[1.298s] -- Found OGRE_Terrain: optimized;/usr/lib/x86_64-linux-gnu/libOgreTerrain.so;debug;/usr/lib/x86_64-linux-gnu/libOgreTerrain.so
[1.298s] -- Looking for OGRE_Property...
[1.303s] -- Found OGRE_Property: optimized;/usr/lib/x86_64-linux-gnu/libOgreProperty.so;debug;/usr/lib/x86_64-linux-gnu/libOgreProperty.so
[1.303s] -- Looking for OGRE_RTShaderSystem...
[1.317s] -- Found OGRE_RTShaderSystem: optimized;/usr/lib/x86_64-linux-gnu/libOgreRTShaderSystem.so;debug;/usr/lib/x86_64-linux-gnu/libOgreRTShaderSystem.so
[1.317s] -- Looking for OGRE_Volume...
[1.322s] -- Found OGRE_Volume: optimized;/usr/lib/x86_64-linux-gnu/libOgreVolume.so;debug;/usr/lib/x86_64-linux-gnu/libOgreVolume.so
[1.322s] -- Looking for OGRE_Overlay...
[1.326s] -- Found OGRE_Overlay: optimized;/usr/lib/x86_64-linux-gnu/libOgreOverlay.so;debug;/usr/lib/x86_64-linux-gnu/libOgreOverlay.so
[1.479s] -- Looking for ignition-math6 -- found version 6.15.1
[1.481s] -- Looking for ignition-transport8 -- found version 8.3.0
[1.481s] -- Searching for dependencies of ignition-transport8
[1.498s] -- Found Protobuf: /usr/lib/x86_64-linux-gnu/libprotobuf.so;-lpthread (found suitable version "3.6.1", minimum required is "3") 
[1.509s] -- Config-file not installed for ZeroMQ -- checking for pkg-config
[1.515s] -- Checking for module 'libzmq >= 4'
[1.528s] --   Found libzmq , version 4.3.2
[1.570s] -- Found ZeroMQ: TRUE (Required is at least version "4") 
[1.576s] -- Checking for module 'uuid'
[1.596s] --   Found uuid, version 2.34.0
[1.638s] -- Found UUID: TRUE  
[1.639s] -- Looking for ignition-msgs5 -- found version 5.10.0
[1.640s] -- Searching for dependencies of ignition-msgs5
[1.657s] -- Looking for ignition-math6 -- found version 6.15.1
[1.661s] -- Checking for module 'tinyxml2'
[1.681s] --   Found tinyxml2, version 6.2.0
[1.728s] -- Looking for ignition-msgs5 -- found version 5.10.0
[1.729s] -- Looking for ignition-common3 -- found version 3.14.2
[1.730s] -- Searching for dependencies of ignition-common3
[1.730s] -- Looking for dlfcn.h - found
[1.731s] -- Looking for libdl - found
[1.733s] -- Found DL: TRUE  
[1.744s] -- Searching for <ignition-common3> component [graphics]
[1.746s] -- Looking for ignition-common3-graphics -- found version 3.14.2
[1.747s] -- Searching for dependencies of ignition-common3-graphics
[1.747s] -- Looking for ignition-math6 -- found version 6.15.1
[1.750s] -- Looking for ignition-fuel_tools4 -- found version 4.6.0
[1.751s] -- Searching for dependencies of ignition-fuel_tools4
[1.838s] -- Found CURL: /usr/lib/x86_64-linux-gnu/libcurl.so (found version "7.68.0")  
[1.844s] -- Checking for module 'jsoncpp'
[1.862s] --   Found jsoncpp, version 1.7.4
[1.941s] -- Found JSONCPP: TRUE  
[1.950s] -- Checking for module 'libzip'
[1.976s] --   Found libzip, version 1.5.1
[2.195s] -- Found ZIP: TRUE  
[2.196s] -- Looking for ignition-common3 -- found version 3.14.2
[2.197s] -- Looking for ignition-math6 -- found version 6.15.1
[2.197s] -- Looking for ignition-msgs5 -- found version 5.10.0
[2.201s] -- Found gazebo_dev: 3.5.2 (/opt/ros/galactic/share/gazebo_dev/cmake)
[2.201s] -- Gazebo version: 11.11
[2.205s] -- Found gazebo_ros: 3.5.2 (/opt/ros/galactic/share/gazebo_ros/cmake)
[2.340s] -- Using all available rosidl_typesupport_c: rosidl_typesupport_fastrtps_c;rosidl_typesupport_introspection_c
[2.358s] -- Found rosidl_adapter: 2.2.3 (/opt/ros/galactic/share/rosidl_adapter/cmake)
[2.759s] -- Found OpenSSL: /usr/lib/x86_64-linux-gnu/libcrypto.so (found version "1.1.1f")  
[2.846s] -- Found FastRTPS: /opt/ros/galactic/include  
[3.102s] -- Using all available rosidl_typesupport_cpp: rosidl_typesupport_fastrtps_cpp;rosidl_typesupport_introspection_cpp
[3.228s] -- Found rmw_implementation_cmake: 3.3.1 (/opt/ros/galactic/share/rmw_implementation_cmake/cmake)
[3.240s] -- Found rmw_cyclonedds_cpp: 0.22.6 (/opt/ros/galactic/share/rmw_cyclonedds_cpp/cmake)
[3.286s] -- Using RMW implementation 'rmw_cyclonedds_cpp' as default
[3.289s] -- Found Threads: TRUE  
[3.683s] -- Found geometry_msgs: 2.2.4 (/opt/ros/galactic/share/geometry_msgs/cmake)
[3.780s] -- Found sensor_msgs: 2.2.4 (/opt/ros/galactic/share/sensor_msgs/cmake)
[3.975s] -- Found tello_msgs: 0.1.0 (/home/eeavir/drone_ws/install/tello_msgs/share/tello_msgs/cmake)
[4.158s] -- Configuring done
[4.226s] -- Generating done
[4.244s] -- Build files have been written to: /home/eeavir/drone_ws/build/tello_gazebo
[4.299s] Invoked command in '/home/eeavir/drone_ws/build/tello_gazebo' returned '0': CMAKE_PREFIX_PATH=/home/eeavir/drone_ws/install/tello_msgs:/home/eeavir/drone_ws/install/tello_gazebo:/home/eeavir/drone_ws/install/tello_driver:/home/eeavir/drone_ws/install/tello_description:/home/eeavir/drone_ws/install/ros2_shared:/home/eeavir/drone_ws/install/drone_image_viewer:/opt/ros/galactic LD_LIBRARY_PATH=/home/eeavir/drone_ws/install/tello_msgs/lib:/home/eeavir/drone_ws/install/tello_gazebo/lib:/home/eeavir/drone_ws/install/tello_driver/lib:/usr/lib/x86_64-linux-gnu/gazebo-11/plugins:/opt/ros/galactic/opt/yaml_cpp_vendor/lib:/opt/ros/galactic/opt/rviz_ogre_vendor/lib:/opt/ros/galactic/lib/x86_64-linux-gnu:/opt/ros/galactic/lib:/usr/lib/x86_64-linux-gnu/gazebo-11/plugins PYTHONPATH=/home/eeavir/drone_ws/install/tello_msgs/lib/python3.8/site-packages:/home/eeavir/drone_ws/install/drone_image_viewer/lib/python3.8/site-packages:/opt/ros/galactic/lib/python3.8/site-packages /usr/bin/cmake /home/eeavir/drone_ws/src/drone_racing_ros2/tello_ros/tello_gazebo -DCMAKE_INSTALL_PREFIX=/home/eeavir/drone_ws/install/tello_gazebo
[4.300s] Invoking command in '/home/eeavir/drone_ws/build/tello_gazebo': CMAKE_PREFIX_PATH=/home/eeavir/drone_ws/install/tello_msgs:/home/eeavir/drone_ws/install/tello_gazebo:/home/eeavir/drone_ws/install/tello_driver:/home/eeavir/drone_ws/install/tello_description:/home/eeavir/drone_ws/install/ros2_shared:/home/eeavir/drone_ws/install/drone_image_viewer:/opt/ros/galactic LD_LIBRARY_PATH=/home/eeavir/drone_ws/install/tello_msgs/lib:/home/eeavir/drone_ws/install/tello_gazebo/lib:/home/eeavir/drone_ws/install/tello_driver/lib:/usr/lib/x86_64-linux-gnu/gazebo-11/plugins:/opt/ros/galactic/opt/yaml_cpp_vendor/lib:/opt/ros/galactic/opt/rviz_ogre_vendor/lib:/opt/ros/galactic/lib/x86_64-linux-gnu:/opt/ros/galactic/lib:/usr/lib/x86_64-linux-gnu/gazebo-11/plugins PYTHONPATH=/home/eeavir/drone_ws/install/tello_msgs/lib/python3.8/site-packages:/home/eeavir/drone_ws/install/drone_image_viewer/lib/python3.8/site-packages:/opt/ros/galactic/lib/python3.8/site-packages /usr/bin/cmake --build /home/eeavir/drone_ws/build/tello_gazebo -- -j8 -l8
[4.518s] [35m[1mScanning dependencies of target TelloPlugin[0m
[4.861s] [ 50%] [32mBuilding CXX object CMakeFiles/TelloPlugin.dir/src/tello_plugin.cpp.o[0m
[30.663s] [100%] [32m[1mLinking CXX shared library libTelloPlugin.so[0m
[31.776s] [100%] Built target TelloPlugin
[31.790s] Invoked command in '/home/eeavir/drone_ws/build/tello_gazebo' returned '0': CMAKE_PREFIX_PATH=/home/eeavir/drone_ws/install/tello_msgs:/home/eeavir/drone_ws/install/tello_gazebo:/home/eeavir/drone_ws/install/tello_driver:/home/eeavir/drone_ws/install/tello_description:/home/eeavir/drone_ws/install/ros2_shared:/home/eeavir/drone_ws/install/drone_image_viewer:/opt/ros/galactic LD_LIBRARY_PATH=/home/eeavir/drone_ws/install/tello_msgs/lib:/home/eeavir/drone_ws/install/tello_gazebo/lib:/home/eeavir/drone_ws/install/tello_driver/lib:/usr/lib/x86_64-linux-gnu/gazebo-11/plugins:/opt/ros/galactic/opt/yaml_cpp_vendor/lib:/opt/ros/galactic/opt/rviz_ogre_vendor/lib:/opt/ros/galactic/lib/x86_64-linux-gnu:/opt/ros/galactic/lib:/usr/lib/x86_64-linux-gnu/gazebo-11/plugins PYTHONPATH=/home/eeavir/drone_ws/install/tello_msgs/lib/python3.8/site-packages:/home/eeavir/drone_ws/install/drone_image_viewer/lib/python3.8/site-packages:/opt/ros/galactic/lib/python3.8/site-packages /usr/bin/cmake --build /home/eeavir/drone_ws/build/tello_gazebo -- -j8 -l8
[31.793s] Invoking command in '/home/eeavir/drone_ws/build/tello_gazebo': CMAKE_PREFIX_PATH=/home/eeavir/drone_ws/install/tello_msgs:/home/eeavir/drone_ws/install/tello_gazebo:/home/eeavir/drone_ws/install/tello_driver:/home/eeavir/drone_ws/install/tello_description:/home/eeavir/drone_ws/install/ros2_shared:/home/eeavir/drone_ws/install/drone_image_viewer:/opt/ros/galactic LD_LIBRARY_PATH=/home/eeavir/drone_ws/install/tello_msgs/lib:/home/eeavir/drone_ws/install/tello_gazebo/lib:/home/eeavir/drone_ws/install/tello_driver/lib:/usr/lib/x86_64-linux-gnu/gazebo-11/plugins:/opt/ros/galactic/opt/yaml_cpp_vendor/lib:/opt/ros/galactic/opt/rviz_ogre_vendor/lib:/opt/ros/galactic/lib/x86_64-linux-gnu:/opt/ros/galactic/lib:/usr/lib/x86_64-linux-gnu/gazebo-11/plugins PYTHONPATH=/home/eeavir/drone_ws/install/tello_msgs/lib/python3.8/site-packages:/home/eeavir/drone_ws/install/drone_image_viewer/lib/python3.8/site-packages:/opt/ros/galactic/lib/python3.8/site-packages /usr/bin/cmake --install /home/eeavir/drone_ws/build/tello_gazebo
[31.803s] -- Install configuration: ""
[31.803s] -- Installing: /home/eeavir/drone_ws/install/tello_gazebo/lib/libTelloPlugin.so
[31.809s] -- Set runtime path of "/home/eeavir/drone_ws/install/tello_gazebo/lib/libTelloPlugin.so" to ""
[31.809s] -- Installing: /home/eeavir/drone_ws/install/tello_gazebo/share/tello_gazebo/models
[31.809s] -- Installing: /home/eeavir/drone_ws/install/tello_gazebo/share/tello_gazebo/models/square_gate_red
[31.809s] -- Installing: /home/eeavir/drone_ws/install/tello_gazebo/share/tello_gazebo/models/square_gate_red/model.sdf
[31.809s] -- Installing: /home/eeavir/drone_ws/install/tello_gazebo/share/tello_gazebo/models/square_gate_red/square_gate.dae
[31.809s] -- Installing: /home/eeavir/drone_ws/install/tello_gazebo/share/tello_gazebo/models/square_gate_red/model.config
[31.809s] -- Installing: /home/eeavir/drone_ws/install/tello_gazebo/share/tello_gazebo/models/circle_gate_blue
[31.809s] -- Installing: /home/eeavir/drone_ws/install/tello_gazebo/share/tello_gazebo/models/circle_gate_blue/model.sdf
[31.809s] -- Installing: /home/eeavir/drone_ws/install/tello_gazebo/share/tello_gazebo/models/circle_gate_blue/circle_gate.dae
[31.809s] -- Installing: /home/eeavir/drone_ws/install/tello_gazebo/share/tello_gazebo/models/circle_gate_blue/model.config
[31.809s] -- Installing: /home/eeavir/drone_ws/install/tello_gazebo/share/tello_gazebo/models/circle_gate_red
[31.809s] -- Installing: /home/eeavir/drone_ws/install/tello_gazebo/share/tello_gazebo/models/circle_gate_red/model.sdf
[31.809s] -- Installing: /home/eeavir/drone_ws/install/tello_gazebo/share/tello_gazebo/models/circle_gate_red/circle_gate.dae
[31.809s] -- Installing: /home/eeavir/drone_ws/install/tello_gazebo/share/tello_gazebo/models/circle_gate_red/model.config
[31.809s] -- Installing: /home/eeavir/drone_ws/install/tello_gazebo/share/tello_gazebo/models/square_gate_green
[31.810s] -- Installing: /home/eeavir/drone_ws/install/tello_gazebo/share/tello_gazebo/models/square_gate_green/model.sdf
[31.810s] -- Installing: /home/eeavir/drone_ws/install/tello_gazebo/share/tello_gazebo/models/square_gate_green/square_gate.dae
[31.810s] -- Installing: /home/eeavir/drone_ws/install/tello_gazebo/share/tello_gazebo/models/square_gate_green/model.config
[31.810s] -- Installing: /home/eeavir/drone_ws/install/tello_gazebo/share/tello_gazebo/models/circle_gate_green
[31.810s] -- Installing: /home/eeavir/drone_ws/install/tello_gazebo/share/tello_gazebo/models/circle_gate_green/model.sdf
[31.810s] -- Installing: /home/eeavir/drone_ws/install/tello_gazebo/share/tello_gazebo/models/circle_gate_green/circle_gate.dae
[31.810s] -- Installing: /home/eeavir/drone_ws/install/tello_gazebo/share/tello_gazebo/models/circle_gate_green/model.config
[31.810s] -- Installing: /home/eeavir/drone_ws/install/tello_gazebo/share/tello_gazebo/models/square_gate_green_tall
[31.810s] -- Installing: /home/eeavir/drone_ws/install/tello_gazebo/share/tello_gazebo/models/square_gate_green_tall/model.sdf
[31.810s] -- Installing: /home/eeavir/drone_ws/install/tello_gazebo/share/tello_gazebo/models/square_gate_green_tall/square_gate_tall.dae
[31.810s] -- Installing: /home/eeavir/drone_ws/install/tello_gazebo/share/tello_gazebo/models/square_gate_green_tall/model.config
[31.810s] -- Installing: /home/eeavir/drone_ws/install/tello_gazebo/share/tello_gazebo/models/stop_sign
[31.810s] -- Installing: /home/eeavir/drone_ws/install/tello_gazebo/share/tello_gazebo/models/stop_sign/materials
[31.810s] -- Installing: /home/eeavir/drone_ws/install/tello_gazebo/share/tello_gazebo/models/stop_sign/materials/textures
[31.810s] -- Installing: /home/eeavir/drone_ws/install/tello_gazebo/share/tello_gazebo/models/stop_sign/materials/textures/StopSign_Diffuse.png
[31.810s] -- Installing: /home/eeavir/drone_ws/install/tello_gazebo/share/tello_gazebo/models/stop_sign/materials/textures/StopSign_Spec.png
[31.810s] -- Installing: /home/eeavir/drone_ws/install/tello_gazebo/share/tello_gazebo/models/stop_sign/materials/scripts
[31.810s] -- Installing: /home/eeavir/drone_ws/install/tello_gazebo/share/tello_gazebo/models/stop_sign/materials/scripts/stopsign.material
[31.811s] -- Installing: /home/eeavir/drone_ws/install/tello_gazebo/share/tello_gazebo/models/stop_sign/meshes
[31.811s] -- Installing: /home/eeavir/drone_ws/install/tello_gazebo/share/tello_gazebo/models/stop_sign/meshes/stop_sign.dae
[31.811s] -- Installing: /home/eeavir/drone_ws/install/tello_gazebo/share/tello_gazebo/models/stop_sign/model.sdf
[31.811s] -- Installing: /home/eeavir/drone_ws/install/tello_gazebo/share/tello_gazebo/models/stop_sign/model-1_3.sdf
[31.811s] -- Installing: /home/eeavir/drone_ws/install/tello_gazebo/share/tello_gazebo/models/stop_sign/model.config
[31.811s] -- Installing: /home/eeavir/drone_ws/install/tello_gazebo/share/tello_gazebo/models/stop_sign/model-1_4.sdf
[31.811s] -- Installing: /home/eeavir/drone_ws/install/tello_gazebo/share/tello_gazebo/models/square_gate_blue
[31.811s] -- Installing: /home/eeavir/drone_ws/install/tello_gazebo/share/tello_gazebo/models/square_gate_blue/model.sdf
[31.811s] -- Installing: /home/eeavir/drone_ws/install/tello_gazebo/share/tello_gazebo/models/square_gate_blue/square_gate.dae
[31.811s] -- Installing: /home/eeavir/drone_ws/install/tello_gazebo/share/tello_gazebo/models/square_gate_blue/model.config
[31.811s] -- Installing: /home/eeavir/drone_ws/install/tello_gazebo/share/tello_gazebo/models/circle_gate_green_short
[31.811s] -- Installing: /home/eeavir/drone_ws/install/tello_gazebo/share/tello_gazebo/models/circle_gate_green_short/circle_gate_short.dae
[31.811s] -- Installing: /home/eeavir/drone_ws/install/tello_gazebo/share/tello_gazebo/models/circle_gate_green_short/model.sdf
[31.811s] -- Installing: /home/eeavir/drone_ws/install/tello_gazebo/share/tello_gazebo/models/circle_gate_green_short/model.config
[31.811s] -- Installing: /home/eeavir/drone_ws/install/tello_gazebo/share/tello_gazebo/models/square_gate_green_short
[31.811s] -- Installing: /home/eeavir/drone_ws/install/tello_gazebo/share/tello_gazebo/models/square_gate_green_short/square_gate_short.dae
[31.811s] -- Installing: /home/eeavir/drone_ws/install/tello_gazebo/share/tello_gazebo/models/square_gate_green_short/model.sdf
[31.811s] -- Installing: /home/eeavir/drone_ws/install/tello_gazebo/share/tello_gazebo/models/square_gate_green_short/model.config
[31.811s] -- Installing: /home/eeavir/drone_ws/install/tello_gazebo/share/tello_gazebo/models/circle_gate_green_tall
[31.811s] -- Installing: /home/eeavir/drone_ws/install/tello_gazebo/share/tello_gazebo/models/circle_gate_green_tall/circle_gate_tall.dae
[31.811s] -- Installing: /home/eeavir/drone_ws/install/tello_gazebo/share/tello_gazebo/models/circle_gate_green_tall/model.sdf
[31.812s] -- Installing: /home/eeavir/drone_ws/install/tello_gazebo/share/tello_gazebo/models/circle_gate_green_tall/model.config
[31.812s] -- Installing: /home/eeavir/drone_ws/install/tello_gazebo/share/tello_gazebo/models/euro_pallet
[31.812s] -- Installing: /home/eeavir/drone_ws/install/tello_gazebo/share/tello_gazebo/models/euro_pallet/meshes
[31.812s] -- Installing: /home/eeavir/drone_ws/install/tello_gazebo/share/tello_gazebo/models/euro_pallet/meshes/pallet.dae
[31.812s] -- Installing: /home/eeavir/drone_ws/install/tello_gazebo/share/tello_gazebo/models/euro_pallet/model.sdf
[31.812s] -- Installing: /home/eeavir/drone_ws/install/tello_gazebo/share/tello_gazebo/models/euro_pallet/model.config
[31.812s] -- Installing: /home/eeavir/drone_ws/install/tello_gazebo/share/tello_gazebo/models/asphalt_plane
[31.812s] -- Installing: /home/eeavir/drone_ws/install/tello_gazebo/share/tello_gazebo/models/asphalt_plane/materials
[31.812s] -- Installing: /home/eeavir/drone_ws/install/tello_gazebo/share/tello_gazebo/models/asphalt_plane/materials/textures
[31.812s] -- Installing: /home/eeavir/drone_ws/install/tello_gazebo/share/tello_gazebo/models/asphalt_plane/materials/textures/tarmac.png
[31.814s] -- Installing: /home/eeavir/drone_ws/install/tello_gazebo/share/tello_gazebo/models/asphalt_plane/materials/scripts
[31.814s] -- Installing: /home/eeavir/drone_ws/install/tello_gazebo/share/tello_gazebo/models/asphalt_plane/materials/scripts/asphalt.material
[31.814s] -- Installing: /home/eeavir/drone_ws/install/tello_gazebo/share/tello_gazebo/models/asphalt_plane/model.sdf
[31.814s] -- Installing: /home/eeavir/drone_ws/install/tello_gazebo/share/tello_gazebo/models/asphalt_plane/model.config
[31.814s] -- Installing: /home/eeavir/drone_ws/install/tello_gazebo/share/tello_gazebo/models/asphalt_plane/model-1_4.sdf
[31.815s] -- Installing: /home/eeavir/drone_ws/install/tello_gazebo/share/tello_gazebo/worlds
[31.815s] -- Installing: /home/eeavir/drone_ws/install/tello_gazebo/share/tello_gazebo/worlds/simple.world
[31.815s] -- Installing: /home/eeavir/drone_ws/install/tello_gazebo/share/tello_gazebo/worlds/demo_track.world
[31.815s] -- Installing: /home/eeavir/drone_ws/install/tello_gazebo/share/tello_gazebo/launch
[31.815s] -- Installing: /home/eeavir/drone_ws/install/tello_gazebo/share/tello_gazebo/launch/__pycache__
[31.815s] -- Installing: /home/eeavir/drone_ws/install/tello_gazebo/share/tello_gazebo/launch/__pycache__/vlam_launch.cpython-38.pyc
[31.815s] -- Installing: /home/eeavir/drone_ws/install/tello_gazebo/share/tello_gazebo/launch/simple_launch.py
[31.815s] -- Installing: /home/eeavir/drone_ws/install/tello_gazebo/share/tello_gazebo/launch/demo_track_launch.py
[31.815s] -- Installing: /home/eeavir/drone_ws/install/tello_gazebo/lib/tello_gazebo/inject_entity.py
[31.815s] -- Installing: /home/eeavir/drone_ws/install/tello_gazebo/share/ament_index/resource_index/package_run_dependencies/tello_gazebo
[31.815s] -- Installing: /home/eeavir/drone_ws/install/tello_gazebo/share/ament_index/resource_index/parent_prefix_path/tello_gazebo
[31.815s] -- Installing: /home/eeavir/drone_ws/install/tello_gazebo/share/tello_gazebo/environment/ament_prefix_path.sh
[31.815s] -- Installing: /home/eeavir/drone_ws/install/tello_gazebo/share/tello_gazebo/environment/ament_prefix_path.dsv
[31.815s] -- Installing: /home/eeavir/drone_ws/install/tello_gazebo/share/tello_gazebo/environment/path.sh
[31.815s] -- Installing: /home/eeavir/drone_ws/install/tello_gazebo/share/tello_gazebo/environment/path.dsv
[31.815s] -- Installing: /home/eeavir/drone_ws/install/tello_gazebo/share/tello_gazebo/local_setup.bash
[31.815s] -- Installing: /home/eeavir/drone_ws/install/tello_gazebo/share/tello_gazebo/local_setup.sh
[31.816s] -- Installing: /home/eeavir/drone_ws/install/tello_gazebo/share/tello_gazebo/local_setup.zsh
[31.816s] -- Installing: /home/eeavir/drone_ws/install/tello_gazebo/share/tello_gazebo/local_setup.dsv
[31.816s] -- Installing: /home/eeavir/drone_ws/install/tello_gazebo/share/tello_gazebo/package.dsv
[31.816s] -- Installing: /home/eeavir/drone_ws/install/tello_gazebo/share/ament_index/resource_index/packages/tello_gazebo
[31.816s] -- Installing: /home/eeavir/drone_ws/install/tello_gazebo/share/tello_gazebo/cmake/tello_gazeboConfig.cmake
[31.816s] -- Installing: /home/eeavir/drone_ws/install/tello_gazebo/share/tello_gazebo/cmake/tello_gazeboConfig-version.cmake
[31.816s] -- Installing: /home/eeavir/drone_ws/install/tello_gazebo/share/tello_gazebo/package.xml
[31.818s] Invoked command in '/home/eeavir/drone_ws/build/tello_gazebo' returned '0': CMAKE_PREFIX_PATH=/home/eeavir/drone_ws/install/tello_msgs:/home/eeavir/drone_ws/install/tello_gazebo:/home/eeavir/drone_ws/install/tello_driver:/home/eeavir/drone_ws/install/tello_description:/home/eeavir/drone_ws/install/ros2_shared:/home/eeavir/drone_ws/install/drone_image_viewer:/opt/ros/galactic LD_LIBRARY_PATH=/home/eeavir/drone_ws/install/tello_msgs/lib:/home/eeavir/drone_ws/install/tello_gazebo/lib:/home/eeavir/drone_ws/install/tello_driver/lib:/usr/lib/x86_64-linux-gnu/gazebo-11/plugins:/opt/ros/galactic/opt/yaml_cpp_vendor/lib:/opt/ros/galactic/opt/rviz_ogre_vendor/lib:/opt/ros/galactic/lib/x86_64-linux-gnu:/opt/ros/galactic/lib:/usr/lib/x86_64-linux-gnu/gazebo-11/plugins PYTHONPATH=/home/eeavir/drone_ws/install/tello_msgs/lib/python3.8/site-packages:/home/eeavir/drone_ws/install/drone_image_viewer/lib/python3.8/site-packages:/opt/ros/galactic/lib/python3.8/site-packages /usr/bin/cmake --install /home/eeavir/drone_ws/build/tello_gazebo
