[0.021s] Invoking command in '/home/eeavir/tellocontrol/build/tello_msgs': CMAKE_PREFIX_PATH=${CMAKE_PREFIX_PATH}:/home/eeavir/tellocontrol/install/own_package:/opt/ros/galactic /usr/bin/cmake --build /home/eeavir/tellocontrol/build/tello_msgs -- -j8 -l8
[0.186s] [  2%] Built target tello_msgs__cpp
[0.186s] [ 12%] Built target tello_msgs__rosidl_generator_c
[0.186s] [ 23%] Built target tello_msgs__rosidl_typesupport_cpp
[0.186s] [ 34%] Built target tello_msgs__rosidl_typesupport_c
[0.186s] [ 44%] Built target tello_msgs__rosidl_typesupport_introspection_cpp
[0.186s] [ 55%] Built target tello_msgs__rosidl_typesupport_fastrtps_cpp
[0.186s] [ 65%] Built target tello_msgs__rosidl_typesupport_introspection_c
[0.186s] [ 76%] Built target tello_msgs__rosidl_typesupport_fastrtps_c
[0.186s] [ 76%] Built target tello_msgs
[0.186s] [ 78%] Built target tello_msgs__py
[0.186s] [ 87%] Built target tello_msgs__python
[0.186s] [100%] Built target tello_msgs__rosidl_typesupport_fastrtps_c__pyext
[0.186s] [100%] Built target tello_msgs__rosidl_typesupport_introspection_c__pyext
[0.186s] [100%] Built target tello_msgs__rosidl_typesupport_c__pyext
[0.200s] Invoked command in '/home/eeavir/tellocontrol/build/tello_msgs' returned '0': CMAKE_PREFIX_PATH=${CMAKE_PREFIX_PATH}:/home/eeavir/tellocontrol/install/own_package:/opt/ros/galactic /usr/bin/cmake --build /home/eeavir/tellocontrol/build/tello_msgs -- -j8 -l8
[0.202s] Invoking command in '/home/eeavir/tellocontrol/build/tello_msgs': CMAKE_PREFIX_PATH=${CMAKE_PREFIX_PATH}:/home/eeavir/tellocontrol/install/own_package:/opt/ros/galactic /usr/bin/cmake --install /home/eeavir/tellocontrol/build/tello_msgs
[0.209s] -- Install configuration: ""
[0.209s] -- Up-to-date: /home/eeavir/tellocontrol/install/tello_msgs/share/ament_index/resource_index/rosidl_interfaces/tello_msgs
[0.209s] -- Up-to-date: /home/eeavir/tellocontrol/install/tello_msgs/include/tello_msgs
[0.209s] -- Up-to-date: /home/eeavir/tellocontrol/install/tello_msgs/include/tello_msgs/msg
[0.210s] -- Up-to-date: /home/eeavir/tellocontrol/install/tello_msgs/include/tello_msgs/msg/detail
[0.210s] -- Up-to-date: /home/eeavir/tellocontrol/install/tello_msgs/include/tello_msgs/msg/detail/flight_data__functions.h
[0.210s] -- Up-to-date: /home/eeavir/tellocontrol/install/tello_msgs/include/tello_msgs/msg/detail/flight_data__struct.h
[0.210s] -- Up-to-date: /home/eeavir/tellocontrol/install/tello_msgs/include/tello_msgs/msg/detail/tello_response__struct.h
[0.210s] -- Up-to-date: /home/eeavir/tellocontrol/install/tello_msgs/include/tello_msgs/msg/detail/flight_data__functions.c
[0.210s] -- Up-to-date: /home/eeavir/tellocontrol/install/tello_msgs/include/tello_msgs/msg/detail/tello_response__functions.c
[0.210s] -- Up-to-date: /home/eeavir/tellocontrol/install/tello_msgs/include/tello_msgs/msg/detail/tello_response__type_support.h
[0.210s] -- Up-to-date: /home/eeavir/tellocontrol/install/tello_msgs/include/tello_msgs/msg/detail/flight_data__type_support.h
[0.210s] -- Up-to-date: /home/eeavir/tellocontrol/install/tello_msgs/include/tello_msgs/msg/detail/tello_response__functions.h
[0.210s] -- Up-to-date: /home/eeavir/tellocontrol/install/tello_msgs/include/tello_msgs/msg/flight_data.h
[0.210s] -- Up-to-date: /home/eeavir/tellocontrol/install/tello_msgs/include/tello_msgs/msg/tello_response.h
[0.210s] -- Up-to-date: /home/eeavir/tellocontrol/install/tello_msgs/include/tello_msgs/msg/rosidl_generator_c__visibility_control.h
[0.210s] -- Up-to-date: /home/eeavir/tellocontrol/install/tello_msgs/include/tello_msgs/srv
[0.210s] -- Up-to-date: /home/eeavir/tellocontrol/install/tello_msgs/include/tello_msgs/srv/detail
[0.211s] -- Up-to-date: /home/eeavir/tellocontrol/install/tello_msgs/include/tello_msgs/srv/detail/tello_action__functions.c
[0.211s] -- Up-to-date: /home/eeavir/tellocontrol/install/tello_msgs/include/tello_msgs/srv/detail/tello_action__struct.h
[0.211s] -- Up-to-date: /home/eeavir/tellocontrol/install/tello_msgs/include/tello_msgs/srv/detail/tello_action__functions.h
[0.211s] -- Up-to-date: /home/eeavir/tellocontrol/install/tello_msgs/include/tello_msgs/srv/detail/tello_action__type_support.h
[0.211s] -- Up-to-date: /home/eeavir/tellocontrol/install/tello_msgs/include/tello_msgs/srv/tello_action.h
[0.211s] -- Up-to-date: /home/eeavir/tellocontrol/install/tello_msgs/share/tello_msgs/environment/library_path.sh
[0.211s] -- Up-to-date: /home/eeavir/tellocontrol/install/tello_msgs/share/tello_msgs/environment/library_path.dsv
[0.211s] -- Up-to-date: /home/eeavir/tellocontrol/install/tello_msgs/lib/libtello_msgs__rosidl_generator_c.so
[0.211s] -- Up-to-date: /home/eeavir/tellocontrol/install/tello_msgs/include/tello_msgs
[0.211s] -- Up-to-date: /home/eeavir/tellocontrol/install/tello_msgs/include/tello_msgs/msg
[0.212s] -- Up-to-date: /home/eeavir/tellocontrol/install/tello_msgs/include/tello_msgs/msg/detail
[0.212s] -- Up-to-date: /home/eeavir/tellocontrol/install/tello_msgs/include/tello_msgs/msg/detail/tello_response__rosidl_typesupport_fastrtps_c.h
[0.212s] -- Up-to-date: /home/eeavir/tellocontrol/install/tello_msgs/include/tello_msgs/msg/detail/flight_data__rosidl_typesupport_fastrtps_c.h
[0.212s] -- Up-to-date: /home/eeavir/tellocontrol/install/tello_msgs/include/tello_msgs/msg/rosidl_typesupport_fastrtps_c__visibility_control.h
[0.212s] -- Up-to-date: /home/eeavir/tellocontrol/install/tello_msgs/include/tello_msgs/srv
[0.212s] -- Up-to-date: /home/eeavir/tellocontrol/install/tello_msgs/include/tello_msgs/srv/detail
[0.212s] -- Up-to-date: /home/eeavir/tellocontrol/install/tello_msgs/include/tello_msgs/srv/detail/tello_action__rosidl_typesupport_fastrtps_c.h
[0.214s] -- Up-to-date: /home/eeavir/tellocontrol/install/tello_msgs/lib/libtello_msgs__rosidl_typesupport_fastrtps_c.so
[0.214s] -- Up-to-date: /home/eeavir/tellocontrol/install/tello_msgs/include/tello_msgs
[0.214s] -- Up-to-date: /home/eeavir/tellocontrol/install/tello_msgs/include/tello_msgs/msg
[0.214s] -- Up-to-date: /home/eeavir/tellocontrol/install/tello_msgs/include/tello_msgs/msg/detail
[0.214s] -- Up-to-date: /home/eeavir/tellocontrol/install/tello_msgs/include/tello_msgs/msg/detail/flight_data__rosidl_typesupport_fastrtps_cpp.hpp
[0.214s] -- Up-to-date: /home/eeavir/tellocontrol/install/tello_msgs/include/tello_msgs/msg/detail/dds_fastrtps
[0.214s] -- Up-to-date: /home/eeavir/tellocontrol/install/tello_msgs/include/tello_msgs/msg/detail/tello_response__rosidl_typesupport_fastrtps_cpp.hpp
[0.214s] -- Up-to-date: /home/eeavir/tellocontrol/install/tello_msgs/include/tello_msgs/msg/rosidl_typesupport_fastrtps_cpp__visibility_control.h
[0.214s] -- Up-to-date: /home/eeavir/tellocontrol/install/tello_msgs/include/tello_msgs/srv
[0.214s] -- Up-to-date: /home/eeavir/tellocontrol/install/tello_msgs/include/tello_msgs/srv/detail
[0.214s] -- Up-to-date: /home/eeavir/tellocontrol/install/tello_msgs/include/tello_msgs/srv/detail/dds_fastrtps
[0.214s] -- Up-to-date: /home/eeavir/tellocontrol/install/tello_msgs/include/tello_msgs/srv/detail/tello_action__rosidl_typesupport_fastrtps_cpp.hpp
[0.214s] -- Up-to-date: /home/eeavir/tellocontrol/install/tello_msgs/lib/libtello_msgs__rosidl_typesupport_fastrtps_cpp.so
[0.214s] -- Up-to-date: /home/eeavir/tellocontrol/install/tello_msgs/include/tello_msgs
[0.215s] -- Up-to-date: /home/eeavir/tellocontrol/install/tello_msgs/include/tello_msgs/msg
[0.215s] -- Up-to-date: /home/eeavir/tellocontrol/install/tello_msgs/include/tello_msgs/msg/detail
[0.215s] -- Up-to-date: /home/eeavir/tellocontrol/install/tello_msgs/include/tello_msgs/msg/detail/tello_response__rosidl_typesupport_introspection_c.h
[0.215s] -- Up-to-date: /home/eeavir/tellocontrol/install/tello_msgs/include/tello_msgs/msg/detail/flight_data__type_support.c
[0.215s] -- Up-to-date: /home/eeavir/tellocontrol/install/tello_msgs/include/tello_msgs/msg/detail/flight_data__rosidl_typesupport_introspection_c.h
[0.215s] -- Up-to-date: /home/eeavir/tellocontrol/install/tello_msgs/include/tello_msgs/msg/detail/tello_response__type_support.c
[0.215s] -- Up-to-date: /home/eeavir/tellocontrol/install/tello_msgs/include/tello_msgs/msg/rosidl_typesupport_introspection_c__visibility_control.h
[0.215s] -- Up-to-date: /home/eeavir/tellocontrol/install/tello_msgs/include/tello_msgs/srv
[0.215s] -- Up-to-date: /home/eeavir/tellocontrol/install/tello_msgs/include/tello_msgs/srv/detail
[0.215s] -- Up-to-date: /home/eeavir/tellocontrol/install/tello_msgs/include/tello_msgs/srv/detail/tello_action__rosidl_typesupport_introspection_c.h
[0.215s] -- Up-to-date: /home/eeavir/tellocontrol/install/tello_msgs/include/tello_msgs/srv/detail/tello_action__type_support.c
[0.215s] -- Up-to-date: /home/eeavir/tellocontrol/install/tello_msgs/lib/libtello_msgs__rosidl_typesupport_introspection_c.so
[0.215s] -- Up-to-date: /home/eeavir/tellocontrol/install/tello_msgs/lib/libtello_msgs__rosidl_typesupport_c.so
[0.216s] -- Up-to-date: /home/eeavir/tellocontrol/install/tello_msgs/include/tello_msgs
[0.216s] -- Up-to-date: /home/eeavir/tellocontrol/install/tello_msgs/include/tello_msgs/msg
[0.216s] -- Up-to-date: /home/eeavir/tellocontrol/install/tello_msgs/include/tello_msgs/msg/tello_response.hpp
[0.216s] -- Up-to-date: /home/eeavir/tellocontrol/install/tello_msgs/include/tello_msgs/msg/detail
[0.216s] -- Up-to-date: /home/eeavir/tellocontrol/install/tello_msgs/include/tello_msgs/msg/detail/tello_response__struct.hpp
[0.216s] -- Up-to-date: /home/eeavir/tellocontrol/install/tello_msgs/include/tello_msgs/msg/detail/tello_response__traits.hpp
[0.216s] -- Up-to-date: /home/eeavir/tellocontrol/install/tello_msgs/include/tello_msgs/msg/detail/flight_data__builder.hpp
[0.216s] -- Up-to-date: /home/eeavir/tellocontrol/install/tello_msgs/include/tello_msgs/msg/detail/flight_data__struct.hpp
[0.216s] -- Up-to-date: /home/eeavir/tellocontrol/install/tello_msgs/include/tello_msgs/msg/detail/tello_response__builder.hpp
[0.216s] -- Up-to-date: /home/eeavir/tellocontrol/install/tello_msgs/include/tello_msgs/msg/detail/flight_data__traits.hpp
[0.217s] -- Up-to-date: /home/eeavir/tellocontrol/install/tello_msgs/include/tello_msgs/msg/flight_data.hpp
[0.217s] -- Up-to-date: /home/eeavir/tellocontrol/install/tello_msgs/include/tello_msgs/srv
[0.217s] -- Up-to-date: /home/eeavir/tellocontrol/install/tello_msgs/include/tello_msgs/srv/detail
[0.217s] -- Up-to-date: /home/eeavir/tellocontrol/install/tello_msgs/include/tello_msgs/srv/detail/tello_action__struct.hpp
[0.217s] -- Up-to-date: /home/eeavir/tellocontrol/install/tello_msgs/include/tello_msgs/srv/detail/tello_action__traits.hpp
[0.217s] -- Up-to-date: /home/eeavir/tellocontrol/install/tello_msgs/include/tello_msgs/srv/detail/tello_action__builder.hpp
[0.217s] -- Up-to-date: /home/eeavir/tellocontrol/install/tello_msgs/include/tello_msgs/srv/tello_action.hpp
[0.217s] -- Up-to-date: /home/eeavir/tellocontrol/install/tello_msgs/include/tello_msgs
[0.217s] -- Up-to-date: /home/eeavir/tellocontrol/install/tello_msgs/include/tello_msgs/msg
[0.217s] -- Up-to-date: /home/eeavir/tellocontrol/install/tello_msgs/include/tello_msgs/msg/detail
[0.217s] -- Up-to-date: /home/eeavir/tellocontrol/install/tello_msgs/include/tello_msgs/msg/detail/flight_data__type_support.cpp
[0.217s] -- Up-to-date: /home/eeavir/tellocontrol/install/tello_msgs/include/tello_msgs/msg/detail/flight_data__rosidl_typesupport_introspection_cpp.hpp
[0.218s] -- Up-to-date: /home/eeavir/tellocontrol/install/tello_msgs/include/tello_msgs/msg/detail/tello_response__type_support.cpp
[0.218s] -- Up-to-date: /home/eeavir/tellocontrol/install/tello_msgs/include/tello_msgs/msg/detail/tello_response__rosidl_typesupport_introspection_cpp.hpp
[0.218s] -- Up-to-date: /home/eeavir/tellocontrol/install/tello_msgs/include/tello_msgs/srv
[0.218s] -- Up-to-date: /home/eeavir/tellocontrol/install/tello_msgs/include/tello_msgs/srv/detail
[0.218s] -- Up-to-date: /home/eeavir/tellocontrol/install/tello_msgs/include/tello_msgs/srv/detail/tello_action__rosidl_typesupport_introspection_cpp.hpp
[0.218s] -- Up-to-date: /home/eeavir/tellocontrol/install/tello_msgs/include/tello_msgs/srv/detail/tello_action__type_support.cpp
[0.218s] -- Up-to-date: /home/eeavir/tellocontrol/install/tello_msgs/lib/libtello_msgs__rosidl_typesupport_introspection_cpp.so
[0.218s] -- Up-to-date: /home/eeavir/tellocontrol/install/tello_msgs/lib/libtello_msgs__rosidl_typesupport_cpp.so
[0.218s] -- Up-to-date: /home/eeavir/tellocontrol/install/tello_msgs/share/tello_msgs/environment/pythonpath.sh
[0.218s] -- Up-to-date: /home/eeavir/tellocontrol/install/tello_msgs/share/tello_msgs/environment/pythonpath.dsv
[0.218s] -- Up-to-date: /home/eeavir/tellocontrol/install/tello_msgs/lib/python3.8/site-packages/tello_msgs/__init__.py
[0.245s] -- Up-to-date: /home/eeavir/tellocontrol/install/tello_msgs/lib/python3.8/site-packages/tello_msgs/msg
[0.246s] -- Up-to-date: /home/eeavir/tellocontrol/install/tello_msgs/lib/python3.8/site-packages/tello_msgs/msg/__init__.py
[0.246s] -- Up-to-date: /home/eeavir/tellocontrol/install/tello_msgs/lib/python3.8/site-packages/tello_msgs/msg/_flight_data_s.c
[0.246s] -- Up-to-date: /home/eeavir/tellocontrol/install/tello_msgs/lib/python3.8/site-packages/tello_msgs/msg/_tello_response.py
[0.246s] -- Up-to-date: /home/eeavir/tellocontrol/install/tello_msgs/lib/python3.8/site-packages/tello_msgs/msg/_flight_data.py
[0.246s] -- Up-to-date: /home/eeavir/tellocontrol/install/tello_msgs/lib/python3.8/site-packages/tello_msgs/msg/_tello_response_s.c
[0.246s] -- Up-to-date: /home/eeavir/tellocontrol/install/tello_msgs/lib/python3.8/site-packages/tello_msgs/srv
[0.246s] -- Up-to-date: /home/eeavir/tellocontrol/install/tello_msgs/lib/python3.8/site-packages/tello_msgs/srv/__init__.py
[0.246s] -- Up-to-date: /home/eeavir/tellocontrol/install/tello_msgs/lib/python3.8/site-packages/tello_msgs/srv/_tello_action_s.c
[0.246s] -- Up-to-date: /home/eeavir/tellocontrol/install/tello_msgs/lib/python3.8/site-packages/tello_msgs/srv/_tello_action.py
[0.246s] -- Up-to-date: /home/eeavir/tellocontrol/install/tello_msgs/lib/python3.8/site-packages/tello_msgs/tello_msgs_s__rosidl_typesupport_fastrtps_c.cpython-38-x86_64-linux-gnu.so
[0.246s] -- Up-to-date: /home/eeavir/tellocontrol/install/tello_msgs/lib/python3.8/site-packages/tello_msgs/tello_msgs_s__rosidl_typesupport_introspection_c.cpython-38-x86_64-linux-gnu.so
[0.247s] -- Up-to-date: /home/eeavir/tellocontrol/install/tello_msgs/lib/python3.8/site-packages/tello_msgs/tello_msgs_s__rosidl_typesupport_c.cpython-38-x86_64-linux-gnu.so
[0.247s] -- Up-to-date: /home/eeavir/tellocontrol/install/tello_msgs/lib/libtello_msgs__python.so
[0.248s] -- Up-to-date: /home/eeavir/tellocontrol/install/tello_msgs/share/tello_msgs/msg/FlightData.idl
[0.248s] -- Up-to-date: /home/eeavir/tellocontrol/install/tello_msgs/share/tello_msgs/msg/TelloResponse.idl
[0.248s] -- Up-to-date: /home/eeavir/tellocontrol/install/tello_msgs/share/tello_msgs/srv/TelloAction.idl
[0.248s] -- Up-to-date: /home/eeavir/tellocontrol/install/tello_msgs/share/tello_msgs/msg/FlightData.msg
[0.248s] -- Up-to-date: /home/eeavir/tellocontrol/install/tello_msgs/share/tello_msgs/msg/TelloResponse.msg
[0.248s] -- Up-to-date: /home/eeavir/tellocontrol/install/tello_msgs/share/tello_msgs/srv/TelloAction.srv
[0.248s] -- Up-to-date: /home/eeavir/tellocontrol/install/tello_msgs/share/tello_msgs/srv/TelloAction_Request.msg
[0.248s] -- Up-to-date: /home/eeavir/tellocontrol/install/tello_msgs/share/tello_msgs/srv/TelloAction_Response.msg
[0.248s] -- Up-to-date: /home/eeavir/tellocontrol/install/tello_msgs/share/ament_index/resource_index/package_run_dependencies/tello_msgs
[0.248s] -- Up-to-date: /home/eeavir/tellocontrol/install/tello_msgs/share/ament_index/resource_index/parent_prefix_path/tello_msgs
[0.249s] -- Up-to-date: /home/eeavir/tellocontrol/install/tello_msgs/share/tello_msgs/environment/ament_prefix_path.sh
[0.249s] -- Up-to-date: /home/eeavir/tellocontrol/install/tello_msgs/share/tello_msgs/environment/ament_prefix_path.dsv
[0.249s] -- Up-to-date: /home/eeavir/tellocontrol/install/tello_msgs/share/tello_msgs/environment/path.sh
[0.249s] -- Up-to-date: /home/eeavir/tellocontrol/install/tello_msgs/share/tello_msgs/environment/path.dsv
[0.249s] -- Up-to-date: /home/eeavir/tellocontrol/install/tello_msgs/share/tello_msgs/local_setup.bash
[0.249s] -- Up-to-date: /home/eeavir/tellocontrol/install/tello_msgs/share/tello_msgs/local_setup.sh
[0.249s] -- Up-to-date: /home/eeavir/tellocontrol/install/tello_msgs/share/tello_msgs/local_setup.zsh
[0.249s] -- Up-to-date: /home/eeavir/tellocontrol/install/tello_msgs/share/tello_msgs/local_setup.dsv
[0.249s] -- Installing: /home/eeavir/tellocontrol/install/tello_msgs/share/tello_msgs/package.dsv
[0.249s] -- Up-to-date: /home/eeavir/tellocontrol/install/tello_msgs/share/ament_index/resource_index/packages/tello_msgs
[0.249s] -- Up-to-date: /home/eeavir/tellocontrol/install/tello_msgs/share/tello_msgs/cmake/tello_msgs__rosidl_generator_cExport.cmake
[0.249s] -- Up-to-date: /home/eeavir/tellocontrol/install/tello_msgs/share/tello_msgs/cmake/tello_msgs__rosidl_generator_cExport-noconfig.cmake
[0.250s] -- Up-to-date: /home/eeavir/tellocontrol/install/tello_msgs/share/tello_msgs/cmake/tello_msgs__rosidl_typesupport_introspection_cExport.cmake
[0.250s] -- Up-to-date: /home/eeavir/tellocontrol/install/tello_msgs/share/tello_msgs/cmake/tello_msgs__rosidl_typesupport_introspection_cExport-noconfig.cmake
[0.250s] -- Up-to-date: /home/eeavir/tellocontrol/install/tello_msgs/share/tello_msgs/cmake/tello_msgs__rosidl_typesupport_cExport.cmake
[0.250s] -- Up-to-date: /home/eeavir/tellocontrol/install/tello_msgs/share/tello_msgs/cmake/tello_msgs__rosidl_typesupport_cExport-noconfig.cmake
[0.250s] -- Up-to-date: /home/eeavir/tellocontrol/install/tello_msgs/share/tello_msgs/cmake/tello_msgs__rosidl_generator_cppExport.cmake
[0.250s] -- Up-to-date: /home/eeavir/tellocontrol/install/tello_msgs/share/tello_msgs/cmake/tello_msgs__rosidl_typesupport_introspection_cppExport.cmake
[0.250s] -- Up-to-date: /home/eeavir/tellocontrol/install/tello_msgs/share/tello_msgs/cmake/tello_msgs__rosidl_typesupport_introspection_cppExport-noconfig.cmake
[0.251s] -- Up-to-date: /home/eeavir/tellocontrol/install/tello_msgs/share/tello_msgs/cmake/tello_msgs__rosidl_typesupport_cppExport.cmake
[0.251s] -- Up-to-date: /home/eeavir/tellocontrol/install/tello_msgs/share/tello_msgs/cmake/tello_msgs__rosidl_typesupport_cppExport-noconfig.cmake
[0.251s] -- Up-to-date: /home/eeavir/tellocontrol/install/tello_msgs/share/tello_msgs/cmake/rosidl_cmake-extras.cmake
[0.251s] -- Up-to-date: /home/eeavir/tellocontrol/install/tello_msgs/share/tello_msgs/cmake/ament_cmake_export_dependencies-extras.cmake
[0.251s] -- Up-to-date: /home/eeavir/tellocontrol/install/tello_msgs/share/tello_msgs/cmake/ament_cmake_export_libraries-extras.cmake
[0.251s] -- Up-to-date: /home/eeavir/tellocontrol/install/tello_msgs/share/tello_msgs/cmake/ament_cmake_export_targets-extras.cmake
[0.251s] -- Up-to-date: /home/eeavir/tellocontrol/install/tello_msgs/share/tello_msgs/cmake/ament_cmake_export_include_directories-extras.cmake
[0.251s] -- Up-to-date: /home/eeavir/tellocontrol/install/tello_msgs/share/tello_msgs/cmake/rosidl_cmake_export_typesupport_libraries-extras.cmake
[0.251s] -- Up-to-date: /home/eeavir/tellocontrol/install/tello_msgs/share/tello_msgs/cmake/rosidl_cmake_export_typesupport_targets-extras.cmake
[0.251s] -- Up-to-date: /home/eeavir/tellocontrol/install/tello_msgs/share/tello_msgs/cmake/tello_msgsConfig.cmake
[0.251s] -- Up-to-date: /home/eeavir/tellocontrol/install/tello_msgs/share/tello_msgs/cmake/tello_msgsConfig-version.cmake
[0.251s] -- Up-to-date: /home/eeavir/tellocontrol/install/tello_msgs/share/tello_msgs/package.xml
[0.253s] Invoked command in '/home/eeavir/tellocontrol/build/tello_msgs' returned '0': CMAKE_PREFIX_PATH=${CMAKE_PREFIX_PATH}:/home/eeavir/tellocontrol/install/own_package:/opt/ros/galactic /usr/bin/cmake --install /home/eeavir/tellocontrol/build/tello_msgs
