[0.040s] Invoking command in '/home/atte/drone_ws/build/tello_gazebo': AMENT_PREFIX_PATH=/home/atte/drone_ws/install/tello_msgs:${AMENT_PREFIX_PATH} CMAKE_PREFIX_PATH=/home/atte/drone_ws/install/tello_msgs:/opt/ros/galactic LD_LIBRARY_PATH=/home/atte/drone_ws/install/tello_msgs/lib:/usr/lib/x86_64-linux-gnu/gazebo-11/plugins:/opt/ros/galactic/opt/yaml_cpp_vendor/lib:/opt/ros/galactic/opt/rviz_ogre_vendor/lib:/opt/ros/galactic/lib/x86_64-linux-gnu:/opt/ros/galactic/lib:/usr/lib/x86_64-linux-gnu/gazebo-11/plugins PYTHONPATH=/home/atte/drone_ws/install/tello_msgs/lib/python3.8/site-packages:${PYTHONPATH} /usr/bin/cmake /home/atte/drone_ws/src/drone_racing_ros2/tello_ros/tello_gazebo -DCMAKE_INSTALL_PREFIX=/home/atte/drone_ws/install/tello_gazebo
[0.169s] -- The C compiler identification is GNU 9.4.0
[0.287s] -- The CXX compiler identification is GNU 9.4.0
[0.296s] -- Check for working C compiler: /usr/bin/cc
[0.472s] -- Check for working C compiler: /usr/bin/cc -- works
[0.475s] -- Detecting C compiler ABI info
[0.626s] -- Detecting C compiler ABI info - done
[0.659s] -- Detecting C compile features
[0.660s] -- Detecting C compile features - done
[0.667s] -- Check for working CXX compiler: /usr/bin/c++
[0.830s] -- Check for working CXX compiler: /usr/bin/c++ -- works
[0.832s] -- Detecting CXX compiler ABI info
[1.046s] -- Detecting CXX compiler ABI info - done
[1.077s] -- Detecting CXX compile features
[1.078s] -- Detecting CXX compile features - done
[1.084s] -- Found ament_cmake: 1.1.6 (/opt/ros/galactic/share/ament_cmake/cmake)
[1.132s] -- Found PythonInterp: /usr/bin/python3 (found suitable version "3.8.10", minimum required is "3") 
[1.134s] -- Using PYTHON_EXECUTABLE: /usr/bin/python3
[1.312s] -- Found PkgConfig: /usr/bin/pkg-config (found version "0.29.1") 
[1.318s] -- Checking for module 'bullet>=2.82'
[1.382s] --   Found bullet, version 2.88
[1.638s] -- Found ccd: /usr/include (found suitable version "2.0", minimum required is "2.0") 
[1.745s] -- Found fcl: /usr/include (found suitable version "0.5.0", minimum required is "0.3.2") 
[1.888s] -- Found assimp: /usr/include (found version "5.0.0") 
[1.932s] -- Found DART: /usr/include (Required is at least version "6.6") found components: dart 
[2.340s] -- Found Boost: /usr/lib/x86_64-linux-gnu/cmake/Boost-1.71.0/BoostConfig.cmake (found suitable version "1.71.0", minimum required is "1.40.0") found components: thread system filesystem program_options regex iostreams date_time 
[2.366s] -- Found Protobuf: /usr/lib/x86_64-linux-gnu/libprotobuf.so;-lpthread (found version "3.6.1") 
[2.371s] -- Looking for ignition-math6 -- found version 6.15.1
[2.378s] -- Searching for dependencies of ignition-math6
[2.381s] -- Looking for OGRE...
[2.381s] -- OGRE_PREFIX_WATCH changed.
[2.387s] -- Checking for module 'OGRE'
[2.408s] --   Found OGRE, version 1.9.0
[2.463s] -- Found Ogre Ghadamon (1.9.0)
[2.474s] -- Found OGRE: optimized;/usr/lib/x86_64-linux-gnu/libOgreMain.so;debug;/usr/lib/x86_64-linux-gnu/libOgreMain.so
[2.486s] -- Looking for OGRE_Paging...
[2.493s] -- Found OGRE_Paging: optimized;/usr/lib/x86_64-linux-gnu/libOgrePaging.so;debug;/usr/lib/x86_64-linux-gnu/libOgrePaging.so
[2.494s] -- Looking for OGRE_Terrain...
[2.500s] -- Found OGRE_Terrain: optimized;/usr/lib/x86_64-linux-gnu/libOgreTerrain.so;debug;/usr/lib/x86_64-linux-gnu/libOgreTerrain.so
[2.500s] -- Looking for OGRE_Property...
[2.507s] -- Found OGRE_Property: optimized;/usr/lib/x86_64-linux-gnu/libOgreProperty.so;debug;/usr/lib/x86_64-linux-gnu/libOgreProperty.so
[2.507s] -- Looking for OGRE_RTShaderSystem...
[2.514s] -- Found OGRE_RTShaderSystem: optimized;/usr/lib/x86_64-linux-gnu/libOgreRTShaderSystem.so;debug;/usr/lib/x86_64-linux-gnu/libOgreRTShaderSystem.so
[2.514s] -- Looking for OGRE_Volume...
[2.521s] -- Found OGRE_Volume: optimized;/usr/lib/x86_64-linux-gnu/libOgreVolume.so;debug;/usr/lib/x86_64-linux-gnu/libOgreVolume.so
[2.521s] -- Looking for OGRE_Overlay...
[2.528s] -- Found OGRE_Overlay: optimized;/usr/lib/x86_64-linux-gnu/libOgreOverlay.so;debug;/usr/lib/x86_64-linux-gnu/libOgreOverlay.so
[2.678s] -- Looking for ignition-math6 -- found version 6.15.1
[2.680s] -- Looking for ignition-transport8 -- found version 8.3.0
[2.681s] -- Searching for dependencies of ignition-transport8
[2.704s] -- Found Protobuf: /usr/lib/x86_64-linux-gnu/libprotobuf.so;-lpthread (found suitable version "3.6.1", minimum required is "3") 
[2.719s] -- Config-file not installed for ZeroMQ -- checking for pkg-config
[2.725s] -- Checking for module 'libzmq >= 4'
[2.747s] --   Found libzmq , version 4.3.2
[2.811s] -- Found ZeroMQ: TRUE (Required is at least version "4") 
[2.821s] -- Checking for module 'uuid'
[2.842s] --   Found uuid, version 2.34.0
[2.904s] -- Found UUID: TRUE  
[2.907s] -- Looking for ignition-msgs5 -- found version 5.10.0
[2.908s] -- Searching for dependencies of ignition-msgs5
[2.933s] -- Looking for ignition-math6 -- found version 6.15.1
[2.941s] -- Checking for module 'tinyxml2'
[2.965s] --   Found tinyxml2, version 6.2.0
[3.028s] -- Looking for ignition-msgs5 -- found version 5.10.0
[3.031s] -- Looking for ignition-common3 -- found version 3.14.2
[3.032s] -- Searching for dependencies of ignition-common3
[3.033s] -- Looking for dlfcn.h - found
[3.034s] -- Looking for libdl - found
[3.037s] -- Found DL: TRUE  
[3.052s] -- Searching for <ignition-common3> component [graphics]
[3.055s] -- Looking for ignition-common3-graphics -- found version 3.14.2
[3.056s] -- Searching for dependencies of ignition-common3-graphics
[3.056s] -- Looking for ignition-math6 -- found version 6.15.1
[3.061s] -- Looking for ignition-fuel_tools4 -- found version 4.6.0
[3.062s] -- Searching for dependencies of ignition-fuel_tools4
[3.174s] -- Found CURL: /usr/lib/x86_64-linux-gnu/libcurl.so (found version "7.68.0")  
[3.184s] -- Checking for module 'jsoncpp'
[3.207s] --   Found jsoncpp, version 1.7.4
[3.265s] -- Found JSONCPP: TRUE  
[3.274s] -- Checking for module 'libzip'
[3.295s] --   Found libzip, version 1.5.1
[3.353s] -- Found ZIP: TRUE  
[3.354s] -- Looking for ignition-common3 -- found version 3.14.2
[3.361s] -- Looking for ignition-math6 -- found version 6.15.1
[3.362s] -- Looking for ignition-msgs5 -- found version 5.10.0
[3.363s] -- Found gazebo_dev: 3.5.2 (/opt/ros/galactic/share/gazebo_dev/cmake)
[3.363s] -- Gazebo version: 11.11
[3.363s] -- Found gazebo_ros: 3.5.2 (/opt/ros/galactic/share/gazebo_ros/cmake)
[3.427s] -- Using all available rosidl_typesupport_c: rosidl_typesupport_fastrtps_c;rosidl_typesupport_introspection_c
[3.436s] -- Found rosidl_adapter: 2.2.3 (/opt/ros/galactic/share/rosidl_adapter/cmake)
[3.565s] -- Found OpenSSL: /usr/lib/x86_64-linux-gnu/libcrypto.so (found version "1.1.1f")  
[3.602s] -- Found FastRTPS: /opt/ros/galactic/include  
[3.744s] -- Using all available rosidl_typesupport_cpp: rosidl_typesupport_fastrtps_cpp;rosidl_typesupport_introspection_cpp
[3.841s] -- Found rmw_implementation_cmake: 3.3.1 (/opt/ros/galactic/share/rmw_implementation_cmake/cmake)
[3.845s] -- Found rmw_cyclonedds_cpp: 0.22.6 (/opt/ros/galactic/share/rmw_cyclonedds_cpp/cmake)
[3.874s] -- Using RMW implementation 'rmw_cyclonedds_cpp' as default
[3.877s] -- Found Threads: TRUE  
[4.094s] -- Found geometry_msgs: 2.2.4 (/opt/ros/galactic/share/geometry_msgs/cmake)
[4.136s] -- Found sensor_msgs: 2.2.4 (/opt/ros/galactic/share/sensor_msgs/cmake)
[4.224s] -- Found tello_msgs: 0.1.0 (/home/atte/drone_ws/install/tello_msgs/share/tello_msgs/cmake)
[4.359s] -- Configuring done
[4.395s] -- Generating done
[4.408s] -- Build files have been written to: /home/atte/drone_ws/build/tello_gazebo
[4.422s] Invoked command in '/home/atte/drone_ws/build/tello_gazebo' returned '0': AMENT_PREFIX_PATH=/home/atte/drone_ws/install/tello_msgs:${AMENT_PREFIX_PATH} CMAKE_PREFIX_PATH=/home/atte/drone_ws/install/tello_msgs:/opt/ros/galactic LD_LIBRARY_PATH=/home/atte/drone_ws/install/tello_msgs/lib:/usr/lib/x86_64-linux-gnu/gazebo-11/plugins:/opt/ros/galactic/opt/yaml_cpp_vendor/lib:/opt/ros/galactic/opt/rviz_ogre_vendor/lib:/opt/ros/galactic/lib/x86_64-linux-gnu:/opt/ros/galactic/lib:/usr/lib/x86_64-linux-gnu/gazebo-11/plugins PYTHONPATH=/home/atte/drone_ws/install/tello_msgs/lib/python3.8/site-packages:${PYTHONPATH} /usr/bin/cmake /home/atte/drone_ws/src/drone_racing_ros2/tello_ros/tello_gazebo -DCMAKE_INSTALL_PREFIX=/home/atte/drone_ws/install/tello_gazebo
[4.426s] Invoking command in '/home/atte/drone_ws/build/tello_gazebo': AMENT_PREFIX_PATH=/home/atte/drone_ws/install/tello_msgs:${AMENT_PREFIX_PATH} CMAKE_PREFIX_PATH=/home/atte/drone_ws/install/tello_msgs:/opt/ros/galactic LD_LIBRARY_PATH=/home/atte/drone_ws/install/tello_msgs/lib:/usr/lib/x86_64-linux-gnu/gazebo-11/plugins:/opt/ros/galactic/opt/yaml_cpp_vendor/lib:/opt/ros/galactic/opt/rviz_ogre_vendor/lib:/opt/ros/galactic/lib/x86_64-linux-gnu:/opt/ros/galactic/lib:/usr/lib/x86_64-linux-gnu/gazebo-11/plugins PYTHONPATH=/home/atte/drone_ws/install/tello_msgs/lib/python3.8/site-packages:${PYTHONPATH} /usr/bin/cmake --build /home/atte/drone_ws/build/tello_gazebo -- -j4 -l4
[4.480s] [35m[1mScanning dependencies of target TelloPlugin[0m
[4.640s] [ 50%] [32mBuilding CXX object CMakeFiles/TelloPlugin.dir/src/tello_plugin.cpp.o[0m
[33.491s] [100%] [32m[1mLinking CXX shared library libTelloPlugin.so[0m
[34.745s] [100%] Built target TelloPlugin
[34.759s] Invoked command in '/home/atte/drone_ws/build/tello_gazebo' returned '0': AMENT_PREFIX_PATH=/home/atte/drone_ws/install/tello_msgs:${AMENT_PREFIX_PATH} CMAKE_PREFIX_PATH=/home/atte/drone_ws/install/tello_msgs:/opt/ros/galactic LD_LIBRARY_PATH=/home/atte/drone_ws/install/tello_msgs/lib:/usr/lib/x86_64-linux-gnu/gazebo-11/plugins:/opt/ros/galactic/opt/yaml_cpp_vendor/lib:/opt/ros/galactic/opt/rviz_ogre_vendor/lib:/opt/ros/galactic/lib/x86_64-linux-gnu:/opt/ros/galactic/lib:/usr/lib/x86_64-linux-gnu/gazebo-11/plugins PYTHONPATH=/home/atte/drone_ws/install/tello_msgs/lib/python3.8/site-packages:${PYTHONPATH} /usr/bin/cmake --build /home/atte/drone_ws/build/tello_gazebo -- -j4 -l4
[34.763s] Invoking command in '/home/atte/drone_ws/build/tello_gazebo': AMENT_PREFIX_PATH=/home/atte/drone_ws/install/tello_msgs:${AMENT_PREFIX_PATH} CMAKE_PREFIX_PATH=/home/atte/drone_ws/install/tello_msgs:/opt/ros/galactic LD_LIBRARY_PATH=/home/atte/drone_ws/install/tello_msgs/lib:/usr/lib/x86_64-linux-gnu/gazebo-11/plugins:/opt/ros/galactic/opt/yaml_cpp_vendor/lib:/opt/ros/galactic/opt/rviz_ogre_vendor/lib:/opt/ros/galactic/lib/x86_64-linux-gnu:/opt/ros/galactic/lib:/usr/lib/x86_64-linux-gnu/gazebo-11/plugins PYTHONPATH=/home/atte/drone_ws/install/tello_msgs/lib/python3.8/site-packages:${PYTHONPATH} /usr/bin/cmake --install /home/atte/drone_ws/build/tello_gazebo
[34.775s] -- Install configuration: ""
[34.775s] -- Installing: /home/atte/drone_ws/install/tello_gazebo/lib/libTelloPlugin.so
[34.784s] -- Set runtime path of "/home/atte/drone_ws/install/tello_gazebo/lib/libTelloPlugin.so" to ""
[34.784s] -- Installing: /home/atte/drone_ws/install/tello_gazebo/share/tello_gazebo/models
[34.784s] -- Installing: /home/atte/drone_ws/install/tello_gazebo/share/tello_gazebo/models/euro_pallet
[34.784s] -- Installing: /home/atte/drone_ws/install/tello_gazebo/share/tello_gazebo/models/euro_pallet/meshes
[34.785s] -- Installing: /home/atte/drone_ws/install/tello_gazebo/share/tello_gazebo/models/euro_pallet/meshes/pallet.dae
[34.785s] -- Installing: /home/atte/drone_ws/install/tello_gazebo/share/tello_gazebo/models/euro_pallet/model.sdf
[34.785s] -- Installing: /home/atte/drone_ws/install/tello_gazebo/share/tello_gazebo/models/euro_pallet/model.config
[34.785s] -- Installing: /home/atte/drone_ws/install/tello_gazebo/share/tello_gazebo/models/square_gate_green
[34.785s] -- Installing: /home/atte/drone_ws/install/tello_gazebo/share/tello_gazebo/models/square_gate_green/model.sdf
[34.786s] -- Installing: /home/atte/drone_ws/install/tello_gazebo/share/tello_gazebo/models/square_gate_green/model.config
[34.786s] -- Installing: /home/atte/drone_ws/install/tello_gazebo/share/tello_gazebo/models/square_gate_green/square_gate.dae
[34.786s] -- Installing: /home/atte/drone_ws/install/tello_gazebo/share/tello_gazebo/models/circle_gate_blue
[34.786s] -- Installing: /home/atte/drone_ws/install/tello_gazebo/share/tello_gazebo/models/circle_gate_blue/model.sdf
[34.786s] -- Installing: /home/atte/drone_ws/install/tello_gazebo/share/tello_gazebo/models/circle_gate_blue/circle_gate.dae
[34.787s] -- Installing: /home/atte/drone_ws/install/tello_gazebo/share/tello_gazebo/models/circle_gate_blue/model.config
[34.787s] -- Installing: /home/atte/drone_ws/install/tello_gazebo/share/tello_gazebo/models/stop_sign
[34.787s] -- Installing: /home/atte/drone_ws/install/tello_gazebo/share/tello_gazebo/models/stop_sign/meshes
[34.787s] -- Installing: /home/atte/drone_ws/install/tello_gazebo/share/tello_gazebo/models/stop_sign/meshes/stop_sign.dae
[34.788s] -- Installing: /home/atte/drone_ws/install/tello_gazebo/share/tello_gazebo/models/stop_sign/model.sdf
[34.788s] -- Installing: /home/atte/drone_ws/install/tello_gazebo/share/tello_gazebo/models/stop_sign/model-1_4.sdf
[34.788s] -- Installing: /home/atte/drone_ws/install/tello_gazebo/share/tello_gazebo/models/stop_sign/model-1_3.sdf
[34.788s] -- Installing: /home/atte/drone_ws/install/tello_gazebo/share/tello_gazebo/models/stop_sign/model.config
[34.788s] -- Installing: /home/atte/drone_ws/install/tello_gazebo/share/tello_gazebo/models/stop_sign/materials
[34.789s] -- Installing: /home/atte/drone_ws/install/tello_gazebo/share/tello_gazebo/models/stop_sign/materials/scripts
[34.789s] -- Installing: /home/atte/drone_ws/install/tello_gazebo/share/tello_gazebo/models/stop_sign/materials/scripts/stopsign.material
[34.789s] -- Installing: /home/atte/drone_ws/install/tello_gazebo/share/tello_gazebo/models/stop_sign/materials/textures
[34.789s] -- Installing: /home/atte/drone_ws/install/tello_gazebo/share/tello_gazebo/models/stop_sign/materials/textures/StopSign_Diffuse.png
[34.789s] -- Installing: /home/atte/drone_ws/install/tello_gazebo/share/tello_gazebo/models/stop_sign/materials/textures/StopSign_Spec.png
[34.790s] -- Installing: /home/atte/drone_ws/install/tello_gazebo/share/tello_gazebo/models/circle_gate_green_short
[34.790s] -- Installing: /home/atte/drone_ws/install/tello_gazebo/share/tello_gazebo/models/circle_gate_green_short/circle_gate_short.dae
[34.790s] -- Installing: /home/atte/drone_ws/install/tello_gazebo/share/tello_gazebo/models/circle_gate_green_short/model.sdf
[34.790s] -- Installing: /home/atte/drone_ws/install/tello_gazebo/share/tello_gazebo/models/circle_gate_green_short/model.config
[34.791s] -- Installing: /home/atte/drone_ws/install/tello_gazebo/share/tello_gazebo/models/circle_gate_green
[34.791s] -- Installing: /home/atte/drone_ws/install/tello_gazebo/share/tello_gazebo/models/circle_gate_green/model.sdf
[34.791s] -- Installing: /home/atte/drone_ws/install/tello_gazebo/share/tello_gazebo/models/circle_gate_green/circle_gate.dae
[34.792s] -- Installing: /home/atte/drone_ws/install/tello_gazebo/share/tello_gazebo/models/circle_gate_green/model.config
[34.792s] -- Installing: /home/atte/drone_ws/install/tello_gazebo/share/tello_gazebo/models/circle_gate_green_tall
[34.792s] -- Installing: /home/atte/drone_ws/install/tello_gazebo/share/tello_gazebo/models/circle_gate_green_tall/model.sdf
[34.793s] -- Installing: /home/atte/drone_ws/install/tello_gazebo/share/tello_gazebo/models/circle_gate_green_tall/circle_gate_tall.dae
[34.793s] -- Installing: /home/atte/drone_ws/install/tello_gazebo/share/tello_gazebo/models/circle_gate_green_tall/model.config
[34.793s] -- Installing: /home/atte/drone_ws/install/tello_gazebo/share/tello_gazebo/models/square_gate_red
[34.793s] -- Installing: /home/atte/drone_ws/install/tello_gazebo/share/tello_gazebo/models/square_gate_red/model.sdf
[34.794s] -- Installing: /home/atte/drone_ws/install/tello_gazebo/share/tello_gazebo/models/square_gate_red/model.config
[34.794s] -- Installing: /home/atte/drone_ws/install/tello_gazebo/share/tello_gazebo/models/square_gate_red/square_gate.dae
[34.794s] -- Installing: /home/atte/drone_ws/install/tello_gazebo/share/tello_gazebo/models/square_gate_green_short
[34.794s] -- Installing: /home/atte/drone_ws/install/tello_gazebo/share/tello_gazebo/models/square_gate_green_short/model.sdf
[34.795s] -- Installing: /home/atte/drone_ws/install/tello_gazebo/share/tello_gazebo/models/square_gate_green_short/square_gate_short.dae
[34.795s] -- Installing: /home/atte/drone_ws/install/tello_gazebo/share/tello_gazebo/models/square_gate_green_short/model.config
[34.795s] -- Installing: /home/atte/drone_ws/install/tello_gazebo/share/tello_gazebo/models/circle_gate_red
[34.796s] -- Installing: /home/atte/drone_ws/install/tello_gazebo/share/tello_gazebo/models/circle_gate_red/model.sdf
[34.796s] -- Installing: /home/atte/drone_ws/install/tello_gazebo/share/tello_gazebo/models/circle_gate_red/circle_gate.dae
[34.796s] -- Installing: /home/atte/drone_ws/install/tello_gazebo/share/tello_gazebo/models/circle_gate_red/model.config
[34.796s] -- Installing: /home/atte/drone_ws/install/tello_gazebo/share/tello_gazebo/models/square_gate_green_tall
[34.796s] -- Installing: /home/atte/drone_ws/install/tello_gazebo/share/tello_gazebo/models/square_gate_green_tall/model.sdf
[34.796s] -- Installing: /home/atte/drone_ws/install/tello_gazebo/share/tello_gazebo/models/square_gate_green_tall/square_gate_tall.dae
[34.797s] -- Installing: /home/atte/drone_ws/install/tello_gazebo/share/tello_gazebo/models/square_gate_green_tall/model.config
[34.797s] -- Installing: /home/atte/drone_ws/install/tello_gazebo/share/tello_gazebo/models/square_gate_blue
[34.797s] -- Installing: /home/atte/drone_ws/install/tello_gazebo/share/tello_gazebo/models/square_gate_blue/model.sdf
[34.797s] -- Installing: /home/atte/drone_ws/install/tello_gazebo/share/tello_gazebo/models/square_gate_blue/model.config
[34.797s] -- Installing: /home/atte/drone_ws/install/tello_gazebo/share/tello_gazebo/models/square_gate_blue/square_gate.dae
[34.797s] -- Installing: /home/atte/drone_ws/install/tello_gazebo/share/tello_gazebo/models/asphalt_plane
[34.798s] -- Installing: /home/atte/drone_ws/install/tello_gazebo/share/tello_gazebo/models/asphalt_plane/model.sdf
[34.798s] -- Installing: /home/atte/drone_ws/install/tello_gazebo/share/tello_gazebo/models/asphalt_plane/model-1_4.sdf
[34.798s] -- Installing: /home/atte/drone_ws/install/tello_gazebo/share/tello_gazebo/models/asphalt_plane/model.config
[34.798s] -- Installing: /home/atte/drone_ws/install/tello_gazebo/share/tello_gazebo/models/asphalt_plane/materials
[34.798s] -- Installing: /home/atte/drone_ws/install/tello_gazebo/share/tello_gazebo/models/asphalt_plane/materials/scripts
[34.799s] -- Installing: /home/atte/drone_ws/install/tello_gazebo/share/tello_gazebo/models/asphalt_plane/materials/scripts/asphalt.material
[34.799s] -- Installing: /home/atte/drone_ws/install/tello_gazebo/share/tello_gazebo/models/asphalt_plane/materials/textures
[34.799s] -- Installing: /home/atte/drone_ws/install/tello_gazebo/share/tello_gazebo/models/asphalt_plane/materials/textures/tarmac.png
[34.801s] -- Installing: /home/atte/drone_ws/install/tello_gazebo/share/tello_gazebo/worlds
[34.802s] -- Installing: /home/atte/drone_ws/install/tello_gazebo/share/tello_gazebo/worlds/demo_track.world
[34.802s] -- Installing: /home/atte/drone_ws/install/tello_gazebo/share/tello_gazebo/worlds/simple.world
[34.802s] -- Installing: /home/atte/drone_ws/install/tello_gazebo/share/tello_gazebo/launch
[34.802s] -- Installing: /home/atte/drone_ws/install/tello_gazebo/share/tello_gazebo/launch/simple_launch.py
[34.803s] -- Installing: /home/atte/drone_ws/install/tello_gazebo/share/tello_gazebo/launch/__pycache__
[34.803s] -- Installing: /home/atte/drone_ws/install/tello_gazebo/share/tello_gazebo/launch/__pycache__/vlam_launch.cpython-38.pyc
[34.803s] -- Installing: /home/atte/drone_ws/install/tello_gazebo/share/tello_gazebo/launch/demo_track_launch.py
[34.803s] -- Installing: /home/atte/drone_ws/install/tello_gazebo/lib/tello_gazebo/inject_entity.py
[34.803s] -- Installing: /home/atte/drone_ws/install/tello_gazebo/share/ament_index/resource_index/package_run_dependencies/tello_gazebo
[34.804s] -- Installing: /home/atte/drone_ws/install/tello_gazebo/share/ament_index/resource_index/parent_prefix_path/tello_gazebo
[34.804s] -- Installing: /home/atte/drone_ws/install/tello_gazebo/share/tello_gazebo/environment/ament_prefix_path.sh
[34.804s] -- Installing: /home/atte/drone_ws/install/tello_gazebo/share/tello_gazebo/environment/ament_prefix_path.dsv
[34.804s] -- Installing: /home/atte/drone_ws/install/tello_gazebo/share/tello_gazebo/environment/path.sh
[34.804s] -- Installing: /home/atte/drone_ws/install/tello_gazebo/share/tello_gazebo/environment/path.dsv
[34.805s] -- Installing: /home/atte/drone_ws/install/tello_gazebo/share/tello_gazebo/local_setup.bash
[34.805s] -- Installing: /home/atte/drone_ws/install/tello_gazebo/share/tello_gazebo/local_setup.sh
[34.805s] -- Installing: /home/atte/drone_ws/install/tello_gazebo/share/tello_gazebo/local_setup.zsh
[34.805s] -- Installing: /home/atte/drone_ws/install/tello_gazebo/share/tello_gazebo/local_setup.dsv
[34.805s] -- Installing: /home/atte/drone_ws/install/tello_gazebo/share/tello_gazebo/package.dsv
[34.806s] -- Installing: /home/atte/drone_ws/install/tello_gazebo/share/ament_index/resource_index/packages/tello_gazebo
[34.806s] -- Installing: /home/atte/drone_ws/install/tello_gazebo/share/tello_gazebo/cmake/tello_gazeboConfig.cmake
[34.806s] -- Installing: /home/atte/drone_ws/install/tello_gazebo/share/tello_gazebo/cmake/tello_gazeboConfig-version.cmake
[34.806s] -- Installing: /home/atte/drone_ws/install/tello_gazebo/share/tello_gazebo/package.xml
[34.809s] Invoked command in '/home/atte/drone_ws/build/tello_gazebo' returned '0': AMENT_PREFIX_PATH=/home/atte/drone_ws/install/tello_msgs:${AMENT_PREFIX_PATH} CMAKE_PREFIX_PATH=/home/atte/drone_ws/install/tello_msgs:/opt/ros/galactic LD_LIBRARY_PATH=/home/atte/drone_ws/install/tello_msgs/lib:/usr/lib/x86_64-linux-gnu/gazebo-11/plugins:/opt/ros/galactic/opt/yaml_cpp_vendor/lib:/opt/ros/galactic/opt/rviz_ogre_vendor/lib:/opt/ros/galactic/lib/x86_64-linux-gnu:/opt/ros/galactic/lib:/usr/lib/x86_64-linux-gnu/gazebo-11/plugins PYTHONPATH=/home/atte/drone_ws/install/tello_msgs/lib/python3.8/site-packages:${PYTHONPATH} /usr/bin/cmake --install /home/atte/drone_ws/build/tello_gazebo
