[0.119s] DEBUG:colcon:Command line arguments: ['/usr/bin/colcon', 'build']
[0.119s] DEBUG:colcon:Parsed command line arguments: Namespace(allow_overriding=[], ament_cmake_args=None, base_paths=['.'], build_base='build', catkin_cmake_args=None, catkin_skip_building_tests=False, cmake_args=None, cmake_clean_cache=False, cmake_clean_first=False, cmake_force_configure=False, cmake_target=None, cmake_target_skip_unavailable=False, continue_on_error=False, event_handlers=None, executor='parallel', ignore_user_meta=False, install_base='install', log_base=None, log_level=None, main=<bound method BuildVerb.main of <colcon_core.verb.build.BuildVerb object at 0x7f045d262f10>>, merge_install=False, metas=['./colcon.meta'], mixin=None, mixin_files=None, mixin_verb=('build',), packages_above=None, packages_above_and_dependencies=None, packages_above_depth=None, packages_end=None, packages_ignore=None, packages_ignore_regex=None, packages_select=None, packages_select_build_failed=False, packages_select_by_dep=None, packages_select_regex=None, packages_select_test_failures=False, packages_skip=None, packages_skip_build_finished=False, packages_skip_by_dep=None, packages_skip_regex=None, packages_skip_test_passed=False, packages_skip_up_to=None, packages_start=None, packages_up_to=None, packages_up_to_regex=None, parallel_workers=8, paths=None, symlink_install=False, test_result_base=None, verb_extension=<colcon_core.verb.build.BuildVerb object at 0x7f045d262f10>, verb_name='build', verb_parser=<colcon_mixin.mixin.mixin_argument.MixinArgumentDecorator object at 0x7f045d1c2ee0>)
[0.213s] Level 1:colcon.colcon_core.package_discovery:discover_packages(colcon_meta) check parameters
[0.213s] Level 1:colcon.colcon_core.package_discovery:discover_packages(recursive) check parameters
[0.213s] Level 1:colcon.colcon_core.package_discovery:discover_packages(ignore) check parameters
[0.213s] Level 1:colcon.colcon_core.package_discovery:discover_packages(path) check parameters
[0.213s] Level 1:colcon.colcon_core.package_discovery:discover_packages(colcon_meta) discover
[0.213s] Level 1:colcon.colcon_core.package_discovery:discover_packages(recursive) discover
[0.213s] INFO:colcon.colcon_core.package_discovery:Crawling recursively for packages in '/home/eeavir/tellocontrol'
[0.213s] Level 1:colcon.colcon_core.package_identification:_identify(.) by extensions ['ignore', 'ignore_ament_install']
[0.213s] Level 1:colcon.colcon_core.package_identification:_identify(.) by extension 'ignore'
[0.213s] Level 1:colcon.colcon_core.package_identification:_identify(.) by extension 'ignore_ament_install'
[0.213s] Level 1:colcon.colcon_core.package_identification:_identify(.) by extensions ['colcon_pkg']
[0.213s] Level 1:colcon.colcon_core.package_identification:_identify(.) by extension 'colcon_pkg'
[0.213s] Level 1:colcon.colcon_core.package_identification:_identify(.) by extensions ['colcon_meta']
[0.213s] Level 1:colcon.colcon_core.package_identification:_identify(.) by extension 'colcon_meta'
[0.213s] Level 1:colcon.colcon_core.package_identification:_identify(.) by extensions ['ros']
[0.213s] Level 1:colcon.colcon_core.package_identification:_identify(.) by extension 'ros'
[0.220s] Level 1:colcon.colcon_core.package_identification:_identify(.) by extensions ['cmake', 'python']
[0.220s] Level 1:colcon.colcon_core.package_identification:_identify(.) by extension 'cmake'
[0.220s] Level 1:colcon.colcon_core.package_identification:_identify(.) by extension 'python'
[0.220s] Level 1:colcon.colcon_core.package_identification:_identify(.) by extensions ['python_setup_py']
[0.220s] Level 1:colcon.colcon_core.package_identification:_identify(.) by extension 'python_setup_py'
[0.220s] Level 1:colcon.colcon_core.package_identification:_identify(build) by extensions ['ignore', 'ignore_ament_install']
[0.220s] Level 1:colcon.colcon_core.package_identification:_identify(build) by extension 'ignore'
[0.220s] Level 1:colcon.colcon_core.package_identification:_identify(build) ignored
[0.220s] Level 1:colcon.colcon_core.package_identification:_identify(install) by extensions ['ignore', 'ignore_ament_install']
[0.220s] Level 1:colcon.colcon_core.package_identification:_identify(install) by extension 'ignore'
[0.221s] Level 1:colcon.colcon_core.package_identification:_identify(install) ignored
[0.221s] Level 1:colcon.colcon_core.package_identification:_identify(log) by extensions ['ignore', 'ignore_ament_install']
[0.221s] Level 1:colcon.colcon_core.package_identification:_identify(log) by extension 'ignore'
[0.221s] Level 1:colcon.colcon_core.package_identification:_identify(log) ignored
[0.221s] Level 1:colcon.colcon_core.package_identification:_identify(src) by extensions ['ignore', 'ignore_ament_install']
[0.221s] Level 1:colcon.colcon_core.package_identification:_identify(src) by extension 'ignore'
[0.221s] Level 1:colcon.colcon_core.package_identification:_identify(src) by extension 'ignore_ament_install'
[0.221s] Level 1:colcon.colcon_core.package_identification:_identify(src) by extensions ['colcon_pkg']
[0.221s] Level 1:colcon.colcon_core.package_identification:_identify(src) by extension 'colcon_pkg'
[0.221s] Level 1:colcon.colcon_core.package_identification:_identify(src) by extensions ['colcon_meta']
[0.221s] Level 1:colcon.colcon_core.package_identification:_identify(src) by extension 'colcon_meta'
[0.221s] Level 1:colcon.colcon_core.package_identification:_identify(src) by extensions ['ros']
[0.221s] Level 1:colcon.colcon_core.package_identification:_identify(src) by extension 'ros'
[0.221s] Level 1:colcon.colcon_core.package_identification:_identify(src) by extensions ['cmake', 'python']
[0.221s] Level 1:colcon.colcon_core.package_identification:_identify(src) by extension 'cmake'
[0.221s] Level 1:colcon.colcon_core.package_identification:_identify(src) by extension 'python'
[0.221s] Level 1:colcon.colcon_core.package_identification:_identify(src) by extensions ['python_setup_py']
[0.221s] Level 1:colcon.colcon_core.package_identification:_identify(src) by extension 'python_setup_py'
[0.221s] Level 1:colcon.colcon_core.package_identification:_identify(src/drone_racing_ros2) by extensions ['ignore', 'ignore_ament_install']
[0.221s] Level 1:colcon.colcon_core.package_identification:_identify(src/drone_racing_ros2) by extension 'ignore'
[0.221s] Level 1:colcon.colcon_core.package_identification:_identify(src/drone_racing_ros2) by extension 'ignore_ament_install'
[0.221s] Level 1:colcon.colcon_core.package_identification:_identify(src/drone_racing_ros2) by extensions ['colcon_pkg']
[0.221s] Level 1:colcon.colcon_core.package_identification:_identify(src/drone_racing_ros2) by extension 'colcon_pkg'
[0.221s] Level 1:colcon.colcon_core.package_identification:_identify(src/drone_racing_ros2) by extensions ['colcon_meta']
[0.221s] Level 1:colcon.colcon_core.package_identification:_identify(src/drone_racing_ros2) by extension 'colcon_meta'
[0.221s] Level 1:colcon.colcon_core.package_identification:_identify(src/drone_racing_ros2) by extensions ['ros']
[0.221s] Level 1:colcon.colcon_core.package_identification:_identify(src/drone_racing_ros2) by extension 'ros'
[0.221s] Level 1:colcon.colcon_core.package_identification:_identify(src/drone_racing_ros2) by extensions ['cmake', 'python']
[0.221s] Level 1:colcon.colcon_core.package_identification:_identify(src/drone_racing_ros2) by extension 'cmake'
[0.221s] Level 1:colcon.colcon_core.package_identification:_identify(src/drone_racing_ros2) by extension 'python'
[0.221s] Level 1:colcon.colcon_core.package_identification:_identify(src/drone_racing_ros2) by extensions ['python_setup_py']
[0.221s] Level 1:colcon.colcon_core.package_identification:_identify(src/drone_racing_ros2) by extension 'python_setup_py'
[0.221s] Level 1:colcon.colcon_core.package_identification:_identify(src/drone_racing_ros2/ros2_shared) by extensions ['ignore', 'ignore_ament_install']
[0.221s] Level 1:colcon.colcon_core.package_identification:_identify(src/drone_racing_ros2/ros2_shared) by extension 'ignore'
[0.222s] Level 1:colcon.colcon_core.package_identification:_identify(src/drone_racing_ros2/ros2_shared) by extension 'ignore_ament_install'
[0.222s] Level 1:colcon.colcon_core.package_identification:_identify(src/drone_racing_ros2/ros2_shared) by extensions ['colcon_pkg']
[0.222s] Level 1:colcon.colcon_core.package_identification:_identify(src/drone_racing_ros2/ros2_shared) by extension 'colcon_pkg'
[0.222s] Level 1:colcon.colcon_core.package_identification:_identify(src/drone_racing_ros2/ros2_shared) by extensions ['colcon_meta']
[0.222s] Level 1:colcon.colcon_core.package_identification:_identify(src/drone_racing_ros2/ros2_shared) by extension 'colcon_meta'
[0.222s] Level 1:colcon.colcon_core.package_identification:_identify(src/drone_racing_ros2/ros2_shared) by extensions ['ros']
[0.222s] Level 1:colcon.colcon_core.package_identification:_identify(src/drone_racing_ros2/ros2_shared) by extension 'ros'
[0.223s] DEBUG:colcon.colcon_core.package_identification:Package 'src/drone_racing_ros2/ros2_shared' with type 'ros.ament_cmake' and name 'ros2_shared'
[0.223s] Level 1:colcon.colcon_core.package_identification:_identify(src/drone_racing_ros2/tello_ros) by extensions ['ignore', 'ignore_ament_install']
[0.223s] Level 1:colcon.colcon_core.package_identification:_identify(src/drone_racing_ros2/tello_ros) by extension 'ignore'
[0.223s] Level 1:colcon.colcon_core.package_identification:_identify(src/drone_racing_ros2/tello_ros) by extension 'ignore_ament_install'
[0.223s] Level 1:colcon.colcon_core.package_identification:_identify(src/drone_racing_ros2/tello_ros) by extensions ['colcon_pkg']
[0.223s] Level 1:colcon.colcon_core.package_identification:_identify(src/drone_racing_ros2/tello_ros) by extension 'colcon_pkg'
[0.223s] Level 1:colcon.colcon_core.package_identification:_identify(src/drone_racing_ros2/tello_ros) by extensions ['colcon_meta']
[0.223s] Level 1:colcon.colcon_core.package_identification:_identify(src/drone_racing_ros2/tello_ros) by extension 'colcon_meta'
[0.224s] Level 1:colcon.colcon_core.package_identification:_identify(src/drone_racing_ros2/tello_ros) by extensions ['ros']
[0.224s] Level 1:colcon.colcon_core.package_identification:_identify(src/drone_racing_ros2/tello_ros) by extension 'ros'
[0.224s] Level 1:colcon.colcon_core.package_identification:_identify(src/drone_racing_ros2/tello_ros) by extensions ['cmake', 'python']
[0.224s] Level 1:colcon.colcon_core.package_identification:_identify(src/drone_racing_ros2/tello_ros) by extension 'cmake'
[0.224s] Level 1:colcon.colcon_core.package_identification:_identify(src/drone_racing_ros2/tello_ros) by extension 'python'
[0.224s] Level 1:colcon.colcon_core.package_identification:_identify(src/drone_racing_ros2/tello_ros) by extensions ['python_setup_py']
[0.224s] Level 1:colcon.colcon_core.package_identification:_identify(src/drone_racing_ros2/tello_ros) by extension 'python_setup_py'
[0.224s] Level 1:colcon.colcon_core.package_identification:_identify(src/drone_racing_ros2/tello_ros/docker) by extensions ['ignore', 'ignore_ament_install']
[0.224s] Level 1:colcon.colcon_core.package_identification:_identify(src/drone_racing_ros2/tello_ros/docker) by extension 'ignore'
[0.224s] Level 1:colcon.colcon_core.package_identification:_identify(src/drone_racing_ros2/tello_ros/docker) by extension 'ignore_ament_install'
[0.224s] Level 1:colcon.colcon_core.package_identification:_identify(src/drone_racing_ros2/tello_ros/docker) by extensions ['colcon_pkg']
[0.224s] Level 1:colcon.colcon_core.package_identification:_identify(src/drone_racing_ros2/tello_ros/docker) by extension 'colcon_pkg'
[0.224s] Level 1:colcon.colcon_core.package_identification:_identify(src/drone_racing_ros2/tello_ros/docker) by extensions ['colcon_meta']
[0.224s] Level 1:colcon.colcon_core.package_identification:_identify(src/drone_racing_ros2/tello_ros/docker) by extension 'colcon_meta'
[0.224s] Level 1:colcon.colcon_core.package_identification:_identify(src/drone_racing_ros2/tello_ros/docker) by extensions ['ros']
[0.224s] Level 1:colcon.colcon_core.package_identification:_identify(src/drone_racing_ros2/tello_ros/docker) by extension 'ros'
[0.224s] Level 1:colcon.colcon_core.package_identification:_identify(src/drone_racing_ros2/tello_ros/docker) by extensions ['cmake', 'python']
[0.224s] Level 1:colcon.colcon_core.package_identification:_identify(src/drone_racing_ros2/tello_ros/docker) by extension 'cmake'
[0.224s] Level 1:colcon.colcon_core.package_identification:_identify(src/drone_racing_ros2/tello_ros/docker) by extension 'python'
[0.224s] Level 1:colcon.colcon_core.package_identification:_identify(src/drone_racing_ros2/tello_ros/docker) by extensions ['python_setup_py']
[0.224s] Level 1:colcon.colcon_core.package_identification:_identify(src/drone_racing_ros2/tello_ros/docker) by extension 'python_setup_py'
[0.224s] Level 1:colcon.colcon_core.package_identification:_identify(src/drone_racing_ros2/tello_ros/tello_description) by extensions ['ignore', 'ignore_ament_install']
[0.224s] Level 1:colcon.colcon_core.package_identification:_identify(src/drone_racing_ros2/tello_ros/tello_description) by extension 'ignore'
[0.224s] Level 1:colcon.colcon_core.package_identification:_identify(src/drone_racing_ros2/tello_ros/tello_description) by extension 'ignore_ament_install'
[0.224s] Level 1:colcon.colcon_core.package_identification:_identify(src/drone_racing_ros2/tello_ros/tello_description) by extensions ['colcon_pkg']
[0.224s] Level 1:colcon.colcon_core.package_identification:_identify(src/drone_racing_ros2/tello_ros/tello_description) by extension 'colcon_pkg'
[0.224s] Level 1:colcon.colcon_core.package_identification:_identify(src/drone_racing_ros2/tello_ros/tello_description) by extensions ['colcon_meta']
[0.224s] Level 1:colcon.colcon_core.package_identification:_identify(src/drone_racing_ros2/tello_ros/tello_description) by extension 'colcon_meta'
[0.224s] Level 1:colcon.colcon_core.package_identification:_identify(src/drone_racing_ros2/tello_ros/tello_description) by extensions ['ros']
[0.224s] Level 1:colcon.colcon_core.package_identification:_identify(src/drone_racing_ros2/tello_ros/tello_description) by extension 'ros'
[0.225s] DEBUG:colcon.colcon_core.package_identification:Package 'src/drone_racing_ros2/tello_ros/tello_description' with type 'ros.ament_cmake' and name 'tello_description'
[0.225s] Level 1:colcon.colcon_core.package_identification:_identify(src/drone_racing_ros2/tello_ros/tello_driver) by extensions ['ignore', 'ignore_ament_install']
[0.225s] Level 1:colcon.colcon_core.package_identification:_identify(src/drone_racing_ros2/tello_ros/tello_driver) by extension 'ignore'
[0.225s] Level 1:colcon.colcon_core.package_identification:_identify(src/drone_racing_ros2/tello_ros/tello_driver) by extension 'ignore_ament_install'
[0.225s] Level 1:colcon.colcon_core.package_identification:_identify(src/drone_racing_ros2/tello_ros/tello_driver) by extensions ['colcon_pkg']
[0.225s] Level 1:colcon.colcon_core.package_identification:_identify(src/drone_racing_ros2/tello_ros/tello_driver) by extension 'colcon_pkg'
[0.225s] Level 1:colcon.colcon_core.package_identification:_identify(src/drone_racing_ros2/tello_ros/tello_driver) by extensions ['colcon_meta']
[0.225s] Level 1:colcon.colcon_core.package_identification:_identify(src/drone_racing_ros2/tello_ros/tello_driver) by extension 'colcon_meta'
[0.225s] Level 1:colcon.colcon_core.package_identification:_identify(src/drone_racing_ros2/tello_ros/tello_driver) by extensions ['ros']
[0.225s] Level 1:colcon.colcon_core.package_identification:_identify(src/drone_racing_ros2/tello_ros/tello_driver) by extension 'ros'
[0.226s] DEBUG:colcon.colcon_core.package_identification:Package 'src/drone_racing_ros2/tello_ros/tello_driver' with type 'ros.ament_cmake' and name 'tello_driver'
[0.226s] Level 1:colcon.colcon_core.package_identification:_identify(src/drone_racing_ros2/tello_ros/tello_gazebo) by extensions ['ignore', 'ignore_ament_install']
[0.226s] Level 1:colcon.colcon_core.package_identification:_identify(src/drone_racing_ros2/tello_ros/tello_gazebo) by extension 'ignore'
[0.226s] Level 1:colcon.colcon_core.package_identification:_identify(src/drone_racing_ros2/tello_ros/tello_gazebo) by extension 'ignore_ament_install'
[0.226s] Level 1:colcon.colcon_core.package_identification:_identify(src/drone_racing_ros2/tello_ros/tello_gazebo) by extensions ['colcon_pkg']
[0.226s] Level 1:colcon.colcon_core.package_identification:_identify(src/drone_racing_ros2/tello_ros/tello_gazebo) by extension 'colcon_pkg'
[0.226s] Level 1:colcon.colcon_core.package_identification:_identify(src/drone_racing_ros2/tello_ros/tello_gazebo) by extensions ['colcon_meta']
[0.226s] Level 1:colcon.colcon_core.package_identification:_identify(src/drone_racing_ros2/tello_ros/tello_gazebo) by extension 'colcon_meta'
[0.226s] Level 1:colcon.colcon_core.package_identification:_identify(src/drone_racing_ros2/tello_ros/tello_gazebo) by extensions ['ros']
[0.226s] Level 1:colcon.colcon_core.package_identification:_identify(src/drone_racing_ros2/tello_ros/tello_gazebo) by extension 'ros'
[0.227s] DEBUG:colcon.colcon_core.package_identification:Package 'src/drone_racing_ros2/tello_ros/tello_gazebo' with type 'ros.ament_cmake' and name 'tello_gazebo'
[0.227s] Level 1:colcon.colcon_core.package_identification:_identify(src/drone_racing_ros2/tello_ros/tello_msgs) by extensions ['ignore', 'ignore_ament_install']
[0.227s] Level 1:colcon.colcon_core.package_identification:_identify(src/drone_racing_ros2/tello_ros/tello_msgs) by extension 'ignore'
[0.227s] Level 1:colcon.colcon_core.package_identification:_identify(src/drone_racing_ros2/tello_ros/tello_msgs) by extension 'ignore_ament_install'
[0.227s] Level 1:colcon.colcon_core.package_identification:_identify(src/drone_racing_ros2/tello_ros/tello_msgs) by extensions ['colcon_pkg']
[0.227s] Level 1:colcon.colcon_core.package_identification:_identify(src/drone_racing_ros2/tello_ros/tello_msgs) by extension 'colcon_pkg'
[0.227s] Level 1:colcon.colcon_core.package_identification:_identify(src/drone_racing_ros2/tello_ros/tello_msgs) by extensions ['colcon_meta']
[0.227s] Level 1:colcon.colcon_core.package_identification:_identify(src/drone_racing_ros2/tello_ros/tello_msgs) by extension 'colcon_meta'
[0.227s] Level 1:colcon.colcon_core.package_identification:_identify(src/drone_racing_ros2/tello_ros/tello_msgs) by extensions ['ros']
[0.227s] Level 1:colcon.colcon_core.package_identification:_identify(src/drone_racing_ros2/tello_ros/tello_msgs) by extension 'ros'
[0.227s] DEBUG:colcon.colcon_core.package_identification:Package 'src/drone_racing_ros2/tello_ros/tello_msgs' with type 'ros.ament_cmake' and name 'tello_msgs'
[0.227s] Level 1:colcon.colcon_core.package_identification:_identify(src/own_package) by extensions ['ignore', 'ignore_ament_install']
[0.227s] Level 1:colcon.colcon_core.package_identification:_identify(src/own_package) by extension 'ignore'
[0.227s] Level 1:colcon.colcon_core.package_identification:_identify(src/own_package) by extension 'ignore_ament_install'
[0.227s] Level 1:colcon.colcon_core.package_identification:_identify(src/own_package) by extensions ['colcon_pkg']
[0.227s] Level 1:colcon.colcon_core.package_identification:_identify(src/own_package) by extension 'colcon_pkg'
[0.227s] Level 1:colcon.colcon_core.package_identification:_identify(src/own_package) by extensions ['colcon_meta']
[0.227s] Level 1:colcon.colcon_core.package_identification:_identify(src/own_package) by extension 'colcon_meta'
[0.227s] Level 1:colcon.colcon_core.package_identification:_identify(src/own_package) by extensions ['ros']
[0.227s] Level 1:colcon.colcon_core.package_identification:_identify(src/own_package) by extension 'ros'
[0.228s] DEBUG:colcon.colcon_core.package_identification:Package 'src/own_package' with type 'ros.ament_python' and name 'own_package'
[0.228s] Level 1:colcon.colcon_core.package_discovery:discover_packages(recursive) using defaults
[0.228s] Level 1:colcon.colcon_core.package_discovery:discover_packages(ignore) discover
[0.228s] Level 1:colcon.colcon_core.package_discovery:discover_packages(ignore) using defaults
[0.228s] Level 1:colcon.colcon_core.package_discovery:discover_packages(path) discover
[0.228s] Level 1:colcon.colcon_core.package_discovery:discover_packages(path) using defaults
[0.247s] Level 1:colcon.colcon_core.package_discovery:discover_packages(prefix_path) check parameters
[0.247s] Level 1:colcon.colcon_core.package_discovery:discover_packages(prefix_path) discover
[0.248s] DEBUG:colcon.colcon_installed_package_information.package_discovery:Found 6 installed packages in /home/eeavir/tellocontrol/install
[0.249s] DEBUG:colcon.colcon_installed_package_information.package_discovery:Found 275 installed packages in /opt/ros/galactic
[0.250s] Level 1:colcon.colcon_core.package_discovery:discover_packages(prefix_path) using defaults
[0.286s] Level 5:colcon.colcon_core.verb:set package 'own_package' build argument 'cmake_args' from command line to 'None'
[0.286s] Level 5:colcon.colcon_core.verb:set package 'own_package' build argument 'cmake_target' from command line to 'None'
[0.286s] Level 5:colcon.colcon_core.verb:set package 'own_package' build argument 'cmake_target_skip_unavailable' from command line to 'False'
[0.286s] Level 5:colcon.colcon_core.verb:set package 'own_package' build argument 'cmake_clean_cache' from command line to 'False'
[0.286s] Level 5:colcon.colcon_core.verb:set package 'own_package' build argument 'cmake_clean_first' from command line to 'False'
[0.286s] Level 5:colcon.colcon_core.verb:set package 'own_package' build argument 'cmake_force_configure' from command line to 'False'
[0.286s] Level 5:colcon.colcon_core.verb:set package 'own_package' build argument 'ament_cmake_args' from command line to 'None'
[0.286s] Level 5:colcon.colcon_core.verb:set package 'own_package' build argument 'catkin_cmake_args' from command line to 'None'
[0.286s] Level 5:colcon.colcon_core.verb:set package 'own_package' build argument 'catkin_skip_building_tests' from command line to 'False'
[0.286s] DEBUG:colcon.colcon_core.verb:Building package 'own_package' with the following arguments: {'ament_cmake_args': None, 'build_base': '/home/eeavir/tellocontrol/build/own_package', 'catkin_cmake_args': None, 'catkin_skip_building_tests': False, 'cmake_args': None, 'cmake_clean_cache': False, 'cmake_clean_first': False, 'cmake_force_configure': False, 'cmake_target': None, 'cmake_target_skip_unavailable': False, 'install_base': '/home/eeavir/tellocontrol/install/own_package', 'merge_install': False, 'path': '/home/eeavir/tellocontrol/src/own_package', 'symlink_install': False, 'test_result_base': None}
[0.286s] Level 5:colcon.colcon_core.verb:set package 'ros2_shared' build argument 'cmake_args' from command line to 'None'
[0.286s] Level 5:colcon.colcon_core.verb:set package 'ros2_shared' build argument 'cmake_target' from command line to 'None'
[0.286s] Level 5:colcon.colcon_core.verb:set package 'ros2_shared' build argument 'cmake_target_skip_unavailable' from command line to 'False'
[0.286s] Level 5:colcon.colcon_core.verb:set package 'ros2_shared' build argument 'cmake_clean_cache' from command line to 'False'
[0.286s] Level 5:colcon.colcon_core.verb:set package 'ros2_shared' build argument 'cmake_clean_first' from command line to 'False'
[0.286s] Level 5:colcon.colcon_core.verb:set package 'ros2_shared' build argument 'cmake_force_configure' from command line to 'False'
[0.286s] Level 5:colcon.colcon_core.verb:set package 'ros2_shared' build argument 'ament_cmake_args' from command line to 'None'
[0.286s] Level 5:colcon.colcon_core.verb:set package 'ros2_shared' build argument 'catkin_cmake_args' from command line to 'None'
[0.286s] Level 5:colcon.colcon_core.verb:set package 'ros2_shared' build argument 'catkin_skip_building_tests' from command line to 'False'
[0.286s] DEBUG:colcon.colcon_core.verb:Building package 'ros2_shared' with the following arguments: {'ament_cmake_args': None, 'build_base': '/home/eeavir/tellocontrol/build/ros2_shared', 'catkin_cmake_args': None, 'catkin_skip_building_tests': False, 'cmake_args': None, 'cmake_clean_cache': False, 'cmake_clean_first': False, 'cmake_force_configure': False, 'cmake_target': None, 'cmake_target_skip_unavailable': False, 'install_base': '/home/eeavir/tellocontrol/install/ros2_shared', 'merge_install': False, 'path': '/home/eeavir/tellocontrol/src/drone_racing_ros2/ros2_shared', 'symlink_install': False, 'test_result_base': None}
[0.287s] Level 5:colcon.colcon_core.verb:set package 'tello_description' build argument 'cmake_args' from command line to 'None'
[0.287s] Level 5:colcon.colcon_core.verb:set package 'tello_description' build argument 'cmake_target' from command line to 'None'
[0.287s] Level 5:colcon.colcon_core.verb:set package 'tello_description' build argument 'cmake_target_skip_unavailable' from command line to 'False'
[0.287s] Level 5:colcon.colcon_core.verb:set package 'tello_description' build argument 'cmake_clean_cache' from command line to 'False'
[0.287s] Level 5:colcon.colcon_core.verb:set package 'tello_description' build argument 'cmake_clean_first' from command line to 'False'
[0.287s] Level 5:colcon.colcon_core.verb:set package 'tello_description' build argument 'cmake_force_configure' from command line to 'False'
[0.287s] Level 5:colcon.colcon_core.verb:set package 'tello_description' build argument 'ament_cmake_args' from command line to 'None'
[0.287s] Level 5:colcon.colcon_core.verb:set package 'tello_description' build argument 'catkin_cmake_args' from command line to 'None'
[0.287s] Level 5:colcon.colcon_core.verb:set package 'tello_description' build argument 'catkin_skip_building_tests' from command line to 'False'
[0.287s] DEBUG:colcon.colcon_core.verb:Building package 'tello_description' with the following arguments: {'ament_cmake_args': None, 'build_base': '/home/eeavir/tellocontrol/build/tello_description', 'catkin_cmake_args': None, 'catkin_skip_building_tests': False, 'cmake_args': None, 'cmake_clean_cache': False, 'cmake_clean_first': False, 'cmake_force_configure': False, 'cmake_target': None, 'cmake_target_skip_unavailable': False, 'install_base': '/home/eeavir/tellocontrol/install/tello_description', 'merge_install': False, 'path': '/home/eeavir/tellocontrol/src/drone_racing_ros2/tello_ros/tello_description', 'symlink_install': False, 'test_result_base': None}
[0.287s] Level 5:colcon.colcon_core.verb:set package 'tello_msgs' build argument 'cmake_args' from command line to 'None'
[0.287s] Level 5:colcon.colcon_core.verb:set package 'tello_msgs' build argument 'cmake_target' from command line to 'None'
[0.287s] Level 5:colcon.colcon_core.verb:set package 'tello_msgs' build argument 'cmake_target_skip_unavailable' from command line to 'False'
[0.287s] Level 5:colcon.colcon_core.verb:set package 'tello_msgs' build argument 'cmake_clean_cache' from command line to 'False'
[0.287s] Level 5:colcon.colcon_core.verb:set package 'tello_msgs' build argument 'cmake_clean_first' from command line to 'False'
[0.287s] Level 5:colcon.colcon_core.verb:set package 'tello_msgs' build argument 'cmake_force_configure' from command line to 'False'
[0.287s] Level 5:colcon.colcon_core.verb:set package 'tello_msgs' build argument 'ament_cmake_args' from command line to 'None'
[0.287s] Level 5:colcon.colcon_core.verb:set package 'tello_msgs' build argument 'catkin_cmake_args' from command line to 'None'
[0.287s] Level 5:colcon.colcon_core.verb:set package 'tello_msgs' build argument 'catkin_skip_building_tests' from command line to 'False'
[0.287s] DEBUG:colcon.colcon_core.verb:Building package 'tello_msgs' with the following arguments: {'ament_cmake_args': None, 'build_base': '/home/eeavir/tellocontrol/build/tello_msgs', 'catkin_cmake_args': None, 'catkin_skip_building_tests': False, 'cmake_args': None, 'cmake_clean_cache': False, 'cmake_clean_first': False, 'cmake_force_configure': False, 'cmake_target': None, 'cmake_target_skip_unavailable': False, 'install_base': '/home/eeavir/tellocontrol/install/tello_msgs', 'merge_install': False, 'path': '/home/eeavir/tellocontrol/src/drone_racing_ros2/tello_ros/tello_msgs', 'symlink_install': False, 'test_result_base': None}
[0.287s] Level 5:colcon.colcon_core.verb:set package 'tello_driver' build argument 'cmake_args' from command line to 'None'
[0.287s] Level 5:colcon.colcon_core.verb:set package 'tello_driver' build argument 'cmake_target' from command line to 'None'
[0.287s] Level 5:colcon.colcon_core.verb:set package 'tello_driver' build argument 'cmake_target_skip_unavailable' from command line to 'False'
[0.287s] Level 5:colcon.colcon_core.verb:set package 'tello_driver' build argument 'cmake_clean_cache' from command line to 'False'
[0.287s] Level 5:colcon.colcon_core.verb:set package 'tello_driver' build argument 'cmake_clean_first' from command line to 'False'
[0.287s] Level 5:colcon.colcon_core.verb:set package 'tello_driver' build argument 'cmake_force_configure' from command line to 'False'
[0.287s] Level 5:colcon.colcon_core.verb:set package 'tello_driver' build argument 'ament_cmake_args' from command line to 'None'
[0.287s] Level 5:colcon.colcon_core.verb:set package 'tello_driver' build argument 'catkin_cmake_args' from command line to 'None'
[0.287s] Level 5:colcon.colcon_core.verb:set package 'tello_driver' build argument 'catkin_skip_building_tests' from command line to 'False'
[0.287s] DEBUG:colcon.colcon_core.verb:Building package 'tello_driver' with the following arguments: {'ament_cmake_args': None, 'build_base': '/home/eeavir/tellocontrol/build/tello_driver', 'catkin_cmake_args': None, 'catkin_skip_building_tests': False, 'cmake_args': None, 'cmake_clean_cache': False, 'cmake_clean_first': False, 'cmake_force_configure': False, 'cmake_target': None, 'cmake_target_skip_unavailable': False, 'install_base': '/home/eeavir/tellocontrol/install/tello_driver', 'merge_install': False, 'path': '/home/eeavir/tellocontrol/src/drone_racing_ros2/tello_ros/tello_driver', 'symlink_install': False, 'test_result_base': None}
[0.288s] Level 5:colcon.colcon_core.verb:set package 'tello_gazebo' build argument 'cmake_args' from command line to 'None'
[0.288s] Level 5:colcon.colcon_core.verb:set package 'tello_gazebo' build argument 'cmake_target' from command line to 'None'
[0.288s] Level 5:colcon.colcon_core.verb:set package 'tello_gazebo' build argument 'cmake_target_skip_unavailable' from command line to 'False'
[0.288s] Level 5:colcon.colcon_core.verb:set package 'tello_gazebo' build argument 'cmake_clean_cache' from command line to 'False'
[0.288s] Level 5:colcon.colcon_core.verb:set package 'tello_gazebo' build argument 'cmake_clean_first' from command line to 'False'
[0.288s] Level 5:colcon.colcon_core.verb:set package 'tello_gazebo' build argument 'cmake_force_configure' from command line to 'False'
[0.288s] Level 5:colcon.colcon_core.verb:set package 'tello_gazebo' build argument 'ament_cmake_args' from command line to 'None'
[0.288s] Level 5:colcon.colcon_core.verb:set package 'tello_gazebo' build argument 'catkin_cmake_args' from command line to 'None'
[0.288s] Level 5:colcon.colcon_core.verb:set package 'tello_gazebo' build argument 'catkin_skip_building_tests' from command line to 'False'
[0.288s] DEBUG:colcon.colcon_core.verb:Building package 'tello_gazebo' with the following arguments: {'ament_cmake_args': None, 'build_base': '/home/eeavir/tellocontrol/build/tello_gazebo', 'catkin_cmake_args': None, 'catkin_skip_building_tests': False, 'cmake_args': None, 'cmake_clean_cache': False, 'cmake_clean_first': False, 'cmake_force_configure': False, 'cmake_target': None, 'cmake_target_skip_unavailable': False, 'install_base': '/home/eeavir/tellocontrol/install/tello_gazebo', 'merge_install': False, 'path': '/home/eeavir/tellocontrol/src/drone_racing_ros2/tello_ros/tello_gazebo', 'symlink_install': False, 'test_result_base': None}
[0.288s] INFO:colcon.colcon_core.executor:Executing jobs using 'parallel' executor
[0.289s] DEBUG:colcon.colcon_parallel_executor.executor.parallel:run_until_complete
[0.289s] INFO:colcon.colcon_ros.task.ament_cmake.build:Building ROS package in '/home/eeavir/tellocontrol/src/drone_racing_ros2/tello_ros/tello_msgs' with build type 'ament_cmake'
[0.289s] INFO:colcon.colcon_cmake.task.cmake.build:Building CMake package in '/home/eeavir/tellocontrol/src/drone_racing_ros2/tello_ros/tello_msgs'
[0.290s] INFO:colcon.colcon_core.plugin_system:Skipping extension 'colcon_core.shell.bat': Not used on non-Windows systems
[0.290s] INFO:colcon.colcon_core.shell:Skip shell extension 'powershell' for command environment: Not usable outside of PowerShell
[0.290s] DEBUG:colcon.colcon_core.shell:Skip shell extension 'dsv' for command environment
[0.293s] INFO:colcon.colcon_ros.task.ament_cmake.build:Building ROS package in '/home/eeavir/tellocontrol/src/drone_racing_ros2/ros2_shared' with build type 'ament_cmake'
[0.293s] INFO:colcon.colcon_cmake.task.cmake.build:Building CMake package in '/home/eeavir/tellocontrol/src/drone_racing_ros2/ros2_shared'
[0.294s] INFO:colcon.colcon_core.shell:Skip shell extension 'powershell' for command environment: Not usable outside of PowerShell
[0.294s] DEBUG:colcon.colcon_core.shell:Skip shell extension 'dsv' for command environment
[0.297s] INFO:colcon.colcon_ros.task.ament_python.build:Building ROS package in '/home/eeavir/tellocontrol/src/own_package' with build type 'ament_python'
[0.297s] Level 1:colcon.colcon_core.shell:create_environment_hook('own_package', 'ament_prefix_path')
[0.298s] INFO:colcon.colcon_core.shell:Creating environment hook '/home/eeavir/tellocontrol/install/own_package/share/own_package/hook/ament_prefix_path.ps1'
[0.298s] INFO:colcon.colcon_core.shell:Creating environment descriptor '/home/eeavir/tellocontrol/install/own_package/share/own_package/hook/ament_prefix_path.dsv'
[0.299s] INFO:colcon.colcon_core.shell:Creating environment hook '/home/eeavir/tellocontrol/install/own_package/share/own_package/hook/ament_prefix_path.sh'
[0.299s] INFO:colcon.colcon_core.shell:Skip shell extension 'powershell' for command environment: Not usable outside of PowerShell
[0.299s] DEBUG:colcon.colcon_core.shell:Skip shell extension 'dsv' for command environment
[0.302s] INFO:colcon.colcon_ros.task.ament_cmake.build:Building ROS package in '/home/eeavir/tellocontrol/src/drone_racing_ros2/tello_ros/tello_description' with build type 'ament_cmake'
[0.302s] INFO:colcon.colcon_cmake.task.cmake.build:Building CMake package in '/home/eeavir/tellocontrol/src/drone_racing_ros2/tello_ros/tello_description'
[0.303s] INFO:colcon.colcon_core.shell:Skip shell extension 'powershell' for command environment: Not usable outside of PowerShell
[0.303s] DEBUG:colcon.colcon_core.shell:Skip shell extension 'dsv' for command environment
[0.311s] DEBUG:colcon.colcon_core.event_handler.log_command:Invoking command in '/home/eeavir/tellocontrol/build/tello_msgs': CMAKE_PREFIX_PATH=${CMAKE_PREFIX_PATH}:/home/eeavir/tellocontrol/install/own_package:/opt/ros/galactic /usr/bin/cmake --build /home/eeavir/tellocontrol/build/tello_msgs -- -j8 -l8
[0.313s] DEBUG:colcon.colcon_core.event_handler.log_command:Invoking command in '/home/eeavir/tellocontrol/build/ros2_shared': CMAKE_PREFIX_PATH=${CMAKE_PREFIX_PATH}:/home/eeavir/tellocontrol/install/own_package:/opt/ros/galactic /usr/bin/cmake --build /home/eeavir/tellocontrol/build/ros2_shared -- -j8 -l8
[0.469s] INFO:colcon.colcon_core.task.python.build:Building Python package in '/home/eeavir/tellocontrol/src/own_package'
[0.469s] INFO:colcon.colcon_core.shell:Skip shell extension 'powershell' for command environment: Not usable outside of PowerShell
[0.469s] DEBUG:colcon.colcon_core.shell:Skip shell extension 'dsv' for command environment
[0.477s] DEBUG:colcon.colcon_core.event_handler.log_command:Invoking command in '/home/eeavir/tellocontrol/build/tello_description': CMAKE_PREFIX_PATH=${CMAKE_PREFIX_PATH}:/home/eeavir/tellocontrol/install/own_package:/opt/ros/galactic /usr/bin/cmake --build /home/eeavir/tellocontrol/build/tello_description -- -j8 -l8
[0.479s] DEBUG:colcon.colcon_core.event_handler.log_command:Invoked command in '/home/eeavir/tellocontrol/build/ros2_shared' returned '0': CMAKE_PREFIX_PATH=${CMAKE_PREFIX_PATH}:/home/eeavir/tellocontrol/install/own_package:/opt/ros/galactic /usr/bin/cmake --build /home/eeavir/tellocontrol/build/ros2_shared -- -j8 -l8
[0.488s] DEBUG:colcon.colcon_core.event_handler.log_command:Invoking command in '/home/eeavir/tellocontrol/build/ros2_shared': CMAKE_PREFIX_PATH=${CMAKE_PREFIX_PATH}:/home/eeavir/tellocontrol/install/own_package:/opt/ros/galactic /usr/bin/cmake --install /home/eeavir/tellocontrol/build/ros2_shared
[0.489s] DEBUG:colcon.colcon_core.event_handler.log_command:Invoked command in '/home/eeavir/tellocontrol/build/tello_msgs' returned '0': CMAKE_PREFIX_PATH=${CMAKE_PREFIX_PATH}:/home/eeavir/tellocontrol/install/own_package:/opt/ros/galactic /usr/bin/cmake --build /home/eeavir/tellocontrol/build/tello_msgs -- -j8 -l8
[0.491s] DEBUG:colcon.colcon_core.event_handler.log_command:Invoking command in '/home/eeavir/tellocontrol/build/tello_msgs': CMAKE_PREFIX_PATH=${CMAKE_PREFIX_PATH}:/home/eeavir/tellocontrol/install/own_package:/opt/ros/galactic /usr/bin/cmake --install /home/eeavir/tellocontrol/build/tello_msgs
[0.498s] Level 1:colcon.colcon_core.environment:create_environment_scripts_only(ros2_shared)
[0.500s] DEBUG:colcon.colcon_core.event_handler.log_command:Invoked command in '/home/eeavir/tellocontrol/build/ros2_shared' returned '0': CMAKE_PREFIX_PATH=${CMAKE_PREFIX_PATH}:/home/eeavir/tellocontrol/install/own_package:/opt/ros/galactic /usr/bin/cmake --install /home/eeavir/tellocontrol/build/ros2_shared
[0.508s] Level 1:colcon.colcon_core.environment:checking '/home/eeavir/tellocontrol/install/ros2_shared' for CMake module files
[0.509s] Level 1:colcon.colcon_core.environment:checking '/home/eeavir/tellocontrol/install/ros2_shared' for CMake config files
[0.509s] Level 1:colcon.colcon_core.shell:create_environment_hook('ros2_shared', 'cmake_prefix_path')
[0.509s] INFO:colcon.colcon_core.shell:Creating environment hook '/home/eeavir/tellocontrol/install/ros2_shared/share/ros2_shared/hook/cmake_prefix_path.ps1'
[0.510s] INFO:colcon.colcon_core.shell:Creating environment descriptor '/home/eeavir/tellocontrol/install/ros2_shared/share/ros2_shared/hook/cmake_prefix_path.dsv'
[0.510s] INFO:colcon.colcon_core.shell:Creating environment hook '/home/eeavir/tellocontrol/install/ros2_shared/share/ros2_shared/hook/cmake_prefix_path.sh'
[0.511s] Level 1:colcon.colcon_core.environment:checking '/home/eeavir/tellocontrol/install/ros2_shared/bin'
[0.511s] Level 1:colcon.colcon_core.environment:checking '/home/eeavir/tellocontrol/install/ros2_shared/lib/pkgconfig/ros2_shared.pc'
[0.512s] Level 1:colcon.colcon_core.environment:checking '/home/eeavir/tellocontrol/install/ros2_shared/lib/python3.8/site-packages'
[0.512s] Level 1:colcon.colcon_core.environment:checking '/home/eeavir/tellocontrol/install/ros2_shared/bin'
[0.512s] INFO:colcon.colcon_core.shell:Creating package script '/home/eeavir/tellocontrol/install/ros2_shared/share/ros2_shared/package.ps1'
[0.513s] INFO:colcon.colcon_core.shell:Creating package descriptor '/home/eeavir/tellocontrol/install/ros2_shared/share/ros2_shared/package.dsv'
[0.514s] INFO:colcon.colcon_core.shell:Creating package script '/home/eeavir/tellocontrol/install/ros2_shared/share/ros2_shared/package.sh'
[0.515s] INFO:colcon.colcon_core.shell:Creating package script '/home/eeavir/tellocontrol/install/ros2_shared/share/ros2_shared/package.bash'
[0.515s] INFO:colcon.colcon_core.shell:Creating package script '/home/eeavir/tellocontrol/install/ros2_shared/share/ros2_shared/package.zsh'
[0.516s] Level 1:colcon.colcon_core.environment:create_file_with_runtime_dependencies(/home/eeavir/tellocontrol/install/ros2_shared/share/colcon-core/packages/ros2_shared)
[0.517s] Level 1:colcon.colcon_core.environment:create_environment_scripts_only(ros2_shared)
[0.517s] Level 1:colcon.colcon_core.environment:checking '/home/eeavir/tellocontrol/install/ros2_shared' for CMake module files
[0.518s] Level 1:colcon.colcon_core.environment:checking '/home/eeavir/tellocontrol/install/ros2_shared' for CMake config files
[0.518s] Level 1:colcon.colcon_core.shell:create_environment_hook('ros2_shared', 'cmake_prefix_path')
[0.518s] INFO:colcon.colcon_core.shell:Creating environment hook '/home/eeavir/tellocontrol/install/ros2_shared/share/ros2_shared/hook/cmake_prefix_path.ps1'
[0.518s] INFO:colcon.colcon_core.shell:Creating environment descriptor '/home/eeavir/tellocontrol/install/ros2_shared/share/ros2_shared/hook/cmake_prefix_path.dsv'
[0.519s] INFO:colcon.colcon_core.shell:Creating environment hook '/home/eeavir/tellocontrol/install/ros2_shared/share/ros2_shared/hook/cmake_prefix_path.sh'
[0.519s] Level 1:colcon.colcon_core.environment:checking '/home/eeavir/tellocontrol/install/ros2_shared/bin'
[0.519s] Level 1:colcon.colcon_core.environment:checking '/home/eeavir/tellocontrol/install/ros2_shared/lib/pkgconfig/ros2_shared.pc'
[0.519s] Level 1:colcon.colcon_core.environment:checking '/home/eeavir/tellocontrol/install/ros2_shared/lib/python3.8/site-packages'
[0.519s] Level 1:colcon.colcon_core.environment:checking '/home/eeavir/tellocontrol/install/ros2_shared/bin'
[0.520s] INFO:colcon.colcon_core.shell:Creating package script '/home/eeavir/tellocontrol/install/ros2_shared/share/ros2_shared/package.ps1'
[0.520s] INFO:colcon.colcon_core.shell:Creating package descriptor '/home/eeavir/tellocontrol/install/ros2_shared/share/ros2_shared/package.dsv'
[0.520s] INFO:colcon.colcon_core.shell:Creating package script '/home/eeavir/tellocontrol/install/ros2_shared/share/ros2_shared/package.sh'
[0.520s] INFO:colcon.colcon_core.shell:Creating package script '/home/eeavir/tellocontrol/install/ros2_shared/share/ros2_shared/package.bash'
[0.521s] INFO:colcon.colcon_core.shell:Creating package script '/home/eeavir/tellocontrol/install/ros2_shared/share/ros2_shared/package.zsh'
[0.521s] Level 1:colcon.colcon_core.environment:create_file_with_runtime_dependencies(/home/eeavir/tellocontrol/install/ros2_shared/share/colcon-core/packages/ros2_shared)
[0.541s] Level 1:colcon.colcon_core.environment:create_environment_scripts_only(tello_msgs)
[0.542s] Level 1:colcon.colcon_core.environment:checking '/home/eeavir/tellocontrol/install/tello_msgs' for CMake module files
[0.542s] DEBUG:colcon.colcon_core.event_handler.log_command:Invoked command in '/home/eeavir/tellocontrol/build/tello_msgs' returned '0': CMAKE_PREFIX_PATH=${CMAKE_PREFIX_PATH}:/home/eeavir/tellocontrol/install/own_package:/opt/ros/galactic /usr/bin/cmake --install /home/eeavir/tellocontrol/build/tello_msgs
[0.543s] Level 1:colcon.colcon_core.environment:checking '/home/eeavir/tellocontrol/install/tello_msgs' for CMake config files
[0.543s] Level 1:colcon.colcon_core.shell:create_environment_hook('tello_msgs', 'cmake_prefix_path')
[0.544s] INFO:colcon.colcon_core.shell:Creating environment hook '/home/eeavir/tellocontrol/install/tello_msgs/share/tello_msgs/hook/cmake_prefix_path.ps1'
[0.544s] INFO:colcon.colcon_core.shell:Creating environment descriptor '/home/eeavir/tellocontrol/install/tello_msgs/share/tello_msgs/hook/cmake_prefix_path.dsv'
[0.544s] INFO:colcon.colcon_core.shell:Creating environment hook '/home/eeavir/tellocontrol/install/tello_msgs/share/tello_msgs/hook/cmake_prefix_path.sh'
[0.545s] Level 1:colcon.colcon_core.environment:checking '/home/eeavir/tellocontrol/install/tello_msgs/lib'
[0.545s] Level 1:colcon.colcon_core.shell:create_environment_hook('tello_msgs', 'ld_library_path_lib')
[0.546s] INFO:colcon.colcon_core.shell:Creating environment hook '/home/eeavir/tellocontrol/install/tello_msgs/share/tello_msgs/hook/ld_library_path_lib.ps1'
[0.546s] INFO:colcon.colcon_core.shell:Creating environment descriptor '/home/eeavir/tellocontrol/install/tello_msgs/share/tello_msgs/hook/ld_library_path_lib.dsv'
[0.546s] INFO:colcon.colcon_core.shell:Creating environment hook '/home/eeavir/tellocontrol/install/tello_msgs/share/tello_msgs/hook/ld_library_path_lib.sh'
[0.547s] Level 1:colcon.colcon_core.environment:checking '/home/eeavir/tellocontrol/install/tello_msgs/bin'
[0.547s] Level 1:colcon.colcon_core.environment:checking '/home/eeavir/tellocontrol/install/tello_msgs/lib/pkgconfig/tello_msgs.pc'
[0.547s] Level 1:colcon.colcon_core.environment:checking '/home/eeavir/tellocontrol/install/tello_msgs/lib/python3.8/site-packages'
[0.547s] Level 1:colcon.colcon_core.shell:create_environment_hook('tello_msgs', 'pythonpath')
[0.547s] INFO:colcon.colcon_core.shell:Creating environment hook '/home/eeavir/tellocontrol/install/tello_msgs/share/tello_msgs/hook/pythonpath.ps1'
[0.548s] INFO:colcon.colcon_core.shell:Creating environment descriptor '/home/eeavir/tellocontrol/install/tello_msgs/share/tello_msgs/hook/pythonpath.dsv'
[0.548s] INFO:colcon.colcon_core.shell:Creating environment hook '/home/eeavir/tellocontrol/install/tello_msgs/share/tello_msgs/hook/pythonpath.sh'
[0.549s] Level 1:colcon.colcon_core.environment:checking '/home/eeavir/tellocontrol/install/tello_msgs/bin'
[0.549s] INFO:colcon.colcon_core.shell:Creating package script '/home/eeavir/tellocontrol/install/tello_msgs/share/tello_msgs/package.ps1'
[0.550s] INFO:colcon.colcon_core.shell:Creating package descriptor '/home/eeavir/tellocontrol/install/tello_msgs/share/tello_msgs/package.dsv'
[0.551s] INFO:colcon.colcon_core.shell:Creating package script '/home/eeavir/tellocontrol/install/tello_msgs/share/tello_msgs/package.sh'
[0.551s] INFO:colcon.colcon_core.shell:Creating package script '/home/eeavir/tellocontrol/install/tello_msgs/share/tello_msgs/package.bash'
[0.552s] INFO:colcon.colcon_core.shell:Creating package script '/home/eeavir/tellocontrol/install/tello_msgs/share/tello_msgs/package.zsh'
[0.552s] Level 1:colcon.colcon_core.environment:create_file_with_runtime_dependencies(/home/eeavir/tellocontrol/install/tello_msgs/share/colcon-core/packages/tello_msgs)
[0.553s] Level 1:colcon.colcon_core.environment:create_environment_scripts_only(tello_msgs)
[0.553s] Level 1:colcon.colcon_core.environment:checking '/home/eeavir/tellocontrol/install/tello_msgs' for CMake module files
[0.553s] Level 1:colcon.colcon_core.environment:checking '/home/eeavir/tellocontrol/install/tello_msgs' for CMake config files
[0.554s] Level 1:colcon.colcon_core.shell:create_environment_hook('tello_msgs', 'cmake_prefix_path')
[0.554s] INFO:colcon.colcon_core.shell:Creating environment hook '/home/eeavir/tellocontrol/install/tello_msgs/share/tello_msgs/hook/cmake_prefix_path.ps1'
[0.555s] INFO:colcon.colcon_core.shell:Creating environment descriptor '/home/eeavir/tellocontrol/install/tello_msgs/share/tello_msgs/hook/cmake_prefix_path.dsv'
[0.555s] INFO:colcon.colcon_core.shell:Creating environment hook '/home/eeavir/tellocontrol/install/tello_msgs/share/tello_msgs/hook/cmake_prefix_path.sh'
[0.556s] Level 1:colcon.colcon_core.environment:checking '/home/eeavir/tellocontrol/install/tello_msgs/lib'
[0.556s] Level 1:colcon.colcon_core.shell:create_environment_hook('tello_msgs', 'ld_library_path_lib')
[0.556s] INFO:colcon.colcon_core.shell:Creating environment hook '/home/eeavir/tellocontrol/install/tello_msgs/share/tello_msgs/hook/ld_library_path_lib.ps1'
[0.556s] INFO:colcon.colcon_core.shell:Creating environment descriptor '/home/eeavir/tellocontrol/install/tello_msgs/share/tello_msgs/hook/ld_library_path_lib.dsv'
[0.556s] INFO:colcon.colcon_core.shell:Creating environment hook '/home/eeavir/tellocontrol/install/tello_msgs/share/tello_msgs/hook/ld_library_path_lib.sh'
[0.557s] Level 1:colcon.colcon_core.environment:checking '/home/eeavir/tellocontrol/install/tello_msgs/bin'
[0.557s] Level 1:colcon.colcon_core.environment:checking '/home/eeavir/tellocontrol/install/tello_msgs/lib/pkgconfig/tello_msgs.pc'
[0.557s] Level 1:colcon.colcon_core.environment:checking '/home/eeavir/tellocontrol/install/tello_msgs/lib/python3.8/site-packages'
[0.557s] Level 1:colcon.colcon_core.shell:create_environment_hook('tello_msgs', 'pythonpath')
[0.557s] INFO:colcon.colcon_core.shell:Creating environment hook '/home/eeavir/tellocontrol/install/tello_msgs/share/tello_msgs/hook/pythonpath.ps1'
[0.558s] INFO:colcon.colcon_core.shell:Creating environment descriptor '/home/eeavir/tellocontrol/install/tello_msgs/share/tello_msgs/hook/pythonpath.dsv'
[0.558s] INFO:colcon.colcon_core.shell:Creating environment hook '/home/eeavir/tellocontrol/install/tello_msgs/share/tello_msgs/hook/pythonpath.sh'
[0.558s] Level 1:colcon.colcon_core.environment:checking '/home/eeavir/tellocontrol/install/tello_msgs/bin'
[0.559s] INFO:colcon.colcon_core.shell:Creating package script '/home/eeavir/tellocontrol/install/tello_msgs/share/tello_msgs/package.ps1'
[0.559s] INFO:colcon.colcon_core.shell:Creating package descriptor '/home/eeavir/tellocontrol/install/tello_msgs/share/tello_msgs/package.dsv'
[0.560s] INFO:colcon.colcon_core.shell:Creating package script '/home/eeavir/tellocontrol/install/tello_msgs/share/tello_msgs/package.sh'
[0.560s] INFO:colcon.colcon_core.shell:Creating package script '/home/eeavir/tellocontrol/install/tello_msgs/share/tello_msgs/package.bash'
[0.561s] INFO:colcon.colcon_core.shell:Creating package script '/home/eeavir/tellocontrol/install/tello_msgs/share/tello_msgs/package.zsh'
[0.561s] Level 1:colcon.colcon_core.environment:create_file_with_runtime_dependencies(/home/eeavir/tellocontrol/install/tello_msgs/share/colcon-core/packages/tello_msgs)
[0.562s] INFO:colcon.colcon_ros.task.ament_cmake.build:Building ROS package in '/home/eeavir/tellocontrol/src/drone_racing_ros2/tello_ros/tello_driver' with build type 'ament_cmake'
[0.562s] INFO:colcon.colcon_cmake.task.cmake.build:Building CMake package in '/home/eeavir/tellocontrol/src/drone_racing_ros2/tello_ros/tello_driver'
[0.562s] INFO:colcon.colcon_core.shell:Skip shell extension 'powershell' for command environment: Not usable outside of PowerShell
[0.563s] DEBUG:colcon.colcon_core.shell:Skip shell extension 'dsv' for command environment
[0.568s] INFO:colcon.colcon_ros.task.ament_cmake.build:Building ROS package in '/home/eeavir/tellocontrol/src/drone_racing_ros2/tello_ros/tello_gazebo' with build type 'ament_cmake'
[0.568s] INFO:colcon.colcon_cmake.task.cmake.build:Building CMake package in '/home/eeavir/tellocontrol/src/drone_racing_ros2/tello_ros/tello_gazebo'
[0.568s] INFO:colcon.colcon_core.shell:Skip shell extension 'powershell' for command environment: Not usable outside of PowerShell
[0.569s] DEBUG:colcon.colcon_core.shell:Skip shell extension 'dsv' for command environment
[0.575s] DEBUG:colcon.colcon_core.event_handler.log_command:Invoked command in '/home/eeavir/tellocontrol/build/tello_description' returned '0': CMAKE_PREFIX_PATH=${CMAKE_PREFIX_PATH}:/home/eeavir/tellocontrol/install/own_package:/opt/ros/galactic /usr/bin/cmake --build /home/eeavir/tellocontrol/build/tello_description -- -j8 -l8
[0.576s] DEBUG:colcon.colcon_core.event_handler.log_command:Invoking command in '/home/eeavir/tellocontrol/build/tello_description': CMAKE_PREFIX_PATH=${CMAKE_PREFIX_PATH}:/home/eeavir/tellocontrol/install/own_package:/opt/ros/galactic /usr/bin/cmake --install /home/eeavir/tellocontrol/build/tello_description
[0.582s] DEBUG:colcon.colcon_core.event_handler.log_command:Invoking command in '/home/eeavir/tellocontrol/build/tello_driver': CMAKE_PREFIX_PATH=/home/eeavir/tellocontrol/install/tello_msgs:/home/eeavir/tellocontrol/install/ros2_shared:/home/eeavir/tellocontrol/install/tello_gazebo:/home/eeavir/tellocontrol/install/tello_driver:/home/eeavir/tellocontrol/install/tello_description:/home/eeavir/tellocontrol/install/own_package:/opt/ros/galactic LD_LIBRARY_PATH=/home/eeavir/tellocontrol/install/tello_msgs/lib:/home/eeavir/tellocontrol/install/tello_gazebo/lib:/home/eeavir/tellocontrol/install/tello_driver/lib:/usr/lib/x86_64-linux-gnu/gazebo-11/plugins:/opt/ros/galactic/opt/yaml_cpp_vendor/lib:/opt/ros/galactic/opt/rviz_ogre_vendor/lib:/opt/ros/galactic/lib/x86_64-linux-gnu:/opt/ros/galactic/lib:/usr/lib/x86_64-linux-gnu/gazebo-11/plugins /usr/bin/cmake --build /home/eeavir/tellocontrol/build/tello_driver -- -j8 -l8
[0.588s] DEBUG:colcon.colcon_core.event_handler.log_command:Invoking command in '/home/eeavir/tellocontrol/build/tello_gazebo': CMAKE_PREFIX_PATH=/home/eeavir/tellocontrol/install/tello_msgs:/home/eeavir/tellocontrol/install/tello_gazebo:/home/eeavir/tellocontrol/install/tello_driver:/home/eeavir/tellocontrol/install/tello_description:/home/eeavir/tellocontrol/install/ros2_shared:/home/eeavir/tellocontrol/install/own_package:/opt/ros/galactic LD_LIBRARY_PATH=/home/eeavir/tellocontrol/install/tello_msgs/lib:/home/eeavir/tellocontrol/install/tello_gazebo/lib:/home/eeavir/tellocontrol/install/tello_driver/lib:/usr/lib/x86_64-linux-gnu/gazebo-11/plugins:/opt/ros/galactic/opt/yaml_cpp_vendor/lib:/opt/ros/galactic/opt/rviz_ogre_vendor/lib:/opt/ros/galactic/lib/x86_64-linux-gnu:/opt/ros/galactic/lib:/usr/lib/x86_64-linux-gnu/gazebo-11/plugins /usr/bin/cmake --build /home/eeavir/tellocontrol/build/tello_gazebo -- -j8 -l8
[0.588s] Level 1:colcon.colcon_core.environment:create_environment_scripts_only(tello_description)
[0.589s] Level 1:colcon.colcon_core.environment:checking '/home/eeavir/tellocontrol/install/tello_description' for CMake module files
[0.590s] Level 1:colcon.colcon_core.environment:checking '/home/eeavir/tellocontrol/install/tello_description' for CMake config files
[0.592s] DEBUG:colcon.colcon_core.event_handler.log_command:Invoked command in '/home/eeavir/tellocontrol/build/tello_description' returned '0': CMAKE_PREFIX_PATH=${CMAKE_PREFIX_PATH}:/home/eeavir/tellocontrol/install/own_package:/opt/ros/galactic /usr/bin/cmake --install /home/eeavir/tellocontrol/build/tello_description
[0.592s] Level 1:colcon.colcon_core.shell:create_environment_hook('tello_description', 'cmake_prefix_path')
[0.592s] INFO:colcon.colcon_core.shell:Creating environment hook '/home/eeavir/tellocontrol/install/tello_description/share/tello_description/hook/cmake_prefix_path.ps1'
[0.593s] INFO:colcon.colcon_core.shell:Creating environment descriptor '/home/eeavir/tellocontrol/install/tello_description/share/tello_description/hook/cmake_prefix_path.dsv'
[0.593s] INFO:colcon.colcon_core.shell:Creating environment hook '/home/eeavir/tellocontrol/install/tello_description/share/tello_description/hook/cmake_prefix_path.sh'
[0.594s] Level 1:colcon.colcon_core.environment:checking '/home/eeavir/tellocontrol/install/tello_description/bin'
[0.594s] Level 1:colcon.colcon_core.environment:checking '/home/eeavir/tellocontrol/install/tello_description/lib/pkgconfig/tello_description.pc'
[0.594s] Level 1:colcon.colcon_core.environment:checking '/home/eeavir/tellocontrol/install/tello_description/lib/python3.8/site-packages'
[0.594s] Level 1:colcon.colcon_core.environment:checking '/home/eeavir/tellocontrol/install/tello_description/bin'
[0.594s] INFO:colcon.colcon_core.shell:Creating package script '/home/eeavir/tellocontrol/install/tello_description/share/tello_description/package.ps1'
[0.595s] INFO:colcon.colcon_core.shell:Creating package descriptor '/home/eeavir/tellocontrol/install/tello_description/share/tello_description/package.dsv'
[0.595s] INFO:colcon.colcon_core.shell:Creating package script '/home/eeavir/tellocontrol/install/tello_description/share/tello_description/package.sh'
[0.595s] INFO:colcon.colcon_core.shell:Creating package script '/home/eeavir/tellocontrol/install/tello_description/share/tello_description/package.bash'
[0.595s] INFO:colcon.colcon_core.shell:Creating package script '/home/eeavir/tellocontrol/install/tello_description/share/tello_description/package.zsh'
[0.595s] Level 1:colcon.colcon_core.environment:create_file_with_runtime_dependencies(/home/eeavir/tellocontrol/install/tello_description/share/colcon-core/packages/tello_description)
[0.596s] Level 1:colcon.colcon_core.environment:create_environment_scripts_only(tello_description)
[0.596s] Level 1:colcon.colcon_core.environment:checking '/home/eeavir/tellocontrol/install/tello_description' for CMake module files
[0.596s] Level 1:colcon.colcon_core.environment:checking '/home/eeavir/tellocontrol/install/tello_description' for CMake config files
[0.596s] Level 1:colcon.colcon_core.shell:create_environment_hook('tello_description', 'cmake_prefix_path')
[0.597s] INFO:colcon.colcon_core.shell:Creating environment hook '/home/eeavir/tellocontrol/install/tello_description/share/tello_description/hook/cmake_prefix_path.ps1'
[0.597s] INFO:colcon.colcon_core.shell:Creating environment descriptor '/home/eeavir/tellocontrol/install/tello_description/share/tello_description/hook/cmake_prefix_path.dsv'
[0.597s] INFO:colcon.colcon_core.shell:Creating environment hook '/home/eeavir/tellocontrol/install/tello_description/share/tello_description/hook/cmake_prefix_path.sh'
[0.597s] Level 1:colcon.colcon_core.environment:checking '/home/eeavir/tellocontrol/install/tello_description/bin'
[0.598s] Level 1:colcon.colcon_core.environment:checking '/home/eeavir/tellocontrol/install/tello_description/lib/pkgconfig/tello_description.pc'
[0.598s] Level 1:colcon.colcon_core.environment:checking '/home/eeavir/tellocontrol/install/tello_description/lib/python3.8/site-packages'
[0.598s] Level 1:colcon.colcon_core.environment:checking '/home/eeavir/tellocontrol/install/tello_description/bin'
[0.598s] INFO:colcon.colcon_core.shell:Creating package script '/home/eeavir/tellocontrol/install/tello_description/share/tello_description/package.ps1'
[0.598s] INFO:colcon.colcon_core.shell:Creating package descriptor '/home/eeavir/tellocontrol/install/tello_description/share/tello_description/package.dsv'
[0.599s] INFO:colcon.colcon_core.shell:Creating package script '/home/eeavir/tellocontrol/install/tello_description/share/tello_description/package.sh'
[0.599s] INFO:colcon.colcon_core.shell:Creating package script '/home/eeavir/tellocontrol/install/tello_description/share/tello_description/package.bash'
[0.599s] INFO:colcon.colcon_core.shell:Creating package script '/home/eeavir/tellocontrol/install/tello_description/share/tello_description/package.zsh'
[0.599s] Level 1:colcon.colcon_core.environment:create_file_with_runtime_dependencies(/home/eeavir/tellocontrol/install/tello_description/share/colcon-core/packages/tello_description)
[0.664s] DEBUG:colcon.colcon_core.event_handler.log_command:Invoked command in '/home/eeavir/tellocontrol/build/tello_driver' returned '0': CMAKE_PREFIX_PATH=/home/eeavir/tellocontrol/install/tello_msgs:/home/eeavir/tellocontrol/install/ros2_shared:/home/eeavir/tellocontrol/install/tello_gazebo:/home/eeavir/tellocontrol/install/tello_driver:/home/eeavir/tellocontrol/install/tello_description:/home/eeavir/tellocontrol/install/own_package:/opt/ros/galactic LD_LIBRARY_PATH=/home/eeavir/tellocontrol/install/tello_msgs/lib:/home/eeavir/tellocontrol/install/tello_gazebo/lib:/home/eeavir/tellocontrol/install/tello_driver/lib:/usr/lib/x86_64-linux-gnu/gazebo-11/plugins:/opt/ros/galactic/opt/yaml_cpp_vendor/lib:/opt/ros/galactic/opt/rviz_ogre_vendor/lib:/opt/ros/galactic/lib/x86_64-linux-gnu:/opt/ros/galactic/lib:/usr/lib/x86_64-linux-gnu/gazebo-11/plugins /usr/bin/cmake --build /home/eeavir/tellocontrol/build/tello_driver -- -j8 -l8
[0.665s] DEBUG:colcon.colcon_core.event_handler.log_command:Invoking command in '/home/eeavir/tellocontrol/build/tello_driver': CMAKE_PREFIX_PATH=/home/eeavir/tellocontrol/install/tello_msgs:/home/eeavir/tellocontrol/install/ros2_shared:/home/eeavir/tellocontrol/install/tello_gazebo:/home/eeavir/tellocontrol/install/tello_driver:/home/eeavir/tellocontrol/install/tello_description:/home/eeavir/tellocontrol/install/own_package:/opt/ros/galactic LD_LIBRARY_PATH=/home/eeavir/tellocontrol/install/tello_msgs/lib:/home/eeavir/tellocontrol/install/tello_gazebo/lib:/home/eeavir/tellocontrol/install/tello_driver/lib:/usr/lib/x86_64-linux-gnu/gazebo-11/plugins:/opt/ros/galactic/opt/yaml_cpp_vendor/lib:/opt/ros/galactic/opt/rviz_ogre_vendor/lib:/opt/ros/galactic/lib/x86_64-linux-gnu:/opt/ros/galactic/lib:/usr/lib/x86_64-linux-gnu/gazebo-11/plugins /usr/bin/cmake --install /home/eeavir/tellocontrol/build/tello_driver
[0.667s] DEBUG:colcon.colcon_core.event_handler.log_command:Invoked command in '/home/eeavir/tellocontrol/build/tello_gazebo' returned '0': CMAKE_PREFIX_PATH=/home/eeavir/tellocontrol/install/tello_msgs:/home/eeavir/tellocontrol/install/tello_gazebo:/home/eeavir/tellocontrol/install/tello_driver:/home/eeavir/tellocontrol/install/tello_description:/home/eeavir/tellocontrol/install/ros2_shared:/home/eeavir/tellocontrol/install/own_package:/opt/ros/galactic LD_LIBRARY_PATH=/home/eeavir/tellocontrol/install/tello_msgs/lib:/home/eeavir/tellocontrol/install/tello_gazebo/lib:/home/eeavir/tellocontrol/install/tello_driver/lib:/usr/lib/x86_64-linux-gnu/gazebo-11/plugins:/opt/ros/galactic/opt/yaml_cpp_vendor/lib:/opt/ros/galactic/opt/rviz_ogre_vendor/lib:/opt/ros/galactic/lib/x86_64-linux-gnu:/opt/ros/galactic/lib:/usr/lib/x86_64-linux-gnu/gazebo-11/plugins /usr/bin/cmake --build /home/eeavir/tellocontrol/build/tello_gazebo -- -j8 -l8
[0.669s] DEBUG:colcon.colcon_core.event_handler.log_command:Invoking command in '/home/eeavir/tellocontrol/build/tello_gazebo': CMAKE_PREFIX_PATH=/home/eeavir/tellocontrol/install/tello_msgs:/home/eeavir/tellocontrol/install/tello_gazebo:/home/eeavir/tellocontrol/install/tello_driver:/home/eeavir/tellocontrol/install/tello_description:/home/eeavir/tellocontrol/install/ros2_shared:/home/eeavir/tellocontrol/install/own_package:/opt/ros/galactic LD_LIBRARY_PATH=/home/eeavir/tellocontrol/install/tello_msgs/lib:/home/eeavir/tellocontrol/install/tello_gazebo/lib:/home/eeavir/tellocontrol/install/tello_driver/lib:/usr/lib/x86_64-linux-gnu/gazebo-11/plugins:/opt/ros/galactic/opt/yaml_cpp_vendor/lib:/opt/ros/galactic/opt/rviz_ogre_vendor/lib:/opt/ros/galactic/lib/x86_64-linux-gnu:/opt/ros/galactic/lib:/usr/lib/x86_64-linux-gnu/gazebo-11/plugins /usr/bin/cmake --install /home/eeavir/tellocontrol/build/tello_gazebo
[0.674s] Level 1:colcon.colcon_core.environment:create_environment_scripts_only(tello_driver)
[0.675s] Level 1:colcon.colcon_core.environment:checking '/home/eeavir/tellocontrol/install/tello_driver' for CMake module files
[0.675s] Level 1:colcon.colcon_core.environment:checking '/home/eeavir/tellocontrol/install/tello_driver' for CMake config files
[0.676s] DEBUG:colcon.colcon_core.event_handler.log_command:Invoked command in '/home/eeavir/tellocontrol/build/tello_driver' returned '0': CMAKE_PREFIX_PATH=/home/eeavir/tellocontrol/install/tello_msgs:/home/eeavir/tellocontrol/install/ros2_shared:/home/eeavir/tellocontrol/install/tello_gazebo:/home/eeavir/tellocontrol/install/tello_driver:/home/eeavir/tellocontrol/install/tello_description:/home/eeavir/tellocontrol/install/own_package:/opt/ros/galactic LD_LIBRARY_PATH=/home/eeavir/tellocontrol/install/tello_msgs/lib:/home/eeavir/tellocontrol/install/tello_gazebo/lib:/home/eeavir/tellocontrol/install/tello_driver/lib:/usr/lib/x86_64-linux-gnu/gazebo-11/plugins:/opt/ros/galactic/opt/yaml_cpp_vendor/lib:/opt/ros/galactic/opt/rviz_ogre_vendor/lib:/opt/ros/galactic/lib/x86_64-linux-gnu:/opt/ros/galactic/lib:/usr/lib/x86_64-linux-gnu/gazebo-11/plugins /usr/bin/cmake --install /home/eeavir/tellocontrol/build/tello_driver
[0.677s] Level 1:colcon.colcon_core.shell:create_environment_hook('tello_driver', 'cmake_prefix_path')
[0.677s] INFO:colcon.colcon_core.shell:Creating environment hook '/home/eeavir/tellocontrol/install/tello_driver/share/tello_driver/hook/cmake_prefix_path.ps1'
[0.678s] INFO:colcon.colcon_core.shell:Creating environment descriptor '/home/eeavir/tellocontrol/install/tello_driver/share/tello_driver/hook/cmake_prefix_path.dsv'
[0.678s] INFO:colcon.colcon_core.shell:Creating environment hook '/home/eeavir/tellocontrol/install/tello_driver/share/tello_driver/hook/cmake_prefix_path.sh'
[0.679s] Level 1:colcon.colcon_core.environment:checking '/home/eeavir/tellocontrol/install/tello_driver/lib'
[0.679s] Level 1:colcon.colcon_core.shell:create_environment_hook('tello_driver', 'ld_library_path_lib')
[0.679s] INFO:colcon.colcon_core.shell:Creating environment hook '/home/eeavir/tellocontrol/install/tello_driver/share/tello_driver/hook/ld_library_path_lib.ps1'
[0.680s] INFO:colcon.colcon_core.shell:Creating environment descriptor '/home/eeavir/tellocontrol/install/tello_driver/share/tello_driver/hook/ld_library_path_lib.dsv'
[0.680s] INFO:colcon.colcon_core.shell:Creating environment hook '/home/eeavir/tellocontrol/install/tello_driver/share/tello_driver/hook/ld_library_path_lib.sh'
[0.680s] Level 1:colcon.colcon_core.environment:checking '/home/eeavir/tellocontrol/install/tello_driver/bin'
[0.680s] Level 1:colcon.colcon_core.environment:checking '/home/eeavir/tellocontrol/install/tello_driver/lib/pkgconfig/tello_driver.pc'
[0.681s] Level 1:colcon.colcon_core.environment:checking '/home/eeavir/tellocontrol/install/tello_driver/lib/python3.8/site-packages'
[0.681s] Level 1:colcon.colcon_core.environment:checking '/home/eeavir/tellocontrol/install/tello_driver/bin'
[0.681s] INFO:colcon.colcon_core.shell:Creating package script '/home/eeavir/tellocontrol/install/tello_driver/share/tello_driver/package.ps1'
[0.681s] INFO:colcon.colcon_core.shell:Creating package descriptor '/home/eeavir/tellocontrol/install/tello_driver/share/tello_driver/package.dsv'
[0.682s] INFO:colcon.colcon_core.shell:Creating package script '/home/eeavir/tellocontrol/install/tello_driver/share/tello_driver/package.sh'
[0.683s] INFO:colcon.colcon_core.shell:Creating package script '/home/eeavir/tellocontrol/install/tello_driver/share/tello_driver/package.bash'
[0.683s] INFO:colcon.colcon_core.shell:Creating package script '/home/eeavir/tellocontrol/install/tello_driver/share/tello_driver/package.zsh'
[0.683s] Level 1:colcon.colcon_core.environment:create_file_with_runtime_dependencies(/home/eeavir/tellocontrol/install/tello_driver/share/colcon-core/packages/tello_driver)
[0.684s] Level 1:colcon.colcon_core.environment:create_environment_scripts_only(tello_driver)
[0.684s] Level 1:colcon.colcon_core.environment:checking '/home/eeavir/tellocontrol/install/tello_driver' for CMake module files
[0.685s] Level 1:colcon.colcon_core.environment:checking '/home/eeavir/tellocontrol/install/tello_driver' for CMake config files
[0.686s] Level 1:colcon.colcon_core.shell:create_environment_hook('tello_driver', 'cmake_prefix_path')
[0.686s] INFO:colcon.colcon_core.shell:Creating environment hook '/home/eeavir/tellocontrol/install/tello_driver/share/tello_driver/hook/cmake_prefix_path.ps1'
[0.686s] INFO:colcon.colcon_core.shell:Creating environment descriptor '/home/eeavir/tellocontrol/install/tello_driver/share/tello_driver/hook/cmake_prefix_path.dsv'
[0.687s] INFO:colcon.colcon_core.shell:Creating environment hook '/home/eeavir/tellocontrol/install/tello_driver/share/tello_driver/hook/cmake_prefix_path.sh'
[0.688s] Level 1:colcon.colcon_core.environment:checking '/home/eeavir/tellocontrol/install/tello_driver/lib'
[0.688s] Level 1:colcon.colcon_core.shell:create_environment_hook('tello_driver', 'ld_library_path_lib')
[0.688s] INFO:colcon.colcon_core.shell:Creating environment hook '/home/eeavir/tellocontrol/install/tello_driver/share/tello_driver/hook/ld_library_path_lib.ps1'
[0.688s] INFO:colcon.colcon_core.shell:Creating environment descriptor '/home/eeavir/tellocontrol/install/tello_driver/share/tello_driver/hook/ld_library_path_lib.dsv'
[0.689s] INFO:colcon.colcon_core.shell:Creating environment hook '/home/eeavir/tellocontrol/install/tello_driver/share/tello_driver/hook/ld_library_path_lib.sh'
[0.689s] Level 1:colcon.colcon_core.environment:checking '/home/eeavir/tellocontrol/install/tello_driver/bin'
[0.689s] Level 1:colcon.colcon_core.environment:checking '/home/eeavir/tellocontrol/install/tello_driver/lib/pkgconfig/tello_driver.pc'
[0.689s] Level 1:colcon.colcon_core.environment:checking '/home/eeavir/tellocontrol/install/tello_driver/lib/python3.8/site-packages'
[0.689s] Level 1:colcon.colcon_core.environment:checking '/home/eeavir/tellocontrol/install/tello_driver/bin'
[0.689s] INFO:colcon.colcon_core.shell:Creating package script '/home/eeavir/tellocontrol/install/tello_driver/share/tello_driver/package.ps1'
[0.690s] INFO:colcon.colcon_core.shell:Creating package descriptor '/home/eeavir/tellocontrol/install/tello_driver/share/tello_driver/package.dsv'
[0.690s] INFO:colcon.colcon_core.shell:Creating package script '/home/eeavir/tellocontrol/install/tello_driver/share/tello_driver/package.sh'
[0.691s] INFO:colcon.colcon_core.shell:Creating package script '/home/eeavir/tellocontrol/install/tello_driver/share/tello_driver/package.bash'
[0.691s] INFO:colcon.colcon_core.shell:Creating package script '/home/eeavir/tellocontrol/install/tello_driver/share/tello_driver/package.zsh'
[0.692s] Level 1:colcon.colcon_core.environment:create_file_with_runtime_dependencies(/home/eeavir/tellocontrol/install/tello_driver/share/colcon-core/packages/tello_driver)
[0.693s] Level 1:colcon.colcon_core.environment:create_environment_scripts_only(tello_gazebo)
[0.693s] Level 1:colcon.colcon_core.environment:checking '/home/eeavir/tellocontrol/install/tello_gazebo' for CMake module files
[0.694s] Level 1:colcon.colcon_core.environment:checking '/home/eeavir/tellocontrol/install/tello_gazebo' for CMake config files
[0.695s] DEBUG:colcon.colcon_core.event_handler.log_command:Invoked command in '/home/eeavir/tellocontrol/build/tello_gazebo' returned '0': CMAKE_PREFIX_PATH=/home/eeavir/tellocontrol/install/tello_msgs:/home/eeavir/tellocontrol/install/tello_gazebo:/home/eeavir/tellocontrol/install/tello_driver:/home/eeavir/tellocontrol/install/tello_description:/home/eeavir/tellocontrol/install/ros2_shared:/home/eeavir/tellocontrol/install/own_package:/opt/ros/galactic LD_LIBRARY_PATH=/home/eeavir/tellocontrol/install/tello_msgs/lib:/home/eeavir/tellocontrol/install/tello_gazebo/lib:/home/eeavir/tellocontrol/install/tello_driver/lib:/usr/lib/x86_64-linux-gnu/gazebo-11/plugins:/opt/ros/galactic/opt/yaml_cpp_vendor/lib:/opt/ros/galactic/opt/rviz_ogre_vendor/lib:/opt/ros/galactic/lib/x86_64-linux-gnu:/opt/ros/galactic/lib:/usr/lib/x86_64-linux-gnu/gazebo-11/plugins /usr/bin/cmake --install /home/eeavir/tellocontrol/build/tello_gazebo
[0.695s] Level 1:colcon.colcon_core.shell:create_environment_hook('tello_gazebo', 'cmake_prefix_path')
[0.696s] INFO:colcon.colcon_core.shell:Creating environment hook '/home/eeavir/tellocontrol/install/tello_gazebo/share/tello_gazebo/hook/cmake_prefix_path.ps1'
[0.696s] INFO:colcon.colcon_core.shell:Creating environment descriptor '/home/eeavir/tellocontrol/install/tello_gazebo/share/tello_gazebo/hook/cmake_prefix_path.dsv'
[0.696s] INFO:colcon.colcon_core.shell:Creating environment hook '/home/eeavir/tellocontrol/install/tello_gazebo/share/tello_gazebo/hook/cmake_prefix_path.sh'
[0.696s] Level 1:colcon.colcon_core.environment:checking '/home/eeavir/tellocontrol/install/tello_gazebo/lib'
[0.696s] Level 1:colcon.colcon_core.shell:create_environment_hook('tello_gazebo', 'ld_library_path_lib')
[0.697s] INFO:colcon.colcon_core.shell:Creating environment hook '/home/eeavir/tellocontrol/install/tello_gazebo/share/tello_gazebo/hook/ld_library_path_lib.ps1'
[0.697s] INFO:colcon.colcon_core.shell:Creating environment descriptor '/home/eeavir/tellocontrol/install/tello_gazebo/share/tello_gazebo/hook/ld_library_path_lib.dsv'
[0.697s] INFO:colcon.colcon_core.shell:Creating environment hook '/home/eeavir/tellocontrol/install/tello_gazebo/share/tello_gazebo/hook/ld_library_path_lib.sh'
[0.697s] Level 1:colcon.colcon_core.environment:checking '/home/eeavir/tellocontrol/install/tello_gazebo/bin'
[0.697s] Level 1:colcon.colcon_core.environment:checking '/home/eeavir/tellocontrol/install/tello_gazebo/lib/pkgconfig/tello_gazebo.pc'
[0.697s] Level 1:colcon.colcon_core.environment:checking '/home/eeavir/tellocontrol/install/tello_gazebo/lib/python3.8/site-packages'
[0.697s] Level 1:colcon.colcon_core.environment:checking '/home/eeavir/tellocontrol/install/tello_gazebo/bin'
[0.698s] INFO:colcon.colcon_core.shell:Creating package script '/home/eeavir/tellocontrol/install/tello_gazebo/share/tello_gazebo/package.ps1'
[0.698s] INFO:colcon.colcon_core.shell:Creating package descriptor '/home/eeavir/tellocontrol/install/tello_gazebo/share/tello_gazebo/package.dsv'
[0.698s] INFO:colcon.colcon_core.shell:Creating package script '/home/eeavir/tellocontrol/install/tello_gazebo/share/tello_gazebo/package.sh'
[0.698s] INFO:colcon.colcon_core.shell:Creating package script '/home/eeavir/tellocontrol/install/tello_gazebo/share/tello_gazebo/package.bash'
[0.699s] INFO:colcon.colcon_core.shell:Creating package script '/home/eeavir/tellocontrol/install/tello_gazebo/share/tello_gazebo/package.zsh'
[0.699s] Level 1:colcon.colcon_core.environment:create_file_with_runtime_dependencies(/home/eeavir/tellocontrol/install/tello_gazebo/share/colcon-core/packages/tello_gazebo)
[0.699s] Level 1:colcon.colcon_core.environment:create_environment_scripts_only(tello_gazebo)
[0.699s] Level 1:colcon.colcon_core.environment:checking '/home/eeavir/tellocontrol/install/tello_gazebo' for CMake module files
[0.700s] Level 1:colcon.colcon_core.environment:checking '/home/eeavir/tellocontrol/install/tello_gazebo' for CMake config files
[0.700s] Level 1:colcon.colcon_core.shell:create_environment_hook('tello_gazebo', 'cmake_prefix_path')
[0.700s] INFO:colcon.colcon_core.shell:Creating environment hook '/home/eeavir/tellocontrol/install/tello_gazebo/share/tello_gazebo/hook/cmake_prefix_path.ps1'
[0.700s] INFO:colcon.colcon_core.shell:Creating environment descriptor '/home/eeavir/tellocontrol/install/tello_gazebo/share/tello_gazebo/hook/cmake_prefix_path.dsv'
[0.701s] INFO:colcon.colcon_core.shell:Creating environment hook '/home/eeavir/tellocontrol/install/tello_gazebo/share/tello_gazebo/hook/cmake_prefix_path.sh'
[0.701s] Level 1:colcon.colcon_core.environment:checking '/home/eeavir/tellocontrol/install/tello_gazebo/lib'
[0.701s] Level 1:colcon.colcon_core.shell:create_environment_hook('tello_gazebo', 'ld_library_path_lib')
[0.701s] INFO:colcon.colcon_core.shell:Creating environment hook '/home/eeavir/tellocontrol/install/tello_gazebo/share/tello_gazebo/hook/ld_library_path_lib.ps1'
[0.701s] INFO:colcon.colcon_core.shell:Creating environment descriptor '/home/eeavir/tellocontrol/install/tello_gazebo/share/tello_gazebo/hook/ld_library_path_lib.dsv'
[0.702s] INFO:colcon.colcon_core.shell:Creating environment hook '/home/eeavir/tellocontrol/install/tello_gazebo/share/tello_gazebo/hook/ld_library_path_lib.sh'
[0.702s] Level 1:colcon.colcon_core.environment:checking '/home/eeavir/tellocontrol/install/tello_gazebo/bin'
[0.702s] Level 1:colcon.colcon_core.environment:checking '/home/eeavir/tellocontrol/install/tello_gazebo/lib/pkgconfig/tello_gazebo.pc'
[0.702s] Level 1:colcon.colcon_core.environment:checking '/home/eeavir/tellocontrol/install/tello_gazebo/lib/python3.8/site-packages'
[0.702s] Level 1:colcon.colcon_core.environment:checking '/home/eeavir/tellocontrol/install/tello_gazebo/bin'
[0.702s] INFO:colcon.colcon_core.shell:Creating package script '/home/eeavir/tellocontrol/install/tello_gazebo/share/tello_gazebo/package.ps1'
[0.703s] INFO:colcon.colcon_core.shell:Creating package descriptor '/home/eeavir/tellocontrol/install/tello_gazebo/share/tello_gazebo/package.dsv'
[0.703s] INFO:colcon.colcon_core.shell:Creating package script '/home/eeavir/tellocontrol/install/tello_gazebo/share/tello_gazebo/package.sh'
[0.703s] INFO:colcon.colcon_core.shell:Creating package script '/home/eeavir/tellocontrol/install/tello_gazebo/share/tello_gazebo/package.bash'
[0.704s] INFO:colcon.colcon_core.shell:Creating package script '/home/eeavir/tellocontrol/install/tello_gazebo/share/tello_gazebo/package.zsh'
[0.704s] Level 1:colcon.colcon_core.environment:create_file_with_runtime_dependencies(/home/eeavir/tellocontrol/install/tello_gazebo/share/colcon-core/packages/tello_gazebo)
[0.797s] DEBUG:colcon.colcon_core.event_handler.log_command:Invoking command in '/home/eeavir/tellocontrol/src/own_package': PYTHONPATH=/home/eeavir/tellocontrol/build/own_package/prefix_override:/usr/lib/python3/dist-packages/colcon_core/task/python/colcon_distutils_commands:/home/eeavir/tellocontrol/install/own_package/lib/python3.8/site-packages:${PYTHONPATH} /usr/bin/python3 -W ignore:setup.py install is deprecated -W ignore:easy_install command is deprecated setup.py egg_info --egg-base ../../build/own_package build --build-base /home/eeavir/tellocontrol/build/own_package/build install --record /home/eeavir/tellocontrol/build/own_package/install.log --single-version-externally-managed install_data
[0.980s] Level 1:colcon.colcon_core.environment:checking '/home/eeavir/tellocontrol/install/own_package' for CMake module files
[0.980s] DEBUG:colcon.colcon_core.event_handler.log_command:Invoked command in '/home/eeavir/tellocontrol/src/own_package' returned '0': PYTHONPATH=/home/eeavir/tellocontrol/build/own_package/prefix_override:/usr/lib/python3/dist-packages/colcon_core/task/python/colcon_distutils_commands:/home/eeavir/tellocontrol/install/own_package/lib/python3.8/site-packages:${PYTHONPATH} /usr/bin/python3 -W ignore:setup.py install is deprecated -W ignore:easy_install command is deprecated setup.py egg_info --egg-base ../../build/own_package build --build-base /home/eeavir/tellocontrol/build/own_package/build install --record /home/eeavir/tellocontrol/build/own_package/install.log --single-version-externally-managed install_data
[0.981s] Level 1:colcon.colcon_core.environment:checking '/home/eeavir/tellocontrol/install/own_package' for CMake config files
[0.981s] Level 1:colcon.colcon_core.environment:checking '/home/eeavir/tellocontrol/install/own_package/lib'
[0.981s] Level 1:colcon.colcon_core.environment:checking '/home/eeavir/tellocontrol/install/own_package/bin'
[0.981s] Level 1:colcon.colcon_core.environment:checking '/home/eeavir/tellocontrol/install/own_package/lib/pkgconfig/own_package.pc'
[0.981s] Level 1:colcon.colcon_core.environment:checking '/home/eeavir/tellocontrol/install/own_package/lib/python3.8/site-packages'
[0.981s] Level 1:colcon.colcon_core.shell:create_environment_hook('own_package', 'pythonpath')
[0.981s] INFO:colcon.colcon_core.shell:Creating environment hook '/home/eeavir/tellocontrol/install/own_package/share/own_package/hook/pythonpath.ps1'
[0.982s] INFO:colcon.colcon_core.shell:Creating environment descriptor '/home/eeavir/tellocontrol/install/own_package/share/own_package/hook/pythonpath.dsv'
[0.982s] INFO:colcon.colcon_core.shell:Creating environment hook '/home/eeavir/tellocontrol/install/own_package/share/own_package/hook/pythonpath.sh'
[0.982s] Level 1:colcon.colcon_core.environment:checking '/home/eeavir/tellocontrol/install/own_package/bin'
[0.982s] Level 1:colcon.colcon_core.environment:create_environment_scripts_only(own_package)
[0.983s] INFO:colcon.colcon_core.shell:Creating package script '/home/eeavir/tellocontrol/install/own_package/share/own_package/package.ps1'
[0.983s] INFO:colcon.colcon_core.shell:Creating package descriptor '/home/eeavir/tellocontrol/install/own_package/share/own_package/package.dsv'
[0.983s] INFO:colcon.colcon_core.shell:Creating package script '/home/eeavir/tellocontrol/install/own_package/share/own_package/package.sh'
[0.983s] INFO:colcon.colcon_core.shell:Creating package script '/home/eeavir/tellocontrol/install/own_package/share/own_package/package.bash'
[0.983s] INFO:colcon.colcon_core.shell:Creating package script '/home/eeavir/tellocontrol/install/own_package/share/own_package/package.zsh'
[0.984s] Level 1:colcon.colcon_core.environment:create_file_with_runtime_dependencies(/home/eeavir/tellocontrol/install/own_package/share/colcon-core/packages/own_package)
[0.984s] DEBUG:colcon.colcon_parallel_executor.executor.parallel:closing loop
[0.984s] DEBUG:colcon.colcon_parallel_executor.executor.parallel:loop closed
[0.984s] DEBUG:colcon.colcon_parallel_executor.executor.parallel:run_until_complete finished with '0'
[0.984s] DEBUG:colcon.colcon_core.event_reactor:joining thread
[0.988s] INFO:colcon.colcon_core.plugin_system:Skipping extension 'colcon_notification.desktop_notification.terminal_notifier': Not used on non-Darwin systems
[0.988s] INFO:colcon.colcon_core.plugin_system:Skipping extension 'colcon_notification.desktop_notification.win32': Not used on non-Windows systems
[0.988s] INFO:colcon.colcon_notification.desktop_notification:Sending desktop notification using 'notify2'
[0.999s] DEBUG:colcon.colcon_core.event_reactor:joined thread
[0.999s] INFO:colcon.colcon_core.shell:Creating prefix script '/home/eeavir/tellocontrol/install/local_setup.ps1'
[1.000s] INFO:colcon.colcon_core.shell:Creating prefix util module '/home/eeavir/tellocontrol/install/_local_setup_util_ps1.py'
[1.001s] INFO:colcon.colcon_core.shell:Creating prefix chain script '/home/eeavir/tellocontrol/install/setup.ps1'
[1.002s] INFO:colcon.colcon_core.shell:Creating prefix script '/home/eeavir/tellocontrol/install/local_setup.sh'
[1.003s] INFO:colcon.colcon_core.shell:Creating prefix util module '/home/eeavir/tellocontrol/install/_local_setup_util_sh.py'
[1.003s] INFO:colcon.colcon_core.shell:Creating prefix chain script '/home/eeavir/tellocontrol/install/setup.sh'
[1.004s] INFO:colcon.colcon_core.shell:Creating prefix script '/home/eeavir/tellocontrol/install/local_setup.bash'
[1.004s] INFO:colcon.colcon_core.shell:Creating prefix chain script '/home/eeavir/tellocontrol/install/setup.bash'
[1.005s] INFO:colcon.colcon_core.shell:Creating prefix script '/home/eeavir/tellocontrol/install/local_setup.zsh'
[1.005s] INFO:colcon.colcon_core.shell:Creating prefix chain script '/home/eeavir/tellocontrol/install/setup.zsh'
